[2026-06-11T19:26:21.441+0000] {taskinstance.py:1956} INFO - Dependencies all met for dep_context=non-requeueable deps ti=<TaskInstance: price_intelligence_pipeline.load_bigtable manual__2026-06-11T19:24:51+00:00 [queued]>
[2026-06-11T19:26:21.486+0000] {taskinstance.py:1956} INFO - Dependencies all met for dep_context=requeueable deps ti=<TaskInstance: price_intelligence_pipeline.load_bigtable manual__2026-06-11T19:24:51+00:00 [queued]>
[2026-06-11T19:26:21.490+0000] {taskinstance.py:2170} INFO - Starting attempt 1 of 2
[2026-06-11T19:26:21.579+0000] {taskinstance.py:2191} INFO - Executing <Task(BashOperator): load_bigtable> on 2026-06-11 19:24:51+00:00
[2026-06-11T19:26:21.611+0000] {standard_task_runner.py:60} INFO - Started process 11997 to run task
[2026-06-11T19:26:21.632+0000] {standard_task_runner.py:87} INFO - Running: ['***', 'tasks', 'run', 'price_intelligence_pipeline', 'load_bigtable', 'manual__2026-06-11T19:24:51+00:00', '--job-id', '2025', '--raw', '--subdir', 'DAGS_FOLDER/price_intelligence_dag.py', '--cfg-path', '/tmp/tmpy4n3v8q1']
[2026-06-11T19:26:21.641+0000] {standard_task_runner.py:88} INFO - Job 2025: Subtask load_bigtable
[2026-06-11T19:26:21.956+0000] {task_command.py:423} INFO - Running <TaskInstance: price_intelligence_pipeline.load_bigtable manual__2026-06-11T19:24:51+00:00 [running]> on host 91e0d3a0a233
[2026-06-11T19:26:22.641+0000] {taskinstance.py:2480} INFO - Exporting env vars: AIRFLOW_CTX_DAG_OWNER='***' AIRFLOW_CTX_DAG_ID='price_intelligence_pipeline' AIRFLOW_CTX_TASK_ID='load_bigtable' AIRFLOW_CTX_EXECUTION_DATE='2026-06-11T19:24:51+00:00' AIRFLOW_CTX_TRY_NUMBER='1' AIRFLOW_CTX_DAG_RUN_ID='manual__2026-06-11T19:24:51+00:00'
[2026-06-11T19:26:22.685+0000] {subprocess.py:63} INFO - Tmp dir root location: /tmp
[2026-06-11T19:26:22.754+0000] {subprocess.py:75} INFO - Running command: ['/usr/bin/bash', '-c', '\n            set -e\n            cd /opt/***\n            export GOOGLE_APPLICATION_CREDENTIALS=/opt/***/gcp-credentials-new.json\n            python3 scripts/load_bigtable.py\n            echo Bigtable load done\n        ']
[2026-06-11T19:26:22.805+0000] {subprocess.py:86} INFO - Output:
[2026-06-11T19:41:55.414+0000] {timeout.py:68} ERROR - Process timed out, PID: 11997
[2026-06-11T19:41:55.421+0000] {subprocess.py:104} INFO - Sending SIGTERM signal to process group
[2026-06-11T19:41:55.473+0000] {taskinstance.py:2698} ERROR - Task failed with exception
Traceback (most recent call last):
  File "/home/airflow/.local/lib/python3.8/site-packages/airflow/models/taskinstance.py", line 428, in _execute_task
    result = execute_callable(context=context, **execute_callable_kwargs)
  File "/home/airflow/.local/lib/python3.8/site-packages/airflow/operators/bash.py", line 203, in execute
    result = self.subprocess_hook.run_command(
  File "/home/airflow/.local/lib/python3.8/site-packages/airflow/hooks/subprocess.py", line 91, in run_command
    for raw_line in iter(self.sub_process.stdout.readline, b""):
  File "/home/airflow/.local/lib/python3.8/site-packages/airflow/utils/timeout.py", line 69, in handle_timeout
    raise AirflowTaskTimeout(self.error_message)
airflow.exceptions.AirflowTaskTimeout: Timeout, PID: 11997
[2026-06-11T19:41:55.486+0000] {taskinstance.py:1138} INFO - Marking task as UP_FOR_RETRY. dag_id=price_intelligence_pipeline, task_id=load_bigtable, execution_date=20260611T192451, start_date=20260611T192621, end_date=20260611T194155
[2026-06-11T19:41:55.620+0000] {standard_task_runner.py:107} ERROR - Failed to execute job 2025 for task load_bigtable (Timeout, PID: 11997; 11997)
[2026-06-11T19:41:55.705+0000] {local_task_job_runner.py:234} INFO - Task exited with return code 1
[2026-06-11T19:41:55.768+0000] {taskinstance.py:3280} INFO - 0 downstream tasks scheduled from follow-on schedule check
