[2026-05-05T22:07:41.837+0000] {taskinstance.py:1956} INFO - Dependencies all met for dep_context=non-requeueable deps ti=<TaskInstance: price_intelligence_pipeline.dbt_run manual__2026-05-05T21:34:41.627645+00:00 [queued]>
[2026-05-05T22:07:41.856+0000] {taskinstance.py:1956} INFO - Dependencies all met for dep_context=requeueable deps ti=<TaskInstance: price_intelligence_pipeline.dbt_run manual__2026-05-05T21:34:41.627645+00:00 [queued]>
[2026-05-05T22:07:41.858+0000] {taskinstance.py:2170} INFO - Starting attempt 2 of 2
[2026-05-05T22:07:41.894+0000] {taskinstance.py:2191} INFO - Executing <Task(BashOperator): dbt_run> on 2026-05-05 21:34:41.627645+00:00
[2026-05-05T22:07:41.905+0000] {standard_task_runner.py:60} INFO - Started process 9006 to run task
[2026-05-05T22:07:41.912+0000] {standard_task_runner.py:87} INFO - Running: ['***', 'tasks', 'run', 'price_intelligence_pipeline', 'dbt_run', 'manual__2026-05-05T21:34:41.627645+00:00', '--job-id', '445', '--raw', '--subdir', 'DAGS_FOLDER/price_intelligence_dag.py', '--cfg-path', '/tmp/tmpkg3eiak9']
[2026-05-05T22:07:41.918+0000] {standard_task_runner.py:88} INFO - Job 445: Subtask dbt_run
[2026-05-05T22:07:42.127+0000] {task_command.py:423} INFO - Running <TaskInstance: price_intelligence_pipeline.dbt_run manual__2026-05-05T21:34:41.627645+00:00 [running]> on host 25ef6dfa8bdc
[2026-05-05T22:07:42.323+0000] {taskinstance.py:2480} INFO - Exporting env vars: AIRFLOW_CTX_DAG_OWNER='***' AIRFLOW_CTX_DAG_ID='price_intelligence_pipeline' AIRFLOW_CTX_TASK_ID='dbt_run' AIRFLOW_CTX_EXECUTION_DATE='2026-05-05T21:34:41.627645+00:00' AIRFLOW_CTX_TRY_NUMBER='2' AIRFLOW_CTX_DAG_RUN_ID='manual__2026-05-05T21:34:41.627645+00:00'
[2026-05-05T22:07:42.326+0000] {subprocess.py:63} INFO - Tmp dir root location: /tmp
[2026-05-05T22:07:42.329+0000] {subprocess.py:75} INFO - Running command: ['/usr/bin/bash', '-c', '\n            set -e\n            cd /opt/***/dbt\n            export GOOGLE_APPLICATION_CREDENTIALS=/opt/***/gcp-credentials-new.json\n            dbt run --select stg_prices --profiles-dir . --project-dir .\n            dbt run --select prices_cleaned --profiles-dir . --project-dir .\n            dbt run --select prices_aggregated --profiles-dir . --project-dir .\n            echo dbt done\n        ']
[2026-05-05T22:07:42.352+0000] {subprocess.py:86} INFO - Output:
[2026-05-05T22:07:47.366+0000] {subprocess.py:93} INFO - [0m22:07:47  Running with dbt=1.8.7
[2026-05-05T22:07:47.379+0000] {subprocess.py:93} INFO - [0m22:07:47  Encountered an error:
[2026-05-05T22:07:47.380+0000] {subprocess.py:93} INFO - Runtime Error
[2026-05-05T22:07:47.382+0000] {subprocess.py:93} INFO -   No dbt_project.yml found at expected path ./dbt_project.yml
[2026-05-05T22:07:47.384+0000] {subprocess.py:93} INFO -   Verify that each entry within packages.yml (and their transitive dependencies) contains a file named dbt_project.yml
[2026-05-05T22:07:47.385+0000] {subprocess.py:93} INFO - 
[2026-05-05T22:07:52.732+0000] {subprocess.py:97} INFO - Command exited with return code 2
[2026-05-05T22:07:52.765+0000] {taskinstance.py:2698} ERROR - Task failed with exception
Traceback (most recent call last):
  File "/home/airflow/.local/lib/python3.8/site-packages/airflow/models/taskinstance.py", line 428, in _execute_task
    result = execute_callable(context=context, **execute_callable_kwargs)
  File "/home/airflow/.local/lib/python3.8/site-packages/airflow/operators/bash.py", line 212, in execute
    raise AirflowException(
airflow.exceptions.AirflowException: Bash command failed. The command returned a non-zero exit code 2.
[2026-05-05T22:07:52.772+0000] {taskinstance.py:1138} INFO - Marking task as FAILED. dag_id=price_intelligence_pipeline, task_id=dbt_run, execution_date=20260505T213441, start_date=20260505T220741, end_date=20260505T220752
[2026-05-05T22:07:52.798+0000] {standard_task_runner.py:107} ERROR - Failed to execute job 445 for task dbt_run (Bash command failed. The command returned a non-zero exit code 2.; 9006)
[2026-05-05T22:07:52.818+0000] {local_task_job_runner.py:234} INFO - Task exited with return code 1
[2026-05-05T22:07:52.863+0000] {taskinstance.py:3280} INFO - 0 downstream tasks scheduled from follow-on schedule check
