[2026-05-22T11:43:15.655+0000] {taskinstance.py:1956} INFO - Dependencies all met for dep_context=non-requeueable deps ti=<TaskInstance: price_intelligence_pipeline.dbt_run scheduled__2026-05-22T10:00:00+00:00 [queued]>
[2026-05-22T11:43:15.673+0000] {taskinstance.py:1956} INFO - Dependencies all met for dep_context=requeueable deps ti=<TaskInstance: price_intelligence_pipeline.dbt_run scheduled__2026-05-22T10:00:00+00:00 [queued]>
[2026-05-22T11:43:15.674+0000] {taskinstance.py:2170} INFO - Starting attempt 1 of 2
[2026-05-22T11:43:15.704+0000] {taskinstance.py:2191} INFO - Executing <Task(BashOperator): dbt_run> on 2026-05-22 10:00:00+00:00
[2026-05-22T11:43:15.712+0000] {standard_task_runner.py:60} INFO - Started process 75086 to run task
[2026-05-22T11:43:15.719+0000] {standard_task_runner.py:87} INFO - Running: ['***', 'tasks', 'run', 'price_intelligence_pipeline', 'dbt_run', 'scheduled__2026-05-22T10:00:00+00:00', '--job-id', '1706', '--raw', '--subdir', 'DAGS_FOLDER/price_intelligence_dag.py', '--cfg-path', '/tmp/tmpy0xi0orp']
[2026-05-22T11:43:15.724+0000] {standard_task_runner.py:88} INFO - Job 1706: Subtask dbt_run
[2026-05-22T11:43:15.855+0000] {task_command.py:423} INFO - Running <TaskInstance: price_intelligence_pipeline.dbt_run scheduled__2026-05-22T10:00:00+00:00 [running]> on host 91e0d3a0a233
[2026-05-22T11:43:16.059+0000] {taskinstance.py:2480} INFO - Exporting env vars: AIRFLOW_CTX_DAG_OWNER='***' AIRFLOW_CTX_DAG_ID='price_intelligence_pipeline' AIRFLOW_CTX_TASK_ID='dbt_run' AIRFLOW_CTX_EXECUTION_DATE='2026-05-22T10:00:00+00:00' AIRFLOW_CTX_TRY_NUMBER='1' AIRFLOW_CTX_DAG_RUN_ID='scheduled__2026-05-22T10:00:00+00:00'
[2026-05-22T11:43:16.062+0000] {subprocess.py:63} INFO - Tmp dir root location: /tmp
[2026-05-22T11:43:16.069+0000] {subprocess.py:75} INFO - Running command: ['/usr/bin/bash', '-c', '\n            set -e\n            cd /opt/***/dbt\n            export GOOGLE_APPLICATION_CREDENTIALS=/opt/***/gcp-credentials-new.json\n            /home/***/.local/bin/dbt run --full-refresh --profiles-dir . --project-dir .\n            echo dbt done\n        ']
[2026-05-22T11:43:16.090+0000] {subprocess.py:86} INFO - Output:
[2026-05-22T11:43:22.114+0000] {subprocess.py:93} INFO - [0m11:43:22  Running with dbt=1.8.7
[2026-05-22T11:43:24.336+0000] {subprocess.py:93} INFO - [0m11:43:24  Registered adapter: bigquery=1.8.3
[2026-05-22T11:43:25.729+0000] {subprocess.py:93} INFO - [0m11:43:25  Found 3 models, 1 seed, 7 data tests, 1 source, 479 macros
[2026-05-22T11:43:25.738+0000] {subprocess.py:93} INFO - [0m11:43:25
[2026-05-22T11:43:28.240+0000] {subprocess.py:93} INFO - [0m11:43:28  Concurrency: 4 threads (target='dev')
[2026-05-22T11:43:28.242+0000] {subprocess.py:93} INFO - [0m11:43:28
[2026-05-22T11:43:28.261+0000] {subprocess.py:93} INFO - [0m11:43:28  1 of 3 START sql view model price_intelligence_dbt.stg_prices .................. [RUN]
[2026-05-22T11:43:31.537+0000] {subprocess.py:93} INFO - [0m11:43:31  1 of 3 OK created sql view model price_intelligence_dbt.stg_prices ............. [[32mCREATE VIEW (0 processed)[0m in 3.27s]
[2026-05-22T11:43:31.544+0000] {subprocess.py:93} INFO - [0m11:43:31  2 of 3 START sql table model price_intelligence_dbt.prices_cleaned ............. [RUN]
[2026-05-22T11:43:36.352+0000] {subprocess.py:93} INFO - [0m11:43:36  2 of 3 OK created sql table model price_intelligence_dbt.prices_cleaned ........ [[32mCREATE TABLE (5.0k rows, 2.6 MiB processed)[0m in 4.80s]
[2026-05-22T11:43:36.361+0000] {subprocess.py:93} INFO - [0m11:43:36  3 of 3 START sql table model price_intelligence_dbt.prices_aggregated .......... [RUN]
[2026-05-22T11:43:41.813+0000] {subprocess.py:93} INFO - [0m11:43:41  3 of 3 OK created sql table model price_intelligence_dbt.prices_aggregated ..... [[32mCREATE TABLE (11.0 rows, 231.8 KiB processed)[0m in 5.44s]
[2026-05-22T11:43:41.849+0000] {subprocess.py:93} INFO - [0m11:43:41
[2026-05-22T11:43:41.857+0000] {subprocess.py:93} INFO - [0m11:43:41  Finished running 1 view model, 2 table models in 0 hours 0 minutes and 16.11 seconds (16.11s).
[2026-05-22T11:43:42.113+0000] {subprocess.py:93} INFO - [0m11:43:42
[2026-05-22T11:43:42.115+0000] {subprocess.py:93} INFO - [0m11:43:42  [32mCompleted successfully[0m
[2026-05-22T11:43:42.117+0000] {subprocess.py:93} INFO - [0m11:43:42
[2026-05-22T11:43:42.121+0000] {subprocess.py:93} INFO - [0m11:43:42  Done. PASS=3 WARN=0 ERROR=0 SKIP=0 TOTAL=3
[2026-05-22T11:43:46.853+0000] {subprocess.py:93} INFO - dbt done
[2026-05-22T11:43:46.864+0000] {subprocess.py:97} INFO - Command exited with return code 0
[2026-05-22T11:43:46.939+0000] {taskinstance.py:1138} INFO - Marking task as SUCCESS. dag_id=price_intelligence_pipeline, task_id=dbt_run, execution_date=20260522T100000, start_date=20260522T114315, end_date=20260522T114346
[2026-05-22T11:43:47.011+0000] {local_task_job_runner.py:234} INFO - Task exited with return code 0
[2026-05-22T11:43:47.076+0000] {taskinstance.py:3280} INFO - 1 downstream tasks scheduled from follow-on schedule check
