[2026-05-05T12:04:54.524+0000] {taskinstance.py:1956} INFO - Dependencies all met for dep_context=non-requeueable deps ti=<TaskInstance: price_intelligence_pipeline.load_bigtable scheduled__2026-05-04T08:00:00+00:00 [queued]>
[2026-05-05T12:04:54.594+0000] {taskinstance.py:1956} INFO - Dependencies all met for dep_context=requeueable deps ti=<TaskInstance: price_intelligence_pipeline.load_bigtable scheduled__2026-05-04T08:00:00+00:00 [queued]>
[2026-05-05T12:04:54.604+0000] {taskinstance.py:2170} INFO - Starting attempt 1 of 3
[2026-05-05T12:04:54.767+0000] {taskinstance.py:2191} INFO - Executing <Task(PythonOperator): load_bigtable> on 2026-05-04 08:00:00+00:00
[2026-05-05T12:04:54.821+0000] {standard_task_runner.py:60} INFO - Started process 28531 to run task
[2026-05-05T12:04:54.828+0000] {standard_task_runner.py:87} INFO - Running: ['***', 'tasks', 'run', 'price_intelligence_pipeline', 'load_bigtable', 'scheduled__2026-05-04T08:00:00+00:00', '--job-id', '171', '--raw', '--subdir', 'DAGS_FOLDER/price_intelligence_dag.py', '--cfg-path', '/tmp/tmp9pc7g7o1']
[2026-05-05T12:04:54.858+0000] {standard_task_runner.py:88} INFO - Job 171: Subtask load_bigtable
[2026-05-05T12:04:55.560+0000] {task_command.py:423} INFO - Running <TaskInstance: price_intelligence_pipeline.load_bigtable scheduled__2026-05-04T08:00:00+00:00 [running]> on host 25ef6dfa8bdc
[2026-05-05T12:04:56.122+0000] {taskinstance.py:2480} INFO - Exporting env vars: AIRFLOW_CTX_DAG_OWNER='price_intelligence' AIRFLOW_CTX_DAG_ID='price_intelligence_pipeline' AIRFLOW_CTX_TASK_ID='load_bigtable' AIRFLOW_CTX_EXECUTION_DATE='2026-05-04T08:00:00+00:00' AIRFLOW_CTX_TRY_NUMBER='1' AIRFLOW_CTX_DAG_RUN_ID='scheduled__2026-05-04T08:00:00+00:00'
[2026-05-05T12:04:56.264+0000] {_default.py:683} WARNING - No project ID could be determined. Consider running `gcloud config set project` or setting the GOOGLE_CLOUD_PROJECT environment variable
[2026-05-05T12:04:57.230+0000] {logging_mixin.py:188} INFO - 📦 Traitement jumia_ma: 4803 produits...
[2026-05-05T12:05:17.064+0000] {logging_mixin.py:188} INFO -   ✅ Batch de 500 produits envoyé!
[2026-05-05T12:05:27.943+0000] {logging_mixin.py:188} INFO -   ✅ Batch de 500 produits envoyé!
[2026-05-05T12:05:39.239+0000] {logging_mixin.py:188} INFO -   ✅ Batch de 500 produits envoyé!
[2026-05-05T12:05:50.684+0000] {logging_mixin.py:188} INFO -   ✅ Batch de 500 produits envoyé!
[2026-05-05T12:05:59.351+0000] {logging_mixin.py:188} INFO -   ✅ Batch de 500 produits envoyé!
[2026-05-05T12:06:06.190+0000] {logging_mixin.py:188} INFO -   ✅ Batch de 500 produits envoyé!
[2026-05-05T12:06:14.017+0000] {logging_mixin.py:188} INFO -   ✅ Batch de 500 produits envoyé!
[2026-05-05T12:06:20.028+0000] {logging_mixin.py:188} INFO -   ✅ Batch de 500 produits envoyé!
[2026-05-05T12:06:28.372+0000] {logging_mixin.py:188} INFO -   ✅ Batch de 500 produits envoyé!
[2026-05-05T12:06:29.429+0000] {logging_mixin.py:188} INFO - 📦 Traitement avito_ma: 1710 produits...
[2026-05-05T12:06:37.383+0000] {logging_mixin.py:188} INFO -   ✅ Batch de 500 produits envoyé!
[2026-05-05T12:06:43.278+0000] {logging_mixin.py:188} INFO -   ✅ Batch de 500 produits envoyé!
[2026-05-05T12:06:49.136+0000] {logging_mixin.py:188} INFO -   ✅ Batch de 500 produits envoyé!
[2026-05-05T12:06:56.131+0000] {logging_mixin.py:188} INFO -   ✅ Batch de 500 produits envoyé!
[2026-05-05T12:06:56.268+0000] {logging_mixin.py:188} INFO - 📦 Traitement amazon_ma: 794 produits...
[2026-05-05T12:07:05.656+0000] {logging_mixin.py:188} INFO -   ✅ Batch de 500 produits envoyé!
[2026-05-05T12:07:05.989+0000] {logging_mixin.py:188} INFO - 📦 Traitement electroplanet_ma: 179 produits...
[2026-05-05T12:07:12.661+0000] {logging_mixin.py:188} INFO -   ✅ Batch de 486 produits envoyé!
[2026-05-05T12:07:12.663+0000] {logging_mixin.py:188} INFO - 
✅ TOTAL: 7486 produits chargés dans Bigtable!
[2026-05-05T12:07:12.664+0000] {logging_mixin.py:188} INFO -    Column families: price_cf ✅ metadata_cf ✅ agg_cf ✅
[2026-05-05T12:07:12.665+0000] {logging_mixin.py:188} INFO -    Row key format: product_id#timestamp ✅
[2026-05-05T12:07:12.690+0000] {python.py:201} INFO - Done. Returned value was: 7486
[2026-05-05T12:07:12.827+0000] {taskinstance.py:1138} INFO - Marking task as SUCCESS. dag_id=price_intelligence_pipeline, task_id=load_bigtable, execution_date=20260504T080000, start_date=20260505T120454, end_date=20260505T120712
[2026-05-05T12:07:12.957+0000] {local_task_job_runner.py:234} INFO - Task exited with return code 0
[2026-05-05T12:07:13.091+0000] {taskinstance.py:3280} INFO - 1 downstream tasks scheduled from follow-on schedule check
