[2026-05-13T22:01:38.039+0000] {taskinstance.py:1956} INFO - Dependencies all met for dep_context=non-requeueable deps ti=<TaskInstance: price_intelligence_pipeline.dbt_run scheduled__2026-05-13T21:00:00+00:00 [queued]>
[2026-05-13T22:01:38.082+0000] {taskinstance.py:1956} INFO - Dependencies all met for dep_context=requeueable deps ti=<TaskInstance: price_intelligence_pipeline.dbt_run scheduled__2026-05-13T21:00:00+00:00 [queued]>
[2026-05-13T22:01:38.085+0000] {taskinstance.py:2170} INFO - Starting attempt 1 of 2
[2026-05-13T22:01:38.166+0000] {taskinstance.py:2191} INFO - Executing <Task(BashOperator): dbt_run> on 2026-05-13 21:00:00+00:00
[2026-05-13T22:01:38.181+0000] {standard_task_runner.py:60} INFO - Started process 20404 to run task
[2026-05-13T22:01:38.197+0000] {standard_task_runner.py:87} INFO - Running: ['***', 'tasks', 'run', 'price_intelligence_pipeline', 'dbt_run', 'scheduled__2026-05-13T21:00:00+00:00', '--job-id', '1119', '--raw', '--subdir', 'DAGS_FOLDER/price_intelligence_dag.py', '--cfg-path', '/tmp/tmp7ja8hsxs']
[2026-05-13T22:01:38.203+0000] {standard_task_runner.py:88} INFO - Job 1119: Subtask dbt_run
[2026-05-13T22:01:38.468+0000] {task_command.py:423} INFO - Running <TaskInstance: price_intelligence_pipeline.dbt_run scheduled__2026-05-13T21:00:00+00:00 [running]> on host 91e0d3a0a233
[2026-05-13T22:01:38.863+0000] {taskinstance.py:2480} INFO - Exporting env vars: AIRFLOW_CTX_DAG_OWNER='***' AIRFLOW_CTX_DAG_ID='price_intelligence_pipeline' AIRFLOW_CTX_TASK_ID='dbt_run' AIRFLOW_CTX_EXECUTION_DATE='2026-05-13T21:00:00+00:00' AIRFLOW_CTX_TRY_NUMBER='1' AIRFLOW_CTX_DAG_RUN_ID='scheduled__2026-05-13T21:00:00+00:00'
[2026-05-13T22:01:38.866+0000] {subprocess.py:63} INFO - Tmp dir root location: /tmp
[2026-05-13T22:01:38.869+0000] {subprocess.py:75} INFO - Running command: ['/usr/bin/bash', '-c', '\n            set -e\n            cd /opt/***/dbt\n            export GOOGLE_APPLICATION_CREDENTIALS=/opt/***/gcp-credentials-new.json\n            /home/***/.local/bin/dbt run --full-refresh --profiles-dir . --project-dir .\n            echo dbt done\n        ']
[2026-05-13T22:01:38.892+0000] {subprocess.py:86} INFO - Output:
[2026-05-13T22:01:46.856+0000] {subprocess.py:93} INFO - [0m22:01:46  Running with dbt=1.8.7
[2026-05-13T22:01:50.979+0000] {subprocess.py:93} INFO - [0m22:01:50  Registered adapter: bigquery=1.8.3
[2026-05-13T22:01:54.014+0000] {subprocess.py:93} INFO - [0m22:01:54  Found 3 models, 1 seed, 7 data tests, 1 source, 479 macros
[2026-05-13T22:01:54.023+0000] {subprocess.py:93} INFO - [0m22:01:54
[2026-05-13T22:01:57.216+0000] {subprocess.py:93} INFO - [0m22:01:57  Concurrency: 4 threads (target='dev')
[2026-05-13T22:01:57.218+0000] {subprocess.py:93} INFO - [0m22:01:57
[2026-05-13T22:01:57.243+0000] {subprocess.py:93} INFO - [0m22:01:57  1 of 3 START sql view model price_intelligence_dbt.stg_prices .................. [RUN]
[2026-05-13T22:01:59.827+0000] {subprocess.py:93} INFO - [0m22:01:59  1 of 3 OK created sql view model price_intelligence_dbt.stg_prices ............. [[32mCREATE VIEW (0 processed)[0m in 2.58s]
[2026-05-13T22:01:59.833+0000] {subprocess.py:93} INFO - [0m22:01:59  2 of 3 START sql table model price_intelligence_dbt.prices_cleaned ............. [RUN]
[2026-05-13T22:02:05.275+0000] {subprocess.py:93} INFO - [0m22:02:05  2 of 3 OK created sql table model price_intelligence_dbt.prices_cleaned ........ [[32mCREATE TABLE (5.0k rows, 2.6 MiB processed)[0m in 5.43s]
[2026-05-13T22:02:05.286+0000] {subprocess.py:93} INFO - [0m22:02:05  3 of 3 START sql table model price_intelligence_dbt.prices_aggregated .......... [RUN]
[2026-05-13T22:02:10.241+0000] {subprocess.py:93} INFO - [0m22:02:10  3 of 3 OK created sql table model price_intelligence_dbt.prices_aggregated ..... [[32mCREATE TABLE (11.0 rows, 231.8 KiB processed)[0m in 4.94s]
[2026-05-13T22:02:10.310+0000] {subprocess.py:93} INFO - [0m22:02:10
[2026-05-13T22:02:10.315+0000] {subprocess.py:93} INFO - [0m22:02:10  Finished running 1 view model, 2 table models in 0 hours 0 minutes and 16.28 seconds (16.28s).
[2026-05-13T22:02:10.634+0000] {subprocess.py:93} INFO - [0m22:02:10
[2026-05-13T22:02:10.637+0000] {subprocess.py:93} INFO - [0m22:02:10  [32mCompleted successfully[0m
[2026-05-13T22:02:10.639+0000] {subprocess.py:93} INFO - [0m22:02:10
[2026-05-13T22:02:10.641+0000] {subprocess.py:93} INFO - [0m22:02:10  Done. PASS=3 WARN=0 ERROR=0 SKIP=0 TOTAL=3
[2026-05-13T22:02:15.514+0000] {subprocess.py:93} INFO - dbt done
[2026-05-13T22:02:15.528+0000] {subprocess.py:97} INFO - Command exited with return code 0
[2026-05-13T22:02:15.615+0000] {taskinstance.py:1138} INFO - Marking task as SUCCESS. dag_id=price_intelligence_pipeline, task_id=dbt_run, execution_date=20260513T210000, start_date=20260513T220138, end_date=20260513T220215
[2026-05-13T22:02:15.680+0000] {local_task_job_runner.py:234} INFO - Task exited with return code 0
[2026-05-13T22:02:15.752+0000] {taskinstance.py:3280} INFO - 1 downstream tasks scheduled from follow-on schedule check
