[2026-05-07T21:53:06.999+0000] {taskinstance.py:1956} INFO - Dependencies all met for dep_context=non-requeueable deps ti=<TaskInstance: price_intelligence_pipeline.scrape_electroplanet scheduled__2026-05-07T16:00:00+00:00 [queued]>
[2026-05-07T21:53:07.021+0000] {taskinstance.py:1956} INFO - Dependencies all met for dep_context=requeueable deps ti=<TaskInstance: price_intelligence_pipeline.scrape_electroplanet scheduled__2026-05-07T16:00:00+00:00 [queued]>
[2026-05-07T21:53:07.022+0000] {taskinstance.py:2170} INFO - Starting attempt 1 of 2
[2026-05-07T21:53:07.067+0000] {taskinstance.py:2191} INFO - Executing <Task(BashOperator): scrape_electroplanet> on 2026-05-07 16:00:00+00:00
[2026-05-07T21:53:07.079+0000] {standard_task_runner.py:60} INFO - Started process 195 to run task
[2026-05-07T21:53:07.091+0000] {standard_task_runner.py:87} INFO - Running: ['***', 'tasks', 'run', 'price_intelligence_pipeline', 'scrape_electroplanet', 'scheduled__2026-05-07T16:00:00+00:00', '--job-id', '689', '--raw', '--subdir', 'DAGS_FOLDER/price_intelligence_dag.py', '--cfg-path', '/tmp/tmpg6b54uvo']
[2026-05-07T21:53:07.106+0000] {standard_task_runner.py:88} INFO - Job 689: Subtask scrape_electroplanet
[2026-05-07T21:53:07.297+0000] {task_command.py:423} INFO - Running <TaskInstance: price_intelligence_pipeline.scrape_electroplanet scheduled__2026-05-07T16:00:00+00:00 [running]> on host 25ef6dfa8bdc
[2026-05-07T21:53:07.623+0000] {taskinstance.py:2480} INFO - Exporting env vars: AIRFLOW_CTX_DAG_OWNER='***' AIRFLOW_CTX_DAG_ID='price_intelligence_pipeline' AIRFLOW_CTX_TASK_ID='scrape_electroplanet' AIRFLOW_CTX_EXECUTION_DATE='2026-05-07T16:00:00+00:00' AIRFLOW_CTX_TRY_NUMBER='1' AIRFLOW_CTX_DAG_RUN_ID='scheduled__2026-05-07T16:00:00+00:00'
[2026-05-07T21:53:07.626+0000] {subprocess.py:63} INFO - Tmp dir root location: /tmp
[2026-05-07T21:53:07.630+0000] {subprocess.py:75} INFO - Running command: ['/usr/bin/bash', '-c', '\n            cd /opt/***\n            mkdir -p data/raw\n            export DISPLAY=:99\n            python3 scrapers/spiders/electroplanet_ma.py || echo "Electroplanet done with warnings"\n        ']
[2026-05-07T21:53:07.658+0000] {subprocess.py:86} INFO - Output:
[2026-05-07T21:53:12.897+0000] {subprocess.py:93} INFO - 
[2026-05-07T21:53:12.898+0000] {subprocess.py:93} INFO - [Electroplanet] Scraping : smartphones
[2026-05-07T21:53:12.913+0000] {subprocess.py:93} INFO - Traceback (most recent call last):
[2026-05-07T21:53:12.915+0000] {subprocess.py:93} INFO -   File "/home/***/.local/lib/python3.8/site-packages/urllib3/connection.py", line 174, in _new_conn
[2026-05-07T21:53:12.916+0000] {subprocess.py:93} INFO -     conn = connection.create_connection(
[2026-05-07T21:53:12.917+0000] {subprocess.py:93} INFO -   File "/home/***/.local/lib/python3.8/site-packages/urllib3/util/connection.py", line 72, in create_connection
[2026-05-07T21:53:12.918+0000] {subprocess.py:93} INFO -     for res in socket.getaddrinfo(host, port, family, socket.SOCK_STREAM):
[2026-05-07T21:53:12.919+0000] {subprocess.py:93} INFO -   File "/usr/local/lib/python3.8/socket.py", line 918, in getaddrinfo
[2026-05-07T21:53:12.923+0000] {subprocess.py:93} INFO -     for res in _socket.getaddrinfo(host, port, family, type, proto, flags):
[2026-05-07T21:53:12.924+0000] {subprocess.py:93} INFO - socket.gaierror: [Errno -5] No address associated with hostname
[2026-05-07T21:53:12.925+0000] {subprocess.py:93} INFO - 
[2026-05-07T21:53:12.926+0000] {subprocess.py:93} INFO - During handling of the above exception, another exception occurred:
[2026-05-07T21:53:12.927+0000] {subprocess.py:93} INFO - 
[2026-05-07T21:53:12.928+0000] {subprocess.py:93} INFO - Traceback (most recent call last):
[2026-05-07T21:53:12.929+0000] {subprocess.py:93} INFO -   File "/home/***/.local/lib/python3.8/site-packages/urllib3/connectionpool.py", line 715, in urlopen
[2026-05-07T21:53:12.930+0000] {subprocess.py:93} INFO -     httplib_response = self._make_request(
[2026-05-07T21:53:12.931+0000] {subprocess.py:93} INFO -   File "/home/***/.local/lib/python3.8/site-packages/urllib3/connectionpool.py", line 404, in _make_request
[2026-05-07T21:53:12.932+0000] {subprocess.py:93} INFO -     self._validate_conn(conn)
[2026-05-07T21:53:12.934+0000] {subprocess.py:93} INFO -   File "/home/***/.local/lib/python3.8/site-packages/urllib3/connectionpool.py", line 1058, in _validate_conn
[2026-05-07T21:53:12.935+0000] {subprocess.py:93} INFO -     conn.connect()
[2026-05-07T21:53:12.936+0000] {subprocess.py:93} INFO -   File "/home/***/.local/lib/python3.8/site-packages/urllib3/connection.py", line 363, in connect
[2026-05-07T21:53:12.937+0000] {subprocess.py:93} INFO -     self.sock = conn = self._new_conn()
[2026-05-07T21:53:12.938+0000] {subprocess.py:93} INFO -   File "/home/***/.local/lib/python3.8/site-packages/urllib3/connection.py", line 186, in _new_conn
[2026-05-07T21:53:12.941+0000] {subprocess.py:93} INFO -     raise NewConnectionError(
[2026-05-07T21:53:12.942+0000] {subprocess.py:93} INFO - urllib3.exceptions.NewConnectionError: <urllib3.connection.HTTPSConnection object at 0x7acaaa220580>: Failed to establish a new connection: [Errno -5] No address associated with hostname
[2026-05-07T21:53:12.943+0000] {subprocess.py:93} INFO - 
[2026-05-07T21:53:12.944+0000] {subprocess.py:93} INFO - During handling of the above exception, another exception occurred:
[2026-05-07T21:53:12.945+0000] {subprocess.py:93} INFO - 
[2026-05-07T21:53:12.946+0000] {subprocess.py:93} INFO - Traceback (most recent call last):
[2026-05-07T21:53:12.947+0000] {subprocess.py:93} INFO -   File "/home/***/.local/lib/python3.8/site-packages/requests/adapters.py", line 486, in send
[2026-05-07T21:53:12.948+0000] {subprocess.py:93} INFO -     resp = conn.urlopen(
[2026-05-07T21:53:12.949+0000] {subprocess.py:93} INFO -   File "/home/***/.local/lib/python3.8/site-packages/urllib3/connectionpool.py", line 799, in urlopen
[2026-05-07T21:53:12.951+0000] {subprocess.py:93} INFO -     retries = retries.increment(
[2026-05-07T21:53:12.952+0000] {subprocess.py:93} INFO -   File "/home/***/.local/lib/python3.8/site-packages/urllib3/util/retry.py", line 592, in increment
[2026-05-07T21:53:12.953+0000] {subprocess.py:93} INFO -     raise MaxRetryError(_pool, url, error or ResponseError(cause))
[2026-05-07T21:53:12.954+0000] {subprocess.py:93} INFO - urllib3.exceptions.MaxRetryError: HTTPSConnectionPool(host='chromedriver.storage.googleapis.com', port=443): Max retries exceeded with url: /LATEST_RELEASE (Caused by NewConnectionError('<urllib3.connection.HTTPSConnection object at 0x7acaaa220580>: Failed to establish a new connection: [Errno -5] No address associated with hostname'))
[2026-05-07T21:53:12.955+0000] {subprocess.py:93} INFO - 
[2026-05-07T21:53:12.956+0000] {subprocess.py:93} INFO - During handling of the above exception, another exception occurred:
[2026-05-07T21:53:12.957+0000] {subprocess.py:93} INFO - 
[2026-05-07T21:53:12.958+0000] {subprocess.py:93} INFO - Traceback (most recent call last):
[2026-05-07T21:53:12.959+0000] {subprocess.py:93} INFO -   File "/home/***/.local/lib/python3.8/site-packages/webdriver_manager/core/http.py", line 32, in get
[2026-05-07T21:53:12.961+0000] {subprocess.py:93} INFO -     resp = requests.get(
[2026-05-07T21:53:12.962+0000] {subprocess.py:93} INFO -   File "/home/***/.local/lib/python3.8/site-packages/requests/api.py", line 73, in get
[2026-05-07T21:53:12.964+0000] {subprocess.py:93} INFO -     return request("get", url, params=params, **kwargs)
[2026-05-07T21:53:12.965+0000] {subprocess.py:93} INFO -   File "/home/***/.local/lib/python3.8/site-packages/requests/api.py", line 59, in request
[2026-05-07T21:53:12.967+0000] {subprocess.py:93} INFO -     return session.request(method=method, url=url, **kwargs)
[2026-05-07T21:53:12.968+0000] {subprocess.py:93} INFO -   File "/home/***/.local/lib/python3.8/site-packages/requests/sessions.py", line 589, in request
[2026-05-07T21:53:12.969+0000] {subprocess.py:93} INFO -     resp = self.send(prep, **send_kwargs)
[2026-05-07T21:53:12.971+0000] {subprocess.py:93} INFO -   File "/home/***/.local/lib/python3.8/site-packages/requests/sessions.py", line 703, in send
[2026-05-07T21:53:12.972+0000] {subprocess.py:93} INFO -     r = adapter.send(request, **kwargs)
[2026-05-07T21:53:12.973+0000] {subprocess.py:93} INFO -   File "/home/***/.local/lib/python3.8/site-packages/requests/adapters.py", line 519, in send
[2026-05-07T21:53:12.975+0000] {subprocess.py:93} INFO -     raise ConnectionError(e, request=request)
[2026-05-07T21:53:12.976+0000] {subprocess.py:93} INFO - requests.exceptions.ConnectionError: HTTPSConnectionPool(host='chromedriver.storage.googleapis.com', port=443): Max retries exceeded with url: /LATEST_RELEASE (Caused by NewConnectionError('<urllib3.connection.HTTPSConnection object at 0x7acaaa220580>: Failed to establish a new connection: [Errno -5] No address associated with hostname'))
[2026-05-07T21:53:12.978+0000] {subprocess.py:93} INFO - 
[2026-05-07T21:53:12.979+0000] {subprocess.py:93} INFO - During handling of the above exception, another exception occurred:
[2026-05-07T21:53:12.980+0000] {subprocess.py:93} INFO - 
[2026-05-07T21:53:12.982+0000] {subprocess.py:93} INFO - Traceback (most recent call last):
[2026-05-07T21:53:12.983+0000] {subprocess.py:93} INFO -   File "scrapers/spiders/electroplanet_ma.py", line 162, in <module>
[2026-05-07T21:53:12.984+0000] {subprocess.py:93} INFO -     scrape_electroplanet()
[2026-05-07T21:53:12.986+0000] {subprocess.py:93} INFO -   File "scrapers/spiders/electroplanet_ma.py", line 73, in scrape_electroplanet
[2026-05-07T21:53:12.987+0000] {subprocess.py:93} INFO -     driver = get_driver()
[2026-05-07T21:53:12.988+0000] {subprocess.py:93} INFO -   File "scrapers/spiders/electroplanet_ma.py", line 63, in get_driver
[2026-05-07T21:53:12.989+0000] {subprocess.py:93} INFO -     return webdriver.Chrome(service=Service(ChromeDriverManager().install()), options=opts)
[2026-05-07T21:53:12.991+0000] {subprocess.py:93} INFO -   File "/home/***/.local/lib/python3.8/site-packages/webdriver_manager/chrome.py", line 40, in install
[2026-05-07T21:53:12.992+0000] {subprocess.py:93} INFO -     driver_path = self._get_driver_binary_path(self.driver)
[2026-05-07T21:53:12.993+0000] {subprocess.py:93} INFO -   File "/home/***/.local/lib/python3.8/site-packages/webdriver_manager/core/manager.py", line 40, in _get_driver_binary_path
[2026-05-07T21:53:13.001+0000] {subprocess.py:93} INFO -     file = self._download_manager.download_file(driver.get_driver_download_url(os_type))
[2026-05-07T21:53:13.002+0000] {subprocess.py:93} INFO -   File "/home/***/.local/lib/python3.8/site-packages/webdriver_manager/drivers/chrome.py", line 32, in get_driver_download_url
[2026-05-07T21:53:13.003+0000] {subprocess.py:93} INFO -     driver_version_to_download = self.get_driver_version_to_download()
[2026-05-07T21:53:13.005+0000] {subprocess.py:93} INFO -   File "/home/***/.local/lib/python3.8/site-packages/webdriver_manager/core/driver.py", line 48, in get_driver_version_to_download
[2026-05-07T21:53:13.006+0000] {subprocess.py:93} INFO -     return self.get_latest_release_version()
[2026-05-07T21:53:13.008+0000] {subprocess.py:93} INFO -   File "/home/***/.local/lib/python3.8/site-packages/webdriver_manager/drivers/chrome.py", line 70, in get_latest_release_version
[2026-05-07T21:53:13.010+0000] {subprocess.py:93} INFO -     resp = self._http_client.get(url=latest_release_url)
[2026-05-07T21:53:13.011+0000] {subprocess.py:93} INFO -   File "/home/***/.local/lib/python3.8/site-packages/webdriver_manager/core/http.py", line 35, in get
[2026-05-07T21:53:13.013+0000] {subprocess.py:93} INFO -     raise exceptions.ConnectionError(f"Could not reach host. Are you offline?")
[2026-05-07T21:53:13.014+0000] {subprocess.py:93} INFO - requests.exceptions.ConnectionError: Could not reach host. Are you offline?
[2026-05-07T21:53:13.016+0000] {subprocess.py:93} INFO - Electroplanet done with warnings
[2026-05-07T21:53:13.019+0000] {subprocess.py:97} INFO - Command exited with return code 0
[2026-05-07T21:53:13.146+0000] {taskinstance.py:1138} INFO - Marking task as SUCCESS. dag_id=price_intelligence_pipeline, task_id=scrape_electroplanet, execution_date=20260507T160000, start_date=20260507T215307, end_date=20260507T215313
[2026-05-07T21:53:13.219+0000] {local_task_job_runner.py:234} INFO - Task exited with return code 0
[2026-05-07T21:53:13.379+0000] {taskinstance.py:3280} INFO - 0 downstream tasks scheduled from follow-on schedule check
