[2026-05-07T13:13:18.379+0000] {taskinstance.py:1956} INFO - Dependencies all met for dep_context=non-requeueable deps ti=<TaskInstance: price_intelligence_pipeline.dbt_run scheduled__2026-05-06T22:00:00+00:00 [queued]>
[2026-05-07T13:13:18.413+0000] {taskinstance.py:1956} INFO - Dependencies all met for dep_context=requeueable deps ti=<TaskInstance: price_intelligence_pipeline.dbt_run scheduled__2026-05-06T22:00:00+00:00 [queued]>
[2026-05-07T13:13:18.415+0000] {taskinstance.py:2170} INFO - Starting attempt 2 of 2
[2026-05-07T13:13:18.462+0000] {taskinstance.py:2191} INFO - Executing <Task(BashOperator): dbt_run> on 2026-05-06 22:00:00+00:00
[2026-05-07T13:13:18.478+0000] {standard_task_runner.py:60} INFO - Started process 25134 to run task
[2026-05-07T13:13:18.492+0000] {standard_task_runner.py:87} INFO - Running: ['***', 'tasks', 'run', 'price_intelligence_pipeline', 'dbt_run', 'scheduled__2026-05-06T22:00:00+00:00', '--job-id', '652', '--raw', '--subdir', 'DAGS_FOLDER/price_intelligence_dag.py', '--cfg-path', '/tmp/tmpt3n5_e19']
[2026-05-07T13:13:18.497+0000] {standard_task_runner.py:88} INFO - Job 652: Subtask dbt_run
[2026-05-07T13:13:18.729+0000] {task_command.py:423} INFO - Running <TaskInstance: price_intelligence_pipeline.dbt_run scheduled__2026-05-06T22:00:00+00:00 [running]> on host 25ef6dfa8bdc
[2026-05-07T13:13:19.129+0000] {taskinstance.py:2480} INFO - Exporting env vars: AIRFLOW_CTX_DAG_OWNER='***' AIRFLOW_CTX_DAG_ID='price_intelligence_pipeline' AIRFLOW_CTX_TASK_ID='dbt_run' AIRFLOW_CTX_EXECUTION_DATE='2026-05-06T22:00:00+00:00' AIRFLOW_CTX_TRY_NUMBER='2' AIRFLOW_CTX_DAG_RUN_ID='scheduled__2026-05-06T22:00:00+00:00'
[2026-05-07T13:13:19.133+0000] {subprocess.py:63} INFO - Tmp dir root location: /tmp
[2026-05-07T13:13:19.138+0000] {subprocess.py:75} INFO - Running command: ['/usr/bin/bash', '-c', '\n            set -e\n            cd /opt/***/dbt\n            export GOOGLE_APPLICATION_CREDENTIALS=/opt/***/gcp-credentials-new.json\n            /home/***/.local/bin/dbt run --select stg_prices --profiles-dir . --project-dir .\n            /home/***/.local/bin/dbt run --select prices_cleaned --profiles-dir . --project-dir .\n            /home/***/.local/bin/dbt run --select prices_aggregated --profiles-dir . --project-dir .\n            echo dbt done\n        ']
[2026-05-07T13:13:19.165+0000] {subprocess.py:86} INFO - Output:
[2026-05-07T13:13:26.890+0000] {subprocess.py:93} INFO - [0m13:13:26  Running with dbt=1.8.7
[2026-05-07T13:13:30.584+0000] {subprocess.py:93} INFO - [0m13:13:30  Registered adapter: bigquery=1.8.3
[2026-05-07T13:13:32.938+0000] {subprocess.py:93} INFO - [0m13:13:32  Found 3 models, 1 seed, 7 data tests, 1 source, 479 macros
[2026-05-07T13:13:32.944+0000] {subprocess.py:93} INFO - [0m13:13:32
[2026-05-07T13:13:34.860+0000] {subprocess.py:93} INFO - [0m13:13:34  Concurrency: 4 threads (target='dev')
[2026-05-07T13:13:34.867+0000] {subprocess.py:93} INFO - [0m13:13:34
[2026-05-07T13:13:34.895+0000] {subprocess.py:93} INFO - [0m13:13:34  1 of 1 START sql view model price_intelligence_dbt.stg_prices .................. [RUN]
[2026-05-07T13:13:38.176+0000] {subprocess.py:93} INFO - [0m13:13:38  BigQuery adapter: https://console.cloud.google.com/bigquery?project=project-32a82952-90fa-4dd7-b9c&j=bq:US:0d4fdb63-43bd-47c9-9a8a-b61e5f6c4648&page=queryresults
[2026-05-07T13:13:38.198+0000] {subprocess.py:93} INFO - [0m13:13:38  1 of 1 ERROR creating sql view model price_intelligence_dbt.stg_prices ......... [[31mERROR[0m in 3.29s]
[2026-05-07T13:13:38.214+0000] {subprocess.py:93} INFO - [0m13:13:38
[2026-05-07T13:13:38.216+0000] {subprocess.py:93} INFO - [0m13:13:38  Finished running 1 view model in 0 hours 0 minutes and 5.27 seconds (5.27s).
[2026-05-07T13:13:38.333+0000] {subprocess.py:93} INFO - [0m13:13:38
[2026-05-07T13:13:38.334+0000] {subprocess.py:93} INFO - [0m13:13:38  [31mCompleted with 1 error and 0 warnings:[0m
[2026-05-07T13:13:38.335+0000] {subprocess.py:93} INFO - [0m13:13:38
[2026-05-07T13:13:38.336+0000] {subprocess.py:93} INFO - [0m13:13:38    Database Error in model stg_prices (models/staging/stg_prices.sql)
[2026-05-07T13:13:38.337+0000] {subprocess.py:93} INFO -   Unrecognized name: old_price at [11:10]
[2026-05-07T13:13:38.339+0000] {subprocess.py:93} INFO -   compiled code at target/run/price_intelligence/models/staging/stg_prices.sql
[2026-05-07T13:13:38.340+0000] {subprocess.py:93} INFO - [0m13:13:38
[2026-05-07T13:13:38.341+0000] {subprocess.py:93} INFO - [0m13:13:38  Done. PASS=0 WARN=0 ERROR=1 SKIP=0 TOTAL=1
[2026-05-07T13:13:43.328+0000] {subprocess.py:97} INFO - Command exited with return code 1
[2026-05-07T13:13:43.409+0000] {taskinstance.py:2698} ERROR - Task failed with exception
Traceback (most recent call last):
  File "/home/airflow/.local/lib/python3.8/site-packages/airflow/models/taskinstance.py", line 428, in _execute_task
    result = execute_callable(context=context, **execute_callable_kwargs)
  File "/home/airflow/.local/lib/python3.8/site-packages/airflow/operators/bash.py", line 212, in execute
    raise AirflowException(
airflow.exceptions.AirflowException: Bash command failed. The command returned a non-zero exit code 1.
[2026-05-07T13:13:43.430+0000] {taskinstance.py:1138} INFO - Marking task as FAILED. dag_id=price_intelligence_pipeline, task_id=dbt_run, execution_date=20260506T220000, start_date=20260507T131318, end_date=20260507T131343
[2026-05-07T13:13:43.508+0000] {standard_task_runner.py:107} ERROR - Failed to execute job 652 for task dbt_run (Bash command failed. The command returned a non-zero exit code 1.; 25134)
[2026-05-07T13:13:43.578+0000] {local_task_job_runner.py:234} INFO - Task exited with return code 1
[2026-05-07T13:13:43.662+0000] {taskinstance.py:3280} INFO - 0 downstream tasks scheduled from follow-on schedule check
