[2026-05-22T22:15:13.527+0000] {taskinstance.py:1956} INFO - Dependencies all met for dep_context=non-requeueable deps ti=<TaskInstance: price_intelligence_pipeline.dbt_run scheduled__2026-05-22T19:00:00+00:00 [queued]>
[2026-05-22T22:15:13.548+0000] {taskinstance.py:1956} INFO - Dependencies all met for dep_context=requeueable deps ti=<TaskInstance: price_intelligence_pipeline.dbt_run scheduled__2026-05-22T19:00:00+00:00 [queued]>
[2026-05-22T22:15:13.550+0000] {taskinstance.py:2170} INFO - Starting attempt 1 of 2
[2026-05-22T22:15:13.585+0000] {taskinstance.py:2191} INFO - Executing <Task(BashOperator): dbt_run> on 2026-05-22 19:00:00+00:00
[2026-05-22T22:15:13.596+0000] {standard_task_runner.py:60} INFO - Started process 87300 to run task
[2026-05-22T22:15:13.605+0000] {standard_task_runner.py:87} INFO - Running: ['***', 'tasks', 'run', 'price_intelligence_pipeline', 'dbt_run', 'scheduled__2026-05-22T19:00:00+00:00', '--job-id', '1787', '--raw', '--subdir', 'DAGS_FOLDER/price_intelligence_dag.py', '--cfg-path', '/tmp/tmp5b106lss']
[2026-05-22T22:15:13.611+0000] {standard_task_runner.py:88} INFO - Job 1787: Subtask dbt_run
[2026-05-22T22:15:13.793+0000] {task_command.py:423} INFO - Running <TaskInstance: price_intelligence_pipeline.dbt_run scheduled__2026-05-22T19:00:00+00:00 [running]> on host 91e0d3a0a233
[2026-05-22T22:15:14.761+0000] {taskinstance.py:2480} INFO - Exporting env vars: AIRFLOW_CTX_DAG_OWNER='***' AIRFLOW_CTX_DAG_ID='price_intelligence_pipeline' AIRFLOW_CTX_TASK_ID='dbt_run' AIRFLOW_CTX_EXECUTION_DATE='2026-05-22T19:00:00+00:00' AIRFLOW_CTX_TRY_NUMBER='1' AIRFLOW_CTX_DAG_RUN_ID='scheduled__2026-05-22T19:00:00+00:00'
[2026-05-22T22:15:14.766+0000] {subprocess.py:63} INFO - Tmp dir root location: /tmp
[2026-05-22T22:15:14.769+0000] {subprocess.py:75} INFO - Running command: ['/usr/bin/bash', '-c', '\n            set -e\n            cd /opt/***/dbt\n            export GOOGLE_APPLICATION_CREDENTIALS=/opt/***/gcp-credentials-new.json\n            /home/***/.local/bin/dbt run --full-refresh --profiles-dir . --project-dir .\n            echo dbt done\n        ']
[2026-05-22T22:15:14.797+0000] {subprocess.py:86} INFO - Output:
[2026-05-22T22:15:19.345+0000] {subprocess.py:93} INFO - [0m22:15:19  Running with dbt=1.8.7
[2026-05-22T22:15:21.507+0000] {subprocess.py:93} INFO - [0m22:15:21  Registered adapter: bigquery=1.8.3
[2026-05-22T22:15:23.593+0000] {subprocess.py:93} INFO - [0m22:15:23  Found 3 models, 1 seed, 7 data tests, 1 source, 479 macros
[2026-05-22T22:15:23.606+0000] {subprocess.py:93} INFO - [0m22:15:23
[2026-05-22T22:15:26.391+0000] {subprocess.py:93} INFO - [0m22:15:26  Concurrency: 4 threads (target='dev')
[2026-05-22T22:15:26.396+0000] {subprocess.py:93} INFO - [0m22:15:26
[2026-05-22T22:15:26.442+0000] {subprocess.py:93} INFO - [0m22:15:26  1 of 3 START sql view model price_intelligence_dbt.stg_prices .................. [RUN]
[2026-05-22T22:15:30.051+0000] {subprocess.py:93} INFO - [0m22:15:30  1 of 3 OK created sql view model price_intelligence_dbt.stg_prices ............. [[32mCREATE VIEW (0 processed)[0m in 3.60s]
[2026-05-22T22:15:30.059+0000] {subprocess.py:93} INFO - [0m22:15:30  2 of 3 START sql table model price_intelligence_dbt.prices_cleaned ............. [RUN]
[2026-05-22T22:15:35.603+0000] {subprocess.py:93} INFO - [0m22:15:35  2 of 3 OK created sql table model price_intelligence_dbt.prices_cleaned ........ [[32mCREATE TABLE (5.0k rows, 2.6 MiB processed)[0m in 5.53s]
[2026-05-22T22:15:35.628+0000] {subprocess.py:93} INFO - [0m22:15:35  3 of 3 START sql table model price_intelligence_dbt.prices_aggregated .......... [RUN]
[2026-05-22T22:15:40.753+0000] {subprocess.py:93} INFO - [0m22:15:40  3 of 3 OK created sql table model price_intelligence_dbt.prices_aggregated ..... [[32mCREATE TABLE (11.0 rows, 231.8 KiB processed)[0m in 5.11s]
[2026-05-22T22:15:40.788+0000] {subprocess.py:93} INFO - [0m22:15:40
[2026-05-22T22:15:40.793+0000] {subprocess.py:93} INFO - [0m22:15:40  Finished running 1 view model, 2 table models in 0 hours 0 minutes and 17.18 seconds (17.18s).
[2026-05-22T22:15:41.216+0000] {subprocess.py:93} INFO - [0m22:15:41
[2026-05-22T22:15:41.222+0000] {subprocess.py:93} INFO - [0m22:15:41  [32mCompleted successfully[0m
[2026-05-22T22:15:41.227+0000] {subprocess.py:93} INFO - [0m22:15:41
[2026-05-22T22:15:41.233+0000] {subprocess.py:93} INFO - [0m22:15:41  Done. PASS=3 WARN=0 ERROR=0 SKIP=0 TOTAL=3
[2026-05-22T22:15:46.688+0000] {subprocess.py:93} INFO - dbt done
[2026-05-22T22:15:46.697+0000] {subprocess.py:97} INFO - Command exited with return code 0
[2026-05-22T22:15:46.762+0000] {taskinstance.py:1138} INFO - Marking task as SUCCESS. dag_id=price_intelligence_pipeline, task_id=dbt_run, execution_date=20260522T190000, start_date=20260522T221513, end_date=20260522T221546
[2026-05-22T22:15:46.803+0000] {local_task_job_runner.py:234} INFO - Task exited with return code 0
[2026-05-22T22:15:46.845+0000] {taskinstance.py:3280} INFO - 1 downstream tasks scheduled from follow-on schedule check
