[2026-05-16T16:01:29.059+0000] {taskinstance.py:1956} INFO - Dependencies all met for dep_context=non-requeueable deps ti=<TaskInstance: price_intelligence_pipeline.dbt_run scheduled__2026-05-16T15:00:00+00:00 [queued]>
[2026-05-16T16:01:29.079+0000] {taskinstance.py:1956} INFO - Dependencies all met for dep_context=requeueable deps ti=<TaskInstance: price_intelligence_pipeline.dbt_run scheduled__2026-05-16T15:00:00+00:00 [queued]>
[2026-05-16T16:01:29.080+0000] {taskinstance.py:2170} INFO - Starting attempt 1 of 2
[2026-05-16T16:01:29.113+0000] {taskinstance.py:2191} INFO - Executing <Task(BashOperator): dbt_run> on 2026-05-16 15:00:00+00:00
[2026-05-16T16:01:29.130+0000] {standard_task_runner.py:60} INFO - Started process 34418 to run task
[2026-05-16T16:01:29.139+0000] {standard_task_runner.py:87} INFO - Running: ['***', 'tasks', 'run', 'price_intelligence_pipeline', 'dbt_run', 'scheduled__2026-05-16T15:00:00+00:00', '--job-id', '1273', '--raw', '--subdir', 'DAGS_FOLDER/price_intelligence_dag.py', '--cfg-path', '/tmp/tmphfosn2f1']
[2026-05-16T16:01:29.144+0000] {standard_task_runner.py:88} INFO - Job 1273: Subtask dbt_run
[2026-05-16T16:01:29.305+0000] {task_command.py:423} INFO - Running <TaskInstance: price_intelligence_pipeline.dbt_run scheduled__2026-05-16T15:00:00+00:00 [running]> on host 91e0d3a0a233
[2026-05-16T16:01:29.519+0000] {taskinstance.py:2480} INFO - Exporting env vars: AIRFLOW_CTX_DAG_OWNER='***' AIRFLOW_CTX_DAG_ID='price_intelligence_pipeline' AIRFLOW_CTX_TASK_ID='dbt_run' AIRFLOW_CTX_EXECUTION_DATE='2026-05-16T15:00:00+00:00' AIRFLOW_CTX_TRY_NUMBER='1' AIRFLOW_CTX_DAG_RUN_ID='scheduled__2026-05-16T15:00:00+00:00'
[2026-05-16T16:01:29.524+0000] {subprocess.py:63} INFO - Tmp dir root location: /tmp
[2026-05-16T16:01:29.526+0000] {subprocess.py:75} INFO - Running command: ['/usr/bin/bash', '-c', '\n            set -e\n            cd /opt/***/dbt\n            export GOOGLE_APPLICATION_CREDENTIALS=/opt/***/gcp-credentials-new.json\n            /home/***/.local/bin/dbt run --full-refresh --profiles-dir . --project-dir .\n            echo dbt done\n        ']
[2026-05-16T16:01:29.544+0000] {subprocess.py:86} INFO - Output:
[2026-05-16T16:01:33.746+0000] {subprocess.py:93} INFO - [0m16:01:33  Running with dbt=1.8.7
[2026-05-16T16:01:36.396+0000] {subprocess.py:93} INFO - [0m16:01:36  Registered adapter: bigquery=1.8.3
[2026-05-16T16:01:38.604+0000] {subprocess.py:93} INFO - [0m16:01:38  Found 3 models, 1 seed, 7 data tests, 1 source, 479 macros
[2026-05-16T16:01:38.613+0000] {subprocess.py:93} INFO - [0m16:01:38
[2026-05-16T16:01:42.688+0000] {subprocess.py:93} INFO - [0m16:01:42  Concurrency: 4 threads (target='dev')
[2026-05-16T16:01:42.691+0000] {subprocess.py:93} INFO - [0m16:01:42
[2026-05-16T16:01:42.716+0000] {subprocess.py:93} INFO - [0m16:01:42  1 of 3 START sql view model price_intelligence_dbt.stg_prices .................. [RUN]
[2026-05-16T16:01:46.810+0000] {subprocess.py:93} INFO - [0m16:01:46  1 of 3 OK created sql view model price_intelligence_dbt.stg_prices ............. [[32mCREATE VIEW (0 processed)[0m in 4.09s]
[2026-05-16T16:01:46.821+0000] {subprocess.py:93} INFO - [0m16:01:46  2 of 3 START sql table model price_intelligence_dbt.prices_cleaned ............. [RUN]
[2026-05-16T16:01:52.610+0000] {subprocess.py:93} INFO - [0m16:01:52  2 of 3 OK created sql table model price_intelligence_dbt.prices_cleaned ........ [[32mCREATE TABLE (5.0k rows, 2.6 MiB processed)[0m in 5.78s]
[2026-05-16T16:01:52.619+0000] {subprocess.py:93} INFO - [0m16:01:52  3 of 3 START sql table model price_intelligence_dbt.prices_aggregated .......... [RUN]
[2026-05-16T16:01:57.720+0000] {subprocess.py:93} INFO - [0m16:01:57  3 of 3 OK created sql table model price_intelligence_dbt.prices_aggregated ..... [[32mCREATE TABLE (11.0 rows, 231.8 KiB processed)[0m in 5.10s]
[2026-05-16T16:01:57.732+0000] {subprocess.py:93} INFO - [0m16:01:57
[2026-05-16T16:01:57.734+0000] {subprocess.py:93} INFO - [0m16:01:57  Finished running 1 view model, 2 table models in 0 hours 0 minutes and 19.12 seconds (19.12s).
[2026-05-16T16:01:57.893+0000] {subprocess.py:93} INFO - [0m16:01:57
[2026-05-16T16:01:57.894+0000] {subprocess.py:93} INFO - [0m16:01:57  [32mCompleted successfully[0m
[2026-05-16T16:01:57.896+0000] {subprocess.py:93} INFO - [0m16:01:57
[2026-05-16T16:01:57.897+0000] {subprocess.py:93} INFO - [0m16:01:57  Done. PASS=3 WARN=0 ERROR=0 SKIP=0 TOTAL=3
[2026-05-16T16:02:02.526+0000] {subprocess.py:93} INFO - dbt done
[2026-05-16T16:02:02.533+0000] {subprocess.py:97} INFO - Command exited with return code 0
[2026-05-16T16:02:02.588+0000] {taskinstance.py:1138} INFO - Marking task as SUCCESS. dag_id=price_intelligence_pipeline, task_id=dbt_run, execution_date=20260516T150000, start_date=20260516T160129, end_date=20260516T160202
[2026-05-16T16:02:02.639+0000] {local_task_job_runner.py:234} INFO - Task exited with return code 0
[2026-05-16T16:02:02.715+0000] {taskinstance.py:3280} INFO - 1 downstream tasks scheduled from follow-on schedule check
