[2026-05-11T17:59:30.568+0000] {taskinstance.py:1956} INFO - Dependencies all met for dep_context=non-requeueable deps ti=<TaskInstance: price_intelligence_pipeline.dbt_run scheduled__2026-05-10T14:00:00+00:00 [queued]>
[2026-05-11T17:59:30.614+0000] {taskinstance.py:1956} INFO - Dependencies all met for dep_context=requeueable deps ti=<TaskInstance: price_intelligence_pipeline.dbt_run scheduled__2026-05-10T14:00:00+00:00 [queued]>
[2026-05-11T17:59:30.624+0000] {taskinstance.py:2170} INFO - Starting attempt 1 of 2
[2026-05-11T17:59:30.696+0000] {taskinstance.py:2191} INFO - Executing <Task(BashOperator): dbt_run> on 2026-05-10 14:00:00+00:00
[2026-05-11T17:59:30.712+0000] {standard_task_runner.py:60} INFO - Started process 7847 to run task
[2026-05-11T17:59:30.721+0000] {standard_task_runner.py:87} INFO - Running: ['***', 'tasks', 'run', 'price_intelligence_pipeline', 'dbt_run', 'scheduled__2026-05-10T14:00:00+00:00', '--job-id', '966', '--raw', '--subdir', 'DAGS_FOLDER/price_intelligence_dag.py', '--cfg-path', '/tmp/tmpjo3l7w3n']
[2026-05-11T17:59:30.736+0000] {standard_task_runner.py:88} INFO - Job 966: Subtask dbt_run
[2026-05-11T17:59:30.972+0000] {task_command.py:423} INFO - Running <TaskInstance: price_intelligence_pipeline.dbt_run scheduled__2026-05-10T14:00:00+00:00 [running]> on host 91e0d3a0a233
[2026-05-11T17:59:31.333+0000] {taskinstance.py:2480} INFO - Exporting env vars: AIRFLOW_CTX_DAG_OWNER='***' AIRFLOW_CTX_DAG_ID='price_intelligence_pipeline' AIRFLOW_CTX_TASK_ID='dbt_run' AIRFLOW_CTX_EXECUTION_DATE='2026-05-10T14:00:00+00:00' AIRFLOW_CTX_TRY_NUMBER='1' AIRFLOW_CTX_DAG_RUN_ID='scheduled__2026-05-10T14:00:00+00:00'
[2026-05-11T17:59:31.336+0000] {subprocess.py:63} INFO - Tmp dir root location: /tmp
[2026-05-11T17:59:31.338+0000] {subprocess.py:75} INFO - Running command: ['/usr/bin/bash', '-c', '\n            set -e\n            cd /opt/***/dbt\n            export GOOGLE_APPLICATION_CREDENTIALS=/opt/***/gcp-credentials-new.json\n            /home/***/.local/bin/dbt run --full-refresh --profiles-dir . --project-dir .\n            echo dbt done\n        ']
[2026-05-11T17:59:31.368+0000] {subprocess.py:86} INFO - Output:
[2026-05-11T17:59:37.221+0000] {subprocess.py:93} INFO - [0m17:59:37  Running with dbt=1.8.7
[2026-05-11T17:59:39.455+0000] {subprocess.py:93} INFO - [0m17:59:39  Registered adapter: bigquery=1.8.3
[2026-05-11T17:59:41.485+0000] {subprocess.py:93} INFO - [0m17:59:41  Found 3 models, 1 seed, 7 data tests, 1 source, 479 macros
[2026-05-11T17:59:41.493+0000] {subprocess.py:93} INFO - [0m17:59:41
[2026-05-11T17:59:43.179+0000] {subprocess.py:93} INFO - [0m17:59:43  Concurrency: 4 threads (target='dev')
[2026-05-11T17:59:43.181+0000] {subprocess.py:93} INFO - [0m17:59:43
[2026-05-11T17:59:43.203+0000] {subprocess.py:93} INFO - [0m17:59:43  1 of 3 START sql view model price_intelligence_dbt.stg_prices .................. [RUN]
[2026-05-11T17:59:45.074+0000] {subprocess.py:93} INFO - [0m17:59:45  1 of 3 OK created sql view model price_intelligence_dbt.stg_prices ............. [[32mCREATE VIEW (0 processed)[0m in 1.86s]
[2026-05-11T17:59:45.087+0000] {subprocess.py:93} INFO - [0m17:59:45  2 of 3 START sql table model price_intelligence_dbt.prices_cleaned ............. [RUN]
[2026-05-11T17:59:49.386+0000] {subprocess.py:93} INFO - [0m17:59:49  2 of 3 OK created sql table model price_intelligence_dbt.prices_cleaned ........ [[32mCREATE TABLE (5.0k rows, 2.6 MiB processed)[0m in 4.29s]
[2026-05-11T17:59:49.394+0000] {subprocess.py:93} INFO - [0m17:59:49  3 of 3 START sql table model price_intelligence_dbt.prices_aggregated .......... [RUN]
[2026-05-11T17:59:53.109+0000] {subprocess.py:93} INFO - [0m17:59:53  3 of 3 OK created sql table model price_intelligence_dbt.prices_aggregated ..... [[32mCREATE TABLE (11.0 rows, 231.8 KiB processed)[0m in 3.71s]
[2026-05-11T17:59:53.117+0000] {subprocess.py:93} INFO - [0m17:59:53
[2026-05-11T17:59:53.118+0000] {subprocess.py:93} INFO - [0m17:59:53  Finished running 1 view model, 2 table models in 0 hours 0 minutes and 11.62 seconds (11.62s).
[2026-05-11T17:59:53.243+0000] {subprocess.py:93} INFO - [0m17:59:53
[2026-05-11T17:59:53.245+0000] {subprocess.py:93} INFO - [0m17:59:53  [32mCompleted successfully[0m
[2026-05-11T17:59:53.246+0000] {subprocess.py:93} INFO - [0m17:59:53
[2026-05-11T17:59:53.247+0000] {subprocess.py:93} INFO - [0m17:59:53  Done. PASS=3 WARN=0 ERROR=0 SKIP=0 TOTAL=3
[2026-05-11T17:59:57.938+0000] {subprocess.py:93} INFO - dbt done
[2026-05-11T17:59:57.949+0000] {subprocess.py:97} INFO - Command exited with return code 0
[2026-05-11T17:59:58.024+0000] {taskinstance.py:1138} INFO - Marking task as SUCCESS. dag_id=price_intelligence_pipeline, task_id=dbt_run, execution_date=20260510T140000, start_date=20260511T175930, end_date=20260511T175958
[2026-05-11T17:59:58.099+0000] {local_task_job_runner.py:234} INFO - Task exited with return code 0
[2026-05-11T17:59:58.152+0000] {taskinstance.py:3280} INFO - 1 downstream tasks scheduled from follow-on schedule check
