[2026-05-16T17:01:22.257+0000] {taskinstance.py:1956} INFO - Dependencies all met for dep_context=non-requeueable deps ti=<TaskInstance: price_intelligence_pipeline.dbt_run scheduled__2026-05-16T16:00:00+00:00 [queued]>
[2026-05-16T17:01:22.277+0000] {taskinstance.py:1956} INFO - Dependencies all met for dep_context=requeueable deps ti=<TaskInstance: price_intelligence_pipeline.dbt_run scheduled__2026-05-16T16:00:00+00:00 [queued]>
[2026-05-16T17:01:22.278+0000] {taskinstance.py:2170} INFO - Starting attempt 1 of 2
[2026-05-16T17:01:22.313+0000] {taskinstance.py:2191} INFO - Executing <Task(BashOperator): dbt_run> on 2026-05-16 16:00:00+00:00
[2026-05-16T17:01:22.323+0000] {standard_task_runner.py:60} INFO - Started process 35887 to run task
[2026-05-16T17:01:22.331+0000] {standard_task_runner.py:87} INFO - Running: ['***', 'tasks', 'run', 'price_intelligence_pipeline', 'dbt_run', 'scheduled__2026-05-16T16:00:00+00:00', '--job-id', '1282', '--raw', '--subdir', 'DAGS_FOLDER/price_intelligence_dag.py', '--cfg-path', '/tmp/tmp1l04jldl']
[2026-05-16T17:01:22.338+0000] {standard_task_runner.py:88} INFO - Job 1282: Subtask dbt_run
[2026-05-16T17:01:22.497+0000] {task_command.py:423} INFO - Running <TaskInstance: price_intelligence_pipeline.dbt_run scheduled__2026-05-16T16:00:00+00:00 [running]> on host 91e0d3a0a233
[2026-05-16T17:01:22.708+0000] {taskinstance.py:2480} INFO - Exporting env vars: AIRFLOW_CTX_DAG_OWNER='***' AIRFLOW_CTX_DAG_ID='price_intelligence_pipeline' AIRFLOW_CTX_TASK_ID='dbt_run' AIRFLOW_CTX_EXECUTION_DATE='2026-05-16T16:00:00+00:00' AIRFLOW_CTX_TRY_NUMBER='1' AIRFLOW_CTX_DAG_RUN_ID='scheduled__2026-05-16T16:00:00+00:00'
[2026-05-16T17:01:22.714+0000] {subprocess.py:63} INFO - Tmp dir root location: /tmp
[2026-05-16T17:01:22.717+0000] {subprocess.py:75} INFO - Running command: ['/usr/bin/bash', '-c', '\n            set -e\n            cd /opt/***/dbt\n            export GOOGLE_APPLICATION_CREDENTIALS=/opt/***/gcp-credentials-new.json\n            /home/***/.local/bin/dbt run --full-refresh --profiles-dir . --project-dir .\n            echo dbt done\n        ']
[2026-05-16T17:01:22.739+0000] {subprocess.py:86} INFO - Output:
[2026-05-16T17:01:27.326+0000] {subprocess.py:93} INFO - [0m17:01:27  Running with dbt=1.8.7
[2026-05-16T17:01:29.892+0000] {subprocess.py:93} INFO - [0m17:01:29  Registered adapter: bigquery=1.8.3
[2026-05-16T17:01:32.414+0000] {subprocess.py:93} INFO - [0m17:01:32  Found 3 models, 1 seed, 7 data tests, 1 source, 479 macros
[2026-05-16T17:01:32.420+0000] {subprocess.py:93} INFO - [0m17:01:32
[2026-05-16T17:01:35.822+0000] {subprocess.py:93} INFO - [0m17:01:35  Concurrency: 4 threads (target='dev')
[2026-05-16T17:01:35.826+0000] {subprocess.py:93} INFO - [0m17:01:35
[2026-05-16T17:01:35.866+0000] {subprocess.py:93} INFO - [0m17:01:35  1 of 3 START sql view model price_intelligence_dbt.stg_prices .................. [RUN]
[2026-05-16T17:01:41.000+0000] {subprocess.py:93} INFO - [0m17:01:40  1 of 3 OK created sql view model price_intelligence_dbt.stg_prices ............. [[32mCREATE VIEW (0 processed)[0m in 5.10s]
[2026-05-16T17:01:41.023+0000] {subprocess.py:93} INFO - [0m17:01:41  2 of 3 START sql table model price_intelligence_dbt.prices_cleaned ............. [RUN]
[2026-05-16T17:01:46.001+0000] {subprocess.py:93} INFO - [0m17:01:46  2 of 3 OK created sql table model price_intelligence_dbt.prices_cleaned ........ [[32mCREATE TABLE (5.0k rows, 2.6 MiB processed)[0m in 4.97s]
[2026-05-16T17:01:46.018+0000] {subprocess.py:93} INFO - [0m17:01:46  3 of 3 START sql table model price_intelligence_dbt.prices_aggregated .......... [RUN]
[2026-05-16T17:01:50.631+0000] {subprocess.py:93} INFO - [0m17:01:50  3 of 3 OK created sql table model price_intelligence_dbt.prices_aggregated ..... [[32mCREATE TABLE (11.0 rows, 231.8 KiB processed)[0m in 4.58s]
[2026-05-16T17:01:50.702+0000] {subprocess.py:93} INFO - [0m17:01:50
[2026-05-16T17:01:50.714+0000] {subprocess.py:93} INFO - [0m17:01:50  Finished running 1 view model, 2 table models in 0 hours 0 minutes and 18.28 seconds (18.28s).
[2026-05-16T17:01:51.335+0000] {subprocess.py:93} INFO - [0m17:01:51
[2026-05-16T17:01:51.342+0000] {subprocess.py:93} INFO - [0m17:01:51  [32mCompleted successfully[0m
[2026-05-16T17:01:51.346+0000] {subprocess.py:93} INFO - [0m17:01:51
[2026-05-16T17:01:51.348+0000] {subprocess.py:93} INFO - [0m17:01:51  Done. PASS=3 WARN=0 ERROR=0 SKIP=0 TOTAL=3
[2026-05-16T17:01:56.282+0000] {subprocess.py:93} INFO - dbt done
[2026-05-16T17:01:56.302+0000] {subprocess.py:97} INFO - Command exited with return code 0
[2026-05-16T17:01:56.420+0000] {taskinstance.py:1138} INFO - Marking task as SUCCESS. dag_id=price_intelligence_pipeline, task_id=dbt_run, execution_date=20260516T160000, start_date=20260516T170122, end_date=20260516T170156
[2026-05-16T17:01:56.549+0000] {local_task_job_runner.py:234} INFO - Task exited with return code 0
[2026-05-16T17:01:56.643+0000] {taskinstance.py:3280} INFO - 1 downstream tasks scheduled from follow-on schedule check
