[2026-05-17T12:46:17.979+0000] {taskinstance.py:1956} INFO - Dependencies all met for dep_context=non-requeueable deps ti=<TaskInstance: price_intelligence_pipeline.dbt_run scheduled__2026-05-16T18:00:00+00:00 [queued]>
[2026-05-17T12:46:18.012+0000] {taskinstance.py:1956} INFO - Dependencies all met for dep_context=requeueable deps ti=<TaskInstance: price_intelligence_pipeline.dbt_run scheduled__2026-05-16T18:00:00+00:00 [queued]>
[2026-05-17T12:46:18.023+0000] {taskinstance.py:2170} INFO - Starting attempt 1 of 2
[2026-05-17T12:46:18.070+0000] {taskinstance.py:2191} INFO - Executing <Task(BashOperator): dbt_run> on 2026-05-16 18:00:00+00:00
[2026-05-17T12:46:18.084+0000] {standard_task_runner.py:60} INFO - Started process 38808 to run task
[2026-05-17T12:46:18.094+0000] {standard_task_runner.py:87} INFO - Running: ['***', 'tasks', 'run', 'price_intelligence_pipeline', 'dbt_run', 'scheduled__2026-05-16T18:00:00+00:00', '--job-id', '1301', '--raw', '--subdir', 'DAGS_FOLDER/price_intelligence_dag.py', '--cfg-path', '/tmp/tmpbicd0idx']
[2026-05-17T12:46:18.100+0000] {standard_task_runner.py:88} INFO - Job 1301: Subtask dbt_run
[2026-05-17T12:46:18.286+0000] {task_command.py:423} INFO - Running <TaskInstance: price_intelligence_pipeline.dbt_run scheduled__2026-05-16T18:00:00+00:00 [running]> on host 91e0d3a0a233
[2026-05-17T12:46:18.675+0000] {taskinstance.py:2480} INFO - Exporting env vars: AIRFLOW_CTX_DAG_OWNER='***' AIRFLOW_CTX_DAG_ID='price_intelligence_pipeline' AIRFLOW_CTX_TASK_ID='dbt_run' AIRFLOW_CTX_EXECUTION_DATE='2026-05-16T18:00:00+00:00' AIRFLOW_CTX_TRY_NUMBER='1' AIRFLOW_CTX_DAG_RUN_ID='scheduled__2026-05-16T18:00:00+00:00'
[2026-05-17T12:46:18.680+0000] {subprocess.py:63} INFO - Tmp dir root location: /tmp
[2026-05-17T12:46:18.695+0000] {subprocess.py:75} INFO - Running command: ['/usr/bin/bash', '-c', '\n            set -e\n            cd /opt/***/dbt\n            export GOOGLE_APPLICATION_CREDENTIALS=/opt/***/gcp-credentials-new.json\n            /home/***/.local/bin/dbt run --full-refresh --profiles-dir . --project-dir .\n            echo dbt done\n        ']
[2026-05-17T12:46:18.747+0000] {subprocess.py:86} INFO - Output:
[2026-05-17T12:46:25.336+0000] {subprocess.py:93} INFO - [0m12:46:25  Running with dbt=1.8.7
[2026-05-17T12:46:30.846+0000] {subprocess.py:93} INFO - [0m12:46:30  Registered adapter: bigquery=1.8.3
[2026-05-17T12:46:35.481+0000] {subprocess.py:93} INFO - [0m12:46:35  Found 3 models, 1 seed, 7 data tests, 1 source, 479 macros
[2026-05-17T12:46:35.498+0000] {subprocess.py:93} INFO - [0m12:46:35
[2026-05-17T12:46:38.446+0000] {subprocess.py:93} INFO - [0m12:46:38  Concurrency: 4 threads (target='dev')
[2026-05-17T12:46:38.452+0000] {subprocess.py:93} INFO - [0m12:46:38
[2026-05-17T12:46:38.597+0000] {subprocess.py:93} INFO - [0m12:46:38  1 of 3 START sql view model price_intelligence_dbt.stg_prices .................. [RUN]
[2026-05-17T12:46:42.789+0000] {subprocess.py:93} INFO - [0m12:46:42  1 of 3 OK created sql view model price_intelligence_dbt.stg_prices ............. [[32mCREATE VIEW (0 processed)[0m in 4.17s]
[2026-05-17T12:46:42.848+0000] {subprocess.py:93} INFO - [0m12:46:42  2 of 3 START sql table model price_intelligence_dbt.prices_cleaned ............. [RUN]
[2026-05-17T12:46:49.097+0000] {subprocess.py:93} INFO - [0m12:46:49  2 of 3 OK created sql table model price_intelligence_dbt.prices_cleaned ........ [[32mCREATE TABLE (5.0k rows, 2.6 MiB processed)[0m in 6.25s]
[2026-05-17T12:46:49.141+0000] {subprocess.py:93} INFO - [0m12:46:49  3 of 3 START sql table model price_intelligence_dbt.prices_aggregated .......... [RUN]
[2026-05-17T12:46:55.148+0000] {subprocess.py:93} INFO - [0m12:46:55  3 of 3 OK created sql table model price_intelligence_dbt.prices_aggregated ..... [[32mCREATE TABLE (11.0 rows, 231.8 KiB processed)[0m in 5.98s]
[2026-05-17T12:46:55.187+0000] {subprocess.py:93} INFO - [0m12:46:55
[2026-05-17T12:46:55.201+0000] {subprocess.py:93} INFO - [0m12:46:55  Finished running 1 view model, 2 table models in 0 hours 0 minutes and 19.69 seconds (19.69s).
[2026-05-17T12:46:55.560+0000] {subprocess.py:93} INFO - [0m12:46:55
[2026-05-17T12:46:55.566+0000] {subprocess.py:93} INFO - [0m12:46:55  [32mCompleted successfully[0m
[2026-05-17T12:46:55.568+0000] {subprocess.py:93} INFO - [0m12:46:55
[2026-05-17T12:46:55.572+0000] {subprocess.py:93} INFO - [0m12:46:55  Done. PASS=3 WARN=0 ERROR=0 SKIP=0 TOTAL=3
[2026-05-17T12:47:01.371+0000] {subprocess.py:93} INFO - dbt done
[2026-05-17T12:47:01.388+0000] {subprocess.py:97} INFO - Command exited with return code 0
[2026-05-17T12:47:01.621+0000] {taskinstance.py:1138} INFO - Marking task as SUCCESS. dag_id=price_intelligence_pipeline, task_id=dbt_run, execution_date=20260516T180000, start_date=20260517T124617, end_date=20260517T124701
[2026-05-17T12:47:01.753+0000] {local_task_job_runner.py:234} INFO - Task exited with return code 0
[2026-05-17T12:47:01.915+0000] {taskinstance.py:3280} INFO - 1 downstream tasks scheduled from follow-on schedule check
