[2026-05-05T23:09:47.571+0000] {taskinstance.py:1956} INFO - Dependencies all met for dep_context=non-requeueable deps ti=<TaskInstance: price_intelligence_pipeline.scrape_avito manual__2026-05-05T22:17:56.089527+00:00 [queued]>
[2026-05-05T23:09:47.589+0000] {taskinstance.py:1956} INFO - Dependencies all met for dep_context=requeueable deps ti=<TaskInstance: price_intelligence_pipeline.scrape_avito manual__2026-05-05T22:17:56.089527+00:00 [queued]>
[2026-05-05T23:09:47.590+0000] {taskinstance.py:2170} INFO - Starting attempt 1 of 2
[2026-05-05T23:09:47.618+0000] {taskinstance.py:2191} INFO - Executing <Task(BashOperator): scrape_avito> on 2026-05-05 22:17:56.089527+00:00
[2026-05-05T23:09:47.632+0000] {standard_task_runner.py:60} INFO - Started process 10517 to run task
[2026-05-05T23:09:47.640+0000] {standard_task_runner.py:87} INFO - Running: ['***', 'tasks', 'run', 'price_intelligence_pipeline', 'scrape_avito', 'manual__2026-05-05T22:17:56.089527+00:00', '--job-id', '494', '--raw', '--subdir', 'DAGS_FOLDER/price_intelligence_dag.py', '--cfg-path', '/tmp/tmpkwwn18ay']
[2026-05-05T23:09:47.648+0000] {standard_task_runner.py:88} INFO - Job 494: Subtask scrape_avito
[2026-05-05T23:09:47.806+0000] {task_command.py:423} INFO - Running <TaskInstance: price_intelligence_pipeline.scrape_avito manual__2026-05-05T22:17:56.089527+00:00 [running]> on host 25ef6dfa8bdc
[2026-05-05T23:09:48.004+0000] {taskinstance.py:2480} INFO - Exporting env vars: AIRFLOW_CTX_DAG_OWNER='***' AIRFLOW_CTX_DAG_ID='price_intelligence_pipeline' AIRFLOW_CTX_TASK_ID='scrape_avito' AIRFLOW_CTX_EXECUTION_DATE='2026-05-05T22:17:56.089527+00:00' AIRFLOW_CTX_TRY_NUMBER='1' AIRFLOW_CTX_DAG_RUN_ID='manual__2026-05-05T22:17:56.089527+00:00'
[2026-05-05T23:09:48.008+0000] {subprocess.py:63} INFO - Tmp dir root location: /tmp
[2026-05-05T23:09:48.011+0000] {subprocess.py:75} INFO - Running command: ['/usr/bin/bash', '-c', '\n            cd /opt/***\n            mkdir -p data/raw\n            export DISPLAY=:99\n            python3 scrapers/spiders/avito_ma.py || echo "Avito done with warnings"\n        ']
[2026-05-05T23:09:48.033+0000] {subprocess.py:86} INFO - Output:
[2026-05-05T23:10:13.358+0000] {subprocess.py:93} INFO - Traceback (most recent call last):
[2026-05-05T23:10:13.361+0000] {subprocess.py:93} INFO -   File "scrapers/spiders/avito_ma.py", line 93, in <module>
[2026-05-05T23:10:13.362+0000] {subprocess.py:93} INFO -     scrape_avito()
[2026-05-05T23:10:13.363+0000] {subprocess.py:93} INFO -   File "scrapers/spiders/avito_ma.py", line 25, in scrape_avito
[2026-05-05T23:10:13.364+0000] {subprocess.py:93} INFO -     driver = webdriver.Chrome(service=Service(ChromeDriverManager().install()), options=options)
[2026-05-05T23:10:13.365+0000] {subprocess.py:93} INFO -   File "/home/***/.local/lib/python3.8/site-packages/selenium/webdriver/chrome/webdriver.py", line 45, in __init__
[2026-05-05T23:10:13.366+0000] {subprocess.py:93} INFO -     super().__init__(
[2026-05-05T23:10:13.367+0000] {subprocess.py:93} INFO -   File "/home/***/.local/lib/python3.8/site-packages/selenium/webdriver/chromium/webdriver.py", line 66, in __init__
[2026-05-05T23:10:13.371+0000] {subprocess.py:93} INFO -     super().__init__(command_executor=executor, options=options)
[2026-05-05T23:10:13.374+0000] {subprocess.py:93} INFO -   File "/home/***/.local/lib/python3.8/site-packages/selenium/webdriver/remote/webdriver.py", line 241, in __init__
[2026-05-05T23:10:13.391+0000] {subprocess.py:93} INFO -     self.start_session(capabilities)
[2026-05-05T23:10:13.392+0000] {subprocess.py:93} INFO -   File "/home/***/.local/lib/python3.8/site-packages/selenium/webdriver/remote/webdriver.py", line 329, in start_session
[2026-05-05T23:10:13.392+0000] {subprocess.py:93} INFO -     response = self.execute(Command.NEW_SESSION, caps)["value"]
[2026-05-05T23:10:13.398+0000] {subprocess.py:93} INFO -   File "/home/***/.local/lib/python3.8/site-packages/selenium/webdriver/remote/webdriver.py", line 384, in execute
[2026-05-05T23:10:13.400+0000] {subprocess.py:93} INFO -     self.error_handler.check_response(response)
[2026-05-05T23:10:13.425+0000] {subprocess.py:93} INFO -   File "/home/***/.local/lib/python3.8/site-packages/selenium/webdriver/remote/errorhandler.py", line 232, in check_response
[2026-05-05T23:10:13.427+0000] {subprocess.py:93} INFO -     raise exception_class(message, screen, stacktrace)
[2026-05-05T23:10:13.428+0000] {subprocess.py:93} INFO - selenium.common.exceptions.SessionNotCreatedException: Message: session not created: This version of ChromeDriver only supports Chrome version 114
[2026-05-05T23:10:13.429+0000] {subprocess.py:93} INFO - Current browser version is 147.0.7727.137 with binary path /usr/bin/chromium
[2026-05-05T23:10:13.430+0000] {subprocess.py:93} INFO - Stacktrace:
[2026-05-05T23:10:13.435+0000] {subprocess.py:93} INFO - #0 0x581718c564e3 <unknown>
[2026-05-05T23:10:13.439+0000] {subprocess.py:93} INFO - #1 0x581718985c76 <unknown>
[2026-05-05T23:10:13.444+0000] {subprocess.py:93} INFO - #2 0x5817189b304a <unknown>
[2026-05-05T23:10:13.467+0000] {subprocess.py:93} INFO - #3 0x5817189ae4a1 <unknown>
[2026-05-05T23:10:13.473+0000] {subprocess.py:93} INFO - #4 0x5817189ab029 <unknown>
[2026-05-05T23:10:13.475+0000] {subprocess.py:93} INFO - #5 0x5817189e9ccc <unknown>
[2026-05-05T23:10:13.477+0000] {subprocess.py:93} INFO - #6 0x5817189e947f <unknown>
[2026-05-05T23:10:13.478+0000] {subprocess.py:93} INFO - #7 0x5817189e0de3 <unknown>
[2026-05-05T23:10:13.482+0000] {subprocess.py:93} INFO - #8 0x5817189b62dd <unknown>
[2026-05-05T23:10:13.488+0000] {subprocess.py:93} INFO - #9 0x5817189b734e <unknown>
[2026-05-05T23:10:13.490+0000] {subprocess.py:93} INFO - #10 0x581718c163e4 <unknown>
[2026-05-05T23:10:13.505+0000] {subprocess.py:93} INFO - #11 0x581718c1a3d7 <unknown>
[2026-05-05T23:10:13.507+0000] {subprocess.py:93} INFO - #12 0x581718c24b20 <unknown>
[2026-05-05T23:10:13.508+0000] {subprocess.py:93} INFO - #13 0x581718c1b023 <unknown>
[2026-05-05T23:10:13.510+0000] {subprocess.py:93} INFO - #14 0x581718be91aa <unknown>
[2026-05-05T23:10:13.516+0000] {subprocess.py:93} INFO - #15 0x581718c3f6b8 <unknown>
[2026-05-05T23:10:13.524+0000] {subprocess.py:93} INFO - #16 0x581718c3f847 <unknown>
[2026-05-05T23:10:13.526+0000] {subprocess.py:93} INFO - #17 0x581718c4f243 <unknown>
[2026-05-05T23:10:13.529+0000] {subprocess.py:93} INFO - #18 0x78ab0b81b134 <unknown>
[2026-05-05T23:10:13.533+0000] {subprocess.py:93} INFO - 
[2026-05-05T23:10:13.534+0000] {subprocess.py:93} INFO - Avito done with warnings
[2026-05-05T23:10:13.535+0000] {subprocess.py:97} INFO - Command exited with return code 0
[2026-05-05T23:10:13.688+0000] {taskinstance.py:1138} INFO - Marking task as SUCCESS. dag_id=price_intelligence_pipeline, task_id=scrape_avito, execution_date=20260505T221756, start_date=20260505T230947, end_date=20260505T231013
[2026-05-05T23:10:13.802+0000] {local_task_job_runner.py:234} INFO - Task exited with return code 0
[2026-05-05T23:10:13.984+0000] {taskinstance.py:3280} INFO - 0 downstream tasks scheduled from follow-on schedule check
