[2026-05-22T11:40:57.116+0000] {taskinstance.py:1956} INFO - Dependencies all met for dep_context=non-requeueable deps ti=<TaskInstance: price_intelligence_pipeline.dbt_run scheduled__2026-05-21T22:00:00+00:00 [queued]>
[2026-05-22T11:40:57.143+0000] {taskinstance.py:1956} INFO - Dependencies all met for dep_context=requeueable deps ti=<TaskInstance: price_intelligence_pipeline.dbt_run scheduled__2026-05-21T22:00:00+00:00 [queued]>
[2026-05-22T11:40:57.145+0000] {taskinstance.py:2170} INFO - Starting attempt 1 of 2
[2026-05-22T11:40:57.208+0000] {taskinstance.py:2191} INFO - Executing <Task(BashOperator): dbt_run> on 2026-05-21 22:00:00+00:00
[2026-05-22T11:40:57.220+0000] {standard_task_runner.py:60} INFO - Started process 74943 to run task
[2026-05-22T11:40:57.235+0000] {standard_task_runner.py:87} INFO - Running: ['***', 'tasks', 'run', 'price_intelligence_pipeline', 'dbt_run', 'scheduled__2026-05-21T22:00:00+00:00', '--job-id', '1697', '--raw', '--subdir', 'DAGS_FOLDER/price_intelligence_dag.py', '--cfg-path', '/tmp/tmpamg0utkk']
[2026-05-22T11:40:57.241+0000] {standard_task_runner.py:88} INFO - Job 1697: Subtask dbt_run
[2026-05-22T11:40:57.341+0000] {task_command.py:423} INFO - Running <TaskInstance: price_intelligence_pipeline.dbt_run scheduled__2026-05-21T22:00:00+00:00 [running]> on host 91e0d3a0a233
[2026-05-22T11:40:57.488+0000] {taskinstance.py:2480} INFO - Exporting env vars: AIRFLOW_CTX_DAG_OWNER='***' AIRFLOW_CTX_DAG_ID='price_intelligence_pipeline' AIRFLOW_CTX_TASK_ID='dbt_run' AIRFLOW_CTX_EXECUTION_DATE='2026-05-21T22:00:00+00:00' AIRFLOW_CTX_TRY_NUMBER='1' AIRFLOW_CTX_DAG_RUN_ID='scheduled__2026-05-21T22:00:00+00:00'
[2026-05-22T11:40:57.492+0000] {subprocess.py:63} INFO - Tmp dir root location: /tmp
[2026-05-22T11:40:57.493+0000] {subprocess.py:75} INFO - Running command: ['/usr/bin/bash', '-c', '\n            set -e\n            cd /opt/***/dbt\n            export GOOGLE_APPLICATION_CREDENTIALS=/opt/***/gcp-credentials-new.json\n            /home/***/.local/bin/dbt run --full-refresh --profiles-dir . --project-dir .\n            echo dbt done\n        ']
[2026-05-22T11:40:57.508+0000] {subprocess.py:86} INFO - Output:
[2026-05-22T11:41:00.671+0000] {subprocess.py:93} INFO - [0m11:41:00  Running with dbt=1.8.7
[2026-05-22T11:41:02.358+0000] {subprocess.py:93} INFO - [0m11:41:02  Registered adapter: bigquery=1.8.3
[2026-05-22T11:41:03.501+0000] {subprocess.py:93} INFO - [0m11:41:03  Found 3 models, 1 seed, 7 data tests, 1 source, 479 macros
[2026-05-22T11:41:03.506+0000] {subprocess.py:93} INFO - [0m11:41:03
[2026-05-22T11:41:06.060+0000] {subprocess.py:93} INFO - [0m11:41:06  Concurrency: 4 threads (target='dev')
[2026-05-22T11:41:06.062+0000] {subprocess.py:93} INFO - [0m11:41:06
[2026-05-22T11:41:06.078+0000] {subprocess.py:93} INFO - [0m11:41:06  1 of 3 START sql view model price_intelligence_dbt.stg_prices .................. [RUN]
[2026-05-22T11:41:08.921+0000] {subprocess.py:93} INFO - [0m11:41:08  1 of 3 OK created sql view model price_intelligence_dbt.stg_prices ............. [[32mCREATE VIEW (0 processed)[0m in 2.84s]
[2026-05-22T11:41:08.931+0000] {subprocess.py:93} INFO - [0m11:41:08  2 of 3 START sql table model price_intelligence_dbt.prices_cleaned ............. [RUN]
[2026-05-22T11:41:13.420+0000] {subprocess.py:93} INFO - [0m11:41:13  2 of 3 OK created sql table model price_intelligence_dbt.prices_cleaned ........ [[32mCREATE TABLE (5.0k rows, 2.6 MiB processed)[0m in 4.48s]
[2026-05-22T11:41:13.427+0000] {subprocess.py:93} INFO - [0m11:41:13  3 of 3 START sql table model price_intelligence_dbt.prices_aggregated .......... [RUN]
[2026-05-22T11:41:18.122+0000] {subprocess.py:93} INFO - [0m11:41:18  3 of 3 OK created sql table model price_intelligence_dbt.prices_aggregated ..... [[32mCREATE TABLE (11.0 rows, 231.8 KiB processed)[0m in 4.69s]
[2026-05-22T11:41:18.133+0000] {subprocess.py:93} INFO - [0m11:41:18
[2026-05-22T11:41:18.135+0000] {subprocess.py:93} INFO - [0m11:41:18  Finished running 1 view model, 2 table models in 0 hours 0 minutes and 14.63 seconds (14.63s).
[2026-05-22T11:41:18.303+0000] {subprocess.py:93} INFO - [0m11:41:18
[2026-05-22T11:41:18.307+0000] {subprocess.py:93} INFO - [0m11:41:18  [32mCompleted successfully[0m
[2026-05-22T11:41:18.308+0000] {subprocess.py:93} INFO - [0m11:41:18
[2026-05-22T11:41:18.310+0000] {subprocess.py:93} INFO - [0m11:41:18  Done. PASS=3 WARN=0 ERROR=0 SKIP=0 TOTAL=3
[2026-05-22T11:41:22.782+0000] {subprocess.py:93} INFO - dbt done
[2026-05-22T11:41:22.791+0000] {subprocess.py:97} INFO - Command exited with return code 0
[2026-05-22T11:41:22.847+0000] {taskinstance.py:1138} INFO - Marking task as SUCCESS. dag_id=price_intelligence_pipeline, task_id=dbt_run, execution_date=20260521T220000, start_date=20260522T114057, end_date=20260522T114122
[2026-05-22T11:41:22.883+0000] {local_task_job_runner.py:234} INFO - Task exited with return code 0
[2026-05-22T11:41:22.925+0000] {taskinstance.py:3280} INFO - 1 downstream tasks scheduled from follow-on schedule check
