[2026-04-23T09:21:01.031+0000] {taskinstance.py:1956} INFO - Dependencies all met for dep_context=non-requeueable deps ti=<TaskInstance: price_intelligence_pipeline.load_postgres scheduled__2026-04-22T08:00:00+00:00 [queued]>
[2026-04-23T09:21:01.081+0000] {taskinstance.py:1956} INFO - Dependencies all met for dep_context=requeueable deps ti=<TaskInstance: price_intelligence_pipeline.load_postgres scheduled__2026-04-22T08:00:00+00:00 [queued]>
[2026-04-23T09:21:01.083+0000] {taskinstance.py:2170} INFO - Starting attempt 1 of 3
[2026-04-23T09:21:01.164+0000] {taskinstance.py:2191} INFO - Executing <Task(BashOperator): load_postgres> on 2026-04-22 08:00:00+00:00
[2026-04-23T09:21:01.192+0000] {standard_task_runner.py:60} INFO - Started process 8511 to run task
[2026-04-23T09:21:01.210+0000] {standard_task_runner.py:87} INFO - Running: ['***', 'tasks', 'run', 'price_intelligence_pipeline', 'load_postgres', 'scheduled__2026-04-22T08:00:00+00:00', '--job-id', '19', '--raw', '--subdir', 'DAGS_FOLDER/price_intelligence_dag.py', '--cfg-path', '/tmp/tmpnns7tzdt']
[2026-04-23T09:21:01.226+0000] {standard_task_runner.py:88} INFO - Job 19: Subtask load_postgres
[2026-04-23T09:21:01.525+0000] {task_command.py:423} INFO - Running <TaskInstance: price_intelligence_pipeline.load_postgres scheduled__2026-04-22T08:00:00+00:00 [running]> on host f3ebc944c42b
[2026-04-23T09:21:02.052+0000] {taskinstance.py:2480} INFO - Exporting env vars: AIRFLOW_CTX_DAG_OWNER='price_intelligence' AIRFLOW_CTX_DAG_ID='price_intelligence_pipeline' AIRFLOW_CTX_TASK_ID='load_postgres' AIRFLOW_CTX_EXECUTION_DATE='2026-04-22T08:00:00+00:00' AIRFLOW_CTX_TRY_NUMBER='1' AIRFLOW_CTX_DAG_RUN_ID='scheduled__2026-04-22T08:00:00+00:00'
[2026-04-23T09:21:02.064+0000] {subprocess.py:63} INFO - Tmp dir root location: /tmp
[2026-04-23T09:21:02.073+0000] {subprocess.py:75} INFO - Running command: ['/usr/bin/bash', '-c', '\n            psql postgresql://***:***@postgres:5432/*** -c "SELECT COUNT(*) FROM products_raw;"\n        ']
[2026-04-23T09:21:02.110+0000] {subprocess.py:86} INFO - Output:
[2026-04-23T09:21:02.754+0000] {subprocess.py:93} INFO -  count
[2026-04-23T09:21:02.762+0000] {subprocess.py:93} INFO - -------
[2026-04-23T09:21:02.765+0000] {subprocess.py:93} INFO -   5739
[2026-04-23T09:21:02.767+0000] {subprocess.py:93} INFO - (1 row)
[2026-04-23T09:21:02.771+0000] {subprocess.py:93} INFO - 
[2026-04-23T09:21:02.776+0000] {subprocess.py:97} INFO - Command exited with return code 0
[2026-04-23T09:21:02.925+0000] {taskinstance.py:1138} INFO - Marking task as SUCCESS. dag_id=price_intelligence_pipeline, task_id=load_postgres, execution_date=20260422T080000, start_date=20260423T092101, end_date=20260423T092102
[2026-04-23T09:21:03.065+0000] {local_task_job_runner.py:234} INFO - Task exited with return code 0
[2026-04-23T09:21:03.239+0000] {taskinstance.py:3280} INFO - 1 downstream tasks scheduled from follow-on schedule check
