[2026-05-25T12:16:27.116+0000] {taskinstance.py:1956} INFO - Dependencies all met for dep_context=non-requeueable deps ti=<TaskInstance: price_intelligence_pipeline.dbt_run scheduled__2026-05-25T06:00:00+00:00 [queued]>
[2026-05-25T12:16:27.143+0000] {taskinstance.py:1956} INFO - Dependencies all met for dep_context=requeueable deps ti=<TaskInstance: price_intelligence_pipeline.dbt_run scheduled__2026-05-25T06:00:00+00:00 [queued]>
[2026-05-25T12:16:27.144+0000] {taskinstance.py:2170} INFO - Starting attempt 1 of 2
[2026-05-25T12:16:27.172+0000] {taskinstance.py:2191} INFO - Executing <Task(BashOperator): dbt_run> on 2026-05-25 06:00:00+00:00
[2026-05-25T12:16:27.179+0000] {standard_task_runner.py:60} INFO - Started process 22960 to run task
[2026-05-25T12:16:27.184+0000] {standard_task_runner.py:87} INFO - Running: ['***', 'tasks', 'run', 'price_intelligence_pipeline', 'dbt_run', 'scheduled__2026-05-25T06:00:00+00:00', '--job-id', '1926', '--raw', '--subdir', 'DAGS_FOLDER/price_intelligence_dag.py', '--cfg-path', '/tmp/tmpbuzpy4ca']
[2026-05-25T12:16:27.187+0000] {standard_task_runner.py:88} INFO - Job 1926: Subtask dbt_run
[2026-05-25T12:16:27.260+0000] {task_command.py:423} INFO - Running <TaskInstance: price_intelligence_pipeline.dbt_run scheduled__2026-05-25T06:00:00+00:00 [running]> on host 91e0d3a0a233
[2026-05-25T12:16:27.370+0000] {taskinstance.py:2480} INFO - Exporting env vars: AIRFLOW_CTX_DAG_OWNER='***' AIRFLOW_CTX_DAG_ID='price_intelligence_pipeline' AIRFLOW_CTX_TASK_ID='dbt_run' AIRFLOW_CTX_EXECUTION_DATE='2026-05-25T06:00:00+00:00' AIRFLOW_CTX_TRY_NUMBER='1' AIRFLOW_CTX_DAG_RUN_ID='scheduled__2026-05-25T06:00:00+00:00'
[2026-05-25T12:16:27.371+0000] {subprocess.py:63} INFO - Tmp dir root location: /tmp
[2026-05-25T12:16:27.373+0000] {subprocess.py:75} INFO - Running command: ['/usr/bin/bash', '-c', '\n            set -e\n            cd /opt/***/dbt\n            export GOOGLE_APPLICATION_CREDENTIALS=/opt/***/gcp-credentials-new.json\n            /home/***/.local/bin/dbt run --full-refresh --profiles-dir . --project-dir .\n            echo dbt done\n        ']
[2026-05-25T12:16:27.386+0000] {subprocess.py:86} INFO - Output:
[2026-05-25T12:16:29.218+0000] {subprocess.py:93} INFO - [0m12:16:29  Running with dbt=1.8.7
[2026-05-25T12:16:30.283+0000] {subprocess.py:93} INFO - [0m12:16:30  Registered adapter: bigquery=1.8.3
[2026-05-25T12:16:31.110+0000] {subprocess.py:93} INFO - [0m12:16:31  Found 3 models, 1 seed, 7 data tests, 1 source, 479 macros
[2026-05-25T12:16:31.114+0000] {subprocess.py:93} INFO - [0m12:16:31
[2026-05-25T12:16:33.007+0000] {subprocess.py:93} INFO - [0m12:16:33  Concurrency: 4 threads (target='dev')
[2026-05-25T12:16:33.008+0000] {subprocess.py:93} INFO - [0m12:16:33
[2026-05-25T12:16:33.022+0000] {subprocess.py:93} INFO - [0m12:16:33  1 of 3 START sql view model price_intelligence_dbt.stg_prices .................. [RUN]
[2026-05-25T12:16:34.701+0000] {subprocess.py:93} INFO - [0m12:16:34  1 of 3 OK created sql view model price_intelligence_dbt.stg_prices ............. [[32mCREATE VIEW (0 processed)[0m in 1.67s]
[2026-05-25T12:16:34.709+0000] {subprocess.py:93} INFO - [0m12:16:34  2 of 3 START sql table model price_intelligence_dbt.prices_cleaned ............. [RUN]
[2026-05-25T12:16:39.095+0000] {subprocess.py:93} INFO - [0m12:16:39  2 of 3 OK created sql table model price_intelligence_dbt.prices_cleaned ........ [[32mCREATE TABLE (10.5k rows, 4.2 MiB processed)[0m in 4.38s]
[2026-05-25T12:16:39.099+0000] {subprocess.py:93} INFO - [0m12:16:39  3 of 3 START sql table model price_intelligence_dbt.prices_aggregated .......... [RUN]
[2026-05-25T12:16:42.550+0000] {subprocess.py:93} INFO - [0m12:16:42  3 of 3 OK created sql table model price_intelligence_dbt.prices_aggregated ..... [[32mCREATE TABLE (11.0 rows, 483.8 KiB processed)[0m in 3.45s]
[2026-05-25T12:16:42.558+0000] {subprocess.py:93} INFO - [0m12:16:42
[2026-05-25T12:16:42.559+0000] {subprocess.py:93} INFO - [0m12:16:42  Finished running 1 view model, 2 table models in 0 hours 0 minutes and 11.44 seconds (11.44s).
[2026-05-25T12:16:42.685+0000] {subprocess.py:93} INFO - [0m12:16:42
[2026-05-25T12:16:42.687+0000] {subprocess.py:93} INFO - [0m12:16:42  [32mCompleted successfully[0m
[2026-05-25T12:16:42.688+0000] {subprocess.py:93} INFO - [0m12:16:42
[2026-05-25T12:16:42.689+0000] {subprocess.py:93} INFO - [0m12:16:42  Done. PASS=3 WARN=0 ERROR=0 SKIP=0 TOTAL=3
[2026-05-25T12:16:47.136+0000] {subprocess.py:93} INFO - dbt done
[2026-05-25T12:16:47.143+0000] {subprocess.py:97} INFO - Command exited with return code 0
[2026-05-25T12:16:47.192+0000] {taskinstance.py:1138} INFO - Marking task as SUCCESS. dag_id=price_intelligence_pipeline, task_id=dbt_run, execution_date=20260525T060000, start_date=20260525T121627, end_date=20260525T121647
[2026-05-25T12:16:47.225+0000] {local_task_job_runner.py:234} INFO - Task exited with return code 0
[2026-05-25T12:16:47.263+0000] {taskinstance.py:3280} INFO - 1 downstream tasks scheduled from follow-on schedule check
