[2026-05-08T16:51:28.093+0000] {taskinstance.py:1956} INFO - Dependencies all met for dep_context=non-requeueable deps ti=<TaskInstance: price_intelligence_pipeline.scrape_avito scheduled__2026-05-08T15:00:00+00:00 [queued]>
[2026-05-08T16:51:28.132+0000] {taskinstance.py:1956} INFO - Dependencies all met for dep_context=requeueable deps ti=<TaskInstance: price_intelligence_pipeline.scrape_avito scheduled__2026-05-08T15:00:00+00:00 [queued]>
[2026-05-08T16:51:28.138+0000] {taskinstance.py:2170} INFO - Starting attempt 1 of 2
[2026-05-08T16:51:28.199+0000] {taskinstance.py:2191} INFO - Executing <Task(BashOperator): scrape_avito> on 2026-05-08 15:00:00+00:00
[2026-05-08T16:51:28.218+0000] {standard_task_runner.py:60} INFO - Started process 4478 to run task
[2026-05-08T16:51:28.238+0000] {standard_task_runner.py:87} INFO - Running: ['***', 'tasks', 'run', 'price_intelligence_pipeline', 'scrape_avito', 'scheduled__2026-05-08T15:00:00+00:00', '--job-id', '771', '--raw', '--subdir', 'DAGS_FOLDER/price_intelligence_dag.py', '--cfg-path', '/tmp/tmpupf1ktca']
[2026-05-08T16:51:28.246+0000] {standard_task_runner.py:88} INFO - Job 771: Subtask scrape_avito
[2026-05-08T16:51:28.640+0000] {task_command.py:423} INFO - Running <TaskInstance: price_intelligence_pipeline.scrape_avito scheduled__2026-05-08T15:00:00+00:00 [running]> on host 25ef6dfa8bdc
[2026-05-08T16:51:29.218+0000] {taskinstance.py:2480} INFO - Exporting env vars: AIRFLOW_CTX_DAG_OWNER='***' AIRFLOW_CTX_DAG_ID='price_intelligence_pipeline' AIRFLOW_CTX_TASK_ID='scrape_avito' AIRFLOW_CTX_EXECUTION_DATE='2026-05-08T15:00:00+00:00' AIRFLOW_CTX_TRY_NUMBER='1' AIRFLOW_CTX_DAG_RUN_ID='scheduled__2026-05-08T15:00:00+00:00'
[2026-05-08T16:51:29.231+0000] {subprocess.py:63} INFO - Tmp dir root location: /tmp
[2026-05-08T16:51:29.237+0000] {subprocess.py:75} INFO - Running command: ['/usr/bin/bash', '-c', '\n            cd /opt/***\n            mkdir -p data/raw\n            export DISPLAY=:99\n            python3 scrapers/spiders/avito_ma.py || echo "Avito done with warnings"\n        ']
[2026-05-08T16:51:29.283+0000] {subprocess.py:86} INFO - Output:
[2026-05-08T16:51:44.260+0000] {subprocess.py:93} INFO - Traceback (most recent call last):
[2026-05-08T16:51:44.262+0000] {subprocess.py:93} INFO -   File "scrapers/spiders/avito_ma.py", line 93, in <module>
[2026-05-08T16:51:44.264+0000] {subprocess.py:93} INFO -     scrape_avito()
[2026-05-08T16:51:44.265+0000] {subprocess.py:93} INFO -   File "scrapers/spiders/avito_ma.py", line 25, in scrape_avito
[2026-05-08T16:51:44.270+0000] {subprocess.py:93} INFO -     driver = webdriver.Chrome(service=Service(ChromeDriverManager().install()), options=options)
[2026-05-08T16:51:44.274+0000] {subprocess.py:93} INFO -   File "/home/***/.local/lib/python3.8/site-packages/selenium/webdriver/chrome/webdriver.py", line 45, in __init__
[2026-05-08T16:51:44.276+0000] {subprocess.py:93} INFO -     super().__init__(
[2026-05-08T16:51:44.277+0000] {subprocess.py:93} INFO -   File "/home/***/.local/lib/python3.8/site-packages/selenium/webdriver/chromium/webdriver.py", line 66, in __init__
[2026-05-08T16:51:44.278+0000] {subprocess.py:93} INFO -     super().__init__(command_executor=executor, options=options)
[2026-05-08T16:51:44.280+0000] {subprocess.py:93} INFO -   File "/home/***/.local/lib/python3.8/site-packages/selenium/webdriver/remote/webdriver.py", line 241, in __init__
[2026-05-08T16:51:44.285+0000] {subprocess.py:93} INFO -     self.start_session(capabilities)
[2026-05-08T16:51:44.289+0000] {subprocess.py:93} INFO -   File "/home/***/.local/lib/python3.8/site-packages/selenium/webdriver/remote/webdriver.py", line 329, in start_session
[2026-05-08T16:51:44.296+0000] {subprocess.py:93} INFO -     response = self.execute(Command.NEW_SESSION, caps)["value"]
[2026-05-08T16:51:44.303+0000] {subprocess.py:93} INFO -   File "/home/***/.local/lib/python3.8/site-packages/selenium/webdriver/remote/webdriver.py", line 384, in execute
[2026-05-08T16:51:44.307+0000] {subprocess.py:93} INFO -     self.error_handler.check_response(response)
[2026-05-08T16:51:44.311+0000] {subprocess.py:93} INFO -   File "/home/***/.local/lib/python3.8/site-packages/selenium/webdriver/remote/errorhandler.py", line 232, in check_response
[2026-05-08T16:51:44.317+0000] {subprocess.py:93} INFO -     raise exception_class(message, screen, stacktrace)
[2026-05-08T16:51:44.321+0000] {subprocess.py:93} INFO - selenium.common.exceptions.SessionNotCreatedException: Message: session not created: This version of ChromeDriver only supports Chrome version 114
[2026-05-08T16:51:44.323+0000] {subprocess.py:93} INFO - Current browser version is 147.0.7727.137 with binary path /usr/bin/chromium
[2026-05-08T16:51:44.325+0000] {subprocess.py:93} INFO - Stacktrace:
[2026-05-08T16:51:44.328+0000] {subprocess.py:93} INFO - #0 0x63ba423284e3 <unknown>
[2026-05-08T16:51:44.330+0000] {subprocess.py:93} INFO - #1 0x63ba42057c76 <unknown>
[2026-05-08T16:51:44.333+0000] {subprocess.py:93} INFO - #2 0x63ba4208504a <unknown>
[2026-05-08T16:51:44.335+0000] {subprocess.py:93} INFO - #3 0x63ba420804a1 <unknown>
[2026-05-08T16:51:44.336+0000] {subprocess.py:93} INFO - #4 0x63ba4207d029 <unknown>
[2026-05-08T16:51:44.339+0000] {subprocess.py:93} INFO - #5 0x63ba420bbccc <unknown>
[2026-05-08T16:51:44.342+0000] {subprocess.py:93} INFO - #6 0x63ba420bb47f <unknown>
[2026-05-08T16:51:44.345+0000] {subprocess.py:93} INFO - #7 0x63ba420b2de3 <unknown>
[2026-05-08T16:51:44.359+0000] {subprocess.py:93} INFO - #8 0x63ba420882dd <unknown>
[2026-05-08T16:51:44.360+0000] {subprocess.py:93} INFO - #9 0x63ba4208934e <unknown>
[2026-05-08T16:51:44.361+0000] {subprocess.py:93} INFO - #10 0x63ba422e83e4 <unknown>
[2026-05-08T16:51:44.370+0000] {subprocess.py:93} INFO - #11 0x63ba422ec3d7 <unknown>
[2026-05-08T16:51:44.373+0000] {subprocess.py:93} INFO - #12 0x63ba422f6b20 <unknown>
[2026-05-08T16:51:44.376+0000] {subprocess.py:93} INFO - #13 0x63ba422ed023 <unknown>
[2026-05-08T16:51:44.377+0000] {subprocess.py:93} INFO - #14 0x63ba422bb1aa <unknown>
[2026-05-08T16:51:44.378+0000] {subprocess.py:93} INFO - #15 0x63ba423116b8 <unknown>
[2026-05-08T16:51:44.380+0000] {subprocess.py:93} INFO - #16 0x63ba42311847 <unknown>
[2026-05-08T16:51:44.385+0000] {subprocess.py:93} INFO - #17 0x63ba42321243 <unknown>
[2026-05-08T16:51:44.387+0000] {subprocess.py:93} INFO - #18 0x75039e251134 <unknown>
[2026-05-08T16:51:44.391+0000] {subprocess.py:93} INFO - 
[2026-05-08T16:51:44.431+0000] {subprocess.py:93} INFO - Avito done with warnings
[2026-05-08T16:51:44.433+0000] {subprocess.py:97} INFO - Command exited with return code 0
[2026-05-08T16:51:44.604+0000] {taskinstance.py:1138} INFO - Marking task as SUCCESS. dag_id=price_intelligence_pipeline, task_id=scrape_avito, execution_date=20260508T150000, start_date=20260508T165128, end_date=20260508T165144
[2026-05-08T16:51:44.739+0000] {local_task_job_runner.py:234} INFO - Task exited with return code 0
[2026-05-08T16:51:44.858+0000] {taskinstance.py:3280} INFO - 0 downstream tasks scheduled from follow-on schedule check
