[2026-05-20T12:07:53.121+0000] {taskinstance.py:1956} INFO - Dependencies all met for dep_context=non-requeueable deps ti=<TaskInstance: price_intelligence_pipeline.dbt_run scheduled__2026-05-20T11:00:00+00:00 [queued]>
[2026-05-20T12:07:53.145+0000] {taskinstance.py:1956} INFO - Dependencies all met for dep_context=requeueable deps ti=<TaskInstance: price_intelligence_pipeline.dbt_run scheduled__2026-05-20T11:00:00+00:00 [queued]>
[2026-05-20T12:07:53.146+0000] {taskinstance.py:2170} INFO - Starting attempt 1 of 2
[2026-05-20T12:07:53.197+0000] {taskinstance.py:2191} INFO - Executing <Task(BashOperator): dbt_run> on 2026-05-20 11:00:00+00:00
[2026-05-20T12:07:53.218+0000] {standard_task_runner.py:60} INFO - Started process 59779 to run task
[2026-05-20T12:07:53.237+0000] {standard_task_runner.py:87} INFO - Running: ['***', 'tasks', 'run', 'price_intelligence_pipeline', 'dbt_run', 'scheduled__2026-05-20T11:00:00+00:00', '--job-id', '1535', '--raw', '--subdir', 'DAGS_FOLDER/price_intelligence_dag.py', '--cfg-path', '/tmp/tmp647oqems']
[2026-05-20T12:07:53.255+0000] {standard_task_runner.py:88} INFO - Job 1535: Subtask dbt_run
[2026-05-20T12:07:53.513+0000] {task_command.py:423} INFO - Running <TaskInstance: price_intelligence_pipeline.dbt_run scheduled__2026-05-20T11:00:00+00:00 [running]> on host 91e0d3a0a233
[2026-05-20T12:07:53.933+0000] {taskinstance.py:2480} INFO - Exporting env vars: AIRFLOW_CTX_DAG_OWNER='***' AIRFLOW_CTX_DAG_ID='price_intelligence_pipeline' AIRFLOW_CTX_TASK_ID='dbt_run' AIRFLOW_CTX_EXECUTION_DATE='2026-05-20T11:00:00+00:00' AIRFLOW_CTX_TRY_NUMBER='1' AIRFLOW_CTX_DAG_RUN_ID='scheduled__2026-05-20T11:00:00+00:00'
[2026-05-20T12:07:53.937+0000] {subprocess.py:63} INFO - Tmp dir root location: /tmp
[2026-05-20T12:07:53.942+0000] {subprocess.py:75} INFO - Running command: ['/usr/bin/bash', '-c', '\n            set -e\n            cd /opt/***/dbt\n            export GOOGLE_APPLICATION_CREDENTIALS=/opt/***/gcp-credentials-new.json\n            /home/***/.local/bin/dbt run --full-refresh --profiles-dir . --project-dir .\n            echo dbt done\n        ']
[2026-05-20T12:07:53.966+0000] {subprocess.py:86} INFO - Output:
[2026-05-20T12:07:59.813+0000] {subprocess.py:93} INFO - [0m12:07:59  Running with dbt=1.8.7
[2026-05-20T12:08:02.172+0000] {subprocess.py:93} INFO - [0m12:08:02  Registered adapter: bigquery=1.8.3
[2026-05-20T12:08:03.812+0000] {subprocess.py:93} INFO - [0m12:08:03  Found 3 models, 1 seed, 7 data tests, 1 source, 479 macros
[2026-05-20T12:08:03.820+0000] {subprocess.py:93} INFO - [0m12:08:03
[2026-05-20T12:08:05.658+0000] {subprocess.py:93} INFO - [0m12:08:05  Concurrency: 4 threads (target='dev')
[2026-05-20T12:08:05.660+0000] {subprocess.py:93} INFO - [0m12:08:05
[2026-05-20T12:08:05.677+0000] {subprocess.py:93} INFO - [0m12:08:05  1 of 3 START sql view model price_intelligence_dbt.stg_prices .................. [RUN]
[2026-05-20T12:08:07.444+0000] {subprocess.py:93} INFO - [0m12:08:07  1 of 3 OK created sql view model price_intelligence_dbt.stg_prices ............. [[32mCREATE VIEW (0 processed)[0m in 1.76s]
[2026-05-20T12:08:07.450+0000] {subprocess.py:93} INFO - [0m12:08:07  2 of 3 START sql table model price_intelligence_dbt.prices_cleaned ............. [RUN]
[2026-05-20T12:08:11.968+0000] {subprocess.py:93} INFO - [0m12:08:11  2 of 3 OK created sql table model price_intelligence_dbt.prices_cleaned ........ [[32mCREATE TABLE (5.0k rows, 2.6 MiB processed)[0m in 4.51s]
[2026-05-20T12:08:11.976+0000] {subprocess.py:93} INFO - [0m12:08:11  3 of 3 START sql table model price_intelligence_dbt.prices_aggregated .......... [RUN]
[2026-05-20T12:08:15.908+0000] {subprocess.py:93} INFO - [0m12:08:15  3 of 3 OK created sql table model price_intelligence_dbt.prices_aggregated ..... [[32mCREATE TABLE (11.0 rows, 231.8 KiB processed)[0m in 3.93s]
[2026-05-20T12:08:15.921+0000] {subprocess.py:93} INFO - [0m12:08:15
[2026-05-20T12:08:15.923+0000] {subprocess.py:93} INFO - [0m12:08:15  Finished running 1 view model, 2 table models in 0 hours 0 minutes and 12.10 seconds (12.10s).
[2026-05-20T12:08:16.139+0000] {subprocess.py:93} INFO - [0m12:08:16
[2026-05-20T12:08:16.142+0000] {subprocess.py:93} INFO - [0m12:08:16  [32mCompleted successfully[0m
[2026-05-20T12:08:16.143+0000] {subprocess.py:93} INFO - [0m12:08:16
[2026-05-20T12:08:16.146+0000] {subprocess.py:93} INFO - [0m12:08:16  Done. PASS=3 WARN=0 ERROR=0 SKIP=0 TOTAL=3
[2026-05-20T12:08:20.802+0000] {subprocess.py:93} INFO - dbt done
[2026-05-20T12:08:20.817+0000] {subprocess.py:97} INFO - Command exited with return code 0
[2026-05-20T12:08:20.900+0000] {taskinstance.py:1138} INFO - Marking task as SUCCESS. dag_id=price_intelligence_pipeline, task_id=dbt_run, execution_date=20260520T110000, start_date=20260520T120753, end_date=20260520T120820
[2026-05-20T12:08:20.994+0000] {local_task_job_runner.py:234} INFO - Task exited with return code 0
[2026-05-20T12:08:21.064+0000] {taskinstance.py:3280} INFO - 0 downstream tasks scheduled from follow-on schedule check
