[2026-05-18T12:00:23.078+0000] {taskinstance.py:1956} INFO - Dependencies all met for dep_context=non-requeueable deps ti=<TaskInstance: price_intelligence_pipeline.dbt_run scheduled__2026-05-18T11:00:00+00:00 [queued]>
[2026-05-18T12:00:23.093+0000] {taskinstance.py:1956} INFO - Dependencies all met for dep_context=requeueable deps ti=<TaskInstance: price_intelligence_pipeline.dbt_run scheduled__2026-05-18T11:00:00+00:00 [queued]>
[2026-05-18T12:00:23.094+0000] {taskinstance.py:2170} INFO - Starting attempt 1 of 2
[2026-05-18T12:00:23.117+0000] {taskinstance.py:2191} INFO - Executing <Task(BashOperator): dbt_run> on 2026-05-18 11:00:00+00:00
[2026-05-18T12:00:23.125+0000] {standard_task_runner.py:60} INFO - Started process 48225 to run task
[2026-05-18T12:00:23.130+0000] {standard_task_runner.py:87} INFO - Running: ['***', 'tasks', 'run', 'price_intelligence_pipeline', 'dbt_run', 'scheduled__2026-05-18T11:00:00+00:00', '--job-id', '1409', '--raw', '--subdir', 'DAGS_FOLDER/price_intelligence_dag.py', '--cfg-path', '/tmp/tmpwjtpgyji']
[2026-05-18T12:00:23.134+0000] {standard_task_runner.py:88} INFO - Job 1409: Subtask dbt_run
[2026-05-18T12:00:23.248+0000] {task_command.py:423} INFO - Running <TaskInstance: price_intelligence_pipeline.dbt_run scheduled__2026-05-18T11:00:00+00:00 [running]> on host 91e0d3a0a233
[2026-05-18T12:00:23.405+0000] {taskinstance.py:2480} INFO - Exporting env vars: AIRFLOW_CTX_DAG_OWNER='***' AIRFLOW_CTX_DAG_ID='price_intelligence_pipeline' AIRFLOW_CTX_TASK_ID='dbt_run' AIRFLOW_CTX_EXECUTION_DATE='2026-05-18T11:00:00+00:00' AIRFLOW_CTX_TRY_NUMBER='1' AIRFLOW_CTX_DAG_RUN_ID='scheduled__2026-05-18T11:00:00+00:00'
[2026-05-18T12:00:23.408+0000] {subprocess.py:63} INFO - Tmp dir root location: /tmp
[2026-05-18T12:00:23.410+0000] {subprocess.py:75} INFO - Running command: ['/usr/bin/bash', '-c', '\n            set -e\n            cd /opt/***/dbt\n            export GOOGLE_APPLICATION_CREDENTIALS=/opt/***/gcp-credentials-new.json\n            /home/***/.local/bin/dbt run --full-refresh --profiles-dir . --project-dir .\n            echo dbt done\n        ']
[2026-05-18T12:00:23.428+0000] {subprocess.py:86} INFO - Output:
[2026-05-18T12:00:26.715+0000] {subprocess.py:93} INFO - [0m12:00:26  Running with dbt=1.8.7
[2026-05-18T12:00:29.227+0000] {subprocess.py:93} INFO - [0m12:00:29  Registered adapter: bigquery=1.8.3
[2026-05-18T12:00:31.789+0000] {subprocess.py:93} INFO - [0m12:00:31  Found 3 models, 1 seed, 7 data tests, 1 source, 479 macros
[2026-05-18T12:00:31.801+0000] {subprocess.py:93} INFO - [0m12:00:31
[2026-05-18T12:00:41.098+0000] {subprocess.py:93} INFO - [0m12:00:41  Concurrency: 4 threads (target='dev')
[2026-05-18T12:00:41.101+0000] {subprocess.py:93} INFO - [0m12:00:41
[2026-05-18T12:00:41.130+0000] {subprocess.py:93} INFO - [0m12:00:41  1 of 3 START sql view model price_intelligence_dbt.stg_prices .................. [RUN]
[2026-05-18T12:00:42.928+0000] {subprocess.py:93} INFO - [0m12:00:42  1 of 3 OK created sql view model price_intelligence_dbt.stg_prices ............. [[32mCREATE VIEW (0 processed)[0m in 1.79s]
[2026-05-18T12:00:42.937+0000] {subprocess.py:93} INFO - [0m12:00:42  2 of 3 START sql table model price_intelligence_dbt.prices_cleaned ............. [RUN]
[2026-05-18T12:00:47.007+0000] {subprocess.py:93} INFO - [0m12:00:47  2 of 3 OK created sql table model price_intelligence_dbt.prices_cleaned ........ [[32mCREATE TABLE (5.0k rows, 2.6 MiB processed)[0m in 4.05s]
[2026-05-18T12:00:47.025+0000] {subprocess.py:93} INFO - [0m12:00:47  3 of 3 START sql table model price_intelligence_dbt.prices_aggregated .......... [RUN]
[2026-05-18T12:00:50.955+0000] {subprocess.py:93} INFO - [0m12:00:50  3 of 3 OK created sql table model price_intelligence_dbt.prices_aggregated ..... [[32mCREATE TABLE (11.0 rows, 231.8 KiB processed)[0m in 3.93s]
[2026-05-18T12:00:50.971+0000] {subprocess.py:93} INFO - [0m12:00:50
[2026-05-18T12:00:50.973+0000] {subprocess.py:93} INFO - [0m12:00:50  Finished running 1 view model, 2 table models in 0 hours 0 minutes and 19.17 seconds (19.17s).
[2026-05-18T12:00:51.155+0000] {subprocess.py:93} INFO - [0m12:00:51
[2026-05-18T12:00:51.157+0000] {subprocess.py:93} INFO - [0m12:00:51  [32mCompleted successfully[0m
[2026-05-18T12:00:51.158+0000] {subprocess.py:93} INFO - [0m12:00:51
[2026-05-18T12:00:51.160+0000] {subprocess.py:93} INFO - [0m12:00:51  Done. PASS=3 WARN=0 ERROR=0 SKIP=0 TOTAL=3
[2026-05-18T12:00:53.669+0000] {subprocess.py:93} INFO - dbt done
[2026-05-18T12:00:53.678+0000] {subprocess.py:97} INFO - Command exited with return code 0
[2026-05-18T12:00:53.728+0000] {taskinstance.py:1138} INFO - Marking task as SUCCESS. dag_id=price_intelligence_pipeline, task_id=dbt_run, execution_date=20260518T110000, start_date=20260518T120023, end_date=20260518T120053
[2026-05-18T12:00:53.780+0000] {local_task_job_runner.py:234} INFO - Task exited with return code 0
[2026-05-18T12:00:53.821+0000] {taskinstance.py:3280} INFO - 1 downstream tasks scheduled from follow-on schedule check
