[2026-05-24T00:01:51.410+0000] {taskinstance.py:1956} INFO - Dependencies all met for dep_context=non-requeueable deps ti=<TaskInstance: price_intelligence_pipeline.dbt_run scheduled__2026-05-23T18:00:00+00:00 [queued]>
[2026-05-24T00:01:51.424+0000] {taskinstance.py:1956} INFO - Dependencies all met for dep_context=requeueable deps ti=<TaskInstance: price_intelligence_pipeline.dbt_run scheduled__2026-05-23T18:00:00+00:00 [queued]>
[2026-05-24T00:01:51.425+0000] {taskinstance.py:2170} INFO - Starting attempt 1 of 2
[2026-05-24T00:01:51.446+0000] {taskinstance.py:2191} INFO - Executing <Task(BashOperator): dbt_run> on 2026-05-23 18:00:00+00:00
[2026-05-24T00:01:51.454+0000] {standard_task_runner.py:60} INFO - Started process 9682 to run task
[2026-05-24T00:01:51.459+0000] {standard_task_runner.py:87} INFO - Running: ['***', 'tasks', 'run', 'price_intelligence_pipeline', 'dbt_run', 'scheduled__2026-05-23T18:00:00+00:00', '--job-id', '1877', '--raw', '--subdir', 'DAGS_FOLDER/price_intelligence_dag.py', '--cfg-path', '/tmp/tmpz106cc8b']
[2026-05-24T00:01:51.462+0000] {standard_task_runner.py:88} INFO - Job 1877: Subtask dbt_run
[2026-05-24T00:01:51.569+0000] {task_command.py:423} INFO - Running <TaskInstance: price_intelligence_pipeline.dbt_run scheduled__2026-05-23T18:00:00+00:00 [running]> on host 91e0d3a0a233
[2026-05-24T00:01:51.711+0000] {taskinstance.py:2480} INFO - Exporting env vars: AIRFLOW_CTX_DAG_OWNER='***' AIRFLOW_CTX_DAG_ID='price_intelligence_pipeline' AIRFLOW_CTX_TASK_ID='dbt_run' AIRFLOW_CTX_EXECUTION_DATE='2026-05-23T18:00:00+00:00' AIRFLOW_CTX_TRY_NUMBER='1' AIRFLOW_CTX_DAG_RUN_ID='scheduled__2026-05-23T18:00:00+00:00'
[2026-05-24T00:01:51.715+0000] {subprocess.py:63} INFO - Tmp dir root location: /tmp
[2026-05-24T00:01:51.717+0000] {subprocess.py:75} INFO - Running command: ['/usr/bin/bash', '-c', '\n            set -e\n            cd /opt/***/dbt\n            export GOOGLE_APPLICATION_CREDENTIALS=/opt/***/gcp-credentials-new.json\n            /home/***/.local/bin/dbt run --full-refresh --profiles-dir . --project-dir .\n            echo dbt done\n        ']
[2026-05-24T00:01:51.733+0000] {subprocess.py:86} INFO - Output:
[2026-05-24T00:01:54.679+0000] {subprocess.py:93} INFO - [0m00:01:54  Running with dbt=1.8.7
[2026-05-24T00:01:56.242+0000] {subprocess.py:93} INFO - [0m00:01:56  Registered adapter: bigquery=1.8.3
[2026-05-24T00:01:57.557+0000] {subprocess.py:93} INFO - [0m00:01:57  Found 3 models, 1 seed, 7 data tests, 1 source, 479 macros
[2026-05-24T00:01:57.561+0000] {subprocess.py:93} INFO - [0m00:01:57
[2026-05-24T00:01:58.996+0000] {subprocess.py:93} INFO - [0m00:01:58  Concurrency: 4 threads (target='dev')
[2026-05-24T00:01:58.997+0000] {subprocess.py:93} INFO - [0m00:01:58
[2026-05-24T00:01:59.010+0000] {subprocess.py:93} INFO - [0m00:01:59  1 of 3 START sql view model price_intelligence_dbt.stg_prices .................. [RUN]
[2026-05-24T00:02:00.978+0000] {subprocess.py:93} INFO - [0m00:02:00  1 of 3 OK created sql view model price_intelligence_dbt.stg_prices ............. [[32mCREATE VIEW (0 processed)[0m in 1.96s]
[2026-05-24T00:02:00.983+0000] {subprocess.py:93} INFO - [0m00:02:00  2 of 3 START sql table model price_intelligence_dbt.prices_cleaned ............. [RUN]
[2026-05-24T00:02:04.798+0000] {subprocess.py:93} INFO - [0m00:02:04  2 of 3 OK created sql table model price_intelligence_dbt.prices_cleaned ........ [[32mCREATE TABLE (5.4k rows, 2.2 MiB processed)[0m in 3.81s]
[2026-05-24T00:02:04.805+0000] {subprocess.py:93} INFO - [0m00:02:04  3 of 3 START sql table model price_intelligence_dbt.prices_aggregated .......... [RUN]
[2026-05-24T00:02:08.062+0000] {subprocess.py:93} INFO - [0m00:02:08  3 of 3 OK created sql table model price_intelligence_dbt.prices_aggregated ..... [[32mCREATE TABLE (3.0 rows, 254.3 KiB processed)[0m in 3.25s]
[2026-05-24T00:02:08.071+0000] {subprocess.py:93} INFO - [0m00:02:08
[2026-05-24T00:02:08.072+0000] {subprocess.py:93} INFO - [0m00:02:08  Finished running 1 view model, 2 table models in 0 hours 0 minutes and 10.51 seconds (10.51s).
[2026-05-24T00:02:08.188+0000] {subprocess.py:93} INFO - [0m00:02:08
[2026-05-24T00:02:08.190+0000] {subprocess.py:93} INFO - [0m00:02:08  [32mCompleted successfully[0m
[2026-05-24T00:02:08.191+0000] {subprocess.py:93} INFO - [0m00:02:08
[2026-05-24T00:02:08.192+0000] {subprocess.py:93} INFO - [0m00:02:08  Done. PASS=3 WARN=0 ERROR=0 SKIP=0 TOTAL=3
[2026-05-24T00:02:12.543+0000] {subprocess.py:93} INFO - dbt done
[2026-05-24T00:02:12.549+0000] {subprocess.py:97} INFO - Command exited with return code 0
[2026-05-24T00:02:12.592+0000] {taskinstance.py:1138} INFO - Marking task as SUCCESS. dag_id=price_intelligence_pipeline, task_id=dbt_run, execution_date=20260523T180000, start_date=20260524T000151, end_date=20260524T000212
[2026-05-24T00:02:12.641+0000] {local_task_job_runner.py:234} INFO - Task exited with return code 0
[2026-05-24T00:02:12.676+0000] {taskinstance.py:3280} INFO - 1 downstream tasks scheduled from follow-on schedule check
