[2026-05-18T13:00:21.279+0000] {taskinstance.py:1956} INFO - Dependencies all met for dep_context=non-requeueable deps ti=<TaskInstance: price_intelligence_pipeline.dbt_run scheduled__2026-05-18T12:00:00+00:00 [queued]>
[2026-05-18T13:00:21.324+0000] {taskinstance.py:1956} INFO - Dependencies all met for dep_context=requeueable deps ti=<TaskInstance: price_intelligence_pipeline.dbt_run scheduled__2026-05-18T12:00:00+00:00 [queued]>
[2026-05-18T13:00:21.348+0000] {taskinstance.py:2170} INFO - Starting attempt 1 of 2
[2026-05-18T13:00:21.415+0000] {taskinstance.py:2191} INFO - Executing <Task(BashOperator): dbt_run> on 2026-05-18 12:00:00+00:00
[2026-05-18T13:00:21.434+0000] {standard_task_runner.py:60} INFO - Started process 49679 to run task
[2026-05-18T13:00:21.447+0000] {standard_task_runner.py:87} INFO - Running: ['***', 'tasks', 'run', 'price_intelligence_pipeline', 'dbt_run', 'scheduled__2026-05-18T12:00:00+00:00', '--job-id', '1418', '--raw', '--subdir', 'DAGS_FOLDER/price_intelligence_dag.py', '--cfg-path', '/tmp/tmpa081g_2g']
[2026-05-18T13:00:21.461+0000] {standard_task_runner.py:88} INFO - Job 1418: Subtask dbt_run
[2026-05-18T13:00:21.748+0000] {task_command.py:423} INFO - Running <TaskInstance: price_intelligence_pipeline.dbt_run scheduled__2026-05-18T12:00:00+00:00 [running]> on host 91e0d3a0a233
[2026-05-18T13:00:22.301+0000] {taskinstance.py:2480} INFO - Exporting env vars: AIRFLOW_CTX_DAG_OWNER='***' AIRFLOW_CTX_DAG_ID='price_intelligence_pipeline' AIRFLOW_CTX_TASK_ID='dbt_run' AIRFLOW_CTX_EXECUTION_DATE='2026-05-18T12:00:00+00:00' AIRFLOW_CTX_TRY_NUMBER='1' AIRFLOW_CTX_DAG_RUN_ID='scheduled__2026-05-18T12:00:00+00:00'
[2026-05-18T13:00:22.306+0000] {subprocess.py:63} INFO - Tmp dir root location: /tmp
[2026-05-18T13:00:22.311+0000] {subprocess.py:75} INFO - Running command: ['/usr/bin/bash', '-c', '\n            set -e\n            cd /opt/***/dbt\n            export GOOGLE_APPLICATION_CREDENTIALS=/opt/***/gcp-credentials-new.json\n            /home/***/.local/bin/dbt run --full-refresh --profiles-dir . --project-dir .\n            echo dbt done\n        ']
[2026-05-18T13:00:22.357+0000] {subprocess.py:86} INFO - Output:
[2026-05-18T13:00:29.618+0000] {subprocess.py:93} INFO - [0m13:00:29  Running with dbt=1.8.7
[2026-05-18T13:00:33.011+0000] {subprocess.py:93} INFO - [0m13:00:33  Registered adapter: bigquery=1.8.3
[2026-05-18T13:00:36.098+0000] {subprocess.py:93} INFO - [0m13:00:36  Found 3 models, 1 seed, 7 data tests, 1 source, 479 macros
[2026-05-18T13:00:36.110+0000] {subprocess.py:93} INFO - [0m13:00:36
[2026-05-18T13:00:38.247+0000] {subprocess.py:93} INFO - [0m13:00:38  Concurrency: 4 threads (target='dev')
[2026-05-18T13:00:38.250+0000] {subprocess.py:93} INFO - [0m13:00:38
[2026-05-18T13:00:38.285+0000] {subprocess.py:93} INFO - [0m13:00:38  1 of 3 START sql view model price_intelligence_dbt.stg_prices .................. [RUN]
[2026-05-18T13:00:40.175+0000] {subprocess.py:93} INFO - [0m13:00:40  1 of 3 OK created sql view model price_intelligence_dbt.stg_prices ............. [[32mCREATE VIEW (0 processed)[0m in 1.88s]
[2026-05-18T13:00:40.187+0000] {subprocess.py:93} INFO - [0m13:00:40  2 of 3 START sql table model price_intelligence_dbt.prices_cleaned ............. [RUN]
[2026-05-18T13:00:44.413+0000] {subprocess.py:93} INFO - [0m13:00:44  2 of 3 OK created sql table model price_intelligence_dbt.prices_cleaned ........ [[32mCREATE TABLE (5.0k rows, 2.6 MiB processed)[0m in 4.22s]
[2026-05-18T13:00:44.424+0000] {subprocess.py:93} INFO - [0m13:00:44  3 of 3 START sql table model price_intelligence_dbt.prices_aggregated .......... [RUN]
[2026-05-18T13:00:47.937+0000] {subprocess.py:93} INFO - [0m13:00:47  3 of 3 OK created sql table model price_intelligence_dbt.prices_aggregated ..... [[32mCREATE TABLE (11.0 rows, 231.8 KiB processed)[0m in 3.51s]
[2026-05-18T13:00:47.951+0000] {subprocess.py:93} INFO - [0m13:00:47
[2026-05-18T13:00:47.952+0000] {subprocess.py:93} INFO - [0m13:00:47  Finished running 1 view model, 2 table models in 0 hours 0 minutes and 11.84 seconds (11.84s).
[2026-05-18T13:00:48.158+0000] {subprocess.py:93} INFO - [0m13:00:48
[2026-05-18T13:00:48.160+0000] {subprocess.py:93} INFO - [0m13:00:48  [32mCompleted successfully[0m
[2026-05-18T13:00:48.162+0000] {subprocess.py:93} INFO - [0m13:00:48
[2026-05-18T13:00:48.163+0000] {subprocess.py:93} INFO - [0m13:00:48  Done. PASS=3 WARN=0 ERROR=0 SKIP=0 TOTAL=3
[2026-05-18T13:00:50.730+0000] {subprocess.py:93} INFO - dbt done
[2026-05-18T13:00:50.751+0000] {subprocess.py:97} INFO - Command exited with return code 0
[2026-05-18T13:00:50.833+0000] {taskinstance.py:1138} INFO - Marking task as SUCCESS. dag_id=price_intelligence_pipeline, task_id=dbt_run, execution_date=20260518T120000, start_date=20260518T130021, end_date=20260518T130050
[2026-05-18T13:00:50.875+0000] {local_task_job_runner.py:234} INFO - Task exited with return code 0
[2026-05-18T13:00:50.929+0000] {taskinstance.py:3280} INFO - 1 downstream tasks scheduled from follow-on schedule check
