[2026-05-06T20:47:16.136+0000] {taskinstance.py:1956} INFO - Dependencies all met for dep_context=non-requeueable deps ti=<TaskInstance: price_intelligence_pipeline.dbt_run scheduled__2026-05-06T19:00:00+00:00 [queued]>
[2026-05-06T20:47:16.178+0000] {taskinstance.py:1956} INFO - Dependencies all met for dep_context=requeueable deps ti=<TaskInstance: price_intelligence_pipeline.dbt_run scheduled__2026-05-06T19:00:00+00:00 [queued]>
[2026-05-06T20:47:16.180+0000] {taskinstance.py:2170} INFO - Starting attempt 1 of 2
[2026-05-06T20:47:16.262+0000] {taskinstance.py:2191} INFO - Executing <Task(BashOperator): dbt_run> on 2026-05-06 19:00:00+00:00
[2026-05-06T20:47:16.282+0000] {standard_task_runner.py:60} INFO - Started process 22851 to run task
[2026-05-06T20:47:16.305+0000] {standard_task_runner.py:87} INFO - Running: ['***', 'tasks', 'run', 'price_intelligence_pipeline', 'dbt_run', 'scheduled__2026-05-06T19:00:00+00:00', '--job-id', '625', '--raw', '--subdir', 'DAGS_FOLDER/price_intelligence_dag.py', '--cfg-path', '/tmp/tmppkkw2pma']
[2026-05-06T20:47:16.321+0000] {standard_task_runner.py:88} INFO - Job 625: Subtask dbt_run
[2026-05-06T20:47:16.728+0000] {task_command.py:423} INFO - Running <TaskInstance: price_intelligence_pipeline.dbt_run scheduled__2026-05-06T19:00:00+00:00 [running]> on host 25ef6dfa8bdc
[2026-05-06T20:47:17.091+0000] {taskinstance.py:2480} INFO - Exporting env vars: AIRFLOW_CTX_DAG_OWNER='***' AIRFLOW_CTX_DAG_ID='price_intelligence_pipeline' AIRFLOW_CTX_TASK_ID='dbt_run' AIRFLOW_CTX_EXECUTION_DATE='2026-05-06T19:00:00+00:00' AIRFLOW_CTX_TRY_NUMBER='1' AIRFLOW_CTX_DAG_RUN_ID='scheduled__2026-05-06T19:00:00+00:00'
[2026-05-06T20:47:17.097+0000] {subprocess.py:63} INFO - Tmp dir root location: /tmp
[2026-05-06T20:47:17.101+0000] {subprocess.py:75} INFO - Running command: ['/usr/bin/bash', '-c', '\n            set -e\n            cd /opt/***/dbt\n            export GOOGLE_APPLICATION_CREDENTIALS=/opt/***/gcp-credentials-new.json\n            /home/***/.local/bin/dbt run --select stg_prices --profiles-dir . --project-dir .\n            /home/***/.local/bin/dbt run --select prices_cleaned --profiles-dir . --project-dir .\n            /home/***/.local/bin/dbt run --select prices_aggregated --profiles-dir . --project-dir .\n            echo dbt done\n        ']
[2026-05-06T20:47:17.131+0000] {subprocess.py:86} INFO - Output:
[2026-05-06T20:47:24.117+0000] {subprocess.py:93} INFO - [0m20:47:24  Running with dbt=1.8.7
[2026-05-06T20:47:29.435+0000] {subprocess.py:93} INFO - [0m20:47:29  Registered adapter: bigquery=1.8.3
[2026-05-06T20:47:32.587+0000] {subprocess.py:93} INFO - [0m20:47:32  Found 3 models, 1 seed, 7 data tests, 1 source, 479 macros
[2026-05-06T20:47:32.597+0000] {subprocess.py:93} INFO - [0m20:47:32
[2026-05-06T20:47:35.001+0000] {subprocess.py:93} INFO - [0m20:47:35  Concurrency: 4 threads (target='dev')
[2026-05-06T20:47:35.003+0000] {subprocess.py:93} INFO - [0m20:47:35
[2026-05-06T20:47:35.026+0000] {subprocess.py:93} INFO - [0m20:47:35  1 of 1 START sql view model price_intelligence_dbt.stg_prices .................. [RUN]
[2026-05-06T20:47:39.308+0000] {subprocess.py:93} INFO - [0m20:47:39  BigQuery adapter: https://console.cloud.google.com/bigquery?project=project-32a82952-90fa-4dd7-b9c&j=bq:US:90ed9216-90d2-4ea3-8b5a-9c97e8814545&page=queryresults
[2026-05-06T20:47:39.340+0000] {subprocess.py:93} INFO - [0m20:47:39  1 of 1 ERROR creating sql view model price_intelligence_dbt.stg_prices ......... [[31mERROR[0m in 4.30s]
[2026-05-06T20:47:39.357+0000] {subprocess.py:93} INFO - [0m20:47:39
[2026-05-06T20:47:39.359+0000] {subprocess.py:93} INFO - [0m20:47:39  Finished running 1 view model in 0 hours 0 minutes and 6.76 seconds (6.76s).
[2026-05-06T20:47:39.603+0000] {subprocess.py:93} INFO - [0m20:47:39
[2026-05-06T20:47:39.604+0000] {subprocess.py:93} INFO - [0m20:47:39  [31mCompleted with 1 error and 0 warnings:[0m
[2026-05-06T20:47:39.615+0000] {subprocess.py:93} INFO - [0m20:47:39
[2026-05-06T20:47:39.618+0000] {subprocess.py:93} INFO - [0m20:47:39    Database Error in model stg_prices (models/staging/stg_prices.sql)
[2026-05-06T20:47:39.620+0000] {subprocess.py:93} INFO -   Unrecognized name: old_price at [11:10]
[2026-05-06T20:47:39.625+0000] {subprocess.py:93} INFO -   compiled code at target/run/price_intelligence/models/staging/stg_prices.sql
[2026-05-06T20:47:39.626+0000] {subprocess.py:93} INFO - [0m20:47:39
[2026-05-06T20:47:39.627+0000] {subprocess.py:93} INFO - [0m20:47:39  Done. PASS=0 WARN=0 ERROR=1 SKIP=0 TOTAL=1
[2026-05-06T20:47:44.953+0000] {subprocess.py:97} INFO - Command exited with return code 1
[2026-05-06T20:47:45.008+0000] {taskinstance.py:2698} ERROR - Task failed with exception
Traceback (most recent call last):
  File "/home/airflow/.local/lib/python3.8/site-packages/airflow/models/taskinstance.py", line 428, in _execute_task
    result = execute_callable(context=context, **execute_callable_kwargs)
  File "/home/airflow/.local/lib/python3.8/site-packages/airflow/operators/bash.py", line 212, in execute
    raise AirflowException(
airflow.exceptions.AirflowException: Bash command failed. The command returned a non-zero exit code 1.
[2026-05-06T20:47:45.028+0000] {taskinstance.py:1138} INFO - Marking task as UP_FOR_RETRY. dag_id=price_intelligence_pipeline, task_id=dbt_run, execution_date=20260506T190000, start_date=20260506T204716, end_date=20260506T204745
[2026-05-06T20:47:45.092+0000] {standard_task_runner.py:107} ERROR - Failed to execute job 625 for task dbt_run (Bash command failed. The command returned a non-zero exit code 1.; 22851)
[2026-05-06T20:47:45.148+0000] {local_task_job_runner.py:234} INFO - Task exited with return code 1
[2026-05-06T20:47:45.241+0000] {taskinstance.py:3280} INFO - 0 downstream tasks scheduled from follow-on schedule check
