[2026-05-07T22:42:05.810+0000] {taskinstance.py:1956} INFO - Dependencies all met for dep_context=non-requeueable deps ti=<TaskInstance: price_intelligence_pipeline.scrape_amazon manual__2026-05-07T22:42:03.666246+00:00 [queued]>
[2026-05-07T22:42:05.843+0000] {taskinstance.py:1956} INFO - Dependencies all met for dep_context=requeueable deps ti=<TaskInstance: price_intelligence_pipeline.scrape_amazon manual__2026-05-07T22:42:03.666246+00:00 [queued]>
[2026-05-07T22:42:05.845+0000] {taskinstance.py:2170} INFO - Starting attempt 1 of 2
[2026-05-07T22:42:05.917+0000] {taskinstance.py:2191} INFO - Executing <Task(BashOperator): scrape_amazon> on 2026-05-07 22:42:03.666246+00:00
[2026-05-07T22:42:05.935+0000] {standard_task_runner.py:60} INFO - Started process 2837 to run task
[2026-05-07T22:42:05.945+0000] {standard_task_runner.py:87} INFO - Running: ['***', 'tasks', 'run', 'price_intelligence_pipeline', 'scrape_amazon', 'manual__2026-05-07T22:42:03.666246+00:00', '--job-id', '739', '--raw', '--subdir', 'DAGS_FOLDER/price_intelligence_dag.py', '--cfg-path', '/tmp/tmp8x537eeq']
[2026-05-07T22:42:05.958+0000] {standard_task_runner.py:88} INFO - Job 739: Subtask scrape_amazon
[2026-05-07T22:42:06.366+0000] {task_command.py:423} INFO - Running <TaskInstance: price_intelligence_pipeline.scrape_amazon manual__2026-05-07T22:42:03.666246+00:00 [running]> on host 25ef6dfa8bdc
[2026-05-07T22:42:06.974+0000] {taskinstance.py:2480} INFO - Exporting env vars: AIRFLOW_CTX_DAG_OWNER='***' AIRFLOW_CTX_DAG_ID='price_intelligence_pipeline' AIRFLOW_CTX_TASK_ID='scrape_amazon' AIRFLOW_CTX_EXECUTION_DATE='2026-05-07T22:42:03.666246+00:00' AIRFLOW_CTX_TRY_NUMBER='1' AIRFLOW_CTX_DAG_RUN_ID='manual__2026-05-07T22:42:03.666246+00:00'
[2026-05-07T22:42:06.995+0000] {subprocess.py:63} INFO - Tmp dir root location: /tmp
[2026-05-07T22:42:07.018+0000] {subprocess.py:75} INFO - Running command: ['/usr/bin/bash', '-c', '\n            cd /opt/***\n            mkdir -p data/raw\n            export DISPLAY=:99\n            python3 scrapers/spiders/amazon_ma.py || echo "Amazon done with warnings"\n        ']
[2026-05-07T22:42:07.056+0000] {subprocess.py:86} INFO - Output:
[2026-05-07T22:42:15.291+0000] {subprocess.py:93} INFO - Traceback (most recent call last):
[2026-05-07T22:42:15.294+0000] {subprocess.py:93} INFO -   File "/home/***/.local/lib/python3.8/site-packages/urllib3/connection.py", line 174, in _new_conn
[2026-05-07T22:42:15.296+0000] {subprocess.py:93} INFO -     conn = connection.create_connection(
[2026-05-07T22:42:15.299+0000] {subprocess.py:93} INFO -   File "/home/***/.local/lib/python3.8/site-packages/urllib3/util/connection.py", line 72, in create_connection
[2026-05-07T22:42:15.301+0000] {subprocess.py:93} INFO -     for res in socket.getaddrinfo(host, port, family, socket.SOCK_STREAM):
[2026-05-07T22:42:15.302+0000] {subprocess.py:93} INFO -   File "/usr/local/lib/python3.8/socket.py", line 918, in getaddrinfo
[2026-05-07T22:42:15.303+0000] {subprocess.py:93} INFO -     for res in _socket.getaddrinfo(host, port, family, type, proto, flags):
[2026-05-07T22:42:15.304+0000] {subprocess.py:93} INFO - socket.gaierror: [Errno -5] No address associated with hostname
[2026-05-07T22:42:15.305+0000] {subprocess.py:93} INFO - 
[2026-05-07T22:42:15.306+0000] {subprocess.py:93} INFO - During handling of the above exception, another exception occurred:
[2026-05-07T22:42:15.310+0000] {subprocess.py:93} INFO - 
[2026-05-07T22:42:15.311+0000] {subprocess.py:93} INFO - Traceback (most recent call last):
[2026-05-07T22:42:15.312+0000] {subprocess.py:93} INFO -   File "/home/***/.local/lib/python3.8/site-packages/urllib3/connectionpool.py", line 715, in urlopen
[2026-05-07T22:42:15.314+0000] {subprocess.py:93} INFO -     httplib_response = self._make_request(
[2026-05-07T22:42:15.316+0000] {subprocess.py:93} INFO -   File "/home/***/.local/lib/python3.8/site-packages/urllib3/connectionpool.py", line 404, in _make_request
[2026-05-07T22:42:15.317+0000] {subprocess.py:93} INFO -     self._validate_conn(conn)
[2026-05-07T22:42:15.320+0000] {subprocess.py:93} INFO -   File "/home/***/.local/lib/python3.8/site-packages/urllib3/connectionpool.py", line 1058, in _validate_conn
[2026-05-07T22:42:15.324+0000] {subprocess.py:93} INFO -     conn.connect()
[2026-05-07T22:42:15.326+0000] {subprocess.py:93} INFO -   File "/home/***/.local/lib/python3.8/site-packages/urllib3/connection.py", line 363, in connect
[2026-05-07T22:42:15.327+0000] {subprocess.py:93} INFO -     self.sock = conn = self._new_conn()
[2026-05-07T22:42:15.328+0000] {subprocess.py:93} INFO -   File "/home/***/.local/lib/python3.8/site-packages/urllib3/connection.py", line 186, in _new_conn
[2026-05-07T22:42:15.329+0000] {subprocess.py:93} INFO -     raise NewConnectionError(
[2026-05-07T22:42:15.330+0000] {subprocess.py:93} INFO - urllib3.exceptions.NewConnectionError: <urllib3.connection.HTTPSConnection object at 0x7255cee593d0>: Failed to establish a new connection: [Errno -5] No address associated with hostname
[2026-05-07T22:42:15.332+0000] {subprocess.py:93} INFO - 
[2026-05-07T22:42:15.333+0000] {subprocess.py:93} INFO - During handling of the above exception, another exception occurred:
[2026-05-07T22:42:15.333+0000] {subprocess.py:93} INFO - 
[2026-05-07T22:42:15.335+0000] {subprocess.py:93} INFO - Traceback (most recent call last):
[2026-05-07T22:42:15.336+0000] {subprocess.py:93} INFO -   File "/home/***/.local/lib/python3.8/site-packages/requests/adapters.py", line 486, in send
[2026-05-07T22:42:15.338+0000] {subprocess.py:93} INFO -     resp = conn.urlopen(
[2026-05-07T22:42:15.342+0000] {subprocess.py:93} INFO -   File "/home/***/.local/lib/python3.8/site-packages/urllib3/connectionpool.py", line 799, in urlopen
[2026-05-07T22:42:15.343+0000] {subprocess.py:93} INFO -     retries = retries.increment(
[2026-05-07T22:42:15.344+0000] {subprocess.py:93} INFO -   File "/home/***/.local/lib/python3.8/site-packages/urllib3/util/retry.py", line 592, in increment
[2026-05-07T22:42:15.348+0000] {subprocess.py:93} INFO -     raise MaxRetryError(_pool, url, error or ResponseError(cause))
[2026-05-07T22:42:15.349+0000] {subprocess.py:93} INFO - urllib3.exceptions.MaxRetryError: HTTPSConnectionPool(host='chromedriver.storage.googleapis.com', port=443): Max retries exceeded with url: /LATEST_RELEASE (Caused by NewConnectionError('<urllib3.connection.HTTPSConnection object at 0x7255cee593d0>: Failed to establish a new connection: [Errno -5] No address associated with hostname'))
[2026-05-07T22:42:15.350+0000] {subprocess.py:93} INFO - 
[2026-05-07T22:42:15.354+0000] {subprocess.py:93} INFO - During handling of the above exception, another exception occurred:
[2026-05-07T22:42:15.358+0000] {subprocess.py:93} INFO - 
[2026-05-07T22:42:15.360+0000] {subprocess.py:93} INFO - Traceback (most recent call last):
[2026-05-07T22:42:15.362+0000] {subprocess.py:93} INFO -   File "/home/***/.local/lib/python3.8/site-packages/webdriver_manager/core/http.py", line 32, in get
[2026-05-07T22:42:15.364+0000] {subprocess.py:93} INFO -     resp = requests.get(
[2026-05-07T22:42:15.366+0000] {subprocess.py:93} INFO -   File "/home/***/.local/lib/python3.8/site-packages/requests/api.py", line 73, in get
[2026-05-07T22:42:15.368+0000] {subprocess.py:93} INFO -     return request("get", url, params=params, **kwargs)
[2026-05-07T22:42:15.374+0000] {subprocess.py:93} INFO -   File "/home/***/.local/lib/python3.8/site-packages/requests/api.py", line 59, in request
[2026-05-07T22:42:15.375+0000] {subprocess.py:93} INFO -     return session.request(method=method, url=url, **kwargs)
[2026-05-07T22:42:15.377+0000] {subprocess.py:93} INFO -   File "/home/***/.local/lib/python3.8/site-packages/requests/sessions.py", line 589, in request
[2026-05-07T22:42:15.378+0000] {subprocess.py:93} INFO -     resp = self.send(prep, **send_kwargs)
[2026-05-07T22:42:15.382+0000] {subprocess.py:93} INFO -   File "/home/***/.local/lib/python3.8/site-packages/requests/sessions.py", line 703, in send
[2026-05-07T22:42:15.384+0000] {subprocess.py:93} INFO -     r = adapter.send(request, **kwargs)
[2026-05-07T22:42:15.385+0000] {subprocess.py:93} INFO -   File "/home/***/.local/lib/python3.8/site-packages/requests/adapters.py", line 519, in send
[2026-05-07T22:42:15.391+0000] {subprocess.py:93} INFO -     raise ConnectionError(e, request=request)
[2026-05-07T22:42:15.392+0000] {subprocess.py:93} INFO - requests.exceptions.ConnectionError: HTTPSConnectionPool(host='chromedriver.storage.googleapis.com', port=443): Max retries exceeded with url: /LATEST_RELEASE (Caused by NewConnectionError('<urllib3.connection.HTTPSConnection object at 0x7255cee593d0>: Failed to establish a new connection: [Errno -5] No address associated with hostname'))
[2026-05-07T22:42:15.393+0000] {subprocess.py:93} INFO - 
[2026-05-07T22:42:15.394+0000] {subprocess.py:93} INFO - During handling of the above exception, another exception occurred:
[2026-05-07T22:42:15.395+0000] {subprocess.py:93} INFO - 
[2026-05-07T22:42:15.398+0000] {subprocess.py:93} INFO - Traceback (most recent call last):
[2026-05-07T22:42:15.399+0000] {subprocess.py:93} INFO -   File "scrapers/spiders/amazon_ma.py", line 147, in <module>
[2026-05-07T22:42:15.400+0000] {subprocess.py:93} INFO -     scrape_amazon()
[2026-05-07T22:42:15.401+0000] {subprocess.py:93} INFO -   File "scrapers/spiders/amazon_ma.py", line 55, in scrape_amazon
[2026-05-07T22:42:15.402+0000] {subprocess.py:93} INFO -     driver = get_driver()
[2026-05-07T22:42:15.407+0000] {subprocess.py:93} INFO -   File "scrapers/spiders/amazon_ma.py", line 47, in get_driver
[2026-05-07T22:42:15.408+0000] {subprocess.py:93} INFO -     driver = webdriver.Chrome(service=Service(ChromeDriverManager().install()), options=opts)
[2026-05-07T22:42:15.409+0000] {subprocess.py:93} INFO -   File "/home/***/.local/lib/python3.8/site-packages/webdriver_manager/chrome.py", line 40, in install
[2026-05-07T22:42:15.411+0000] {subprocess.py:93} INFO -     driver_path = self._get_driver_binary_path(self.driver)
[2026-05-07T22:42:15.412+0000] {subprocess.py:93} INFO -   File "/home/***/.local/lib/python3.8/site-packages/webdriver_manager/core/manager.py", line 40, in _get_driver_binary_path
[2026-05-07T22:42:15.416+0000] {subprocess.py:93} INFO -     file = self._download_manager.download_file(driver.get_driver_download_url(os_type))
[2026-05-07T22:42:15.418+0000] {subprocess.py:93} INFO -   File "/home/***/.local/lib/python3.8/site-packages/webdriver_manager/drivers/chrome.py", line 32, in get_driver_download_url
[2026-05-07T22:42:15.424+0000] {subprocess.py:93} INFO -     driver_version_to_download = self.get_driver_version_to_download()
[2026-05-07T22:42:15.428+0000] {subprocess.py:93} INFO -   File "/home/***/.local/lib/python3.8/site-packages/webdriver_manager/core/driver.py", line 48, in get_driver_version_to_download
[2026-05-07T22:42:15.429+0000] {subprocess.py:93} INFO -     return self.get_latest_release_version()
[2026-05-07T22:42:15.430+0000] {subprocess.py:93} INFO -   File "/home/***/.local/lib/python3.8/site-packages/webdriver_manager/drivers/chrome.py", line 70, in get_latest_release_version
[2026-05-07T22:42:15.432+0000] {subprocess.py:93} INFO -     resp = self._http_client.get(url=latest_release_url)
[2026-05-07T22:42:15.433+0000] {subprocess.py:93} INFO -   File "/home/***/.local/lib/python3.8/site-packages/webdriver_manager/core/http.py", line 35, in get
[2026-05-07T22:42:15.434+0000] {subprocess.py:93} INFO -     raise exceptions.ConnectionError(f"Could not reach host. Are you offline?")
[2026-05-07T22:42:15.437+0000] {subprocess.py:93} INFO - requests.exceptions.ConnectionError: Could not reach host. Are you offline?
[2026-05-07T22:42:15.442+0000] {subprocess.py:93} INFO - Amazon done with warnings
[2026-05-07T22:42:15.443+0000] {subprocess.py:97} INFO - Command exited with return code 0
[2026-05-07T22:42:15.525+0000] {taskinstance.py:1138} INFO - Marking task as SUCCESS. dag_id=price_intelligence_pipeline, task_id=scrape_amazon, execution_date=20260507T224203, start_date=20260507T224205, end_date=20260507T224215
[2026-05-07T22:42:15.600+0000] {local_task_job_runner.py:234} INFO - Task exited with return code 0
[2026-05-07T22:42:15.681+0000] {taskinstance.py:3280} INFO - 0 downstream tasks scheduled from follow-on schedule check
