[2026-05-14T11:00:22.075+0000] {taskinstance.py:1956} INFO - Dependencies all met for dep_context=non-requeueable deps ti=<TaskInstance: price_intelligence_pipeline.dbt_run scheduled__2026-05-14T10:00:00+00:00 [queued]>
[2026-05-14T11:00:22.108+0000] {taskinstance.py:1956} INFO - Dependencies all met for dep_context=requeueable deps ti=<TaskInstance: price_intelligence_pipeline.dbt_run scheduled__2026-05-14T10:00:00+00:00 [queued]>
[2026-05-14T11:00:22.109+0000] {taskinstance.py:2170} INFO - Starting attempt 1 of 2
[2026-05-14T11:00:22.173+0000] {taskinstance.py:2191} INFO - Executing <Task(BashOperator): dbt_run> on 2026-05-14 10:00:00+00:00
[2026-05-14T11:00:22.189+0000] {standard_task_runner.py:60} INFO - Started process 23426 to run task
[2026-05-14T11:00:22.204+0000] {standard_task_runner.py:87} INFO - Running: ['***', 'tasks', 'run', 'price_intelligence_pipeline', 'dbt_run', 'scheduled__2026-05-14T10:00:00+00:00', '--job-id', '1155', '--raw', '--subdir', 'DAGS_FOLDER/price_intelligence_dag.py', '--cfg-path', '/tmp/tmpws_2s5c8']
[2026-05-14T11:00:22.211+0000] {standard_task_runner.py:88} INFO - Job 1155: Subtask dbt_run
[2026-05-14T11:00:22.419+0000] {task_command.py:423} INFO - Running <TaskInstance: price_intelligence_pipeline.dbt_run scheduled__2026-05-14T10:00:00+00:00 [running]> on host 91e0d3a0a233
[2026-05-14T11:00:22.705+0000] {taskinstance.py:2480} INFO - Exporting env vars: AIRFLOW_CTX_DAG_OWNER='***' AIRFLOW_CTX_DAG_ID='price_intelligence_pipeline' AIRFLOW_CTX_TASK_ID='dbt_run' AIRFLOW_CTX_EXECUTION_DATE='2026-05-14T10:00:00+00:00' AIRFLOW_CTX_TRY_NUMBER='1' AIRFLOW_CTX_DAG_RUN_ID='scheduled__2026-05-14T10:00:00+00:00'
[2026-05-14T11:00:22.709+0000] {subprocess.py:63} INFO - Tmp dir root location: /tmp
[2026-05-14T11:00:22.714+0000] {subprocess.py:75} INFO - Running command: ['/usr/bin/bash', '-c', '\n            set -e\n            cd /opt/***/dbt\n            export GOOGLE_APPLICATION_CREDENTIALS=/opt/***/gcp-credentials-new.json\n            /home/***/.local/bin/dbt run --full-refresh --profiles-dir . --project-dir .\n            echo dbt done\n        ']
[2026-05-14T11:00:22.743+0000] {subprocess.py:86} INFO - Output:
[2026-05-14T11:00:29.115+0000] {subprocess.py:93} INFO - [0m11:00:29  Running with dbt=1.8.7
[2026-05-14T11:00:32.765+0000] {subprocess.py:93} INFO - [0m11:00:32  Registered adapter: bigquery=1.8.3
[2026-05-14T11:00:35.339+0000] {subprocess.py:93} INFO - [0m11:00:35  Found 3 models, 1 seed, 7 data tests, 1 source, 479 macros
[2026-05-14T11:00:35.352+0000] {subprocess.py:93} INFO - [0m11:00:35
[2026-05-14T11:00:37.480+0000] {subprocess.py:93} INFO - [0m11:00:37  Concurrency: 4 threads (target='dev')
[2026-05-14T11:00:37.485+0000] {subprocess.py:93} INFO - [0m11:00:37
[2026-05-14T11:00:37.518+0000] {subprocess.py:93} INFO - [0m11:00:37  1 of 3 START sql view model price_intelligence_dbt.stg_prices .................. [RUN]
[2026-05-14T11:00:39.688+0000] {subprocess.py:93} INFO - [0m11:00:39  1 of 3 OK created sql view model price_intelligence_dbt.stg_prices ............. [[32mCREATE VIEW (0 processed)[0m in 2.16s]
[2026-05-14T11:00:39.696+0000] {subprocess.py:93} INFO - [0m11:00:39  2 of 3 START sql table model price_intelligence_dbt.prices_cleaned ............. [RUN]
[2026-05-14T11:00:44.289+0000] {subprocess.py:93} INFO - [0m11:00:44  2 of 3 OK created sql table model price_intelligence_dbt.prices_cleaned ........ [[32mCREATE TABLE (5.0k rows, 2.6 MiB processed)[0m in 4.58s]
[2026-05-14T11:00:44.301+0000] {subprocess.py:93} INFO - [0m11:00:44  3 of 3 START sql table model price_intelligence_dbt.prices_aggregated .......... [RUN]
[2026-05-14T11:00:48.280+0000] {subprocess.py:93} INFO - [0m11:00:48  3 of 3 OK created sql table model price_intelligence_dbt.prices_aggregated ..... [[32mCREATE TABLE (11.0 rows, 231.8 KiB processed)[0m in 3.97s]
[2026-05-14T11:00:48.311+0000] {subprocess.py:93} INFO - [0m11:00:48
[2026-05-14T11:00:48.314+0000] {subprocess.py:93} INFO - [0m11:00:48  Finished running 1 view model, 2 table models in 0 hours 0 minutes and 12.95 seconds (12.95s).
[2026-05-14T11:00:48.527+0000] {subprocess.py:93} INFO - [0m11:00:48
[2026-05-14T11:00:48.528+0000] {subprocess.py:93} INFO - [0m11:00:48  [32mCompleted successfully[0m
[2026-05-14T11:00:48.530+0000] {subprocess.py:93} INFO - [0m11:00:48
[2026-05-14T11:00:48.532+0000] {subprocess.py:93} INFO - [0m11:00:48  Done. PASS=3 WARN=0 ERROR=0 SKIP=0 TOTAL=3
[2026-05-14T11:00:51.120+0000] {subprocess.py:93} INFO - dbt done
[2026-05-14T11:00:51.134+0000] {subprocess.py:97} INFO - Command exited with return code 0
[2026-05-14T11:00:51.208+0000] {taskinstance.py:1138} INFO - Marking task as SUCCESS. dag_id=price_intelligence_pipeline, task_id=dbt_run, execution_date=20260514T100000, start_date=20260514T110022, end_date=20260514T110051
[2026-05-14T11:00:51.298+0000] {local_task_job_runner.py:234} INFO - Task exited with return code 0
[2026-05-14T11:00:51.348+0000] {taskinstance.py:3280} INFO - 1 downstream tasks scheduled from follow-on schedule check
