[2026-05-05T22:14:30.048+0000] {taskinstance.py:1956} INFO - Dependencies all met for dep_context=non-requeueable deps ti=<TaskInstance: price_intelligence_pipeline.scrape_amazon manual__2026-05-05T22:08:08.874444+00:00 [queued]>
[2026-05-05T22:14:30.068+0000] {taskinstance.py:1956} INFO - Dependencies all met for dep_context=requeueable deps ti=<TaskInstance: price_intelligence_pipeline.scrape_amazon manual__2026-05-05T22:08:08.874444+00:00 [queued]>
[2026-05-05T22:14:30.069+0000] {taskinstance.py:2170} INFO - Starting attempt 1 of 2
[2026-05-05T22:14:30.116+0000] {taskinstance.py:2191} INFO - Executing <Task(BashOperator): scrape_amazon> on 2026-05-05 22:08:08.874444+00:00
[2026-05-05T22:14:30.133+0000] {standard_task_runner.py:60} INFO - Started process 9544 to run task
[2026-05-05T22:14:30.200+0000] {standard_task_runner.py:87} INFO - Running: ['***', 'tasks', 'run', 'price_intelligence_pipeline', 'scrape_amazon', 'manual__2026-05-05T22:08:08.874444+00:00', '--job-id', '464', '--raw', '--subdir', 'DAGS_FOLDER/price_intelligence_dag.py', '--cfg-path', '/tmp/tmpff54k9uz']
[2026-05-05T22:14:30.218+0000] {standard_task_runner.py:88} INFO - Job 464: Subtask scrape_amazon
[2026-05-05T22:14:30.442+0000] {task_command.py:423} INFO - Running <TaskInstance: price_intelligence_pipeline.scrape_amazon manual__2026-05-05T22:08:08.874444+00:00 [running]> on host 25ef6dfa8bdc
[2026-05-05T22:14:30.862+0000] {taskinstance.py:2480} INFO - Exporting env vars: AIRFLOW_CTX_DAG_OWNER='***' AIRFLOW_CTX_DAG_ID='price_intelligence_pipeline' AIRFLOW_CTX_TASK_ID='scrape_amazon' AIRFLOW_CTX_EXECUTION_DATE='2026-05-05T22:08:08.874444+00:00' AIRFLOW_CTX_TRY_NUMBER='1' AIRFLOW_CTX_DAG_RUN_ID='manual__2026-05-05T22:08:08.874444+00:00'
[2026-05-05T22:14:30.866+0000] {subprocess.py:63} INFO - Tmp dir root location: /tmp
[2026-05-05T22:14:30.871+0000] {subprocess.py:75} INFO - Running command: ['/usr/bin/bash', '-c', '\n            cd /opt/***\n            mkdir -p data/raw\n            export DISPLAY=:99\n            python3 scrapers/spiders/amazon_ma.py || echo "Amazon done with warnings"\n        ']
[2026-05-05T22:14:30.906+0000] {subprocess.py:86} INFO - Output:
[2026-05-05T22:14:37.170+0000] {subprocess.py:93} INFO - Traceback (most recent call last):
[2026-05-05T22:14:37.179+0000] {subprocess.py:93} INFO -   File "/home/***/.local/lib/python3.8/site-packages/urllib3/connection.py", line 174, in _new_conn
[2026-05-05T22:14:37.181+0000] {subprocess.py:93} INFO -     conn = connection.create_connection(
[2026-05-05T22:14:37.188+0000] {subprocess.py:93} INFO -   File "/home/***/.local/lib/python3.8/site-packages/urllib3/util/connection.py", line 72, in create_connection
[2026-05-05T22:14:37.189+0000] {subprocess.py:93} INFO -     for res in socket.getaddrinfo(host, port, family, socket.SOCK_STREAM):
[2026-05-05T22:14:37.205+0000] {subprocess.py:93} INFO -   File "/usr/local/lib/python3.8/socket.py", line 918, in getaddrinfo
[2026-05-05T22:14:37.208+0000] {subprocess.py:93} INFO -     for res in _socket.getaddrinfo(host, port, family, type, proto, flags):
[2026-05-05T22:14:37.210+0000] {subprocess.py:93} INFO - socket.gaierror: [Errno -5] No address associated with hostname
[2026-05-05T22:14:37.212+0000] {subprocess.py:93} INFO - 
[2026-05-05T22:14:37.214+0000] {subprocess.py:93} INFO - During handling of the above exception, another exception occurred:
[2026-05-05T22:14:37.215+0000] {subprocess.py:93} INFO - 
[2026-05-05T22:14:37.216+0000] {subprocess.py:93} INFO - Traceback (most recent call last):
[2026-05-05T22:14:37.217+0000] {subprocess.py:93} INFO -   File "/home/***/.local/lib/python3.8/site-packages/urllib3/connectionpool.py", line 715, in urlopen
[2026-05-05T22:14:37.223+0000] {subprocess.py:93} INFO -     httplib_response = self._make_request(
[2026-05-05T22:14:37.228+0000] {subprocess.py:93} INFO -   File "/home/***/.local/lib/python3.8/site-packages/urllib3/connectionpool.py", line 404, in _make_request
[2026-05-05T22:14:37.231+0000] {subprocess.py:93} INFO -     self._validate_conn(conn)
[2026-05-05T22:14:37.232+0000] {subprocess.py:93} INFO -   File "/home/***/.local/lib/python3.8/site-packages/urllib3/connectionpool.py", line 1058, in _validate_conn
[2026-05-05T22:14:37.234+0000] {subprocess.py:93} INFO -     conn.connect()
[2026-05-05T22:14:37.235+0000] {subprocess.py:93} INFO -   File "/home/***/.local/lib/python3.8/site-packages/urllib3/connection.py", line 363, in connect
[2026-05-05T22:14:37.236+0000] {subprocess.py:93} INFO -     self.sock = conn = self._new_conn()
[2026-05-05T22:14:37.238+0000] {subprocess.py:93} INFO -   File "/home/***/.local/lib/python3.8/site-packages/urllib3/connection.py", line 186, in _new_conn
[2026-05-05T22:14:37.243+0000] {subprocess.py:93} INFO -     raise NewConnectionError(
[2026-05-05T22:14:37.246+0000] {subprocess.py:93} INFO - urllib3.exceptions.NewConnectionError: <urllib3.connection.HTTPSConnection object at 0x730586a003d0>: Failed to establish a new connection: [Errno -5] No address associated with hostname
[2026-05-05T22:14:37.247+0000] {subprocess.py:93} INFO - 
[2026-05-05T22:14:37.250+0000] {subprocess.py:93} INFO - During handling of the above exception, another exception occurred:
[2026-05-05T22:14:37.252+0000] {subprocess.py:93} INFO - 
[2026-05-05T22:14:37.253+0000] {subprocess.py:93} INFO - Traceback (most recent call last):
[2026-05-05T22:14:37.253+0000] {subprocess.py:93} INFO -   File "/home/***/.local/lib/python3.8/site-packages/requests/adapters.py", line 486, in send
[2026-05-05T22:14:37.255+0000] {subprocess.py:93} INFO -     resp = conn.urlopen(
[2026-05-05T22:14:37.256+0000] {subprocess.py:93} INFO -   File "/home/***/.local/lib/python3.8/site-packages/urllib3/connectionpool.py", line 799, in urlopen
[2026-05-05T22:14:37.257+0000] {subprocess.py:93} INFO -     retries = retries.increment(
[2026-05-05T22:14:37.260+0000] {subprocess.py:93} INFO -   File "/home/***/.local/lib/python3.8/site-packages/urllib3/util/retry.py", line 592, in increment
[2026-05-05T22:14:37.261+0000] {subprocess.py:93} INFO -     raise MaxRetryError(_pool, url, error or ResponseError(cause))
[2026-05-05T22:14:37.263+0000] {subprocess.py:93} INFO - urllib3.exceptions.MaxRetryError: HTTPSConnectionPool(host='chromedriver.storage.googleapis.com', port=443): Max retries exceeded with url: /LATEST_RELEASE (Caused by NewConnectionError('<urllib3.connection.HTTPSConnection object at 0x730586a003d0>: Failed to establish a new connection: [Errno -5] No address associated with hostname'))
[2026-05-05T22:14:37.266+0000] {subprocess.py:93} INFO - 
[2026-05-05T22:14:37.267+0000] {subprocess.py:93} INFO - During handling of the above exception, another exception occurred:
[2026-05-05T22:14:37.268+0000] {subprocess.py:93} INFO - 
[2026-05-05T22:14:37.269+0000] {subprocess.py:93} INFO - Traceback (most recent call last):
[2026-05-05T22:14:37.271+0000] {subprocess.py:93} INFO -   File "/home/***/.local/lib/python3.8/site-packages/webdriver_manager/core/http.py", line 32, in get
[2026-05-05T22:14:37.272+0000] {subprocess.py:93} INFO -     resp = requests.get(
[2026-05-05T22:14:37.273+0000] {subprocess.py:93} INFO -   File "/home/***/.local/lib/python3.8/site-packages/requests/api.py", line 73, in get
[2026-05-05T22:14:37.274+0000] {subprocess.py:93} INFO -     return request("get", url, params=params, **kwargs)
[2026-05-05T22:14:37.275+0000] {subprocess.py:93} INFO -   File "/home/***/.local/lib/python3.8/site-packages/requests/api.py", line 59, in request
[2026-05-05T22:14:37.277+0000] {subprocess.py:93} INFO -     return session.request(method=method, url=url, **kwargs)
[2026-05-05T22:14:37.278+0000] {subprocess.py:93} INFO -   File "/home/***/.local/lib/python3.8/site-packages/requests/sessions.py", line 589, in request
[2026-05-05T22:14:37.280+0000] {subprocess.py:93} INFO -     resp = self.send(prep, **send_kwargs)
[2026-05-05T22:14:37.281+0000] {subprocess.py:93} INFO -   File "/home/***/.local/lib/python3.8/site-packages/requests/sessions.py", line 703, in send
[2026-05-05T22:14:37.283+0000] {subprocess.py:93} INFO -     r = adapter.send(request, **kwargs)
[2026-05-05T22:14:37.284+0000] {subprocess.py:93} INFO -   File "/home/***/.local/lib/python3.8/site-packages/requests/adapters.py", line 519, in send
[2026-05-05T22:14:37.286+0000] {subprocess.py:93} INFO -     raise ConnectionError(e, request=request)
[2026-05-05T22:14:37.287+0000] {subprocess.py:93} INFO - requests.exceptions.ConnectionError: HTTPSConnectionPool(host='chromedriver.storage.googleapis.com', port=443): Max retries exceeded with url: /LATEST_RELEASE (Caused by NewConnectionError('<urllib3.connection.HTTPSConnection object at 0x730586a003d0>: Failed to establish a new connection: [Errno -5] No address associated with hostname'))
[2026-05-05T22:14:37.287+0000] {subprocess.py:93} INFO - 
[2026-05-05T22:14:37.288+0000] {subprocess.py:93} INFO - During handling of the above exception, another exception occurred:
[2026-05-05T22:14:37.289+0000] {subprocess.py:93} INFO - 
[2026-05-05T22:14:37.290+0000] {subprocess.py:93} INFO - Traceback (most recent call last):
[2026-05-05T22:14:37.293+0000] {subprocess.py:93} INFO -   File "scrapers/spiders/amazon_ma.py", line 147, in <module>
[2026-05-05T22:14:37.295+0000] {subprocess.py:93} INFO -     scrape_amazon()
[2026-05-05T22:14:37.296+0000] {subprocess.py:93} INFO -   File "scrapers/spiders/amazon_ma.py", line 55, in scrape_amazon
[2026-05-05T22:14:37.297+0000] {subprocess.py:93} INFO -     driver = get_driver()
[2026-05-05T22:14:37.298+0000] {subprocess.py:93} INFO -   File "scrapers/spiders/amazon_ma.py", line 47, in get_driver
[2026-05-05T22:14:37.299+0000] {subprocess.py:93} INFO -     driver = webdriver.Chrome(service=Service(ChromeDriverManager().install()), options=opts)
[2026-05-05T22:14:37.301+0000] {subprocess.py:93} INFO -   File "/home/***/.local/lib/python3.8/site-packages/webdriver_manager/chrome.py", line 40, in install
[2026-05-05T22:14:37.306+0000] {subprocess.py:93} INFO -     driver_path = self._get_driver_binary_path(self.driver)
[2026-05-05T22:14:37.309+0000] {subprocess.py:93} INFO -   File "/home/***/.local/lib/python3.8/site-packages/webdriver_manager/core/manager.py", line 40, in _get_driver_binary_path
[2026-05-05T22:14:37.311+0000] {subprocess.py:93} INFO -     file = self._download_manager.download_file(driver.get_driver_download_url(os_type))
[2026-05-05T22:14:37.311+0000] {subprocess.py:93} INFO -   File "/home/***/.local/lib/python3.8/site-packages/webdriver_manager/drivers/chrome.py", line 32, in get_driver_download_url
[2026-05-05T22:14:37.312+0000] {subprocess.py:93} INFO -     driver_version_to_download = self.get_driver_version_to_download()
[2026-05-05T22:14:37.318+0000] {subprocess.py:93} INFO -   File "/home/***/.local/lib/python3.8/site-packages/webdriver_manager/core/driver.py", line 48, in get_driver_version_to_download
[2026-05-05T22:14:37.319+0000] {subprocess.py:93} INFO -     return self.get_latest_release_version()
[2026-05-05T22:14:37.320+0000] {subprocess.py:93} INFO -   File "/home/***/.local/lib/python3.8/site-packages/webdriver_manager/drivers/chrome.py", line 70, in get_latest_release_version
[2026-05-05T22:14:37.321+0000] {subprocess.py:93} INFO -     resp = self._http_client.get(url=latest_release_url)
[2026-05-05T22:14:37.325+0000] {subprocess.py:93} INFO -   File "/home/***/.local/lib/python3.8/site-packages/webdriver_manager/core/http.py", line 35, in get
[2026-05-05T22:14:37.326+0000] {subprocess.py:93} INFO -     raise exceptions.ConnectionError(f"Could not reach host. Are you offline?")
[2026-05-05T22:14:37.326+0000] {subprocess.py:93} INFO - requests.exceptions.ConnectionError: Could not reach host. Are you offline?
[2026-05-05T22:14:37.327+0000] {subprocess.py:93} INFO - Amazon done with warnings
[2026-05-05T22:14:37.328+0000] {subprocess.py:97} INFO - Command exited with return code 0
[2026-05-05T22:14:37.440+0000] {taskinstance.py:1138} INFO - Marking task as SUCCESS. dag_id=price_intelligence_pipeline, task_id=scrape_amazon, execution_date=20260505T220808, start_date=20260505T221430, end_date=20260505T221437
[2026-05-05T22:14:37.520+0000] {local_task_job_runner.py:234} INFO - Task exited with return code 0
[2026-05-05T22:14:37.585+0000] {taskinstance.py:3280} INFO - 0 downstream tasks scheduled from follow-on schedule check
