[2026-05-07T22:11:18.693+0000] {taskinstance.py:1956} INFO - Dependencies all met for dep_context=non-requeueable deps ti=<TaskInstance: price_intelligence_pipeline.dbt_run scheduled__2026-05-07T21:00:00+00:00 [queued]>
[2026-05-07T22:11:18.706+0000] {taskinstance.py:1956} INFO - Dependencies all met for dep_context=requeueable deps ti=<TaskInstance: price_intelligence_pipeline.dbt_run scheduled__2026-05-07T21:00:00+00:00 [queued]>
[2026-05-07T22:11:18.707+0000] {taskinstance.py:2170} INFO - Starting attempt 1 of 2
[2026-05-07T22:11:18.725+0000] {taskinstance.py:2191} INFO - Executing <Task(BashOperator): dbt_run> on 2026-05-07 21:00:00+00:00
[2026-05-07T22:11:18.734+0000] {standard_task_runner.py:60} INFO - Started process 1791 to run task
[2026-05-07T22:11:18.739+0000] {standard_task_runner.py:87} INFO - Running: ['***', 'tasks', 'run', 'price_intelligence_pipeline', 'dbt_run', 'scheduled__2026-05-07T21:00:00+00:00', '--job-id', '726', '--raw', '--subdir', 'DAGS_FOLDER/price_intelligence_dag.py', '--cfg-path', '/tmp/tmppedrszjc']
[2026-05-07T22:11:18.743+0000] {standard_task_runner.py:88} INFO - Job 726: Subtask dbt_run
[2026-05-07T22:11:18.840+0000] {task_command.py:423} INFO - Running <TaskInstance: price_intelligence_pipeline.dbt_run scheduled__2026-05-07T21:00:00+00:00 [running]> on host 25ef6dfa8bdc
[2026-05-07T22:11:19.078+0000] {taskinstance.py:2480} INFO - Exporting env vars: AIRFLOW_CTX_DAG_OWNER='***' AIRFLOW_CTX_DAG_ID='price_intelligence_pipeline' AIRFLOW_CTX_TASK_ID='dbt_run' AIRFLOW_CTX_EXECUTION_DATE='2026-05-07T21:00:00+00:00' AIRFLOW_CTX_TRY_NUMBER='1' AIRFLOW_CTX_DAG_RUN_ID='scheduled__2026-05-07T21:00:00+00:00'
[2026-05-07T22:11:19.082+0000] {subprocess.py:63} INFO - Tmp dir root location: /tmp
[2026-05-07T22:11:19.086+0000] {subprocess.py:75} INFO - Running command: ['/usr/bin/bash', '-c', '\n            set -e\n            cd /opt/***/dbt\n            export GOOGLE_APPLICATION_CREDENTIALS=/opt/***/gcp-credentials-new.json\n            /home/***/.local/bin/dbt run --select stg_prices --profiles-dir . --project-dir .\n            /home/***/.local/bin/dbt run --select prices_cleaned --profiles-dir . --project-dir .\n            /home/***/.local/bin/dbt run --select prices_aggregated --profiles-dir . --project-dir .\n            echo dbt done\n        ']
[2026-05-07T22:11:19.109+0000] {subprocess.py:86} INFO - Output:
[2026-05-07T22:11:23.675+0000] {subprocess.py:93} INFO - [0m22:11:23  Running with dbt=1.8.7
[2026-05-07T22:11:26.570+0000] {subprocess.py:93} INFO - [0m22:11:26  Registered adapter: bigquery=1.8.3
[2026-05-07T22:11:28.586+0000] {subprocess.py:93} INFO - [0m22:11:28  Found 3 models, 1 seed, 7 data tests, 1 source, 479 macros
[2026-05-07T22:11:28.593+0000] {subprocess.py:93} INFO - [0m22:11:28
[2026-05-07T22:11:31.567+0000] {subprocess.py:93} INFO - [0m22:11:31  Concurrency: 4 threads (target='dev')
[2026-05-07T22:11:31.568+0000] {subprocess.py:93} INFO - [0m22:11:31
[2026-05-07T22:11:31.589+0000] {subprocess.py:93} INFO - [0m22:11:31  1 of 1 START sql view model price_intelligence_dbt.stg_prices .................. [RUN]
[2026-05-07T22:11:34.979+0000] {subprocess.py:93} INFO - [0m22:11:34  BigQuery adapter: https://console.cloud.google.com/bigquery?project=project-32a82952-90fa-4dd7-b9c&j=bq:US:9bc95ef1-dc69-4e55-a7f5-0e164ed6d56d&page=queryresults
[2026-05-07T22:11:34.990+0000] {subprocess.py:93} INFO - [0m22:11:34  1 of 1 ERROR creating sql view model price_intelligence_dbt.stg_prices ......... [[31mERROR[0m in 3.40s]
[2026-05-07T22:11:34.996+0000] {subprocess.py:93} INFO - [0m22:11:34
[2026-05-07T22:11:34.997+0000] {subprocess.py:93} INFO - [0m22:11:34  Finished running 1 view model in 0 hours 0 minutes and 6.40 seconds (6.40s).
[2026-05-07T22:11:35.077+0000] {subprocess.py:93} INFO - [0m22:11:35
[2026-05-07T22:11:35.080+0000] {subprocess.py:93} INFO - [0m22:11:35  [31mCompleted with 1 error and 0 warnings:[0m
[2026-05-07T22:11:35.081+0000] {subprocess.py:93} INFO - [0m22:11:35
[2026-05-07T22:11:35.083+0000] {subprocess.py:93} INFO - [0m22:11:35    Database Error in model stg_prices (models/staging/stg_prices.sql)
[2026-05-07T22:11:35.084+0000] {subprocess.py:93} INFO -   Unrecognized name: old_price at [11:10]
[2026-05-07T22:11:35.085+0000] {subprocess.py:93} INFO -   compiled code at target/run/price_intelligence/models/staging/stg_prices.sql
[2026-05-07T22:11:35.092+0000] {subprocess.py:93} INFO - [0m22:11:35
[2026-05-07T22:11:35.093+0000] {subprocess.py:93} INFO - [0m22:11:35  Done. PASS=0 WARN=0 ERROR=1 SKIP=0 TOTAL=1
[2026-05-07T22:11:39.537+0000] {subprocess.py:97} INFO - Command exited with return code 1
[2026-05-07T22:11:39.574+0000] {taskinstance.py:2698} ERROR - Task failed with exception
Traceback (most recent call last):
  File "/home/airflow/.local/lib/python3.8/site-packages/airflow/models/taskinstance.py", line 428, in _execute_task
    result = execute_callable(context=context, **execute_callable_kwargs)
  File "/home/airflow/.local/lib/python3.8/site-packages/airflow/operators/bash.py", line 212, in execute
    raise AirflowException(
airflow.exceptions.AirflowException: Bash command failed. The command returned a non-zero exit code 1.
[2026-05-07T22:11:39.583+0000] {taskinstance.py:1138} INFO - Marking task as UP_FOR_RETRY. dag_id=price_intelligence_pipeline, task_id=dbt_run, execution_date=20260507T210000, start_date=20260507T221118, end_date=20260507T221139
[2026-05-07T22:11:39.625+0000] {standard_task_runner.py:107} ERROR - Failed to execute job 726 for task dbt_run (Bash command failed. The command returned a non-zero exit code 1.; 1791)
[2026-05-07T22:11:39.675+0000] {local_task_job_runner.py:234} INFO - Task exited with return code 1
[2026-05-07T22:11:39.749+0000] {taskinstance.py:3280} INFO - 0 downstream tasks scheduled from follow-on schedule check
