[2026-05-05T20:08:08.890+0000] {taskinstance.py:1956} INFO - Dependencies all met for dep_context=non-requeueable deps ti=<TaskInstance: price_intelligence_pipeline.scrape_avito scheduled__2026-05-05T19:00:00+00:00 [queued]>
[2026-05-05T20:08:08.917+0000] {taskinstance.py:1956} INFO - Dependencies all met for dep_context=requeueable deps ti=<TaskInstance: price_intelligence_pipeline.scrape_avito scheduled__2026-05-05T19:00:00+00:00 [queued]>
[2026-05-05T20:08:08.918+0000] {taskinstance.py:2170} INFO - Starting attempt 1 of 3
[2026-05-05T20:08:08.973+0000] {taskinstance.py:2191} INFO - Executing <Task(BashOperator): scrape_avito> on 2026-05-05 19:00:00+00:00
[2026-05-05T20:08:09.002+0000] {standard_task_runner.py:60} INFO - Started process 2185 to run task
[2026-05-05T20:08:09.054+0000] {standard_task_runner.py:87} INFO - Running: ['***', 'tasks', 'run', 'price_intelligence_pipeline', 'scrape_avito', 'scheduled__2026-05-05T19:00:00+00:00', '--job-id', '278', '--raw', '--subdir', 'DAGS_FOLDER/price_intelligence_dag.py', '--cfg-path', '/tmp/tmpif2opqml']
[2026-05-05T20:08:09.066+0000] {standard_task_runner.py:88} INFO - Job 278: Subtask scrape_avito
[2026-05-05T20:08:09.584+0000] {task_command.py:423} INFO - Running <TaskInstance: price_intelligence_pipeline.scrape_avito scheduled__2026-05-05T19:00:00+00:00 [running]> on host 25ef6dfa8bdc
[2026-05-05T20:08:09.952+0000] {taskinstance.py:2480} INFO - Exporting env vars: AIRFLOW_CTX_DAG_OWNER='***' AIRFLOW_CTX_DAG_ID='price_intelligence_pipeline' AIRFLOW_CTX_TASK_ID='scrape_avito' AIRFLOW_CTX_EXECUTION_DATE='2026-05-05T19:00:00+00:00' AIRFLOW_CTX_TRY_NUMBER='1' AIRFLOW_CTX_DAG_RUN_ID='scheduled__2026-05-05T19:00:00+00:00'
[2026-05-05T20:08:09.959+0000] {subprocess.py:63} INFO - Tmp dir root location: /tmp
[2026-05-05T20:08:09.964+0000] {subprocess.py:75} INFO - Running command: ['/usr/bin/bash', '-c', '\n            set -e\n            cd /opt/***\n            mkdir -p data/raw\n            scrapy crawl avito_ma -o data/raw/avito_ma.json --overwrite-output -s LOG_LEVEL=WARNING -s ROBOTSTXT_OBEY=False -s DOWNLOAD_DELAY=2\n            echo Avito done\n        ']
[2026-05-05T20:08:09.996+0000] {subprocess.py:86} INFO - Output:
[2026-05-05T20:08:10.023+0000] {subprocess.py:93} INFO - /usr/bin/bash: line 5: scrapy: command not found
[2026-05-05T20:08:10.025+0000] {subprocess.py:97} INFO - Command exited with return code 127
[2026-05-05T20:08:10.085+0000] {taskinstance.py:2698} ERROR - Task failed with exception
Traceback (most recent call last):
  File "/home/airflow/.local/lib/python3.8/site-packages/airflow/models/taskinstance.py", line 428, in _execute_task
    result = execute_callable(context=context, **execute_callable_kwargs)
  File "/home/airflow/.local/lib/python3.8/site-packages/airflow/operators/bash.py", line 212, in execute
    raise AirflowException(
airflow.exceptions.AirflowException: Bash command failed. The command returned a non-zero exit code 127.
[2026-05-05T20:08:10.097+0000] {taskinstance.py:1138} INFO - Marking task as UP_FOR_RETRY. dag_id=price_intelligence_pipeline, task_id=scrape_avito, execution_date=20260505T190000, start_date=20260505T200808, end_date=20260505T200810
[2026-05-05T20:08:10.137+0000] {standard_task_runner.py:107} ERROR - Failed to execute job 278 for task scrape_avito (Bash command failed. The command returned a non-zero exit code 127.; 2185)
[2026-05-05T20:08:10.168+0000] {local_task_job_runner.py:234} INFO - Task exited with return code 1
[2026-05-05T20:08:10.375+0000] {taskinstance.py:3280} INFO - 0 downstream tasks scheduled from follow-on schedule check
[2026-05-05T20:29:46.662+0000] {taskinstance.py:1956} INFO - Dependencies all met for dep_context=non-requeueable deps ti=<TaskInstance: price_intelligence_pipeline.scrape_avito scheduled__2026-05-05T19:00:00+00:00 [queued]>
[2026-05-05T20:29:46.683+0000] {taskinstance.py:1956} INFO - Dependencies all met for dep_context=requeueable deps ti=<TaskInstance: price_intelligence_pipeline.scrape_avito scheduled__2026-05-05T19:00:00+00:00 [queued]>
[2026-05-05T20:29:46.684+0000] {taskinstance.py:2170} INFO - Starting attempt 1 of 3
[2026-05-05T20:29:46.715+0000] {taskinstance.py:2191} INFO - Executing <Task(BashOperator): scrape_avito> on 2026-05-05 19:00:00+00:00
[2026-05-05T20:29:46.728+0000] {standard_task_runner.py:60} INFO - Started process 198 to run task
[2026-05-05T20:29:46.740+0000] {standard_task_runner.py:87} INFO - Running: ['***', 'tasks', 'run', 'price_intelligence_pipeline', 'scrape_avito', 'scheduled__2026-05-05T19:00:00+00:00', '--job-id', '310', '--raw', '--subdir', 'DAGS_FOLDER/price_intelligence_dag.py', '--cfg-path', '/tmp/tmp9svdfepx']
[2026-05-05T20:29:46.746+0000] {standard_task_runner.py:88} INFO - Job 310: Subtask scrape_avito
[2026-05-05T20:29:46.920+0000] {task_command.py:423} INFO - Running <TaskInstance: price_intelligence_pipeline.scrape_avito scheduled__2026-05-05T19:00:00+00:00 [running]> on host 25ef6dfa8bdc
[2026-05-05T20:29:47.135+0000] {taskinstance.py:2480} INFO - Exporting env vars: AIRFLOW_CTX_DAG_OWNER='***' AIRFLOW_CTX_DAG_ID='price_intelligence_pipeline' AIRFLOW_CTX_TASK_ID='scrape_avito' AIRFLOW_CTX_EXECUTION_DATE='2026-05-05T19:00:00+00:00' AIRFLOW_CTX_TRY_NUMBER='1' AIRFLOW_CTX_DAG_RUN_ID='scheduled__2026-05-05T19:00:00+00:00'
[2026-05-05T20:29:47.138+0000] {subprocess.py:63} INFO - Tmp dir root location: /tmp
[2026-05-05T20:29:47.144+0000] {subprocess.py:75} INFO - Running command: ['/usr/bin/bash', '-c', '\n            set -e\n            cd /opt/***\n            mkdir -p data/raw\n            scrapy crawl avito_ma -o data/raw/avito_ma.json --overwrite-output -s LOG_LEVEL=WARNING -s ROBOTSTXT_OBEY=False -s DOWNLOAD_DELAY=2\n            echo Avito done\n        ']
[2026-05-05T20:29:47.164+0000] {subprocess.py:86} INFO - Output:
[2026-05-05T20:29:47.178+0000] {subprocess.py:93} INFO - /usr/bin/bash: line 5: scrapy: command not found
[2026-05-05T20:29:47.180+0000] {subprocess.py:97} INFO - Command exited with return code 127
[2026-05-05T20:29:47.213+0000] {taskinstance.py:2698} ERROR - Task failed with exception
Traceback (most recent call last):
  File "/home/airflow/.local/lib/python3.8/site-packages/airflow/models/taskinstance.py", line 428, in _execute_task
    result = execute_callable(context=context, **execute_callable_kwargs)
  File "/home/airflow/.local/lib/python3.8/site-packages/airflow/operators/bash.py", line 212, in execute
    raise AirflowException(
airflow.exceptions.AirflowException: Bash command failed. The command returned a non-zero exit code 127.
[2026-05-05T20:29:47.219+0000] {taskinstance.py:1138} INFO - Marking task as UP_FOR_RETRY. dag_id=price_intelligence_pipeline, task_id=scrape_avito, execution_date=20260505T190000, start_date=20260505T202946, end_date=20260505T202947
[2026-05-05T20:29:47.254+0000] {standard_task_runner.py:107} ERROR - Failed to execute job 310 for task scrape_avito (Bash command failed. The command returned a non-zero exit code 127.; 198)
[2026-05-05T20:29:47.280+0000] {local_task_job_runner.py:234} INFO - Task exited with return code 1
[2026-05-05T20:29:47.371+0000] {taskinstance.py:3280} INFO - 0 downstream tasks scheduled from follow-on schedule check
