[2026-05-05T20:13:12.551+0000] {taskinstance.py:1956} INFO - Dependencies all met for dep_context=non-requeueable deps ti=<TaskInstance: price_intelligence_pipeline.scrape_avito scheduled__2026-05-05T19:00:00+00:00 [queued]>
[2026-05-05T20:13:12.573+0000] {taskinstance.py:1956} INFO - Dependencies all met for dep_context=requeueable deps ti=<TaskInstance: price_intelligence_pipeline.scrape_avito scheduled__2026-05-05T19:00:00+00:00 [queued]>
[2026-05-05T20:13:12.574+0000] {taskinstance.py:2170} INFO - Starting attempt 2 of 3
[2026-05-05T20:13:12.611+0000] {taskinstance.py:2191} INFO - Executing <Task(BashOperator): scrape_avito> on 2026-05-05 19:00:00+00:00
[2026-05-05T20:13:12.621+0000] {standard_task_runner.py:60} INFO - Started process 2411 to run task
[2026-05-05T20:13:12.629+0000] {standard_task_runner.py:87} INFO - Running: ['***', 'tasks', 'run', 'price_intelligence_pipeline', 'scrape_avito', 'scheduled__2026-05-05T19:00:00+00:00', '--job-id', '291', '--raw', '--subdir', 'DAGS_FOLDER/price_intelligence_dag_BACKUP.py', '--cfg-path', '/tmp/tmpzr32c_k4']
[2026-05-05T20:13:12.636+0000] {standard_task_runner.py:88} INFO - Job 291: Subtask scrape_avito
[2026-05-05T20:13:12.812+0000] {task_command.py:423} INFO - Running <TaskInstance: price_intelligence_pipeline.scrape_avito scheduled__2026-05-05T19:00:00+00:00 [running]> on host 25ef6dfa8bdc
[2026-05-05T20:13:13.094+0000] {taskinstance.py:2480} INFO - Exporting env vars: AIRFLOW_CTX_DAG_OWNER='price_intelligence' AIRFLOW_CTX_DAG_ID='price_intelligence_pipeline' AIRFLOW_CTX_TASK_ID='scrape_avito' AIRFLOW_CTX_EXECUTION_DATE='2026-05-05T19:00:00+00:00' AIRFLOW_CTX_TRY_NUMBER='2' AIRFLOW_CTX_DAG_RUN_ID='scheduled__2026-05-05T19:00:00+00:00'
[2026-05-05T20:13:13.102+0000] {subprocess.py:63} INFO - Tmp dir root location: /tmp
[2026-05-05T20:13:13.105+0000] {subprocess.py:75} INFO - Running command: ['/usr/bin/bash', '-c', '\n            python3 -c "\nimport json\ndata = json.load(open(\'/opt/***/data/raw/avito_ma.json\'))\nprint(f\'✅ Avito: {len(data)} produits disponibles\')\n"\n        ']
[2026-05-05T20:13:13.169+0000] {subprocess.py:86} INFO - Output:
[2026-05-05T20:13:13.530+0000] {subprocess.py:93} INFO - ✅ Avito: 1710 produits disponibles
[2026-05-05T20:13:13.544+0000] {subprocess.py:97} INFO - Command exited with return code 0
[2026-05-05T20:13:13.673+0000] {taskinstance.py:1138} INFO - Marking task as SUCCESS. dag_id=price_intelligence_pipeline, task_id=scrape_avito, execution_date=20260505T190000, start_date=20260505T201312, end_date=20260505T201313
[2026-05-05T20:13:13.810+0000] {local_task_job_runner.py:234} INFO - Task exited with return code 0
[2026-05-05T20:13:13.901+0000] {taskinstance.py:3280} INFO - 0 downstream tasks scheduled from follow-on schedule check
[2026-05-05T20:34:48.052+0000] {taskinstance.py:1956} INFO - Dependencies all met for dep_context=non-requeueable deps ti=<TaskInstance: price_intelligence_pipeline.scrape_avito scheduled__2026-05-05T19:00:00+00:00 [queued]>
[2026-05-05T20:34:48.070+0000] {taskinstance.py:1956} INFO - Dependencies all met for dep_context=requeueable deps ti=<TaskInstance: price_intelligence_pipeline.scrape_avito scheduled__2026-05-05T19:00:00+00:00 [queued]>
[2026-05-05T20:34:48.071+0000] {taskinstance.py:2170} INFO - Starting attempt 2 of 3
[2026-05-05T20:34:48.115+0000] {taskinstance.py:2191} INFO - Executing <Task(BashOperator): scrape_avito> on 2026-05-05 19:00:00+00:00
[2026-05-05T20:34:48.129+0000] {standard_task_runner.py:60} INFO - Started process 333 to run task
[2026-05-05T20:34:48.137+0000] {standard_task_runner.py:87} INFO - Running: ['***', 'tasks', 'run', 'price_intelligence_pipeline', 'scrape_avito', 'scheduled__2026-05-05T19:00:00+00:00', '--job-id', '316', '--raw', '--subdir', 'DAGS_FOLDER/price_intelligence_dag.py', '--cfg-path', '/tmp/tmp9knysiu6']
[2026-05-05T20:34:48.144+0000] {standard_task_runner.py:88} INFO - Job 316: Subtask scrape_avito
[2026-05-05T20:34:48.334+0000] {task_command.py:423} INFO - Running <TaskInstance: price_intelligence_pipeline.scrape_avito scheduled__2026-05-05T19:00:00+00:00 [running]> on host 25ef6dfa8bdc
[2026-05-05T20:34:48.584+0000] {taskinstance.py:2480} INFO - Exporting env vars: AIRFLOW_CTX_DAG_OWNER='***' AIRFLOW_CTX_DAG_ID='price_intelligence_pipeline' AIRFLOW_CTX_TASK_ID='scrape_avito' AIRFLOW_CTX_EXECUTION_DATE='2026-05-05T19:00:00+00:00' AIRFLOW_CTX_TRY_NUMBER='2' AIRFLOW_CTX_DAG_RUN_ID='scheduled__2026-05-05T19:00:00+00:00'
[2026-05-05T20:34:48.590+0000] {subprocess.py:63} INFO - Tmp dir root location: /tmp
[2026-05-05T20:34:48.594+0000] {subprocess.py:75} INFO - Running command: ['/usr/bin/bash', '-c', '\n            set -e\n            cd /opt/***\n            mkdir -p data/raw\n            scrapy crawl avito_ma -o data/raw/avito_ma.json --overwrite-output -s LOG_LEVEL=WARNING -s ROBOTSTXT_OBEY=False -s DOWNLOAD_DELAY=2\n            echo Avito done\n        ']
[2026-05-05T20:34:48.621+0000] {subprocess.py:86} INFO - Output:
[2026-05-05T20:34:48.639+0000] {subprocess.py:93} INFO - /usr/bin/bash: line 5: scrapy: command not found
[2026-05-05T20:34:48.641+0000] {subprocess.py:97} INFO - Command exited with return code 127
[2026-05-05T20:34:48.687+0000] {taskinstance.py:2698} ERROR - Task failed with exception
Traceback (most recent call last):
  File "/home/airflow/.local/lib/python3.8/site-packages/airflow/models/taskinstance.py", line 428, in _execute_task
    result = execute_callable(context=context, **execute_callable_kwargs)
  File "/home/airflow/.local/lib/python3.8/site-packages/airflow/operators/bash.py", line 212, in execute
    raise AirflowException(
airflow.exceptions.AirflowException: Bash command failed. The command returned a non-zero exit code 127.
[2026-05-05T20:34:48.696+0000] {taskinstance.py:1138} INFO - Marking task as UP_FOR_RETRY. dag_id=price_intelligence_pipeline, task_id=scrape_avito, execution_date=20260505T190000, start_date=20260505T203448, end_date=20260505T203448
[2026-05-05T20:34:48.738+0000] {standard_task_runner.py:107} ERROR - Failed to execute job 316 for task scrape_avito (Bash command failed. The command returned a non-zero exit code 127.; 333)
[2026-05-05T20:34:48.768+0000] {local_task_job_runner.py:234} INFO - Task exited with return code 1
[2026-05-05T20:34:48.910+0000] {taskinstance.py:3280} INFO - 0 downstream tasks scheduled from follow-on schedule check
