[2026-04-29T09:49:05.266+0000] {taskinstance.py:1956} INFO - Dependencies all met for dep_context=non-requeueable deps ti=<TaskInstance: price_intelligence_pipeline.load_bigtable scheduled__2026-04-27T08:00:00+00:00 [queued]>
[2026-04-29T09:49:05.377+0000] {taskinstance.py:1956} INFO - Dependencies all met for dep_context=requeueable deps ti=<TaskInstance: price_intelligence_pipeline.load_bigtable scheduled__2026-04-27T08:00:00+00:00 [queued]>
[2026-04-29T09:49:05.382+0000] {taskinstance.py:2170} INFO - Starting attempt 3 of 3
[2026-04-29T09:49:05.631+0000] {taskinstance.py:2191} INFO - Executing <Task(PythonOperator): load_bigtable> on 2026-04-27 08:00:00+00:00
[2026-04-29T09:49:05.700+0000] {standard_task_runner.py:60} INFO - Started process 200 to run task
[2026-04-29T09:49:05.723+0000] {standard_task_runner.py:87} INFO - Running: ['***', 'tasks', 'run', 'price_intelligence_pipeline', 'load_bigtable', 'scheduled__2026-04-27T08:00:00+00:00', '--job-id', '119', '--raw', '--subdir', 'DAGS_FOLDER/price_intelligence_dag.py', '--cfg-path', '/tmp/tmp0kjfqxzg']
[2026-04-29T09:49:05.741+0000] {standard_task_runner.py:88} INFO - Job 119: Subtask load_bigtable
[2026-04-29T09:49:07.029+0000] {task_command.py:423} INFO - Running <TaskInstance: price_intelligence_pipeline.load_bigtable scheduled__2026-04-27T08:00:00+00:00 [running]> on host 25ef6dfa8bdc
[2026-04-29T09:49:08.256+0000] {taskinstance.py:2480} INFO - Exporting env vars: AIRFLOW_CTX_DAG_OWNER='price_intelligence' AIRFLOW_CTX_DAG_ID='price_intelligence_pipeline' AIRFLOW_CTX_TASK_ID='load_bigtable' AIRFLOW_CTX_EXECUTION_DATE='2026-04-27T08:00:00+00:00' AIRFLOW_CTX_TRY_NUMBER='3' AIRFLOW_CTX_DAG_RUN_ID='scheduled__2026-04-27T08:00:00+00:00'
[2026-04-29T09:49:08.366+0000] {_default.py:683} WARNING - No project ID could be determined. Consider running `gcloud config set project` or setting the GOOGLE_CLOUD_PROJECT environment variable
[2026-04-29T09:49:09.394+0000] {logging_mixin.py:188} INFO - 📦 Traitement jumia_ma: 4803 produits...
[2026-04-29T09:49:15.810+0000] {logging_mixin.py:188} INFO -   ✅ Batch de 500 produits envoyé!
[2026-04-29T09:49:20.578+0000] {logging_mixin.py:188} INFO -   ✅ Batch de 500 produits envoyé!
[2026-04-29T09:49:23.949+0000] {logging_mixin.py:188} INFO -   ✅ Batch de 500 produits envoyé!
[2026-04-29T09:49:27.475+0000] {logging_mixin.py:188} INFO -   ✅ Batch de 500 produits envoyé!
[2026-04-29T09:49:32.707+0000] {logging_mixin.py:188} INFO -   ✅ Batch de 500 produits envoyé!
[2026-04-29T09:49:36.059+0000] {logging_mixin.py:188} INFO -   ✅ Batch de 500 produits envoyé!
[2026-04-29T09:49:40.128+0000] {logging_mixin.py:188} INFO -   ✅ Batch de 500 produits envoyé!
[2026-04-29T09:51:40.592+0000] {logging_mixin.py:188} INFO -   ✅ Batch de 500 produits envoyé!
[2026-04-29T09:53:40.808+0000] {logging_mixin.py:188} INFO -   ✅ Batch de 500 produits envoyé!
[2026-04-29T09:53:40.955+0000] {logging_mixin.py:188} INFO - 📦 Traitement avito_ma: 1710 produits...
[2026-04-29T09:55:29.754+0000] {logging_mixin.py:188} INFO -   ✅ Batch de 500 produits envoyé!
[2026-04-29T09:57:27.124+0000] {logging_mixin.py:188} INFO -   ✅ Batch de 500 produits envoyé!
[2026-04-29T09:59:25.532+0000] {logging_mixin.py:188} INFO -   ✅ Batch de 500 produits envoyé!
[2026-04-29T10:01:25.271+0000] {logging_mixin.py:188} INFO -   ✅ Batch de 500 produits envoyé!
[2026-04-29T10:01:25.295+0000] {logging_mixin.py:188} INFO - 📦 Traitement amazon_ma: 794 produits...
[2026-04-29T10:03:24.529+0000] {logging_mixin.py:188} INFO -   ✅ Batch de 500 produits envoyé!
[2026-04-29T10:03:24.663+0000] {logging_mixin.py:188} INFO - 📦 Traitement electroplanet_ma: 179 produits...
[2026-04-29T10:05:24.657+0000] {logging_mixin.py:188} INFO -   ✅ Batch de 486 produits envoyé!
[2026-04-29T10:05:24.658+0000] {logging_mixin.py:188} INFO - 
✅ TOTAL: 7486 produits chargés dans Bigtable!
[2026-04-29T10:05:24.659+0000] {logging_mixin.py:188} INFO -    Column families: price_cf ✅ metadata_cf ✅ agg_cf ✅
[2026-04-29T10:05:24.659+0000] {logging_mixin.py:188} INFO -    Row key format: product_id#timestamp ✅
[2026-04-29T10:05:24.660+0000] {python.py:201} INFO - Done. Returned value was: 7486
[2026-04-29T10:05:24.692+0000] {taskinstance.py:1138} INFO - Marking task as SUCCESS. dag_id=price_intelligence_pipeline, task_id=load_bigtable, execution_date=20260427T080000, start_date=20260429T094905, end_date=20260429T100524
[2026-04-29T10:05:24.738+0000] {local_task_job_runner.py:234} INFO - Task exited with return code 0
[2026-04-29T10:05:24.769+0000] {taskinstance.py:3280} INFO - 1 downstream tasks scheduled from follow-on schedule check
