[2026-06-10T11:55:50.695+0000] {taskinstance.py:1956} INFO - Dependencies all met for dep_context=non-requeueable deps ti=<TaskInstance: price_intelligence_pipeline.dbt_run scheduled__2026-05-25T12:00:00+00:00 [queued]>
[2026-06-10T11:55:50.721+0000] {taskinstance.py:1956} INFO - Dependencies all met for dep_context=requeueable deps ti=<TaskInstance: price_intelligence_pipeline.dbt_run scheduled__2026-05-25T12:00:00+00:00 [queued]>
[2026-06-10T11:55:50.724+0000] {taskinstance.py:2170} INFO - Starting attempt 1 of 2
[2026-06-10T11:55:50.781+0000] {taskinstance.py:2191} INFO - Executing <Task(BashOperator): dbt_run> on 2026-05-25 12:00:00+00:00
[2026-06-10T11:55:50.790+0000] {standard_task_runner.py:60} INFO - Started process 408 to run task
[2026-06-10T11:55:50.799+0000] {standard_task_runner.py:87} INFO - Running: ['***', 'tasks', 'run', 'price_intelligence_pipeline', 'dbt_run', 'scheduled__2026-05-25T12:00:00+00:00', '--job-id', '1937', '--raw', '--subdir', 'DAGS_FOLDER/price_intelligence_dag.py', '--cfg-path', '/tmp/tmp9jytqbui']
[2026-06-10T11:55:50.805+0000] {standard_task_runner.py:88} INFO - Job 1937: Subtask dbt_run
[2026-06-10T11:55:51.082+0000] {task_command.py:423} INFO - Running <TaskInstance: price_intelligence_pipeline.dbt_run scheduled__2026-05-25T12:00:00+00:00 [running]> on host 91e0d3a0a233
[2026-06-10T11:55:51.446+0000] {taskinstance.py:2480} INFO - Exporting env vars: AIRFLOW_CTX_DAG_OWNER='***' AIRFLOW_CTX_DAG_ID='price_intelligence_pipeline' AIRFLOW_CTX_TASK_ID='dbt_run' AIRFLOW_CTX_EXECUTION_DATE='2026-05-25T12:00:00+00:00' AIRFLOW_CTX_TRY_NUMBER='1' AIRFLOW_CTX_DAG_RUN_ID='scheduled__2026-05-25T12:00:00+00:00'
[2026-06-10T11:55:51.452+0000] {subprocess.py:63} INFO - Tmp dir root location: /tmp
[2026-06-10T11:55:51.455+0000] {subprocess.py:75} INFO - Running command: ['/usr/bin/bash', '-c', '\n            set -e\n            cd /opt/***/dbt\n            export GOOGLE_APPLICATION_CREDENTIALS=/opt/***/gcp-credentials-new.json\n            /home/***/.local/bin/dbt run --full-refresh --profiles-dir . --project-dir .\n            echo dbt done\n        ']
[2026-06-10T11:55:51.479+0000] {subprocess.py:86} INFO - Output:
[2026-06-10T11:55:57.462+0000] {subprocess.py:93} INFO - [0m11:55:57  Running with dbt=1.8.7
[2026-06-10T11:56:01.367+0000] {subprocess.py:93} INFO - [0m11:56:01  Registered adapter: bigquery=1.8.3
[2026-06-10T11:56:06.046+0000] {subprocess.py:93} INFO - [0m11:56:06  Found 3 models, 1 seed, 7 data tests, 1 source, 479 macros
[2026-06-10T11:56:06.064+0000] {subprocess.py:93} INFO - [0m11:56:06
[2026-06-10T11:56:18.242+0000] {subprocess.py:93} INFO - [0m11:56:18  Concurrency: 4 threads (target='dev')
[2026-06-10T11:56:18.244+0000] {subprocess.py:93} INFO - [0m11:56:18
[2026-06-10T11:56:18.266+0000] {subprocess.py:93} INFO - [0m11:56:18  1 of 3 START sql view model price_intelligence_dbt.stg_prices .................. [RUN]
[2026-06-10T11:56:22.232+0000] {subprocess.py:93} INFO - [0m11:56:22  1 of 3 OK created sql view model price_intelligence_dbt.stg_prices ............. [[32mCREATE VIEW (0 processed)[0m in 3.94s]
[2026-06-10T11:56:22.245+0000] {subprocess.py:93} INFO - [0m11:56:22  2 of 3 START sql table model price_intelligence_dbt.prices_cleaned ............. [RUN]
[2026-06-10T11:56:27.064+0000] {subprocess.py:93} INFO - [0m11:56:27  2 of 3 OK created sql table model price_intelligence_dbt.prices_cleaned ........ [[32mCREATE TABLE (10.5k rows, 4.2 MiB processed)[0m in 4.81s]
[2026-06-10T11:56:27.072+0000] {subprocess.py:93} INFO - [0m11:56:27  3 of 3 START sql table model price_intelligence_dbt.prices_aggregated .......... [RUN]
[2026-06-10T11:56:31.044+0000] {subprocess.py:93} INFO - [0m11:56:31  3 of 3 OK created sql table model price_intelligence_dbt.prices_aggregated ..... [[32mCREATE TABLE (11.0 rows, 483.8 KiB processed)[0m in 3.97s]
[2026-06-10T11:56:31.059+0000] {subprocess.py:93} INFO - [0m11:56:31
[2026-06-10T11:56:31.061+0000] {subprocess.py:93} INFO - [0m11:56:31  Finished running 1 view model, 2 table models in 0 hours 0 minutes and 24.99 seconds (24.99s).
[2026-06-10T11:56:31.254+0000] {subprocess.py:93} INFO - [0m11:56:31
[2026-06-10T11:56:31.260+0000] {subprocess.py:93} INFO - [0m11:56:31  [32mCompleted successfully[0m
[2026-06-10T11:56:31.266+0000] {subprocess.py:93} INFO - [0m11:56:31
[2026-06-10T11:56:31.268+0000] {subprocess.py:93} INFO - [0m11:56:31  Done. PASS=3 WARN=0 ERROR=0 SKIP=0 TOTAL=3
[2026-06-10T11:56:36.043+0000] {subprocess.py:93} INFO - dbt done
[2026-06-10T11:56:36.052+0000] {subprocess.py:97} INFO - Command exited with return code 0
[2026-06-10T11:56:36.139+0000] {taskinstance.py:1138} INFO - Marking task as SUCCESS. dag_id=price_intelligence_pipeline, task_id=dbt_run, execution_date=20260525T120000, start_date=20260610T115550, end_date=20260610T115636
[2026-06-10T11:56:36.223+0000] {local_task_job_runner.py:234} INFO - Task exited with return code 0
[2026-06-10T11:56:36.313+0000] {taskinstance.py:3280} INFO - 1 downstream tasks scheduled from follow-on schedule check
