[2026-05-07T21:58:41.379+0000] {taskinstance.py:1956} INFO - Dependencies all met for dep_context=non-requeueable deps ti=<TaskInstance: price_intelligence_pipeline.dbt_run scheduled__2026-05-07T20:00:00+00:00 [queued]>
[2026-05-07T21:58:41.395+0000] {taskinstance.py:1956} INFO - Dependencies all met for dep_context=requeueable deps ti=<TaskInstance: price_intelligence_pipeline.dbt_run scheduled__2026-05-07T20:00:00+00:00 [queued]>
[2026-05-07T21:58:41.396+0000] {taskinstance.py:2170} INFO - Starting attempt 1 of 2
[2026-05-07T21:58:41.419+0000] {taskinstance.py:2191} INFO - Executing <Task(BashOperator): dbt_run> on 2026-05-07 20:00:00+00:00
[2026-05-07T21:58:41.429+0000] {standard_task_runner.py:60} INFO - Started process 762 to run task
[2026-05-07T21:58:41.438+0000] {standard_task_runner.py:87} INFO - Running: ['***', 'tasks', 'run', 'price_intelligence_pipeline', 'dbt_run', 'scheduled__2026-05-07T20:00:00+00:00', '--job-id', '700', '--raw', '--subdir', 'DAGS_FOLDER/price_intelligence_dag.py', '--cfg-path', '/tmp/tmpjr0wy1z2']
[2026-05-07T21:58:41.444+0000] {standard_task_runner.py:88} INFO - Job 700: Subtask dbt_run
[2026-05-07T21:58:41.592+0000] {task_command.py:423} INFO - Running <TaskInstance: price_intelligence_pipeline.dbt_run scheduled__2026-05-07T20:00:00+00:00 [running]> on host 25ef6dfa8bdc
[2026-05-07T21:58:41.798+0000] {taskinstance.py:2480} INFO - Exporting env vars: AIRFLOW_CTX_DAG_OWNER='***' AIRFLOW_CTX_DAG_ID='price_intelligence_pipeline' AIRFLOW_CTX_TASK_ID='dbt_run' AIRFLOW_CTX_EXECUTION_DATE='2026-05-07T20:00:00+00:00' AIRFLOW_CTX_TRY_NUMBER='1' AIRFLOW_CTX_DAG_RUN_ID='scheduled__2026-05-07T20:00:00+00:00'
[2026-05-07T21:58:41.801+0000] {subprocess.py:63} INFO - Tmp dir root location: /tmp
[2026-05-07T21:58:41.803+0000] {subprocess.py:75} INFO - Running command: ['/usr/bin/bash', '-c', '\n            set -e\n            cd /opt/***/dbt\n            export GOOGLE_APPLICATION_CREDENTIALS=/opt/***/gcp-credentials-new.json\n            /home/***/.local/bin/dbt run --select stg_prices --profiles-dir . --project-dir .\n            /home/***/.local/bin/dbt run --select prices_cleaned --profiles-dir . --project-dir .\n            /home/***/.local/bin/dbt run --select prices_aggregated --profiles-dir . --project-dir .\n            echo dbt done\n        ']
[2026-05-07T21:58:41.823+0000] {subprocess.py:86} INFO - Output:
[2026-05-07T21:58:46.767+0000] {subprocess.py:93} INFO - [0m21:58:46  Running with dbt=1.8.7
[2026-05-07T21:58:49.403+0000] {subprocess.py:93} INFO - [0m21:58:49  Registered adapter: bigquery=1.8.3
[2026-05-07T21:58:50.508+0000] {subprocess.py:93} INFO - [0m21:58:50  Found 3 models, 1 seed, 7 data tests, 1 source, 479 macros
[2026-05-07T21:58:50.513+0000] {subprocess.py:93} INFO - [0m21:58:50
[2026-05-07T21:58:54.118+0000] {subprocess.py:93} INFO - [0m21:58:54  Concurrency: 4 threads (target='dev')
[2026-05-07T21:58:54.126+0000] {subprocess.py:93} INFO - [0m21:58:54
[2026-05-07T21:58:54.193+0000] {subprocess.py:93} INFO - [0m21:58:54  1 of 1 START sql view model price_intelligence_dbt.stg_prices .................. [RUN]
[2026-05-07T21:58:58.542+0000] {subprocess.py:93} INFO - [0m21:58:58  BigQuery adapter: https://console.cloud.google.com/bigquery?project=project-32a82952-90fa-4dd7-b9c&j=bq:US:cbb699ee-45a7-4bfa-a73f-22e80d9c7ecc&page=queryresults
[2026-05-07T21:58:58.580+0000] {subprocess.py:93} INFO - [0m21:58:58  1 of 1 ERROR creating sql view model price_intelligence_dbt.stg_prices ......... [[31mERROR[0m in 4.37s]
[2026-05-07T21:58:58.622+0000] {subprocess.py:93} INFO - [0m21:58:58
[2026-05-07T21:58:58.642+0000] {subprocess.py:93} INFO - [0m21:58:58  Finished running 1 view model in 0 hours 0 minutes and 8.10 seconds (8.10s).
[2026-05-07T21:58:59.102+0000] {subprocess.py:93} INFO - [0m21:58:59
[2026-05-07T21:58:59.113+0000] {subprocess.py:93} INFO - [0m21:58:59  [31mCompleted with 1 error and 0 warnings:[0m
[2026-05-07T21:58:59.127+0000] {subprocess.py:93} INFO - [0m21:58:59
[2026-05-07T21:58:59.130+0000] {subprocess.py:93} INFO - [0m21:58:59    Database Error in model stg_prices (models/staging/stg_prices.sql)
[2026-05-07T21:58:59.132+0000] {subprocess.py:93} INFO -   Unrecognized name: old_price at [11:10]
[2026-05-07T21:58:59.134+0000] {subprocess.py:93} INFO -   compiled code at target/run/price_intelligence/models/staging/stg_prices.sql
[2026-05-07T21:58:59.137+0000] {subprocess.py:93} INFO - [0m21:58:59
[2026-05-07T21:58:59.138+0000] {subprocess.py:93} INFO - [0m21:58:59  Done. PASS=0 WARN=0 ERROR=1 SKIP=0 TOTAL=1
[2026-05-07T21:59:04.102+0000] {subprocess.py:97} INFO - Command exited with return code 1
[2026-05-07T21:59:04.142+0000] {taskinstance.py:2698} ERROR - Task failed with exception
Traceback (most recent call last):
  File "/home/airflow/.local/lib/python3.8/site-packages/airflow/models/taskinstance.py", line 428, in _execute_task
    result = execute_callable(context=context, **execute_callable_kwargs)
  File "/home/airflow/.local/lib/python3.8/site-packages/airflow/operators/bash.py", line 212, in execute
    raise AirflowException(
airflow.exceptions.AirflowException: Bash command failed. The command returned a non-zero exit code 1.
[2026-05-07T21:59:04.150+0000] {taskinstance.py:1138} INFO - Marking task as UP_FOR_RETRY. dag_id=price_intelligence_pipeline, task_id=dbt_run, execution_date=20260507T200000, start_date=20260507T215841, end_date=20260507T215904
[2026-05-07T21:59:04.183+0000] {standard_task_runner.py:107} ERROR - Failed to execute job 700 for task dbt_run (Bash command failed. The command returned a non-zero exit code 1.; 762)
[2026-05-07T21:59:04.221+0000] {local_task_job_runner.py:234} INFO - Task exited with return code 1
[2026-05-07T21:59:04.286+0000] {taskinstance.py:3280} INFO - 0 downstream tasks scheduled from follow-on schedule check
