[2026-05-07T22:01:04.651+0000] {taskinstance.py:1956} INFO - Dependencies all met for dep_context=non-requeueable deps ti=<TaskInstance: price_intelligence_pipeline.dbt_run scheduled__2026-05-07T20:00:00+00:00 [queued]>
[2026-05-07T22:01:04.672+0000] {taskinstance.py:1956} INFO - Dependencies all met for dep_context=requeueable deps ti=<TaskInstance: price_intelligence_pipeline.dbt_run scheduled__2026-05-07T20:00:00+00:00 [queued]>
[2026-05-07T22:01:04.673+0000] {taskinstance.py:2170} INFO - Starting attempt 2 of 2
[2026-05-07T22:01:04.700+0000] {taskinstance.py:2191} INFO - Executing <Task(BashOperator): dbt_run> on 2026-05-07 20:00:00+00:00
[2026-05-07T22:01:04.712+0000] {standard_task_runner.py:60} INFO - Started process 843 to run task
[2026-05-07T22:01:04.719+0000] {standard_task_runner.py:87} INFO - Running: ['***', 'tasks', 'run', 'price_intelligence_pipeline', 'dbt_run', 'scheduled__2026-05-07T20:00:00+00:00', '--job-id', '701', '--raw', '--subdir', 'DAGS_FOLDER/price_intelligence_dag.py', '--cfg-path', '/tmp/tmp1gdh_8kf']
[2026-05-07T22:01:04.725+0000] {standard_task_runner.py:88} INFO - Job 701: Subtask dbt_run
[2026-05-07T22:01:04.861+0000] {task_command.py:423} INFO - Running <TaskInstance: price_intelligence_pipeline.dbt_run scheduled__2026-05-07T20:00:00+00:00 [running]> on host 25ef6dfa8bdc
[2026-05-07T22:01:05.003+0000] {taskinstance.py:2480} INFO - Exporting env vars: AIRFLOW_CTX_DAG_OWNER='***' AIRFLOW_CTX_DAG_ID='price_intelligence_pipeline' AIRFLOW_CTX_TASK_ID='dbt_run' AIRFLOW_CTX_EXECUTION_DATE='2026-05-07T20:00:00+00:00' AIRFLOW_CTX_TRY_NUMBER='2' AIRFLOW_CTX_DAG_RUN_ID='scheduled__2026-05-07T20:00:00+00:00'
[2026-05-07T22:01:05.005+0000] {subprocess.py:63} INFO - Tmp dir root location: /tmp
[2026-05-07T22:01:05.008+0000] {subprocess.py:75} INFO - Running command: ['/usr/bin/bash', '-c', '\n            set -e\n            cd /opt/***/dbt\n            export GOOGLE_APPLICATION_CREDENTIALS=/opt/***/gcp-credentials-new.json\n            /home/***/.local/bin/dbt run --select stg_prices --profiles-dir . --project-dir .\n            /home/***/.local/bin/dbt run --select prices_cleaned --profiles-dir . --project-dir .\n            /home/***/.local/bin/dbt run --select prices_aggregated --profiles-dir . --project-dir .\n            echo dbt done\n        ']
[2026-05-07T22:01:05.029+0000] {subprocess.py:86} INFO - Output:
[2026-05-07T22:01:09.432+0000] {subprocess.py:93} INFO - [0m22:01:09  Running with dbt=1.8.7
[2026-05-07T22:01:11.863+0000] {subprocess.py:93} INFO - [0m22:01:11  Registered adapter: bigquery=1.8.3
[2026-05-07T22:01:13.153+0000] {subprocess.py:93} INFO - [0m22:01:13  Found 3 models, 1 seed, 7 data tests, 1 source, 479 macros
[2026-05-07T22:01:13.156+0000] {subprocess.py:93} INFO - [0m22:01:13
[2026-05-07T22:01:15.216+0000] {subprocess.py:93} INFO - [0m22:01:15  Concurrency: 4 threads (target='dev')
[2026-05-07T22:01:15.217+0000] {subprocess.py:93} INFO - [0m22:01:15
[2026-05-07T22:01:15.239+0000] {subprocess.py:93} INFO - [0m22:01:15  1 of 1 START sql view model price_intelligence_dbt.stg_prices .................. [RUN]
[2026-05-07T22:01:18.885+0000] {subprocess.py:93} INFO - [0m22:01:18  BigQuery adapter: https://console.cloud.google.com/bigquery?project=project-32a82952-90fa-4dd7-b9c&j=bq:US:c849482b-ce4f-4751-a74e-fe42598cee1e&page=queryresults
[2026-05-07T22:01:18.912+0000] {subprocess.py:93} INFO - [0m22:01:18  1 of 1 ERROR creating sql view model price_intelligence_dbt.stg_prices ......... [[31mERROR[0m in 3.66s]
[2026-05-07T22:01:18.954+0000] {subprocess.py:93} INFO - [0m22:01:18
[2026-05-07T22:01:18.958+0000] {subprocess.py:93} INFO - [0m22:01:18  Finished running 1 view model in 0 hours 0 minutes and 5.80 seconds (5.80s).
[2026-05-07T22:01:19.115+0000] {subprocess.py:93} INFO - [0m22:01:19
[2026-05-07T22:01:19.117+0000] {subprocess.py:93} INFO - [0m22:01:19  [31mCompleted with 1 error and 0 warnings:[0m
[2026-05-07T22:01:19.120+0000] {subprocess.py:93} INFO - [0m22:01:19
[2026-05-07T22:01:19.121+0000] {subprocess.py:93} INFO - [0m22:01:19    Database Error in model stg_prices (models/staging/stg_prices.sql)
[2026-05-07T22:01:19.122+0000] {subprocess.py:93} INFO -   Unrecognized name: old_price at [11:10]
[2026-05-07T22:01:19.123+0000] {subprocess.py:93} INFO -   compiled code at target/run/price_intelligence/models/staging/stg_prices.sql
[2026-05-07T22:01:19.124+0000] {subprocess.py:93} INFO - [0m22:01:19
[2026-05-07T22:01:19.127+0000] {subprocess.py:93} INFO - [0m22:01:19  Done. PASS=0 WARN=0 ERROR=1 SKIP=0 TOTAL=1
[2026-05-07T22:01:23.780+0000] {subprocess.py:97} INFO - Command exited with return code 1
[2026-05-07T22:01:23.814+0000] {taskinstance.py:2698} ERROR - Task failed with exception
Traceback (most recent call last):
  File "/home/airflow/.local/lib/python3.8/site-packages/airflow/models/taskinstance.py", line 428, in _execute_task
    result = execute_callable(context=context, **execute_callable_kwargs)
  File "/home/airflow/.local/lib/python3.8/site-packages/airflow/operators/bash.py", line 212, in execute
    raise AirflowException(
airflow.exceptions.AirflowException: Bash command failed. The command returned a non-zero exit code 1.
[2026-05-07T22:01:23.821+0000] {taskinstance.py:1138} INFO - Marking task as FAILED. dag_id=price_intelligence_pipeline, task_id=dbt_run, execution_date=20260507T200000, start_date=20260507T220104, end_date=20260507T220123
[2026-05-07T22:01:23.853+0000] {standard_task_runner.py:107} ERROR - Failed to execute job 701 for task dbt_run (Bash command failed. The command returned a non-zero exit code 1.; 843)
[2026-05-07T22:01:23.871+0000] {local_task_job_runner.py:234} INFO - Task exited with return code 1
[2026-05-07T22:01:23.928+0000] {taskinstance.py:3280} INFO - 0 downstream tasks scheduled from follow-on schedule check
