[2026-05-06T12:27:45.533+0000] {taskinstance.py:1956} INFO - Dependencies all met for dep_context=non-requeueable deps ti=<TaskInstance: price_intelligence_pipeline.scrape_amazon scheduled__2026-05-06T01:00:00+00:00 [queued]>
[2026-05-06T12:27:45.598+0000] {taskinstance.py:1956} INFO - Dependencies all met for dep_context=requeueable deps ti=<TaskInstance: price_intelligence_pipeline.scrape_amazon scheduled__2026-05-06T01:00:00+00:00 [queued]>
[2026-05-06T12:27:45.609+0000] {taskinstance.py:2170} INFO - Starting attempt 1 of 2
[2026-05-06T12:27:45.789+0000] {taskinstance.py:2191} INFO - Executing <Task(BashOperator): scrape_amazon> on 2026-05-06 01:00:00+00:00
[2026-05-06T12:27:45.825+0000] {standard_task_runner.py:60} INFO - Started process 14203 to run task
[2026-05-06T12:27:45.865+0000] {standard_task_runner.py:87} INFO - Running: ['***', 'tasks', 'run', 'price_intelligence_pipeline', 'scrape_amazon', 'scheduled__2026-05-06T01:00:00+00:00', '--job-id', '527', '--raw', '--subdir', 'DAGS_FOLDER/price_intelligence_dag.py', '--cfg-path', '/tmp/tmprxqqr7d9']
[2026-05-06T12:27:45.912+0000] {standard_task_runner.py:88} INFO - Job 527: Subtask scrape_amazon
[2026-05-06T12:27:46.721+0000] {task_command.py:423} INFO - Running <TaskInstance: price_intelligence_pipeline.scrape_amazon scheduled__2026-05-06T01:00:00+00:00 [running]> on host 25ef6dfa8bdc
[2026-05-06T12:27:47.917+0000] {taskinstance.py:2480} INFO - Exporting env vars: AIRFLOW_CTX_DAG_OWNER='***' AIRFLOW_CTX_DAG_ID='price_intelligence_pipeline' AIRFLOW_CTX_TASK_ID='scrape_amazon' AIRFLOW_CTX_EXECUTION_DATE='2026-05-06T01:00:00+00:00' AIRFLOW_CTX_TRY_NUMBER='1' AIRFLOW_CTX_DAG_RUN_ID='scheduled__2026-05-06T01:00:00+00:00'
[2026-05-06T12:27:47.936+0000] {subprocess.py:63} INFO - Tmp dir root location: /tmp
[2026-05-06T12:27:47.984+0000] {subprocess.py:75} INFO - Running command: ['/usr/bin/bash', '-c', '\n            cd /opt/***\n            mkdir -p data/raw\n            export DISPLAY=:99\n            python3 scrapers/spiders/amazon_ma.py || echo "Amazon done with warnings"\n        ']
[2026-05-06T12:27:48.125+0000] {subprocess.py:86} INFO - Output:
[2026-05-06T12:27:58.003+0000] {subprocess.py:93} INFO - Traceback (most recent call last):
[2026-05-06T12:27:58.004+0000] {subprocess.py:93} INFO -   File "/home/***/.local/lib/python3.8/site-packages/urllib3/connection.py", line 174, in _new_conn
[2026-05-06T12:27:58.005+0000] {subprocess.py:93} INFO -     conn = connection.create_connection(
[2026-05-06T12:27:58.007+0000] {subprocess.py:93} INFO -   File "/home/***/.local/lib/python3.8/site-packages/urllib3/util/connection.py", line 72, in create_connection
[2026-05-06T12:27:58.007+0000] {subprocess.py:93} INFO -     for res in socket.getaddrinfo(host, port, family, socket.SOCK_STREAM):
[2026-05-06T12:27:58.008+0000] {subprocess.py:93} INFO -   File "/usr/local/lib/python3.8/socket.py", line 918, in getaddrinfo
[2026-05-06T12:27:58.009+0000] {subprocess.py:93} INFO -     for res in _socket.getaddrinfo(host, port, family, type, proto, flags):
[2026-05-06T12:27:58.010+0000] {subprocess.py:93} INFO - socket.gaierror: [Errno -5] No address associated with hostname
[2026-05-06T12:27:58.020+0000] {subprocess.py:93} INFO - 
[2026-05-06T12:27:58.021+0000] {subprocess.py:93} INFO - During handling of the above exception, another exception occurred:
[2026-05-06T12:27:58.021+0000] {subprocess.py:93} INFO - 
[2026-05-06T12:27:58.022+0000] {subprocess.py:93} INFO - Traceback (most recent call last):
[2026-05-06T12:27:58.023+0000] {subprocess.py:93} INFO -   File "/home/***/.local/lib/python3.8/site-packages/urllib3/connectionpool.py", line 715, in urlopen
[2026-05-06T12:27:58.029+0000] {subprocess.py:93} INFO -     httplib_response = self._make_request(
[2026-05-06T12:27:58.031+0000] {subprocess.py:93} INFO -   File "/home/***/.local/lib/python3.8/site-packages/urllib3/connectionpool.py", line 404, in _make_request
[2026-05-06T12:27:58.032+0000] {subprocess.py:93} INFO -     self._validate_conn(conn)
[2026-05-06T12:27:58.033+0000] {subprocess.py:93} INFO -   File "/home/***/.local/lib/python3.8/site-packages/urllib3/connectionpool.py", line 1058, in _validate_conn
[2026-05-06T12:27:58.034+0000] {subprocess.py:93} INFO -     conn.connect()
[2026-05-06T12:27:58.035+0000] {subprocess.py:93} INFO -   File "/home/***/.local/lib/python3.8/site-packages/urllib3/connection.py", line 363, in connect
[2026-05-06T12:27:58.045+0000] {subprocess.py:93} INFO -     self.sock = conn = self._new_conn()
[2026-05-06T12:27:58.046+0000] {subprocess.py:93} INFO -   File "/home/***/.local/lib/python3.8/site-packages/urllib3/connection.py", line 186, in _new_conn
[2026-05-06T12:27:58.047+0000] {subprocess.py:93} INFO -     raise NewConnectionError(
[2026-05-06T12:27:58.048+0000] {subprocess.py:93} INFO - urllib3.exceptions.NewConnectionError: <urllib3.connection.HTTPSConnection object at 0x7f9353b2b3d0>: Failed to establish a new connection: [Errno -5] No address associated with hostname
[2026-05-06T12:27:58.048+0000] {subprocess.py:93} INFO - 
[2026-05-06T12:27:58.061+0000] {subprocess.py:93} INFO - During handling of the above exception, another exception occurred:
[2026-05-06T12:27:58.062+0000] {subprocess.py:93} INFO - 
[2026-05-06T12:27:58.063+0000] {subprocess.py:93} INFO - Traceback (most recent call last):
[2026-05-06T12:27:58.064+0000] {subprocess.py:93} INFO -   File "/home/***/.local/lib/python3.8/site-packages/requests/adapters.py", line 486, in send
[2026-05-06T12:27:58.065+0000] {subprocess.py:93} INFO -     resp = conn.urlopen(
[2026-05-06T12:27:58.066+0000] {subprocess.py:93} INFO -   File "/home/***/.local/lib/python3.8/site-packages/urllib3/connectionpool.py", line 799, in urlopen
[2026-05-06T12:27:58.093+0000] {subprocess.py:93} INFO -     retries = retries.increment(
[2026-05-06T12:27:58.094+0000] {subprocess.py:93} INFO -   File "/home/***/.local/lib/python3.8/site-packages/urllib3/util/retry.py", line 592, in increment
[2026-05-06T12:27:58.095+0000] {subprocess.py:93} INFO -     raise MaxRetryError(_pool, url, error or ResponseError(cause))
[2026-05-06T12:27:58.096+0000] {subprocess.py:93} INFO - urllib3.exceptions.MaxRetryError: HTTPSConnectionPool(host='chromedriver.storage.googleapis.com', port=443): Max retries exceeded with url: /LATEST_RELEASE (Caused by NewConnectionError('<urllib3.connection.HTTPSConnection object at 0x7f9353b2b3d0>: Failed to establish a new connection: [Errno -5] No address associated with hostname'))
[2026-05-06T12:27:58.097+0000] {subprocess.py:93} INFO - 
[2026-05-06T12:27:58.113+0000] {subprocess.py:93} INFO - During handling of the above exception, another exception occurred:
[2026-05-06T12:27:58.113+0000] {subprocess.py:93} INFO - 
[2026-05-06T12:27:58.115+0000] {subprocess.py:93} INFO - Traceback (most recent call last):
[2026-05-06T12:27:58.125+0000] {subprocess.py:93} INFO -   File "/home/***/.local/lib/python3.8/site-packages/webdriver_manager/core/http.py", line 32, in get
[2026-05-06T12:27:58.126+0000] {subprocess.py:93} INFO -     resp = requests.get(
[2026-05-06T12:27:58.127+0000] {subprocess.py:93} INFO -   File "/home/***/.local/lib/python3.8/site-packages/requests/api.py", line 73, in get
[2026-05-06T12:27:58.128+0000] {subprocess.py:93} INFO -     return request("get", url, params=params, **kwargs)
[2026-05-06T12:27:58.135+0000] {subprocess.py:93} INFO -   File "/home/***/.local/lib/python3.8/site-packages/requests/api.py", line 59, in request
[2026-05-06T12:27:58.141+0000] {subprocess.py:93} INFO -     return session.request(method=method, url=url, **kwargs)
[2026-05-06T12:27:58.151+0000] {subprocess.py:93} INFO -   File "/home/***/.local/lib/python3.8/site-packages/requests/sessions.py", line 589, in request
[2026-05-06T12:27:58.152+0000] {subprocess.py:93} INFO -     resp = self.send(prep, **send_kwargs)
[2026-05-06T12:27:58.153+0000] {subprocess.py:93} INFO -   File "/home/***/.local/lib/python3.8/site-packages/requests/sessions.py", line 703, in send
[2026-05-06T12:27:58.154+0000] {subprocess.py:93} INFO -     r = adapter.send(request, **kwargs)
[2026-05-06T12:27:58.155+0000] {subprocess.py:93} INFO -   File "/home/***/.local/lib/python3.8/site-packages/requests/adapters.py", line 519, in send
[2026-05-06T12:27:58.156+0000] {subprocess.py:93} INFO -     raise ConnectionError(e, request=request)
[2026-05-06T12:27:58.158+0000] {subprocess.py:93} INFO - requests.exceptions.ConnectionError: HTTPSConnectionPool(host='chromedriver.storage.googleapis.com', port=443): Max retries exceeded with url: /LATEST_RELEASE (Caused by NewConnectionError('<urllib3.connection.HTTPSConnection object at 0x7f9353b2b3d0>: Failed to establish a new connection: [Errno -5] No address associated with hostname'))
[2026-05-06T12:27:58.159+0000] {subprocess.py:93} INFO - 
[2026-05-06T12:27:58.160+0000] {subprocess.py:93} INFO - During handling of the above exception, another exception occurred:
[2026-05-06T12:27:58.161+0000] {subprocess.py:93} INFO - 
[2026-05-06T12:27:58.162+0000] {subprocess.py:93} INFO - Traceback (most recent call last):
[2026-05-06T12:27:58.163+0000] {subprocess.py:93} INFO -   File "scrapers/spiders/amazon_ma.py", line 147, in <module>
[2026-05-06T12:27:58.164+0000] {subprocess.py:93} INFO -     scrape_amazon()
[2026-05-06T12:27:58.164+0000] {subprocess.py:93} INFO -   File "scrapers/spiders/amazon_ma.py", line 55, in scrape_amazon
[2026-05-06T12:27:58.165+0000] {subprocess.py:93} INFO -     driver = get_driver()
[2026-05-06T12:27:58.172+0000] {subprocess.py:93} INFO -   File "scrapers/spiders/amazon_ma.py", line 47, in get_driver
[2026-05-06T12:27:58.177+0000] {subprocess.py:93} INFO -     driver = webdriver.Chrome(service=Service(ChromeDriverManager().install()), options=opts)
[2026-05-06T12:27:58.178+0000] {subprocess.py:93} INFO -   File "/home/***/.local/lib/python3.8/site-packages/webdriver_manager/chrome.py", line 40, in install
[2026-05-06T12:27:58.179+0000] {subprocess.py:93} INFO -     driver_path = self._get_driver_binary_path(self.driver)
[2026-05-06T12:27:58.188+0000] {subprocess.py:93} INFO -   File "/home/***/.local/lib/python3.8/site-packages/webdriver_manager/core/manager.py", line 40, in _get_driver_binary_path
[2026-05-06T12:27:58.191+0000] {subprocess.py:93} INFO -     file = self._download_manager.download_file(driver.get_driver_download_url(os_type))
[2026-05-06T12:27:58.193+0000] {subprocess.py:93} INFO -   File "/home/***/.local/lib/python3.8/site-packages/webdriver_manager/drivers/chrome.py", line 32, in get_driver_download_url
[2026-05-06T12:27:58.204+0000] {subprocess.py:93} INFO -     driver_version_to_download = self.get_driver_version_to_download()
[2026-05-06T12:27:58.205+0000] {subprocess.py:93} INFO -   File "/home/***/.local/lib/python3.8/site-packages/webdriver_manager/core/driver.py", line 48, in get_driver_version_to_download
[2026-05-06T12:27:58.206+0000] {subprocess.py:93} INFO -     return self.get_latest_release_version()
[2026-05-06T12:27:58.207+0000] {subprocess.py:93} INFO -   File "/home/***/.local/lib/python3.8/site-packages/webdriver_manager/drivers/chrome.py", line 70, in get_latest_release_version
[2026-05-06T12:27:58.208+0000] {subprocess.py:93} INFO -     resp = self._http_client.get(url=latest_release_url)
[2026-05-06T12:27:58.209+0000] {subprocess.py:93} INFO -   File "/home/***/.local/lib/python3.8/site-packages/webdriver_manager/core/http.py", line 35, in get
[2026-05-06T12:27:58.211+0000] {subprocess.py:93} INFO -     raise exceptions.ConnectionError(f"Could not reach host. Are you offline?")
[2026-05-06T12:27:58.212+0000] {subprocess.py:93} INFO - requests.exceptions.ConnectionError: Could not reach host. Are you offline?
[2026-05-06T12:27:58.213+0000] {subprocess.py:93} INFO - Amazon done with warnings
[2026-05-06T12:27:58.215+0000] {subprocess.py:97} INFO - Command exited with return code 0
[2026-05-06T12:27:58.391+0000] {taskinstance.py:1138} INFO - Marking task as SUCCESS. dag_id=price_intelligence_pipeline, task_id=scrape_amazon, execution_date=20260506T010000, start_date=20260506T122745, end_date=20260506T122758
[2026-05-06T12:27:58.531+0000] {local_task_job_runner.py:234} INFO - Task exited with return code 0
[2026-05-06T12:27:58.654+0000] {taskinstance.py:3280} INFO - 0 downstream tasks scheduled from follow-on schedule check
