[2026-05-06T17:12:20.699+0000] {taskinstance.py:1956} INFO - Dependencies all met for dep_context=non-requeueable deps ti=<TaskInstance: price_intelligence_pipeline.dbt_run scheduled__2026-05-06T16:00:00+00:00 [queued]>
[2026-05-06T17:12:20.723+0000] {taskinstance.py:1956} INFO - Dependencies all met for dep_context=requeueable deps ti=<TaskInstance: price_intelligence_pipeline.dbt_run scheduled__2026-05-06T16:00:00+00:00 [queued]>
[2026-05-06T17:12:20.725+0000] {taskinstance.py:2170} INFO - Starting attempt 2 of 2
[2026-05-06T17:12:20.770+0000] {taskinstance.py:2191} INFO - Executing <Task(BashOperator): dbt_run> on 2026-05-06 16:00:00+00:00
[2026-05-06T17:12:20.783+0000] {standard_task_runner.py:60} INFO - Started process 21205 to run task
[2026-05-06T17:12:20.794+0000] {standard_task_runner.py:87} INFO - Running: ['***', 'tasks', 'run', 'price_intelligence_pipeline', 'dbt_run', 'scheduled__2026-05-06T16:00:00+00:00', '--job-id', '610', '--raw', '--subdir', 'DAGS_FOLDER/price_intelligence_dag.py', '--cfg-path', '/tmp/tmpd_8v_h0j']
[2026-05-06T17:12:20.800+0000] {standard_task_runner.py:88} INFO - Job 610: Subtask dbt_run
[2026-05-06T17:12:21.016+0000] {task_command.py:423} INFO - Running <TaskInstance: price_intelligence_pipeline.dbt_run scheduled__2026-05-06T16:00:00+00:00 [running]> on host 25ef6dfa8bdc
[2026-05-06T17:12:21.319+0000] {taskinstance.py:2480} INFO - Exporting env vars: AIRFLOW_CTX_DAG_OWNER='***' AIRFLOW_CTX_DAG_ID='price_intelligence_pipeline' AIRFLOW_CTX_TASK_ID='dbt_run' AIRFLOW_CTX_EXECUTION_DATE='2026-05-06T16:00:00+00:00' AIRFLOW_CTX_TRY_NUMBER='2' AIRFLOW_CTX_DAG_RUN_ID='scheduled__2026-05-06T16:00:00+00:00'
[2026-05-06T17:12:21.323+0000] {subprocess.py:63} INFO - Tmp dir root location: /tmp
[2026-05-06T17:12:21.325+0000] {subprocess.py:75} INFO - Running command: ['/usr/bin/bash', '-c', '\n            set -e\n            cd /opt/***/dbt\n            export GOOGLE_APPLICATION_CREDENTIALS=/opt/***/gcp-credentials-new.json\n            /home/***/.local/bin/dbt run --select stg_prices --profiles-dir . --project-dir .\n            /home/***/.local/bin/dbt run --select prices_cleaned --profiles-dir . --project-dir .\n            /home/***/.local/bin/dbt run --select prices_aggregated --profiles-dir . --project-dir .\n            echo dbt done\n        ']
[2026-05-06T17:12:21.352+0000] {subprocess.py:86} INFO - Output:
[2026-05-06T17:12:26.695+0000] {subprocess.py:93} INFO - [0m17:12:26  Running with dbt=1.8.7
[2026-05-06T17:12:28.552+0000] {subprocess.py:93} INFO - [0m17:12:28  Registered adapter: bigquery=1.8.3
[2026-05-06T17:12:29.211+0000] {subprocess.py:93} INFO - [0m17:12:29  Found 3 models, 1 seed, 7 data tests, 1 source, 479 macros
[2026-05-06T17:12:29.213+0000] {subprocess.py:93} INFO - [0m17:12:29
[2026-05-06T17:12:39.747+0000] {subprocess.py:93} INFO - [0m17:12:39  Concurrency: 4 threads (target='dev')
[2026-05-06T17:12:39.749+0000] {subprocess.py:93} INFO - [0m17:12:39
[2026-05-06T17:12:39.793+0000] {subprocess.py:93} INFO - [0m17:12:39  1 of 1 START sql view model price_intelligence_dbt.stg_prices .................. [RUN]
[2026-05-06T17:12:43.740+0000] {subprocess.py:93} INFO - [0m17:12:43  BigQuery adapter: https://console.cloud.google.com/bigquery?project=project-32a82952-90fa-4dd7-b9c&j=bq:US:cb6529a8-4100-42ac-9fd3-6917cc1ebeb4&page=queryresults
[2026-05-06T17:12:43.754+0000] {subprocess.py:93} INFO - [0m17:12:43  1 of 1 ERROR creating sql view model price_intelligence_dbt.stg_prices ......... [[31mERROR[0m in 3.96s]
[2026-05-06T17:12:43.764+0000] {subprocess.py:93} INFO - [0m17:12:43
[2026-05-06T17:12:43.766+0000] {subprocess.py:93} INFO - [0m17:12:43  Finished running 1 view model in 0 hours 0 minutes and 14.55 seconds (14.55s).
[2026-05-06T17:12:43.872+0000] {subprocess.py:93} INFO - [0m17:12:43
[2026-05-06T17:12:43.873+0000] {subprocess.py:93} INFO - [0m17:12:43  [31mCompleted with 1 error and 0 warnings:[0m
[2026-05-06T17:12:43.874+0000] {subprocess.py:93} INFO - [0m17:12:43
[2026-05-06T17:12:43.879+0000] {subprocess.py:93} INFO - [0m17:12:43    Database Error in model stg_prices (models/staging/stg_prices.sql)
[2026-05-06T17:12:43.880+0000] {subprocess.py:93} INFO -   Unrecognized name: old_price at [11:10]
[2026-05-06T17:12:43.881+0000] {subprocess.py:93} INFO -   compiled code at target/run/price_intelligence/models/staging/stg_prices.sql
[2026-05-06T17:12:43.882+0000] {subprocess.py:93} INFO - [0m17:12:43
[2026-05-06T17:12:43.883+0000] {subprocess.py:93} INFO - [0m17:12:43  Done. PASS=0 WARN=0 ERROR=1 SKIP=0 TOTAL=1
[2026-05-06T17:12:48.550+0000] {subprocess.py:97} INFO - Command exited with return code 1
[2026-05-06T17:12:48.584+0000] {taskinstance.py:2698} ERROR - Task failed with exception
Traceback (most recent call last):
  File "/home/airflow/.local/lib/python3.8/site-packages/airflow/models/taskinstance.py", line 428, in _execute_task
    result = execute_callable(context=context, **execute_callable_kwargs)
  File "/home/airflow/.local/lib/python3.8/site-packages/airflow/operators/bash.py", line 212, in execute
    raise AirflowException(
airflow.exceptions.AirflowException: Bash command failed. The command returned a non-zero exit code 1.
[2026-05-06T17:12:48.592+0000] {taskinstance.py:1138} INFO - Marking task as FAILED. dag_id=price_intelligence_pipeline, task_id=dbt_run, execution_date=20260506T160000, start_date=20260506T171220, end_date=20260506T171248
[2026-05-06T17:12:48.623+0000] {standard_task_runner.py:107} ERROR - Failed to execute job 610 for task dbt_run (Bash command failed. The command returned a non-zero exit code 1.; 21205)
[2026-05-06T17:12:48.651+0000] {local_task_job_runner.py:234} INFO - Task exited with return code 1
[2026-05-06T17:12:48.703+0000] {taskinstance.py:3280} INFO - 0 downstream tasks scheduled from follow-on schedule check
