[2026-05-25T12:10:48.817+0000] {taskinstance.py:1956} INFO - Dependencies all met for dep_context=non-requeueable deps ti=<TaskInstance: price_intelligence_pipeline.dbt_run scheduled__2026-05-24T18:00:00+00:00 [queued]>
[2026-05-25T12:10:48.826+0000] {taskinstance.py:1956} INFO - Dependencies all met for dep_context=requeueable deps ti=<TaskInstance: price_intelligence_pipeline.dbt_run scheduled__2026-05-24T18:00:00+00:00 [queued]>
[2026-05-25T12:10:48.827+0000] {taskinstance.py:2170} INFO - Starting attempt 1 of 2
[2026-05-25T12:10:48.843+0000] {taskinstance.py:2191} INFO - Executing <Task(BashOperator): dbt_run> on 2026-05-24 18:00:00+00:00
[2026-05-25T12:10:48.849+0000] {standard_task_runner.py:60} INFO - Started process 22737 to run task
[2026-05-25T12:10:48.853+0000] {standard_task_runner.py:87} INFO - Running: ['***', 'tasks', 'run', 'price_intelligence_pipeline', 'dbt_run', 'scheduled__2026-05-24T18:00:00+00:00', '--job-id', '1916', '--raw', '--subdir', 'DAGS_FOLDER/price_intelligence_dag.py', '--cfg-path', '/tmp/tmpl24scp9s']
[2026-05-25T12:10:48.856+0000] {standard_task_runner.py:88} INFO - Job 1916: Subtask dbt_run
[2026-05-25T12:10:48.932+0000] {task_command.py:423} INFO - Running <TaskInstance: price_intelligence_pipeline.dbt_run scheduled__2026-05-24T18:00:00+00:00 [running]> on host 91e0d3a0a233
[2026-05-25T12:10:49.045+0000] {taskinstance.py:2480} INFO - Exporting env vars: AIRFLOW_CTX_DAG_OWNER='***' AIRFLOW_CTX_DAG_ID='price_intelligence_pipeline' AIRFLOW_CTX_TASK_ID='dbt_run' AIRFLOW_CTX_EXECUTION_DATE='2026-05-24T18:00:00+00:00' AIRFLOW_CTX_TRY_NUMBER='1' AIRFLOW_CTX_DAG_RUN_ID='scheduled__2026-05-24T18:00:00+00:00'
[2026-05-25T12:10:49.047+0000] {subprocess.py:63} INFO - Tmp dir root location: /tmp
[2026-05-25T12:10:49.049+0000] {subprocess.py:75} INFO - Running command: ['/usr/bin/bash', '-c', '\n            set -e\n            cd /opt/***/dbt\n            export GOOGLE_APPLICATION_CREDENTIALS=/opt/***/gcp-credentials-new.json\n            /home/***/.local/bin/dbt run --full-refresh --profiles-dir . --project-dir .\n            echo dbt done\n        ']
[2026-05-25T12:10:49.061+0000] {subprocess.py:86} INFO - Output:
[2026-05-25T12:10:50.951+0000] {subprocess.py:93} INFO - [0m12:10:50  Running with dbt=1.8.7
[2026-05-25T12:10:52.073+0000] {subprocess.py:93} INFO - [0m12:10:52  Registered adapter: bigquery=1.8.3
[2026-05-25T12:10:52.024+0000] {subprocess.py:93} INFO - [0m12:10:52  Found 3 models, 1 seed, 7 data tests, 1 source, 479 macros
[2026-05-25T12:10:52.027+0000] {subprocess.py:93} INFO - [0m12:10:52
[2026-05-25T12:10:53.744+0000] {subprocess.py:93} INFO - [0m12:10:53  Concurrency: 4 threads (target='dev')
[2026-05-25T12:10:53.745+0000] {subprocess.py:93} INFO - [0m12:10:53
[2026-05-25T12:10:53.759+0000] {subprocess.py:93} INFO - [0m12:10:53  1 of 3 START sql view model price_intelligence_dbt.stg_prices .................. [RUN]
[2026-05-25T12:10:55.318+0000] {subprocess.py:93} INFO - [0m12:10:55  1 of 3 OK created sql view model price_intelligence_dbt.stg_prices ............. [[32mCREATE VIEW (0 processed)[0m in 1.56s]
[2026-05-25T12:10:55.322+0000] {subprocess.py:93} INFO - [0m12:10:55  2 of 3 START sql table model price_intelligence_dbt.prices_cleaned ............. [RUN]
[2026-05-25T12:10:58.934+0000] {subprocess.py:93} INFO - [0m12:10:58  2 of 3 OK created sql table model price_intelligence_dbt.prices_cleaned ........ [[32mCREATE TABLE (10.5k rows, 4.2 MiB processed)[0m in 3.61s]
[2026-05-25T12:10:58.940+0000] {subprocess.py:93} INFO - [0m12:10:58  3 of 3 START sql table model price_intelligence_dbt.prices_aggregated .......... [RUN]
[2026-05-25T12:11:02.758+0000] {subprocess.py:93} INFO - [0m12:11:02  3 of 3 OK created sql table model price_intelligence_dbt.prices_aggregated ..... [[32mCREATE TABLE (11.0 rows, 483.8 KiB processed)[0m in 3.81s]
[2026-05-25T12:11:02.768+0000] {subprocess.py:93} INFO - [0m12:11:02
[2026-05-25T12:11:02.769+0000] {subprocess.py:93} INFO - [0m12:11:02  Finished running 1 view model, 2 table models in 0 hours 0 minutes and 10.74 seconds (10.74s).
[2026-05-25T12:11:02.866+0000] {subprocess.py:93} INFO - [0m12:11:02
[2026-05-25T12:11:02.868+0000] {subprocess.py:93} INFO - [0m12:11:02  [32mCompleted successfully[0m
[2026-05-25T12:11:02.868+0000] {subprocess.py:93} INFO - [0m12:11:02
[2026-05-25T12:11:02.870+0000] {subprocess.py:93} INFO - [0m12:11:02  Done. PASS=3 WARN=0 ERROR=0 SKIP=0 TOTAL=3
[2026-05-25T12:11:07.386+0000] {subprocess.py:93} INFO - dbt done
[2026-05-25T12:11:07.391+0000] {subprocess.py:97} INFO - Command exited with return code 0
[2026-05-25T12:11:07.471+0000] {taskinstance.py:1138} INFO - Marking task as SUCCESS. dag_id=price_intelligence_pipeline, task_id=dbt_run, execution_date=20260524T180000, start_date=20260525T121048, end_date=20260525T121107
[2026-05-25T12:11:07.564+0000] {local_task_job_runner.py:234} INFO - Task exited with return code 0
[2026-05-25T12:11:07.624+0000] {taskinstance.py:3280} INFO - 1 downstream tasks scheduled from follow-on schedule check
