[2026-05-06T13:00:02.399+0000] {taskinstance.py:1956} INFO - Dependencies all met for dep_context=non-requeueable deps ti=<TaskInstance: price_intelligence_pipeline.scrape_electroplanet scheduled__2026-05-06T12:00:00+00:00 [queued]>
[2026-05-06T13:00:02.425+0000] {taskinstance.py:1956} INFO - Dependencies all met for dep_context=requeueable deps ti=<TaskInstance: price_intelligence_pipeline.scrape_electroplanet scheduled__2026-05-06T12:00:00+00:00 [queued]>
[2026-05-06T13:00:02.431+0000] {taskinstance.py:2170} INFO - Starting attempt 1 of 2
[2026-05-06T13:00:02.504+0000] {taskinstance.py:2191} INFO - Executing <Task(BashOperator): scrape_electroplanet> on 2026-05-06 12:00:00+00:00
[2026-05-06T13:00:02.544+0000] {standard_task_runner.py:60} INFO - Started process 15143 to run task
[2026-05-06T13:00:02.603+0000] {standard_task_runner.py:87} INFO - Running: ['***', 'tasks', 'run', 'price_intelligence_pipeline', 'scrape_electroplanet', 'scheduled__2026-05-06T12:00:00+00:00', '--job-id', '545', '--raw', '--subdir', 'DAGS_FOLDER/price_intelligence_dag.py', '--cfg-path', '/tmp/tmpiswwv8ru']
[2026-05-06T13:00:02.637+0000] {standard_task_runner.py:88} INFO - Job 545: Subtask scrape_electroplanet
[2026-05-06T13:00:02.924+0000] {task_command.py:423} INFO - Running <TaskInstance: price_intelligence_pipeline.scrape_electroplanet scheduled__2026-05-06T12:00:00+00:00 [running]> on host 25ef6dfa8bdc
[2026-05-06T13:00:03.212+0000] {taskinstance.py:2480} INFO - Exporting env vars: AIRFLOW_CTX_DAG_OWNER='***' AIRFLOW_CTX_DAG_ID='price_intelligence_pipeline' AIRFLOW_CTX_TASK_ID='scrape_electroplanet' AIRFLOW_CTX_EXECUTION_DATE='2026-05-06T12:00:00+00:00' AIRFLOW_CTX_TRY_NUMBER='1' AIRFLOW_CTX_DAG_RUN_ID='scheduled__2026-05-06T12:00:00+00:00'
[2026-05-06T13:00:03.220+0000] {subprocess.py:63} INFO - Tmp dir root location: /tmp
[2026-05-06T13:00:03.224+0000] {subprocess.py:75} INFO - Running command: ['/usr/bin/bash', '-c', '\n            cd /opt/***\n            mkdir -p data/raw\n            export DISPLAY=:99\n            python3 scrapers/spiders/electroplanet_ma.py || echo "Electroplanet done with warnings"\n        ']
[2026-05-06T13:00:03.249+0000] {subprocess.py:86} INFO - Output:
[2026-05-06T13:00:08.183+0000] {subprocess.py:93} INFO - 
[2026-05-06T13:00:08.184+0000] {subprocess.py:93} INFO - [Electroplanet] Scraping : smartphones
[2026-05-06T13:00:08.197+0000] {subprocess.py:93} INFO - Traceback (most recent call last):
[2026-05-06T13:00:08.201+0000] {subprocess.py:93} INFO -   File "/home/***/.local/lib/python3.8/site-packages/urllib3/connection.py", line 174, in _new_conn
[2026-05-06T13:00:08.202+0000] {subprocess.py:93} INFO -     conn = connection.create_connection(
[2026-05-06T13:00:08.203+0000] {subprocess.py:93} INFO -   File "/home/***/.local/lib/python3.8/site-packages/urllib3/util/connection.py", line 72, in create_connection
[2026-05-06T13:00:08.204+0000] {subprocess.py:93} INFO -     for res in socket.getaddrinfo(host, port, family, socket.SOCK_STREAM):
[2026-05-06T13:00:08.205+0000] {subprocess.py:93} INFO -   File "/usr/local/lib/python3.8/socket.py", line 918, in getaddrinfo
[2026-05-06T13:00:08.207+0000] {subprocess.py:93} INFO -     for res in _socket.getaddrinfo(host, port, family, type, proto, flags):
[2026-05-06T13:00:08.211+0000] {subprocess.py:93} INFO - socket.gaierror: [Errno -5] No address associated with hostname
[2026-05-06T13:00:08.212+0000] {subprocess.py:93} INFO - 
[2026-05-06T13:00:08.213+0000] {subprocess.py:93} INFO - During handling of the above exception, another exception occurred:
[2026-05-06T13:00:08.214+0000] {subprocess.py:93} INFO - 
[2026-05-06T13:00:08.215+0000] {subprocess.py:93} INFO - Traceback (most recent call last):
[2026-05-06T13:00:08.216+0000] {subprocess.py:93} INFO -   File "/home/***/.local/lib/python3.8/site-packages/urllib3/connectionpool.py", line 715, in urlopen
[2026-05-06T13:00:08.219+0000] {subprocess.py:93} INFO -     httplib_response = self._make_request(
[2026-05-06T13:00:08.220+0000] {subprocess.py:93} INFO -   File "/home/***/.local/lib/python3.8/site-packages/urllib3/connectionpool.py", line 404, in _make_request
[2026-05-06T13:00:08.222+0000] {subprocess.py:93} INFO -     self._validate_conn(conn)
[2026-05-06T13:00:08.222+0000] {subprocess.py:93} INFO -   File "/home/***/.local/lib/python3.8/site-packages/urllib3/connectionpool.py", line 1058, in _validate_conn
[2026-05-06T13:00:08.227+0000] {subprocess.py:93} INFO -     conn.connect()
[2026-05-06T13:00:08.228+0000] {subprocess.py:93} INFO -   File "/home/***/.local/lib/python3.8/site-packages/urllib3/connection.py", line 363, in connect
[2026-05-06T13:00:08.229+0000] {subprocess.py:93} INFO -     self.sock = conn = self._new_conn()
[2026-05-06T13:00:08.231+0000] {subprocess.py:93} INFO -   File "/home/***/.local/lib/python3.8/site-packages/urllib3/connection.py", line 186, in _new_conn
[2026-05-06T13:00:08.232+0000] {subprocess.py:93} INFO -     raise NewConnectionError(
[2026-05-06T13:00:08.235+0000] {subprocess.py:93} INFO - urllib3.exceptions.NewConnectionError: <urllib3.connection.HTTPSConnection object at 0x7af8d5282580>: Failed to establish a new connection: [Errno -5] No address associated with hostname
[2026-05-06T13:00:08.236+0000] {subprocess.py:93} INFO - 
[2026-05-06T13:00:08.237+0000] {subprocess.py:93} INFO - During handling of the above exception, another exception occurred:
[2026-05-06T13:00:08.238+0000] {subprocess.py:93} INFO - 
[2026-05-06T13:00:08.243+0000] {subprocess.py:93} INFO - Traceback (most recent call last):
[2026-05-06T13:00:08.244+0000] {subprocess.py:93} INFO -   File "/home/***/.local/lib/python3.8/site-packages/requests/adapters.py", line 486, in send
[2026-05-06T13:00:08.245+0000] {subprocess.py:93} INFO -     resp = conn.urlopen(
[2026-05-06T13:00:08.246+0000] {subprocess.py:93} INFO -   File "/home/***/.local/lib/python3.8/site-packages/urllib3/connectionpool.py", line 799, in urlopen
[2026-05-06T13:00:08.246+0000] {subprocess.py:93} INFO -     retries = retries.increment(
[2026-05-06T13:00:08.248+0000] {subprocess.py:93} INFO -   File "/home/***/.local/lib/python3.8/site-packages/urllib3/util/retry.py", line 592, in increment
[2026-05-06T13:00:08.248+0000] {subprocess.py:93} INFO -     raise MaxRetryError(_pool, url, error or ResponseError(cause))
[2026-05-06T13:00:08.249+0000] {subprocess.py:93} INFO - urllib3.exceptions.MaxRetryError: HTTPSConnectionPool(host='chromedriver.storage.googleapis.com', port=443): Max retries exceeded with url: /LATEST_RELEASE (Caused by NewConnectionError('<urllib3.connection.HTTPSConnection object at 0x7af8d5282580>: Failed to establish a new connection: [Errno -5] No address associated with hostname'))
[2026-05-06T13:00:08.250+0000] {subprocess.py:93} INFO - 
[2026-05-06T13:00:08.251+0000] {subprocess.py:93} INFO - During handling of the above exception, another exception occurred:
[2026-05-06T13:00:08.255+0000] {subprocess.py:93} INFO - 
[2026-05-06T13:00:08.256+0000] {subprocess.py:93} INFO - Traceback (most recent call last):
[2026-05-06T13:00:08.257+0000] {subprocess.py:93} INFO -   File "/home/***/.local/lib/python3.8/site-packages/webdriver_manager/core/http.py", line 32, in get
[2026-05-06T13:00:08.258+0000] {subprocess.py:93} INFO -     resp = requests.get(
[2026-05-06T13:00:08.258+0000] {subprocess.py:93} INFO -   File "/home/***/.local/lib/python3.8/site-packages/requests/api.py", line 73, in get
[2026-05-06T13:00:08.259+0000] {subprocess.py:93} INFO -     return request("get", url, params=params, **kwargs)
[2026-05-06T13:00:08.260+0000] {subprocess.py:93} INFO -   File "/home/***/.local/lib/python3.8/site-packages/requests/api.py", line 59, in request
[2026-05-06T13:00:08.263+0000] {subprocess.py:93} INFO -     return session.request(method=method, url=url, **kwargs)
[2026-05-06T13:00:08.267+0000] {subprocess.py:93} INFO -   File "/home/***/.local/lib/python3.8/site-packages/requests/sessions.py", line 589, in request
[2026-05-06T13:00:08.271+0000] {subprocess.py:93} INFO -     resp = self.send(prep, **send_kwargs)
[2026-05-06T13:00:08.272+0000] {subprocess.py:93} INFO -   File "/home/***/.local/lib/python3.8/site-packages/requests/sessions.py", line 703, in send
[2026-05-06T13:00:08.273+0000] {subprocess.py:93} INFO -     r = adapter.send(request, **kwargs)
[2026-05-06T13:00:08.274+0000] {subprocess.py:93} INFO -   File "/home/***/.local/lib/python3.8/site-packages/requests/adapters.py", line 519, in send
[2026-05-06T13:00:08.275+0000] {subprocess.py:93} INFO -     raise ConnectionError(e, request=request)
[2026-05-06T13:00:08.279+0000] {subprocess.py:93} INFO - requests.exceptions.ConnectionError: HTTPSConnectionPool(host='chromedriver.storage.googleapis.com', port=443): Max retries exceeded with url: /LATEST_RELEASE (Caused by NewConnectionError('<urllib3.connection.HTTPSConnection object at 0x7af8d5282580>: Failed to establish a new connection: [Errno -5] No address associated with hostname'))
[2026-05-06T13:00:08.282+0000] {subprocess.py:93} INFO - 
[2026-05-06T13:00:08.284+0000] {subprocess.py:93} INFO - During handling of the above exception, another exception occurred:
[2026-05-06T13:00:08.287+0000] {subprocess.py:93} INFO - 
[2026-05-06T13:00:08.291+0000] {subprocess.py:93} INFO - Traceback (most recent call last):
[2026-05-06T13:00:08.295+0000] {subprocess.py:93} INFO -   File "scrapers/spiders/electroplanet_ma.py", line 162, in <module>
[2026-05-06T13:00:08.296+0000] {subprocess.py:93} INFO -     scrape_electroplanet()
[2026-05-06T13:00:08.300+0000] {subprocess.py:93} INFO -   File "scrapers/spiders/electroplanet_ma.py", line 73, in scrape_electroplanet
[2026-05-06T13:00:08.300+0000] {subprocess.py:93} INFO -     driver = get_driver()
[2026-05-06T13:00:08.301+0000] {subprocess.py:93} INFO -   File "scrapers/spiders/electroplanet_ma.py", line 63, in get_driver
[2026-05-06T13:00:08.302+0000] {subprocess.py:93} INFO -     return webdriver.Chrome(service=Service(ChromeDriverManager().install()), options=opts)
[2026-05-06T13:00:08.304+0000] {subprocess.py:93} INFO -   File "/home/***/.local/lib/python3.8/site-packages/webdriver_manager/chrome.py", line 40, in install
[2026-05-06T13:00:08.305+0000] {subprocess.py:93} INFO -     driver_path = self._get_driver_binary_path(self.driver)
[2026-05-06T13:00:08.308+0000] {subprocess.py:93} INFO -   File "/home/***/.local/lib/python3.8/site-packages/webdriver_manager/core/manager.py", line 40, in _get_driver_binary_path
[2026-05-06T13:00:08.309+0000] {subprocess.py:93} INFO -     file = self._download_manager.download_file(driver.get_driver_download_url(os_type))
[2026-05-06T13:00:08.316+0000] {subprocess.py:93} INFO -   File "/home/***/.local/lib/python3.8/site-packages/webdriver_manager/drivers/chrome.py", line 32, in get_driver_download_url
[2026-05-06T13:00:08.323+0000] {subprocess.py:93} INFO -     driver_version_to_download = self.get_driver_version_to_download()
[2026-05-06T13:00:08.325+0000] {subprocess.py:93} INFO -   File "/home/***/.local/lib/python3.8/site-packages/webdriver_manager/core/driver.py", line 48, in get_driver_version_to_download
[2026-05-06T13:00:08.325+0000] {subprocess.py:93} INFO -     return self.get_latest_release_version()
[2026-05-06T13:00:08.326+0000] {subprocess.py:93} INFO -   File "/home/***/.local/lib/python3.8/site-packages/webdriver_manager/drivers/chrome.py", line 70, in get_latest_release_version
[2026-05-06T13:00:08.329+0000] {subprocess.py:93} INFO -     resp = self._http_client.get(url=latest_release_url)
[2026-05-06T13:00:08.335+0000] {subprocess.py:93} INFO -   File "/home/***/.local/lib/python3.8/site-packages/webdriver_manager/core/http.py", line 35, in get
[2026-05-06T13:00:08.336+0000] {subprocess.py:93} INFO -     raise exceptions.ConnectionError(f"Could not reach host. Are you offline?")
[2026-05-06T13:00:08.337+0000] {subprocess.py:93} INFO - requests.exceptions.ConnectionError: Could not reach host. Are you offline?
[2026-05-06T13:00:08.339+0000] {subprocess.py:93} INFO - Electroplanet done with warnings
[2026-05-06T13:00:08.341+0000] {subprocess.py:97} INFO - Command exited with return code 0
[2026-05-06T13:00:08.472+0000] {taskinstance.py:1138} INFO - Marking task as SUCCESS. dag_id=price_intelligence_pipeline, task_id=scrape_electroplanet, execution_date=20260506T120000, start_date=20260506T130002, end_date=20260506T130008
[2026-05-06T13:00:08.557+0000] {local_task_job_runner.py:234} INFO - Task exited with return code 0
[2026-05-06T13:00:08.647+0000] {taskinstance.py:3280} INFO - 1 downstream tasks scheduled from follow-on schedule check
