[2026-05-06T15:02:26.815+0000] {taskinstance.py:1956} INFO - Dependencies all met for dep_context=non-requeueable deps ti=<TaskInstance: price_intelligence_pipeline.scrape_amazon manual__2026-05-06T15:02:24+00:00 [queued]>
[2026-05-06T15:02:26.841+0000] {taskinstance.py:1956} INFO - Dependencies all met for dep_context=requeueable deps ti=<TaskInstance: price_intelligence_pipeline.scrape_amazon manual__2026-05-06T15:02:24+00:00 [queued]>
[2026-05-06T15:02:26.843+0000] {taskinstance.py:2170} INFO - Starting attempt 1 of 2
[2026-05-06T15:02:26.874+0000] {taskinstance.py:2191} INFO - Executing <Task(BashOperator): scrape_amazon> on 2026-05-06 15:02:24+00:00
[2026-05-06T15:02:26.892+0000] {standard_task_runner.py:60} INFO - Started process 18535 to run task
[2026-05-06T15:02:26.908+0000] {standard_task_runner.py:87} INFO - Running: ['***', 'tasks', 'run', 'price_intelligence_pipeline', 'scrape_amazon', 'manual__2026-05-06T15:02:24+00:00', '--job-id', '575', '--raw', '--subdir', 'DAGS_FOLDER/price_intelligence_dag.py', '--cfg-path', '/tmp/tmpj7g83v9h']
[2026-05-06T15:02:26.918+0000] {standard_task_runner.py:88} INFO - Job 575: Subtask scrape_amazon
[2026-05-06T15:02:27.134+0000] {task_command.py:423} INFO - Running <TaskInstance: price_intelligence_pipeline.scrape_amazon manual__2026-05-06T15:02:24+00:00 [running]> on host 25ef6dfa8bdc
[2026-05-06T15:02:27.711+0000] {taskinstance.py:2480} INFO - Exporting env vars: AIRFLOW_CTX_DAG_OWNER='***' AIRFLOW_CTX_DAG_ID='price_intelligence_pipeline' AIRFLOW_CTX_TASK_ID='scrape_amazon' AIRFLOW_CTX_EXECUTION_DATE='2026-05-06T15:02:24+00:00' AIRFLOW_CTX_TRY_NUMBER='1' AIRFLOW_CTX_DAG_RUN_ID='manual__2026-05-06T15:02:24+00:00'
[2026-05-06T15:02:27.715+0000] {subprocess.py:63} INFO - Tmp dir root location: /tmp
[2026-05-06T15:02:27.724+0000] {subprocess.py:75} INFO - Running command: ['/usr/bin/bash', '-c', '\n            cd /opt/***\n            mkdir -p data/raw\n            export DISPLAY=:99\n            python3 scrapers/spiders/amazon_ma.py || echo "Amazon done with warnings"\n        ']
[2026-05-06T15:02:27.763+0000] {subprocess.py:86} INFO - Output:
[2026-05-06T15:02:45.564+0000] {subprocess.py:93} INFO - Traceback (most recent call last):
[2026-05-06T15:02:45.566+0000] {subprocess.py:93} INFO -   File "scrapers/spiders/amazon_ma.py", line 147, in <module>
[2026-05-06T15:02:45.567+0000] {subprocess.py:93} INFO -     scrape_amazon()
[2026-05-06T15:02:45.568+0000] {subprocess.py:93} INFO -   File "scrapers/spiders/amazon_ma.py", line 55, in scrape_amazon
[2026-05-06T15:02:45.569+0000] {subprocess.py:93} INFO -     driver = get_driver()
[2026-05-06T15:02:45.569+0000] {subprocess.py:93} INFO -   File "scrapers/spiders/amazon_ma.py", line 47, in get_driver
[2026-05-06T15:02:45.570+0000] {subprocess.py:93} INFO -     driver = webdriver.Chrome(service=Service(ChromeDriverManager().install()), options=opts)
[2026-05-06T15:02:45.571+0000] {subprocess.py:93} INFO -   File "/home/***/.local/lib/python3.8/site-packages/selenium/webdriver/chrome/webdriver.py", line 45, in __init__
[2026-05-06T15:02:45.572+0000] {subprocess.py:93} INFO -     super().__init__(
[2026-05-06T15:02:45.572+0000] {subprocess.py:93} INFO -   File "/home/***/.local/lib/python3.8/site-packages/selenium/webdriver/chromium/webdriver.py", line 66, in __init__
[2026-05-06T15:02:45.573+0000] {subprocess.py:93} INFO -     super().__init__(command_executor=executor, options=options)
[2026-05-06T15:02:45.574+0000] {subprocess.py:93} INFO -   File "/home/***/.local/lib/python3.8/site-packages/selenium/webdriver/remote/webdriver.py", line 241, in __init__
[2026-05-06T15:02:45.576+0000] {subprocess.py:93} INFO -     self.start_session(capabilities)
[2026-05-06T15:02:45.578+0000] {subprocess.py:93} INFO -   File "/home/***/.local/lib/python3.8/site-packages/selenium/webdriver/remote/webdriver.py", line 329, in start_session
[2026-05-06T15:02:45.579+0000] {subprocess.py:93} INFO -     response = self.execute(Command.NEW_SESSION, caps)["value"]
[2026-05-06T15:02:45.580+0000] {subprocess.py:93} INFO -   File "/home/***/.local/lib/python3.8/site-packages/selenium/webdriver/remote/webdriver.py", line 384, in execute
[2026-05-06T15:02:45.582+0000] {subprocess.py:93} INFO -     self.error_handler.check_response(response)
[2026-05-06T15:02:45.583+0000] {subprocess.py:93} INFO -   File "/home/***/.local/lib/python3.8/site-packages/selenium/webdriver/remote/errorhandler.py", line 232, in check_response
[2026-05-06T15:02:45.585+0000] {subprocess.py:93} INFO -     raise exception_class(message, screen, stacktrace)
[2026-05-06T15:02:45.589+0000] {subprocess.py:93} INFO - selenium.common.exceptions.WebDriverException: Message: unknown error: Chrome failed to start: exited abnormally.
[2026-05-06T15:02:45.590+0000] {subprocess.py:93} INFO -   (unknown error: DevToolsActivePort file doesn't exist)
[2026-05-06T15:02:45.591+0000] {subprocess.py:93} INFO -   (The process started from chrome location /usr/bin/chromium is no longer running, so ChromeDriver is assuming that Chrome has crashed.)
[2026-05-06T15:02:45.593+0000] {subprocess.py:93} INFO - Stacktrace:
[2026-05-06T15:02:45.594+0000] {subprocess.py:93} INFO - #0 0x599367c964e3 <unknown>
[2026-05-06T15:02:45.596+0000] {subprocess.py:93} INFO - #1 0x5993679c5c76 <unknown>
[2026-05-06T15:02:45.597+0000] {subprocess.py:93} INFO - #2 0x5993679eed78 <unknown>
[2026-05-06T15:02:45.598+0000] {subprocess.py:93} INFO - #3 0x5993679eb029 <unknown>
[2026-05-06T15:02:45.599+0000] {subprocess.py:93} INFO - #4 0x599367a29ccc <unknown>
[2026-05-06T15:02:45.600+0000] {subprocess.py:93} INFO - #5 0x599367a2947f <unknown>
[2026-05-06T15:02:45.601+0000] {subprocess.py:93} INFO - #6 0x599367a20de3 <unknown>
[2026-05-06T15:02:45.602+0000] {subprocess.py:93} INFO - #7 0x5993679f62dd <unknown>
[2026-05-06T15:02:45.603+0000] {subprocess.py:93} INFO - #8 0x5993679f734e <unknown>
[2026-05-06T15:02:45.604+0000] {subprocess.py:93} INFO - #9 0x599367c563e4 <unknown>
[2026-05-06T15:02:45.605+0000] {subprocess.py:93} INFO - #10 0x599367c5a3d7 <unknown>
[2026-05-06T15:02:45.606+0000] {subprocess.py:93} INFO - #11 0x599367c64b20 <unknown>
[2026-05-06T15:02:45.607+0000] {subprocess.py:93} INFO - #12 0x599367c5b023 <unknown>
[2026-05-06T15:02:45.608+0000] {subprocess.py:93} INFO - #13 0x599367c291aa <unknown>
[2026-05-06T15:02:45.609+0000] {subprocess.py:93} INFO - #14 0x599367c7f6b8 <unknown>
[2026-05-06T15:02:45.611+0000] {subprocess.py:93} INFO - #15 0x599367c7f847 <unknown>
[2026-05-06T15:02:45.613+0000] {subprocess.py:93} INFO - #16 0x599367c8f243 <unknown>
[2026-05-06T15:02:45.614+0000] {subprocess.py:93} INFO - #17 0x7e70512b7134 <unknown>
[2026-05-06T15:02:45.621+0000] {subprocess.py:93} INFO - 
[2026-05-06T15:02:45.657+0000] {subprocess.py:93} INFO - Amazon done with warnings
[2026-05-06T15:02:45.660+0000] {subprocess.py:97} INFO - Command exited with return code 0
[2026-05-06T15:02:45.767+0000] {taskinstance.py:1138} INFO - Marking task as SUCCESS. dag_id=price_intelligence_pipeline, task_id=scrape_amazon, execution_date=20260506T150224, start_date=20260506T150226, end_date=20260506T150245
[2026-05-06T15:02:45.850+0000] {local_task_job_runner.py:234} INFO - Task exited with return code 0
[2026-05-06T15:02:45.965+0000] {taskinstance.py:3280} INFO - 0 downstream tasks scheduled from follow-on schedule check
