[2026-05-11T20:02:07.850+0000] {taskinstance.py:1956} INFO - Dependencies all met for dep_context=non-requeueable deps ti=<TaskInstance: price_intelligence_pipeline.dbt_run scheduled__2026-05-11T19:00:00+00:00 [queued]>
[2026-05-11T20:02:07.874+0000] {taskinstance.py:1956} INFO - Dependencies all met for dep_context=requeueable deps ti=<TaskInstance: price_intelligence_pipeline.dbt_run scheduled__2026-05-11T19:00:00+00:00 [queued]>
[2026-05-11T20:02:07.875+0000] {taskinstance.py:2170} INFO - Starting attempt 1 of 2
[2026-05-11T20:02:07.919+0000] {taskinstance.py:2191} INFO - Executing <Task(BashOperator): dbt_run> on 2026-05-11 19:00:00+00:00
[2026-05-11T20:02:07.930+0000] {standard_task_runner.py:60} INFO - Started process 10854 to run task
[2026-05-11T20:02:07.939+0000] {standard_task_runner.py:87} INFO - Running: ['***', 'tasks', 'run', 'price_intelligence_pipeline', 'dbt_run', 'scheduled__2026-05-11T19:00:00+00:00', '--job-id', '993', '--raw', '--subdir', 'DAGS_FOLDER/price_intelligence_dag.py', '--cfg-path', '/tmp/tmp_vo21gep']
[2026-05-11T20:02:07.945+0000] {standard_task_runner.py:88} INFO - Job 993: Subtask dbt_run
[2026-05-11T20:02:08.231+0000] {task_command.py:423} INFO - Running <TaskInstance: price_intelligence_pipeline.dbt_run scheduled__2026-05-11T19:00:00+00:00 [running]> on host 91e0d3a0a233
[2026-05-11T20:02:08.577+0000] {taskinstance.py:2480} INFO - Exporting env vars: AIRFLOW_CTX_DAG_OWNER='***' AIRFLOW_CTX_DAG_ID='price_intelligence_pipeline' AIRFLOW_CTX_TASK_ID='dbt_run' AIRFLOW_CTX_EXECUTION_DATE='2026-05-11T19:00:00+00:00' AIRFLOW_CTX_TRY_NUMBER='1' AIRFLOW_CTX_DAG_RUN_ID='scheduled__2026-05-11T19:00:00+00:00'
[2026-05-11T20:02:08.580+0000] {subprocess.py:63} INFO - Tmp dir root location: /tmp
[2026-05-11T20:02:08.583+0000] {subprocess.py:75} INFO - Running command: ['/usr/bin/bash', '-c', '\n            set -e\n            cd /opt/***/dbt\n            export GOOGLE_APPLICATION_CREDENTIALS=/opt/***/gcp-credentials-new.json\n            /home/***/.local/bin/dbt run --full-refresh --profiles-dir . --project-dir .\n            echo dbt done\n        ']
[2026-05-11T20:02:08.609+0000] {subprocess.py:86} INFO - Output:
[2026-05-11T20:02:14.577+0000] {subprocess.py:93} INFO - [0m20:02:14  Running with dbt=1.8.7
[2026-05-11T20:02:18.443+0000] {subprocess.py:93} INFO - [0m20:02:18  Registered adapter: bigquery=1.8.3
[2026-05-11T20:02:21.490+0000] {subprocess.py:93} INFO - [0m20:02:21  Found 3 models, 1 seed, 7 data tests, 1 source, 479 macros
[2026-05-11T20:02:21.511+0000] {subprocess.py:93} INFO - [0m20:02:21
[2026-05-11T20:02:23.521+0000] {subprocess.py:93} INFO - [0m20:02:23  Concurrency: 4 threads (target='dev')
[2026-05-11T20:02:23.523+0000] {subprocess.py:93} INFO - [0m20:02:23
[2026-05-11T20:02:23.550+0000] {subprocess.py:93} INFO - [0m20:02:23  1 of 3 START sql view model price_intelligence_dbt.stg_prices .................. [RUN]
[2026-05-11T20:02:25.785+0000] {subprocess.py:93} INFO - [0m20:02:25  1 of 3 OK created sql view model price_intelligence_dbt.stg_prices ............. [[32mCREATE VIEW (0 processed)[0m in 2.22s]
[2026-05-11T20:02:25.797+0000] {subprocess.py:93} INFO - [0m20:02:25  2 of 3 START sql table model price_intelligence_dbt.prices_cleaned ............. [RUN]
[2026-05-11T20:02:29.980+0000] {subprocess.py:93} INFO - [0m20:02:29  2 of 3 OK created sql table model price_intelligence_dbt.prices_cleaned ........ [[32mCREATE TABLE (5.0k rows, 2.6 MiB processed)[0m in 4.18s]
[2026-05-11T20:02:29.987+0000] {subprocess.py:93} INFO - [0m20:02:29  3 of 3 START sql table model price_intelligence_dbt.prices_aggregated .......... [RUN]
[2026-05-11T20:02:33.915+0000] {subprocess.py:93} INFO - [0m20:02:33  3 of 3 OK created sql table model price_intelligence_dbt.prices_aggregated ..... [[32mCREATE TABLE (11.0 rows, 231.8 KiB processed)[0m in 3.91s]
[2026-05-11T20:02:33.959+0000] {subprocess.py:93} INFO - [0m20:02:33
[2026-05-11T20:02:33.966+0000] {subprocess.py:93} INFO - [0m20:02:33  Finished running 1 view model, 2 table models in 0 hours 0 minutes and 12.44 seconds (12.44s).
[2026-05-11T20:02:34.394+0000] {subprocess.py:93} INFO - [0m20:02:34
[2026-05-11T20:02:34.398+0000] {subprocess.py:93} INFO - [0m20:02:34  [32mCompleted successfully[0m
[2026-05-11T20:02:34.400+0000] {subprocess.py:93} INFO - [0m20:02:34
[2026-05-11T20:02:34.403+0000] {subprocess.py:93} INFO - [0m20:02:34  Done. PASS=3 WARN=0 ERROR=0 SKIP=0 TOTAL=3
[2026-05-11T20:02:36.600+0000] {subprocess.py:93} INFO - dbt done
[2026-05-11T20:02:36.613+0000] {subprocess.py:97} INFO - Command exited with return code 0
[2026-05-11T20:02:36.723+0000] {taskinstance.py:1138} INFO - Marking task as SUCCESS. dag_id=price_intelligence_pipeline, task_id=dbt_run, execution_date=20260511T190000, start_date=20260511T200207, end_date=20260511T200236
[2026-05-11T20:02:36.821+0000] {local_task_job_runner.py:234} INFO - Task exited with return code 0
[2026-05-11T20:02:36.902+0000] {taskinstance.py:3280} INFO - 1 downstream tasks scheduled from follow-on schedule check
