[2026-05-07T15:04:23.025+0000] {taskinstance.py:1956} INFO - Dependencies all met for dep_context=non-requeueable deps ti=<TaskInstance: price_intelligence_pipeline.dbt_run scheduled__2026-05-07T14:00:00+00:00 [queued]>
[2026-05-07T15:04:23.060+0000] {taskinstance.py:1956} INFO - Dependencies all met for dep_context=requeueable deps ti=<TaskInstance: price_intelligence_pipeline.dbt_run scheduled__2026-05-07T14:00:00+00:00 [queued]>
[2026-05-07T15:04:23.066+0000] {taskinstance.py:2170} INFO - Starting attempt 2 of 2
[2026-05-07T15:04:23.108+0000] {taskinstance.py:2191} INFO - Executing <Task(BashOperator): dbt_run> on 2026-05-07 14:00:00+00:00
[2026-05-07T15:04:23.132+0000] {standard_task_runner.py:60} INFO - Started process 27978 to run task
[2026-05-07T15:04:23.141+0000] {standard_task_runner.py:87} INFO - Running: ['***', 'tasks', 'run', 'price_intelligence_pipeline', 'dbt_run', 'scheduled__2026-05-07T14:00:00+00:00', '--job-id', '676', '--raw', '--subdir', 'DAGS_FOLDER/price_intelligence_dag.py', '--cfg-path', '/tmp/tmpwozkpnzt']
[2026-05-07T15:04:23.152+0000] {standard_task_runner.py:88} INFO - Job 676: Subtask dbt_run
[2026-05-07T15:04:23.359+0000] {task_command.py:423} INFO - Running <TaskInstance: price_intelligence_pipeline.dbt_run scheduled__2026-05-07T14:00:00+00:00 [running]> on host 25ef6dfa8bdc
[2026-05-07T15:04:23.699+0000] {taskinstance.py:2480} INFO - Exporting env vars: AIRFLOW_CTX_DAG_OWNER='***' AIRFLOW_CTX_DAG_ID='price_intelligence_pipeline' AIRFLOW_CTX_TASK_ID='dbt_run' AIRFLOW_CTX_EXECUTION_DATE='2026-05-07T14:00:00+00:00' AIRFLOW_CTX_TRY_NUMBER='2' AIRFLOW_CTX_DAG_RUN_ID='scheduled__2026-05-07T14:00:00+00:00'
[2026-05-07T15:04:23.702+0000] {subprocess.py:63} INFO - Tmp dir root location: /tmp
[2026-05-07T15:04:23.704+0000] {subprocess.py:75} INFO - Running command: ['/usr/bin/bash', '-c', '\n            set -e\n            cd /opt/***/dbt\n            export GOOGLE_APPLICATION_CREDENTIALS=/opt/***/gcp-credentials-new.json\n            /home/***/.local/bin/dbt run --select stg_prices --profiles-dir . --project-dir .\n            /home/***/.local/bin/dbt run --select prices_cleaned --profiles-dir . --project-dir .\n            /home/***/.local/bin/dbt run --select prices_aggregated --profiles-dir . --project-dir .\n            echo dbt done\n        ']
[2026-05-07T15:04:23.732+0000] {subprocess.py:86} INFO - Output:
[2026-05-07T15:04:29.682+0000] {subprocess.py:93} INFO - [0m15:04:29  Running with dbt=1.8.7
[2026-05-07T15:04:33.422+0000] {subprocess.py:93} INFO - [0m15:04:33  Registered adapter: bigquery=1.8.3
[2026-05-07T15:04:35.531+0000] {subprocess.py:93} INFO - [0m15:04:35  Found 3 models, 1 seed, 7 data tests, 1 source, 479 macros
[2026-05-07T15:04:35.541+0000] {subprocess.py:93} INFO - [0m15:04:35
[2026-05-07T15:04:41.027+0000] {subprocess.py:93} INFO - [0m15:04:41  Concurrency: 4 threads (target='dev')
[2026-05-07T15:04:41.028+0000] {subprocess.py:93} INFO - [0m15:04:41
[2026-05-07T15:04:41.051+0000] {subprocess.py:93} INFO - [0m15:04:41  1 of 1 START sql view model price_intelligence_dbt.stg_prices .................. [RUN]
[2026-05-07T15:04:47.000+0000] {subprocess.py:93} INFO - [0m15:04:46  BigQuery adapter: https://console.cloud.google.com/bigquery?project=project-32a82952-90fa-4dd7-b9c&j=bq:US:9863ab40-c29e-4f3c-830a-09ce07622585&page=queryresults
[2026-05-07T15:04:47.012+0000] {subprocess.py:93} INFO - [0m15:04:47  1 of 1 ERROR creating sql view model price_intelligence_dbt.stg_prices ......... [[31mERROR[0m in 5.96s]
[2026-05-07T15:04:47.023+0000] {subprocess.py:93} INFO - [0m15:04:47
[2026-05-07T15:04:47.024+0000] {subprocess.py:93} INFO - [0m15:04:47  Finished running 1 view model in 0 hours 0 minutes and 11.48 seconds (11.48s).
[2026-05-07T15:04:47.107+0000] {subprocess.py:93} INFO - [0m15:04:47
[2026-05-07T15:04:47.108+0000] {subprocess.py:93} INFO - [0m15:04:47  [31mCompleted with 1 error and 0 warnings:[0m
[2026-05-07T15:04:47.109+0000] {subprocess.py:93} INFO - [0m15:04:47
[2026-05-07T15:04:47.110+0000] {subprocess.py:93} INFO - [0m15:04:47    Database Error in model stg_prices (models/staging/stg_prices.sql)
[2026-05-07T15:04:47.111+0000] {subprocess.py:93} INFO -   Unrecognized name: old_price at [11:10]
[2026-05-07T15:04:47.111+0000] {subprocess.py:93} INFO -   compiled code at target/run/price_intelligence/models/staging/stg_prices.sql
[2026-05-07T15:04:47.112+0000] {subprocess.py:93} INFO - [0m15:04:47
[2026-05-07T15:04:47.113+0000] {subprocess.py:93} INFO - [0m15:04:47  Done. PASS=0 WARN=0 ERROR=1 SKIP=0 TOTAL=1
[2026-05-07T15:04:51.742+0000] {subprocess.py:97} INFO - Command exited with return code 1
[2026-05-07T15:04:51.773+0000] {taskinstance.py:2698} ERROR - Task failed with exception
Traceback (most recent call last):
  File "/home/airflow/.local/lib/python3.8/site-packages/airflow/models/taskinstance.py", line 428, in _execute_task
    result = execute_callable(context=context, **execute_callable_kwargs)
  File "/home/airflow/.local/lib/python3.8/site-packages/airflow/operators/bash.py", line 212, in execute
    raise AirflowException(
airflow.exceptions.AirflowException: Bash command failed. The command returned a non-zero exit code 1.
[2026-05-07T15:04:51.779+0000] {taskinstance.py:1138} INFO - Marking task as FAILED. dag_id=price_intelligence_pipeline, task_id=dbt_run, execution_date=20260507T140000, start_date=20260507T150423, end_date=20260507T150451
[2026-05-07T15:04:51.811+0000] {standard_task_runner.py:107} ERROR - Failed to execute job 676 for task dbt_run (Bash command failed. The command returned a non-zero exit code 1.; 27978)
[2026-05-07T15:04:51.857+0000] {local_task_job_runner.py:234} INFO - Task exited with return code 1
[2026-05-07T15:04:51.905+0000] {taskinstance.py:3280} INFO - 0 downstream tasks scheduled from follow-on schedule check
