[2026-05-07T15:01:48.394+0000] {taskinstance.py:1956} INFO - Dependencies all met for dep_context=non-requeueable deps ti=<TaskInstance: price_intelligence_pipeline.dbt_run scheduled__2026-05-07T14:00:00+00:00 [queued]>
[2026-05-07T15:01:48.424+0000] {taskinstance.py:1956} INFO - Dependencies all met for dep_context=requeueable deps ti=<TaskInstance: price_intelligence_pipeline.dbt_run scheduled__2026-05-07T14:00:00+00:00 [queued]>
[2026-05-07T15:01:48.426+0000] {taskinstance.py:2170} INFO - Starting attempt 1 of 2
[2026-05-07T15:01:48.461+0000] {taskinstance.py:2191} INFO - Executing <Task(BashOperator): dbt_run> on 2026-05-07 14:00:00+00:00
[2026-05-07T15:01:48.473+0000] {standard_task_runner.py:60} INFO - Started process 27897 to run task
[2026-05-07T15:01:48.490+0000] {standard_task_runner.py:87} INFO - Running: ['***', 'tasks', 'run', 'price_intelligence_pipeline', 'dbt_run', 'scheduled__2026-05-07T14:00:00+00:00', '--job-id', '675', '--raw', '--subdir', 'DAGS_FOLDER/price_intelligence_dag.py', '--cfg-path', '/tmp/tmpc9vnnn85']
[2026-05-07T15:01:48.496+0000] {standard_task_runner.py:88} INFO - Job 675: Subtask dbt_run
[2026-05-07T15:01:48.665+0000] {task_command.py:423} INFO - Running <TaskInstance: price_intelligence_pipeline.dbt_run scheduled__2026-05-07T14:00:00+00:00 [running]> on host 25ef6dfa8bdc
[2026-05-07T15:01:49.003+0000] {taskinstance.py:2480} INFO - Exporting env vars: AIRFLOW_CTX_DAG_OWNER='***' AIRFLOW_CTX_DAG_ID='price_intelligence_pipeline' AIRFLOW_CTX_TASK_ID='dbt_run' AIRFLOW_CTX_EXECUTION_DATE='2026-05-07T14:00:00+00:00' AIRFLOW_CTX_TRY_NUMBER='1' AIRFLOW_CTX_DAG_RUN_ID='scheduled__2026-05-07T14:00:00+00:00'
[2026-05-07T15:01:49.006+0000] {subprocess.py:63} INFO - Tmp dir root location: /tmp
[2026-05-07T15:01:49.009+0000] {subprocess.py:75} INFO - Running command: ['/usr/bin/bash', '-c', '\n            set -e\n            cd /opt/***/dbt\n            export GOOGLE_APPLICATION_CREDENTIALS=/opt/***/gcp-credentials-new.json\n            /home/***/.local/bin/dbt run --select stg_prices --profiles-dir . --project-dir .\n            /home/***/.local/bin/dbt run --select prices_cleaned --profiles-dir . --project-dir .\n            /home/***/.local/bin/dbt run --select prices_aggregated --profiles-dir . --project-dir .\n            echo dbt done\n        ']
[2026-05-07T15:01:49.038+0000] {subprocess.py:86} INFO - Output:
[2026-05-07T15:01:54.636+0000] {subprocess.py:93} INFO - [0m15:01:54  Running with dbt=1.8.7
[2026-05-07T15:01:59.166+0000] {subprocess.py:93} INFO - [0m15:01:59  Registered adapter: bigquery=1.8.3
[2026-05-07T15:02:01.976+0000] {subprocess.py:93} INFO - [0m15:02:01  Found 3 models, 1 seed, 7 data tests, 1 source, 479 macros
[2026-05-07T15:02:01.988+0000] {subprocess.py:93} INFO - [0m15:02:01
[2026-05-07T15:02:07.946+0000] {subprocess.py:93} INFO - [0m15:02:07  Concurrency: 4 threads (target='dev')
[2026-05-07T15:02:07.966+0000] {subprocess.py:93} INFO - [0m15:02:07
[2026-05-07T15:02:08.008+0000] {subprocess.py:93} INFO - [0m15:02:08  1 of 1 START sql view model price_intelligence_dbt.stg_prices .................. [RUN]
[2026-05-07T15:02:16.621+0000] {subprocess.py:93} INFO - [0m15:02:16  BigQuery adapter: https://console.cloud.google.com/bigquery?project=project-32a82952-90fa-4dd7-b9c&j=bq:US:c2302311-c6bd-48b7-8eff-5d74d9d5b2ae&page=queryresults
[2026-05-07T15:02:16.656+0000] {subprocess.py:93} INFO - [0m15:02:16  1 of 1 ERROR creating sql view model price_intelligence_dbt.stg_prices ......... [[31mERROR[0m in 8.64s]
[2026-05-07T15:02:16.693+0000] {subprocess.py:93} INFO - [0m15:02:16
[2026-05-07T15:02:16.695+0000] {subprocess.py:93} INFO - [0m15:02:16  Finished running 1 view model in 0 hours 0 minutes and 14.70 seconds (14.70s).
[2026-05-07T15:02:17.010+0000] {subprocess.py:93} INFO - [0m15:02:17
[2026-05-07T15:02:17.015+0000] {subprocess.py:93} INFO - [0m15:02:17  [31mCompleted with 1 error and 0 warnings:[0m
[2026-05-07T15:02:17.016+0000] {subprocess.py:93} INFO - [0m15:02:17
[2026-05-07T15:02:17.018+0000] {subprocess.py:93} INFO - [0m15:02:17    Database Error in model stg_prices (models/staging/stg_prices.sql)
[2026-05-07T15:02:17.019+0000] {subprocess.py:93} INFO -   Unrecognized name: old_price at [11:10]
[2026-05-07T15:02:17.022+0000] {subprocess.py:93} INFO -   compiled code at target/run/price_intelligence/models/staging/stg_prices.sql
[2026-05-07T15:02:17.026+0000] {subprocess.py:93} INFO - [0m15:02:17
[2026-05-07T15:02:17.028+0000] {subprocess.py:93} INFO - [0m15:02:17  Done. PASS=0 WARN=0 ERROR=1 SKIP=0 TOTAL=1
[2026-05-07T15:02:21.573+0000] {subprocess.py:97} INFO - Command exited with return code 1
[2026-05-07T15:02:21.599+0000] {taskinstance.py:2698} ERROR - Task failed with exception
Traceback (most recent call last):
  File "/home/airflow/.local/lib/python3.8/site-packages/airflow/models/taskinstance.py", line 428, in _execute_task
    result = execute_callable(context=context, **execute_callable_kwargs)
  File "/home/airflow/.local/lib/python3.8/site-packages/airflow/operators/bash.py", line 212, in execute
    raise AirflowException(
airflow.exceptions.AirflowException: Bash command failed. The command returned a non-zero exit code 1.
[2026-05-07T15:02:21.605+0000] {taskinstance.py:1138} INFO - Marking task as UP_FOR_RETRY. dag_id=price_intelligence_pipeline, task_id=dbt_run, execution_date=20260507T140000, start_date=20260507T150148, end_date=20260507T150221
[2026-05-07T15:02:21.631+0000] {standard_task_runner.py:107} ERROR - Failed to execute job 675 for task dbt_run (Bash command failed. The command returned a non-zero exit code 1.; 27897)
[2026-05-07T15:02:21.666+0000] {local_task_job_runner.py:234} INFO - Task exited with return code 1
[2026-05-07T15:02:21.750+0000] {taskinstance.py:3280} INFO - 0 downstream tasks scheduled from follow-on schedule check
