[2026-05-05T23:06:25.610+0000] {taskinstance.py:1956} INFO - Dependencies all met for dep_context=non-requeueable deps ti=<TaskInstance: price_intelligence_pipeline.scrape_avito manual__2026-05-05T22:17:51.780209+00:00 [queued]>
[2026-05-05T23:06:25.678+0000] {taskinstance.py:1956} INFO - Dependencies all met for dep_context=requeueable deps ti=<TaskInstance: price_intelligence_pipeline.scrape_avito manual__2026-05-05T22:17:51.780209+00:00 [queued]>
[2026-05-05T23:06:25.688+0000] {taskinstance.py:2170} INFO - Starting attempt 1 of 2
[2026-05-05T23:06:25.802+0000] {taskinstance.py:2191} INFO - Executing <Task(BashOperator): scrape_avito> on 2026-05-05 22:17:51.780209+00:00
[2026-05-05T23:06:25.826+0000] {standard_task_runner.py:60} INFO - Started process 10350 to run task
[2026-05-05T23:06:25.867+0000] {standard_task_runner.py:87} INFO - Running: ['***', 'tasks', 'run', 'price_intelligence_pipeline', 'scrape_avito', 'manual__2026-05-05T22:17:51.780209+00:00', '--job-id', '489', '--raw', '--subdir', 'DAGS_FOLDER/price_intelligence_dag.py', '--cfg-path', '/tmp/tmpjgnbm43z']
[2026-05-05T23:06:25.874+0000] {standard_task_runner.py:88} INFO - Job 489: Subtask scrape_avito
[2026-05-05T23:06:26.360+0000] {task_command.py:423} INFO - Running <TaskInstance: price_intelligence_pipeline.scrape_avito manual__2026-05-05T22:17:51.780209+00:00 [running]> on host 25ef6dfa8bdc
[2026-05-05T23:06:26.839+0000] {taskinstance.py:2480} INFO - Exporting env vars: AIRFLOW_CTX_DAG_OWNER='***' AIRFLOW_CTX_DAG_ID='price_intelligence_pipeline' AIRFLOW_CTX_TASK_ID='scrape_avito' AIRFLOW_CTX_EXECUTION_DATE='2026-05-05T22:17:51.780209+00:00' AIRFLOW_CTX_TRY_NUMBER='1' AIRFLOW_CTX_DAG_RUN_ID='manual__2026-05-05T22:17:51.780209+00:00'
[2026-05-05T23:06:26.849+0000] {subprocess.py:63} INFO - Tmp dir root location: /tmp
[2026-05-05T23:06:26.853+0000] {subprocess.py:75} INFO - Running command: ['/usr/bin/bash', '-c', '\n            cd /opt/***\n            mkdir -p data/raw\n            export DISPLAY=:99\n            python3 scrapers/spiders/avito_ma.py || echo "Avito done with warnings"\n        ']
[2026-05-05T23:06:26.893+0000] {subprocess.py:86} INFO - Output:
[2026-05-05T23:06:34.438+0000] {subprocess.py:93} INFO - Traceback (most recent call last):
[2026-05-05T23:06:34.439+0000] {subprocess.py:93} INFO -   File "/home/***/.local/lib/python3.8/site-packages/urllib3/connection.py", line 174, in _new_conn
[2026-05-05T23:06:34.440+0000] {subprocess.py:93} INFO -     conn = connection.create_connection(
[2026-05-05T23:06:34.441+0000] {subprocess.py:93} INFO -   File "/home/***/.local/lib/python3.8/site-packages/urllib3/util/connection.py", line 72, in create_connection
[2026-05-05T23:06:34.442+0000] {subprocess.py:93} INFO -     for res in socket.getaddrinfo(host, port, family, socket.SOCK_STREAM):
[2026-05-05T23:06:34.443+0000] {subprocess.py:93} INFO -   File "/usr/local/lib/python3.8/socket.py", line 918, in getaddrinfo
[2026-05-05T23:06:34.444+0000] {subprocess.py:93} INFO -     for res in _socket.getaddrinfo(host, port, family, type, proto, flags):
[2026-05-05T23:06:34.445+0000] {subprocess.py:93} INFO - socket.gaierror: [Errno -5] No address associated with hostname
[2026-05-05T23:06:34.446+0000] {subprocess.py:93} INFO - 
[2026-05-05T23:06:34.449+0000] {subprocess.py:93} INFO - During handling of the above exception, another exception occurred:
[2026-05-05T23:06:34.450+0000] {subprocess.py:93} INFO - 
[2026-05-05T23:06:34.452+0000] {subprocess.py:93} INFO - Traceback (most recent call last):
[2026-05-05T23:06:34.453+0000] {subprocess.py:93} INFO -   File "/home/***/.local/lib/python3.8/site-packages/urllib3/connectionpool.py", line 715, in urlopen
[2026-05-05T23:06:34.457+0000] {subprocess.py:93} INFO -     httplib_response = self._make_request(
[2026-05-05T23:06:34.458+0000] {subprocess.py:93} INFO -   File "/home/***/.local/lib/python3.8/site-packages/urllib3/connectionpool.py", line 404, in _make_request
[2026-05-05T23:06:34.459+0000] {subprocess.py:93} INFO -     self._validate_conn(conn)
[2026-05-05T23:06:34.461+0000] {subprocess.py:93} INFO -   File "/home/***/.local/lib/python3.8/site-packages/urllib3/connectionpool.py", line 1058, in _validate_conn
[2026-05-05T23:06:34.462+0000] {subprocess.py:93} INFO -     conn.connect()
[2026-05-05T23:06:34.463+0000] {subprocess.py:93} INFO -   File "/home/***/.local/lib/python3.8/site-packages/urllib3/connection.py", line 363, in connect
[2026-05-05T23:06:34.464+0000] {subprocess.py:93} INFO -     self.sock = conn = self._new_conn()
[2026-05-05T23:06:34.466+0000] {subprocess.py:93} INFO -   File "/home/***/.local/lib/python3.8/site-packages/urllib3/connection.py", line 186, in _new_conn
[2026-05-05T23:06:34.467+0000] {subprocess.py:93} INFO -     raise NewConnectionError(
[2026-05-05T23:06:34.468+0000] {subprocess.py:93} INFO - urllib3.exceptions.NewConnectionError: <urllib3.connection.HTTPSConnection object at 0x7291f51f9fa0>: Failed to establish a new connection: [Errno -5] No address associated with hostname
[2026-05-05T23:06:34.470+0000] {subprocess.py:93} INFO - 
[2026-05-05T23:06:34.471+0000] {subprocess.py:93} INFO - During handling of the above exception, another exception occurred:
[2026-05-05T23:06:34.473+0000] {subprocess.py:93} INFO - 
[2026-05-05T23:06:34.478+0000] {subprocess.py:93} INFO - Traceback (most recent call last):
[2026-05-05T23:06:34.479+0000] {subprocess.py:93} INFO -   File "/home/***/.local/lib/python3.8/site-packages/requests/adapters.py", line 486, in send
[2026-05-05T23:06:34.481+0000] {subprocess.py:93} INFO -     resp = conn.urlopen(
[2026-05-05T23:06:34.482+0000] {subprocess.py:93} INFO -   File "/home/***/.local/lib/python3.8/site-packages/urllib3/connectionpool.py", line 799, in urlopen
[2026-05-05T23:06:34.483+0000] {subprocess.py:93} INFO -     retries = retries.increment(
[2026-05-05T23:06:34.484+0000] {subprocess.py:93} INFO -   File "/home/***/.local/lib/python3.8/site-packages/urllib3/util/retry.py", line 592, in increment
[2026-05-05T23:06:34.485+0000] {subprocess.py:93} INFO -     raise MaxRetryError(_pool, url, error or ResponseError(cause))
[2026-05-05T23:06:34.486+0000] {subprocess.py:93} INFO - urllib3.exceptions.MaxRetryError: HTTPSConnectionPool(host='chromedriver.storage.googleapis.com', port=443): Max retries exceeded with url: /LATEST_RELEASE (Caused by NewConnectionError('<urllib3.connection.HTTPSConnection object at 0x7291f51f9fa0>: Failed to establish a new connection: [Errno -5] No address associated with hostname'))
[2026-05-05T23:06:34.487+0000] {subprocess.py:93} INFO - 
[2026-05-05T23:06:34.488+0000] {subprocess.py:93} INFO - During handling of the above exception, another exception occurred:
[2026-05-05T23:06:34.489+0000] {subprocess.py:93} INFO - 
[2026-05-05T23:06:34.492+0000] {subprocess.py:93} INFO - Traceback (most recent call last):
[2026-05-05T23:06:34.494+0000] {subprocess.py:93} INFO -   File "/home/***/.local/lib/python3.8/site-packages/webdriver_manager/core/http.py", line 32, in get
[2026-05-05T23:06:34.495+0000] {subprocess.py:93} INFO -     resp = requests.get(
[2026-05-05T23:06:34.497+0000] {subprocess.py:93} INFO -   File "/home/***/.local/lib/python3.8/site-packages/requests/api.py", line 73, in get
[2026-05-05T23:06:34.498+0000] {subprocess.py:93} INFO -     return request("get", url, params=params, **kwargs)
[2026-05-05T23:06:34.499+0000] {subprocess.py:93} INFO -   File "/home/***/.local/lib/python3.8/site-packages/requests/api.py", line 59, in request
[2026-05-05T23:06:34.501+0000] {subprocess.py:93} INFO -     return session.request(method=method, url=url, **kwargs)
[2026-05-05T23:06:34.502+0000] {subprocess.py:93} INFO -   File "/home/***/.local/lib/python3.8/site-packages/requests/sessions.py", line 589, in request
[2026-05-05T23:06:34.503+0000] {subprocess.py:93} INFO -     resp = self.send(prep, **send_kwargs)
[2026-05-05T23:06:34.504+0000] {subprocess.py:93} INFO -   File "/home/***/.local/lib/python3.8/site-packages/requests/sessions.py", line 703, in send
[2026-05-05T23:06:34.506+0000] {subprocess.py:93} INFO -     r = adapter.send(request, **kwargs)
[2026-05-05T23:06:34.507+0000] {subprocess.py:93} INFO -   File "/home/***/.local/lib/python3.8/site-packages/requests/adapters.py", line 519, in send
[2026-05-05T23:06:34.508+0000] {subprocess.py:93} INFO -     raise ConnectionError(e, request=request)
[2026-05-05T23:06:34.509+0000] {subprocess.py:93} INFO - requests.exceptions.ConnectionError: HTTPSConnectionPool(host='chromedriver.storage.googleapis.com', port=443): Max retries exceeded with url: /LATEST_RELEASE (Caused by NewConnectionError('<urllib3.connection.HTTPSConnection object at 0x7291f51f9fa0>: Failed to establish a new connection: [Errno -5] No address associated with hostname'))
[2026-05-05T23:06:34.510+0000] {subprocess.py:93} INFO - 
[2026-05-05T23:06:34.512+0000] {subprocess.py:93} INFO - During handling of the above exception, another exception occurred:
[2026-05-05T23:06:34.513+0000] {subprocess.py:93} INFO - 
[2026-05-05T23:06:34.514+0000] {subprocess.py:93} INFO - Traceback (most recent call last):
[2026-05-05T23:06:34.515+0000] {subprocess.py:93} INFO -   File "scrapers/spiders/avito_ma.py", line 93, in <module>
[2026-05-05T23:06:34.516+0000] {subprocess.py:93} INFO -     scrape_avito()
[2026-05-05T23:06:34.517+0000] {subprocess.py:93} INFO -   File "scrapers/spiders/avito_ma.py", line 25, in scrape_avito
[2026-05-05T23:06:34.518+0000] {subprocess.py:93} INFO -     driver = webdriver.Chrome(service=Service(ChromeDriverManager().install()), options=options)
[2026-05-05T23:06:34.519+0000] {subprocess.py:93} INFO -   File "/home/***/.local/lib/python3.8/site-packages/webdriver_manager/chrome.py", line 40, in install
[2026-05-05T23:06:34.521+0000] {subprocess.py:93} INFO -     driver_path = self._get_driver_binary_path(self.driver)
[2026-05-05T23:06:34.522+0000] {subprocess.py:93} INFO -   File "/home/***/.local/lib/python3.8/site-packages/webdriver_manager/core/manager.py", line 40, in _get_driver_binary_path
[2026-05-05T23:06:34.523+0000] {subprocess.py:93} INFO -     file = self._download_manager.download_file(driver.get_driver_download_url(os_type))
[2026-05-05T23:06:34.524+0000] {subprocess.py:93} INFO -   File "/home/***/.local/lib/python3.8/site-packages/webdriver_manager/drivers/chrome.py", line 32, in get_driver_download_url
[2026-05-05T23:06:34.526+0000] {subprocess.py:93} INFO -     driver_version_to_download = self.get_driver_version_to_download()
[2026-05-05T23:06:34.527+0000] {subprocess.py:93} INFO -   File "/home/***/.local/lib/python3.8/site-packages/webdriver_manager/core/driver.py", line 48, in get_driver_version_to_download
[2026-05-05T23:06:34.528+0000] {subprocess.py:93} INFO -     return self.get_latest_release_version()
[2026-05-05T23:06:34.530+0000] {subprocess.py:93} INFO -   File "/home/***/.local/lib/python3.8/site-packages/webdriver_manager/drivers/chrome.py", line 70, in get_latest_release_version
[2026-05-05T23:06:34.531+0000] {subprocess.py:93} INFO -     resp = self._http_client.get(url=latest_release_url)
[2026-05-05T23:06:34.532+0000] {subprocess.py:93} INFO -   File "/home/***/.local/lib/python3.8/site-packages/webdriver_manager/core/http.py", line 35, in get
[2026-05-05T23:06:34.533+0000] {subprocess.py:93} INFO -     raise exceptions.ConnectionError(f"Could not reach host. Are you offline?")
[2026-05-05T23:06:34.535+0000] {subprocess.py:93} INFO - requests.exceptions.ConnectionError: Could not reach host. Are you offline?
[2026-05-05T23:06:34.536+0000] {subprocess.py:93} INFO - Avito done with warnings
[2026-05-05T23:06:34.538+0000] {subprocess.py:97} INFO - Command exited with return code 0
[2026-05-05T23:06:34.672+0000] {taskinstance.py:1138} INFO - Marking task as SUCCESS. dag_id=price_intelligence_pipeline, task_id=scrape_avito, execution_date=20260505T221751, start_date=20260505T230625, end_date=20260505T230634
[2026-05-05T23:06:34.764+0000] {local_task_job_runner.py:234} INFO - Task exited with return code 0
[2026-05-05T23:06:34.842+0000] {taskinstance.py:3280} INFO - 0 downstream tasks scheduled from follow-on schedule check
