[2026-05-07T14:02:05.499+0000] {taskinstance.py:1956} INFO - Dependencies all met for dep_context=non-requeueable deps ti=<TaskInstance: price_intelligence_pipeline.dbt_run scheduled__2026-05-07T13:00:00+00:00 [queued]>
[2026-05-07T14:02:05.536+0000] {taskinstance.py:1956} INFO - Dependencies all met for dep_context=requeueable deps ti=<TaskInstance: price_intelligence_pipeline.dbt_run scheduled__2026-05-07T13:00:00+00:00 [queued]>
[2026-05-07T14:02:05.537+0000] {taskinstance.py:2170} INFO - Starting attempt 1 of 2
[2026-05-07T14:02:05.570+0000] {taskinstance.py:2191} INFO - Executing <Task(BashOperator): dbt_run> on 2026-05-07 13:00:00+00:00
[2026-05-07T14:02:05.583+0000] {standard_task_runner.py:60} INFO - Started process 26468 to run task
[2026-05-07T14:02:05.592+0000] {standard_task_runner.py:87} INFO - Running: ['***', 'tasks', 'run', 'price_intelligence_pipeline', 'dbt_run', 'scheduled__2026-05-07T13:00:00+00:00', '--job-id', '667', '--raw', '--subdir', 'DAGS_FOLDER/price_intelligence_dag.py', '--cfg-path', '/tmp/tmpdxfu720r']
[2026-05-07T14:02:05.598+0000] {standard_task_runner.py:88} INFO - Job 667: Subtask dbt_run
[2026-05-07T14:02:05.800+0000] {task_command.py:423} INFO - Running <TaskInstance: price_intelligence_pipeline.dbt_run scheduled__2026-05-07T13:00:00+00:00 [running]> on host 25ef6dfa8bdc
[2026-05-07T14:02:06.218+0000] {taskinstance.py:2480} INFO - Exporting env vars: AIRFLOW_CTX_DAG_OWNER='***' AIRFLOW_CTX_DAG_ID='price_intelligence_pipeline' AIRFLOW_CTX_TASK_ID='dbt_run' AIRFLOW_CTX_EXECUTION_DATE='2026-05-07T13:00:00+00:00' AIRFLOW_CTX_TRY_NUMBER='1' AIRFLOW_CTX_DAG_RUN_ID='scheduled__2026-05-07T13:00:00+00:00'
[2026-05-07T14:02:06.235+0000] {subprocess.py:63} INFO - Tmp dir root location: /tmp
[2026-05-07T14:02:06.239+0000] {subprocess.py:75} INFO - Running command: ['/usr/bin/bash', '-c', '\n            set -e\n            cd /opt/***/dbt\n            export GOOGLE_APPLICATION_CREDENTIALS=/opt/***/gcp-credentials-new.json\n            /home/***/.local/bin/dbt run --select stg_prices --profiles-dir . --project-dir .\n            /home/***/.local/bin/dbt run --select prices_cleaned --profiles-dir . --project-dir .\n            /home/***/.local/bin/dbt run --select prices_aggregated --profiles-dir . --project-dir .\n            echo dbt done\n        ']
[2026-05-07T14:02:06.316+0000] {subprocess.py:86} INFO - Output:
[2026-05-07T14:02:16.071+0000] {subprocess.py:93} INFO - [0m14:02:16  Running with dbt=1.8.7
[2026-05-07T14:02:22.683+0000] {subprocess.py:93} INFO - [0m14:02:22  Registered adapter: bigquery=1.8.3
[2026-05-07T14:02:24.684+0000] {subprocess.py:93} INFO - [0m14:02:24  Found 3 models, 1 seed, 7 data tests, 1 source, 479 macros
[2026-05-07T14:02:24.688+0000] {subprocess.py:93} INFO - [0m14:02:24
[2026-05-07T14:02:29.073+0000] {subprocess.py:93} INFO - [0m14:02:29  Concurrency: 4 threads (target='dev')
[2026-05-07T14:02:29.085+0000] {subprocess.py:93} INFO - [0m14:02:29
[2026-05-07T14:02:29.127+0000] {subprocess.py:93} INFO - [0m14:02:29  1 of 1 START sql view model price_intelligence_dbt.stg_prices .................. [RUN]
[2026-05-07T14:02:36.344+0000] {subprocess.py:93} INFO - [0m14:02:36  BigQuery adapter: https://console.cloud.google.com/bigquery?project=project-32a82952-90fa-4dd7-b9c&j=bq:US:5f63168c-b994-4dfa-8f02-c3cb609df65f&page=queryresults
[2026-05-07T14:02:36.362+0000] {subprocess.py:93} INFO - [0m14:02:36  1 of 1 ERROR creating sql view model price_intelligence_dbt.stg_prices ......... [[31mERROR[0m in 7.23s]
[2026-05-07T14:02:36.371+0000] {subprocess.py:93} INFO - [0m14:02:36
[2026-05-07T14:02:36.373+0000] {subprocess.py:93} INFO - [0m14:02:36  Finished running 1 view model in 0 hours 0 minutes and 11.68 seconds (11.68s).
[2026-05-07T14:02:36.470+0000] {subprocess.py:93} INFO - [0m14:02:36
[2026-05-07T14:02:36.473+0000] {subprocess.py:93} INFO - [0m14:02:36  [31mCompleted with 1 error and 0 warnings:[0m
[2026-05-07T14:02:36.474+0000] {subprocess.py:93} INFO - [0m14:02:36
[2026-05-07T14:02:36.476+0000] {subprocess.py:93} INFO - [0m14:02:36    Database Error in model stg_prices (models/staging/stg_prices.sql)
[2026-05-07T14:02:36.478+0000] {subprocess.py:93} INFO -   Unrecognized name: old_price at [11:10]
[2026-05-07T14:02:36.479+0000] {subprocess.py:93} INFO -   compiled code at target/run/price_intelligence/models/staging/stg_prices.sql
[2026-05-07T14:02:36.479+0000] {subprocess.py:93} INFO - [0m14:02:36
[2026-05-07T14:02:36.480+0000] {subprocess.py:93} INFO - [0m14:02:36  Done. PASS=0 WARN=0 ERROR=1 SKIP=0 TOTAL=1
[2026-05-07T14:02:41.319+0000] {subprocess.py:97} INFO - Command exited with return code 1
[2026-05-07T14:02:41.369+0000] {taskinstance.py:2698} ERROR - Task failed with exception
Traceback (most recent call last):
  File "/home/airflow/.local/lib/python3.8/site-packages/airflow/models/taskinstance.py", line 428, in _execute_task
    result = execute_callable(context=context, **execute_callable_kwargs)
  File "/home/airflow/.local/lib/python3.8/site-packages/airflow/operators/bash.py", line 212, in execute
    raise AirflowException(
airflow.exceptions.AirflowException: Bash command failed. The command returned a non-zero exit code 1.
[2026-05-07T14:02:41.400+0000] {taskinstance.py:1138} INFO - Marking task as UP_FOR_RETRY. dag_id=price_intelligence_pipeline, task_id=dbt_run, execution_date=20260507T130000, start_date=20260507T140205, end_date=20260507T140241
[2026-05-07T14:02:41.467+0000] {standard_task_runner.py:107} ERROR - Failed to execute job 667 for task dbt_run (Bash command failed. The command returned a non-zero exit code 1.; 26468)
[2026-05-07T14:02:41.511+0000] {local_task_job_runner.py:234} INFO - Task exited with return code 1
[2026-05-07T14:02:41.617+0000] {taskinstance.py:3280} INFO - 0 downstream tasks scheduled from follow-on schedule check
