[2026-05-05T23:06:25.192+0000] {taskinstance.py:1956} INFO - Dependencies all met for dep_context=non-requeueable deps ti=<TaskInstance: price_intelligence_pipeline.scrape_amazon manual__2026-05-05T22:17:51.780209+00:00 [queued]>
[2026-05-05T23:06:25.247+0000] {taskinstance.py:1956} INFO - Dependencies all met for dep_context=requeueable deps ti=<TaskInstance: price_intelligence_pipeline.scrape_amazon manual__2026-05-05T22:17:51.780209+00:00 [queued]>
[2026-05-05T23:06:25.248+0000] {taskinstance.py:2170} INFO - Starting attempt 1 of 2
[2026-05-05T23:06:25.389+0000] {taskinstance.py:2191} INFO - Executing <Task(BashOperator): scrape_amazon> on 2026-05-05 22:17:51.780209+00:00
[2026-05-05T23:06:25.532+0000] {standard_task_runner.py:87} INFO - Running: ['***', 'tasks', 'run', 'price_intelligence_pipeline', 'scrape_amazon', 'manual__2026-05-05T22:17:51.780209+00:00', '--job-id', '486', '--raw', '--subdir', 'DAGS_FOLDER/price_intelligence_dag.py', '--cfg-path', '/tmp/tmppkcukfeg']
[2026-05-05T23:06:25.549+0000] {standard_task_runner.py:88} INFO - Job 486: Subtask scrape_amazon
[2026-05-05T23:06:25.527+0000] {standard_task_runner.py:60} INFO - Started process 10348 to run task
[2026-05-05T23:06:25.954+0000] {task_command.py:423} INFO - Running <TaskInstance: price_intelligence_pipeline.scrape_amazon manual__2026-05-05T22:17:51.780209+00:00 [running]> on host 25ef6dfa8bdc
[2026-05-05T23:06:26.522+0000] {taskinstance.py:2480} INFO - Exporting env vars: AIRFLOW_CTX_DAG_OWNER='***' AIRFLOW_CTX_DAG_ID='price_intelligence_pipeline' AIRFLOW_CTX_TASK_ID='scrape_amazon' AIRFLOW_CTX_EXECUTION_DATE='2026-05-05T22:17:51.780209+00:00' AIRFLOW_CTX_TRY_NUMBER='1' AIRFLOW_CTX_DAG_RUN_ID='manual__2026-05-05T22:17:51.780209+00:00'
[2026-05-05T23:06:26.525+0000] {subprocess.py:63} INFO - Tmp dir root location: /tmp
[2026-05-05T23:06:26.541+0000] {subprocess.py:75} INFO - Running command: ['/usr/bin/bash', '-c', '\n            cd /opt/***\n            mkdir -p data/raw\n            export DISPLAY=:99\n            python3 scrapers/spiders/amazon_ma.py || echo "Amazon done with warnings"\n        ']
[2026-05-05T23:06:26.625+0000] {subprocess.py:86} INFO - Output:
[2026-05-05T23:06:34.088+0000] {subprocess.py:93} INFO - Traceback (most recent call last):
[2026-05-05T23:06:34.089+0000] {subprocess.py:93} INFO -   File "/home/***/.local/lib/python3.8/site-packages/urllib3/connection.py", line 174, in _new_conn
[2026-05-05T23:06:34.091+0000] {subprocess.py:93} INFO -     conn = connection.create_connection(
[2026-05-05T23:06:34.092+0000] {subprocess.py:93} INFO -   File "/home/***/.local/lib/python3.8/site-packages/urllib3/util/connection.py", line 72, in create_connection
[2026-05-05T23:06:34.093+0000] {subprocess.py:93} INFO -     for res in socket.getaddrinfo(host, port, family, socket.SOCK_STREAM):
[2026-05-05T23:06:34.094+0000] {subprocess.py:93} INFO -   File "/usr/local/lib/python3.8/socket.py", line 918, in getaddrinfo
[2026-05-05T23:06:34.095+0000] {subprocess.py:93} INFO -     for res in _socket.getaddrinfo(host, port, family, type, proto, flags):
[2026-05-05T23:06:34.096+0000] {subprocess.py:93} INFO - socket.gaierror: [Errno -5] No address associated with hostname
[2026-05-05T23:06:34.097+0000] {subprocess.py:93} INFO - 
[2026-05-05T23:06:34.099+0000] {subprocess.py:93} INFO - During handling of the above exception, another exception occurred:
[2026-05-05T23:06:34.101+0000] {subprocess.py:93} INFO - 
[2026-05-05T23:06:34.102+0000] {subprocess.py:93} INFO - Traceback (most recent call last):
[2026-05-05T23:06:34.104+0000] {subprocess.py:93} INFO -   File "/home/***/.local/lib/python3.8/site-packages/urllib3/connectionpool.py", line 715, in urlopen
[2026-05-05T23:06:34.106+0000] {subprocess.py:93} INFO -     httplib_response = self._make_request(
[2026-05-05T23:06:34.107+0000] {subprocess.py:93} INFO -   File "/home/***/.local/lib/python3.8/site-packages/urllib3/connectionpool.py", line 404, in _make_request
[2026-05-05T23:06:34.108+0000] {subprocess.py:93} INFO -     self._validate_conn(conn)
[2026-05-05T23:06:34.112+0000] {subprocess.py:93} INFO -   File "/home/***/.local/lib/python3.8/site-packages/urllib3/connectionpool.py", line 1058, in _validate_conn
[2026-05-05T23:06:34.113+0000] {subprocess.py:93} INFO -     conn.connect()
[2026-05-05T23:06:34.114+0000] {subprocess.py:93} INFO -   File "/home/***/.local/lib/python3.8/site-packages/urllib3/connection.py", line 363, in connect
[2026-05-05T23:06:34.115+0000] {subprocess.py:93} INFO -     self.sock = conn = self._new_conn()
[2026-05-05T23:06:34.116+0000] {subprocess.py:93} INFO -   File "/home/***/.local/lib/python3.8/site-packages/urllib3/connection.py", line 186, in _new_conn
[2026-05-05T23:06:34.118+0000] {subprocess.py:93} INFO -     raise NewConnectionError(
[2026-05-05T23:06:34.118+0000] {subprocess.py:93} INFO - urllib3.exceptions.NewConnectionError: <urllib3.connection.HTTPSConnection object at 0x7836b7a9d3d0>: Failed to establish a new connection: [Errno -5] No address associated with hostname
[2026-05-05T23:06:34.119+0000] {subprocess.py:93} INFO - 
[2026-05-05T23:06:34.120+0000] {subprocess.py:93} INFO - During handling of the above exception, another exception occurred:
[2026-05-05T23:06:34.121+0000] {subprocess.py:93} INFO - 
[2026-05-05T23:06:34.122+0000] {subprocess.py:93} INFO - Traceback (most recent call last):
[2026-05-05T23:06:34.123+0000] {subprocess.py:93} INFO -   File "/home/***/.local/lib/python3.8/site-packages/requests/adapters.py", line 486, in send
[2026-05-05T23:06:34.124+0000] {subprocess.py:93} INFO -     resp = conn.urlopen(
[2026-05-05T23:06:34.125+0000] {subprocess.py:93} INFO -   File "/home/***/.local/lib/python3.8/site-packages/urllib3/connectionpool.py", line 799, in urlopen
[2026-05-05T23:06:34.126+0000] {subprocess.py:93} INFO -     retries = retries.increment(
[2026-05-05T23:06:34.127+0000] {subprocess.py:93} INFO -   File "/home/***/.local/lib/python3.8/site-packages/urllib3/util/retry.py", line 592, in increment
[2026-05-05T23:06:34.128+0000] {subprocess.py:93} INFO -     raise MaxRetryError(_pool, url, error or ResponseError(cause))
[2026-05-05T23:06:34.129+0000] {subprocess.py:93} INFO - urllib3.exceptions.MaxRetryError: HTTPSConnectionPool(host='chromedriver.storage.googleapis.com', port=443): Max retries exceeded with url: /LATEST_RELEASE (Caused by NewConnectionError('<urllib3.connection.HTTPSConnection object at 0x7836b7a9d3d0>: Failed to establish a new connection: [Errno -5] No address associated with hostname'))
[2026-05-05T23:06:34.130+0000] {subprocess.py:93} INFO - 
[2026-05-05T23:06:34.132+0000] {subprocess.py:93} INFO - During handling of the above exception, another exception occurred:
[2026-05-05T23:06:34.133+0000] {subprocess.py:93} INFO - 
[2026-05-05T23:06:34.135+0000] {subprocess.py:93} INFO - Traceback (most recent call last):
[2026-05-05T23:06:34.136+0000] {subprocess.py:93} INFO -   File "/home/***/.local/lib/python3.8/site-packages/webdriver_manager/core/http.py", line 32, in get
[2026-05-05T23:06:34.137+0000] {subprocess.py:93} INFO -     resp = requests.get(
[2026-05-05T23:06:34.138+0000] {subprocess.py:93} INFO -   File "/home/***/.local/lib/python3.8/site-packages/requests/api.py", line 73, in get
[2026-05-05T23:06:34.140+0000] {subprocess.py:93} INFO -     return request("get", url, params=params, **kwargs)
[2026-05-05T23:06:34.141+0000] {subprocess.py:93} INFO -   File "/home/***/.local/lib/python3.8/site-packages/requests/api.py", line 59, in request
[2026-05-05T23:06:34.143+0000] {subprocess.py:93} INFO -     return session.request(method=method, url=url, **kwargs)
[2026-05-05T23:06:34.144+0000] {subprocess.py:93} INFO -   File "/home/***/.local/lib/python3.8/site-packages/requests/sessions.py", line 589, in request
[2026-05-05T23:06:34.145+0000] {subprocess.py:93} INFO -     resp = self.send(prep, **send_kwargs)
[2026-05-05T23:06:34.146+0000] {subprocess.py:93} INFO -   File "/home/***/.local/lib/python3.8/site-packages/requests/sessions.py", line 703, in send
[2026-05-05T23:06:34.147+0000] {subprocess.py:93} INFO -     r = adapter.send(request, **kwargs)
[2026-05-05T23:06:34.148+0000] {subprocess.py:93} INFO -   File "/home/***/.local/lib/python3.8/site-packages/requests/adapters.py", line 519, in send
[2026-05-05T23:06:34.150+0000] {subprocess.py:93} INFO -     raise ConnectionError(e, request=request)
[2026-05-05T23:06:34.151+0000] {subprocess.py:93} INFO - requests.exceptions.ConnectionError: HTTPSConnectionPool(host='chromedriver.storage.googleapis.com', port=443): Max retries exceeded with url: /LATEST_RELEASE (Caused by NewConnectionError('<urllib3.connection.HTTPSConnection object at 0x7836b7a9d3d0>: Failed to establish a new connection: [Errno -5] No address associated with hostname'))
[2026-05-05T23:06:34.152+0000] {subprocess.py:93} INFO - 
[2026-05-05T23:06:34.153+0000] {subprocess.py:93} INFO - During handling of the above exception, another exception occurred:
[2026-05-05T23:06:34.154+0000] {subprocess.py:93} INFO - 
[2026-05-05T23:06:34.155+0000] {subprocess.py:93} INFO - Traceback (most recent call last):
[2026-05-05T23:06:34.156+0000] {subprocess.py:93} INFO -   File "scrapers/spiders/amazon_ma.py", line 147, in <module>
[2026-05-05T23:06:34.157+0000] {subprocess.py:93} INFO -     scrape_amazon()
[2026-05-05T23:06:34.158+0000] {subprocess.py:93} INFO -   File "scrapers/spiders/amazon_ma.py", line 55, in scrape_amazon
[2026-05-05T23:06:34.159+0000] {subprocess.py:93} INFO -     driver = get_driver()
[2026-05-05T23:06:34.160+0000] {subprocess.py:93} INFO -   File "scrapers/spiders/amazon_ma.py", line 47, in get_driver
[2026-05-05T23:06:34.162+0000] {subprocess.py:93} INFO -     driver = webdriver.Chrome(service=Service(ChromeDriverManager().install()), options=opts)
[2026-05-05T23:06:34.163+0000] {subprocess.py:93} INFO -   File "/home/***/.local/lib/python3.8/site-packages/webdriver_manager/chrome.py", line 40, in install
[2026-05-05T23:06:34.165+0000] {subprocess.py:93} INFO -     driver_path = self._get_driver_binary_path(self.driver)
[2026-05-05T23:06:34.166+0000] {subprocess.py:93} INFO -   File "/home/***/.local/lib/python3.8/site-packages/webdriver_manager/core/manager.py", line 40, in _get_driver_binary_path
[2026-05-05T23:06:34.167+0000] {subprocess.py:93} INFO -     file = self._download_manager.download_file(driver.get_driver_download_url(os_type))
[2026-05-05T23:06:34.168+0000] {subprocess.py:93} INFO -   File "/home/***/.local/lib/python3.8/site-packages/webdriver_manager/drivers/chrome.py", line 32, in get_driver_download_url
[2026-05-05T23:06:34.170+0000] {subprocess.py:93} INFO -     driver_version_to_download = self.get_driver_version_to_download()
[2026-05-05T23:06:34.171+0000] {subprocess.py:93} INFO -   File "/home/***/.local/lib/python3.8/site-packages/webdriver_manager/core/driver.py", line 48, in get_driver_version_to_download
[2026-05-05T23:06:34.172+0000] {subprocess.py:93} INFO -     return self.get_latest_release_version()
[2026-05-05T23:06:34.172+0000] {subprocess.py:93} INFO -   File "/home/***/.local/lib/python3.8/site-packages/webdriver_manager/drivers/chrome.py", line 70, in get_latest_release_version
[2026-05-05T23:06:34.173+0000] {subprocess.py:93} INFO -     resp = self._http_client.get(url=latest_release_url)
[2026-05-05T23:06:34.174+0000] {subprocess.py:93} INFO -   File "/home/***/.local/lib/python3.8/site-packages/webdriver_manager/core/http.py", line 35, in get
[2026-05-05T23:06:34.176+0000] {subprocess.py:93} INFO -     raise exceptions.ConnectionError(f"Could not reach host. Are you offline?")
[2026-05-05T23:06:34.178+0000] {subprocess.py:93} INFO - requests.exceptions.ConnectionError: Could not reach host. Are you offline?
[2026-05-05T23:06:34.179+0000] {subprocess.py:93} INFO - Amazon done with warnings
[2026-05-05T23:06:34.180+0000] {subprocess.py:97} INFO - Command exited with return code 0
[2026-05-05T23:06:34.256+0000] {taskinstance.py:1138} INFO - Marking task as SUCCESS. dag_id=price_intelligence_pipeline, task_id=scrape_amazon, execution_date=20260505T221751, start_date=20260505T230625, end_date=20260505T230634
[2026-05-05T23:06:34.317+0000] {local_task_job_runner.py:234} INFO - Task exited with return code 0
[2026-05-05T23:06:34.391+0000] {taskinstance.py:3280} INFO - 0 downstream tasks scheduled from follow-on schedule check
