[2026-05-08T16:45:24.122+0000] {taskinstance.py:1956} INFO - Dependencies all met for dep_context=non-requeueable deps ti=<TaskInstance: price_intelligence_pipeline.scrape_electroplanet scheduled__2026-05-07T23:00:00+00:00 [queued]>
[2026-05-08T16:45:24.399+0000] {taskinstance.py:1956} INFO - Dependencies all met for dep_context=requeueable deps ti=<TaskInstance: price_intelligence_pipeline.scrape_electroplanet scheduled__2026-05-07T23:00:00+00:00 [queued]>
[2026-05-08T16:45:24.542+0000] {taskinstance.py:2170} INFO - Starting attempt 1 of 2
[2026-05-08T16:45:24.992+0000] {taskinstance.py:2191} INFO - Executing <Task(BashOperator): scrape_electroplanet> on 2026-05-07 23:00:00+00:00
[2026-05-08T16:45:25.106+0000] {standard_task_runner.py:60} INFO - Started process 4208 to run task
[2026-05-08T16:45:25.125+0000] {standard_task_runner.py:87} INFO - Running: ['***', 'tasks', 'run', 'price_intelligence_pipeline', 'scrape_electroplanet', 'scheduled__2026-05-07T23:00:00+00:00', '--job-id', '761', '--raw', '--subdir', 'DAGS_FOLDER/price_intelligence_dag.py', '--cfg-path', '/tmp/tmpo_mialdd']
[2026-05-08T16:45:25.216+0000] {standard_task_runner.py:88} INFO - Job 761: Subtask scrape_electroplanet
[2026-05-08T16:45:25.770+0000] {task_command.py:423} INFO - Running <TaskInstance: price_intelligence_pipeline.scrape_electroplanet scheduled__2026-05-07T23:00:00+00:00 [running]> on host 25ef6dfa8bdc
[2026-05-08T16:45:26.857+0000] {taskinstance.py:2480} INFO - Exporting env vars: AIRFLOW_CTX_DAG_OWNER='***' AIRFLOW_CTX_DAG_ID='price_intelligence_pipeline' AIRFLOW_CTX_TASK_ID='scrape_electroplanet' AIRFLOW_CTX_EXECUTION_DATE='2026-05-07T23:00:00+00:00' AIRFLOW_CTX_TRY_NUMBER='1' AIRFLOW_CTX_DAG_RUN_ID='scheduled__2026-05-07T23:00:00+00:00'
[2026-05-08T16:45:26.962+0000] {subprocess.py:63} INFO - Tmp dir root location: /tmp
[2026-05-08T16:45:26.993+0000] {subprocess.py:75} INFO - Running command: ['/usr/bin/bash', '-c', '\n            cd /opt/***\n            mkdir -p data/raw\n            export DISPLAY=:99\n            python3 scrapers/spiders/electroplanet_ma.py || echo "Electroplanet done with warnings"\n        ']
[2026-05-08T16:45:27.120+0000] {subprocess.py:86} INFO - Output:
[2026-05-08T16:45:32.470+0000] {subprocess.py:93} INFO - 
[2026-05-08T16:45:32.475+0000] {subprocess.py:93} INFO - [Electroplanet] Scraping : smartphones
[2026-05-08T16:45:32.496+0000] {subprocess.py:93} INFO - Traceback (most recent call last):
[2026-05-08T16:45:32.502+0000] {subprocess.py:93} INFO -   File "/home/***/.local/lib/python3.8/site-packages/urllib3/connection.py", line 174, in _new_conn
[2026-05-08T16:45:32.507+0000] {subprocess.py:93} INFO -     conn = connection.create_connection(
[2026-05-08T16:45:32.516+0000] {subprocess.py:93} INFO -   File "/home/***/.local/lib/python3.8/site-packages/urllib3/util/connection.py", line 72, in create_connection
[2026-05-08T16:45:32.531+0000] {subprocess.py:93} INFO -     for res in socket.getaddrinfo(host, port, family, socket.SOCK_STREAM):
[2026-05-08T16:45:32.533+0000] {subprocess.py:93} INFO -   File "/usr/local/lib/python3.8/socket.py", line 918, in getaddrinfo
[2026-05-08T16:45:32.546+0000] {subprocess.py:93} INFO -     for res in _socket.getaddrinfo(host, port, family, type, proto, flags):
[2026-05-08T16:45:32.549+0000] {subprocess.py:93} INFO - socket.gaierror: [Errno -2] Name or service not known
[2026-05-08T16:45:32.561+0000] {subprocess.py:93} INFO - 
[2026-05-08T16:45:32.563+0000] {subprocess.py:93} INFO - During handling of the above exception, another exception occurred:
[2026-05-08T16:45:32.576+0000] {subprocess.py:93} INFO - 
[2026-05-08T16:45:32.578+0000] {subprocess.py:93} INFO - Traceback (most recent call last):
[2026-05-08T16:45:32.581+0000] {subprocess.py:93} INFO -   File "/home/***/.local/lib/python3.8/site-packages/urllib3/connectionpool.py", line 715, in urlopen
[2026-05-08T16:45:32.596+0000] {subprocess.py:93} INFO -     httplib_response = self._make_request(
[2026-05-08T16:45:32.607+0000] {subprocess.py:93} INFO -   File "/home/***/.local/lib/python3.8/site-packages/urllib3/connectionpool.py", line 404, in _make_request
[2026-05-08T16:45:32.622+0000] {subprocess.py:93} INFO -     self._validate_conn(conn)
[2026-05-08T16:45:32.625+0000] {subprocess.py:93} INFO -   File "/home/***/.local/lib/python3.8/site-packages/urllib3/connectionpool.py", line 1058, in _validate_conn
[2026-05-08T16:45:32.638+0000] {subprocess.py:93} INFO -     conn.connect()
[2026-05-08T16:45:32.653+0000] {subprocess.py:93} INFO -   File "/home/***/.local/lib/python3.8/site-packages/urllib3/connection.py", line 363, in connect
[2026-05-08T16:45:32.656+0000] {subprocess.py:93} INFO -     self.sock = conn = self._new_conn()
[2026-05-08T16:45:32.668+0000] {subprocess.py:93} INFO -   File "/home/***/.local/lib/python3.8/site-packages/urllib3/connection.py", line 186, in _new_conn
[2026-05-08T16:45:32.672+0000] {subprocess.py:93} INFO -     raise NewConnectionError(
[2026-05-08T16:45:32.688+0000] {subprocess.py:93} INFO - urllib3.exceptions.NewConnectionError: <urllib3.connection.HTTPSConnection object at 0x7c5140273580>: Failed to establish a new connection: [Errno -2] Name or service not known
[2026-05-08T16:45:32.700+0000] {subprocess.py:93} INFO - 
[2026-05-08T16:45:32.711+0000] {subprocess.py:93} INFO - During handling of the above exception, another exception occurred:
[2026-05-08T16:45:32.731+0000] {subprocess.py:93} INFO - 
[2026-05-08T16:45:32.735+0000] {subprocess.py:93} INFO - Traceback (most recent call last):
[2026-05-08T16:45:32.745+0000] {subprocess.py:93} INFO -   File "/home/***/.local/lib/python3.8/site-packages/requests/adapters.py", line 486, in send
[2026-05-08T16:45:32.761+0000] {subprocess.py:93} INFO -     resp = conn.urlopen(
[2026-05-08T16:45:32.772+0000] {subprocess.py:93} INFO -   File "/home/***/.local/lib/python3.8/site-packages/urllib3/connectionpool.py", line 799, in urlopen
[2026-05-08T16:45:32.792+0000] {subprocess.py:93} INFO -     retries = retries.increment(
[2026-05-08T16:45:32.807+0000] {subprocess.py:93} INFO -   File "/home/***/.local/lib/python3.8/site-packages/urllib3/util/retry.py", line 592, in increment
[2026-05-08T16:45:32.824+0000] {subprocess.py:93} INFO -     raise MaxRetryError(_pool, url, error or ResponseError(cause))
[2026-05-08T16:45:32.826+0000] {subprocess.py:93} INFO - urllib3.exceptions.MaxRetryError: HTTPSConnectionPool(host='chromedriver.storage.googleapis.com', port=443): Max retries exceeded with url: /LATEST_RELEASE (Caused by NewConnectionError('<urllib3.connection.HTTPSConnection object at 0x7c5140273580>: Failed to establish a new connection: [Errno -2] Name or service not known'))
[2026-05-08T16:45:32.827+0000] {subprocess.py:93} INFO - 
[2026-05-08T16:45:32.848+0000] {subprocess.py:93} INFO - During handling of the above exception, another exception occurred:
[2026-05-08T16:45:32.868+0000] {subprocess.py:93} INFO - 
[2026-05-08T16:45:32.871+0000] {subprocess.py:93} INFO - Traceback (most recent call last):
[2026-05-08T16:45:32.873+0000] {subprocess.py:93} INFO -   File "/home/***/.local/lib/python3.8/site-packages/webdriver_manager/core/http.py", line 32, in get
[2026-05-08T16:45:32.880+0000] {subprocess.py:93} INFO -     resp = requests.get(
[2026-05-08T16:45:32.888+0000] {subprocess.py:93} INFO -   File "/home/***/.local/lib/python3.8/site-packages/requests/api.py", line 73, in get
[2026-05-08T16:45:32.892+0000] {subprocess.py:93} INFO -     return request("get", url, params=params, **kwargs)
[2026-05-08T16:45:32.894+0000] {subprocess.py:93} INFO -   File "/home/***/.local/lib/python3.8/site-packages/requests/api.py", line 59, in request
[2026-05-08T16:45:32.899+0000] {subprocess.py:93} INFO -     return session.request(method=method, url=url, **kwargs)
[2026-05-08T16:45:32.902+0000] {subprocess.py:93} INFO -   File "/home/***/.local/lib/python3.8/site-packages/requests/sessions.py", line 589, in request
[2026-05-08T16:45:32.907+0000] {subprocess.py:93} INFO -     resp = self.send(prep, **send_kwargs)
[2026-05-08T16:45:32.917+0000] {subprocess.py:93} INFO -   File "/home/***/.local/lib/python3.8/site-packages/requests/sessions.py", line 703, in send
[2026-05-08T16:45:32.923+0000] {subprocess.py:93} INFO -     r = adapter.send(request, **kwargs)
[2026-05-08T16:45:32.929+0000] {subprocess.py:93} INFO -   File "/home/***/.local/lib/python3.8/site-packages/requests/adapters.py", line 519, in send
[2026-05-08T16:45:32.931+0000] {subprocess.py:93} INFO -     raise ConnectionError(e, request=request)
[2026-05-08T16:45:32.945+0000] {subprocess.py:93} INFO - requests.exceptions.ConnectionError: HTTPSConnectionPool(host='chromedriver.storage.googleapis.com', port=443): Max retries exceeded with url: /LATEST_RELEASE (Caused by NewConnectionError('<urllib3.connection.HTTPSConnection object at 0x7c5140273580>: Failed to establish a new connection: [Errno -2] Name or service not known'))
[2026-05-08T16:45:32.947+0000] {subprocess.py:93} INFO - 
[2026-05-08T16:45:32.948+0000] {subprocess.py:93} INFO - During handling of the above exception, another exception occurred:
[2026-05-08T16:45:32.955+0000] {subprocess.py:93} INFO - 
[2026-05-08T16:45:32.957+0000] {subprocess.py:93} INFO - Traceback (most recent call last):
[2026-05-08T16:45:32.961+0000] {subprocess.py:93} INFO -   File "scrapers/spiders/electroplanet_ma.py", line 162, in <module>
[2026-05-08T16:45:32.963+0000] {subprocess.py:93} INFO -     scrape_electroplanet()
[2026-05-08T16:45:32.970+0000] {subprocess.py:93} INFO -   File "scrapers/spiders/electroplanet_ma.py", line 73, in scrape_electroplanet
[2026-05-08T16:45:32.972+0000] {subprocess.py:93} INFO -     driver = get_driver()
[2026-05-08T16:45:32.975+0000] {subprocess.py:93} INFO -   File "scrapers/spiders/electroplanet_ma.py", line 63, in get_driver
[2026-05-08T16:45:32.979+0000] {subprocess.py:93} INFO -     return webdriver.Chrome(service=Service(ChromeDriverManager().install()), options=opts)
[2026-05-08T16:45:32.985+0000] {subprocess.py:93} INFO -   File "/home/***/.local/lib/python3.8/site-packages/webdriver_manager/chrome.py", line 40, in install
[2026-05-08T16:45:32.987+0000] {subprocess.py:93} INFO -     driver_path = self._get_driver_binary_path(self.driver)
[2026-05-08T16:45:32.990+0000] {subprocess.py:93} INFO -   File "/home/***/.local/lib/python3.8/site-packages/webdriver_manager/core/manager.py", line 40, in _get_driver_binary_path
[2026-05-08T16:45:32.995+0000] {subprocess.py:93} INFO -     file = self._download_manager.download_file(driver.get_driver_download_url(os_type))
[2026-05-08T16:45:32.997+0000] {subprocess.py:93} INFO -   File "/home/***/.local/lib/python3.8/site-packages/webdriver_manager/drivers/chrome.py", line 32, in get_driver_download_url
[2026-05-08T16:45:33.001+0000] {subprocess.py:93} INFO -     driver_version_to_download = self.get_driver_version_to_download()
[2026-05-08T16:45:33.003+0000] {subprocess.py:93} INFO -   File "/home/***/.local/lib/python3.8/site-packages/webdriver_manager/core/driver.py", line 48, in get_driver_version_to_download
[2026-05-08T16:45:33.012+0000] {subprocess.py:93} INFO -     return self.get_latest_release_version()
[2026-05-08T16:45:33.014+0000] {subprocess.py:93} INFO -   File "/home/***/.local/lib/python3.8/site-packages/webdriver_manager/drivers/chrome.py", line 70, in get_latest_release_version
[2026-05-08T16:45:33.016+0000] {subprocess.py:93} INFO -     resp = self._http_client.get(url=latest_release_url)
[2026-05-08T16:45:33.028+0000] {subprocess.py:93} INFO -   File "/home/***/.local/lib/python3.8/site-packages/webdriver_manager/core/http.py", line 35, in get
[2026-05-08T16:45:33.031+0000] {subprocess.py:93} INFO -     raise exceptions.ConnectionError(f"Could not reach host. Are you offline?")
[2026-05-08T16:45:33.033+0000] {subprocess.py:93} INFO - requests.exceptions.ConnectionError: Could not reach host. Are you offline?
[2026-05-08T16:45:33.043+0000] {subprocess.py:93} INFO - Electroplanet done with warnings
[2026-05-08T16:45:33.046+0000] {subprocess.py:97} INFO - Command exited with return code 0
[2026-05-08T16:45:33.229+0000] {taskinstance.py:1138} INFO - Marking task as SUCCESS. dag_id=price_intelligence_pipeline, task_id=scrape_electroplanet, execution_date=20260507T230000, start_date=20260508T164524, end_date=20260508T164533
[2026-05-08T16:45:33.376+0000] {local_task_job_runner.py:234} INFO - Task exited with return code 0
[2026-05-08T16:45:33.857+0000] {taskinstance.py:3280} INFO - 0 downstream tasks scheduled from follow-on schedule check
