[2026-05-16T12:09:31.942+0000] {taskinstance.py:1956} INFO - Dependencies all met for dep_context=non-requeueable deps ti=<TaskInstance: price_intelligence_pipeline.dbt_run scheduled__2026-05-15T15:00:00+00:00 [queued]>
[2026-05-16T12:09:31.975+0000] {taskinstance.py:1956} INFO - Dependencies all met for dep_context=requeueable deps ti=<TaskInstance: price_intelligence_pipeline.dbt_run scheduled__2026-05-15T15:00:00+00:00 [queued]>
[2026-05-16T12:09:31.984+0000] {taskinstance.py:2170} INFO - Starting attempt 1 of 2
[2026-05-16T12:09:32.055+0000] {taskinstance.py:2191} INFO - Executing <Task(BashOperator): dbt_run> on 2026-05-15 15:00:00+00:00
[2026-05-16T12:09:32.071+0000] {standard_task_runner.py:60} INFO - Started process 28699 to run task
[2026-05-16T12:09:32.080+0000] {standard_task_runner.py:87} INFO - Running: ['***', 'tasks', 'run', 'price_intelligence_pipeline', 'dbt_run', 'scheduled__2026-05-15T15:00:00+00:00', '--job-id', '1227', '--raw', '--subdir', 'DAGS_FOLDER/price_intelligence_dag.py', '--cfg-path', '/tmp/tmppyd6viek']
[2026-05-16T12:09:32.090+0000] {standard_task_runner.py:88} INFO - Job 1227: Subtask dbt_run
[2026-05-16T12:09:32.240+0000] {task_command.py:423} INFO - Running <TaskInstance: price_intelligence_pipeline.dbt_run scheduled__2026-05-15T15:00:00+00:00 [running]> on host 91e0d3a0a233
[2026-05-16T12:09:32.478+0000] {taskinstance.py:2480} INFO - Exporting env vars: AIRFLOW_CTX_DAG_OWNER='***' AIRFLOW_CTX_DAG_ID='price_intelligence_pipeline' AIRFLOW_CTX_TASK_ID='dbt_run' AIRFLOW_CTX_EXECUTION_DATE='2026-05-15T15:00:00+00:00' AIRFLOW_CTX_TRY_NUMBER='1' AIRFLOW_CTX_DAG_RUN_ID='scheduled__2026-05-15T15:00:00+00:00'
[2026-05-16T12:09:32.482+0000] {subprocess.py:63} INFO - Tmp dir root location: /tmp
[2026-05-16T12:09:32.484+0000] {subprocess.py:75} INFO - Running command: ['/usr/bin/bash', '-c', '\n            set -e\n            cd /opt/***/dbt\n            export GOOGLE_APPLICATION_CREDENTIALS=/opt/***/gcp-credentials-new.json\n            /home/***/.local/bin/dbt run --full-refresh --profiles-dir . --project-dir .\n            echo dbt done\n        ']
[2026-05-16T12:09:32.506+0000] {subprocess.py:86} INFO - Output:
[2026-05-16T12:09:37.723+0000] {subprocess.py:93} INFO - [0m12:09:37  Running with dbt=1.8.7
[2026-05-16T12:09:41.221+0000] {subprocess.py:93} INFO - [0m12:09:41  Registered adapter: bigquery=1.8.3
[2026-05-16T12:09:43.043+0000] {subprocess.py:93} INFO - [0m12:09:43  Found 3 models, 1 seed, 7 data tests, 1 source, 479 macros
[2026-05-16T12:09:43.052+0000] {subprocess.py:93} INFO - [0m12:09:43
[2026-05-16T12:09:44.818+0000] {subprocess.py:93} INFO - [0m12:09:44  Concurrency: 4 threads (target='dev')
[2026-05-16T12:09:44.820+0000] {subprocess.py:93} INFO - [0m12:09:44
[2026-05-16T12:09:44.843+0000] {subprocess.py:93} INFO - [0m12:09:44  1 of 3 START sql view model price_intelligence_dbt.stg_prices .................. [RUN]
[2026-05-16T12:09:47.034+0000] {subprocess.py:93} INFO - [0m12:09:47  1 of 3 OK created sql view model price_intelligence_dbt.stg_prices ............. [[32mCREATE VIEW (0 processed)[0m in 2.19s]
[2026-05-16T12:09:47.039+0000] {subprocess.py:93} INFO - [0m12:09:47  2 of 3 START sql table model price_intelligence_dbt.prices_cleaned ............. [RUN]
[2026-05-16T12:09:51.851+0000] {subprocess.py:93} INFO - [0m12:09:51  2 of 3 OK created sql table model price_intelligence_dbt.prices_cleaned ........ [[32mCREATE TABLE (5.0k rows, 2.6 MiB processed)[0m in 4.81s]
[2026-05-16T12:09:51.856+0000] {subprocess.py:93} INFO - [0m12:09:51  3 of 3 START sql table model price_intelligence_dbt.prices_aggregated .......... [RUN]
[2026-05-16T12:09:55.600+0000] {subprocess.py:93} INFO - [0m12:09:55  3 of 3 OK created sql table model price_intelligence_dbt.prices_aggregated ..... [[32mCREATE TABLE (11.0 rows, 231.8 KiB processed)[0m in 3.74s]
[2026-05-16T12:09:55.613+0000] {subprocess.py:93} INFO - [0m12:09:55
[2026-05-16T12:09:55.614+0000] {subprocess.py:93} INFO - [0m12:09:55  Finished running 1 view model, 2 table models in 0 hours 0 minutes and 12.56 seconds (12.56s).
[2026-05-16T12:09:55.771+0000] {subprocess.py:93} INFO - [0m12:09:55
[2026-05-16T12:09:55.774+0000] {subprocess.py:93} INFO - [0m12:09:55  [32mCompleted successfully[0m
[2026-05-16T12:09:55.775+0000] {subprocess.py:93} INFO - [0m12:09:55
[2026-05-16T12:09:55.778+0000] {subprocess.py:93} INFO - [0m12:09:55  Done. PASS=3 WARN=0 ERROR=0 SKIP=0 TOTAL=3
[2026-05-16T12:10:00.369+0000] {subprocess.py:93} INFO - dbt done
[2026-05-16T12:10:00.378+0000] {subprocess.py:97} INFO - Command exited with return code 0
[2026-05-16T12:10:00.459+0000] {taskinstance.py:1138} INFO - Marking task as SUCCESS. dag_id=price_intelligence_pipeline, task_id=dbt_run, execution_date=20260515T150000, start_date=20260516T120931, end_date=20260516T121000
[2026-05-16T12:10:00.523+0000] {local_task_job_runner.py:234} INFO - Task exited with return code 0
[2026-05-16T12:10:00.617+0000] {taskinstance.py:3280} INFO - 1 downstream tasks scheduled from follow-on schedule check
