[2026-05-06T14:54:05.619+0000] {taskinstance.py:1956} INFO - Dependencies all met for dep_context=non-requeueable deps ti=<TaskInstance: price_intelligence_pipeline.scrape_avito manual__2026-05-06T14:54:03.703696+00:00 [queued]>
[2026-05-06T14:54:05.674+0000] {taskinstance.py:1956} INFO - Dependencies all met for dep_context=requeueable deps ti=<TaskInstance: price_intelligence_pipeline.scrape_avito manual__2026-05-06T14:54:03.703696+00:00 [queued]>
[2026-05-06T14:54:05.679+0000] {taskinstance.py:2170} INFO - Starting attempt 1 of 2
[2026-05-06T14:54:05.821+0000] {taskinstance.py:2191} INFO - Executing <Task(BashOperator): scrape_avito> on 2026-05-06 14:54:03.703696+00:00
[2026-05-06T14:54:05.847+0000] {standard_task_runner.py:60} INFO - Started process 17999 to run task
[2026-05-06T14:54:05.882+0000] {standard_task_runner.py:87} INFO - Running: ['***', 'tasks', 'run', 'price_intelligence_pipeline', 'scrape_avito', 'manual__2026-05-06T14:54:03.703696+00:00', '--job-id', '561', '--raw', '--subdir', 'DAGS_FOLDER/price_intelligence_dag.py', '--cfg-path', '/tmp/tmpg_y8n9ce']
[2026-05-06T14:54:05.912+0000] {standard_task_runner.py:88} INFO - Job 561: Subtask scrape_avito
[2026-05-06T14:54:06.259+0000] {task_command.py:423} INFO - Running <TaskInstance: price_intelligence_pipeline.scrape_avito manual__2026-05-06T14:54:03.703696+00:00 [running]> on host 25ef6dfa8bdc
[2026-05-06T14:54:06.662+0000] {taskinstance.py:2480} INFO - Exporting env vars: AIRFLOW_CTX_DAG_OWNER='***' AIRFLOW_CTX_DAG_ID='price_intelligence_pipeline' AIRFLOW_CTX_TASK_ID='scrape_avito' AIRFLOW_CTX_EXECUTION_DATE='2026-05-06T14:54:03.703696+00:00' AIRFLOW_CTX_TRY_NUMBER='1' AIRFLOW_CTX_DAG_RUN_ID='manual__2026-05-06T14:54:03.703696+00:00'
[2026-05-06T14:54:06.675+0000] {subprocess.py:63} INFO - Tmp dir root location: /tmp
[2026-05-06T14:54:06.680+0000] {subprocess.py:75} INFO - Running command: ['/usr/bin/bash', '-c', '\n            cd /opt/***\n            mkdir -p data/raw\n            export DISPLAY=:99\n            python3 scrapers/spiders/avito_ma.py || echo "Avito done with warnings"\n        ']
[2026-05-06T14:54:06.744+0000] {subprocess.py:86} INFO - Output:
[2026-05-06T14:54:12.510+0000] {subprocess.py:93} INFO - Traceback (most recent call last):
[2026-05-06T14:54:12.518+0000] {subprocess.py:93} INFO -   File "/home/***/.local/lib/python3.8/site-packages/urllib3/connection.py", line 174, in _new_conn
[2026-05-06T14:54:12.519+0000] {subprocess.py:93} INFO -     conn = connection.create_connection(
[2026-05-06T14:54:12.520+0000] {subprocess.py:93} INFO -   File "/home/***/.local/lib/python3.8/site-packages/urllib3/util/connection.py", line 72, in create_connection
[2026-05-06T14:54:12.522+0000] {subprocess.py:93} INFO -     for res in socket.getaddrinfo(host, port, family, socket.SOCK_STREAM):
[2026-05-06T14:54:12.523+0000] {subprocess.py:93} INFO -   File "/usr/local/lib/python3.8/socket.py", line 918, in getaddrinfo
[2026-05-06T14:54:12.524+0000] {subprocess.py:93} INFO -     for res in _socket.getaddrinfo(host, port, family, type, proto, flags):
[2026-05-06T14:54:12.525+0000] {subprocess.py:93} INFO - socket.gaierror: [Errno -5] No address associated with hostname
[2026-05-06T14:54:12.528+0000] {subprocess.py:93} INFO - 
[2026-05-06T14:54:12.532+0000] {subprocess.py:93} INFO - During handling of the above exception, another exception occurred:
[2026-05-06T14:54:12.538+0000] {subprocess.py:93} INFO - 
[2026-05-06T14:54:12.542+0000] {subprocess.py:93} INFO - Traceback (most recent call last):
[2026-05-06T14:54:12.550+0000] {subprocess.py:93} INFO -   File "/home/***/.local/lib/python3.8/site-packages/urllib3/connectionpool.py", line 715, in urlopen
[2026-05-06T14:54:12.551+0000] {subprocess.py:93} INFO -     httplib_response = self._make_request(
[2026-05-06T14:54:12.551+0000] {subprocess.py:93} INFO -   File "/home/***/.local/lib/python3.8/site-packages/urllib3/connectionpool.py", line 404, in _make_request
[2026-05-06T14:54:12.552+0000] {subprocess.py:93} INFO -     self._validate_conn(conn)
[2026-05-06T14:54:12.553+0000] {subprocess.py:93} INFO -   File "/home/***/.local/lib/python3.8/site-packages/urllib3/connectionpool.py", line 1058, in _validate_conn
[2026-05-06T14:54:12.555+0000] {subprocess.py:93} INFO -     conn.connect()
[2026-05-06T14:54:12.557+0000] {subprocess.py:93} INFO -   File "/home/***/.local/lib/python3.8/site-packages/urllib3/connection.py", line 363, in connect
[2026-05-06T14:54:12.560+0000] {subprocess.py:93} INFO -     self.sock = conn = self._new_conn()
[2026-05-06T14:54:12.566+0000] {subprocess.py:93} INFO -   File "/home/***/.local/lib/python3.8/site-packages/urllib3/connection.py", line 186, in _new_conn
[2026-05-06T14:54:12.567+0000] {subprocess.py:93} INFO -     raise NewConnectionError(
[2026-05-06T14:54:12.571+0000] {subprocess.py:93} INFO - urllib3.exceptions.NewConnectionError: <urllib3.connection.HTTPSConnection object at 0x744900107fa0>: Failed to establish a new connection: [Errno -5] No address associated with hostname
[2026-05-06T14:54:12.579+0000] {subprocess.py:93} INFO - 
[2026-05-06T14:54:12.586+0000] {subprocess.py:93} INFO - During handling of the above exception, another exception occurred:
[2026-05-06T14:54:12.587+0000] {subprocess.py:93} INFO - 
[2026-05-06T14:54:12.597+0000] {subprocess.py:93} INFO - Traceback (most recent call last):
[2026-05-06T14:54:12.598+0000] {subprocess.py:93} INFO -   File "/home/***/.local/lib/python3.8/site-packages/requests/adapters.py", line 486, in send
[2026-05-06T14:54:12.599+0000] {subprocess.py:93} INFO -     resp = conn.urlopen(
[2026-05-06T14:54:12.600+0000] {subprocess.py:93} INFO -   File "/home/***/.local/lib/python3.8/site-packages/urllib3/connectionpool.py", line 799, in urlopen
[2026-05-06T14:54:12.601+0000] {subprocess.py:93} INFO -     retries = retries.increment(
[2026-05-06T14:54:12.602+0000] {subprocess.py:93} INFO -   File "/home/***/.local/lib/python3.8/site-packages/urllib3/util/retry.py", line 592, in increment
[2026-05-06T14:54:12.604+0000] {subprocess.py:93} INFO -     raise MaxRetryError(_pool, url, error or ResponseError(cause))
[2026-05-06T14:54:12.608+0000] {subprocess.py:93} INFO - urllib3.exceptions.MaxRetryError: HTTPSConnectionPool(host='chromedriver.storage.googleapis.com', port=443): Max retries exceeded with url: /LATEST_RELEASE (Caused by NewConnectionError('<urllib3.connection.HTTPSConnection object at 0x744900107fa0>: Failed to establish a new connection: [Errno -5] No address associated with hostname'))
[2026-05-06T14:54:12.610+0000] {subprocess.py:93} INFO - 
[2026-05-06T14:54:12.613+0000] {subprocess.py:93} INFO - During handling of the above exception, another exception occurred:
[2026-05-06T14:54:12.615+0000] {subprocess.py:93} INFO - 
[2026-05-06T14:54:12.616+0000] {subprocess.py:93} INFO - Traceback (most recent call last):
[2026-05-06T14:54:12.617+0000] {subprocess.py:93} INFO -   File "/home/***/.local/lib/python3.8/site-packages/webdriver_manager/core/http.py", line 32, in get
[2026-05-06T14:54:12.618+0000] {subprocess.py:93} INFO -     resp = requests.get(
[2026-05-06T14:54:12.619+0000] {subprocess.py:93} INFO -   File "/home/***/.local/lib/python3.8/site-packages/requests/api.py", line 73, in get
[2026-05-06T14:54:12.620+0000] {subprocess.py:93} INFO -     return request("get", url, params=params, **kwargs)
[2026-05-06T14:54:12.626+0000] {subprocess.py:93} INFO -   File "/home/***/.local/lib/python3.8/site-packages/requests/api.py", line 59, in request
[2026-05-06T14:54:12.629+0000] {subprocess.py:93} INFO -     return session.request(method=method, url=url, **kwargs)
[2026-05-06T14:54:12.634+0000] {subprocess.py:93} INFO -   File "/home/***/.local/lib/python3.8/site-packages/requests/sessions.py", line 589, in request
[2026-05-06T14:54:12.635+0000] {subprocess.py:93} INFO -     resp = self.send(prep, **send_kwargs)
[2026-05-06T14:54:12.636+0000] {subprocess.py:93} INFO -   File "/home/***/.local/lib/python3.8/site-packages/requests/sessions.py", line 703, in send
[2026-05-06T14:54:12.637+0000] {subprocess.py:93} INFO -     r = adapter.send(request, **kwargs)
[2026-05-06T14:54:12.643+0000] {subprocess.py:93} INFO -   File "/home/***/.local/lib/python3.8/site-packages/requests/adapters.py", line 519, in send
[2026-05-06T14:54:12.647+0000] {subprocess.py:93} INFO -     raise ConnectionError(e, request=request)
[2026-05-06T14:54:12.648+0000] {subprocess.py:93} INFO - requests.exceptions.ConnectionError: HTTPSConnectionPool(host='chromedriver.storage.googleapis.com', port=443): Max retries exceeded with url: /LATEST_RELEASE (Caused by NewConnectionError('<urllib3.connection.HTTPSConnection object at 0x744900107fa0>: Failed to establish a new connection: [Errno -5] No address associated with hostname'))
[2026-05-06T14:54:12.649+0000] {subprocess.py:93} INFO - 
[2026-05-06T14:54:12.650+0000] {subprocess.py:93} INFO - During handling of the above exception, another exception occurred:
[2026-05-06T14:54:12.651+0000] {subprocess.py:93} INFO - 
[2026-05-06T14:54:12.652+0000] {subprocess.py:93} INFO - Traceback (most recent call last):
[2026-05-06T14:54:12.652+0000] {subprocess.py:93} INFO -   File "scrapers/spiders/avito_ma.py", line 93, in <module>
[2026-05-06T14:54:12.661+0000] {subprocess.py:93} INFO -     scrape_avito()
[2026-05-06T14:54:12.663+0000] {subprocess.py:93} INFO -   File "scrapers/spiders/avito_ma.py", line 25, in scrape_avito
[2026-05-06T14:54:12.665+0000] {subprocess.py:93} INFO -     driver = webdriver.Chrome(service=Service(ChromeDriverManager().install()), options=options)
[2026-05-06T14:54:12.666+0000] {subprocess.py:93} INFO -   File "/home/***/.local/lib/python3.8/site-packages/webdriver_manager/chrome.py", line 40, in install
[2026-05-06T14:54:12.667+0000] {subprocess.py:93} INFO -     driver_path = self._get_driver_binary_path(self.driver)
[2026-05-06T14:54:12.668+0000] {subprocess.py:93} INFO -   File "/home/***/.local/lib/python3.8/site-packages/webdriver_manager/core/manager.py", line 40, in _get_driver_binary_path
[2026-05-06T14:54:12.670+0000] {subprocess.py:93} INFO -     file = self._download_manager.download_file(driver.get_driver_download_url(os_type))
[2026-05-06T14:54:12.671+0000] {subprocess.py:93} INFO -   File "/home/***/.local/lib/python3.8/site-packages/webdriver_manager/drivers/chrome.py", line 32, in get_driver_download_url
[2026-05-06T14:54:12.677+0000] {subprocess.py:93} INFO -     driver_version_to_download = self.get_driver_version_to_download()
[2026-05-06T14:54:12.684+0000] {subprocess.py:93} INFO -   File "/home/***/.local/lib/python3.8/site-packages/webdriver_manager/core/driver.py", line 48, in get_driver_version_to_download
[2026-05-06T14:54:12.687+0000] {subprocess.py:93} INFO -     return self.get_latest_release_version()
[2026-05-06T14:54:12.691+0000] {subprocess.py:93} INFO -   File "/home/***/.local/lib/python3.8/site-packages/webdriver_manager/drivers/chrome.py", line 70, in get_latest_release_version
[2026-05-06T14:54:12.693+0000] {subprocess.py:93} INFO -     resp = self._http_client.get(url=latest_release_url)
[2026-05-06T14:54:12.696+0000] {subprocess.py:93} INFO -   File "/home/***/.local/lib/python3.8/site-packages/webdriver_manager/core/http.py", line 35, in get
[2026-05-06T14:54:12.698+0000] {subprocess.py:93} INFO -     raise exceptions.ConnectionError(f"Could not reach host. Are you offline?")
[2026-05-06T14:54:12.699+0000] {subprocess.py:93} INFO - requests.exceptions.ConnectionError: Could not reach host. Are you offline?
[2026-05-06T14:54:12.707+0000] {subprocess.py:93} INFO - Avito done with warnings
[2026-05-06T14:54:12.711+0000] {subprocess.py:97} INFO - Command exited with return code 0
[2026-05-06T14:54:12.851+0000] {taskinstance.py:1138} INFO - Marking task as SUCCESS. dag_id=price_intelligence_pipeline, task_id=scrape_avito, execution_date=20260506T145403, start_date=20260506T145405, end_date=20260506T145412
[2026-05-06T14:54:12.978+0000] {local_task_job_runner.py:234} INFO - Task exited with return code 0
[2026-05-06T14:54:13.064+0000] {taskinstance.py:3280} INFO - 1 downstream tasks scheduled from follow-on schedule check
