[2026-05-13T20:28:03.886+0000] {taskinstance.py:1956} INFO - Dependencies all met for dep_context=non-requeueable deps ti=<TaskInstance: price_intelligence_pipeline.dbt_run scheduled__2026-05-13T15:00:00+00:00 [queued]>
[2026-05-13T20:28:03.907+0000] {taskinstance.py:1956} INFO - Dependencies all met for dep_context=requeueable deps ti=<TaskInstance: price_intelligence_pipeline.dbt_run scheduled__2026-05-13T15:00:00+00:00 [queued]>
[2026-05-13T20:28:03.909+0000] {taskinstance.py:2170} INFO - Starting attempt 1 of 2
[2026-05-13T20:28:03.948+0000] {taskinstance.py:2191} INFO - Executing <Task(BashOperator): dbt_run> on 2026-05-13 15:00:00+00:00
[2026-05-13T20:28:03.962+0000] {standard_task_runner.py:60} INFO - Started process 18097 to run task
[2026-05-13T20:28:03.968+0000] {standard_task_runner.py:87} INFO - Running: ['***', 'tasks', 'run', 'price_intelligence_pipeline', 'dbt_run', 'scheduled__2026-05-13T15:00:00+00:00', '--job-id', '1092', '--raw', '--subdir', 'DAGS_FOLDER/price_intelligence_dag.py', '--cfg-path', '/tmp/tmpzpjgit_8']
[2026-05-13T20:28:03.974+0000] {standard_task_runner.py:88} INFO - Job 1092: Subtask dbt_run
[2026-05-13T20:28:04.117+0000] {task_command.py:423} INFO - Running <TaskInstance: price_intelligence_pipeline.dbt_run scheduled__2026-05-13T15:00:00+00:00 [running]> on host 91e0d3a0a233
[2026-05-13T20:28:04.397+0000] {taskinstance.py:2480} INFO - Exporting env vars: AIRFLOW_CTX_DAG_OWNER='***' AIRFLOW_CTX_DAG_ID='price_intelligence_pipeline' AIRFLOW_CTX_TASK_ID='dbt_run' AIRFLOW_CTX_EXECUTION_DATE='2026-05-13T15:00:00+00:00' AIRFLOW_CTX_TRY_NUMBER='1' AIRFLOW_CTX_DAG_RUN_ID='scheduled__2026-05-13T15:00:00+00:00'
[2026-05-13T20:28:04.399+0000] {subprocess.py:63} INFO - Tmp dir root location: /tmp
[2026-05-13T20:28:04.402+0000] {subprocess.py:75} INFO - Running command: ['/usr/bin/bash', '-c', '\n            set -e\n            cd /opt/***/dbt\n            export GOOGLE_APPLICATION_CREDENTIALS=/opt/***/gcp-credentials-new.json\n            /home/***/.local/bin/dbt run --full-refresh --profiles-dir . --project-dir .\n            echo dbt done\n        ']
[2026-05-13T20:28:04.417+0000] {subprocess.py:86} INFO - Output:
[2026-05-13T20:28:09.396+0000] {subprocess.py:93} INFO - [0m20:28:09  Running with dbt=1.8.7
[2026-05-13T20:28:13.460+0000] {subprocess.py:93} INFO - [0m20:28:13  Registered adapter: bigquery=1.8.3
[2026-05-13T20:28:16.251+0000] {subprocess.py:93} INFO - [0m20:28:16  Found 3 models, 1 seed, 7 data tests, 1 source, 479 macros
[2026-05-13T20:28:16.271+0000] {subprocess.py:93} INFO - [0m20:28:16
[2026-05-13T20:28:18.732+0000] {subprocess.py:93} INFO - [0m20:28:18  Concurrency: 4 threads (target='dev')
[2026-05-13T20:28:18.733+0000] {subprocess.py:93} INFO - [0m20:28:18
[2026-05-13T20:28:18.758+0000] {subprocess.py:93} INFO - [0m20:28:18  1 of 3 START sql view model price_intelligence_dbt.stg_prices .................. [RUN]
[2026-05-13T20:28:20.478+0000] {subprocess.py:93} INFO - [0m20:28:20  1 of 3 OK created sql view model price_intelligence_dbt.stg_prices ............. [[32mCREATE VIEW (0 processed)[0m in 1.71s]
[2026-05-13T20:28:20.490+0000] {subprocess.py:93} INFO - [0m20:28:20  2 of 3 START sql table model price_intelligence_dbt.prices_cleaned ............. [RUN]
[2026-05-13T20:28:24.729+0000] {subprocess.py:93} INFO - [0m20:28:24  2 of 3 OK created sql table model price_intelligence_dbt.prices_cleaned ........ [[32mCREATE TABLE (5.0k rows, 2.6 MiB processed)[0m in 4.22s]
[2026-05-13T20:28:24.747+0000] {subprocess.py:93} INFO - [0m20:28:24  3 of 3 START sql table model price_intelligence_dbt.prices_aggregated .......... [RUN]
[2026-05-13T20:28:28.294+0000] {subprocess.py:93} INFO - [0m20:28:28  3 of 3 OK created sql table model price_intelligence_dbt.prices_aggregated ..... [[32mCREATE TABLE (11.0 rows, 231.8 KiB processed)[0m in 3.54s]
[2026-05-13T20:28:28.304+0000] {subprocess.py:93} INFO - [0m20:28:28
[2026-05-13T20:28:28.305+0000] {subprocess.py:93} INFO - [0m20:28:28  Finished running 1 view model, 2 table models in 0 hours 0 minutes and 12.03 seconds (12.03s).
[2026-05-13T20:28:28.406+0000] {subprocess.py:93} INFO - [0m20:28:28
[2026-05-13T20:28:28.407+0000] {subprocess.py:93} INFO - [0m20:28:28  [32mCompleted successfully[0m
[2026-05-13T20:28:28.408+0000] {subprocess.py:93} INFO - [0m20:28:28
[2026-05-13T20:28:28.408+0000] {subprocess.py:93} INFO - [0m20:28:28  Done. PASS=3 WARN=0 ERROR=0 SKIP=0 TOTAL=3
[2026-05-13T20:28:33.130+0000] {subprocess.py:93} INFO - dbt done
[2026-05-13T20:28:33.143+0000] {subprocess.py:97} INFO - Command exited with return code 0
[2026-05-13T20:28:33.220+0000] {taskinstance.py:1138} INFO - Marking task as SUCCESS. dag_id=price_intelligence_pipeline, task_id=dbt_run, execution_date=20260513T150000, start_date=20260513T202803, end_date=20260513T202833
[2026-05-13T20:28:33.278+0000] {local_task_job_runner.py:234} INFO - Task exited with return code 0
[2026-05-13T20:28:33.362+0000] {taskinstance.py:3280} INFO - 1 downstream tasks scheduled from follow-on schedule check
