[2026-05-19T14:36:18.990+0000] {taskinstance.py:1956} INFO - Dependencies all met for dep_context=non-requeueable deps ti=<TaskInstance: price_intelligence_pipeline.dbt_run scheduled__2026-05-19T13:00:00+00:00 [queued]>
[2026-05-19T14:36:19.040+0000] {taskinstance.py:1956} INFO - Dependencies all met for dep_context=requeueable deps ti=<TaskInstance: price_intelligence_pipeline.dbt_run scheduled__2026-05-19T13:00:00+00:00 [queued]>
[2026-05-19T14:36:19.050+0000] {taskinstance.py:2170} INFO - Starting attempt 1 of 2
[2026-05-19T14:36:19.142+0000] {taskinstance.py:2191} INFO - Executing <Task(BashOperator): dbt_run> on 2026-05-19 13:00:00+00:00
[2026-05-19T14:36:19.162+0000] {standard_task_runner.py:60} INFO - Started process 54500 to run task
[2026-05-19T14:36:19.177+0000] {standard_task_runner.py:87} INFO - Running: ['***', 'tasks', 'run', 'price_intelligence_pipeline', 'dbt_run', 'scheduled__2026-05-19T13:00:00+00:00', '--job-id', '1472', '--raw', '--subdir', 'DAGS_FOLDER/price_intelligence_dag.py', '--cfg-path', '/tmp/tmp2hdvhzrg']
[2026-05-19T14:36:19.188+0000] {standard_task_runner.py:88} INFO - Job 1472: Subtask dbt_run
[2026-05-19T14:36:19.465+0000] {task_command.py:423} INFO - Running <TaskInstance: price_intelligence_pipeline.dbt_run scheduled__2026-05-19T13:00:00+00:00 [running]> on host 91e0d3a0a233
[2026-05-19T14:36:19.743+0000] {taskinstance.py:2480} INFO - Exporting env vars: AIRFLOW_CTX_DAG_OWNER='***' AIRFLOW_CTX_DAG_ID='price_intelligence_pipeline' AIRFLOW_CTX_TASK_ID='dbt_run' AIRFLOW_CTX_EXECUTION_DATE='2026-05-19T13:00:00+00:00' AIRFLOW_CTX_TRY_NUMBER='1' AIRFLOW_CTX_DAG_RUN_ID='scheduled__2026-05-19T13:00:00+00:00'
[2026-05-19T14:36:19.747+0000] {subprocess.py:63} INFO - Tmp dir root location: /tmp
[2026-05-19T14:36:19.750+0000] {subprocess.py:75} INFO - Running command: ['/usr/bin/bash', '-c', '\n            set -e\n            cd /opt/***/dbt\n            export GOOGLE_APPLICATION_CREDENTIALS=/opt/***/gcp-credentials-new.json\n            /home/***/.local/bin/dbt run --full-refresh --profiles-dir . --project-dir .\n            echo dbt done\n        ']
[2026-05-19T14:36:19.774+0000] {subprocess.py:86} INFO - Output:
[2026-05-19T14:36:27.042+0000] {subprocess.py:93} INFO - [0m14:36:27  Running with dbt=1.8.7
[2026-05-19T14:36:32.973+0000] {subprocess.py:93} INFO - [0m14:36:32  Registered adapter: bigquery=1.8.3
[2026-05-19T14:36:36.563+0000] {subprocess.py:93} INFO - [0m14:36:36  Found 3 models, 1 seed, 7 data tests, 1 source, 479 macros
[2026-05-19T14:36:36.573+0000] {subprocess.py:93} INFO - [0m14:36:36
[2026-05-19T14:36:38.456+0000] {subprocess.py:93} INFO - [0m14:36:38  Concurrency: 4 threads (target='dev')
[2026-05-19T14:36:38.460+0000] {subprocess.py:93} INFO - [0m14:36:38
[2026-05-19T14:36:38.487+0000] {subprocess.py:93} INFO - [0m14:36:38  1 of 3 START sql view model price_intelligence_dbt.stg_prices .................. [RUN]
[2026-05-19T14:36:40.938+0000] {subprocess.py:93} INFO - [0m14:36:40  1 of 3 OK created sql view model price_intelligence_dbt.stg_prices ............. [[32mCREATE VIEW (0 processed)[0m in 2.44s]
[2026-05-19T14:36:40.958+0000] {subprocess.py:93} INFO - [0m14:36:40  2 of 3 START sql table model price_intelligence_dbt.prices_cleaned ............. [RUN]
[2026-05-19T14:36:45.490+0000] {subprocess.py:93} INFO - [0m14:36:45  2 of 3 OK created sql table model price_intelligence_dbt.prices_cleaned ........ [[32mCREATE TABLE (5.0k rows, 2.6 MiB processed)[0m in 4.52s]
[2026-05-19T14:36:45.502+0000] {subprocess.py:93} INFO - [0m14:36:45  3 of 3 START sql table model price_intelligence_dbt.prices_aggregated .......... [RUN]
[2026-05-19T14:36:50.324+0000] {subprocess.py:93} INFO - [0m14:36:50  3 of 3 OK created sql table model price_intelligence_dbt.prices_aggregated ..... [[32mCREATE TABLE (11.0 rows, 231.8 KiB processed)[0m in 4.82s]
[2026-05-19T14:36:50.349+0000] {subprocess.py:93} INFO - [0m14:36:50
[2026-05-19T14:36:50.351+0000] {subprocess.py:93} INFO - [0m14:36:50  Finished running 1 view model, 2 table models in 0 hours 0 minutes and 13.77 seconds (13.77s).
[2026-05-19T14:36:50.554+0000] {subprocess.py:93} INFO - [0m14:36:50
[2026-05-19T14:36:50.557+0000] {subprocess.py:93} INFO - [0m14:36:50  [32mCompleted successfully[0m
[2026-05-19T14:36:50.561+0000] {subprocess.py:93} INFO - [0m14:36:50
[2026-05-19T14:36:50.569+0000] {subprocess.py:93} INFO - [0m14:36:50  Done. PASS=3 WARN=0 ERROR=0 SKIP=0 TOTAL=3
[2026-05-19T14:36:52.701+0000] {subprocess.py:93} INFO - dbt done
[2026-05-19T14:36:52.712+0000] {subprocess.py:97} INFO - Command exited with return code 0
[2026-05-19T14:36:52.793+0000] {taskinstance.py:1138} INFO - Marking task as SUCCESS. dag_id=price_intelligence_pipeline, task_id=dbt_run, execution_date=20260519T130000, start_date=20260519T143618, end_date=20260519T143652
[2026-05-19T14:36:52.849+0000] {local_task_job_runner.py:234} INFO - Task exited with return code 0
[2026-05-19T14:36:52.907+0000] {taskinstance.py:3280} INFO - 1 downstream tasks scheduled from follow-on schedule check
