[2026-05-06T16:00:02.640+0000] {taskinstance.py:1956} INFO - Dependencies all met for dep_context=non-requeueable deps ti=<TaskInstance: price_intelligence_pipeline.scrape_electroplanet scheduled__2026-05-06T15:00:00+00:00 [queued]>
[2026-05-06T16:00:02.678+0000] {taskinstance.py:1956} INFO - Dependencies all met for dep_context=requeueable deps ti=<TaskInstance: price_intelligence_pipeline.scrape_electroplanet scheduled__2026-05-06T15:00:00+00:00 [queued]>
[2026-05-06T16:00:02.706+0000] {taskinstance.py:2170} INFO - Starting attempt 1 of 2
[2026-05-06T16:00:02.813+0000] {taskinstance.py:2191} INFO - Executing <Task(BashOperator): scrape_electroplanet> on 2026-05-06 15:00:00+00:00
[2026-05-06T16:00:02.834+0000] {standard_task_runner.py:60} INFO - Started process 20686 to run task
[2026-05-06T16:00:02.851+0000] {standard_task_runner.py:87} INFO - Running: ['***', 'tasks', 'run', 'price_intelligence_pipeline', 'scrape_electroplanet', 'scheduled__2026-05-06T15:00:00+00:00', '--job-id', '593', '--raw', '--subdir', 'DAGS_FOLDER/price_intelligence_dag.py', '--cfg-path', '/tmp/tmpuut1niwc']
[2026-05-06T16:00:02.883+0000] {standard_task_runner.py:88} INFO - Job 593: Subtask scrape_electroplanet
[2026-05-06T16:00:03.253+0000] {task_command.py:423} INFO - Running <TaskInstance: price_intelligence_pipeline.scrape_electroplanet scheduled__2026-05-06T15:00:00+00:00 [running]> on host 25ef6dfa8bdc
[2026-05-06T16:00:03.931+0000] {taskinstance.py:2480} INFO - Exporting env vars: AIRFLOW_CTX_DAG_OWNER='***' AIRFLOW_CTX_DAG_ID='price_intelligence_pipeline' AIRFLOW_CTX_TASK_ID='scrape_electroplanet' AIRFLOW_CTX_EXECUTION_DATE='2026-05-06T15:00:00+00:00' AIRFLOW_CTX_TRY_NUMBER='1' AIRFLOW_CTX_DAG_RUN_ID='scheduled__2026-05-06T15:00:00+00:00'
[2026-05-06T16:00:03.948+0000] {subprocess.py:63} INFO - Tmp dir root location: /tmp
[2026-05-06T16:00:03.955+0000] {subprocess.py:75} INFO - Running command: ['/usr/bin/bash', '-c', '\n            cd /opt/***\n            mkdir -p data/raw\n            export DISPLAY=:99\n            python3 scrapers/spiders/electroplanet_ma.py || echo "Electroplanet done with warnings"\n        ']
[2026-05-06T16:00:04.033+0000] {subprocess.py:86} INFO - Output:
[2026-05-06T16:00:09.839+0000] {subprocess.py:93} INFO - 
[2026-05-06T16:00:09.840+0000] {subprocess.py:93} INFO - [Electroplanet] Scraping : smartphones
[2026-05-06T16:00:09.848+0000] {subprocess.py:93} INFO - Traceback (most recent call last):
[2026-05-06T16:00:09.850+0000] {subprocess.py:93} INFO -   File "/home/***/.local/lib/python3.8/site-packages/urllib3/connection.py", line 174, in _new_conn
[2026-05-06T16:00:09.851+0000] {subprocess.py:93} INFO -     conn = connection.create_connection(
[2026-05-06T16:00:09.852+0000] {subprocess.py:93} INFO -   File "/home/***/.local/lib/python3.8/site-packages/urllib3/util/connection.py", line 72, in create_connection
[2026-05-06T16:00:09.852+0000] {subprocess.py:93} INFO -     for res in socket.getaddrinfo(host, port, family, socket.SOCK_STREAM):
[2026-05-06T16:00:09.853+0000] {subprocess.py:93} INFO -   File "/usr/local/lib/python3.8/socket.py", line 918, in getaddrinfo
[2026-05-06T16:00:09.854+0000] {subprocess.py:93} INFO -     for res in _socket.getaddrinfo(host, port, family, type, proto, flags):
[2026-05-06T16:00:09.855+0000] {subprocess.py:93} INFO - socket.gaierror: [Errno -5] No address associated with hostname
[2026-05-06T16:00:09.856+0000] {subprocess.py:93} INFO - 
[2026-05-06T16:00:09.857+0000] {subprocess.py:93} INFO - During handling of the above exception, another exception occurred:
[2026-05-06T16:00:09.857+0000] {subprocess.py:93} INFO - 
[2026-05-06T16:00:09.858+0000] {subprocess.py:93} INFO - Traceback (most recent call last):
[2026-05-06T16:00:09.859+0000] {subprocess.py:93} INFO -   File "/home/***/.local/lib/python3.8/site-packages/urllib3/connectionpool.py", line 715, in urlopen
[2026-05-06T16:00:09.860+0000] {subprocess.py:93} INFO -     httplib_response = self._make_request(
[2026-05-06T16:00:09.862+0000] {subprocess.py:93} INFO -   File "/home/***/.local/lib/python3.8/site-packages/urllib3/connectionpool.py", line 404, in _make_request
[2026-05-06T16:00:09.863+0000] {subprocess.py:93} INFO -     self._validate_conn(conn)
[2026-05-06T16:00:09.864+0000] {subprocess.py:93} INFO -   File "/home/***/.local/lib/python3.8/site-packages/urllib3/connectionpool.py", line 1058, in _validate_conn
[2026-05-06T16:00:09.866+0000] {subprocess.py:93} INFO -     conn.connect()
[2026-05-06T16:00:09.867+0000] {subprocess.py:93} INFO -   File "/home/***/.local/lib/python3.8/site-packages/urllib3/connection.py", line 363, in connect
[2026-05-06T16:00:09.868+0000] {subprocess.py:93} INFO -     self.sock = conn = self._new_conn()
[2026-05-06T16:00:09.869+0000] {subprocess.py:93} INFO -   File "/home/***/.local/lib/python3.8/site-packages/urllib3/connection.py", line 186, in _new_conn
[2026-05-06T16:00:09.870+0000] {subprocess.py:93} INFO -     raise NewConnectionError(
[2026-05-06T16:00:09.871+0000] {subprocess.py:93} INFO - urllib3.exceptions.NewConnectionError: <urllib3.connection.HTTPSConnection object at 0x73c522322580>: Failed to establish a new connection: [Errno -5] No address associated with hostname
[2026-05-06T16:00:09.872+0000] {subprocess.py:93} INFO - 
[2026-05-06T16:00:09.873+0000] {subprocess.py:93} INFO - During handling of the above exception, another exception occurred:
[2026-05-06T16:00:09.874+0000] {subprocess.py:93} INFO - 
[2026-05-06T16:00:09.875+0000] {subprocess.py:93} INFO - Traceback (most recent call last):
[2026-05-06T16:00:09.876+0000] {subprocess.py:93} INFO -   File "/home/***/.local/lib/python3.8/site-packages/requests/adapters.py", line 486, in send
[2026-05-06T16:00:09.877+0000] {subprocess.py:93} INFO -     resp = conn.urlopen(
[2026-05-06T16:00:09.878+0000] {subprocess.py:93} INFO -   File "/home/***/.local/lib/python3.8/site-packages/urllib3/connectionpool.py", line 799, in urlopen
[2026-05-06T16:00:09.879+0000] {subprocess.py:93} INFO -     retries = retries.increment(
[2026-05-06T16:00:09.880+0000] {subprocess.py:93} INFO -   File "/home/***/.local/lib/python3.8/site-packages/urllib3/util/retry.py", line 592, in increment
[2026-05-06T16:00:09.881+0000] {subprocess.py:93} INFO -     raise MaxRetryError(_pool, url, error or ResponseError(cause))
[2026-05-06T16:00:09.882+0000] {subprocess.py:93} INFO - urllib3.exceptions.MaxRetryError: HTTPSConnectionPool(host='chromedriver.storage.googleapis.com', port=443): Max retries exceeded with url: /LATEST_RELEASE (Caused by NewConnectionError('<urllib3.connection.HTTPSConnection object at 0x73c522322580>: Failed to establish a new connection: [Errno -5] No address associated with hostname'))
[2026-05-06T16:00:09.883+0000] {subprocess.py:93} INFO - 
[2026-05-06T16:00:09.884+0000] {subprocess.py:93} INFO - During handling of the above exception, another exception occurred:
[2026-05-06T16:00:09.886+0000] {subprocess.py:93} INFO - 
[2026-05-06T16:00:09.890+0000] {subprocess.py:93} INFO - Traceback (most recent call last):
[2026-05-06T16:00:09.892+0000] {subprocess.py:93} INFO -   File "/home/***/.local/lib/python3.8/site-packages/webdriver_manager/core/http.py", line 32, in get
[2026-05-06T16:00:09.893+0000] {subprocess.py:93} INFO -     resp = requests.get(
[2026-05-06T16:00:09.895+0000] {subprocess.py:93} INFO -   File "/home/***/.local/lib/python3.8/site-packages/requests/api.py", line 73, in get
[2026-05-06T16:00:09.896+0000] {subprocess.py:93} INFO -     return request("get", url, params=params, **kwargs)
[2026-05-06T16:00:09.897+0000] {subprocess.py:93} INFO -   File "/home/***/.local/lib/python3.8/site-packages/requests/api.py", line 59, in request
[2026-05-06T16:00:09.898+0000] {subprocess.py:93} INFO -     return session.request(method=method, url=url, **kwargs)
[2026-05-06T16:00:09.899+0000] {subprocess.py:93} INFO -   File "/home/***/.local/lib/python3.8/site-packages/requests/sessions.py", line 589, in request
[2026-05-06T16:00:09.900+0000] {subprocess.py:93} INFO -     resp = self.send(prep, **send_kwargs)
[2026-05-06T16:00:09.901+0000] {subprocess.py:93} INFO -   File "/home/***/.local/lib/python3.8/site-packages/requests/sessions.py", line 703, in send
[2026-05-06T16:00:09.902+0000] {subprocess.py:93} INFO -     r = adapter.send(request, **kwargs)
[2026-05-06T16:00:09.903+0000] {subprocess.py:93} INFO -   File "/home/***/.local/lib/python3.8/site-packages/requests/adapters.py", line 519, in send
[2026-05-06T16:00:09.904+0000] {subprocess.py:93} INFO -     raise ConnectionError(e, request=request)
[2026-05-06T16:00:09.905+0000] {subprocess.py:93} INFO - requests.exceptions.ConnectionError: HTTPSConnectionPool(host='chromedriver.storage.googleapis.com', port=443): Max retries exceeded with url: /LATEST_RELEASE (Caused by NewConnectionError('<urllib3.connection.HTTPSConnection object at 0x73c522322580>: Failed to establish a new connection: [Errno -5] No address associated with hostname'))
[2026-05-06T16:00:09.906+0000] {subprocess.py:93} INFO - 
[2026-05-06T16:00:09.907+0000] {subprocess.py:93} INFO - During handling of the above exception, another exception occurred:
[2026-05-06T16:00:09.908+0000] {subprocess.py:93} INFO - 
[2026-05-06T16:00:09.909+0000] {subprocess.py:93} INFO - Traceback (most recent call last):
[2026-05-06T16:00:09.911+0000] {subprocess.py:93} INFO -   File "scrapers/spiders/electroplanet_ma.py", line 162, in <module>
[2026-05-06T16:00:09.912+0000] {subprocess.py:93} INFO -     scrape_electroplanet()
[2026-05-06T16:00:09.913+0000] {subprocess.py:93} INFO -   File "scrapers/spiders/electroplanet_ma.py", line 73, in scrape_electroplanet
[2026-05-06T16:00:09.915+0000] {subprocess.py:93} INFO -     driver = get_driver()
[2026-05-06T16:00:09.916+0000] {subprocess.py:93} INFO -   File "scrapers/spiders/electroplanet_ma.py", line 63, in get_driver
[2026-05-06T16:00:09.917+0000] {subprocess.py:93} INFO -     return webdriver.Chrome(service=Service(ChromeDriverManager().install()), options=opts)
[2026-05-06T16:00:09.918+0000] {subprocess.py:93} INFO -   File "/home/***/.local/lib/python3.8/site-packages/webdriver_manager/chrome.py", line 40, in install
[2026-05-06T16:00:09.918+0000] {subprocess.py:93} INFO -     driver_path = self._get_driver_binary_path(self.driver)
[2026-05-06T16:00:09.919+0000] {subprocess.py:93} INFO -   File "/home/***/.local/lib/python3.8/site-packages/webdriver_manager/core/manager.py", line 40, in _get_driver_binary_path
[2026-05-06T16:00:09.920+0000] {subprocess.py:93} INFO -     file = self._download_manager.download_file(driver.get_driver_download_url(os_type))
[2026-05-06T16:00:09.921+0000] {subprocess.py:93} INFO -   File "/home/***/.local/lib/python3.8/site-packages/webdriver_manager/drivers/chrome.py", line 32, in get_driver_download_url
[2026-05-06T16:00:09.922+0000] {subprocess.py:93} INFO -     driver_version_to_download = self.get_driver_version_to_download()
[2026-05-06T16:00:09.923+0000] {subprocess.py:93} INFO -   File "/home/***/.local/lib/python3.8/site-packages/webdriver_manager/core/driver.py", line 48, in get_driver_version_to_download
[2026-05-06T16:00:09.924+0000] {subprocess.py:93} INFO -     return self.get_latest_release_version()
[2026-05-06T16:00:09.925+0000] {subprocess.py:93} INFO -   File "/home/***/.local/lib/python3.8/site-packages/webdriver_manager/drivers/chrome.py", line 70, in get_latest_release_version
[2026-05-06T16:00:09.930+0000] {subprocess.py:93} INFO -     resp = self._http_client.get(url=latest_release_url)
[2026-05-06T16:00:09.931+0000] {subprocess.py:93} INFO -   File "/home/***/.local/lib/python3.8/site-packages/webdriver_manager/core/http.py", line 35, in get
[2026-05-06T16:00:09.932+0000] {subprocess.py:93} INFO -     raise exceptions.ConnectionError(f"Could not reach host. Are you offline?")
[2026-05-06T16:00:09.934+0000] {subprocess.py:93} INFO - requests.exceptions.ConnectionError: Could not reach host. Are you offline?
[2026-05-06T16:00:09.946+0000] {subprocess.py:93} INFO - Electroplanet done with warnings
[2026-05-06T16:00:09.947+0000] {subprocess.py:97} INFO - Command exited with return code 0
[2026-05-06T16:00:10.029+0000] {taskinstance.py:1138} INFO - Marking task as SUCCESS. dag_id=price_intelligence_pipeline, task_id=scrape_electroplanet, execution_date=20260506T150000, start_date=20260506T160002, end_date=20260506T160010
[2026-05-06T16:00:10.130+0000] {local_task_job_runner.py:234} INFO - Task exited with return code 0
[2026-05-06T16:00:10.320+0000] {taskinstance.py:3280} INFO - 0 downstream tasks scheduled from follow-on schedule check
