[2026-05-21T22:01:46.668+0000] {taskinstance.py:1956} INFO - Dependencies all met for dep_context=non-requeueable deps ti=<TaskInstance: price_intelligence_pipeline.dbt_run scheduled__2026-05-21T21:00:00+00:00 [queued]>
[2026-05-21T22:01:46.697+0000] {taskinstance.py:1956} INFO - Dependencies all met for dep_context=requeueable deps ti=<TaskInstance: price_intelligence_pipeline.dbt_run scheduled__2026-05-21T21:00:00+00:00 [queued]>
[2026-05-21T22:01:46.698+0000] {taskinstance.py:2170} INFO - Starting attempt 1 of 2
[2026-05-21T22:01:46.733+0000] {taskinstance.py:2191} INFO - Executing <Task(BashOperator): dbt_run> on 2026-05-21 21:00:00+00:00
[2026-05-21T22:01:46.743+0000] {standard_task_runner.py:60} INFO - Started process 73930 to run task
[2026-05-21T22:01:46.754+0000] {standard_task_runner.py:87} INFO - Running: ['***', 'tasks', 'run', 'price_intelligence_pipeline', 'dbt_run', 'scheduled__2026-05-21T21:00:00+00:00', '--job-id', '1688', '--raw', '--subdir', 'DAGS_FOLDER/price_intelligence_dag.py', '--cfg-path', '/tmp/tmpn8oslf54']
[2026-05-21T22:01:46.760+0000] {standard_task_runner.py:88} INFO - Job 1688: Subtask dbt_run
[2026-05-21T22:01:47.000+0000] {task_command.py:423} INFO - Running <TaskInstance: price_intelligence_pipeline.dbt_run scheduled__2026-05-21T21:00:00+00:00 [running]> on host 91e0d3a0a233
[2026-05-21T22:01:47.334+0000] {taskinstance.py:2480} INFO - Exporting env vars: AIRFLOW_CTX_DAG_OWNER='***' AIRFLOW_CTX_DAG_ID='price_intelligence_pipeline' AIRFLOW_CTX_TASK_ID='dbt_run' AIRFLOW_CTX_EXECUTION_DATE='2026-05-21T21:00:00+00:00' AIRFLOW_CTX_TRY_NUMBER='1' AIRFLOW_CTX_DAG_RUN_ID='scheduled__2026-05-21T21:00:00+00:00'
[2026-05-21T22:01:47.337+0000] {subprocess.py:63} INFO - Tmp dir root location: /tmp
[2026-05-21T22:01:47.340+0000] {subprocess.py:75} INFO - Running command: ['/usr/bin/bash', '-c', '\n            set -e\n            cd /opt/***/dbt\n            export GOOGLE_APPLICATION_CREDENTIALS=/opt/***/gcp-credentials-new.json\n            /home/***/.local/bin/dbt run --full-refresh --profiles-dir . --project-dir .\n            echo dbt done\n        ']
[2026-05-21T22:01:47.361+0000] {subprocess.py:86} INFO - Output:
[2026-05-21T22:02:00.039+0000] {subprocess.py:93} INFO - [0m22:02:00  Running with dbt=1.8.7
[2026-05-21T22:02:05.799+0000] {subprocess.py:93} INFO - [0m22:02:05  Registered adapter: bigquery=1.8.3
[2026-05-21T22:02:08.962+0000] {subprocess.py:93} INFO - [0m22:02:08  Found 3 models, 1 seed, 7 data tests, 1 source, 479 macros
[2026-05-21T22:02:08.977+0000] {subprocess.py:93} INFO - [0m22:02:08
[2026-05-21T22:02:12.392+0000] {subprocess.py:93} INFO - [0m22:02:12  Concurrency: 4 threads (target='dev')
[2026-05-21T22:02:12.401+0000] {subprocess.py:93} INFO - [0m22:02:12
[2026-05-21T22:02:12.444+0000] {subprocess.py:93} INFO - [0m22:02:12  1 of 3 START sql view model price_intelligence_dbt.stg_prices .................. [RUN]
[2026-05-21T22:02:15.106+0000] {subprocess.py:93} INFO - [0m22:02:15  1 of 3 OK created sql view model price_intelligence_dbt.stg_prices ............. [[32mCREATE VIEW (0 processed)[0m in 2.65s]
[2026-05-21T22:02:15.119+0000] {subprocess.py:93} INFO - [0m22:02:15  2 of 3 START sql table model price_intelligence_dbt.prices_cleaned ............. [RUN]
[2026-05-21T22:02:22.137+0000] {subprocess.py:93} INFO - [0m22:02:22  2 of 3 OK created sql table model price_intelligence_dbt.prices_cleaned ........ [[32mCREATE TABLE (5.0k rows, 2.6 MiB processed)[0m in 6.99s]
[2026-05-21T22:02:22.183+0000] {subprocess.py:93} INFO - [0m22:02:22  3 of 3 START sql table model price_intelligence_dbt.prices_aggregated .......... [RUN]
[2026-05-21T22:02:26.810+0000] {subprocess.py:93} INFO - [0m22:02:26  3 of 3 OK created sql table model price_intelligence_dbt.prices_aggregated ..... [[32mCREATE TABLE (11.0 rows, 231.8 KiB processed)[0m in 4.62s]
[2026-05-21T22:02:26.833+0000] {subprocess.py:93} INFO - [0m22:02:26
[2026-05-21T22:02:26.835+0000] {subprocess.py:93} INFO - [0m22:02:26  Finished running 1 view model, 2 table models in 0 hours 0 minutes and 17.85 seconds (17.85s).
[2026-05-21T22:02:27.087+0000] {subprocess.py:93} INFO - [0m22:02:27
[2026-05-21T22:02:27.091+0000] {subprocess.py:93} INFO - [0m22:02:27  [32mCompleted successfully[0m
[2026-05-21T22:02:27.096+0000] {subprocess.py:93} INFO - [0m22:02:27
[2026-05-21T22:02:27.104+0000] {subprocess.py:93} INFO - [0m22:02:27  Done. PASS=3 WARN=0 ERROR=0 SKIP=0 TOTAL=3
[2026-05-21T22:02:31.883+0000] {subprocess.py:93} INFO - dbt done
[2026-05-21T22:02:31.898+0000] {subprocess.py:97} INFO - Command exited with return code 0
[2026-05-21T22:02:31.974+0000] {taskinstance.py:1138} INFO - Marking task as SUCCESS. dag_id=price_intelligence_pipeline, task_id=dbt_run, execution_date=20260521T210000, start_date=20260521T220146, end_date=20260521T220231
[2026-05-21T22:02:32.022+0000] {local_task_job_runner.py:234} INFO - Task exited with return code 0
[2026-05-21T22:02:32.079+0000] {taskinstance.py:3280} INFO - 1 downstream tasks scheduled from follow-on schedule check
