[2026-05-07T16:05:45.039+0000] {taskinstance.py:1956} INFO - Dependencies all met for dep_context=non-requeueable deps ti=<TaskInstance: price_intelligence_pipeline.dbt_run scheduled__2026-05-07T15:00:00+00:00 [queued]>
[2026-05-07T16:05:45.106+0000] {taskinstance.py:1956} INFO - Dependencies all met for dep_context=requeueable deps ti=<TaskInstance: price_intelligence_pipeline.dbt_run scheduled__2026-05-07T15:00:00+00:00 [queued]>
[2026-05-07T16:05:45.111+0000] {taskinstance.py:2170} INFO - Starting attempt 2 of 2
[2026-05-07T16:05:45.161+0000] {taskinstance.py:2191} INFO - Executing <Task(BashOperator): dbt_run> on 2026-05-07 15:00:00+00:00
[2026-05-07T16:05:45.182+0000] {standard_task_runner.py:60} INFO - Started process 29464 to run task
[2026-05-07T16:05:45.201+0000] {standard_task_runner.py:87} INFO - Running: ['***', 'tasks', 'run', 'price_intelligence_pipeline', 'dbt_run', 'scheduled__2026-05-07T15:00:00+00:00', '--job-id', '684', '--raw', '--subdir', 'DAGS_FOLDER/price_intelligence_dag.py', '--cfg-path', '/tmp/tmpf9ncgrec']
[2026-05-07T16:05:45.209+0000] {standard_task_runner.py:88} INFO - Job 684: Subtask dbt_run
[2026-05-07T16:05:45.534+0000] {task_command.py:423} INFO - Running <TaskInstance: price_intelligence_pipeline.dbt_run scheduled__2026-05-07T15:00:00+00:00 [running]> on host 25ef6dfa8bdc
[2026-05-07T16:05:46.013+0000] {taskinstance.py:2480} INFO - Exporting env vars: AIRFLOW_CTX_DAG_OWNER='***' AIRFLOW_CTX_DAG_ID='price_intelligence_pipeline' AIRFLOW_CTX_TASK_ID='dbt_run' AIRFLOW_CTX_EXECUTION_DATE='2026-05-07T15:00:00+00:00' AIRFLOW_CTX_TRY_NUMBER='2' AIRFLOW_CTX_DAG_RUN_ID='scheduled__2026-05-07T15:00:00+00:00'
[2026-05-07T16:05:46.017+0000] {subprocess.py:63} INFO - Tmp dir root location: /tmp
[2026-05-07T16:05:46.024+0000] {subprocess.py:75} INFO - Running command: ['/usr/bin/bash', '-c', '\n            set -e\n            cd /opt/***/dbt\n            export GOOGLE_APPLICATION_CREDENTIALS=/opt/***/gcp-credentials-new.json\n            /home/***/.local/bin/dbt run --select stg_prices --profiles-dir . --project-dir .\n            /home/***/.local/bin/dbt run --select prices_cleaned --profiles-dir . --project-dir .\n            /home/***/.local/bin/dbt run --select prices_aggregated --profiles-dir . --project-dir .\n            echo dbt done\n        ']
[2026-05-07T16:05:46.063+0000] {subprocess.py:86} INFO - Output:
[2026-05-07T16:05:58.748+0000] {subprocess.py:93} INFO - [0m16:05:58  Running with dbt=1.8.7
[2026-05-07T16:06:04.156+0000] {subprocess.py:93} INFO - [0m16:06:04  Registered adapter: bigquery=1.8.3
[2026-05-07T16:06:06.591+0000] {subprocess.py:93} INFO - [0m16:06:06  Found 3 models, 1 seed, 7 data tests, 1 source, 479 macros
[2026-05-07T16:06:06.598+0000] {subprocess.py:93} INFO - [0m16:06:06
[2026-05-07T16:06:24.928+0000] {subprocess.py:93} INFO - [0m16:06:24  Concurrency: 4 threads (target='dev')
[2026-05-07T16:06:24.930+0000] {subprocess.py:93} INFO - [0m16:06:24
[2026-05-07T16:06:25.003+0000] {subprocess.py:93} INFO - [0m16:06:25  1 of 1 START sql view model price_intelligence_dbt.stg_prices .................. [RUN]
[2026-05-07T16:06:29.945+0000] {subprocess.py:93} INFO - [0m16:06:29  BigQuery adapter: https://console.cloud.google.com/bigquery?project=project-32a82952-90fa-4dd7-b9c&j=bq:US:d4d16f1a-234a-473a-b549-eae93038a8e0&page=queryresults
[2026-05-07T16:06:29.987+0000] {subprocess.py:93} INFO - [0m16:06:29  1 of 1 ERROR creating sql view model price_intelligence_dbt.stg_prices ......... [[31mERROR[0m in 4.97s]
[2026-05-07T16:06:30.019+0000] {subprocess.py:93} INFO - [0m16:06:30
[2026-05-07T16:06:30.023+0000] {subprocess.py:93} INFO - [0m16:06:30  Finished running 1 view model in 0 hours 0 minutes and 23.42 seconds (23.42s).
[2026-05-07T16:06:30.313+0000] {subprocess.py:93} INFO - [0m16:06:30
[2026-05-07T16:06:30.315+0000] {subprocess.py:93} INFO - [0m16:06:30  [31mCompleted with 1 error and 0 warnings:[0m
[2026-05-07T16:06:30.319+0000] {subprocess.py:93} INFO - [0m16:06:30
[2026-05-07T16:06:30.323+0000] {subprocess.py:93} INFO - [0m16:06:30    Database Error in model stg_prices (models/staging/stg_prices.sql)
[2026-05-07T16:06:30.324+0000] {subprocess.py:93} INFO -   Unrecognized name: old_price at [11:10]
[2026-05-07T16:06:30.326+0000] {subprocess.py:93} INFO -   compiled code at target/run/price_intelligence/models/staging/stg_prices.sql
[2026-05-07T16:06:30.327+0000] {subprocess.py:93} INFO - [0m16:06:30
[2026-05-07T16:06:30.328+0000] {subprocess.py:93} INFO - [0m16:06:30  Done. PASS=0 WARN=0 ERROR=1 SKIP=0 TOTAL=1
[2026-05-07T16:06:35.223+0000] {subprocess.py:97} INFO - Command exited with return code 1
[2026-05-07T16:06:35.272+0000] {taskinstance.py:2698} ERROR - Task failed with exception
Traceback (most recent call last):
  File "/home/airflow/.local/lib/python3.8/site-packages/airflow/models/taskinstance.py", line 428, in _execute_task
    result = execute_callable(context=context, **execute_callable_kwargs)
  File "/home/airflow/.local/lib/python3.8/site-packages/airflow/operators/bash.py", line 212, in execute
    raise AirflowException(
airflow.exceptions.AirflowException: Bash command failed. The command returned a non-zero exit code 1.
[2026-05-07T16:06:35.281+0000] {taskinstance.py:1138} INFO - Marking task as FAILED. dag_id=price_intelligence_pipeline, task_id=dbt_run, execution_date=20260507T150000, start_date=20260507T160545, end_date=20260507T160635
[2026-05-07T16:06:35.319+0000] {standard_task_runner.py:107} ERROR - Failed to execute job 684 for task dbt_run (Bash command failed. The command returned a non-zero exit code 1.; 29464)
[2026-05-07T16:06:35.344+0000] {local_task_job_runner.py:234} INFO - Task exited with return code 1
[2026-05-07T16:06:35.430+0000] {taskinstance.py:3280} INFO - 0 downstream tasks scheduled from follow-on schedule check
