[2026-05-07T13:09:10.436+0000] {taskinstance.py:1956} INFO - Dependencies all met for dep_context=non-requeueable deps ti=<TaskInstance: price_intelligence_pipeline.scrape_electroplanet scheduled__2026-05-06T22:00:00+00:00 [queued]>
[2026-05-07T13:09:10.929+0000] {taskinstance.py:1956} INFO - Dependencies all met for dep_context=requeueable deps ti=<TaskInstance: price_intelligence_pipeline.scrape_electroplanet scheduled__2026-05-06T22:00:00+00:00 [queued]>
[2026-05-07T13:09:11.008+0000] {taskinstance.py:2170} INFO - Starting attempt 1 of 2
[2026-05-07T13:09:11.484+0000] {taskinstance.py:2191} INFO - Executing <Task(BashOperator): scrape_electroplanet> on 2026-05-06 22:00:00+00:00
[2026-05-07T13:09:12.094+0000] {standard_task_runner.py:60} INFO - Started process 24956 to run task
[2026-05-07T13:09:12.194+0000] {standard_task_runner.py:87} INFO - Running: ['***', 'tasks', 'run', 'price_intelligence_pipeline', 'scrape_electroplanet', 'scheduled__2026-05-06T22:00:00+00:00', '--job-id', '648', '--raw', '--subdir', 'DAGS_FOLDER/price_intelligence_dag.py', '--cfg-path', '/tmp/tmpi3ekk_wu']
[2026-05-07T13:09:12.359+0000] {standard_task_runner.py:88} INFO - Job 648: Subtask scrape_electroplanet
[2026-05-07T13:09:14.730+0000] {task_command.py:423} INFO - Running <TaskInstance: price_intelligence_pipeline.scrape_electroplanet scheduled__2026-05-06T22:00:00+00:00 [running]> on host 25ef6dfa8bdc
[2026-05-07T13:09:17.983+0000] {taskinstance.py:2480} INFO - Exporting env vars: AIRFLOW_CTX_DAG_OWNER='***' AIRFLOW_CTX_DAG_ID='price_intelligence_pipeline' AIRFLOW_CTX_TASK_ID='scrape_electroplanet' AIRFLOW_CTX_EXECUTION_DATE='2026-05-06T22:00:00+00:00' AIRFLOW_CTX_TRY_NUMBER='1' AIRFLOW_CTX_DAG_RUN_ID='scheduled__2026-05-06T22:00:00+00:00'
[2026-05-07T13:09:18.061+0000] {subprocess.py:63} INFO - Tmp dir root location: /tmp
[2026-05-07T13:09:18.127+0000] {subprocess.py:75} INFO - Running command: ['/usr/bin/bash', '-c', '\n            cd /opt/***\n            mkdir -p data/raw\n            export DISPLAY=:99\n            python3 scrapers/spiders/electroplanet_ma.py || echo "Electroplanet done with warnings"\n        ']
[2026-05-07T13:09:18.367+0000] {subprocess.py:86} INFO - Output:
[2026-05-07T13:09:34.492+0000] {subprocess.py:93} INFO - 
[2026-05-07T13:09:34.500+0000] {subprocess.py:93} INFO - [Electroplanet] Scraping : smartphones
[2026-05-07T13:09:34.536+0000] {subprocess.py:93} INFO - Traceback (most recent call last):
[2026-05-07T13:09:34.549+0000] {subprocess.py:93} INFO -   File "/home/***/.local/lib/python3.8/site-packages/urllib3/connection.py", line 174, in _new_conn
[2026-05-07T13:09:34.565+0000] {subprocess.py:93} INFO -     conn = connection.create_connection(
[2026-05-07T13:09:34.567+0000] {subprocess.py:93} INFO -   File "/home/***/.local/lib/python3.8/site-packages/urllib3/util/connection.py", line 72, in create_connection
[2026-05-07T13:09:34.596+0000] {subprocess.py:93} INFO -     for res in socket.getaddrinfo(host, port, family, socket.SOCK_STREAM):
[2026-05-07T13:09:34.597+0000] {subprocess.py:93} INFO -   File "/usr/local/lib/python3.8/socket.py", line 918, in getaddrinfo
[2026-05-07T13:09:34.601+0000] {subprocess.py:93} INFO -     for res in _socket.getaddrinfo(host, port, family, type, proto, flags):
[2026-05-07T13:09:34.612+0000] {subprocess.py:93} INFO - socket.gaierror: [Errno -5] No address associated with hostname
[2026-05-07T13:09:34.613+0000] {subprocess.py:93} INFO - 
[2026-05-07T13:09:34.628+0000] {subprocess.py:93} INFO - During handling of the above exception, another exception occurred:
[2026-05-07T13:09:34.646+0000] {subprocess.py:93} INFO - 
[2026-05-07T13:09:34.647+0000] {subprocess.py:93} INFO - Traceback (most recent call last):
[2026-05-07T13:09:34.663+0000] {subprocess.py:93} INFO -   File "/home/***/.local/lib/python3.8/site-packages/urllib3/connectionpool.py", line 715, in urlopen
[2026-05-07T13:09:34.676+0000] {subprocess.py:93} INFO -     httplib_response = self._make_request(
[2026-05-07T13:09:34.677+0000] {subprocess.py:93} INFO -   File "/home/***/.local/lib/python3.8/site-packages/urllib3/connectionpool.py", line 404, in _make_request
[2026-05-07T13:09:34.679+0000] {subprocess.py:93} INFO -     self._validate_conn(conn)
[2026-05-07T13:09:34.680+0000] {subprocess.py:93} INFO -   File "/home/***/.local/lib/python3.8/site-packages/urllib3/connectionpool.py", line 1058, in _validate_conn
[2026-05-07T13:09:34.681+0000] {subprocess.py:93} INFO -     conn.connect()
[2026-05-07T13:09:34.683+0000] {subprocess.py:93} INFO -   File "/home/***/.local/lib/python3.8/site-packages/urllib3/connection.py", line 363, in connect
[2026-05-07T13:09:34.693+0000] {subprocess.py:93} INFO -     self.sock = conn = self._new_conn()
[2026-05-07T13:09:34.697+0000] {subprocess.py:93} INFO -   File "/home/***/.local/lib/python3.8/site-packages/urllib3/connection.py", line 186, in _new_conn
[2026-05-07T13:09:34.712+0000] {subprocess.py:93} INFO -     raise NewConnectionError(
[2026-05-07T13:09:34.728+0000] {subprocess.py:93} INFO - urllib3.exceptions.NewConnectionError: <urllib3.connection.HTTPSConnection object at 0x71a370fe7580>: Failed to establish a new connection: [Errno -5] No address associated with hostname
[2026-05-07T13:09:34.730+0000] {subprocess.py:93} INFO - 
[2026-05-07T13:09:34.741+0000] {subprocess.py:93} INFO - During handling of the above exception, another exception occurred:
[2026-05-07T13:09:34.744+0000] {subprocess.py:93} INFO - 
[2026-05-07T13:09:34.745+0000] {subprocess.py:93} INFO - Traceback (most recent call last):
[2026-05-07T13:09:34.757+0000] {subprocess.py:93} INFO -   File "/home/***/.local/lib/python3.8/site-packages/requests/adapters.py", line 486, in send
[2026-05-07T13:09:34.759+0000] {subprocess.py:93} INFO -     resp = conn.urlopen(
[2026-05-07T13:09:34.772+0000] {subprocess.py:93} INFO -   File "/home/***/.local/lib/python3.8/site-packages/urllib3/connectionpool.py", line 799, in urlopen
[2026-05-07T13:09:34.774+0000] {subprocess.py:93} INFO -     retries = retries.increment(
[2026-05-07T13:09:34.775+0000] {subprocess.py:93} INFO -   File "/home/***/.local/lib/python3.8/site-packages/urllib3/util/retry.py", line 592, in increment
[2026-05-07T13:09:34.777+0000] {subprocess.py:93} INFO -     raise MaxRetryError(_pool, url, error or ResponseError(cause))
[2026-05-07T13:09:34.778+0000] {subprocess.py:93} INFO - urllib3.exceptions.MaxRetryError: HTTPSConnectionPool(host='chromedriver.storage.googleapis.com', port=443): Max retries exceeded with url: /LATEST_RELEASE (Caused by NewConnectionError('<urllib3.connection.HTTPSConnection object at 0x71a370fe7580>: Failed to establish a new connection: [Errno -5] No address associated with hostname'))
[2026-05-07T13:09:34.779+0000] {subprocess.py:93} INFO - 
[2026-05-07T13:09:34.789+0000] {subprocess.py:93} INFO - During handling of the above exception, another exception occurred:
[2026-05-07T13:09:34.791+0000] {subprocess.py:93} INFO - 
[2026-05-07T13:09:34.792+0000] {subprocess.py:93} INFO - Traceback (most recent call last):
[2026-05-07T13:09:34.793+0000] {subprocess.py:93} INFO -   File "/home/***/.local/lib/python3.8/site-packages/webdriver_manager/core/http.py", line 32, in get
[2026-05-07T13:09:34.795+0000] {subprocess.py:93} INFO -     resp = requests.get(
[2026-05-07T13:09:34.805+0000] {subprocess.py:93} INFO -   File "/home/***/.local/lib/python3.8/site-packages/requests/api.py", line 73, in get
[2026-05-07T13:09:34.811+0000] {subprocess.py:93} INFO -     return request("get", url, params=params, **kwargs)
[2026-05-07T13:09:34.813+0000] {subprocess.py:93} INFO -   File "/home/***/.local/lib/python3.8/site-packages/requests/api.py", line 59, in request
[2026-05-07T13:09:34.814+0000] {subprocess.py:93} INFO -     return session.request(method=method, url=url, **kwargs)
[2026-05-07T13:09:34.820+0000] {subprocess.py:93} INFO -   File "/home/***/.local/lib/python3.8/site-packages/requests/sessions.py", line 589, in request
[2026-05-07T13:09:34.824+0000] {subprocess.py:93} INFO -     resp = self.send(prep, **send_kwargs)
[2026-05-07T13:09:34.836+0000] {subprocess.py:93} INFO -   File "/home/***/.local/lib/python3.8/site-packages/requests/sessions.py", line 703, in send
[2026-05-07T13:09:34.839+0000] {subprocess.py:93} INFO -     r = adapter.send(request, **kwargs)
[2026-05-07T13:09:34.840+0000] {subprocess.py:93} INFO -   File "/home/***/.local/lib/python3.8/site-packages/requests/adapters.py", line 519, in send
[2026-05-07T13:09:34.842+0000] {subprocess.py:93} INFO -     raise ConnectionError(e, request=request)
[2026-05-07T13:09:34.844+0000] {subprocess.py:93} INFO - requests.exceptions.ConnectionError: HTTPSConnectionPool(host='chromedriver.storage.googleapis.com', port=443): Max retries exceeded with url: /LATEST_RELEASE (Caused by NewConnectionError('<urllib3.connection.HTTPSConnection object at 0x71a370fe7580>: Failed to establish a new connection: [Errno -5] No address associated with hostname'))
[2026-05-07T13:09:34.845+0000] {subprocess.py:93} INFO - 
[2026-05-07T13:09:34.856+0000] {subprocess.py:93} INFO - During handling of the above exception, another exception occurred:
[2026-05-07T13:09:34.857+0000] {subprocess.py:93} INFO - 
[2026-05-07T13:09:34.858+0000] {subprocess.py:93} INFO - Traceback (most recent call last):
[2026-05-07T13:09:34.859+0000] {subprocess.py:93} INFO -   File "scrapers/spiders/electroplanet_ma.py", line 162, in <module>
[2026-05-07T13:09:34.871+0000] {subprocess.py:93} INFO -     scrape_electroplanet()
[2026-05-07T13:09:34.886+0000] {subprocess.py:93} INFO -   File "scrapers/spiders/electroplanet_ma.py", line 73, in scrape_electroplanet
[2026-05-07T13:09:34.888+0000] {subprocess.py:93} INFO -     driver = get_driver()
[2026-05-07T13:09:34.904+0000] {subprocess.py:93} INFO -   File "scrapers/spiders/electroplanet_ma.py", line 63, in get_driver
[2026-05-07T13:09:34.905+0000] {subprocess.py:93} INFO -     return webdriver.Chrome(service=Service(ChromeDriverManager().install()), options=opts)
[2026-05-07T13:09:34.919+0000] {subprocess.py:93} INFO -   File "/home/***/.local/lib/python3.8/site-packages/webdriver_manager/chrome.py", line 40, in install
[2026-05-07T13:09:34.920+0000] {subprocess.py:93} INFO -     driver_path = self._get_driver_binary_path(self.driver)
[2026-05-07T13:09:34.921+0000] {subprocess.py:93} INFO -   File "/home/***/.local/lib/python3.8/site-packages/webdriver_manager/core/manager.py", line 40, in _get_driver_binary_path
[2026-05-07T13:09:34.922+0000] {subprocess.py:93} INFO -     file = self._download_manager.download_file(driver.get_driver_download_url(os_type))
[2026-05-07T13:09:34.934+0000] {subprocess.py:93} INFO -   File "/home/***/.local/lib/python3.8/site-packages/webdriver_manager/drivers/chrome.py", line 32, in get_driver_download_url
[2026-05-07T13:09:34.944+0000] {subprocess.py:93} INFO -     driver_version_to_download = self.get_driver_version_to_download()
[2026-05-07T13:09:34.952+0000] {subprocess.py:93} INFO -   File "/home/***/.local/lib/python3.8/site-packages/webdriver_manager/core/driver.py", line 48, in get_driver_version_to_download
[2026-05-07T13:09:34.953+0000] {subprocess.py:93} INFO -     return self.get_latest_release_version()
[2026-05-07T13:09:34.967+0000] {subprocess.py:93} INFO -   File "/home/***/.local/lib/python3.8/site-packages/webdriver_manager/drivers/chrome.py", line 70, in get_latest_release_version
[2026-05-07T13:09:34.969+0000] {subprocess.py:93} INFO -     resp = self._http_client.get(url=latest_release_url)
[2026-05-07T13:09:34.971+0000] {subprocess.py:93} INFO -   File "/home/***/.local/lib/python3.8/site-packages/webdriver_manager/core/http.py", line 35, in get
[2026-05-07T13:09:34.972+0000] {subprocess.py:93} INFO -     raise exceptions.ConnectionError(f"Could not reach host. Are you offline?")
[2026-05-07T13:09:34.999+0000] {subprocess.py:93} INFO - requests.exceptions.ConnectionError: Could not reach host. Are you offline?
[2026-05-07T13:09:35.000+0000] {subprocess.py:93} INFO - Electroplanet done with warnings
[2026-05-07T13:09:35.002+0000] {subprocess.py:97} INFO - Command exited with return code 0
[2026-05-07T13:09:35.397+0000] {taskinstance.py:1138} INFO - Marking task as SUCCESS. dag_id=price_intelligence_pipeline, task_id=scrape_electroplanet, execution_date=20260506T220000, start_date=20260507T130910, end_date=20260507T130935
[2026-05-07T13:09:35.556+0000] {local_task_job_runner.py:234} INFO - Task exited with return code 0
[2026-05-07T13:09:35.813+0000] {taskinstance.py:3280} INFO - 1 downstream tasks scheduled from follow-on schedule check
