[2026-05-07T16:00:04.613+0000] {taskinstance.py:1956} INFO - Dependencies all met for dep_context=non-requeueable deps ti=<TaskInstance: price_intelligence_pipeline.scrape_avito scheduled__2026-05-07T15:00:00+00:00 [queued]>
[2026-05-07T16:00:04.876+0000] {taskinstance.py:1956} INFO - Dependencies all met for dep_context=requeueable deps ti=<TaskInstance: price_intelligence_pipeline.scrape_avito scheduled__2026-05-07T15:00:00+00:00 [queued]>
[2026-05-07T16:00:04.883+0000] {taskinstance.py:2170} INFO - Starting attempt 1 of 2
[2026-05-07T16:00:05.198+0000] {taskinstance.py:2191} INFO - Executing <Task(BashOperator): scrape_avito> on 2026-05-07 15:00:00+00:00
[2026-05-07T16:00:05.291+0000] {standard_task_runner.py:60} INFO - Started process 29254 to run task
[2026-05-07T16:00:05.296+0000] {standard_task_runner.py:87} INFO - Running: ['***', 'tasks', 'run', 'price_intelligence_pipeline', 'scrape_avito', 'scheduled__2026-05-07T15:00:00+00:00', '--job-id', '678', '--raw', '--subdir', 'DAGS_FOLDER/price_intelligence_dag.py', '--cfg-path', '/tmp/tmpxdkr2306']
[2026-05-07T16:00:05.340+0000] {standard_task_runner.py:88} INFO - Job 678: Subtask scrape_avito
[2026-05-07T16:00:06.243+0000] {task_command.py:423} INFO - Running <TaskInstance: price_intelligence_pipeline.scrape_avito scheduled__2026-05-07T15:00:00+00:00 [running]> on host 25ef6dfa8bdc
[2026-05-07T16:00:07.225+0000] {taskinstance.py:2480} INFO - Exporting env vars: AIRFLOW_CTX_DAG_OWNER='***' AIRFLOW_CTX_DAG_ID='price_intelligence_pipeline' AIRFLOW_CTX_TASK_ID='scrape_avito' AIRFLOW_CTX_EXECUTION_DATE='2026-05-07T15:00:00+00:00' AIRFLOW_CTX_TRY_NUMBER='1' AIRFLOW_CTX_DAG_RUN_ID='scheduled__2026-05-07T15:00:00+00:00'
[2026-05-07T16:00:07.242+0000] {subprocess.py:63} INFO - Tmp dir root location: /tmp
[2026-05-07T16:00:07.257+0000] {subprocess.py:75} INFO - Running command: ['/usr/bin/bash', '-c', '\n            cd /opt/***\n            mkdir -p data/raw\n            export DISPLAY=:99\n            python3 scrapers/spiders/avito_ma.py || echo "Avito done with warnings"\n        ']
[2026-05-07T16:00:07.387+0000] {subprocess.py:86} INFO - Output:
[2026-05-07T16:00:15.786+0000] {subprocess.py:93} INFO - Traceback (most recent call last):
[2026-05-07T16:00:15.796+0000] {subprocess.py:93} INFO -   File "/home/***/.local/lib/python3.8/site-packages/urllib3/connection.py", line 174, in _new_conn
[2026-05-07T16:00:15.799+0000] {subprocess.py:93} INFO -     conn = connection.create_connection(
[2026-05-07T16:00:15.813+0000] {subprocess.py:93} INFO -   File "/home/***/.local/lib/python3.8/site-packages/urllib3/util/connection.py", line 72, in create_connection
[2026-05-07T16:00:15.815+0000] {subprocess.py:93} INFO -     for res in socket.getaddrinfo(host, port, family, socket.SOCK_STREAM):
[2026-05-07T16:00:15.818+0000] {subprocess.py:93} INFO -   File "/usr/local/lib/python3.8/socket.py", line 918, in getaddrinfo
[2026-05-07T16:00:15.831+0000] {subprocess.py:93} INFO -     for res in _socket.getaddrinfo(host, port, family, type, proto, flags):
[2026-05-07T16:00:15.869+0000] {subprocess.py:93} INFO - socket.gaierror: [Errno -5] No address associated with hostname
[2026-05-07T16:00:15.874+0000] {subprocess.py:93} INFO - 
[2026-05-07T16:00:15.889+0000] {subprocess.py:93} INFO - During handling of the above exception, another exception occurred:
[2026-05-07T16:00:15.895+0000] {subprocess.py:93} INFO - 
[2026-05-07T16:00:15.897+0000] {subprocess.py:93} INFO - Traceback (most recent call last):
[2026-05-07T16:00:15.912+0000] {subprocess.py:93} INFO -   File "/home/***/.local/lib/python3.8/site-packages/urllib3/connectionpool.py", line 715, in urlopen
[2026-05-07T16:00:15.914+0000] {subprocess.py:93} INFO -     httplib_response = self._make_request(
[2026-05-07T16:00:15.917+0000] {subprocess.py:93} INFO -   File "/home/***/.local/lib/python3.8/site-packages/urllib3/connectionpool.py", line 404, in _make_request
[2026-05-07T16:00:15.930+0000] {subprocess.py:93} INFO -     self._validate_conn(conn)
[2026-05-07T16:00:15.944+0000] {subprocess.py:93} INFO -   File "/home/***/.local/lib/python3.8/site-packages/urllib3/connectionpool.py", line 1058, in _validate_conn
[2026-05-07T16:00:15.946+0000] {subprocess.py:93} INFO -     conn.connect()
[2026-05-07T16:00:15.948+0000] {subprocess.py:93} INFO -   File "/home/***/.local/lib/python3.8/site-packages/urllib3/connection.py", line 363, in connect
[2026-05-07T16:00:15.962+0000] {subprocess.py:93} INFO -     self.sock = conn = self._new_conn()
[2026-05-07T16:00:15.964+0000] {subprocess.py:93} INFO -   File "/home/***/.local/lib/python3.8/site-packages/urllib3/connection.py", line 186, in _new_conn
[2026-05-07T16:00:15.966+0000] {subprocess.py:93} INFO -     raise NewConnectionError(
[2026-05-07T16:00:15.967+0000] {subprocess.py:93} INFO - urllib3.exceptions.NewConnectionError: <urllib3.connection.HTTPSConnection object at 0x736385883fa0>: Failed to establish a new connection: [Errno -5] No address associated with hostname
[2026-05-07T16:00:15.981+0000] {subprocess.py:93} INFO - 
[2026-05-07T16:00:15.984+0000] {subprocess.py:93} INFO - During handling of the above exception, another exception occurred:
[2026-05-07T16:00:16.002+0000] {subprocess.py:93} INFO - 
[2026-05-07T16:00:16.007+0000] {subprocess.py:93} INFO - Traceback (most recent call last):
[2026-05-07T16:00:16.012+0000] {subprocess.py:93} INFO -   File "/home/***/.local/lib/python3.8/site-packages/requests/adapters.py", line 486, in send
[2026-05-07T16:00:16.022+0000] {subprocess.py:93} INFO -     resp = conn.urlopen(
[2026-05-07T16:00:16.032+0000] {subprocess.py:93} INFO -   File "/home/***/.local/lib/python3.8/site-packages/urllib3/connectionpool.py", line 799, in urlopen
[2026-05-07T16:00:16.043+0000] {subprocess.py:93} INFO -     retries = retries.increment(
[2026-05-07T16:00:16.045+0000] {subprocess.py:93} INFO -   File "/home/***/.local/lib/python3.8/site-packages/urllib3/util/retry.py", line 592, in increment
[2026-05-07T16:00:16.049+0000] {subprocess.py:93} INFO -     raise MaxRetryError(_pool, url, error or ResponseError(cause))
[2026-05-07T16:00:16.050+0000] {subprocess.py:93} INFO - urllib3.exceptions.MaxRetryError: HTTPSConnectionPool(host='chromedriver.storage.googleapis.com', port=443): Max retries exceeded with url: /LATEST_RELEASE (Caused by NewConnectionError('<urllib3.connection.HTTPSConnection object at 0x736385883fa0>: Failed to establish a new connection: [Errno -5] No address associated with hostname'))
[2026-05-07T16:00:16.061+0000] {subprocess.py:93} INFO - 
[2026-05-07T16:00:16.065+0000] {subprocess.py:93} INFO - During handling of the above exception, another exception occurred:
[2026-05-07T16:00:16.066+0000] {subprocess.py:93} INFO - 
[2026-05-07T16:00:16.079+0000] {subprocess.py:93} INFO - Traceback (most recent call last):
[2026-05-07T16:00:16.091+0000] {subprocess.py:93} INFO -   File "/home/***/.local/lib/python3.8/site-packages/webdriver_manager/core/http.py", line 32, in get
[2026-05-07T16:00:16.098+0000] {subprocess.py:93} INFO -     resp = requests.get(
[2026-05-07T16:00:16.099+0000] {subprocess.py:93} INFO -   File "/home/***/.local/lib/python3.8/site-packages/requests/api.py", line 73, in get
[2026-05-07T16:00:16.100+0000] {subprocess.py:93} INFO -     return request("get", url, params=params, **kwargs)
[2026-05-07T16:00:16.106+0000] {subprocess.py:93} INFO -   File "/home/***/.local/lib/python3.8/site-packages/requests/api.py", line 59, in request
[2026-05-07T16:00:16.115+0000] {subprocess.py:93} INFO -     return session.request(method=method, url=url, **kwargs)
[2026-05-07T16:00:16.132+0000] {subprocess.py:93} INFO -   File "/home/***/.local/lib/python3.8/site-packages/requests/sessions.py", line 589, in request
[2026-05-07T16:00:16.139+0000] {subprocess.py:93} INFO -     resp = self.send(prep, **send_kwargs)
[2026-05-07T16:00:16.147+0000] {subprocess.py:93} INFO -   File "/home/***/.local/lib/python3.8/site-packages/requests/sessions.py", line 703, in send
[2026-05-07T16:00:16.149+0000] {subprocess.py:93} INFO -     r = adapter.send(request, **kwargs)
[2026-05-07T16:00:16.151+0000] {subprocess.py:93} INFO -   File "/home/***/.local/lib/python3.8/site-packages/requests/adapters.py", line 519, in send
[2026-05-07T16:00:16.153+0000] {subprocess.py:93} INFO -     raise ConnectionError(e, request=request)
[2026-05-07T16:00:16.156+0000] {subprocess.py:93} INFO - requests.exceptions.ConnectionError: HTTPSConnectionPool(host='chromedriver.storage.googleapis.com', port=443): Max retries exceeded with url: /LATEST_RELEASE (Caused by NewConnectionError('<urllib3.connection.HTTPSConnection object at 0x736385883fa0>: Failed to establish a new connection: [Errno -5] No address associated with hostname'))
[2026-05-07T16:00:16.164+0000] {subprocess.py:93} INFO - 
[2026-05-07T16:00:16.170+0000] {subprocess.py:93} INFO - During handling of the above exception, another exception occurred:
[2026-05-07T16:00:16.178+0000] {subprocess.py:93} INFO - 
[2026-05-07T16:00:16.183+0000] {subprocess.py:93} INFO - Traceback (most recent call last):
[2026-05-07T16:00:16.184+0000] {subprocess.py:93} INFO -   File "scrapers/spiders/avito_ma.py", line 93, in <module>
[2026-05-07T16:00:16.185+0000] {subprocess.py:93} INFO -     scrape_avito()
[2026-05-07T16:00:16.193+0000] {subprocess.py:93} INFO -   File "scrapers/spiders/avito_ma.py", line 25, in scrape_avito
[2026-05-07T16:00:16.202+0000] {subprocess.py:93} INFO -     driver = webdriver.Chrome(service=Service(ChromeDriverManager().install()), options=options)
[2026-05-07T16:00:16.207+0000] {subprocess.py:93} INFO -   File "/home/***/.local/lib/python3.8/site-packages/webdriver_manager/chrome.py", line 40, in install
[2026-05-07T16:00:16.209+0000] {subprocess.py:93} INFO -     driver_path = self._get_driver_binary_path(self.driver)
[2026-05-07T16:00:16.210+0000] {subprocess.py:93} INFO -   File "/home/***/.local/lib/python3.8/site-packages/webdriver_manager/core/manager.py", line 40, in _get_driver_binary_path
[2026-05-07T16:00:16.212+0000] {subprocess.py:93} INFO -     file = self._download_manager.download_file(driver.get_driver_download_url(os_type))
[2026-05-07T16:00:16.218+0000] {subprocess.py:93} INFO -   File "/home/***/.local/lib/python3.8/site-packages/webdriver_manager/drivers/chrome.py", line 32, in get_driver_download_url
[2026-05-07T16:00:16.232+0000] {subprocess.py:93} INFO -     driver_version_to_download = self.get_driver_version_to_download()
[2026-05-07T16:00:16.234+0000] {subprocess.py:93} INFO -   File "/home/***/.local/lib/python3.8/site-packages/webdriver_manager/core/driver.py", line 48, in get_driver_version_to_download
[2026-05-07T16:00:16.246+0000] {subprocess.py:93} INFO -     return self.get_latest_release_version()
[2026-05-07T16:00:16.250+0000] {subprocess.py:93} INFO -   File "/home/***/.local/lib/python3.8/site-packages/webdriver_manager/drivers/chrome.py", line 70, in get_latest_release_version
[2026-05-07T16:00:16.300+0000] {subprocess.py:93} INFO -     resp = self._http_client.get(url=latest_release_url)
[2026-05-07T16:00:16.310+0000] {subprocess.py:93} INFO -   File "/home/***/.local/lib/python3.8/site-packages/webdriver_manager/core/http.py", line 35, in get
[2026-05-07T16:00:16.313+0000] {subprocess.py:93} INFO -     raise exceptions.ConnectionError(f"Could not reach host. Are you offline?")
[2026-05-07T16:00:16.317+0000] {subprocess.py:93} INFO - requests.exceptions.ConnectionError: Could not reach host. Are you offline?
[2026-05-07T16:00:16.318+0000] {subprocess.py:93} INFO - Avito done with warnings
[2026-05-07T16:00:16.319+0000] {subprocess.py:97} INFO - Command exited with return code 0
[2026-05-07T16:00:16.852+0000] {taskinstance.py:1138} INFO - Marking task as SUCCESS. dag_id=price_intelligence_pipeline, task_id=scrape_avito, execution_date=20260507T150000, start_date=20260507T160004, end_date=20260507T160016
[2026-05-07T16:00:17.106+0000] {local_task_job_runner.py:234} INFO - Task exited with return code 0
[2026-05-07T16:00:17.304+0000] {taskinstance.py:3280} INFO - 1 downstream tasks scheduled from follow-on schedule check
