[2026-05-07T23:09:40.416+0000] {taskinstance.py:1956} INFO - Dependencies all met for dep_context=non-requeueable deps ti=<TaskInstance: price_intelligence_pipeline.dbt_run scheduled__2026-05-07T22:00:00+00:00 [queued]>
[2026-05-07T23:09:40.435+0000] {taskinstance.py:1956} INFO - Dependencies all met for dep_context=requeueable deps ti=<TaskInstance: price_intelligence_pipeline.dbt_run scheduled__2026-05-07T22:00:00+00:00 [queued]>
[2026-05-07T23:09:40.436+0000] {taskinstance.py:2170} INFO - Starting attempt 1 of 2
[2026-05-07T23:09:40.470+0000] {taskinstance.py:2191} INFO - Executing <Task(BashOperator): dbt_run> on 2026-05-07 22:00:00+00:00
[2026-05-07T23:09:40.484+0000] {standard_task_runner.py:60} INFO - Started process 3935 to run task
[2026-05-07T23:09:40.496+0000] {standard_task_runner.py:87} INFO - Running: ['***', 'tasks', 'run', 'price_intelligence_pipeline', 'dbt_run', 'scheduled__2026-05-07T22:00:00+00:00', '--job-id', '758', '--raw', '--subdir', 'DAGS_FOLDER/price_intelligence_dag.py', '--cfg-path', '/tmp/tmpi9flhqc_']
[2026-05-07T23:09:40.503+0000] {standard_task_runner.py:88} INFO - Job 758: Subtask dbt_run
[2026-05-07T23:09:40.664+0000] {task_command.py:423} INFO - Running <TaskInstance: price_intelligence_pipeline.dbt_run scheduled__2026-05-07T22:00:00+00:00 [running]> on host 25ef6dfa8bdc
[2026-05-07T23:09:40.856+0000] {taskinstance.py:2480} INFO - Exporting env vars: AIRFLOW_CTX_DAG_OWNER='***' AIRFLOW_CTX_DAG_ID='price_intelligence_pipeline' AIRFLOW_CTX_TASK_ID='dbt_run' AIRFLOW_CTX_EXECUTION_DATE='2026-05-07T22:00:00+00:00' AIRFLOW_CTX_TRY_NUMBER='1' AIRFLOW_CTX_DAG_RUN_ID='scheduled__2026-05-07T22:00:00+00:00'
[2026-05-07T23:09:40.859+0000] {subprocess.py:63} INFO - Tmp dir root location: /tmp
[2026-05-07T23:09:40.862+0000] {subprocess.py:75} INFO - Running command: ['/usr/bin/bash', '-c', '\n            set -e\n            cd /opt/***/dbt\n            export GOOGLE_APPLICATION_CREDENTIALS=/opt/***/gcp-credentials-new.json\n            /home/***/.local/bin/dbt run --full-refresh --profiles-dir . --project-dir .\n            echo dbt done\n        ']
[2026-05-07T23:09:40.884+0000] {subprocess.py:86} INFO - Output:
[2026-05-07T23:09:45.697+0000] {subprocess.py:93} INFO - [0m23:09:45  Running with dbt=1.8.7
[2026-05-07T23:09:48.803+0000] {subprocess.py:93} INFO - [0m23:09:48  Registered adapter: bigquery=1.8.3
[2026-05-07T23:09:50.463+0000] {subprocess.py:93} INFO - [0m23:09:50  Found 3 models, 1 seed, 7 data tests, 1 source, 479 macros
[2026-05-07T23:09:50.471+0000] {subprocess.py:93} INFO - [0m23:09:50
[2026-05-07T23:09:52.655+0000] {subprocess.py:93} INFO - [0m23:09:52  Concurrency: 4 threads (target='dev')
[2026-05-07T23:09:52.663+0000] {subprocess.py:93} INFO - [0m23:09:52
[2026-05-07T23:09:52.722+0000] {subprocess.py:93} INFO - [0m23:09:52  1 of 3 START sql view model price_intelligence_dbt.stg_prices .................. [RUN]
[2026-05-07T23:09:56.550+0000] {subprocess.py:93} INFO - [0m23:09:56  BigQuery adapter: https://console.cloud.google.com/bigquery?project=project-32a82952-90fa-4dd7-b9c&j=bq:US:43705e20-58d4-42e8-b652-f2b37e84ea47&page=queryresults
[2026-05-07T23:09:56.591+0000] {subprocess.py:93} INFO - [0m23:09:56  1 of 3 ERROR creating sql view model price_intelligence_dbt.stg_prices ......... [[31mERROR[0m in 3.85s]
[2026-05-07T23:09:56.611+0000] {subprocess.py:93} INFO - [0m23:09:56  2 of 3 SKIP relation price_intelligence_dbt.prices_cleaned ..................... [[33mSKIP[0m]
[2026-05-07T23:09:56.622+0000] {subprocess.py:93} INFO - [0m23:09:56  3 of 3 SKIP relation price_intelligence_dbt.prices_aggregated .................. [[33mSKIP[0m]
[2026-05-07T23:09:56.642+0000] {subprocess.py:93} INFO - [0m23:09:56
[2026-05-07T23:09:56.644+0000] {subprocess.py:93} INFO - [0m23:09:56  Finished running 1 view model, 2 table models in 0 hours 0 minutes and 6.17 seconds (6.17s).
[2026-05-07T23:09:56.840+0000] {subprocess.py:93} INFO - [0m23:09:56
[2026-05-07T23:09:56.850+0000] {subprocess.py:93} INFO - [0m23:09:56  [31mCompleted with 1 error and 0 warnings:[0m
[2026-05-07T23:09:56.851+0000] {subprocess.py:93} INFO - [0m23:09:56
[2026-05-07T23:09:56.853+0000] {subprocess.py:93} INFO - [0m23:09:56    Database Error in model stg_prices (models/staging/stg_prices.sql)
[2026-05-07T23:09:56.855+0000] {subprocess.py:93} INFO -   Unrecognized name: old_price at [11:10]
[2026-05-07T23:09:56.856+0000] {subprocess.py:93} INFO -   compiled code at target/run/price_intelligence/models/staging/stg_prices.sql
[2026-05-07T23:09:56.859+0000] {subprocess.py:93} INFO - [0m23:09:56
[2026-05-07T23:09:56.861+0000] {subprocess.py:93} INFO - [0m23:09:56  Done. PASS=0 WARN=0 ERROR=1 SKIP=2 TOTAL=3
[2026-05-07T23:10:03.749+0000] {subprocess.py:97} INFO - Command exited with return code 1
[2026-05-07T23:10:03.807+0000] {taskinstance.py:2698} ERROR - Task failed with exception
Traceback (most recent call last):
  File "/home/airflow/.local/lib/python3.8/site-packages/airflow/models/taskinstance.py", line 428, in _execute_task
    result = execute_callable(context=context, **execute_callable_kwargs)
  File "/home/airflow/.local/lib/python3.8/site-packages/airflow/operators/bash.py", line 212, in execute
    raise AirflowException(
airflow.exceptions.AirflowException: Bash command failed. The command returned a non-zero exit code 1.
[2026-05-07T23:10:03.823+0000] {taskinstance.py:1138} INFO - Marking task as UP_FOR_RETRY. dag_id=price_intelligence_pipeline, task_id=dbt_run, execution_date=20260507T220000, start_date=20260507T230940, end_date=20260507T231003
[2026-05-07T23:10:03.892+0000] {standard_task_runner.py:107} ERROR - Failed to execute job 758 for task dbt_run (Bash command failed. The command returned a non-zero exit code 1.; 3935)
[2026-05-07T23:10:03.962+0000] {local_task_job_runner.py:234} INFO - Task exited with return code 1
[2026-05-07T23:10:04.055+0000] {taskinstance.py:3280} INFO - 0 downstream tasks scheduled from follow-on schedule check
