[2026-05-20T14:01:10.855+0000] {taskinstance.py:1956} INFO - Dependencies all met for dep_context=non-requeueable deps ti=<TaskInstance: price_intelligence_pipeline.dbt_run scheduled__2026-05-20T13:00:00+00:00 [queued]>
[2026-05-20T14:01:10.877+0000] {taskinstance.py:1956} INFO - Dependencies all met for dep_context=requeueable deps ti=<TaskInstance: price_intelligence_pipeline.dbt_run scheduled__2026-05-20T13:00:00+00:00 [queued]>
[2026-05-20T14:01:10.878+0000] {taskinstance.py:2170} INFO - Starting attempt 1 of 2
[2026-05-20T14:01:10.913+0000] {taskinstance.py:2191} INFO - Executing <Task(BashOperator): dbt_run> on 2026-05-20 13:00:00+00:00
[2026-05-20T14:01:10.925+0000] {standard_task_runner.py:60} INFO - Started process 62550 to run task
[2026-05-20T14:01:10.934+0000] {standard_task_runner.py:87} INFO - Running: ['***', 'tasks', 'run', 'price_intelligence_pipeline', 'dbt_run', 'scheduled__2026-05-20T13:00:00+00:00', '--job-id', '1553', '--raw', '--subdir', 'DAGS_FOLDER/price_intelligence_dag.py', '--cfg-path', '/tmp/tmpmr68zezk']
[2026-05-20T14:01:10.939+0000] {standard_task_runner.py:88} INFO - Job 1553: Subtask dbt_run
[2026-05-20T14:01:11.095+0000] {task_command.py:423} INFO - Running <TaskInstance: price_intelligence_pipeline.dbt_run scheduled__2026-05-20T13:00:00+00:00 [running]> on host 91e0d3a0a233
[2026-05-20T14:01:11.332+0000] {taskinstance.py:2480} INFO - Exporting env vars: AIRFLOW_CTX_DAG_OWNER='***' AIRFLOW_CTX_DAG_ID='price_intelligence_pipeline' AIRFLOW_CTX_TASK_ID='dbt_run' AIRFLOW_CTX_EXECUTION_DATE='2026-05-20T13:00:00+00:00' AIRFLOW_CTX_TRY_NUMBER='1' AIRFLOW_CTX_DAG_RUN_ID='scheduled__2026-05-20T13:00:00+00:00'
[2026-05-20T14:01:11.336+0000] {subprocess.py:63} INFO - Tmp dir root location: /tmp
[2026-05-20T14:01:11.338+0000] {subprocess.py:75} INFO - Running command: ['/usr/bin/bash', '-c', '\n            set -e\n            cd /opt/***/dbt\n            export GOOGLE_APPLICATION_CREDENTIALS=/opt/***/gcp-credentials-new.json\n            /home/***/.local/bin/dbt run --full-refresh --profiles-dir . --project-dir .\n            echo dbt done\n        ']
[2026-05-20T14:01:11.360+0000] {subprocess.py:86} INFO - Output:
[2026-05-20T14:01:15.687+0000] {subprocess.py:93} INFO - [0m14:01:15  Running with dbt=1.8.7
[2026-05-20T14:01:18.905+0000] {subprocess.py:93} INFO - [0m14:01:18  Registered adapter: bigquery=1.8.3
[2026-05-20T14:01:21.243+0000] {subprocess.py:93} INFO - [0m14:01:21  Found 3 models, 1 seed, 7 data tests, 1 source, 479 macros
[2026-05-20T14:01:21.250+0000] {subprocess.py:93} INFO - [0m14:01:21
[2026-05-20T14:01:23.442+0000] {subprocess.py:93} INFO - [0m14:01:23  Concurrency: 4 threads (target='dev')
[2026-05-20T14:01:23.444+0000] {subprocess.py:93} INFO - [0m14:01:23
[2026-05-20T14:01:23.466+0000] {subprocess.py:93} INFO - [0m14:01:23  1 of 3 START sql view model price_intelligence_dbt.stg_prices .................. [RUN]
[2026-05-20T14:01:25.781+0000] {subprocess.py:93} INFO - [0m14:01:25  1 of 3 OK created sql view model price_intelligence_dbt.stg_prices ............. [[32mCREATE VIEW (0 processed)[0m in 2.31s]
[2026-05-20T14:01:25.785+0000] {subprocess.py:93} INFO - [0m14:01:25  2 of 3 START sql table model price_intelligence_dbt.prices_cleaned ............. [RUN]
[2026-05-20T14:01:30.402+0000] {subprocess.py:93} INFO - [0m14:01:30  2 of 3 OK created sql table model price_intelligence_dbt.prices_cleaned ........ [[32mCREATE TABLE (5.0k rows, 2.6 MiB processed)[0m in 4.62s]
[2026-05-20T14:01:30.408+0000] {subprocess.py:93} INFO - [0m14:01:30  3 of 3 START sql table model price_intelligence_dbt.prices_aggregated .......... [RUN]
[2026-05-20T14:01:34.150+0000] {subprocess.py:93} INFO - [0m14:01:34  3 of 3 OK created sql table model price_intelligence_dbt.prices_aggregated ..... [[32mCREATE TABLE (11.0 rows, 231.8 KiB processed)[0m in 3.74s]
[2026-05-20T14:01:34.159+0000] {subprocess.py:93} INFO - [0m14:01:34
[2026-05-20T14:01:34.160+0000] {subprocess.py:93} INFO - [0m14:01:34  Finished running 1 view model, 2 table models in 0 hours 0 minutes and 12.91 seconds (12.91s).
[2026-05-20T14:01:34.270+0000] {subprocess.py:93} INFO - [0m14:01:34
[2026-05-20T14:01:34.272+0000] {subprocess.py:93} INFO - [0m14:01:34  [32mCompleted successfully[0m
[2026-05-20T14:01:34.273+0000] {subprocess.py:93} INFO - [0m14:01:34
[2026-05-20T14:01:34.275+0000] {subprocess.py:93} INFO - [0m14:01:34  Done. PASS=3 WARN=0 ERROR=0 SKIP=0 TOTAL=3
[2026-05-20T14:01:39.123+0000] {subprocess.py:93} INFO - dbt done
[2026-05-20T14:01:39.142+0000] {subprocess.py:97} INFO - Command exited with return code 0
[2026-05-20T14:01:39.263+0000] {taskinstance.py:1138} INFO - Marking task as SUCCESS. dag_id=price_intelligence_pipeline, task_id=dbt_run, execution_date=20260520T130000, start_date=20260520T140110, end_date=20260520T140139
[2026-05-20T14:01:39.329+0000] {local_task_job_runner.py:234} INFO - Task exited with return code 0
[2026-05-20T14:01:39.423+0000] {taskinstance.py:3280} INFO - 1 downstream tasks scheduled from follow-on schedule check
