[2026-05-02T12:01:03.766+0000] {taskinstance.py:1956} INFO - Dependencies all met for dep_context=non-requeueable deps ti=<TaskInstance: price_intelligence_pipeline.load_bigtable scheduled__2026-05-01T08:00:00+00:00 [queued]>
[2026-05-02T12:01:03.806+0000] {taskinstance.py:1956} INFO - Dependencies all met for dep_context=requeueable deps ti=<TaskInstance: price_intelligence_pipeline.load_bigtable scheduled__2026-05-01T08:00:00+00:00 [queued]>
[2026-05-02T12:01:03.816+0000] {taskinstance.py:2170} INFO - Starting attempt 1 of 3
[2026-05-02T12:01:03.904+0000] {taskinstance.py:2191} INFO - Executing <Task(PythonOperator): load_bigtable> on 2026-05-01 08:00:00+00:00
[2026-05-02T12:01:03.929+0000] {standard_task_runner.py:60} INFO - Started process 3214 to run task
[2026-05-02T12:01:03.950+0000] {standard_task_runner.py:87} INFO - Running: ['***', 'tasks', 'run', 'price_intelligence_pipeline', 'load_bigtable', 'scheduled__2026-05-01T08:00:00+00:00', '--job-id', '147', '--raw', '--subdir', 'DAGS_FOLDER/price_intelligence_dag.py', '--cfg-path', '/tmp/tmph6si_xus']
[2026-05-02T12:01:03.991+0000] {standard_task_runner.py:88} INFO - Job 147: Subtask load_bigtable
[2026-05-02T12:01:04.278+0000] {task_command.py:423} INFO - Running <TaskInstance: price_intelligence_pipeline.load_bigtable scheduled__2026-05-01T08:00:00+00:00 [running]> on host 25ef6dfa8bdc
[2026-05-02T12:01:04.767+0000] {taskinstance.py:2480} INFO - Exporting env vars: AIRFLOW_CTX_DAG_OWNER='price_intelligence' AIRFLOW_CTX_DAG_ID='price_intelligence_pipeline' AIRFLOW_CTX_TASK_ID='load_bigtable' AIRFLOW_CTX_EXECUTION_DATE='2026-05-01T08:00:00+00:00' AIRFLOW_CTX_TRY_NUMBER='1' AIRFLOW_CTX_DAG_RUN_ID='scheduled__2026-05-01T08:00:00+00:00'
[2026-05-02T12:01:04.825+0000] {_default.py:683} WARNING - No project ID could be determined. Consider running `gcloud config set project` or setting the GOOGLE_CLOUD_PROJECT environment variable
[2026-05-02T12:01:05.119+0000] {logging_mixin.py:188} INFO - 📦 Traitement jumia_ma: 4803 produits...
[2026-05-02T12:01:36.017+0000] {logging_mixin.py:188} INFO -   ✅ Batch de 500 produits envoyé!
[2026-05-02T12:01:49.529+0000] {logging_mixin.py:188} INFO -   ✅ Batch de 500 produits envoyé!
[2026-05-02T12:02:03.357+0000] {logging_mixin.py:188} INFO -   ✅ Batch de 500 produits envoyé!
[2026-05-02T12:02:10.408+0000] {logging_mixin.py:188} INFO -   ✅ Batch de 500 produits envoyé!
[2026-05-02T12:02:18.249+0000] {logging_mixin.py:188} INFO -   ✅ Batch de 500 produits envoyé!
[2026-05-02T12:02:23.423+0000] {logging_mixin.py:188} INFO -   ✅ Batch de 500 produits envoyé!
[2026-05-02T12:02:28.405+0000] {logging_mixin.py:188} INFO -   ✅ Batch de 500 produits envoyé!
[2026-05-02T12:02:33.875+0000] {logging_mixin.py:188} INFO -   ✅ Batch de 500 produits envoyé!
[2026-05-02T12:02:40.132+0000] {logging_mixin.py:188} INFO -   ✅ Batch de 500 produits envoyé!
[2026-05-02T12:02:40.548+0000] {logging_mixin.py:188} INFO - 📦 Traitement avito_ma: 1710 produits...
[2026-05-02T12:02:46.387+0000] {logging_mixin.py:188} INFO -   ✅ Batch de 500 produits envoyé!
[2026-05-02T12:02:55.421+0000] {logging_mixin.py:188} INFO -   ✅ Batch de 500 produits envoyé!
[2026-05-02T12:03:01.224+0000] {logging_mixin.py:188} INFO -   ✅ Batch de 500 produits envoyé!
[2026-05-02T12:03:05.971+0000] {logging_mixin.py:188} INFO -   ✅ Batch de 500 produits envoyé!
[2026-05-02T12:03:05.996+0000] {logging_mixin.py:188} INFO - 📦 Traitement amazon_ma: 794 produits...
[2026-05-02T12:03:12.640+0000] {logging_mixin.py:188} INFO -   ✅ Batch de 500 produits envoyé!
[2026-05-02T12:03:13.025+0000] {logging_mixin.py:188} INFO - 📦 Traitement electroplanet_ma: 179 produits...
[2026-05-02T12:03:18.841+0000] {logging_mixin.py:188} INFO -   ✅ Batch de 486 produits envoyé!
[2026-05-02T12:03:18.842+0000] {logging_mixin.py:188} INFO - 
✅ TOTAL: 7486 produits chargés dans Bigtable!
[2026-05-02T12:03:18.843+0000] {logging_mixin.py:188} INFO -    Column families: price_cf ✅ metadata_cf ✅ agg_cf ✅
[2026-05-02T12:03:18.844+0000] {logging_mixin.py:188} INFO -    Row key format: product_id#timestamp ✅
[2026-05-02T12:03:18.865+0000] {python.py:201} INFO - Done. Returned value was: 7486
[2026-05-02T12:03:18.928+0000] {taskinstance.py:1138} INFO - Marking task as SUCCESS. dag_id=price_intelligence_pipeline, task_id=load_bigtable, execution_date=20260501T080000, start_date=20260502T120103, end_date=20260502T120318
[2026-05-02T12:03:18.999+0000] {local_task_job_runner.py:234} INFO - Task exited with return code 0
[2026-05-02T12:03:19.089+0000] {taskinstance.py:3280} INFO - 1 downstream tasks scheduled from follow-on schedule check
