[2026-04-27T18:55:46.609+0000] {taskinstance.py:1956} INFO - Dependencies all met for dep_context=non-requeueable deps ti=<TaskInstance: price_intelligence_pipeline.quality_check scheduled__2026-04-26T08:00:00+00:00 [queued]>
[2026-04-27T18:55:46.631+0000] {taskinstance.py:1956} INFO - Dependencies all met for dep_context=requeueable deps ti=<TaskInstance: price_intelligence_pipeline.quality_check scheduled__2026-04-26T08:00:00+00:00 [queued]>
[2026-04-27T18:55:46.633+0000] {taskinstance.py:2170} INFO - Starting attempt 1 of 3
[2026-04-27T18:55:46.661+0000] {taskinstance.py:2191} INFO - Executing <Task(BashOperator): quality_check> on 2026-04-26 08:00:00+00:00
[2026-04-27T18:55:46.675+0000] {standard_task_runner.py:60} INFO - Started process 104782 to run task
[2026-04-27T18:55:46.681+0000] {standard_task_runner.py:87} INFO - Running: ['***', 'tasks', 'run', 'price_intelligence_pipeline', 'quality_check', 'scheduled__2026-04-26T08:00:00+00:00', '--job-id', '76', '--raw', '--subdir', 'DAGS_FOLDER/price_intelligence_dag.py', '--cfg-path', '/tmp/tmp1miumdwz']
[2026-04-27T18:55:46.688+0000] {standard_task_runner.py:88} INFO - Job 76: Subtask quality_check
[2026-04-27T18:55:46.820+0000] {task_command.py:423} INFO - Running <TaskInstance: price_intelligence_pipeline.quality_check scheduled__2026-04-26T08:00:00+00:00 [running]> on host f3ebc944c42b
[2026-04-27T18:55:47.052+0000] {taskinstance.py:2480} INFO - Exporting env vars: AIRFLOW_CTX_DAG_OWNER='price_intelligence' AIRFLOW_CTX_DAG_ID='price_intelligence_pipeline' AIRFLOW_CTX_TASK_ID='quality_check' AIRFLOW_CTX_EXECUTION_DATE='2026-04-26T08:00:00+00:00' AIRFLOW_CTX_TRY_NUMBER='1' AIRFLOW_CTX_DAG_RUN_ID='scheduled__2026-04-26T08:00:00+00:00'
[2026-04-27T18:55:47.056+0000] {subprocess.py:63} INFO - Tmp dir root location: /tmp
[2026-04-27T18:55:47.059+0000] {subprocess.py:75} INFO - Running command: ['/usr/bin/bash', '-c', '\n            python3 -c "\nimport json\n\ndata = json.load(open(\'/opt/***/data/cleaned/products_cleaned.json\'))\ntotal        = len(data)\nwith_price   = sum(1 for p in data if p.get(\'price\',0) > 0)\nwith_rating  = sum(1 for p in data if p.get(\'rating\',\'\'))\nwith_cat     = sum(1 for p in data if p.get(\'category\',\'\'))\ncompleteness = round(100.0 * with_price / total, 1) if total else 0\n\nprint(f\'╔══════════════════════════════════════╗\')\nprint(f\'║        QUALITY REPORT                ║\')\nprint(f\'║  Total produits   : {total:<6}           ║\')\nprint(f\'║  Avec prix        : {with_price:<6}           ║\')\nprint(f\'║  Avec rating      : {with_rating:<6}           ║\')\nprint(f\'║  Avec catégorie   : {with_cat:<6}           ║\')\nprint(f\'║  Price completeness: {completeness}%          ║\')\nprint(f\'╚══════════════════════════════════════╝\')\n\nassert completeness >= 80, f\'❌ Price completeness trop basse: {completeness}%\'\nprint(\'✅ Quality check PASSED!\')\n"\n        ']
[2026-04-27T18:55:47.080+0000] {subprocess.py:86} INFO - Output:
[2026-04-27T18:55:47.323+0000] {subprocess.py:93} INFO - ╔══════════════════════════════════════╗
[2026-04-27T18:55:47.324+0000] {subprocess.py:93} INFO - ║        QUALITY REPORT                ║
[2026-04-27T18:55:47.325+0000] {subprocess.py:93} INFO - ║  Total produits   : 6936             ║
[2026-04-27T18:55:47.326+0000] {subprocess.py:93} INFO - ║  Avec prix        : 6936             ║
[2026-04-27T18:55:47.327+0000] {subprocess.py:93} INFO - ║  Avec rating      : 6936             ║
[2026-04-27T18:55:47.329+0000] {subprocess.py:93} INFO - ║  Avec catégorie   : 6936             ║
[2026-04-27T18:55:47.330+0000] {subprocess.py:93} INFO - ║  Price completeness: 100.0%          ║
[2026-04-27T18:55:47.331+0000] {subprocess.py:93} INFO - ╚══════════════════════════════════════╝
[2026-04-27T18:55:47.332+0000] {subprocess.py:93} INFO - ✅ Quality check PASSED!
[2026-04-27T18:55:47.337+0000] {subprocess.py:97} INFO - Command exited with return code 0
[2026-04-27T18:55:47.398+0000] {taskinstance.py:1138} INFO - Marking task as SUCCESS. dag_id=price_intelligence_pipeline, task_id=quality_check, execution_date=20260426T080000, start_date=20260427T185546, end_date=20260427T185547
[2026-04-27T18:55:47.458+0000] {local_task_job_runner.py:234} INFO - Task exited with return code 0
[2026-04-27T18:55:47.495+0000] {taskinstance.py:3280} INFO - 0 downstream tasks scheduled from follow-on schedule check
