[2026-05-05T21:41:47.597+0000] {taskinstance.py:1956} INFO - Dependencies all met for dep_context=non-requeueable deps ti=<TaskInstance: price_intelligence_pipeline.scrape_amazon manual__2026-05-05T20:47:12.842845+00:00 [queued]>
[2026-05-05T21:41:47.622+0000] {taskinstance.py:1956} INFO - Dependencies all met for dep_context=requeueable deps ti=<TaskInstance: price_intelligence_pipeline.scrape_amazon manual__2026-05-05T20:47:12.842845+00:00 [queued]>
[2026-05-05T21:41:47.623+0000] {taskinstance.py:2170} INFO - Starting attempt 1 of 3
[2026-05-05T21:41:47.667+0000] {taskinstance.py:2191} INFO - Executing <Task(BashOperator): scrape_amazon> on 2026-05-05 20:47:12.842845+00:00
[2026-05-05T21:41:47.690+0000] {standard_task_runner.py:60} INFO - Started process 6885 to run task
[2026-05-05T21:41:47.710+0000] {standard_task_runner.py:87} INFO - Running: ['***', 'tasks', 'run', 'price_intelligence_pipeline', 'scrape_amazon', 'manual__2026-05-05T20:47:12.842845+00:00', '--job-id', '390', '--raw', '--subdir', 'DAGS_FOLDER/price_intelligence_dag.py', '--cfg-path', '/tmp/tmp3k8h91xi']
[2026-05-05T21:41:47.731+0000] {standard_task_runner.py:88} INFO - Job 390: Subtask scrape_amazon
[2026-05-05T21:41:47.949+0000] {task_command.py:423} INFO - Running <TaskInstance: price_intelligence_pipeline.scrape_amazon manual__2026-05-05T20:47:12.842845+00:00 [running]> on host 25ef6dfa8bdc
[2026-05-05T21:41:48.257+0000] {taskinstance.py:2480} INFO - Exporting env vars: AIRFLOW_CTX_DAG_OWNER='***' AIRFLOW_CTX_DAG_ID='price_intelligence_pipeline' AIRFLOW_CTX_TASK_ID='scrape_amazon' AIRFLOW_CTX_EXECUTION_DATE='2026-05-05T20:47:12.842845+00:00' AIRFLOW_CTX_TRY_NUMBER='1' AIRFLOW_CTX_DAG_RUN_ID='manual__2026-05-05T20:47:12.842845+00:00'
[2026-05-05T21:41:48.265+0000] {subprocess.py:63} INFO - Tmp dir root location: /tmp
[2026-05-05T21:41:48.268+0000] {subprocess.py:75} INFO - Running command: ['/usr/bin/bash', '-c', '\n            cd /opt/***\n            mkdir -p data/raw\n            export DISPLAY=:99\n            python3 scrapers/spiders/amazon_ma.py || echo "Amazon done with warnings"\n        ']
[2026-05-05T21:41:48.308+0000] {subprocess.py:86} INFO - Output:
[2026-05-05T21:41:53.401+0000] {subprocess.py:93} INFO - Traceback (most recent call last):
[2026-05-05T21:41:53.403+0000] {subprocess.py:93} INFO -   File "/home/***/.local/lib/python3.8/site-packages/urllib3/connection.py", line 174, in _new_conn
[2026-05-05T21:41:53.406+0000] {subprocess.py:93} INFO -     conn = connection.create_connection(
[2026-05-05T21:41:53.408+0000] {subprocess.py:93} INFO -   File "/home/***/.local/lib/python3.8/site-packages/urllib3/util/connection.py", line 72, in create_connection
[2026-05-05T21:41:53.409+0000] {subprocess.py:93} INFO -     for res in socket.getaddrinfo(host, port, family, socket.SOCK_STREAM):
[2026-05-05T21:41:53.411+0000] {subprocess.py:93} INFO -   File "/usr/local/lib/python3.8/socket.py", line 918, in getaddrinfo
[2026-05-05T21:41:53.413+0000] {subprocess.py:93} INFO -     for res in _socket.getaddrinfo(host, port, family, type, proto, flags):
[2026-05-05T21:41:53.415+0000] {subprocess.py:93} INFO - socket.gaierror: [Errno -5] No address associated with hostname
[2026-05-05T21:41:53.417+0000] {subprocess.py:93} INFO - 
[2026-05-05T21:41:53.419+0000] {subprocess.py:93} INFO - During handling of the above exception, another exception occurred:
[2026-05-05T21:41:53.421+0000] {subprocess.py:93} INFO - 
[2026-05-05T21:41:53.423+0000] {subprocess.py:93} INFO - Traceback (most recent call last):
[2026-05-05T21:41:53.425+0000] {subprocess.py:93} INFO -   File "/home/***/.local/lib/python3.8/site-packages/urllib3/connectionpool.py", line 715, in urlopen
[2026-05-05T21:41:53.427+0000] {subprocess.py:93} INFO -     httplib_response = self._make_request(
[2026-05-05T21:41:53.430+0000] {subprocess.py:93} INFO -   File "/home/***/.local/lib/python3.8/site-packages/urllib3/connectionpool.py", line 404, in _make_request
[2026-05-05T21:41:53.431+0000] {subprocess.py:93} INFO -     self._validate_conn(conn)
[2026-05-05T21:41:53.433+0000] {subprocess.py:93} INFO -   File "/home/***/.local/lib/python3.8/site-packages/urllib3/connectionpool.py", line 1058, in _validate_conn
[2026-05-05T21:41:53.436+0000] {subprocess.py:93} INFO -     conn.connect()
[2026-05-05T21:41:53.439+0000] {subprocess.py:93} INFO -   File "/home/***/.local/lib/python3.8/site-packages/urllib3/connection.py", line 363, in connect
[2026-05-05T21:41:53.441+0000] {subprocess.py:93} INFO -     self.sock = conn = self._new_conn()
[2026-05-05T21:41:53.443+0000] {subprocess.py:93} INFO -   File "/home/***/.local/lib/python3.8/site-packages/urllib3/connection.py", line 186, in _new_conn
[2026-05-05T21:41:53.446+0000] {subprocess.py:93} INFO -     raise NewConnectionError(
[2026-05-05T21:41:53.449+0000] {subprocess.py:93} INFO - urllib3.exceptions.NewConnectionError: <urllib3.connection.HTTPSConnection object at 0x7b9a614ea3d0>: Failed to establish a new connection: [Errno -5] No address associated with hostname
[2026-05-05T21:41:53.451+0000] {subprocess.py:93} INFO - 
[2026-05-05T21:41:53.453+0000] {subprocess.py:93} INFO - During handling of the above exception, another exception occurred:
[2026-05-05T21:41:53.455+0000] {subprocess.py:93} INFO - 
[2026-05-05T21:41:53.458+0000] {subprocess.py:93} INFO - Traceback (most recent call last):
[2026-05-05T21:41:53.460+0000] {subprocess.py:93} INFO -   File "/home/***/.local/lib/python3.8/site-packages/requests/adapters.py", line 486, in send
[2026-05-05T21:41:53.462+0000] {subprocess.py:93} INFO -     resp = conn.urlopen(
[2026-05-05T21:41:53.464+0000] {subprocess.py:93} INFO -   File "/home/***/.local/lib/python3.8/site-packages/urllib3/connectionpool.py", line 799, in urlopen
[2026-05-05T21:41:53.465+0000] {subprocess.py:93} INFO -     retries = retries.increment(
[2026-05-05T21:41:53.468+0000] {subprocess.py:93} INFO -   File "/home/***/.local/lib/python3.8/site-packages/urllib3/util/retry.py", line 592, in increment
[2026-05-05T21:41:53.470+0000] {subprocess.py:93} INFO -     raise MaxRetryError(_pool, url, error or ResponseError(cause))
[2026-05-05T21:41:53.472+0000] {subprocess.py:93} INFO - urllib3.exceptions.MaxRetryError: HTTPSConnectionPool(host='chromedriver.storage.googleapis.com', port=443): Max retries exceeded with url: /LATEST_RELEASE (Caused by NewConnectionError('<urllib3.connection.HTTPSConnection object at 0x7b9a614ea3d0>: Failed to establish a new connection: [Errno -5] No address associated with hostname'))
[2026-05-05T21:41:53.475+0000] {subprocess.py:93} INFO - 
[2026-05-05T21:41:53.477+0000] {subprocess.py:93} INFO - During handling of the above exception, another exception occurred:
[2026-05-05T21:41:53.480+0000] {subprocess.py:93} INFO - 
[2026-05-05T21:41:53.482+0000] {subprocess.py:93} INFO - Traceback (most recent call last):
[2026-05-05T21:41:53.485+0000] {subprocess.py:93} INFO -   File "/home/***/.local/lib/python3.8/site-packages/webdriver_manager/core/http.py", line 32, in get
[2026-05-05T21:41:53.487+0000] {subprocess.py:93} INFO -     resp = requests.get(
[2026-05-05T21:41:53.489+0000] {subprocess.py:93} INFO -   File "/home/***/.local/lib/python3.8/site-packages/requests/api.py", line 73, in get
[2026-05-05T21:41:53.492+0000] {subprocess.py:93} INFO -     return request("get", url, params=params, **kwargs)
[2026-05-05T21:41:53.495+0000] {subprocess.py:93} INFO -   File "/home/***/.local/lib/python3.8/site-packages/requests/api.py", line 59, in request
[2026-05-05T21:41:53.498+0000] {subprocess.py:93} INFO -     return session.request(method=method, url=url, **kwargs)
[2026-05-05T21:41:53.500+0000] {subprocess.py:93} INFO -   File "/home/***/.local/lib/python3.8/site-packages/requests/sessions.py", line 589, in request
[2026-05-05T21:41:53.503+0000] {subprocess.py:93} INFO -     resp = self.send(prep, **send_kwargs)
[2026-05-05T21:41:53.505+0000] {subprocess.py:93} INFO -   File "/home/***/.local/lib/python3.8/site-packages/requests/sessions.py", line 703, in send
[2026-05-05T21:41:53.507+0000] {subprocess.py:93} INFO -     r = adapter.send(request, **kwargs)
[2026-05-05T21:41:53.509+0000] {subprocess.py:93} INFO -   File "/home/***/.local/lib/python3.8/site-packages/requests/adapters.py", line 519, in send
[2026-05-05T21:41:53.511+0000] {subprocess.py:93} INFO -     raise ConnectionError(e, request=request)
[2026-05-05T21:41:53.513+0000] {subprocess.py:93} INFO - requests.exceptions.ConnectionError: HTTPSConnectionPool(host='chromedriver.storage.googleapis.com', port=443): Max retries exceeded with url: /LATEST_RELEASE (Caused by NewConnectionError('<urllib3.connection.HTTPSConnection object at 0x7b9a614ea3d0>: Failed to establish a new connection: [Errno -5] No address associated with hostname'))
[2026-05-05T21:41:53.516+0000] {subprocess.py:93} INFO - 
[2026-05-05T21:41:53.518+0000] {subprocess.py:93} INFO - During handling of the above exception, another exception occurred:
[2026-05-05T21:41:53.521+0000] {subprocess.py:93} INFO - 
[2026-05-05T21:41:53.523+0000] {subprocess.py:93} INFO - Traceback (most recent call last):
[2026-05-05T21:41:53.525+0000] {subprocess.py:93} INFO -   File "scrapers/spiders/amazon_ma.py", line 147, in <module>
[2026-05-05T21:41:53.527+0000] {subprocess.py:93} INFO -     scrape_amazon()
[2026-05-05T21:41:53.529+0000] {subprocess.py:93} INFO -   File "scrapers/spiders/amazon_ma.py", line 55, in scrape_amazon
[2026-05-05T21:41:53.532+0000] {subprocess.py:93} INFO -     driver = get_driver()
[2026-05-05T21:41:53.533+0000] {subprocess.py:93} INFO -   File "scrapers/spiders/amazon_ma.py", line 47, in get_driver
[2026-05-05T21:41:53.535+0000] {subprocess.py:93} INFO -     driver = webdriver.Chrome(service=Service(ChromeDriverManager().install()), options=opts)
[2026-05-05T21:41:53.537+0000] {subprocess.py:93} INFO -   File "/home/***/.local/lib/python3.8/site-packages/webdriver_manager/chrome.py", line 40, in install
[2026-05-05T21:41:53.539+0000] {subprocess.py:93} INFO -     driver_path = self._get_driver_binary_path(self.driver)
[2026-05-05T21:41:53.542+0000] {subprocess.py:93} INFO -   File "/home/***/.local/lib/python3.8/site-packages/webdriver_manager/core/manager.py", line 40, in _get_driver_binary_path
[2026-05-05T21:41:53.545+0000] {subprocess.py:93} INFO -     file = self._download_manager.download_file(driver.get_driver_download_url(os_type))
[2026-05-05T21:41:53.547+0000] {subprocess.py:93} INFO -   File "/home/***/.local/lib/python3.8/site-packages/webdriver_manager/drivers/chrome.py", line 32, in get_driver_download_url
[2026-05-05T21:41:53.550+0000] {subprocess.py:93} INFO -     driver_version_to_download = self.get_driver_version_to_download()
[2026-05-05T21:41:53.552+0000] {subprocess.py:93} INFO -   File "/home/***/.local/lib/python3.8/site-packages/webdriver_manager/core/driver.py", line 48, in get_driver_version_to_download
[2026-05-05T21:41:53.554+0000] {subprocess.py:93} INFO -     return self.get_latest_release_version()
[2026-05-05T21:41:53.557+0000] {subprocess.py:93} INFO -   File "/home/***/.local/lib/python3.8/site-packages/webdriver_manager/drivers/chrome.py", line 70, in get_latest_release_version
[2026-05-05T21:41:53.559+0000] {subprocess.py:93} INFO -     resp = self._http_client.get(url=latest_release_url)
[2026-05-05T21:41:53.561+0000] {subprocess.py:93} INFO -   File "/home/***/.local/lib/python3.8/site-packages/webdriver_manager/core/http.py", line 35, in get
[2026-05-05T21:41:53.564+0000] {subprocess.py:93} INFO -     raise exceptions.ConnectionError(f"Could not reach host. Are you offline?")
[2026-05-05T21:41:53.566+0000] {subprocess.py:93} INFO - requests.exceptions.ConnectionError: Could not reach host. Are you offline?
[2026-05-05T21:41:53.571+0000] {subprocess.py:93} INFO - Amazon done with warnings
[2026-05-05T21:41:53.574+0000] {subprocess.py:97} INFO - Command exited with return code 0
[2026-05-05T21:41:53.701+0000] {taskinstance.py:1138} INFO - Marking task as SUCCESS. dag_id=price_intelligence_pipeline, task_id=scrape_amazon, execution_date=20260505T204712, start_date=20260505T214147, end_date=20260505T214153
[2026-05-05T21:41:53.758+0000] {local_task_job_runner.py:234} INFO - Task exited with return code 0
[2026-05-05T21:41:53.812+0000] {taskinstance.py:3280} INFO - 0 downstream tasks scheduled from follow-on schedule check
