[2026-05-06T00:03:27.703+0000] {taskinstance.py:1956} INFO - Dependencies all met for dep_context=non-requeueable deps ti=<TaskInstance: price_intelligence_pipeline.dbt_run scheduled__2026-05-05T23:00:00+00:00 [queued]>
[2026-05-06T00:03:27.725+0000] {taskinstance.py:1956} INFO - Dependencies all met for dep_context=requeueable deps ti=<TaskInstance: price_intelligence_pipeline.dbt_run scheduled__2026-05-05T23:00:00+00:00 [queued]>
[2026-05-06T00:03:27.726+0000] {taskinstance.py:2170} INFO - Starting attempt 2 of 2
[2026-05-06T00:03:27.765+0000] {taskinstance.py:2191} INFO - Executing <Task(BashOperator): dbt_run> on 2026-05-05 23:00:00+00:00
[2026-05-06T00:03:27.778+0000] {standard_task_runner.py:60} INFO - Started process 12288 to run task
[2026-05-06T00:03:27.786+0000] {standard_task_runner.py:87} INFO - Running: ['***', 'tasks', 'run', 'price_intelligence_pipeline', 'dbt_run', 'scheduled__2026-05-05T23:00:00+00:00', '--job-id', '517', '--raw', '--subdir', 'DAGS_FOLDER/price_intelligence_dag.py', '--cfg-path', '/tmp/tmp2_3709nx']
[2026-05-06T00:03:27.792+0000] {standard_task_runner.py:88} INFO - Job 517: Subtask dbt_run
[2026-05-06T00:03:27.959+0000] {task_command.py:423} INFO - Running <TaskInstance: price_intelligence_pipeline.dbt_run scheduled__2026-05-05T23:00:00+00:00 [running]> on host 25ef6dfa8bdc
[2026-05-06T00:03:28.223+0000] {taskinstance.py:2480} INFO - Exporting env vars: AIRFLOW_CTX_DAG_OWNER='***' AIRFLOW_CTX_DAG_ID='price_intelligence_pipeline' AIRFLOW_CTX_TASK_ID='dbt_run' AIRFLOW_CTX_EXECUTION_DATE='2026-05-05T23:00:00+00:00' AIRFLOW_CTX_TRY_NUMBER='2' AIRFLOW_CTX_DAG_RUN_ID='scheduled__2026-05-05T23:00:00+00:00'
[2026-05-06T00:03:28.227+0000] {subprocess.py:63} INFO - Tmp dir root location: /tmp
[2026-05-06T00:03:28.229+0000] {subprocess.py:75} INFO - Running command: ['/usr/bin/bash', '-c', '\n            set -e\n            cd /opt/***/dbt\n            export GOOGLE_APPLICATION_CREDENTIALS=/opt/***/gcp-credentials-new.json\n            /home/***/.local/bin/dbt run --select stg_prices --profiles-dir . --project-dir .\n            /home/***/.local/bin/dbt run --select prices_cleaned --profiles-dir . --project-dir .\n            /home/***/.local/bin/dbt run --select prices_aggregated --profiles-dir . --project-dir .\n            echo dbt done\n        ']
[2026-05-06T00:03:28.248+0000] {subprocess.py:86} INFO - Output:
[2026-05-06T00:03:33.782+0000] {subprocess.py:93} INFO - [0m00:03:33  Running with dbt=1.8.7
[2026-05-06T00:03:33.786+0000] {subprocess.py:93} INFO - [0m00:03:33  Encountered an error:
[2026-05-06T00:03:33.787+0000] {subprocess.py:93} INFO - Runtime Error
[2026-05-06T00:03:33.788+0000] {subprocess.py:93} INFO -   No dbt_project.yml found at expected path ./dbt_project.yml
[2026-05-06T00:03:33.789+0000] {subprocess.py:93} INFO -   Verify that each entry within packages.yml (and their transitive dependencies) contains a file named dbt_project.yml
[2026-05-06T00:03:33.790+0000] {subprocess.py:93} INFO - 
[2026-05-06T00:03:38.108+0000] {subprocess.py:97} INFO - Command exited with return code 2
[2026-05-06T00:03:38.138+0000] {taskinstance.py:2698} ERROR - Task failed with exception
Traceback (most recent call last):
  File "/home/airflow/.local/lib/python3.8/site-packages/airflow/models/taskinstance.py", line 428, in _execute_task
    result = execute_callable(context=context, **execute_callable_kwargs)
  File "/home/airflow/.local/lib/python3.8/site-packages/airflow/operators/bash.py", line 212, in execute
    raise AirflowException(
airflow.exceptions.AirflowException: Bash command failed. The command returned a non-zero exit code 2.
[2026-05-06T00:03:38.147+0000] {taskinstance.py:1138} INFO - Marking task as FAILED. dag_id=price_intelligence_pipeline, task_id=dbt_run, execution_date=20260505T230000, start_date=20260506T000327, end_date=20260506T000338
[2026-05-06T00:03:38.176+0000] {standard_task_runner.py:107} ERROR - Failed to execute job 517 for task dbt_run (Bash command failed. The command returned a non-zero exit code 2.; 12288)
[2026-05-06T00:03:38.222+0000] {local_task_job_runner.py:234} INFO - Task exited with return code 1
[2026-05-06T00:03:38.275+0000] {taskinstance.py:3280} INFO - 0 downstream tasks scheduled from follow-on schedule check
