[2026-04-26T16:58:25.580+0000] {taskinstance.py:1956} INFO - Dependencies all met for dep_context=non-requeueable deps ti=<TaskInstance: price_intelligence_pipeline.load_bigtable scheduled__2026-04-25T08:00:00+00:00 [queued]>
[2026-04-26T16:58:25.637+0000] {taskinstance.py:1956} INFO - Dependencies all met for dep_context=requeueable deps ti=<TaskInstance: price_intelligence_pipeline.load_bigtable scheduled__2026-04-25T08:00:00+00:00 [queued]>
[2026-04-26T16:58:25.649+0000] {taskinstance.py:2170} INFO - Starting attempt 1 of 3
[2026-04-26T16:58:25.734+0000] {taskinstance.py:2191} INFO - Executing <Task(PythonOperator): load_bigtable> on 2026-04-25 08:00:00+00:00
[2026-04-26T16:58:25.769+0000] {standard_task_runner.py:60} INFO - Started process 92172 to run task
[2026-04-26T16:58:25.787+0000] {standard_task_runner.py:87} INFO - Running: ['***', 'tasks', 'run', 'price_intelligence_pipeline', 'load_bigtable', 'scheduled__2026-04-25T08:00:00+00:00', '--job-id', '64', '--raw', '--subdir', 'DAGS_FOLDER/price_intelligence_dag.py', '--cfg-path', '/tmp/tmprw82n07u']
[2026-04-26T16:58:25.807+0000] {standard_task_runner.py:88} INFO - Job 64: Subtask load_bigtable
[2026-04-26T16:58:26.265+0000] {task_command.py:423} INFO - Running <TaskInstance: price_intelligence_pipeline.load_bigtable scheduled__2026-04-25T08:00:00+00:00 [running]> on host f3ebc944c42b
[2026-04-26T16:58:26.761+0000] {taskinstance.py:2480} INFO - Exporting env vars: AIRFLOW_CTX_DAG_OWNER='price_intelligence' AIRFLOW_CTX_DAG_ID='price_intelligence_pipeline' AIRFLOW_CTX_TASK_ID='load_bigtable' AIRFLOW_CTX_EXECUTION_DATE='2026-04-25T08:00:00+00:00' AIRFLOW_CTX_TRY_NUMBER='1' AIRFLOW_CTX_DAG_RUN_ID='scheduled__2026-04-25T08:00:00+00:00'
[2026-04-26T16:58:26.827+0000] {_default.py:683} WARNING - No project ID could be determined. Consider running `gcloud config set project` or setting the GOOGLE_CLOUD_PROJECT environment variable
[2026-04-26T16:58:27.112+0000] {logging_mixin.py:188} INFO - 📦 Traitement jumia_ma: 4803 produits...
[2026-04-26T16:58:48.979+0000] {logging_mixin.py:188} INFO -   ✅ Batch de 500 produits envoyé!
[2026-04-26T16:58:57.136+0000] {logging_mixin.py:188} INFO -   ✅ Batch de 500 produits envoyé!
[2026-04-26T16:59:05.382+0000] {logging_mixin.py:188} INFO -   ✅ Batch de 500 produits envoyé!
[2026-04-26T16:59:12.801+0000] {logging_mixin.py:188} INFO -   ✅ Batch de 500 produits envoyé!
[2026-04-26T16:59:22.031+0000] {logging_mixin.py:188} INFO -   ✅ Batch de 500 produits envoyé!
[2026-04-26T16:59:28.003+0000] {logging_mixin.py:188} INFO -   ✅ Batch de 500 produits envoyé!
[2026-04-26T16:59:35.444+0000] {logging_mixin.py:188} INFO -   ✅ Batch de 500 produits envoyé!
[2026-04-26T16:59:41.861+0000] {logging_mixin.py:188} INFO -   ✅ Batch de 500 produits envoyé!
[2026-04-26T16:59:48.042+0000] {logging_mixin.py:188} INFO -   ✅ Batch de 500 produits envoyé!
[2026-04-26T16:59:48.784+0000] {logging_mixin.py:188} INFO - 📦 Traitement avito_ma: 1710 produits...
[2026-04-26T16:59:54.777+0000] {logging_mixin.py:188} INFO -   ✅ Batch de 500 produits envoyé!
[2026-04-26T16:59:59.680+0000] {logging_mixin.py:188} INFO -   ✅ Batch de 500 produits envoyé!
[2026-04-26T17:00:06.736+0000] {logging_mixin.py:188} INFO -   ✅ Batch de 500 produits envoyé!
[2026-04-26T17:00:12.405+0000] {logging_mixin.py:188} INFO -   ✅ Batch de 500 produits envoyé!
[2026-04-26T17:00:12.473+0000] {logging_mixin.py:188} INFO - 📦 Traitement amazon_ma: 2227 produits...
[2026-04-26T17:00:20.056+0000] {logging_mixin.py:188} INFO -   ✅ Batch de 500 produits envoyé!
[2026-04-26T17:00:29.922+0000] {logging_mixin.py:188} INFO -   ✅ Batch de 500 produits envoyé!
[2026-04-26T17:00:38.235+0000] {logging_mixin.py:188} INFO -   ✅ Batch de 500 produits envoyé!
[2026-04-26T17:00:47.399+0000] {logging_mixin.py:188} INFO -   ✅ Batch de 500 produits envoyé!
[2026-04-26T17:00:47.949+0000] {logging_mixin.py:188} INFO - 📦 Traitement electroplanet_ma: 179 produits...
[2026-04-26T17:00:54.853+0000] {logging_mixin.py:188} INFO -   ✅ Batch de 419 produits envoyé!
[2026-04-26T17:00:54.854+0000] {logging_mixin.py:188} INFO - 
✅ TOTAL: 8919 produits chargés dans Bigtable!
[2026-04-26T17:00:54.855+0000] {logging_mixin.py:188} INFO -    Column families: price_cf ✅ metadata_cf ✅ agg_cf ✅
[2026-04-26T17:00:54.856+0000] {logging_mixin.py:188} INFO -    Row key format: product_id#timestamp ✅
[2026-04-26T17:00:54.878+0000] {python.py:201} INFO - Done. Returned value was: 8919
[2026-04-26T17:00:54.953+0000] {taskinstance.py:1138} INFO - Marking task as SUCCESS. dag_id=price_intelligence_pipeline, task_id=load_bigtable, execution_date=20260425T080000, start_date=20260426T165825, end_date=20260426T170054
[2026-04-26T17:00:55.048+0000] {local_task_job_runner.py:234} INFO - Task exited with return code 0
[2026-04-26T17:00:55.126+0000] {taskinstance.py:3280} INFO - 1 downstream tasks scheduled from follow-on schedule check
