[2026-05-22T22:17:43.749+0000] {taskinstance.py:1956} INFO - Dependencies all met for dep_context=non-requeueable deps ti=<TaskInstance: price_intelligence_pipeline.dbt_run scheduled__2026-05-22T21:00:00+00:00 [queued]>
[2026-05-22T22:17:43.851+0000] {taskinstance.py:1956} INFO - Dependencies all met for dep_context=requeueable deps ti=<TaskInstance: price_intelligence_pipeline.dbt_run scheduled__2026-05-22T21:00:00+00:00 [queued]>
[2026-05-22T22:17:43.855+0000] {taskinstance.py:2170} INFO - Starting attempt 1 of 2
[2026-05-22T22:17:43.953+0000] {taskinstance.py:2191} INFO - Executing <Task(BashOperator): dbt_run> on 2026-05-22 21:00:00+00:00
[2026-05-22T22:17:43.981+0000] {standard_task_runner.py:60} INFO - Started process 87442 to run task
[2026-05-22T22:17:44.002+0000] {standard_task_runner.py:87} INFO - Running: ['***', 'tasks', 'run', 'price_intelligence_pipeline', 'dbt_run', 'scheduled__2026-05-22T21:00:00+00:00', '--job-id', '1796', '--raw', '--subdir', 'DAGS_FOLDER/price_intelligence_dag.py', '--cfg-path', '/tmp/tmp_dffyqzo']
[2026-05-22T22:17:44.020+0000] {standard_task_runner.py:88} INFO - Job 1796: Subtask dbt_run
[2026-05-22T22:17:44.311+0000] {task_command.py:423} INFO - Running <TaskInstance: price_intelligence_pipeline.dbt_run scheduled__2026-05-22T21:00:00+00:00 [running]> on host 91e0d3a0a233
[2026-05-22T22:17:44.601+0000] {taskinstance.py:2480} INFO - Exporting env vars: AIRFLOW_CTX_DAG_OWNER='***' AIRFLOW_CTX_DAG_ID='price_intelligence_pipeline' AIRFLOW_CTX_TASK_ID='dbt_run' AIRFLOW_CTX_EXECUTION_DATE='2026-05-22T21:00:00+00:00' AIRFLOW_CTX_TRY_NUMBER='1' AIRFLOW_CTX_DAG_RUN_ID='scheduled__2026-05-22T21:00:00+00:00'
[2026-05-22T22:17:44.605+0000] {subprocess.py:63} INFO - Tmp dir root location: /tmp
[2026-05-22T22:17:44.609+0000] {subprocess.py:75} INFO - Running command: ['/usr/bin/bash', '-c', '\n            set -e\n            cd /opt/***/dbt\n            export GOOGLE_APPLICATION_CREDENTIALS=/opt/***/gcp-credentials-new.json\n            /home/***/.local/bin/dbt run --full-refresh --profiles-dir . --project-dir .\n            echo dbt done\n        ']
[2026-05-22T22:17:44.651+0000] {subprocess.py:86} INFO - Output:
[2026-05-22T22:17:51.159+0000] {subprocess.py:93} INFO - [0m22:17:51  Running with dbt=1.8.7
[2026-05-22T22:17:54.789+0000] {subprocess.py:93} INFO - [0m22:17:54  Registered adapter: bigquery=1.8.3
[2026-05-22T22:17:57.380+0000] {subprocess.py:93} INFO - [0m22:17:57  Found 3 models, 1 seed, 7 data tests, 1 source, 479 macros
[2026-05-22T22:17:57.388+0000] {subprocess.py:93} INFO - [0m22:17:57
[2026-05-22T22:18:00.506+0000] {subprocess.py:93} INFO - [0m22:18:00  Concurrency: 4 threads (target='dev')
[2026-05-22T22:18:00.510+0000] {subprocess.py:93} INFO - [0m22:18:00
[2026-05-22T22:18:00.534+0000] {subprocess.py:93} INFO - [0m22:18:00  1 of 3 START sql view model price_intelligence_dbt.stg_prices .................. [RUN]
[2026-05-22T22:18:03.655+0000] {subprocess.py:93} INFO - [0m22:18:03  1 of 3 OK created sql view model price_intelligence_dbt.stg_prices ............. [[32mCREATE VIEW (0 processed)[0m in 3.10s]
[2026-05-22T22:18:03.679+0000] {subprocess.py:93} INFO - [0m22:18:03  2 of 3 START sql table model price_intelligence_dbt.prices_cleaned ............. [RUN]
[2026-05-22T22:18:09.876+0000] {subprocess.py:93} INFO - [0m22:18:09  2 of 3 OK created sql table model price_intelligence_dbt.prices_cleaned ........ [[32mCREATE TABLE (5.0k rows, 2.6 MiB processed)[0m in 6.18s]
[2026-05-22T22:18:09.897+0000] {subprocess.py:93} INFO - [0m22:18:09  3 of 3 START sql table model price_intelligence_dbt.prices_aggregated .......... [RUN]
[2026-05-22T22:18:14.582+0000] {subprocess.py:93} INFO - [0m22:18:14  3 of 3 OK created sql table model price_intelligence_dbt.prices_aggregated ..... [[32mCREATE TABLE (11.0 rows, 231.8 KiB processed)[0m in 4.67s]
[2026-05-22T22:18:14.628+0000] {subprocess.py:93} INFO - [0m22:18:14
[2026-05-22T22:18:14.632+0000] {subprocess.py:93} INFO - [0m22:18:14  Finished running 1 view model, 2 table models in 0 hours 0 minutes and 17.23 seconds (17.23s).
[2026-05-22T22:18:14.928+0000] {subprocess.py:93} INFO - [0m22:18:14
[2026-05-22T22:18:14.931+0000] {subprocess.py:93} INFO - [0m22:18:14  [32mCompleted successfully[0m
[2026-05-22T22:18:14.933+0000] {subprocess.py:93} INFO - [0m22:18:14
[2026-05-22T22:18:14.936+0000] {subprocess.py:93} INFO - [0m22:18:14  Done. PASS=3 WARN=0 ERROR=0 SKIP=0 TOTAL=3
[2026-05-22T22:18:20.415+0000] {subprocess.py:93} INFO - dbt done
[2026-05-22T22:18:20.427+0000] {subprocess.py:97} INFO - Command exited with return code 0
[2026-05-22T22:18:20.509+0000] {taskinstance.py:1138} INFO - Marking task as SUCCESS. dag_id=price_intelligence_pipeline, task_id=dbt_run, execution_date=20260522T210000, start_date=20260522T221743, end_date=20260522T221820
[2026-05-22T22:18:20.583+0000] {local_task_job_runner.py:234} INFO - Task exited with return code 0
[2026-05-22T22:18:20.671+0000] {taskinstance.py:3280} INFO - 0 downstream tasks scheduled from follow-on schedule check
