[2026-05-08T16:55:34.281+0000] {taskinstance.py:1956} INFO - Dependencies all met for dep_context=non-requeueable deps ti=<TaskInstance: price_intelligence_pipeline.dbt_run manual__2026-05-08T16:52:01.175369+00:00 [queued]>
[2026-05-08T16:55:34.313+0000] {taskinstance.py:1956} INFO - Dependencies all met for dep_context=requeueable deps ti=<TaskInstance: price_intelligence_pipeline.dbt_run manual__2026-05-08T16:52:01.175369+00:00 [queued]>
[2026-05-08T16:55:34.315+0000] {taskinstance.py:2170} INFO - Starting attempt 1 of 2
[2026-05-08T16:55:34.359+0000] {taskinstance.py:2191} INFO - Executing <Task(BashOperator): dbt_run> on 2026-05-08 16:52:01.175369+00:00
[2026-05-08T16:55:34.372+0000] {standard_task_runner.py:60} INFO - Started process 5256 to run task
[2026-05-08T16:55:34.383+0000] {standard_task_runner.py:87} INFO - Running: ['***', 'tasks', 'run', 'price_intelligence_pipeline', 'dbt_run', 'manual__2026-05-08T16:52:01.175369+00:00', '--job-id', '783', '--raw', '--subdir', 'DAGS_FOLDER/price_intelligence_dag.py', '--cfg-path', '/tmp/tmpm6ajmvsg']
[2026-05-08T16:55:34.391+0000] {standard_task_runner.py:88} INFO - Job 783: Subtask dbt_run
[2026-05-08T16:55:34.792+0000] {task_command.py:423} INFO - Running <TaskInstance: price_intelligence_pipeline.dbt_run manual__2026-05-08T16:52:01.175369+00:00 [running]> on host 25ef6dfa8bdc
[2026-05-08T16:55:35.124+0000] {taskinstance.py:2480} INFO - Exporting env vars: AIRFLOW_CTX_DAG_OWNER='***' AIRFLOW_CTX_DAG_ID='price_intelligence_pipeline' AIRFLOW_CTX_TASK_ID='dbt_run' AIRFLOW_CTX_EXECUTION_DATE='2026-05-08T16:52:01.175369+00:00' AIRFLOW_CTX_TRY_NUMBER='1' AIRFLOW_CTX_DAG_RUN_ID='manual__2026-05-08T16:52:01.175369+00:00'
[2026-05-08T16:55:35.128+0000] {subprocess.py:63} INFO - Tmp dir root location: /tmp
[2026-05-08T16:55:35.130+0000] {subprocess.py:75} INFO - Running command: ['/usr/bin/bash', '-c', '\n            set -e\n            cd /opt/***/dbt\n            export GOOGLE_APPLICATION_CREDENTIALS=/opt/***/gcp-credentials-new.json\n            /home/***/.local/bin/dbt run --full-refresh --profiles-dir . --project-dir .\n            echo dbt done\n        ']
[2026-05-08T16:55:35.157+0000] {subprocess.py:86} INFO - Output:
[2026-05-08T16:55:41.742+0000] {subprocess.py:93} INFO - [0m16:55:41  Running with dbt=1.8.7
[2026-05-08T16:55:45.348+0000] {subprocess.py:93} INFO - [0m16:55:45  Registered adapter: bigquery=1.8.3
[2026-05-08T16:55:48.119+0000] {subprocess.py:93} INFO - [0m16:55:48  Found 3 models, 1 seed, 7 data tests, 1 source, 479 macros
[2026-05-08T16:55:48.128+0000] {subprocess.py:93} INFO - [0m16:55:48
[2026-05-08T16:55:50.249+0000] {subprocess.py:93} INFO - [0m16:55:50  Concurrency: 4 threads (target='dev')
[2026-05-08T16:55:50.252+0000] {subprocess.py:93} INFO - [0m16:55:50
[2026-05-08T16:55:50.283+0000] {subprocess.py:93} INFO - [0m16:55:50  1 of 3 START sql view model price_intelligence_dbt.stg_prices .................. [RUN]
[2026-05-08T16:55:54.021+0000] {subprocess.py:93} INFO - [0m16:55:54  BigQuery adapter: https://console.cloud.google.com/bigquery?project=project-32a82952-90fa-4dd7-b9c&j=bq:US:b6840228-9c6c-446a-bd5d-d23662c3d42e&page=queryresults
[2026-05-08T16:55:54.060+0000] {subprocess.py:93} INFO - [0m16:55:54  1 of 3 ERROR creating sql view model price_intelligence_dbt.stg_prices ......... [[31mERROR[0m in 3.76s]
[2026-05-08T16:55:54.076+0000] {subprocess.py:93} INFO - [0m16:55:54  2 of 3 SKIP relation price_intelligence_dbt.prices_cleaned ..................... [[33mSKIP[0m]
[2026-05-08T16:55:54.105+0000] {subprocess.py:93} INFO - [0m16:55:54  3 of 3 SKIP relation price_intelligence_dbt.prices_aggregated .................. [[33mSKIP[0m]
[2026-05-08T16:55:54.143+0000] {subprocess.py:93} INFO - [0m16:55:54
[2026-05-08T16:55:54.153+0000] {subprocess.py:93} INFO - [0m16:55:54  Finished running 1 view model, 2 table models in 0 hours 0 minutes and 6.01 seconds (6.01s).
[2026-05-08T16:55:54.496+0000] {subprocess.py:93} INFO - [0m16:55:54
[2026-05-08T16:55:54.498+0000] {subprocess.py:93} INFO - [0m16:55:54  [31mCompleted with 1 error and 0 warnings:[0m
[2026-05-08T16:55:54.500+0000] {subprocess.py:93} INFO - [0m16:55:54
[2026-05-08T16:55:54.504+0000] {subprocess.py:93} INFO - [0m16:55:54    Database Error in model stg_prices (models/staging/stg_prices.sql)
[2026-05-08T16:55:54.512+0000] {subprocess.py:93} INFO -   Unrecognized name: old_price at [11:10]
[2026-05-08T16:55:54.516+0000] {subprocess.py:93} INFO -   compiled code at target/run/price_intelligence/models/staging/stg_prices.sql
[2026-05-08T16:55:54.518+0000] {subprocess.py:93} INFO - [0m16:55:54
[2026-05-08T16:55:54.519+0000] {subprocess.py:93} INFO - [0m16:55:54  Done. PASS=0 WARN=0 ERROR=1 SKIP=2 TOTAL=3
[2026-05-08T16:55:57.171+0000] {subprocess.py:97} INFO - Command exited with return code 1
[2026-05-08T16:55:57.239+0000] {taskinstance.py:2698} ERROR - Task failed with exception
Traceback (most recent call last):
  File "/home/airflow/.local/lib/python3.8/site-packages/airflow/models/taskinstance.py", line 428, in _execute_task
    result = execute_callable(context=context, **execute_callable_kwargs)
  File "/home/airflow/.local/lib/python3.8/site-packages/airflow/operators/bash.py", line 212, in execute
    raise AirflowException(
airflow.exceptions.AirflowException: Bash command failed. The command returned a non-zero exit code 1.
[2026-05-08T16:55:57.253+0000] {taskinstance.py:1138} INFO - Marking task as UP_FOR_RETRY. dag_id=price_intelligence_pipeline, task_id=dbt_run, execution_date=20260508T165201, start_date=20260508T165534, end_date=20260508T165557
[2026-05-08T16:55:57.329+0000] {standard_task_runner.py:107} ERROR - Failed to execute job 783 for task dbt_run (Bash command failed. The command returned a non-zero exit code 1.; 5256)
[2026-05-08T16:55:57.411+0000] {local_task_job_runner.py:234} INFO - Task exited with return code 1
[2026-05-08T16:55:57.532+0000] {taskinstance.py:3280} INFO - 0 downstream tasks scheduled from follow-on schedule check
