[2026-05-08T16:57:58.798+0000] {taskinstance.py:1956} INFO - Dependencies all met for dep_context=non-requeueable deps ti=<TaskInstance: price_intelligence_pipeline.dbt_run manual__2026-05-08T16:52:01.175369+00:00 [queued]>
[2026-05-08T16:57:58.818+0000] {taskinstance.py:1956} INFO - Dependencies all met for dep_context=requeueable deps ti=<TaskInstance: price_intelligence_pipeline.dbt_run manual__2026-05-08T16:52:01.175369+00:00 [queued]>
[2026-05-08T16:57:58.819+0000] {taskinstance.py:2170} INFO - Starting attempt 2 of 2
[2026-05-08T16:57:58.852+0000] {taskinstance.py:2191} INFO - Executing <Task(BashOperator): dbt_run> on 2026-05-08 16:52:01.175369+00:00
[2026-05-08T16:57:58.865+0000] {standard_task_runner.py:60} INFO - Started process 5322 to run task
[2026-05-08T16:57:58.873+0000] {standard_task_runner.py:87} INFO - Running: ['***', 'tasks', 'run', 'price_intelligence_pipeline', 'dbt_run', 'manual__2026-05-08T16:52:01.175369+00:00', '--job-id', '784', '--raw', '--subdir', 'DAGS_FOLDER/price_intelligence_dag.py', '--cfg-path', '/tmp/tmp6ee05xah']
[2026-05-08T16:57:58.879+0000] {standard_task_runner.py:88} INFO - Job 784: Subtask dbt_run
[2026-05-08T16:57:59.024+0000] {task_command.py:423} INFO - Running <TaskInstance: price_intelligence_pipeline.dbt_run manual__2026-05-08T16:52:01.175369+00:00 [running]> on host 25ef6dfa8bdc
[2026-05-08T16:57:59.227+0000] {taskinstance.py:2480} INFO - Exporting env vars: AIRFLOW_CTX_DAG_OWNER='***' AIRFLOW_CTX_DAG_ID='price_intelligence_pipeline' AIRFLOW_CTX_TASK_ID='dbt_run' AIRFLOW_CTX_EXECUTION_DATE='2026-05-08T16:52:01.175369+00:00' AIRFLOW_CTX_TRY_NUMBER='2' AIRFLOW_CTX_DAG_RUN_ID='manual__2026-05-08T16:52:01.175369+00:00'
[2026-05-08T16:57:59.230+0000] {subprocess.py:63} INFO - Tmp dir root location: /tmp
[2026-05-08T16:57:59.233+0000] {subprocess.py:75} INFO - Running command: ['/usr/bin/bash', '-c', '\n            set -e\n            cd /opt/***/dbt\n            export GOOGLE_APPLICATION_CREDENTIALS=/opt/***/gcp-credentials-new.json\n            /home/***/.local/bin/dbt run --full-refresh --profiles-dir . --project-dir .\n            echo dbt done\n        ']
[2026-05-08T16:57:59.257+0000] {subprocess.py:86} INFO - Output:
[2026-05-08T16:58:06.121+0000] {subprocess.py:93} INFO - [0m16:58:06  Running with dbt=1.8.7
[2026-05-08T16:58:09.314+0000] {subprocess.py:93} INFO - [0m16:58:09  Registered adapter: bigquery=1.8.3
[2026-05-08T16:58:10.887+0000] {subprocess.py:93} INFO - [0m16:58:10  Found 3 models, 1 seed, 7 data tests, 1 source, 479 macros
[2026-05-08T16:58:10.894+0000] {subprocess.py:93} INFO - [0m16:58:10
[2026-05-08T16:58:12.908+0000] {subprocess.py:93} INFO - [0m16:58:12  Concurrency: 4 threads (target='dev')
[2026-05-08T16:58:12.910+0000] {subprocess.py:93} INFO - [0m16:58:12
[2026-05-08T16:58:12.973+0000] {subprocess.py:93} INFO - [0m16:58:12  1 of 3 START sql view model price_intelligence_dbt.stg_prices .................. [RUN]
[2026-05-08T16:58:16.794+0000] {subprocess.py:93} INFO - [0m16:58:16  BigQuery adapter: https://console.cloud.google.com/bigquery?project=project-32a82952-90fa-4dd7-b9c&j=bq:US:5a195e70-a0df-487c-8ece-42276ca0460b&page=queryresults
[2026-05-08T16:58:16.816+0000] {subprocess.py:93} INFO - [0m16:58:16  1 of 3 ERROR creating sql view model price_intelligence_dbt.stg_prices ......... [[31mERROR[0m in 3.83s]
[2026-05-08T16:58:16.826+0000] {subprocess.py:93} INFO - [0m16:58:16  2 of 3 SKIP relation price_intelligence_dbt.prices_cleaned ..................... [[33mSKIP[0m]
[2026-05-08T16:58:16.836+0000] {subprocess.py:93} INFO - [0m16:58:16  3 of 3 SKIP relation price_intelligence_dbt.prices_aggregated .................. [[33mSKIP[0m]
[2026-05-08T16:58:16.860+0000] {subprocess.py:93} INFO - [0m16:58:16
[2026-05-08T16:58:16.865+0000] {subprocess.py:93} INFO - [0m16:58:16  Finished running 1 view model, 2 table models in 0 hours 0 minutes and 5.96 seconds (5.96s).
[2026-05-08T16:58:17.026+0000] {subprocess.py:93} INFO - [0m16:58:17
[2026-05-08T16:58:17.028+0000] {subprocess.py:93} INFO - [0m16:58:17  [31mCompleted with 1 error and 0 warnings:[0m
[2026-05-08T16:58:17.030+0000] {subprocess.py:93} INFO - [0m16:58:17
[2026-05-08T16:58:17.036+0000] {subprocess.py:93} INFO - [0m16:58:17    Database Error in model stg_prices (models/staging/stg_prices.sql)
[2026-05-08T16:58:17.039+0000] {subprocess.py:93} INFO -   Unrecognized name: old_price at [11:10]
[2026-05-08T16:58:17.040+0000] {subprocess.py:93} INFO -   compiled code at target/run/price_intelligence/models/staging/stg_prices.sql
[2026-05-08T16:58:17.042+0000] {subprocess.py:93} INFO - [0m16:58:17
[2026-05-08T16:58:17.044+0000] {subprocess.py:93} INFO - [0m16:58:17  Done. PASS=0 WARN=0 ERROR=1 SKIP=2 TOTAL=3
[2026-05-08T16:58:18.883+0000] {subprocess.py:97} INFO - Command exited with return code 1
[2026-05-08T16:58:18.923+0000] {taskinstance.py:2698} ERROR - Task failed with exception
Traceback (most recent call last):
  File "/home/airflow/.local/lib/python3.8/site-packages/airflow/models/taskinstance.py", line 428, in _execute_task
    result = execute_callable(context=context, **execute_callable_kwargs)
  File "/home/airflow/.local/lib/python3.8/site-packages/airflow/operators/bash.py", line 212, in execute
    raise AirflowException(
airflow.exceptions.AirflowException: Bash command failed. The command returned a non-zero exit code 1.
[2026-05-08T16:58:18.933+0000] {taskinstance.py:1138} INFO - Marking task as FAILED. dag_id=price_intelligence_pipeline, task_id=dbt_run, execution_date=20260508T165201, start_date=20260508T165758, end_date=20260508T165818
[2026-05-08T16:58:18.969+0000] {standard_task_runner.py:107} ERROR - Failed to execute job 784 for task dbt_run (Bash command failed. The command returned a non-zero exit code 1.; 5322)
[2026-05-08T16:58:19.008+0000] {local_task_job_runner.py:234} INFO - Task exited with return code 1
[2026-05-08T16:58:19.099+0000] {taskinstance.py:3280} INFO - 0 downstream tasks scheduled from follow-on schedule check
