[2026-05-05T19:54:04.699+0000] {taskinstance.py:1956} INFO - Dependencies all met for dep_context=non-requeueable deps ti=<TaskInstance: price_intelligence_pipeline.load_bigtable manual__2026-05-05T19:53:55.504339+00:00 [queued]>
[2026-05-05T19:54:04.716+0000] {taskinstance.py:1956} INFO - Dependencies all met for dep_context=requeueable deps ti=<TaskInstance: price_intelligence_pipeline.load_bigtable manual__2026-05-05T19:53:55.504339+00:00 [queued]>
[2026-05-05T19:54:04.717+0000] {taskinstance.py:2170} INFO - Starting attempt 1 of 3
[2026-05-05T19:54:04.736+0000] {taskinstance.py:2191} INFO - Executing <Task(PythonOperator): load_bigtable> on 2026-05-05 19:53:55.504339+00:00
[2026-05-05T19:54:04.744+0000] {standard_task_runner.py:60} INFO - Started process 1051 to run task
[2026-05-05T19:54:04.753+0000] {standard_task_runner.py:87} INFO - Running: ['***', 'tasks', 'run', 'price_intelligence_pipeline', 'load_bigtable', 'manual__2026-05-05T19:53:55.504339+00:00', '--job-id', '204', '--raw', '--subdir', 'DAGS_FOLDER/price_intelligence_dag_BACKUP.py', '--cfg-path', '/tmp/tmpxcqvnndo']
[2026-05-05T19:54:04.756+0000] {standard_task_runner.py:88} INFO - Job 204: Subtask load_bigtable
[2026-05-05T19:54:04.920+0000] {task_command.py:423} INFO - Running <TaskInstance: price_intelligence_pipeline.load_bigtable manual__2026-05-05T19:53:55.504339+00:00 [running]> on host 25ef6dfa8bdc
[2026-05-05T19:54:05.147+0000] {taskinstance.py:2480} INFO - Exporting env vars: AIRFLOW_CTX_DAG_OWNER='price_intelligence' AIRFLOW_CTX_DAG_ID='price_intelligence_pipeline' AIRFLOW_CTX_TASK_ID='load_bigtable' AIRFLOW_CTX_EXECUTION_DATE='2026-05-05T19:53:55.504339+00:00' AIRFLOW_CTX_TRY_NUMBER='1' AIRFLOW_CTX_DAG_RUN_ID='manual__2026-05-05T19:53:55.504339+00:00'
[2026-05-05T19:54:05.159+0000] {_default.py:683} WARNING - No project ID could be determined. Consider running `gcloud config set project` or setting the GOOGLE_CLOUD_PROJECT environment variable
[2026-05-05T19:54:05.304+0000] {logging_mixin.py:188} INFO - 📦 Traitement jumia_ma: 4803 produits...
[2026-05-05T19:54:28.795+0000] {logging_mixin.py:188} INFO -   ✅ Batch de 500 produits envoyé!
[2026-05-05T19:54:45.487+0000] {logging_mixin.py:188} INFO -   ✅ Batch de 500 produits envoyé!
[2026-05-05T19:55:06.580+0000] {logging_mixin.py:188} INFO -   ✅ Batch de 500 produits envoyé!
[2026-05-05T19:55:23.728+0000] {logging_mixin.py:188} INFO -   ✅ Batch de 500 produits envoyé!
[2026-05-05T19:55:45.838+0000] {logging_mixin.py:188} INFO -   ✅ Batch de 500 produits envoyé!
[2026-05-05T19:55:58.524+0000] {logging_mixin.py:188} INFO -   ✅ Batch de 500 produits envoyé!
[2026-05-05T19:56:21.045+0000] {logging_mixin.py:188} INFO -   ✅ Batch de 500 produits envoyé!
[2026-05-05T19:56:36.945+0000] {logging_mixin.py:188} INFO -   ✅ Batch de 500 produits envoyé!
[2026-05-05T19:56:52.293+0000] {logging_mixin.py:188} INFO -   ✅ Batch de 500 produits envoyé!
[2026-05-05T19:56:52.522+0000] {logging_mixin.py:188} INFO - 📦 Traitement avito_ma: 1710 produits...
[2026-05-05T19:57:13.839+0000] {logging_mixin.py:188} INFO -   ✅ Batch de 500 produits envoyé!
[2026-05-05T19:57:28.608+0000] {logging_mixin.py:188} INFO -   ✅ Batch de 500 produits envoyé!
[2026-05-05T19:57:44.961+0000] {logging_mixin.py:188} INFO -   ✅ Batch de 500 produits envoyé!
[2026-05-05T19:57:58.549+0000] {logging_mixin.py:188} INFO -   ✅ Batch de 500 produits envoyé!
[2026-05-05T19:57:58.602+0000] {logging_mixin.py:188} INFO - 📦 Traitement amazon_ma: 794 produits...
[2026-05-05T19:58:31.421+0000] {logging_mixin.py:188} INFO -   ✅ Batch de 500 produits envoyé!
[2026-05-05T19:58:31.854+0000] {logging_mixin.py:188} INFO - 📦 Traitement electroplanet_ma: 179 produits...
[2026-05-05T19:58:47.950+0000] {logging_mixin.py:188} INFO -   ✅ Batch de 486 produits envoyé!
[2026-05-05T19:58:47.961+0000] {logging_mixin.py:188} INFO - 
✅ TOTAL: 7486 produits chargés dans Bigtable!
[2026-05-05T19:58:47.962+0000] {logging_mixin.py:188} INFO -    Column families: price_cf ✅ metadata_cf ✅ agg_cf ✅
[2026-05-05T19:58:47.972+0000] {logging_mixin.py:188} INFO -    Row key format: product_id#timestamp ✅
[2026-05-05T19:58:48.024+0000] {python.py:201} INFO - Done. Returned value was: 7486
[2026-05-05T19:58:48.236+0000] {taskinstance.py:1138} INFO - Marking task as SUCCESS. dag_id=price_intelligence_pipeline, task_id=load_bigtable, execution_date=20260505T195355, start_date=20260505T195404, end_date=20260505T195848
[2026-05-05T19:58:48.447+0000] {local_task_job_runner.py:234} INFO - Task exited with return code 0
[2026-05-05T19:58:48.779+0000] {taskinstance.py:3280} INFO - 0 downstream tasks scheduled from follow-on schedule check
