[2026-05-11T18:01:21.927+0000] {taskinstance.py:1956} INFO - Dependencies all met for dep_context=non-requeueable deps ti=<TaskInstance: price_intelligence_pipeline.dbt_run scheduled__2026-05-11T17:00:00+00:00 [queued]>
[2026-05-11T18:01:21.959+0000] {taskinstance.py:1956} INFO - Dependencies all met for dep_context=requeueable deps ti=<TaskInstance: price_intelligence_pipeline.dbt_run scheduled__2026-05-11T17:00:00+00:00 [queued]>
[2026-05-11T18:01:21.964+0000] {taskinstance.py:2170} INFO - Starting attempt 1 of 2
[2026-05-11T18:01:22.029+0000] {taskinstance.py:2191} INFO - Executing <Task(BashOperator): dbt_run> on 2026-05-11 17:00:00+00:00
[2026-05-11T18:01:22.045+0000] {standard_task_runner.py:60} INFO - Started process 7973 to run task
[2026-05-11T18:01:22.068+0000] {standard_task_runner.py:87} INFO - Running: ['***', 'tasks', 'run', 'price_intelligence_pipeline', 'dbt_run', 'scheduled__2026-05-11T17:00:00+00:00', '--job-id', '975', '--raw', '--subdir', 'DAGS_FOLDER/price_intelligence_dag.py', '--cfg-path', '/tmp/tmpynh3boly']
[2026-05-11T18:01:22.088+0000] {standard_task_runner.py:88} INFO - Job 975: Subtask dbt_run
[2026-05-11T18:01:22.554+0000] {task_command.py:423} INFO - Running <TaskInstance: price_intelligence_pipeline.dbt_run scheduled__2026-05-11T17:00:00+00:00 [running]> on host 91e0d3a0a233
[2026-05-11T18:01:23.058+0000] {taskinstance.py:2480} INFO - Exporting env vars: AIRFLOW_CTX_DAG_OWNER='***' AIRFLOW_CTX_DAG_ID='price_intelligence_pipeline' AIRFLOW_CTX_TASK_ID='dbt_run' AIRFLOW_CTX_EXECUTION_DATE='2026-05-11T17:00:00+00:00' AIRFLOW_CTX_TRY_NUMBER='1' AIRFLOW_CTX_DAG_RUN_ID='scheduled__2026-05-11T17:00:00+00:00'
[2026-05-11T18:01:23.070+0000] {subprocess.py:63} INFO - Tmp dir root location: /tmp
[2026-05-11T18:01:23.072+0000] {subprocess.py:75} INFO - Running command: ['/usr/bin/bash', '-c', '\n            set -e\n            cd /opt/***/dbt\n            export GOOGLE_APPLICATION_CREDENTIALS=/opt/***/gcp-credentials-new.json\n            /home/***/.local/bin/dbt run --full-refresh --profiles-dir . --project-dir .\n            echo dbt done\n        ']
[2026-05-11T18:01:23.117+0000] {subprocess.py:86} INFO - Output:
[2026-05-11T18:01:27.072+0000] {subprocess.py:93} INFO - [0m18:01:27  Running with dbt=1.8.7
[2026-05-11T18:01:29.083+0000] {subprocess.py:93} INFO - [0m18:01:29  Registered adapter: bigquery=1.8.3
[2026-05-11T18:01:30.898+0000] {subprocess.py:93} INFO - [0m18:01:30  Found 3 models, 1 seed, 7 data tests, 1 source, 479 macros
[2026-05-11T18:01:30.905+0000] {subprocess.py:93} INFO - [0m18:01:30
[2026-05-11T18:01:32.545+0000] {subprocess.py:93} INFO - [0m18:01:32  Concurrency: 4 threads (target='dev')
[2026-05-11T18:01:32.546+0000] {subprocess.py:93} INFO - [0m18:01:32
[2026-05-11T18:01:32.560+0000] {subprocess.py:93} INFO - [0m18:01:32  1 of 3 START sql view model price_intelligence_dbt.stg_prices .................. [RUN]
[2026-05-11T18:01:34.132+0000] {subprocess.py:93} INFO - [0m18:01:34  1 of 3 OK created sql view model price_intelligence_dbt.stg_prices ............. [[32mCREATE VIEW (0 processed)[0m in 1.57s]
[2026-05-11T18:01:34.137+0000] {subprocess.py:93} INFO - [0m18:01:34  2 of 3 START sql table model price_intelligence_dbt.prices_cleaned ............. [RUN]
[2026-05-11T18:01:38.059+0000] {subprocess.py:93} INFO - [0m18:01:38  2 of 3 OK created sql table model price_intelligence_dbt.prices_cleaned ........ [[32mCREATE TABLE (5.0k rows, 2.6 MiB processed)[0m in 3.92s]
[2026-05-11T18:01:38.078+0000] {subprocess.py:93} INFO - [0m18:01:38  3 of 3 START sql table model price_intelligence_dbt.prices_aggregated .......... [RUN]
[2026-05-11T18:01:42.029+0000] {subprocess.py:93} INFO - [0m18:01:42  3 of 3 OK created sql table model price_intelligence_dbt.prices_aggregated ..... [[32mCREATE TABLE (11.0 rows, 231.8 KiB processed)[0m in 3.94s]
[2026-05-11T18:01:42.057+0000] {subprocess.py:93} INFO - [0m18:01:42
[2026-05-11T18:01:42.059+0000] {subprocess.py:93} INFO - [0m18:01:42  Finished running 1 view model, 2 table models in 0 hours 0 minutes and 11.15 seconds (11.15s).
[2026-05-11T18:01:42.445+0000] {subprocess.py:93} INFO - [0m18:01:42
[2026-05-11T18:01:42.447+0000] {subprocess.py:93} INFO - [0m18:01:42  [32mCompleted successfully[0m
[2026-05-11T18:01:42.450+0000] {subprocess.py:93} INFO - [0m18:01:42
[2026-05-11T18:01:42.456+0000] {subprocess.py:93} INFO - [0m18:01:42  Done. PASS=3 WARN=0 ERROR=0 SKIP=0 TOTAL=3
[2026-05-11T18:01:47.132+0000] {subprocess.py:93} INFO - dbt done
[2026-05-11T18:01:47.145+0000] {subprocess.py:97} INFO - Command exited with return code 0
[2026-05-11T18:01:47.207+0000] {taskinstance.py:1138} INFO - Marking task as SUCCESS. dag_id=price_intelligence_pipeline, task_id=dbt_run, execution_date=20260511T170000, start_date=20260511T180121, end_date=20260511T180147
[2026-05-11T18:01:47.271+0000] {local_task_job_runner.py:234} INFO - Task exited with return code 0
[2026-05-11T18:01:47.327+0000] {taskinstance.py:3280} INFO - 1 downstream tasks scheduled from follow-on schedule check
