[2026-05-17T23:00:21.857+0000] {taskinstance.py:1956} INFO - Dependencies all met for dep_context=non-requeueable deps ti=<TaskInstance: price_intelligence_pipeline.dbt_run scheduled__2026-05-17T20:00:00+00:00 [queued]>
[2026-05-17T23:00:21.880+0000] {taskinstance.py:1956} INFO - Dependencies all met for dep_context=requeueable deps ti=<TaskInstance: price_intelligence_pipeline.dbt_run scheduled__2026-05-17T20:00:00+00:00 [queued]>
[2026-05-17T23:00:21.881+0000] {taskinstance.py:2170} INFO - Starting attempt 1 of 2
[2026-05-17T23:00:21.919+0000] {taskinstance.py:2191} INFO - Executing <Task(BashOperator): dbt_run> on 2026-05-17 20:00:00+00:00
[2026-05-17T23:00:21.930+0000] {standard_task_runner.py:60} INFO - Started process 46432 to run task
[2026-05-17T23:00:21.939+0000] {standard_task_runner.py:87} INFO - Running: ['***', 'tasks', 'run', 'price_intelligence_pipeline', 'dbt_run', 'scheduled__2026-05-17T20:00:00+00:00', '--job-id', '1373', '--raw', '--subdir', 'DAGS_FOLDER/price_intelligence_dag.py', '--cfg-path', '/tmp/tmp1ws86tr9']
[2026-05-17T23:00:21.945+0000] {standard_task_runner.py:88} INFO - Job 1373: Subtask dbt_run
[2026-05-17T23:00:22.150+0000] {task_command.py:423} INFO - Running <TaskInstance: price_intelligence_pipeline.dbt_run scheduled__2026-05-17T20:00:00+00:00 [running]> on host 91e0d3a0a233
[2026-05-17T23:00:22.532+0000] {taskinstance.py:2480} INFO - Exporting env vars: AIRFLOW_CTX_DAG_OWNER='***' AIRFLOW_CTX_DAG_ID='price_intelligence_pipeline' AIRFLOW_CTX_TASK_ID='dbt_run' AIRFLOW_CTX_EXECUTION_DATE='2026-05-17T20:00:00+00:00' AIRFLOW_CTX_TRY_NUMBER='1' AIRFLOW_CTX_DAG_RUN_ID='scheduled__2026-05-17T20:00:00+00:00'
[2026-05-17T23:00:22.539+0000] {subprocess.py:63} INFO - Tmp dir root location: /tmp
[2026-05-17T23:00:22.546+0000] {subprocess.py:75} INFO - Running command: ['/usr/bin/bash', '-c', '\n            set -e\n            cd /opt/***/dbt\n            export GOOGLE_APPLICATION_CREDENTIALS=/opt/***/gcp-credentials-new.json\n            /home/***/.local/bin/dbt run --full-refresh --profiles-dir . --project-dir .\n            echo dbt done\n        ']
[2026-05-17T23:00:22.580+0000] {subprocess.py:86} INFO - Output:
[2026-05-17T23:00:29.472+0000] {subprocess.py:93} INFO - [0m23:00:29  Running with dbt=1.8.7
[2026-05-17T23:00:32.334+0000] {subprocess.py:93} INFO - [0m23:00:32  Registered adapter: bigquery=1.8.3
[2026-05-17T23:00:34.434+0000] {subprocess.py:93} INFO - [0m23:00:34  Found 3 models, 1 seed, 7 data tests, 1 source, 479 macros
[2026-05-17T23:00:34.446+0000] {subprocess.py:93} INFO - [0m23:00:34
[2026-05-17T23:00:37.308+0000] {subprocess.py:93} INFO - [0m23:00:37  Concurrency: 4 threads (target='dev')
[2026-05-17T23:00:37.309+0000] {subprocess.py:93} INFO - [0m23:00:37
[2026-05-17T23:00:37.350+0000] {subprocess.py:93} INFO - [0m23:00:37  1 of 3 START sql view model price_intelligence_dbt.stg_prices .................. [RUN]
[2026-05-17T23:00:39.921+0000] {subprocess.py:93} INFO - [0m23:00:39  1 of 3 OK created sql view model price_intelligence_dbt.stg_prices ............. [[32mCREATE VIEW (0 processed)[0m in 2.56s]
[2026-05-17T23:00:39.930+0000] {subprocess.py:93} INFO - [0m23:00:39  2 of 3 START sql table model price_intelligence_dbt.prices_cleaned ............. [RUN]
[2026-05-17T23:00:44.689+0000] {subprocess.py:93} INFO - [0m23:00:44  2 of 3 OK created sql table model price_intelligence_dbt.prices_cleaned ........ [[32mCREATE TABLE (5.0k rows, 2.6 MiB processed)[0m in 4.74s]
[2026-05-17T23:00:44.717+0000] {subprocess.py:93} INFO - [0m23:00:44  3 of 3 START sql table model price_intelligence_dbt.prices_aggregated .......... [RUN]
[2026-05-17T23:00:49.509+0000] {subprocess.py:93} INFO - [0m23:00:49  3 of 3 OK created sql table model price_intelligence_dbt.prices_aggregated ..... [[32mCREATE TABLE (11.0 rows, 231.8 KiB processed)[0m in 4.76s]
[2026-05-17T23:00:49.666+0000] {subprocess.py:93} INFO - [0m23:00:49
[2026-05-17T23:00:49.681+0000] {subprocess.py:93} INFO - [0m23:00:49  Finished running 1 view model, 2 table models in 0 hours 0 minutes and 15.16 seconds (15.16s).
[2026-05-17T23:00:50.509+0000] {subprocess.py:93} INFO - [0m23:00:50
[2026-05-17T23:00:50.512+0000] {subprocess.py:93} INFO - [0m23:00:50  [32mCompleted successfully[0m
[2026-05-17T23:00:50.525+0000] {subprocess.py:93} INFO - [0m23:00:50
[2026-05-17T23:00:50.540+0000] {subprocess.py:93} INFO - [0m23:00:50  Done. PASS=3 WARN=0 ERROR=0 SKIP=0 TOTAL=3
[2026-05-17T23:00:53.787+0000] {subprocess.py:93} INFO - dbt done
[2026-05-17T23:00:53.827+0000] {subprocess.py:97} INFO - Command exited with return code 0
[2026-05-17T23:00:54.050+0000] {taskinstance.py:1138} INFO - Marking task as SUCCESS. dag_id=price_intelligence_pipeline, task_id=dbt_run, execution_date=20260517T200000, start_date=20260517T230021, end_date=20260517T230054
[2026-05-17T23:00:54.163+0000] {local_task_job_runner.py:234} INFO - Task exited with return code 0
[2026-05-17T23:00:54.303+0000] {taskinstance.py:3280} INFO - 1 downstream tasks scheduled from follow-on schedule check
