[2026-05-23T12:00:28.513+0000] {taskinstance.py:1956} INFO - Dependencies all met for dep_context=non-requeueable deps ti=<TaskInstance: price_intelligence_pipeline.dbt_run scheduled__2026-05-23T11:00:00+00:00 [queued]>
[2026-05-23T12:00:28.523+0000] {taskinstance.py:1956} INFO - Dependencies all met for dep_context=requeueable deps ti=<TaskInstance: price_intelligence_pipeline.dbt_run scheduled__2026-05-23T11:00:00+00:00 [queued]>
[2026-05-23T12:00:28.524+0000] {taskinstance.py:2170} INFO - Starting attempt 1 of 2
[2026-05-23T12:00:28.539+0000] {taskinstance.py:2191} INFO - Executing <Task(BashOperator): dbt_run> on 2026-05-23 11:00:00+00:00
[2026-05-23T12:00:28.546+0000] {standard_task_runner.py:60} INFO - Started process 91730 to run task
[2026-05-23T12:00:28.550+0000] {standard_task_runner.py:87} INFO - Running: ['***', 'tasks', 'run', 'price_intelligence_pipeline', 'dbt_run', 'scheduled__2026-05-23T11:00:00+00:00', '--job-id', '1841', '--raw', '--subdir', 'DAGS_FOLDER/price_intelligence_dag.py', '--cfg-path', '/tmp/tmppbid1b2o']
[2026-05-23T12:00:28.553+0000] {standard_task_runner.py:88} INFO - Job 1841: Subtask dbt_run
[2026-05-23T12:00:28.624+0000] {task_command.py:423} INFO - Running <TaskInstance: price_intelligence_pipeline.dbt_run scheduled__2026-05-23T11:00:00+00:00 [running]> on host 91e0d3a0a233
[2026-05-23T12:00:28.726+0000] {taskinstance.py:2480} INFO - Exporting env vars: AIRFLOW_CTX_DAG_OWNER='***' AIRFLOW_CTX_DAG_ID='price_intelligence_pipeline' AIRFLOW_CTX_TASK_ID='dbt_run' AIRFLOW_CTX_EXECUTION_DATE='2026-05-23T11:00:00+00:00' AIRFLOW_CTX_TRY_NUMBER='1' AIRFLOW_CTX_DAG_RUN_ID='scheduled__2026-05-23T11:00:00+00:00'
[2026-05-23T12:00:28.729+0000] {subprocess.py:63} INFO - Tmp dir root location: /tmp
[2026-05-23T12:00:28.731+0000] {subprocess.py:75} INFO - Running command: ['/usr/bin/bash', '-c', '\n            set -e\n            cd /opt/***/dbt\n            export GOOGLE_APPLICATION_CREDENTIALS=/opt/***/gcp-credentials-new.json\n            /home/***/.local/bin/dbt run --full-refresh --profiles-dir . --project-dir .\n            echo dbt done\n        ']
[2026-05-23T12:00:28.741+0000] {subprocess.py:86} INFO - Output:
[2026-05-23T12:00:30.445+0000] {subprocess.py:93} INFO - [0m12:00:30  Running with dbt=1.8.7
[2026-05-23T12:00:31.603+0000] {subprocess.py:93} INFO - [0m12:00:31  Registered adapter: bigquery=1.8.3
[2026-05-23T12:00:32.455+0000] {subprocess.py:93} INFO - [0m12:00:32  Found 3 models, 1 seed, 7 data tests, 1 source, 479 macros
[2026-05-23T12:00:32.458+0000] {subprocess.py:93} INFO - [0m12:00:32
[2026-05-23T12:00:35.190+0000] {subprocess.py:93} INFO - [0m12:00:35  Concurrency: 4 threads (target='dev')
[2026-05-23T12:00:35.191+0000] {subprocess.py:93} INFO - [0m12:00:35
[2026-05-23T12:00:35.202+0000] {subprocess.py:93} INFO - [0m12:00:35  1 of 3 START sql view model price_intelligence_dbt.stg_prices .................. [RUN]
[2026-05-23T12:00:37.081+0000] {subprocess.py:93} INFO - [0m12:00:37  1 of 3 OK created sql view model price_intelligence_dbt.stg_prices ............. [[32mCREATE VIEW (0 processed)[0m in 1.87s]
[2026-05-23T12:00:37.088+0000] {subprocess.py:93} INFO - [0m12:00:37  2 of 3 START sql table model price_intelligence_dbt.prices_cleaned ............. [RUN]
[2026-05-23T12:00:40.648+0000] {subprocess.py:93} INFO - [0m12:00:40  2 of 3 OK created sql table model price_intelligence_dbt.prices_cleaned ........ [[32mCREATE TABLE (1.7k rows, 1.1 MiB processed)[0m in 3.56s]
[2026-05-23T12:00:40.653+0000] {subprocess.py:93} INFO - [0m12:00:40  3 of 3 START sql table model price_intelligence_dbt.prices_aggregated .......... [RUN]
[2026-05-23T12:00:44.075+0000] {subprocess.py:93} INFO - [0m12:00:44  3 of 3 OK created sql table model price_intelligence_dbt.prices_aggregated ..... [[32mCREATE TABLE (10.0 rows, 68.8 KiB processed)[0m in 3.42s]
[2026-05-23T12:00:44.084+0000] {subprocess.py:93} INFO - [0m12:00:44
[2026-05-23T12:00:44.084+0000] {subprocess.py:93} INFO - [0m12:00:44  Finished running 1 view model, 2 table models in 0 hours 0 minutes and 11.62 seconds (11.62s).
[2026-05-23T12:00:44.197+0000] {subprocess.py:93} INFO - [0m12:00:44
[2026-05-23T12:00:44.200+0000] {subprocess.py:93} INFO - [0m12:00:44  [32mCompleted successfully[0m
[2026-05-23T12:00:44.202+0000] {subprocess.py:93} INFO - [0m12:00:44
[2026-05-23T12:00:44.205+0000] {subprocess.py:93} INFO - [0m12:00:44  Done. PASS=3 WARN=0 ERROR=0 SKIP=0 TOTAL=3
[2026-05-23T12:00:48.578+0000] {subprocess.py:93} INFO - dbt done
[2026-05-23T12:00:48.583+0000] {subprocess.py:97} INFO - Command exited with return code 0
[2026-05-23T12:00:48.618+0000] {taskinstance.py:1138} INFO - Marking task as SUCCESS. dag_id=price_intelligence_pipeline, task_id=dbt_run, execution_date=20260523T110000, start_date=20260523T120028, end_date=20260523T120048
[2026-05-23T12:00:48.658+0000] {local_task_job_runner.py:234} INFO - Task exited with return code 0
[2026-05-23T12:00:48.687+0000] {taskinstance.py:3280} INFO - 1 downstream tasks scheduled from follow-on schedule check
