[2026-05-24T12:18:59.870+0000] {taskinstance.py:1956} INFO - Dependencies all met for dep_context=non-requeueable deps ti=<TaskInstance: price_intelligence_pipeline.load_bigquery scheduled__2026-05-24T06:00:00+00:00 [queued]>
[2026-05-24T12:18:59.881+0000] {taskinstance.py:1956} INFO - Dependencies all met for dep_context=requeueable deps ti=<TaskInstance: price_intelligence_pipeline.load_bigquery scheduled__2026-05-24T06:00:00+00:00 [queued]>
[2026-05-24T12:18:59.882+0000] {taskinstance.py:2170} INFO - Starting attempt 1 of 2
[2026-05-24T12:18:59.897+0000] {taskinstance.py:2191} INFO - Executing <Task(BashOperator): load_bigquery> on 2026-05-24 06:00:00+00:00
[2026-05-24T12:18:59.902+0000] {standard_task_runner.py:60} INFO - Started process 11692 to run task
[2026-05-24T12:18:59.905+0000] {standard_task_runner.py:87} INFO - Running: ['***', 'tasks', 'run', 'price_intelligence_pipeline', 'load_bigquery', 'scheduled__2026-05-24T06:00:00+00:00', '--job-id', '1895', '--raw', '--subdir', 'DAGS_FOLDER/price_intelligence_dag.py', '--cfg-path', '/tmp/tmp7fy3q34_']
[2026-05-24T12:18:59.908+0000] {standard_task_runner.py:88} INFO - Job 1895: Subtask load_bigquery
[2026-05-24T12:18:59.988+0000] {task_command.py:423} INFO - Running <TaskInstance: price_intelligence_pipeline.load_bigquery scheduled__2026-05-24T06:00:00+00:00 [running]> on host 91e0d3a0a233
[2026-05-24T12:19:00.105+0000] {taskinstance.py:2480} INFO - Exporting env vars: AIRFLOW_CTX_DAG_OWNER='***' AIRFLOW_CTX_DAG_ID='price_intelligence_pipeline' AIRFLOW_CTX_TASK_ID='load_bigquery' AIRFLOW_CTX_EXECUTION_DATE='2026-05-24T06:00:00+00:00' AIRFLOW_CTX_TRY_NUMBER='1' AIRFLOW_CTX_DAG_RUN_ID='scheduled__2026-05-24T06:00:00+00:00'
[2026-05-24T12:19:00.106+0000] {subprocess.py:63} INFO - Tmp dir root location: /tmp
[2026-05-24T12:19:00.108+0000] {subprocess.py:75} INFO - Running command: ['/usr/bin/bash', '-c', '\n            set -e\n            cd /opt/***\n            export GOOGLE_APPLICATION_CREDENTIALS=/opt/***/gcp-credentials-new.json\n            python3 bigquery_load.py\n            echo BigQuery done\n        ']
[2026-05-24T12:19:00.122+0000] {subprocess.py:86} INFO - Output:
[2026-05-24T12:21:08.548+0000] {subprocess.py:93} INFO - /home/***/.local/lib/python3.8/site-packages/google/auth/_default.py:76: UserWarning: Your application has authenticated using end user credentials from Google Cloud SDK without a quota project. You might receive a "quota exceeded" or "API not enabled" error. See the following page for troubleshooting: https://cloud.google.com/docs/authentication/adc-troubleshooting/user-creds.
[2026-05-24T12:21:08.549+0000] {subprocess.py:93} INFO -   warnings.warn(_CLOUD_SDK_CREDENTIALS_WARNING)
[2026-05-24T12:21:08.550+0000] {subprocess.py:93} INFO - [OK] jumia.ma: 7004 rows
[2026-05-24T12:21:08.551+0000] {subprocess.py:93} INFO - [OK] avito.ma: 1692 rows
[2026-05-24T12:21:08.552+0000] {subprocess.py:93} INFO - [OK] amazon.com: 897 rows
[2026-05-24T12:21:08.552+0000] {subprocess.py:93} INFO - [OK] connecto.ma: 3031 rows
[2026-05-24T12:21:08.553+0000] {subprocess.py:93} INFO - 
[2026-05-24T12:21:08.553+0000] {subprocess.py:93} INFO - TOTAL: 12624 rows
[2026-05-24T12:21:08.553+0000] {subprocess.py:93} INFO - 
[2026-05-24T12:21:08.554+0000] {subprocess.py:93} INFO - ✅ 12624 lignes chargees dans BigQuery
[2026-05-24T12:21:08.555+0000] {subprocess.py:93} INFO - 
[2026-05-24T12:21:08.555+0000] {subprocess.py:93} INFO - === BigQuery par source ===
[2026-05-24T12:21:08.556+0000] {subprocess.py:93} INFO -   jumia.ma: 7004 produits | moy: 2944.0 MAD
[2026-05-24T12:21:08.556+0000] {subprocess.py:93} INFO -   connecto.ma: 3031 produits | moy: 5622.0 MAD
[2026-05-24T12:21:08.557+0000] {subprocess.py:93} INFO -   avito.ma: 1692 produits | moy: 1179383.0 MAD
[2026-05-24T12:21:08.557+0000] {subprocess.py:93} INFO -   amazon.com: 897 produits | moy: 4478.0 MAD
[2026-05-24T12:21:08.558+0000] {subprocess.py:93} INFO -   TOTAL: 12624
[2026-05-24T12:21:08.726+0000] {subprocess.py:93} INFO - BigQuery done
[2026-05-24T12:21:08.727+0000] {subprocess.py:97} INFO - Command exited with return code 0
[2026-05-24T12:21:08.769+0000] {taskinstance.py:1138} INFO - Marking task as SUCCESS. dag_id=price_intelligence_pipeline, task_id=load_bigquery, execution_date=20260524T060000, start_date=20260524T121859, end_date=20260524T122108
[2026-05-24T12:21:08.799+0000] {local_task_job_runner.py:234} INFO - Task exited with return code 0
[2026-05-24T12:21:08.833+0000] {taskinstance.py:3280} INFO - 1 downstream tasks scheduled from follow-on schedule check
