[2026-05-12T09:56:35.885+0000] {taskinstance.py:1956} INFO - Dependencies all met for dep_context=non-requeueable deps ti=<TaskInstance: price_intelligence_pipeline.dbt_run scheduled__2026-05-12T08:00:00+00:00 [queued]>
[2026-05-12T09:56:35.899+0000] {taskinstance.py:1956} INFO - Dependencies all met for dep_context=requeueable deps ti=<TaskInstance: price_intelligence_pipeline.dbt_run scheduled__2026-05-12T08:00:00+00:00 [queued]>
[2026-05-12T09:56:35.899+0000] {taskinstance.py:2170} INFO - Starting attempt 1 of 2
[2026-05-12T09:56:35.921+0000] {taskinstance.py:2191} INFO - Executing <Task(BashOperator): dbt_run> on 2026-05-12 08:00:00+00:00
[2026-05-12T09:56:35.928+0000] {standard_task_runner.py:60} INFO - Started process 12293 to run task
[2026-05-12T09:56:35.932+0000] {standard_task_runner.py:87} INFO - Running: ['***', 'tasks', 'run', 'price_intelligence_pipeline', 'dbt_run', 'scheduled__2026-05-12T08:00:00+00:00', '--job-id', '1029', '--raw', '--subdir', 'DAGS_FOLDER/price_intelligence_dag.py', '--cfg-path', '/tmp/tmp1tkmzhir']
[2026-05-12T09:56:35.936+0000] {standard_task_runner.py:88} INFO - Job 1029: Subtask dbt_run
[2026-05-12T09:56:36.030+0000] {task_command.py:423} INFO - Running <TaskInstance: price_intelligence_pipeline.dbt_run scheduled__2026-05-12T08:00:00+00:00 [running]> on host 91e0d3a0a233
[2026-05-12T09:56:36.182+0000] {taskinstance.py:2480} INFO - Exporting env vars: AIRFLOW_CTX_DAG_OWNER='***' AIRFLOW_CTX_DAG_ID='price_intelligence_pipeline' AIRFLOW_CTX_TASK_ID='dbt_run' AIRFLOW_CTX_EXECUTION_DATE='2026-05-12T08:00:00+00:00' AIRFLOW_CTX_TRY_NUMBER='1' AIRFLOW_CTX_DAG_RUN_ID='scheduled__2026-05-12T08:00:00+00:00'
[2026-05-12T09:56:36.184+0000] {subprocess.py:63} INFO - Tmp dir root location: /tmp
[2026-05-12T09:56:36.186+0000] {subprocess.py:75} INFO - Running command: ['/usr/bin/bash', '-c', '\n            set -e\n            cd /opt/***/dbt\n            export GOOGLE_APPLICATION_CREDENTIALS=/opt/***/gcp-credentials-new.json\n            /home/***/.local/bin/dbt run --full-refresh --profiles-dir . --project-dir .\n            echo dbt done\n        ']
[2026-05-12T09:56:36.201+0000] {subprocess.py:86} INFO - Output:
[2026-05-12T09:56:39.536+0000] {subprocess.py:93} INFO - [0m09:56:39  Running with dbt=1.8.7
[2026-05-12T09:56:42.008+0000] {subprocess.py:93} INFO - [0m09:56:42  Registered adapter: bigquery=1.8.3
[2026-05-12T09:56:43.237+0000] {subprocess.py:93} INFO - [0m09:56:43  Found 3 models, 1 seed, 7 data tests, 1 source, 479 macros
[2026-05-12T09:56:43.244+0000] {subprocess.py:93} INFO - [0m09:56:43
[2026-05-12T09:56:44.747+0000] {subprocess.py:93} INFO - [0m09:56:44  Concurrency: 4 threads (target='dev')
[2026-05-12T09:56:44.748+0000] {subprocess.py:93} INFO - [0m09:56:44
[2026-05-12T09:56:44.761+0000] {subprocess.py:93} INFO - [0m09:56:44  1 of 3 START sql view model price_intelligence_dbt.stg_prices .................. [RUN]
[2026-05-12T09:56:46.442+0000] {subprocess.py:93} INFO - [0m09:56:46  1 of 3 OK created sql view model price_intelligence_dbt.stg_prices ............. [[32mCREATE VIEW (0 processed)[0m in 1.68s]
[2026-05-12T09:56:46.449+0000] {subprocess.py:93} INFO - [0m09:56:46  2 of 3 START sql table model price_intelligence_dbt.prices_cleaned ............. [RUN]
[2026-05-12T09:56:50.351+0000] {subprocess.py:93} INFO - [0m09:56:50  2 of 3 OK created sql table model price_intelligence_dbt.prices_cleaned ........ [[32mCREATE TABLE (5.0k rows, 2.6 MiB processed)[0m in 3.90s]
[2026-05-12T09:56:50.363+0000] {subprocess.py:93} INFO - [0m09:56:50  3 of 3 START sql table model price_intelligence_dbt.prices_aggregated .......... [RUN]
[2026-05-12T09:56:53.861+0000] {subprocess.py:93} INFO - [0m09:56:53  3 of 3 OK created sql table model price_intelligence_dbt.prices_aggregated ..... [[32mCREATE TABLE (11.0 rows, 231.8 KiB processed)[0m in 3.49s]
[2026-05-12T09:56:53.891+0000] {subprocess.py:93} INFO - [0m09:56:53
[2026-05-12T09:56:53.893+0000] {subprocess.py:93} INFO - [0m09:56:53  Finished running 1 view model, 2 table models in 0 hours 0 minutes and 10.64 seconds (10.64s).
[2026-05-12T09:56:54.122+0000] {subprocess.py:93} INFO - [0m09:56:54
[2026-05-12T09:56:54.128+0000] {subprocess.py:93} INFO - [0m09:56:54  [32mCompleted successfully[0m
[2026-05-12T09:56:54.130+0000] {subprocess.py:93} INFO - [0m09:56:54
[2026-05-12T09:56:54.133+0000] {subprocess.py:93} INFO - [0m09:56:54  Done. PASS=3 WARN=0 ERROR=0 SKIP=0 TOTAL=3
[2026-05-12T09:56:55.660+0000] {subprocess.py:93} INFO - dbt done
[2026-05-12T09:56:55.670+0000] {subprocess.py:97} INFO - Command exited with return code 0
[2026-05-12T09:56:55.730+0000] {taskinstance.py:1138} INFO - Marking task as SUCCESS. dag_id=price_intelligence_pipeline, task_id=dbt_run, execution_date=20260512T080000, start_date=20260512T095635, end_date=20260512T095655
[2026-05-12T09:56:55.780+0000] {local_task_job_runner.py:234} INFO - Task exited with return code 0
[2026-05-12T09:56:55.856+0000] {taskinstance.py:3280} INFO - 1 downstream tasks scheduled from follow-on schedule check
