[2026-05-05T22:04:08.199+0000] {taskinstance.py:1956} INFO - Dependencies all met for dep_context=non-requeueable deps ti=<TaskInstance: price_intelligence_pipeline.scrape_avito manual__2026-05-05T21:34:41.627645+00:00 [queued]>
[2026-05-05T22:04:08.256+0000] {taskinstance.py:1956} INFO - Dependencies all met for dep_context=requeueable deps ti=<TaskInstance: price_intelligence_pipeline.scrape_avito manual__2026-05-05T21:34:41.627645+00:00 [queued]>
[2026-05-05T22:04:08.267+0000] {taskinstance.py:2170} INFO - Starting attempt 1 of 2
[2026-05-05T22:04:08.388+0000] {taskinstance.py:2191} INFO - Executing <Task(BashOperator): scrape_avito> on 2026-05-05 21:34:41.627645+00:00
[2026-05-05T22:04:08.421+0000] {standard_task_runner.py:60} INFO - Started process 8531 to run task
[2026-05-05T22:04:08.458+0000] {standard_task_runner.py:87} INFO - Running: ['***', 'tasks', 'run', 'price_intelligence_pipeline', 'scrape_avito', 'manual__2026-05-05T21:34:41.627645+00:00', '--job-id', '441', '--raw', '--subdir', 'DAGS_FOLDER/price_intelligence_dag.py', '--cfg-path', '/tmp/tmpit0_k7ai']
[2026-05-05T22:04:08.481+0000] {standard_task_runner.py:88} INFO - Job 441: Subtask scrape_avito
[2026-05-05T22:04:08.778+0000] {task_command.py:423} INFO - Running <TaskInstance: price_intelligence_pipeline.scrape_avito manual__2026-05-05T21:34:41.627645+00:00 [running]> on host 25ef6dfa8bdc
[2026-05-05T22:04:09.288+0000] {taskinstance.py:2480} INFO - Exporting env vars: AIRFLOW_CTX_DAG_OWNER='***' AIRFLOW_CTX_DAG_ID='price_intelligence_pipeline' AIRFLOW_CTX_TASK_ID='scrape_avito' AIRFLOW_CTX_EXECUTION_DATE='2026-05-05T21:34:41.627645+00:00' AIRFLOW_CTX_TRY_NUMBER='1' AIRFLOW_CTX_DAG_RUN_ID='manual__2026-05-05T21:34:41.627645+00:00'
[2026-05-05T22:04:09.310+0000] {subprocess.py:63} INFO - Tmp dir root location: /tmp
[2026-05-05T22:04:09.319+0000] {subprocess.py:75} INFO - Running command: ['/usr/bin/bash', '-c', '\n            cd /opt/***\n            mkdir -p data/raw\n            export DISPLAY=:99\n            python3 scrapers/spiders/avito_ma.py || echo "Avito done with warnings"\n        ']
[2026-05-05T22:04:09.397+0000] {subprocess.py:86} INFO - Output:
[2026-05-05T22:04:35.378+0000] {subprocess.py:93} INFO - Traceback (most recent call last):
[2026-05-05T22:04:35.379+0000] {subprocess.py:93} INFO -   File "scrapers/spiders/avito_ma.py", line 93, in <module>
[2026-05-05T22:04:35.380+0000] {subprocess.py:93} INFO -     scrape_avito()
[2026-05-05T22:04:35.382+0000] {subprocess.py:93} INFO -   File "scrapers/spiders/avito_ma.py", line 25, in scrape_avito
[2026-05-05T22:04:35.383+0000] {subprocess.py:93} INFO -     driver = webdriver.Chrome(service=Service(ChromeDriverManager().install()), options=options)
[2026-05-05T22:04:35.384+0000] {subprocess.py:93} INFO -   File "/home/***/.local/lib/python3.8/site-packages/selenium/webdriver/chrome/webdriver.py", line 45, in __init__
[2026-05-05T22:04:35.385+0000] {subprocess.py:93} INFO -     super().__init__(
[2026-05-05T22:04:35.387+0000] {subprocess.py:93} INFO -   File "/home/***/.local/lib/python3.8/site-packages/selenium/webdriver/chromium/webdriver.py", line 66, in __init__
[2026-05-05T22:04:35.388+0000] {subprocess.py:93} INFO -     super().__init__(command_executor=executor, options=options)
[2026-05-05T22:04:35.389+0000] {subprocess.py:93} INFO -   File "/home/***/.local/lib/python3.8/site-packages/selenium/webdriver/remote/webdriver.py", line 241, in __init__
[2026-05-05T22:04:35.390+0000] {subprocess.py:93} INFO -     self.start_session(capabilities)
[2026-05-05T22:04:35.391+0000] {subprocess.py:93} INFO -   File "/home/***/.local/lib/python3.8/site-packages/selenium/webdriver/remote/webdriver.py", line 329, in start_session
[2026-05-05T22:04:35.396+0000] {subprocess.py:93} INFO -     response = self.execute(Command.NEW_SESSION, caps)["value"]
[2026-05-05T22:04:35.398+0000] {subprocess.py:93} INFO -   File "/home/***/.local/lib/python3.8/site-packages/selenium/webdriver/remote/webdriver.py", line 384, in execute
[2026-05-05T22:04:35.399+0000] {subprocess.py:93} INFO -     self.error_handler.check_response(response)
[2026-05-05T22:04:35.400+0000] {subprocess.py:93} INFO -   File "/home/***/.local/lib/python3.8/site-packages/selenium/webdriver/remote/errorhandler.py", line 232, in check_response
[2026-05-05T22:04:35.402+0000] {subprocess.py:93} INFO -     raise exception_class(message, screen, stacktrace)
[2026-05-05T22:04:35.403+0000] {subprocess.py:93} INFO - selenium.common.exceptions.SessionNotCreatedException: Message: session not created: This version of ChromeDriver only supports Chrome version 114
[2026-05-05T22:04:35.404+0000] {subprocess.py:93} INFO - Current browser version is 147.0.7727.137 with binary path /usr/bin/chromium
[2026-05-05T22:04:35.406+0000] {subprocess.py:93} INFO - Stacktrace:
[2026-05-05T22:04:35.409+0000] {subprocess.py:93} INFO - #0 0x61c8760f04e3 <unknown>
[2026-05-05T22:04:35.416+0000] {subprocess.py:93} INFO - #1 0x61c875e1fc76 <unknown>
[2026-05-05T22:04:35.418+0000] {subprocess.py:93} INFO - #2 0x61c875e4d04a <unknown>
[2026-05-05T22:04:35.419+0000] {subprocess.py:93} INFO - #3 0x61c875e484a1 <unknown>
[2026-05-05T22:04:35.421+0000] {subprocess.py:93} INFO - #4 0x61c875e45029 <unknown>
[2026-05-05T22:04:35.423+0000] {subprocess.py:93} INFO - #5 0x61c875e83ccc <unknown>
[2026-05-05T22:04:35.425+0000] {subprocess.py:93} INFO - #6 0x61c875e8347f <unknown>
[2026-05-05T22:04:35.426+0000] {subprocess.py:93} INFO - #7 0x61c875e7ade3 <unknown>
[2026-05-05T22:04:35.427+0000] {subprocess.py:93} INFO - #8 0x61c875e502dd <unknown>
[2026-05-05T22:04:35.428+0000] {subprocess.py:93} INFO - #9 0x61c875e5134e <unknown>
[2026-05-05T22:04:35.429+0000] {subprocess.py:93} INFO - #10 0x61c8760b03e4 <unknown>
[2026-05-05T22:04:35.430+0000] {subprocess.py:93} INFO - #11 0x61c8760b43d7 <unknown>
[2026-05-05T22:04:35.431+0000] {subprocess.py:93} INFO - #12 0x61c8760beb20 <unknown>
[2026-05-05T22:04:35.433+0000] {subprocess.py:93} INFO - #13 0x61c8760b5023 <unknown>
[2026-05-05T22:04:35.434+0000] {subprocess.py:93} INFO - #14 0x61c8760831aa <unknown>
[2026-05-05T22:04:35.440+0000] {subprocess.py:93} INFO - #15 0x61c8760d96b8 <unknown>
[2026-05-05T22:04:35.457+0000] {subprocess.py:93} INFO - #16 0x61c8760d9847 <unknown>
[2026-05-05T22:04:35.474+0000] {subprocess.py:93} INFO - #17 0x61c8760e9243 <unknown>
[2026-05-05T22:04:35.475+0000] {subprocess.py:93} INFO - #18 0x7aa0aff81134 <unknown>
[2026-05-05T22:04:35.477+0000] {subprocess.py:93} INFO - 
[2026-05-05T22:04:35.531+0000] {subprocess.py:93} INFO - Avito done with warnings
[2026-05-05T22:04:35.533+0000] {subprocess.py:97} INFO - Command exited with return code 0
[2026-05-05T22:04:35.735+0000] {taskinstance.py:1138} INFO - Marking task as SUCCESS. dag_id=price_intelligence_pipeline, task_id=scrape_avito, execution_date=20260505T213441, start_date=20260505T220408, end_date=20260505T220435
[2026-05-05T22:04:35.853+0000] {local_task_job_runner.py:234} INFO - Task exited with return code 0
[2026-05-05T22:04:36.073+0000] {taskinstance.py:3280} INFO - 1 downstream tasks scheduled from follow-on schedule check
