[2026-05-06T15:04:36.361+0000] {taskinstance.py:1956} INFO - Dependencies all met for dep_context=non-requeueable deps ti=<TaskInstance: price_intelligence_pipeline.scrape_avito manual__2026-05-06T15:02:51.600644+00:00 [queued]>
[2026-05-06T15:04:36.382+0000] {taskinstance.py:1956} INFO - Dependencies all met for dep_context=requeueable deps ti=<TaskInstance: price_intelligence_pipeline.scrape_avito manual__2026-05-06T15:02:51.600644+00:00 [queued]>
[2026-05-06T15:04:36.383+0000] {taskinstance.py:2170} INFO - Starting attempt 1 of 2
[2026-05-06T15:04:36.425+0000] {taskinstance.py:2191} INFO - Executing <Task(BashOperator): scrape_avito> on 2026-05-06 15:02:51.600644+00:00
[2026-05-06T15:04:36.446+0000] {standard_task_runner.py:60} INFO - Started process 19068 to run task
[2026-05-06T15:04:36.460+0000] {standard_task_runner.py:87} INFO - Running: ['***', 'tasks', 'run', 'price_intelligence_pipeline', 'scrape_avito', 'manual__2026-05-06T15:02:51.600644+00:00', '--job-id', '587', '--raw', '--subdir', 'DAGS_FOLDER/price_intelligence_dag.py', '--cfg-path', '/tmp/tmpttruc891']
[2026-05-06T15:04:36.465+0000] {standard_task_runner.py:88} INFO - Job 587: Subtask scrape_avito
[2026-05-06T15:04:36.666+0000] {task_command.py:423} INFO - Running <TaskInstance: price_intelligence_pipeline.scrape_avito manual__2026-05-06T15:02:51.600644+00:00 [running]> on host 25ef6dfa8bdc
[2026-05-06T15:04:36.984+0000] {taskinstance.py:2480} INFO - Exporting env vars: AIRFLOW_CTX_DAG_OWNER='***' AIRFLOW_CTX_DAG_ID='price_intelligence_pipeline' AIRFLOW_CTX_TASK_ID='scrape_avito' AIRFLOW_CTX_EXECUTION_DATE='2026-05-06T15:02:51.600644+00:00' AIRFLOW_CTX_TRY_NUMBER='1' AIRFLOW_CTX_DAG_RUN_ID='manual__2026-05-06T15:02:51.600644+00:00'
[2026-05-06T15:04:37.002+0000] {subprocess.py:63} INFO - Tmp dir root location: /tmp
[2026-05-06T15:04:37.007+0000] {subprocess.py:75} INFO - Running command: ['/usr/bin/bash', '-c', '\n            cd /opt/***\n            mkdir -p data/raw\n            export DISPLAY=:99\n            python3 scrapers/spiders/avito_ma.py || echo "Avito done with warnings"\n        ']
[2026-05-06T15:04:37.076+0000] {subprocess.py:86} INFO - Output:
[2026-05-06T15:04:54.866+0000] {subprocess.py:93} INFO - Traceback (most recent call last):
[2026-05-06T15:04:54.867+0000] {subprocess.py:93} INFO -   File "/home/***/.local/lib/python3.8/site-packages/webdriver_manager/core/file_manager.py", line 65, in __extract_zip
[2026-05-06T15:04:54.869+0000] {subprocess.py:93} INFO -     archive.extractall(to_directory)
[2026-05-06T15:04:54.870+0000] {subprocess.py:93} INFO -   File "/usr/local/lib/python3.8/zipfile.py", line 1647, in extractall
[2026-05-06T15:04:54.871+0000] {subprocess.py:93} INFO -     self._extract_member(zipinfo, path, pwd)
[2026-05-06T15:04:54.873+0000] {subprocess.py:93} INFO -   File "/usr/local/lib/python3.8/zipfile.py", line 1702, in _extract_member
[2026-05-06T15:04:54.875+0000] {subprocess.py:93} INFO -     shutil.copyfileobj(source, target)
[2026-05-06T15:04:54.875+0000] {subprocess.py:93} INFO -   File "/usr/local/lib/python3.8/shutil.py", line 205, in copyfileobj
[2026-05-06T15:04:54.876+0000] {subprocess.py:93} INFO -     buf = fsrc_read(length)
[2026-05-06T15:04:54.877+0000] {subprocess.py:93} INFO -   File "/usr/local/lib/python3.8/zipfile.py", line 940, in read
[2026-05-06T15:04:54.877+0000] {subprocess.py:93} INFO -     data = self._read1(n)
[2026-05-06T15:04:54.878+0000] {subprocess.py:93} INFO -   File "/usr/local/lib/python3.8/zipfile.py", line 1008, in _read1
[2026-05-06T15:04:54.879+0000] {subprocess.py:93} INFO -     data += self._read2(n - len(data))
[2026-05-06T15:04:54.879+0000] {subprocess.py:93} INFO -   File "/usr/local/lib/python3.8/zipfile.py", line 1043, in _read2
[2026-05-06T15:04:54.880+0000] {subprocess.py:93} INFO -     raise EOFError
[2026-05-06T15:04:54.881+0000] {subprocess.py:93} INFO - EOFError
[2026-05-06T15:04:54.882+0000] {subprocess.py:93} INFO - 
[2026-05-06T15:04:54.883+0000] {subprocess.py:93} INFO - During handling of the above exception, another exception occurred:
[2026-05-06T15:04:54.885+0000] {subprocess.py:93} INFO - 
[2026-05-06T15:04:54.886+0000] {subprocess.py:93} INFO - Traceback (most recent call last):
[2026-05-06T15:04:54.888+0000] {subprocess.py:93} INFO -   File "scrapers/spiders/avito_ma.py", line 93, in <module>
[2026-05-06T15:04:54.889+0000] {subprocess.py:93} INFO -     scrape_avito()
[2026-05-06T15:04:54.890+0000] {subprocess.py:93} INFO -   File "scrapers/spiders/avito_ma.py", line 25, in scrape_avito
[2026-05-06T15:04:54.892+0000] {subprocess.py:93} INFO -     driver = webdriver.Chrome(service=Service(ChromeDriverManager().install()), options=options)
[2026-05-06T15:04:54.893+0000] {subprocess.py:93} INFO -   File "/home/***/.local/lib/python3.8/site-packages/webdriver_manager/chrome.py", line 40, in install
[2026-05-06T15:04:54.896+0000] {subprocess.py:93} INFO -     driver_path = self._get_driver_binary_path(self.driver)
[2026-05-06T15:04:54.899+0000] {subprocess.py:93} INFO -   File "/home/***/.local/lib/python3.8/site-packages/webdriver_manager/core/manager.py", line 41, in _get_driver_binary_path
[2026-05-06T15:04:54.900+0000] {subprocess.py:93} INFO -     binary_path = self._cache_manager.save_file_to_cache(driver, file)
[2026-05-06T15:04:54.901+0000] {subprocess.py:93} INFO -   File "/home/***/.local/lib/python3.8/site-packages/webdriver_manager/core/driver_cache.py", line 54, in save_file_to_cache
[2026-05-06T15:04:54.902+0000] {subprocess.py:93} INFO -     files = self.unpack_archive(archive, path)
[2026-05-06T15:04:54.903+0000] {subprocess.py:93} INFO -   File "/home/***/.local/lib/python3.8/site-packages/webdriver_manager/core/driver_cache.py", line 49, in unpack_archive
[2026-05-06T15:04:54.904+0000] {subprocess.py:93} INFO -     return self._file_manager.unpack_archive(archive, path)
[2026-05-06T15:04:54.905+0000] {subprocess.py:93} INFO -   File "/home/***/.local/lib/python3.8/site-packages/webdriver_manager/core/file_manager.py", line 57, in unpack_archive
[2026-05-06T15:04:54.907+0000] {subprocess.py:93} INFO -     return self.__extract_zip(archive_file, target_dir)
[2026-05-06T15:04:54.908+0000] {subprocess.py:93} INFO -   File "/home/***/.local/lib/python3.8/site-packages/webdriver_manager/core/file_manager.py", line 67, in __extract_zip
[2026-05-06T15:04:54.909+0000] {subprocess.py:93} INFO -     if e.args[0] not in [26, 13] and e.args[1] not in [
[2026-05-06T15:04:54.911+0000] {subprocess.py:93} INFO - IndexError: tuple index out of range
[2026-05-06T15:04:54.959+0000] {subprocess.py:93} INFO - Avito done with warnings
[2026-05-06T15:04:54.960+0000] {subprocess.py:97} INFO - Command exited with return code 0
[2026-05-06T15:04:55.028+0000] {taskinstance.py:1138} INFO - Marking task as SUCCESS. dag_id=price_intelligence_pipeline, task_id=scrape_avito, execution_date=20260506T150251, start_date=20260506T150436, end_date=20260506T150455
[2026-05-06T15:04:55.081+0000] {local_task_job_runner.py:234} INFO - Task exited with return code 0
[2026-05-06T15:04:55.136+0000] {taskinstance.py:3280} INFO - 0 downstream tasks scheduled from follow-on schedule check
