[2026-05-07T22:19:31.182+0000] {taskinstance.py:1956} INFO - Dependencies all met for dep_context=non-requeueable deps ti=<TaskInstance: price_intelligence_pipeline.dbt_run manual__2026-05-07T22:15:22.791998+00:00 [queued]>
[2026-05-07T22:19:31.217+0000] {taskinstance.py:1956} INFO - Dependencies all met for dep_context=requeueable deps ti=<TaskInstance: price_intelligence_pipeline.dbt_run manual__2026-05-07T22:15:22.791998+00:00 [queued]>
[2026-05-07T22:19:31.219+0000] {taskinstance.py:2170} INFO - Starting attempt 2 of 2
[2026-05-07T22:19:31.257+0000] {taskinstance.py:2191} INFO - Executing <Task(BashOperator): dbt_run> on 2026-05-07 22:15:22.791998+00:00
[2026-05-07T22:19:31.269+0000] {standard_task_runner.py:60} INFO - Started process 2312 to run task
[2026-05-07T22:19:31.296+0000] {standard_task_runner.py:87} INFO - Running: ['***', 'tasks', 'run', 'price_intelligence_pipeline', 'dbt_run', 'manual__2026-05-07T22:15:22.791998+00:00', '--job-id', '735', '--raw', '--subdir', 'DAGS_FOLDER/price_intelligence_dag.py', '--cfg-path', '/tmp/tmpw0ynch6u']
[2026-05-07T22:19:31.302+0000] {standard_task_runner.py:88} INFO - Job 735: Subtask dbt_run
[2026-05-07T22:19:31.582+0000] {task_command.py:423} INFO - Running <TaskInstance: price_intelligence_pipeline.dbt_run manual__2026-05-07T22:15:22.791998+00:00 [running]> on host 25ef6dfa8bdc
[2026-05-07T22:19:31.881+0000] {taskinstance.py:2480} INFO - Exporting env vars: AIRFLOW_CTX_DAG_OWNER='***' AIRFLOW_CTX_DAG_ID='price_intelligence_pipeline' AIRFLOW_CTX_TASK_ID='dbt_run' AIRFLOW_CTX_EXECUTION_DATE='2026-05-07T22:15:22.791998+00:00' AIRFLOW_CTX_TRY_NUMBER='2' AIRFLOW_CTX_DAG_RUN_ID='manual__2026-05-07T22:15:22.791998+00:00'
[2026-05-07T22:19:31.886+0000] {subprocess.py:63} INFO - Tmp dir root location: /tmp
[2026-05-07T22:19:31.890+0000] {subprocess.py:75} INFO - Running command: ['/usr/bin/bash', '-c', '\n            set -e\n            cd /opt/***/dbt\n            export GOOGLE_APPLICATION_CREDENTIALS=/opt/***/gcp-credentials-new.json\n            /home/***/.local/bin/dbt run --full-refresh --profiles-dir . --project-dir .\n            echo dbt done\n        ']
[2026-05-07T22:19:31.917+0000] {subprocess.py:86} INFO - Output:
[2026-05-07T22:19:36.963+0000] {subprocess.py:93} INFO - [0m22:19:36  Running with dbt=1.8.7
[2026-05-07T22:19:39.896+0000] {subprocess.py:93} INFO - [0m22:19:39  Registered adapter: bigquery=1.8.3
[2026-05-07T22:19:41.639+0000] {subprocess.py:93} INFO - [0m22:19:41  Found 3 models, 1 seed, 7 data tests, 1 source, 479 macros
[2026-05-07T22:19:41.653+0000] {subprocess.py:93} INFO - [0m22:19:41
[2026-05-07T22:19:48.474+0000] {subprocess.py:93} INFO - [0m22:19:48  Concurrency: 4 threads (target='dev')
[2026-05-07T22:19:48.476+0000] {subprocess.py:93} INFO - [0m22:19:48
[2026-05-07T22:19:48.504+0000] {subprocess.py:93} INFO - [0m22:19:48  1 of 3 START sql view model price_intelligence_dbt.stg_prices .................. [RUN]
[2026-05-07T22:19:55.545+0000] {subprocess.py:93} INFO - [0m22:19:55  BigQuery adapter: https://console.cloud.google.com/bigquery?project=project-32a82952-90fa-4dd7-b9c&j=bq:US:3b27c702-a907-457a-8da0-5dea51b5b4b2&page=queryresults
[2026-05-07T22:19:55.561+0000] {subprocess.py:93} INFO - [0m22:19:55  1 of 3 ERROR creating sql view model price_intelligence_dbt.stg_prices ......... [[31mERROR[0m in 7.05s]
[2026-05-07T22:19:55.567+0000] {subprocess.py:93} INFO - [0m22:19:55  2 of 3 SKIP relation price_intelligence_dbt.prices_cleaned ..................... [[33mSKIP[0m]
[2026-05-07T22:19:55.574+0000] {subprocess.py:93} INFO - [0m22:19:55  3 of 3 SKIP relation price_intelligence_dbt.prices_aggregated .................. [[33mSKIP[0m]
[2026-05-07T22:19:55.582+0000] {subprocess.py:93} INFO - [0m22:19:55
[2026-05-07T22:19:55.583+0000] {subprocess.py:93} INFO - [0m22:19:55  Finished running 1 view model, 2 table models in 0 hours 0 minutes and 13.93 seconds (13.93s).
[2026-05-07T22:19:55.653+0000] {subprocess.py:93} INFO - [0m22:19:55
[2026-05-07T22:19:55.654+0000] {subprocess.py:93} INFO - [0m22:19:55  [31mCompleted with 1 error and 0 warnings:[0m
[2026-05-07T22:19:55.655+0000] {subprocess.py:93} INFO - [0m22:19:55
[2026-05-07T22:19:55.657+0000] {subprocess.py:93} INFO - [0m22:19:55    Database Error in model stg_prices (models/staging/stg_prices.sql)
[2026-05-07T22:19:55.657+0000] {subprocess.py:93} INFO -   Unrecognized name: old_price at [11:10]
[2026-05-07T22:19:55.658+0000] {subprocess.py:93} INFO -   compiled code at target/run/price_intelligence/models/staging/stg_prices.sql
[2026-05-07T22:19:55.659+0000] {subprocess.py:93} INFO - [0m22:19:55
[2026-05-07T22:19:55.660+0000] {subprocess.py:93} INFO - [0m22:19:55  Done. PASS=0 WARN=0 ERROR=1 SKIP=2 TOTAL=3
[2026-05-07T22:20:00.082+0000] {subprocess.py:97} INFO - Command exited with return code 1
[2026-05-07T22:20:00.115+0000] {taskinstance.py:2698} ERROR - Task failed with exception
Traceback (most recent call last):
  File "/home/airflow/.local/lib/python3.8/site-packages/airflow/models/taskinstance.py", line 428, in _execute_task
    result = execute_callable(context=context, **execute_callable_kwargs)
  File "/home/airflow/.local/lib/python3.8/site-packages/airflow/operators/bash.py", line 212, in execute
    raise AirflowException(
airflow.exceptions.AirflowException: Bash command failed. The command returned a non-zero exit code 1.
[2026-05-07T22:20:00.122+0000] {taskinstance.py:1138} INFO - Marking task as FAILED. dag_id=price_intelligence_pipeline, task_id=dbt_run, execution_date=20260507T221522, start_date=20260507T221931, end_date=20260507T222000
[2026-05-07T22:20:00.148+0000] {standard_task_runner.py:107} ERROR - Failed to execute job 735 for task dbt_run (Bash command failed. The command returned a non-zero exit code 1.; 2312)
[2026-05-07T22:20:00.199+0000] {local_task_job_runner.py:234} INFO - Task exited with return code 1
[2026-05-07T22:20:00.239+0000] {taskinstance.py:3280} INFO - 0 downstream tasks scheduled from follow-on schedule check
