[2026-05-09T17:47:00.354+0000] {taskinstance.py:1956} INFO - Dependencies all met for dep_context=non-requeueable deps ti=<TaskInstance: price_intelligence_pipeline.dbt_run scheduled__2026-05-09T16:00:00+00:00 [queued]>
[2026-05-09T17:47:00.364+0000] {taskinstance.py:1956} INFO - Dependencies all met for dep_context=requeueable deps ti=<TaskInstance: price_intelligence_pipeline.dbt_run scheduled__2026-05-09T16:00:00+00:00 [queued]>
[2026-05-09T17:47:00.365+0000] {taskinstance.py:2170} INFO - Starting attempt 1 of 2
[2026-05-09T17:47:00.383+0000] {taskinstance.py:2191} INFO - Executing <Task(BashOperator): dbt_run> on 2026-05-09 16:00:00+00:00
[2026-05-09T17:47:00.389+0000] {standard_task_runner.py:60} INFO - Started process 6027 to run task
[2026-05-09T17:47:00.394+0000] {standard_task_runner.py:87} INFO - Running: ['***', 'tasks', 'run', 'price_intelligence_pipeline', 'dbt_run', 'scheduled__2026-05-09T16:00:00+00:00', '--job-id', '930', '--raw', '--subdir', 'DAGS_FOLDER/price_intelligence_dag.py', '--cfg-path', '/tmp/tmpj42lung7']
[2026-05-09T17:47:00.398+0000] {standard_task_runner.py:88} INFO - Job 930: Subtask dbt_run
[2026-05-09T17:47:00.481+0000] {task_command.py:423} INFO - Running <TaskInstance: price_intelligence_pipeline.dbt_run scheduled__2026-05-09T16:00:00+00:00 [running]> on host 91e0d3a0a233
[2026-05-09T17:47:00.593+0000] {taskinstance.py:2480} INFO - Exporting env vars: AIRFLOW_CTX_DAG_OWNER='***' AIRFLOW_CTX_DAG_ID='price_intelligence_pipeline' AIRFLOW_CTX_TASK_ID='dbt_run' AIRFLOW_CTX_EXECUTION_DATE='2026-05-09T16:00:00+00:00' AIRFLOW_CTX_TRY_NUMBER='1' AIRFLOW_CTX_DAG_RUN_ID='scheduled__2026-05-09T16:00:00+00:00'
[2026-05-09T17:47:00.595+0000] {subprocess.py:63} INFO - Tmp dir root location: /tmp
[2026-05-09T17:47:00.596+0000] {subprocess.py:75} INFO - Running command: ['/usr/bin/bash', '-c', '\n            set -e\n            cd /opt/***/dbt\n            export GOOGLE_APPLICATION_CREDENTIALS=/opt/***/gcp-credentials-new.json\n            /home/***/.local/bin/dbt run --full-refresh --profiles-dir . --project-dir .\n            echo dbt done\n        ']
[2026-05-09T17:47:00.608+0000] {subprocess.py:86} INFO - Output:
[2026-05-09T17:47:02.962+0000] {subprocess.py:93} INFO - [0m17:47:02  Running with dbt=1.8.7
[2026-05-09T17:47:04.546+0000] {subprocess.py:93} INFO - [0m17:47:04  Registered adapter: bigquery=1.8.3
[2026-05-09T17:47:05.615+0000] {subprocess.py:93} INFO - [0m17:47:05  Found 3 models, 1 seed, 7 data tests, 1 source, 479 macros
[2026-05-09T17:47:05.619+0000] {subprocess.py:93} INFO - [0m17:47:05
[2026-05-09T17:47:07.216+0000] {subprocess.py:93} INFO - [0m17:47:07  Concurrency: 4 threads (target='dev')
[2026-05-09T17:47:07.218+0000] {subprocess.py:93} INFO - [0m17:47:07
[2026-05-09T17:47:07.242+0000] {subprocess.py:93} INFO - [0m17:47:07  1 of 3 START sql view model price_intelligence_dbt.stg_prices .................. [RUN]
[2026-05-09T17:47:08.932+0000] {subprocess.py:93} INFO - [0m17:47:08  1 of 3 OK created sql view model price_intelligence_dbt.stg_prices ............. [[32mCREATE VIEW (0 processed)[0m in 1.68s]
[2026-05-09T17:47:08.944+0000] {subprocess.py:93} INFO - [0m17:47:08  2 of 3 START sql table model price_intelligence_dbt.prices_cleaned ............. [RUN]
[2026-05-09T17:47:12.986+0000] {subprocess.py:93} INFO - [0m17:47:12  2 of 3 OK created sql table model price_intelligence_dbt.prices_cleaned ........ [[32mCREATE TABLE (5.0k rows, 2.6 MiB processed)[0m in 4.02s]
[2026-05-09T17:47:13.006+0000] {subprocess.py:93} INFO - [0m17:47:13  3 of 3 START sql table model price_intelligence_dbt.prices_aggregated .......... [RUN]
[2026-05-09T17:47:16.649+0000] {subprocess.py:93} INFO - [0m17:47:16  3 of 3 OK created sql table model price_intelligence_dbt.prices_aggregated ..... [[32mCREATE TABLE (11.0 rows, 231.8 KiB processed)[0m in 3.64s]
[2026-05-09T17:47:16.667+0000] {subprocess.py:93} INFO - [0m17:47:16
[2026-05-09T17:47:16.671+0000] {subprocess.py:93} INFO - [0m17:47:16  Finished running 1 view model, 2 table models in 0 hours 0 minutes and 11.05 seconds (11.05s).
[2026-05-09T17:47:16.843+0000] {subprocess.py:93} INFO - [0m17:47:16
[2026-05-09T17:47:16.845+0000] {subprocess.py:93} INFO - [0m17:47:16  [32mCompleted successfully[0m
[2026-05-09T17:47:16.846+0000] {subprocess.py:93} INFO - [0m17:47:16
[2026-05-09T17:47:16.848+0000] {subprocess.py:93} INFO - [0m17:47:16  Done. PASS=3 WARN=0 ERROR=0 SKIP=0 TOTAL=3
[2026-05-09T17:47:18.025+0000] {subprocess.py:93} INFO - dbt done
[2026-05-09T17:47:18.037+0000] {subprocess.py:97} INFO - Command exited with return code 0
[2026-05-09T17:47:18.093+0000] {taskinstance.py:1138} INFO - Marking task as SUCCESS. dag_id=price_intelligence_pipeline, task_id=dbt_run, execution_date=20260509T160000, start_date=20260509T174700, end_date=20260509T174718
[2026-05-09T17:47:18.154+0000] {local_task_job_runner.py:234} INFO - Task exited with return code 0
[2026-05-09T17:47:18.184+0000] {taskinstance.py:3280} INFO - 1 downstream tasks scheduled from follow-on schedule check
