[2026-05-19T14:34:23.874+0000] {taskinstance.py:1956} INFO - Dependencies all met for dep_context=non-requeueable deps ti=<TaskInstance: price_intelligence_pipeline.dbt_run scheduled__2026-05-19T11:00:00+00:00 [queued]>
[2026-05-19T14:34:23.932+0000] {taskinstance.py:1956} INFO - Dependencies all met for dep_context=requeueable deps ti=<TaskInstance: price_intelligence_pipeline.dbt_run scheduled__2026-05-19T11:00:00+00:00 [queued]>
[2026-05-19T14:34:23.936+0000] {taskinstance.py:2170} INFO - Starting attempt 1 of 2
[2026-05-19T14:34:24.018+0000] {taskinstance.py:2191} INFO - Executing <Task(BashOperator): dbt_run> on 2026-05-19 11:00:00+00:00
[2026-05-19T14:34:24.040+0000] {standard_task_runner.py:60} INFO - Started process 54378 to run task
[2026-05-19T14:34:24.052+0000] {standard_task_runner.py:87} INFO - Running: ['***', 'tasks', 'run', 'price_intelligence_pipeline', 'dbt_run', 'scheduled__2026-05-19T11:00:00+00:00', '--job-id', '1463', '--raw', '--subdir', 'DAGS_FOLDER/price_intelligence_dag.py', '--cfg-path', '/tmp/tmpxz9xq4n7']
[2026-05-19T14:34:24.064+0000] {standard_task_runner.py:88} INFO - Job 1463: Subtask dbt_run
[2026-05-19T14:34:24.349+0000] {task_command.py:423} INFO - Running <TaskInstance: price_intelligence_pipeline.dbt_run scheduled__2026-05-19T11:00:00+00:00 [running]> on host 91e0d3a0a233
[2026-05-19T14:34:24.709+0000] {taskinstance.py:2480} INFO - Exporting env vars: AIRFLOW_CTX_DAG_OWNER='***' AIRFLOW_CTX_DAG_ID='price_intelligence_pipeline' AIRFLOW_CTX_TASK_ID='dbt_run' AIRFLOW_CTX_EXECUTION_DATE='2026-05-19T11:00:00+00:00' AIRFLOW_CTX_TRY_NUMBER='1' AIRFLOW_CTX_DAG_RUN_ID='scheduled__2026-05-19T11:00:00+00:00'
[2026-05-19T14:34:24.713+0000] {subprocess.py:63} INFO - Tmp dir root location: /tmp
[2026-05-19T14:34:24.716+0000] {subprocess.py:75} INFO - Running command: ['/usr/bin/bash', '-c', '\n            set -e\n            cd /opt/***/dbt\n            export GOOGLE_APPLICATION_CREDENTIALS=/opt/***/gcp-credentials-new.json\n            /home/***/.local/bin/dbt run --full-refresh --profiles-dir . --project-dir .\n            echo dbt done\n        ']
[2026-05-19T14:34:24.746+0000] {subprocess.py:86} INFO - Output:
[2026-05-19T14:34:43.910+0000] {subprocess.py:93} INFO - [0m14:34:43  Running with dbt=1.8.7
[2026-05-19T14:34:55.476+0000] {subprocess.py:93} INFO - [0m14:34:55  Registered adapter: bigquery=1.8.3
[2026-05-19T14:35:02.808+0000] {subprocess.py:93} INFO - [0m14:35:02  Found 3 models, 1 seed, 7 data tests, 1 source, 479 macros
[2026-05-19T14:35:02.826+0000] {subprocess.py:93} INFO - [0m14:35:02
[2026-05-19T14:35:05.311+0000] {subprocess.py:93} INFO - [0m14:35:05  Concurrency: 4 threads (target='dev')
[2026-05-19T14:35:05.313+0000] {subprocess.py:93} INFO - [0m14:35:05
[2026-05-19T14:35:05.346+0000] {subprocess.py:93} INFO - [0m14:35:05  1 of 3 START sql view model price_intelligence_dbt.stg_prices .................. [RUN]
[2026-05-19T14:35:07.702+0000] {subprocess.py:93} INFO - [0m14:35:07  1 of 3 OK created sql view model price_intelligence_dbt.stg_prices ............. [[32mCREATE VIEW (0 processed)[0m in 2.33s]
[2026-05-19T14:35:07.747+0000] {subprocess.py:93} INFO - [0m14:35:07  2 of 3 START sql table model price_intelligence_dbt.prices_cleaned ............. [RUN]
[2026-05-19T14:35:12.418+0000] {subprocess.py:93} INFO - [0m14:35:12  2 of 3 OK created sql table model price_intelligence_dbt.prices_cleaned ........ [[32mCREATE TABLE (5.0k rows, 2.6 MiB processed)[0m in 4.65s]
[2026-05-19T14:35:12.453+0000] {subprocess.py:93} INFO - [0m14:35:12  3 of 3 START sql table model price_intelligence_dbt.prices_aggregated .......... [RUN]
[2026-05-19T14:35:17.005+0000] {subprocess.py:93} INFO - [0m14:35:17  3 of 3 OK created sql table model price_intelligence_dbt.prices_aggregated ..... [[32mCREATE TABLE (11.0 rows, 231.8 KiB processed)[0m in 4.53s]
[2026-05-19T14:35:17.041+0000] {subprocess.py:93} INFO - [0m14:35:17
[2026-05-19T14:35:17.045+0000] {subprocess.py:93} INFO - [0m14:35:17  Finished running 1 view model, 2 table models in 0 hours 0 minutes and 14.21 seconds (14.21s).
[2026-05-19T14:35:17.433+0000] {subprocess.py:93} INFO - [0m14:35:17
[2026-05-19T14:35:17.439+0000] {subprocess.py:93} INFO - [0m14:35:17  [32mCompleted successfully[0m
[2026-05-19T14:35:17.449+0000] {subprocess.py:93} INFO - [0m14:35:17
[2026-05-19T14:35:17.461+0000] {subprocess.py:93} INFO - [0m14:35:17  Done. PASS=3 WARN=0 ERROR=0 SKIP=0 TOTAL=3
[2026-05-19T14:35:19.336+0000] {subprocess.py:93} INFO - dbt done
[2026-05-19T14:35:19.358+0000] {subprocess.py:97} INFO - Command exited with return code 0
[2026-05-19T14:35:19.474+0000] {taskinstance.py:1138} INFO - Marking task as SUCCESS. dag_id=price_intelligence_pipeline, task_id=dbt_run, execution_date=20260519T110000, start_date=20260519T143423, end_date=20260519T143519
[2026-05-19T14:35:19.598+0000] {local_task_job_runner.py:234} INFO - Task exited with return code 0
[2026-05-19T14:35:19.743+0000] {taskinstance.py:3280} INFO - 0 downstream tasks scheduled from follow-on schedule check
