[2026-06-10T12:03:15.735+0000] {taskinstance.py:1956} INFO - Dependencies all met for dep_context=non-requeueable deps ti=<TaskInstance: price_intelligence_pipeline.dbt_run scheduled__2026-06-10T00:00:00+00:00 [queued]>
[2026-06-10T12:03:15.761+0000] {taskinstance.py:1956} INFO - Dependencies all met for dep_context=requeueable deps ti=<TaskInstance: price_intelligence_pipeline.dbt_run scheduled__2026-06-10T00:00:00+00:00 [queued]>
[2026-06-10T12:03:15.762+0000] {taskinstance.py:2170} INFO - Starting attempt 1 of 2
[2026-06-10T12:03:15.804+0000] {taskinstance.py:2191} INFO - Executing <Task(BashOperator): dbt_run> on 2026-06-10 00:00:00+00:00
[2026-06-10T12:03:15.814+0000] {standard_task_runner.py:60} INFO - Started process 655 to run task
[2026-06-10T12:03:15.824+0000] {standard_task_runner.py:87} INFO - Running: ['***', 'tasks', 'run', 'price_intelligence_pipeline', 'dbt_run', 'scheduled__2026-06-10T00:00:00+00:00', '--job-id', '1947', '--raw', '--subdir', 'DAGS_FOLDER/price_intelligence_dag.py', '--cfg-path', '/tmp/tmptuzd4td2']
[2026-06-10T12:03:15.830+0000] {standard_task_runner.py:88} INFO - Job 1947: Subtask dbt_run
[2026-06-10T12:03:16.048+0000] {task_command.py:423} INFO - Running <TaskInstance: price_intelligence_pipeline.dbt_run scheduled__2026-06-10T00:00:00+00:00 [running]> on host 91e0d3a0a233
[2026-06-10T12:03:16.495+0000] {taskinstance.py:2480} INFO - Exporting env vars: AIRFLOW_CTX_DAG_OWNER='***' AIRFLOW_CTX_DAG_ID='price_intelligence_pipeline' AIRFLOW_CTX_TASK_ID='dbt_run' AIRFLOW_CTX_EXECUTION_DATE='2026-06-10T00:00:00+00:00' AIRFLOW_CTX_TRY_NUMBER='1' AIRFLOW_CTX_DAG_RUN_ID='scheduled__2026-06-10T00:00:00+00:00'
[2026-06-10T12:03:16.499+0000] {subprocess.py:63} INFO - Tmp dir root location: /tmp
[2026-06-10T12:03:16.506+0000] {subprocess.py:75} INFO - Running command: ['/usr/bin/bash', '-c', '\n            set -e\n            cd /opt/***/dbt\n            export GOOGLE_APPLICATION_CREDENTIALS=/opt/***/gcp-credentials-new.json\n            /home/***/.local/bin/dbt run --full-refresh --profiles-dir . --project-dir .\n            echo dbt done\n        ']
[2026-06-10T12:03:16.528+0000] {subprocess.py:86} INFO - Output:
[2026-06-10T12:03:22.901+0000] {subprocess.py:93} INFO - [0m12:03:22  Running with dbt=1.8.7
[2026-06-10T12:03:26.711+0000] {subprocess.py:93} INFO - [0m12:03:26  Registered adapter: bigquery=1.8.3
[2026-06-10T12:03:30.758+0000] {subprocess.py:93} INFO - [0m12:03:30  Found 3 models, 1 seed, 7 data tests, 1 source, 479 macros
[2026-06-10T12:03:30.781+0000] {subprocess.py:93} INFO - [0m12:03:30
[2026-06-10T12:03:33.106+0000] {subprocess.py:93} INFO - [0m12:03:33  Concurrency: 4 threads (target='dev')
[2026-06-10T12:03:33.109+0000] {subprocess.py:93} INFO - [0m12:03:33
[2026-06-10T12:03:33.160+0000] {subprocess.py:93} INFO - [0m12:03:33  1 of 3 START sql view model price_intelligence_dbt.stg_prices .................. [RUN]
[2026-06-10T12:03:36.226+0000] {subprocess.py:93} INFO - [0m12:03:36  1 of 3 OK created sql view model price_intelligence_dbt.stg_prices ............. [[32mCREATE VIEW (0 processed)[0m in 3.04s]
[2026-06-10T12:03:36.297+0000] {subprocess.py:93} INFO - [0m12:03:36  2 of 3 START sql table model price_intelligence_dbt.prices_cleaned ............. [RUN]
[2026-06-10T12:03:41.292+0000] {subprocess.py:93} INFO - [0m12:03:41  2 of 3 OK created sql table model price_intelligence_dbt.prices_cleaned ........ [[32mCREATE TABLE (10.5k rows, 4.2 MiB processed)[0m in 4.99s]
[2026-06-10T12:03:41.307+0000] {subprocess.py:93} INFO - [0m12:03:41  3 of 3 START sql table model price_intelligence_dbt.prices_aggregated .......... [RUN]
[2026-06-10T12:03:46.103+0000] {subprocess.py:93} INFO - [0m12:03:46  3 of 3 OK created sql table model price_intelligence_dbt.prices_aggregated ..... [[32mCREATE TABLE (11.0 rows, 483.8 KiB processed)[0m in 4.78s]
[2026-06-10T12:03:46.169+0000] {subprocess.py:93} INFO - [0m12:03:46
[2026-06-10T12:03:46.175+0000] {subprocess.py:93} INFO - [0m12:03:46  Finished running 1 view model, 2 table models in 0 hours 0 minutes and 15.39 seconds (15.39s).
[2026-06-10T12:03:46.754+0000] {subprocess.py:93} INFO - [0m12:03:46
[2026-06-10T12:03:46.758+0000] {subprocess.py:93} INFO - [0m12:03:46  [32mCompleted successfully[0m
[2026-06-10T12:03:46.773+0000] {subprocess.py:93} INFO - [0m12:03:46
[2026-06-10T12:03:46.779+0000] {subprocess.py:93} INFO - [0m12:03:46  Done. PASS=3 WARN=0 ERROR=0 SKIP=0 TOTAL=3
[2026-06-10T12:03:51.536+0000] {subprocess.py:93} INFO - dbt done
[2026-06-10T12:03:51.549+0000] {subprocess.py:97} INFO - Command exited with return code 0
[2026-06-10T12:03:51.666+0000] {taskinstance.py:1138} INFO - Marking task as SUCCESS. dag_id=price_intelligence_pipeline, task_id=dbt_run, execution_date=20260610T000000, start_date=20260610T120315, end_date=20260610T120351
[2026-06-10T12:03:51.778+0000] {local_task_job_runner.py:234} INFO - Task exited with return code 0
[2026-06-10T12:03:51.847+0000] {taskinstance.py:3280} INFO - 1 downstream tasks scheduled from follow-on schedule check
