[2026-05-13T15:01:24.363+0000] {taskinstance.py:1956} INFO - Dependencies all met for dep_context=non-requeueable deps ti=<TaskInstance: price_intelligence_pipeline.dbt_run scheduled__2026-05-13T14:00:00+00:00 [queued]>
[2026-05-13T15:01:24.400+0000] {taskinstance.py:1956} INFO - Dependencies all met for dep_context=requeueable deps ti=<TaskInstance: price_intelligence_pipeline.dbt_run scheduled__2026-05-13T14:00:00+00:00 [queued]>
[2026-05-13T15:01:24.403+0000] {taskinstance.py:2170} INFO - Starting attempt 1 of 2
[2026-05-13T15:01:24.478+0000] {taskinstance.py:2191} INFO - Executing <Task(BashOperator): dbt_run> on 2026-05-13 14:00:00+00:00
[2026-05-13T15:01:24.494+0000] {standard_task_runner.py:60} INFO - Started process 16802 to run task
[2026-05-13T15:01:24.514+0000] {standard_task_runner.py:87} INFO - Running: ['***', 'tasks', 'run', 'price_intelligence_pipeline', 'dbt_run', 'scheduled__2026-05-13T14:00:00+00:00', '--job-id', '1083', '--raw', '--subdir', 'DAGS_FOLDER/price_intelligence_dag.py', '--cfg-path', '/tmp/tmpj9d31a33']
[2026-05-13T15:01:24.524+0000] {standard_task_runner.py:88} INFO - Job 1083: Subtask dbt_run
[2026-05-13T15:01:24.787+0000] {task_command.py:423} INFO - Running <TaskInstance: price_intelligence_pipeline.dbt_run scheduled__2026-05-13T14:00:00+00:00 [running]> on host 91e0d3a0a233
[2026-05-13T15:01:25.132+0000] {taskinstance.py:2480} INFO - Exporting env vars: AIRFLOW_CTX_DAG_OWNER='***' AIRFLOW_CTX_DAG_ID='price_intelligence_pipeline' AIRFLOW_CTX_TASK_ID='dbt_run' AIRFLOW_CTX_EXECUTION_DATE='2026-05-13T14:00:00+00:00' AIRFLOW_CTX_TRY_NUMBER='1' AIRFLOW_CTX_DAG_RUN_ID='scheduled__2026-05-13T14:00:00+00:00'
[2026-05-13T15:01:25.135+0000] {subprocess.py:63} INFO - Tmp dir root location: /tmp
[2026-05-13T15:01:25.145+0000] {subprocess.py:75} INFO - Running command: ['/usr/bin/bash', '-c', '\n            set -e\n            cd /opt/***/dbt\n            export GOOGLE_APPLICATION_CREDENTIALS=/opt/***/gcp-credentials-new.json\n            /home/***/.local/bin/dbt run --full-refresh --profiles-dir . --project-dir .\n            echo dbt done\n        ']
[2026-05-13T15:01:25.176+0000] {subprocess.py:86} INFO - Output:
[2026-05-13T15:01:32.848+0000] {subprocess.py:93} INFO - [0m15:01:32  Running with dbt=1.8.7
[2026-05-13T15:01:36.123+0000] {subprocess.py:93} INFO - [0m15:01:36  Registered adapter: bigquery=1.8.3
[2026-05-13T15:01:37.990+0000] {subprocess.py:93} INFO - [0m15:01:37  Found 3 models, 1 seed, 7 data tests, 1 source, 479 macros
[2026-05-13T15:01:38.006+0000] {subprocess.py:93} INFO - [0m15:01:38
[2026-05-13T15:01:40.026+0000] {subprocess.py:93} INFO - [0m15:01:40  Concurrency: 4 threads (target='dev')
[2026-05-13T15:01:40.030+0000] {subprocess.py:93} INFO - [0m15:01:40
[2026-05-13T15:01:40.077+0000] {subprocess.py:93} INFO - [0m15:01:40  1 of 3 START sql view model price_intelligence_dbt.stg_prices .................. [RUN]
[2026-05-13T15:01:42.082+0000] {subprocess.py:93} INFO - [0m15:01:42  1 of 3 OK created sql view model price_intelligence_dbt.stg_prices ............. [[32mCREATE VIEW (0 processed)[0m in 1.99s]
[2026-05-13T15:01:42.099+0000] {subprocess.py:93} INFO - [0m15:01:42  2 of 3 START sql table model price_intelligence_dbt.prices_cleaned ............. [RUN]
[2026-05-13T15:01:46.593+0000] {subprocess.py:93} INFO - [0m15:01:46  2 of 3 OK created sql table model price_intelligence_dbt.prices_cleaned ........ [[32mCREATE TABLE (5.0k rows, 2.6 MiB processed)[0m in 4.49s]
[2026-05-13T15:01:46.605+0000] {subprocess.py:93} INFO - [0m15:01:46  3 of 3 START sql table model price_intelligence_dbt.prices_aggregated .......... [RUN]
[2026-05-13T15:01:51.052+0000] {subprocess.py:93} INFO - [0m15:01:51  3 of 3 OK created sql table model price_intelligence_dbt.prices_aggregated ..... [[32mCREATE TABLE (11.0 rows, 231.8 KiB processed)[0m in 4.41s]
[2026-05-13T15:01:51.176+0000] {subprocess.py:93} INFO - [0m15:01:51
[2026-05-13T15:01:51.192+0000] {subprocess.py:93} INFO - [0m15:01:51  Finished running 1 view model, 2 table models in 0 hours 0 minutes and 13.17 seconds (13.17s).
[2026-05-13T15:01:51.618+0000] {subprocess.py:93} INFO - [0m15:01:51
[2026-05-13T15:01:51.626+0000] {subprocess.py:93} INFO - [0m15:01:51  [32mCompleted successfully[0m
[2026-05-13T15:01:51.628+0000] {subprocess.py:93} INFO - [0m15:01:51
[2026-05-13T15:01:51.633+0000] {subprocess.py:93} INFO - [0m15:01:51  Done. PASS=3 WARN=0 ERROR=0 SKIP=0 TOTAL=3
[2026-05-13T15:01:56.906+0000] {subprocess.py:93} INFO - dbt done
[2026-05-13T15:01:56.923+0000] {subprocess.py:97} INFO - Command exited with return code 0
[2026-05-13T15:01:57.064+0000] {taskinstance.py:1138} INFO - Marking task as SUCCESS. dag_id=price_intelligence_pipeline, task_id=dbt_run, execution_date=20260513T140000, start_date=20260513T150124, end_date=20260513T150157
[2026-05-13T15:01:57.161+0000] {local_task_job_runner.py:234} INFO - Task exited with return code 0
[2026-05-13T15:01:57.267+0000] {taskinstance.py:3280} INFO - 1 downstream tasks scheduled from follow-on schedule check
