[2026-05-05T21:47:51.975+0000] {taskinstance.py:1956} INFO - Dependencies all met for dep_context=non-requeueable deps ti=<TaskInstance: price_intelligence_pipeline.dbt_run manual__2026-05-05T21:21:16+00:00 [queued]>
[2026-05-05T21:47:51.989+0000] {taskinstance.py:1956} INFO - Dependencies all met for dep_context=requeueable deps ti=<TaskInstance: price_intelligence_pipeline.dbt_run manual__2026-05-05T21:21:16+00:00 [queued]>
[2026-05-05T21:47:51.990+0000] {taskinstance.py:2170} INFO - Starting attempt 1 of 2
[2026-05-05T21:47:52.013+0000] {taskinstance.py:2191} INFO - Executing <Task(BashOperator): dbt_run> on 2026-05-05 21:21:16+00:00
[2026-05-05T21:47:52.025+0000] {standard_task_runner.py:60} INFO - Started process 7233 to run task
[2026-05-05T21:47:52.031+0000] {standard_task_runner.py:87} INFO - Running: ['***', 'tasks', 'run', 'price_intelligence_pipeline', 'dbt_run', 'manual__2026-05-05T21:21:16+00:00', '--job-id', '404', '--raw', '--subdir', 'DAGS_FOLDER/price_intelligence_dag.py', '--cfg-path', '/tmp/tmp4fhcbsp8']
[2026-05-05T21:47:52.035+0000] {standard_task_runner.py:88} INFO - Job 404: Subtask dbt_run
[2026-05-05T21:47:52.150+0000] {task_command.py:423} INFO - Running <TaskInstance: price_intelligence_pipeline.dbt_run manual__2026-05-05T21:21:16+00:00 [running]> on host 25ef6dfa8bdc
[2026-05-05T21:47:52.291+0000] {taskinstance.py:2480} INFO - Exporting env vars: AIRFLOW_CTX_DAG_OWNER='***' AIRFLOW_CTX_DAG_ID='price_intelligence_pipeline' AIRFLOW_CTX_TASK_ID='dbt_run' AIRFLOW_CTX_EXECUTION_DATE='2026-05-05T21:21:16+00:00' AIRFLOW_CTX_TRY_NUMBER='1' AIRFLOW_CTX_DAG_RUN_ID='manual__2026-05-05T21:21:16+00:00'
[2026-05-05T21:47:52.295+0000] {subprocess.py:63} INFO - Tmp dir root location: /tmp
[2026-05-05T21:47:52.297+0000] {subprocess.py:75} INFO - Running command: ['/usr/bin/bash', '-c', '\n            set -e\n            cd /opt/***/dbt\n            export GOOGLE_APPLICATION_CREDENTIALS=/opt/***/gcp-credentials-new.json\n            dbt run --select stg_prices --profiles-dir . --project-dir .\n            dbt run --select prices_cleaned --profiles-dir . --project-dir .\n            dbt run --select prices_aggregated --profiles-dir . --project-dir .\n            echo dbt done\n        ']
[2026-05-05T21:47:52.314+0000] {subprocess.py:86} INFO - Output:
[2026-05-05T21:47:52.317+0000] {subprocess.py:93} INFO - /usr/bin/bash: line 3: cd: /opt/***/dbt: No such file or directory
[2026-05-05T21:47:52.318+0000] {subprocess.py:97} INFO - Command exited with return code 1
[2026-05-05T21:47:52.344+0000] {taskinstance.py:2698} ERROR - Task failed with exception
Traceback (most recent call last):
  File "/home/airflow/.local/lib/python3.8/site-packages/airflow/models/taskinstance.py", line 428, in _execute_task
    result = execute_callable(context=context, **execute_callable_kwargs)
  File "/home/airflow/.local/lib/python3.8/site-packages/airflow/operators/bash.py", line 212, in execute
    raise AirflowException(
airflow.exceptions.AirflowException: Bash command failed. The command returned a non-zero exit code 1.
[2026-05-05T21:47:52.349+0000] {taskinstance.py:1138} INFO - Marking task as UP_FOR_RETRY. dag_id=price_intelligence_pipeline, task_id=dbt_run, execution_date=20260505T212116, start_date=20260505T214751, end_date=20260505T214752
[2026-05-05T21:47:52.371+0000] {standard_task_runner.py:107} ERROR - Failed to execute job 404 for task dbt_run (Bash command failed. The command returned a non-zero exit code 1.; 7233)
[2026-05-05T21:47:52.405+0000] {local_task_job_runner.py:234} INFO - Task exited with return code 1
[2026-05-05T21:47:52.456+0000] {taskinstance.py:3280} INFO - 0 downstream tasks scheduled from follow-on schedule check
