[2026-05-22T22:16:22.974+0000] {taskinstance.py:1956} INFO - Dependencies all met for dep_context=non-requeueable deps ti=<TaskInstance: price_intelligence_pipeline.load_bigquery scheduled__2026-05-22T21:00:00+00:00 [queued]>
[2026-05-22T22:16:22.992+0000] {taskinstance.py:1956} INFO - Dependencies all met for dep_context=requeueable deps ti=<TaskInstance: price_intelligence_pipeline.load_bigquery scheduled__2026-05-22T21:00:00+00:00 [queued]>
[2026-05-22T22:16:22.993+0000] {taskinstance.py:2170} INFO - Starting attempt 1 of 2
[2026-05-22T22:16:23.020+0000] {taskinstance.py:2191} INFO - Executing <Task(BashOperator): load_bigquery> on 2026-05-22 21:00:00+00:00
[2026-05-22T22:16:23.030+0000] {standard_task_runner.py:60} INFO - Started process 87400 to run task
[2026-05-22T22:16:23.037+0000] {standard_task_runner.py:87} INFO - Running: ['***', 'tasks', 'run', 'price_intelligence_pipeline', 'load_bigquery', 'scheduled__2026-05-22T21:00:00+00:00', '--job-id', '1795', '--raw', '--subdir', 'DAGS_FOLDER/price_intelligence_dag.py', '--cfg-path', '/tmp/tmpu9dog1_9']
[2026-05-22T22:16:23.042+0000] {standard_task_runner.py:88} INFO - Job 1795: Subtask load_bigquery
[2026-05-22T22:16:23.182+0000] {task_command.py:423} INFO - Running <TaskInstance: price_intelligence_pipeline.load_bigquery scheduled__2026-05-22T21:00:00+00:00 [running]> on host 91e0d3a0a233
[2026-05-22T22:16:23.381+0000] {taskinstance.py:2480} INFO - Exporting env vars: AIRFLOW_CTX_DAG_OWNER='***' AIRFLOW_CTX_DAG_ID='price_intelligence_pipeline' AIRFLOW_CTX_TASK_ID='load_bigquery' AIRFLOW_CTX_EXECUTION_DATE='2026-05-22T21:00:00+00:00' AIRFLOW_CTX_TRY_NUMBER='1' AIRFLOW_CTX_DAG_RUN_ID='scheduled__2026-05-22T21:00:00+00:00'
[2026-05-22T22:16:23.386+0000] {subprocess.py:63} INFO - Tmp dir root location: /tmp
[2026-05-22T22:16:23.389+0000] {subprocess.py:75} INFO - Running command: ['/usr/bin/bash', '-c', '\n            set -e\n            cd /opt/***\n            export GOOGLE_APPLICATION_CREDENTIALS=/opt/***/gcp-credentials-new.json\n            python3 bigquery_load.py\n            echo BigQuery done\n        ']
[2026-05-22T22:16:23.415+0000] {subprocess.py:86} INFO - Output:
[2026-05-22T22:17:41.400+0000] {subprocess.py:93} INFO - /home/***/.local/lib/python3.8/site-packages/google/auth/_default.py:76: UserWarning: Your application has authenticated using end user credentials from Google Cloud SDK without a quota project. You might receive a "quota exceeded" or "API not enabled" error. See the following page for troubleshooting: https://cloud.google.com/docs/authentication/adc-troubleshooting/user-creds.
[2026-05-22T22:17:41.402+0000] {subprocess.py:93} INFO -   warnings.warn(_CLOUD_SDK_CREDENTIALS_WARNING)
[2026-05-22T22:17:41.403+0000] {subprocess.py:93} INFO - Total rows: 7486
[2026-05-22T22:17:41.404+0000] {subprocess.py:93} INFO - Sample image_url: https://ma.jumia.is/unsafe/fit-in/300x300/filters:fill(white)/product/88/273276/1.jpg?7898
[2026-05-22T22:17:41.405+0000] {subprocess.py:93} INFO - OK 7486 lignes chargees dans project-32a82952-90fa-4dd7-b9c.price_intelligence_dbt.prices_raw
[2026-05-22T22:17:41.622+0000] {subprocess.py:93} INFO - BigQuery done
[2026-05-22T22:17:41.623+0000] {subprocess.py:97} INFO - Command exited with return code 0
[2026-05-22T22:17:41.679+0000] {taskinstance.py:1138} INFO - Marking task as SUCCESS. dag_id=price_intelligence_pipeline, task_id=load_bigquery, execution_date=20260522T210000, start_date=20260522T221622, end_date=20260522T221741
[2026-05-22T22:17:41.746+0000] {local_task_job_runner.py:234} INFO - Task exited with return code 0
[2026-05-22T22:17:41.808+0000] {taskinstance.py:3280} INFO - 1 downstream tasks scheduled from follow-on schedule check
