[2026-05-08T16:51:28.128+0000] {taskinstance.py:1956} INFO - Dependencies all met for dep_context=non-requeueable deps ti=<TaskInstance: price_intelligence_pipeline.scrape_amazon scheduled__2026-05-08T15:00:00+00:00 [queued]>
[2026-05-08T16:51:28.162+0000] {taskinstance.py:1956} INFO - Dependencies all met for dep_context=requeueable deps ti=<TaskInstance: price_intelligence_pipeline.scrape_amazon scheduled__2026-05-08T15:00:00+00:00 [queued]>
[2026-05-08T16:51:28.164+0000] {taskinstance.py:2170} INFO - Starting attempt 1 of 2
[2026-05-08T16:51:28.251+0000] {taskinstance.py:2191} INFO - Executing <Task(BashOperator): scrape_amazon> on 2026-05-08 15:00:00+00:00
[2026-05-08T16:51:28.293+0000] {standard_task_runner.py:60} INFO - Started process 4479 to run task
[2026-05-08T16:51:28.346+0000] {standard_task_runner.py:87} INFO - Running: ['***', 'tasks', 'run', 'price_intelligence_pipeline', 'scrape_amazon', 'scheduled__2026-05-08T15:00:00+00:00', '--job-id', '772', '--raw', '--subdir', 'DAGS_FOLDER/price_intelligence_dag.py', '--cfg-path', '/tmp/tmprx9mt871']
[2026-05-08T16:51:28.359+0000] {standard_task_runner.py:88} INFO - Job 772: Subtask scrape_amazon
[2026-05-08T16:51:28.720+0000] {task_command.py:423} INFO - Running <TaskInstance: price_intelligence_pipeline.scrape_amazon scheduled__2026-05-08T15:00:00+00:00 [running]> on host 25ef6dfa8bdc
[2026-05-08T16:51:29.260+0000] {taskinstance.py:2480} INFO - Exporting env vars: AIRFLOW_CTX_DAG_OWNER='***' AIRFLOW_CTX_DAG_ID='price_intelligence_pipeline' AIRFLOW_CTX_TASK_ID='scrape_amazon' AIRFLOW_CTX_EXECUTION_DATE='2026-05-08T15:00:00+00:00' AIRFLOW_CTX_TRY_NUMBER='1' AIRFLOW_CTX_DAG_RUN_ID='scheduled__2026-05-08T15:00:00+00:00'
[2026-05-08T16:51:29.279+0000] {subprocess.py:63} INFO - Tmp dir root location: /tmp
[2026-05-08T16:51:29.287+0000] {subprocess.py:75} INFO - Running command: ['/usr/bin/bash', '-c', '\n            cd /opt/***\n            mkdir -p data/raw\n            export DISPLAY=:99\n            python3 scrapers/spiders/amazon_ma.py || echo "Amazon done with warnings"\n        ']
[2026-05-08T16:51:29.345+0000] {subprocess.py:86} INFO - Output:
[2026-05-08T16:51:42.742+0000] {subprocess.py:93} INFO - Traceback (most recent call last):
[2026-05-08T16:51:42.744+0000] {subprocess.py:93} INFO -   File "scrapers/spiders/amazon_ma.py", line 147, in <module>
[2026-05-08T16:51:42.744+0000] {subprocess.py:93} INFO -     scrape_amazon()
[2026-05-08T16:51:42.745+0000] {subprocess.py:93} INFO -   File "scrapers/spiders/amazon_ma.py", line 55, in scrape_amazon
[2026-05-08T16:51:42.747+0000] {subprocess.py:93} INFO -     driver = get_driver()
[2026-05-08T16:51:42.748+0000] {subprocess.py:93} INFO -   File "scrapers/spiders/amazon_ma.py", line 47, in get_driver
[2026-05-08T16:51:42.749+0000] {subprocess.py:93} INFO -     driver = webdriver.Chrome(service=Service(ChromeDriverManager().install()), options=opts)
[2026-05-08T16:51:42.754+0000] {subprocess.py:93} INFO -   File "/home/***/.local/lib/python3.8/site-packages/selenium/webdriver/chrome/webdriver.py", line 45, in __init__
[2026-05-08T16:51:42.756+0000] {subprocess.py:93} INFO -     super().__init__(
[2026-05-08T16:51:42.756+0000] {subprocess.py:93} INFO -   File "/home/***/.local/lib/python3.8/site-packages/selenium/webdriver/chromium/webdriver.py", line 66, in __init__
[2026-05-08T16:51:42.757+0000] {subprocess.py:93} INFO -     super().__init__(command_executor=executor, options=options)
[2026-05-08T16:51:42.758+0000] {subprocess.py:93} INFO -   File "/home/***/.local/lib/python3.8/site-packages/selenium/webdriver/remote/webdriver.py", line 241, in __init__
[2026-05-08T16:51:42.762+0000] {subprocess.py:93} INFO -     self.start_session(capabilities)
[2026-05-08T16:51:42.763+0000] {subprocess.py:93} INFO -   File "/home/***/.local/lib/python3.8/site-packages/selenium/webdriver/remote/webdriver.py", line 329, in start_session
[2026-05-08T16:51:42.764+0000] {subprocess.py:93} INFO -     response = self.execute(Command.NEW_SESSION, caps)["value"]
[2026-05-08T16:51:42.765+0000] {subprocess.py:93} INFO -   File "/home/***/.local/lib/python3.8/site-packages/selenium/webdriver/remote/webdriver.py", line 384, in execute
[2026-05-08T16:51:42.770+0000] {subprocess.py:93} INFO -     self.error_handler.check_response(response)
[2026-05-08T16:51:42.771+0000] {subprocess.py:93} INFO -   File "/home/***/.local/lib/python3.8/site-packages/selenium/webdriver/remote/errorhandler.py", line 232, in check_response
[2026-05-08T16:51:42.772+0000] {subprocess.py:93} INFO -     raise exception_class(message, screen, stacktrace)
[2026-05-08T16:51:42.777+0000] {subprocess.py:93} INFO - selenium.common.exceptions.WebDriverException: Message: unknown error: Chrome failed to start: exited abnormally.
[2026-05-08T16:51:42.779+0000] {subprocess.py:93} INFO -   (unknown error: DevToolsActivePort file doesn't exist)
[2026-05-08T16:51:42.780+0000] {subprocess.py:93} INFO -   (The process started from chrome location /usr/bin/chromium is no longer running, so ChromeDriver is assuming that Chrome has crashed.)
[2026-05-08T16:51:42.781+0000] {subprocess.py:93} INFO - Stacktrace:
[2026-05-08T16:51:42.782+0000] {subprocess.py:93} INFO - #0 0x61348da984e3 <unknown>
[2026-05-08T16:51:42.783+0000] {subprocess.py:93} INFO - #1 0x61348d7c7c76 <unknown>
[2026-05-08T16:51:42.786+0000] {subprocess.py:93} INFO - #2 0x61348d7f0d78 <unknown>
[2026-05-08T16:51:42.789+0000] {subprocess.py:93} INFO - #3 0x61348d7ed029 <unknown>
[2026-05-08T16:51:42.792+0000] {subprocess.py:93} INFO - #4 0x61348d82bccc <unknown>
[2026-05-08T16:51:42.793+0000] {subprocess.py:93} INFO - #5 0x61348d82b47f <unknown>
[2026-05-08T16:51:42.795+0000] {subprocess.py:93} INFO - #6 0x61348d822de3 <unknown>
[2026-05-08T16:51:42.797+0000] {subprocess.py:93} INFO - #7 0x61348d7f82dd <unknown>
[2026-05-08T16:51:42.799+0000] {subprocess.py:93} INFO - #8 0x61348d7f934e <unknown>
[2026-05-08T16:51:42.802+0000] {subprocess.py:93} INFO - #9 0x61348da583e4 <unknown>
[2026-05-08T16:51:42.804+0000] {subprocess.py:93} INFO - #10 0x61348da5c3d7 <unknown>
[2026-05-08T16:51:42.806+0000] {subprocess.py:93} INFO - #11 0x61348da66b20 <unknown>
[2026-05-08T16:51:42.808+0000] {subprocess.py:93} INFO - #12 0x61348da5d023 <unknown>
[2026-05-08T16:51:42.814+0000] {subprocess.py:93} INFO - #13 0x61348da2b1aa <unknown>
[2026-05-08T16:51:42.816+0000] {subprocess.py:93} INFO - #14 0x61348da816b8 <unknown>
[2026-05-08T16:51:42.825+0000] {subprocess.py:93} INFO - #15 0x61348da81847 <unknown>
[2026-05-08T16:51:42.827+0000] {subprocess.py:93} INFO - #16 0x61348da91243 <unknown>
[2026-05-08T16:51:42.829+0000] {subprocess.py:93} INFO - #17 0x722a2da6b134 <unknown>
[2026-05-08T16:51:42.840+0000] {subprocess.py:93} INFO - 
[2026-05-08T16:51:42.886+0000] {subprocess.py:93} INFO - Amazon done with warnings
[2026-05-08T16:51:42.888+0000] {subprocess.py:97} INFO - Command exited with return code 0
[2026-05-08T16:51:43.018+0000] {taskinstance.py:1138} INFO - Marking task as SUCCESS. dag_id=price_intelligence_pipeline, task_id=scrape_amazon, execution_date=20260508T150000, start_date=20260508T165128, end_date=20260508T165143
[2026-05-08T16:51:43.132+0000] {local_task_job_runner.py:234} INFO - Task exited with return code 0
[2026-05-08T16:51:43.261+0000] {taskinstance.py:3280} INFO - 0 downstream tasks scheduled from follow-on schedule check
