[2026-05-05T23:06:25.302+0000] {taskinstance.py:1956} INFO - Dependencies all met for dep_context=non-requeueable deps ti=<TaskInstance: price_intelligence_pipeline.scrape_electroplanet manual__2026-05-05T22:17:51.780209+00:00 [queued]>
[2026-05-05T23:06:25.341+0000] {taskinstance.py:1956} INFO - Dependencies all met for dep_context=requeueable deps ti=<TaskInstance: price_intelligence_pipeline.scrape_electroplanet manual__2026-05-05T22:17:51.780209+00:00 [queued]>
[2026-05-05T23:06:25.345+0000] {taskinstance.py:2170} INFO - Starting attempt 1 of 2
[2026-05-05T23:06:25.591+0000] {taskinstance.py:2191} INFO - Executing <Task(BashOperator): scrape_electroplanet> on 2026-05-05 22:17:51.780209+00:00
[2026-05-05T23:06:25.629+0000] {standard_task_runner.py:60} INFO - Started process 10349 to run task
[2026-05-05T23:06:25.665+0000] {standard_task_runner.py:87} INFO - Running: ['***', 'tasks', 'run', 'price_intelligence_pipeline', 'scrape_electroplanet', 'manual__2026-05-05T22:17:51.780209+00:00', '--job-id', '488', '--raw', '--subdir', 'DAGS_FOLDER/price_intelligence_dag.py', '--cfg-path', '/tmp/tmp2x7nmd9r']
[2026-05-05T23:06:25.673+0000] {standard_task_runner.py:88} INFO - Job 488: Subtask scrape_electroplanet
[2026-05-05T23:06:26.274+0000] {task_command.py:423} INFO - Running <TaskInstance: price_intelligence_pipeline.scrape_electroplanet manual__2026-05-05T22:17:51.780209+00:00 [running]> on host 25ef6dfa8bdc
[2026-05-05T23:06:26.812+0000] {taskinstance.py:2480} INFO - Exporting env vars: AIRFLOW_CTX_DAG_OWNER='***' AIRFLOW_CTX_DAG_ID='price_intelligence_pipeline' AIRFLOW_CTX_TASK_ID='scrape_electroplanet' AIRFLOW_CTX_EXECUTION_DATE='2026-05-05T22:17:51.780209+00:00' AIRFLOW_CTX_TRY_NUMBER='1' AIRFLOW_CTX_DAG_RUN_ID='manual__2026-05-05T22:17:51.780209+00:00'
[2026-05-05T23:06:26.821+0000] {subprocess.py:63} INFO - Tmp dir root location: /tmp
[2026-05-05T23:06:26.826+0000] {subprocess.py:75} INFO - Running command: ['/usr/bin/bash', '-c', '\n            cd /opt/***\n            mkdir -p data/raw\n            export DISPLAY=:99\n            python3 scrapers/spiders/electroplanet_ma.py || echo "Electroplanet done with warnings"\n        ']
[2026-05-05T23:06:26.858+0000] {subprocess.py:86} INFO - Output:
[2026-05-05T23:06:34.334+0000] {subprocess.py:93} INFO - 
[2026-05-05T23:06:34.336+0000] {subprocess.py:93} INFO - [Electroplanet] Scraping : smartphones
[2026-05-05T23:06:34.345+0000] {subprocess.py:93} INFO - Traceback (most recent call last):
[2026-05-05T23:06:34.346+0000] {subprocess.py:93} INFO -   File "/home/***/.local/lib/python3.8/site-packages/urllib3/connection.py", line 174, in _new_conn
[2026-05-05T23:06:34.347+0000] {subprocess.py:93} INFO -     conn = connection.create_connection(
[2026-05-05T23:06:34.349+0000] {subprocess.py:93} INFO -   File "/home/***/.local/lib/python3.8/site-packages/urllib3/util/connection.py", line 72, in create_connection
[2026-05-05T23:06:34.350+0000] {subprocess.py:93} INFO -     for res in socket.getaddrinfo(host, port, family, socket.SOCK_STREAM):
[2026-05-05T23:06:34.353+0000] {subprocess.py:93} INFO -   File "/usr/local/lib/python3.8/socket.py", line 918, in getaddrinfo
[2026-05-05T23:06:34.354+0000] {subprocess.py:93} INFO -     for res in _socket.getaddrinfo(host, port, family, type, proto, flags):
[2026-05-05T23:06:34.355+0000] {subprocess.py:93} INFO - socket.gaierror: [Errno -5] No address associated with hostname
[2026-05-05T23:06:34.357+0000] {subprocess.py:93} INFO - 
[2026-05-05T23:06:34.359+0000] {subprocess.py:93} INFO - During handling of the above exception, another exception occurred:
[2026-05-05T23:06:34.360+0000] {subprocess.py:93} INFO - 
[2026-05-05T23:06:34.364+0000] {subprocess.py:93} INFO - Traceback (most recent call last):
[2026-05-05T23:06:34.368+0000] {subprocess.py:93} INFO -   File "/home/***/.local/lib/python3.8/site-packages/urllib3/connectionpool.py", line 715, in urlopen
[2026-05-05T23:06:34.369+0000] {subprocess.py:93} INFO -     httplib_response = self._make_request(
[2026-05-05T23:06:34.370+0000] {subprocess.py:93} INFO -   File "/home/***/.local/lib/python3.8/site-packages/urllib3/connectionpool.py", line 404, in _make_request
[2026-05-05T23:06:34.371+0000] {subprocess.py:93} INFO -     self._validate_conn(conn)
[2026-05-05T23:06:34.372+0000] {subprocess.py:93} INFO -   File "/home/***/.local/lib/python3.8/site-packages/urllib3/connectionpool.py", line 1058, in _validate_conn
[2026-05-05T23:06:34.373+0000] {subprocess.py:93} INFO -     conn.connect()
[2026-05-05T23:06:34.375+0000] {subprocess.py:93} INFO -   File "/home/***/.local/lib/python3.8/site-packages/urllib3/connection.py", line 363, in connect
[2026-05-05T23:06:34.376+0000] {subprocess.py:93} INFO -     self.sock = conn = self._new_conn()
[2026-05-05T23:06:34.377+0000] {subprocess.py:93} INFO -   File "/home/***/.local/lib/python3.8/site-packages/urllib3/connection.py", line 186, in _new_conn
[2026-05-05T23:06:34.378+0000] {subprocess.py:93} INFO -     raise NewConnectionError(
[2026-05-05T23:06:34.379+0000] {subprocess.py:93} INFO - urllib3.exceptions.NewConnectionError: <urllib3.connection.HTTPSConnection object at 0x7303fea61580>: Failed to establish a new connection: [Errno -5] No address associated with hostname
[2026-05-05T23:06:34.380+0000] {subprocess.py:93} INFO - 
[2026-05-05T23:06:34.381+0000] {subprocess.py:93} INFO - During handling of the above exception, another exception occurred:
[2026-05-05T23:06:34.382+0000] {subprocess.py:93} INFO - 
[2026-05-05T23:06:34.383+0000] {subprocess.py:93} INFO - Traceback (most recent call last):
[2026-05-05T23:06:34.384+0000] {subprocess.py:93} INFO -   File "/home/***/.local/lib/python3.8/site-packages/requests/adapters.py", line 486, in send
[2026-05-05T23:06:34.385+0000] {subprocess.py:93} INFO -     resp = conn.urlopen(
[2026-05-05T23:06:34.386+0000] {subprocess.py:93} INFO -   File "/home/***/.local/lib/python3.8/site-packages/urllib3/connectionpool.py", line 799, in urlopen
[2026-05-05T23:06:34.388+0000] {subprocess.py:93} INFO -     retries = retries.increment(
[2026-05-05T23:06:34.389+0000] {subprocess.py:93} INFO -   File "/home/***/.local/lib/python3.8/site-packages/urllib3/util/retry.py", line 592, in increment
[2026-05-05T23:06:34.390+0000] {subprocess.py:93} INFO -     raise MaxRetryError(_pool, url, error or ResponseError(cause))
[2026-05-05T23:06:34.391+0000] {subprocess.py:93} INFO - urllib3.exceptions.MaxRetryError: HTTPSConnectionPool(host='chromedriver.storage.googleapis.com', port=443): Max retries exceeded with url: /LATEST_RELEASE (Caused by NewConnectionError('<urllib3.connection.HTTPSConnection object at 0x7303fea61580>: Failed to establish a new connection: [Errno -5] No address associated with hostname'))
[2026-05-05T23:06:34.392+0000] {subprocess.py:93} INFO - 
[2026-05-05T23:06:34.393+0000] {subprocess.py:93} INFO - During handling of the above exception, another exception occurred:
[2026-05-05T23:06:34.394+0000] {subprocess.py:93} INFO - 
[2026-05-05T23:06:34.395+0000] {subprocess.py:93} INFO - Traceback (most recent call last):
[2026-05-05T23:06:34.397+0000] {subprocess.py:93} INFO -   File "/home/***/.local/lib/python3.8/site-packages/webdriver_manager/core/http.py", line 32, in get
[2026-05-05T23:06:34.398+0000] {subprocess.py:93} INFO -     resp = requests.get(
[2026-05-05T23:06:34.400+0000] {subprocess.py:93} INFO -   File "/home/***/.local/lib/python3.8/site-packages/requests/api.py", line 73, in get
[2026-05-05T23:06:34.403+0000] {subprocess.py:93} INFO -     return request("get", url, params=params, **kwargs)
[2026-05-05T23:06:34.405+0000] {subprocess.py:93} INFO -   File "/home/***/.local/lib/python3.8/site-packages/requests/api.py", line 59, in request
[2026-05-05T23:06:34.406+0000] {subprocess.py:93} INFO -     return session.request(method=method, url=url, **kwargs)
[2026-05-05T23:06:34.407+0000] {subprocess.py:93} INFO -   File "/home/***/.local/lib/python3.8/site-packages/requests/sessions.py", line 589, in request
[2026-05-05T23:06:34.408+0000] {subprocess.py:93} INFO -     resp = self.send(prep, **send_kwargs)
[2026-05-05T23:06:34.409+0000] {subprocess.py:93} INFO -   File "/home/***/.local/lib/python3.8/site-packages/requests/sessions.py", line 703, in send
[2026-05-05T23:06:34.410+0000] {subprocess.py:93} INFO -     r = adapter.send(request, **kwargs)
[2026-05-05T23:06:34.411+0000] {subprocess.py:93} INFO -   File "/home/***/.local/lib/python3.8/site-packages/requests/adapters.py", line 519, in send
[2026-05-05T23:06:34.412+0000] {subprocess.py:93} INFO -     raise ConnectionError(e, request=request)
[2026-05-05T23:06:34.414+0000] {subprocess.py:93} INFO - requests.exceptions.ConnectionError: HTTPSConnectionPool(host='chromedriver.storage.googleapis.com', port=443): Max retries exceeded with url: /LATEST_RELEASE (Caused by NewConnectionError('<urllib3.connection.HTTPSConnection object at 0x7303fea61580>: Failed to establish a new connection: [Errno -5] No address associated with hostname'))
[2026-05-05T23:06:34.415+0000] {subprocess.py:93} INFO - 
[2026-05-05T23:06:34.416+0000] {subprocess.py:93} INFO - During handling of the above exception, another exception occurred:
[2026-05-05T23:06:34.417+0000] {subprocess.py:93} INFO - 
[2026-05-05T23:06:34.420+0000] {subprocess.py:93} INFO - Traceback (most recent call last):
[2026-05-05T23:06:34.422+0000] {subprocess.py:93} INFO -   File "scrapers/spiders/electroplanet_ma.py", line 162, in <module>
[2026-05-05T23:06:34.423+0000] {subprocess.py:93} INFO -     scrape_electroplanet()
[2026-05-05T23:06:34.424+0000] {subprocess.py:93} INFO -   File "scrapers/spiders/electroplanet_ma.py", line 73, in scrape_electroplanet
[2026-05-05T23:06:34.427+0000] {subprocess.py:93} INFO -     driver = get_driver()
[2026-05-05T23:06:34.429+0000] {subprocess.py:93} INFO -   File "scrapers/spiders/electroplanet_ma.py", line 63, in get_driver
[2026-05-05T23:06:34.430+0000] {subprocess.py:93} INFO -     return webdriver.Chrome(service=Service(ChromeDriverManager().install()), options=opts)
[2026-05-05T23:06:34.431+0000] {subprocess.py:93} INFO -   File "/home/***/.local/lib/python3.8/site-packages/webdriver_manager/chrome.py", line 40, in install
[2026-05-05T23:06:34.432+0000] {subprocess.py:93} INFO -     driver_path = self._get_driver_binary_path(self.driver)
[2026-05-05T23:06:34.433+0000] {subprocess.py:93} INFO -   File "/home/***/.local/lib/python3.8/site-packages/webdriver_manager/core/manager.py", line 40, in _get_driver_binary_path
[2026-05-05T23:06:34.434+0000] {subprocess.py:93} INFO -     file = self._download_manager.download_file(driver.get_driver_download_url(os_type))
[2026-05-05T23:06:34.435+0000] {subprocess.py:93} INFO -   File "/home/***/.local/lib/python3.8/site-packages/webdriver_manager/drivers/chrome.py", line 32, in get_driver_download_url
[2026-05-05T23:06:34.436+0000] {subprocess.py:93} INFO -     driver_version_to_download = self.get_driver_version_to_download()
[2026-05-05T23:06:34.437+0000] {subprocess.py:93} INFO -   File "/home/***/.local/lib/python3.8/site-packages/webdriver_manager/core/driver.py", line 48, in get_driver_version_to_download
[2026-05-05T23:06:34.438+0000] {subprocess.py:93} INFO -     return self.get_latest_release_version()
[2026-05-05T23:06:34.441+0000] {subprocess.py:93} INFO -   File "/home/***/.local/lib/python3.8/site-packages/webdriver_manager/drivers/chrome.py", line 70, in get_latest_release_version
[2026-05-05T23:06:34.443+0000] {subprocess.py:93} INFO -     resp = self._http_client.get(url=latest_release_url)
[2026-05-05T23:06:34.444+0000] {subprocess.py:93} INFO -   File "/home/***/.local/lib/python3.8/site-packages/webdriver_manager/core/http.py", line 35, in get
[2026-05-05T23:06:34.445+0000] {subprocess.py:93} INFO -     raise exceptions.ConnectionError(f"Could not reach host. Are you offline?")
[2026-05-05T23:06:34.449+0000] {subprocess.py:93} INFO - requests.exceptions.ConnectionError: Could not reach host. Are you offline?
[2026-05-05T23:06:34.450+0000] {subprocess.py:93} INFO - Electroplanet done with warnings
[2026-05-05T23:06:34.460+0000] {subprocess.py:97} INFO - Command exited with return code 0
[2026-05-05T23:06:34.568+0000] {taskinstance.py:1138} INFO - Marking task as SUCCESS. dag_id=price_intelligence_pipeline, task_id=scrape_electroplanet, execution_date=20260505T221751, start_date=20260505T230625, end_date=20260505T230634
[2026-05-05T23:06:34.658+0000] {local_task_job_runner.py:234} INFO - Task exited with return code 0
[2026-05-05T23:06:34.776+0000] {taskinstance.py:3280} INFO - 1 downstream tasks scheduled from follow-on schedule check
