[2026-05-05T20:04:08.952+0000] {taskinstance.py:1956} INFO - Dependencies all met for dep_context=non-requeueable deps ti=<TaskInstance: price_intelligence_pipeline.load_bigquery manual__2026-05-05T19:58:27.063098+00:00 [queued]>
[2026-05-05T20:04:08.971+0000] {taskinstance.py:1956} INFO - Dependencies all met for dep_context=requeueable deps ti=<TaskInstance: price_intelligence_pipeline.load_bigquery manual__2026-05-05T19:58:27.063098+00:00 [queued]>
[2026-05-05T20:04:08.972+0000] {taskinstance.py:2170} INFO - Starting attempt 1 of 3
[2026-05-05T20:04:09.006+0000] {taskinstance.py:2191} INFO - Executing <Task(BashOperator): load_bigquery> on 2026-05-05 19:58:27.063098+00:00
[2026-05-05T20:04:09.015+0000] {standard_task_runner.py:60} INFO - Started process 1931 to run task
[2026-05-05T20:04:09.022+0000] {standard_task_runner.py:87} INFO - Running: ['***', 'tasks', 'run', 'price_intelligence_pipeline', 'load_bigquery', 'manual__2026-05-05T19:58:27.063098+00:00', '--job-id', '263', '--raw', '--subdir', 'DAGS_FOLDER/price_intelligence_dag.py', '--cfg-path', '/tmp/tmprpi3p9at']
[2026-05-05T20:04:09.026+0000] {standard_task_runner.py:88} INFO - Job 263: Subtask load_bigquery
[2026-05-05T20:04:09.192+0000] {task_command.py:423} INFO - Running <TaskInstance: price_intelligence_pipeline.load_bigquery manual__2026-05-05T19:58:27.063098+00:00 [running]> on host 25ef6dfa8bdc
[2026-05-05T20:04:09.431+0000] {taskinstance.py:2480} INFO - Exporting env vars: AIRFLOW_CTX_DAG_OWNER='***' AIRFLOW_CTX_DAG_ID='price_intelligence_pipeline' AIRFLOW_CTX_TASK_ID='load_bigquery' AIRFLOW_CTX_EXECUTION_DATE='2026-05-05T19:58:27.063098+00:00' AIRFLOW_CTX_TRY_NUMBER='1' AIRFLOW_CTX_DAG_RUN_ID='manual__2026-05-05T19:58:27.063098+00:00'
[2026-05-05T20:04:09.434+0000] {subprocess.py:63} INFO - Tmp dir root location: /tmp
[2026-05-05T20:04:09.436+0000] {subprocess.py:75} INFO - Running command: ['/usr/bin/bash', '-c', '\n            set -e\n            cd /opt/***\n            export GOOGLE_APPLICATION_CREDENTIALS=/opt/***/gcp-credentials-new.json\n            python3 bigquery_load.py\n            echo BigQuery done\n        ']
[2026-05-05T20:04:09.454+0000] {subprocess.py:86} INFO - Output:
[2026-05-05T20:04:30.324+0000] {local_task_job_runner.py:302} WARNING - State of this instance has been externally set to removed. Terminating instance.
[2026-05-05T20:04:30.333+0000] {process_utils.py:131} INFO - Sending 15 to group 1931. PIDs of all processes in the group: [1932, 1933, 1931]
[2026-05-05T20:04:30.334+0000] {process_utils.py:86} INFO - Sending the signal 15 to group 1931
[2026-05-05T20:04:30.337+0000] {taskinstance.py:2450} ERROR - Received SIGTERM. Terminating subprocesses.
[2026-05-05T20:04:30.338+0000] {subprocess.py:104} INFO - Sending SIGTERM signal to process group
[2026-05-05T20:04:30.437+0000] {process_utils.py:79} INFO - Process psutil.Process(pid=1933, status='terminated', started='20:04:08') (1933) terminated with exit code None
[2026-05-05T20:04:30.478+0000] {process_utils.py:79} INFO - Process psutil.Process(pid=1931, status='terminated', exitcode=0, started='20:04:08') (1931) terminated with exit code 0
[2026-05-05T20:04:30.480+0000] {process_utils.py:79} INFO - Process psutil.Process(pid=1932, status='terminated', started='20:04:08') (1932) terminated with exit code None
