[2026-05-20T18:02:49.610+0000] {taskinstance.py:1956} INFO - Dependencies all met for dep_context=non-requeueable deps ti=<TaskInstance: price_intelligence_pipeline.dbt_run scheduled__2026-05-20T17:00:00+00:00 [queued]>
[2026-05-20T18:02:49.657+0000] {taskinstance.py:1956} INFO - Dependencies all met for dep_context=requeueable deps ti=<TaskInstance: price_intelligence_pipeline.dbt_run scheduled__2026-05-20T17:00:00+00:00 [queued]>
[2026-05-20T18:02:49.661+0000] {taskinstance.py:2170} INFO - Starting attempt 1 of 2
[2026-05-20T18:02:49.788+0000] {taskinstance.py:2191} INFO - Executing <Task(BashOperator): dbt_run> on 2026-05-20 17:00:00+00:00
[2026-05-20T18:02:49.822+0000] {standard_task_runner.py:60} INFO - Started process 67609 to run task
[2026-05-20T18:02:49.840+0000] {standard_task_runner.py:87} INFO - Running: ['***', 'tasks', 'run', 'price_intelligence_pipeline', 'dbt_run', 'scheduled__2026-05-20T17:00:00+00:00', '--job-id', '1589', '--raw', '--subdir', 'DAGS_FOLDER/price_intelligence_dag.py', '--cfg-path', '/tmp/tmp10os582p']
[2026-05-20T18:02:49.856+0000] {standard_task_runner.py:88} INFO - Job 1589: Subtask dbt_run
[2026-05-20T18:02:50.312+0000] {task_command.py:423} INFO - Running <TaskInstance: price_intelligence_pipeline.dbt_run scheduled__2026-05-20T17:00:00+00:00 [running]> on host 91e0d3a0a233
[2026-05-20T18:02:50.877+0000] {taskinstance.py:2480} INFO - Exporting env vars: AIRFLOW_CTX_DAG_OWNER='***' AIRFLOW_CTX_DAG_ID='price_intelligence_pipeline' AIRFLOW_CTX_TASK_ID='dbt_run' AIRFLOW_CTX_EXECUTION_DATE='2026-05-20T17:00:00+00:00' AIRFLOW_CTX_TRY_NUMBER='1' AIRFLOW_CTX_DAG_RUN_ID='scheduled__2026-05-20T17:00:00+00:00'
[2026-05-20T18:02:50.883+0000] {subprocess.py:63} INFO - Tmp dir root location: /tmp
[2026-05-20T18:02:50.889+0000] {subprocess.py:75} INFO - Running command: ['/usr/bin/bash', '-c', '\n            set -e\n            cd /opt/***/dbt\n            export GOOGLE_APPLICATION_CREDENTIALS=/opt/***/gcp-credentials-new.json\n            /home/***/.local/bin/dbt run --full-refresh --profiles-dir . --project-dir .\n            echo dbt done\n        ']
[2026-05-20T18:02:50.940+0000] {subprocess.py:86} INFO - Output:
[2026-05-20T18:03:00.455+0000] {subprocess.py:93} INFO - [0m18:03:00  Running with dbt=1.8.7
[2026-05-20T18:03:05.896+0000] {subprocess.py:93} INFO - [0m18:03:05  Registered adapter: bigquery=1.8.3
[2026-05-20T18:03:08.888+0000] {subprocess.py:93} INFO - [0m18:03:08  Found 3 models, 1 seed, 7 data tests, 1 source, 479 macros
[2026-05-20T18:03:08.904+0000] {subprocess.py:93} INFO - [0m18:03:08
[2026-05-20T18:03:18.579+0000] {subprocess.py:93} INFO - [0m18:03:18  Concurrency: 4 threads (target='dev')
[2026-05-20T18:03:18.581+0000] {subprocess.py:93} INFO - [0m18:03:18
[2026-05-20T18:03:18.601+0000] {subprocess.py:93} INFO - [0m18:03:18  1 of 3 START sql view model price_intelligence_dbt.stg_prices .................. [RUN]
[2026-05-20T18:03:21.090+0000] {subprocess.py:93} INFO - [0m18:03:21  1 of 3 OK created sql view model price_intelligence_dbt.stg_prices ............. [[32mCREATE VIEW (0 processed)[0m in 2.48s]
[2026-05-20T18:03:21.096+0000] {subprocess.py:93} INFO - [0m18:03:21  2 of 3 START sql table model price_intelligence_dbt.prices_cleaned ............. [RUN]
[2026-05-20T18:03:27.080+0000] {subprocess.py:93} INFO - [0m18:03:27  2 of 3 OK created sql table model price_intelligence_dbt.prices_cleaned ........ [[32mCREATE TABLE (5.0k rows, 2.6 MiB processed)[0m in 5.98s]
[2026-05-20T18:03:27.085+0000] {subprocess.py:93} INFO - [0m18:03:27  3 of 3 START sql table model price_intelligence_dbt.prices_aggregated .......... [RUN]
[2026-05-20T18:03:31.991+0000] {subprocess.py:93} INFO - [0m18:03:31  3 of 3 OK created sql table model price_intelligence_dbt.prices_aggregated ..... [[32mCREATE TABLE (11.0 rows, 231.8 KiB processed)[0m in 4.90s]
[2026-05-20T18:03:32.007+0000] {subprocess.py:93} INFO - [0m18:03:32
[2026-05-20T18:03:32.009+0000] {subprocess.py:93} INFO - [0m18:03:32  Finished running 1 view model, 2 table models in 0 hours 0 minutes and 23.10 seconds (23.10s).
[2026-05-20T18:03:32.173+0000] {subprocess.py:93} INFO - [0m18:03:32
[2026-05-20T18:03:32.175+0000] {subprocess.py:93} INFO - [0m18:03:32  [32mCompleted successfully[0m
[2026-05-20T18:03:32.177+0000] {subprocess.py:93} INFO - [0m18:03:32
[2026-05-20T18:03:32.179+0000] {subprocess.py:93} INFO - [0m18:03:32  Done. PASS=3 WARN=0 ERROR=0 SKIP=0 TOTAL=3
[2026-05-20T18:03:36.746+0000] {subprocess.py:93} INFO - dbt done
[2026-05-20T18:03:36.761+0000] {subprocess.py:97} INFO - Command exited with return code 0
[2026-05-20T18:03:36.864+0000] {taskinstance.py:1138} INFO - Marking task as SUCCESS. dag_id=price_intelligence_pipeline, task_id=dbt_run, execution_date=20260520T170000, start_date=20260520T180249, end_date=20260520T180336
[2026-05-20T18:03:36.932+0000] {local_task_job_runner.py:234} INFO - Task exited with return code 0
[2026-05-20T18:03:37.004+0000] {taskinstance.py:3280} INFO - 1 downstream tasks scheduled from follow-on schedule check
