[2026-05-16T15:16:13.566+0000] {taskinstance.py:1956} INFO - Dependencies all met for dep_context=non-requeueable deps ti=<TaskInstance: price_intelligence_pipeline.dbt_run scheduled__2026-05-16T14:00:00+00:00 [queued]>
[2026-05-16T15:16:13.590+0000] {taskinstance.py:1956} INFO - Dependencies all met for dep_context=requeueable deps ti=<TaskInstance: price_intelligence_pipeline.dbt_run scheduled__2026-05-16T14:00:00+00:00 [queued]>
[2026-05-16T15:16:13.592+0000] {taskinstance.py:2170} INFO - Starting attempt 1 of 2
[2026-05-16T15:16:13.657+0000] {taskinstance.py:2191} INFO - Executing <Task(BashOperator): dbt_run> on 2026-05-16 14:00:00+00:00
[2026-05-16T15:16:13.673+0000] {standard_task_runner.py:60} INFO - Started process 33282 to run task
[2026-05-16T15:16:13.687+0000] {standard_task_runner.py:87} INFO - Running: ['***', 'tasks', 'run', 'price_intelligence_pipeline', 'dbt_run', 'scheduled__2026-05-16T14:00:00+00:00', '--job-id', '1264', '--raw', '--subdir', 'DAGS_FOLDER/price_intelligence_dag.py', '--cfg-path', '/tmp/tmpu0634_6n']
[2026-05-16T15:16:13.696+0000] {standard_task_runner.py:88} INFO - Job 1264: Subtask dbt_run
[2026-05-16T15:16:13.962+0000] {task_command.py:423} INFO - Running <TaskInstance: price_intelligence_pipeline.dbt_run scheduled__2026-05-16T14:00:00+00:00 [running]> on host 91e0d3a0a233
[2026-05-16T15:16:14.411+0000] {taskinstance.py:2480} INFO - Exporting env vars: AIRFLOW_CTX_DAG_OWNER='***' AIRFLOW_CTX_DAG_ID='price_intelligence_pipeline' AIRFLOW_CTX_TASK_ID='dbt_run' AIRFLOW_CTX_EXECUTION_DATE='2026-05-16T14:00:00+00:00' AIRFLOW_CTX_TRY_NUMBER='1' AIRFLOW_CTX_DAG_RUN_ID='scheduled__2026-05-16T14:00:00+00:00'
[2026-05-16T15:16:14.415+0000] {subprocess.py:63} INFO - Tmp dir root location: /tmp
[2026-05-16T15:16:14.419+0000] {subprocess.py:75} INFO - Running command: ['/usr/bin/bash', '-c', '\n            set -e\n            cd /opt/***/dbt\n            export GOOGLE_APPLICATION_CREDENTIALS=/opt/***/gcp-credentials-new.json\n            /home/***/.local/bin/dbt run --full-refresh --profiles-dir . --project-dir .\n            echo dbt done\n        ']
[2026-05-16T15:16:14.452+0000] {subprocess.py:86} INFO - Output:
[2026-05-16T15:16:25.731+0000] {subprocess.py:93} INFO - [0m15:16:25  Running with dbt=1.8.7
[2026-05-16T15:16:29.492+0000] {subprocess.py:93} INFO - [0m15:16:29  Registered adapter: bigquery=1.8.3
[2026-05-16T15:16:33.025+0000] {subprocess.py:93} INFO - [0m15:16:33  Found 3 models, 1 seed, 7 data tests, 1 source, 479 macros
[2026-05-16T15:16:33.036+0000] {subprocess.py:93} INFO - [0m15:16:33
[2026-05-16T15:16:35.576+0000] {subprocess.py:93} INFO - [0m15:16:35  Concurrency: 4 threads (target='dev')
[2026-05-16T15:16:35.583+0000] {subprocess.py:93} INFO - [0m15:16:35
[2026-05-16T15:16:35.648+0000] {subprocess.py:93} INFO - [0m15:16:35  1 of 3 START sql view model price_intelligence_dbt.stg_prices .................. [RUN]
[2026-05-16T15:16:38.371+0000] {subprocess.py:93} INFO - [0m15:16:38  1 of 3 OK created sql view model price_intelligence_dbt.stg_prices ............. [[32mCREATE VIEW (0 processed)[0m in 2.71s]
[2026-05-16T15:16:38.382+0000] {subprocess.py:93} INFO - [0m15:16:38  2 of 3 START sql table model price_intelligence_dbt.prices_cleaned ............. [RUN]
[2026-05-16T15:16:43.016+0000] {subprocess.py:93} INFO - [0m15:16:43  2 of 3 OK created sql table model price_intelligence_dbt.prices_cleaned ........ [[32mCREATE TABLE (5.0k rows, 2.6 MiB processed)[0m in 4.63s]
[2026-05-16T15:16:43.027+0000] {subprocess.py:93} INFO - [0m15:16:43  3 of 3 START sql table model price_intelligence_dbt.prices_aggregated .......... [RUN]
[2026-05-16T15:16:47.347+0000] {subprocess.py:93} INFO - [0m15:16:47  3 of 3 OK created sql table model price_intelligence_dbt.prices_aggregated ..... [[32mCREATE TABLE (11.0 rows, 231.8 KiB processed)[0m in 4.31s]
[2026-05-16T15:16:47.383+0000] {subprocess.py:93} INFO - [0m15:16:47
[2026-05-16T15:16:47.388+0000] {subprocess.py:93} INFO - [0m15:16:47  Finished running 1 view model, 2 table models in 0 hours 0 minutes and 14.34 seconds (14.34s).
[2026-05-16T15:16:47.877+0000] {subprocess.py:93} INFO - [0m15:16:47
[2026-05-16T15:16:47.879+0000] {subprocess.py:93} INFO - [0m15:16:47  [32mCompleted successfully[0m
[2026-05-16T15:16:47.881+0000] {subprocess.py:93} INFO - [0m15:16:47
[2026-05-16T15:16:47.884+0000] {subprocess.py:93} INFO - [0m15:16:47  Done. PASS=3 WARN=0 ERROR=0 SKIP=0 TOTAL=3
[2026-05-16T15:16:52.548+0000] {subprocess.py:93} INFO - dbt done
[2026-05-16T15:16:52.561+0000] {subprocess.py:97} INFO - Command exited with return code 0
[2026-05-16T15:16:52.685+0000] {taskinstance.py:1138} INFO - Marking task as SUCCESS. dag_id=price_intelligence_pipeline, task_id=dbt_run, execution_date=20260516T140000, start_date=20260516T151613, end_date=20260516T151652
[2026-05-16T15:16:52.760+0000] {local_task_job_runner.py:234} INFO - Task exited with return code 0
[2026-05-16T15:16:52.813+0000] {taskinstance.py:3280} INFO - 1 downstream tasks scheduled from follow-on schedule check
