[2026-05-06T21:00:03.237+0000] {taskinstance.py:1956} INFO - Dependencies all met for dep_context=non-requeueable deps ti=<TaskInstance: price_intelligence_pipeline.scrape_amazon scheduled__2026-05-06T20:00:00+00:00 [queued]>
[2026-05-06T21:00:03.290+0000] {taskinstance.py:1956} INFO - Dependencies all met for dep_context=requeueable deps ti=<TaskInstance: price_intelligence_pipeline.scrape_amazon scheduled__2026-05-06T20:00:00+00:00 [queued]>
[2026-05-06T21:00:03.293+0000] {taskinstance.py:2170} INFO - Starting attempt 1 of 2
[2026-05-06T21:00:03.372+0000] {taskinstance.py:2191} INFO - Executing <Task(BashOperator): scrape_amazon> on 2026-05-06 20:00:00+00:00
[2026-05-06T21:00:03.393+0000] {standard_task_runner.py:60} INFO - Started process 23244 to run task
[2026-05-06T21:00:03.407+0000] {standard_task_runner.py:87} INFO - Running: ['***', 'tasks', 'run', 'price_intelligence_pipeline', 'scrape_amazon', 'scheduled__2026-05-06T20:00:00+00:00', '--job-id', '630', '--raw', '--subdir', 'DAGS_FOLDER/price_intelligence_dag.py', '--cfg-path', '/tmp/tmpi20g_8mf']
[2026-05-06T21:00:03.416+0000] {standard_task_runner.py:88} INFO - Job 630: Subtask scrape_amazon
[2026-05-06T21:00:03.698+0000] {task_command.py:423} INFO - Running <TaskInstance: price_intelligence_pipeline.scrape_amazon scheduled__2026-05-06T20:00:00+00:00 [running]> on host 25ef6dfa8bdc
[2026-05-06T21:00:04.108+0000] {taskinstance.py:2480} INFO - Exporting env vars: AIRFLOW_CTX_DAG_OWNER='***' AIRFLOW_CTX_DAG_ID='price_intelligence_pipeline' AIRFLOW_CTX_TASK_ID='scrape_amazon' AIRFLOW_CTX_EXECUTION_DATE='2026-05-06T20:00:00+00:00' AIRFLOW_CTX_TRY_NUMBER='1' AIRFLOW_CTX_DAG_RUN_ID='scheduled__2026-05-06T20:00:00+00:00'
[2026-05-06T21:00:04.112+0000] {subprocess.py:63} INFO - Tmp dir root location: /tmp
[2026-05-06T21:00:04.129+0000] {subprocess.py:75} INFO - Running command: ['/usr/bin/bash', '-c', '\n            cd /opt/***\n            mkdir -p data/raw\n            export DISPLAY=:99\n            python3 scrapers/spiders/amazon_ma.py || echo "Amazon done with warnings"\n        ']
[2026-05-06T21:00:04.198+0000] {subprocess.py:86} INFO - Output:
[2026-05-06T21:00:10.135+0000] {subprocess.py:93} INFO - Traceback (most recent call last):
[2026-05-06T21:00:10.137+0000] {subprocess.py:93} INFO -   File "/home/***/.local/lib/python3.8/site-packages/urllib3/connection.py", line 174, in _new_conn
[2026-05-06T21:00:10.138+0000] {subprocess.py:93} INFO -     conn = connection.create_connection(
[2026-05-06T21:00:10.139+0000] {subprocess.py:93} INFO -   File "/home/***/.local/lib/python3.8/site-packages/urllib3/util/connection.py", line 72, in create_connection
[2026-05-06T21:00:10.140+0000] {subprocess.py:93} INFO -     for res in socket.getaddrinfo(host, port, family, socket.SOCK_STREAM):
[2026-05-06T21:00:10.141+0000] {subprocess.py:93} INFO -   File "/usr/local/lib/python3.8/socket.py", line 918, in getaddrinfo
[2026-05-06T21:00:10.142+0000] {subprocess.py:93} INFO -     for res in _socket.getaddrinfo(host, port, family, type, proto, flags):
[2026-05-06T21:00:10.143+0000] {subprocess.py:93} INFO - socket.gaierror: [Errno -5] No address associated with hostname
[2026-05-06T21:00:10.144+0000] {subprocess.py:93} INFO - 
[2026-05-06T21:00:10.147+0000] {subprocess.py:93} INFO - During handling of the above exception, another exception occurred:
[2026-05-06T21:00:10.148+0000] {subprocess.py:93} INFO - 
[2026-05-06T21:00:10.149+0000] {subprocess.py:93} INFO - Traceback (most recent call last):
[2026-05-06T21:00:10.150+0000] {subprocess.py:93} INFO -   File "/home/***/.local/lib/python3.8/site-packages/urllib3/connectionpool.py", line 715, in urlopen
[2026-05-06T21:00:10.151+0000] {subprocess.py:93} INFO -     httplib_response = self._make_request(
[2026-05-06T21:00:10.153+0000] {subprocess.py:93} INFO -   File "/home/***/.local/lib/python3.8/site-packages/urllib3/connectionpool.py", line 404, in _make_request
[2026-05-06T21:00:10.154+0000] {subprocess.py:93} INFO -     self._validate_conn(conn)
[2026-05-06T21:00:10.156+0000] {subprocess.py:93} INFO -   File "/home/***/.local/lib/python3.8/site-packages/urllib3/connectionpool.py", line 1058, in _validate_conn
[2026-05-06T21:00:10.157+0000] {subprocess.py:93} INFO -     conn.connect()
[2026-05-06T21:00:10.159+0000] {subprocess.py:93} INFO -   File "/home/***/.local/lib/python3.8/site-packages/urllib3/connection.py", line 363, in connect
[2026-05-06T21:00:10.160+0000] {subprocess.py:93} INFO -     self.sock = conn = self._new_conn()
[2026-05-06T21:00:10.161+0000] {subprocess.py:93} INFO -   File "/home/***/.local/lib/python3.8/site-packages/urllib3/connection.py", line 186, in _new_conn
[2026-05-06T21:00:10.163+0000] {subprocess.py:93} INFO -     raise NewConnectionError(
[2026-05-06T21:00:10.165+0000] {subprocess.py:93} INFO - urllib3.exceptions.NewConnectionError: <urllib3.connection.HTTPSConnection object at 0x776ac20413d0>: Failed to establish a new connection: [Errno -5] No address associated with hostname
[2026-05-06T21:00:10.166+0000] {subprocess.py:93} INFO - 
[2026-05-06T21:00:10.167+0000] {subprocess.py:93} INFO - During handling of the above exception, another exception occurred:
[2026-05-06T21:00:10.169+0000] {subprocess.py:93} INFO - 
[2026-05-06T21:00:10.173+0000] {subprocess.py:93} INFO - Traceback (most recent call last):
[2026-05-06T21:00:10.176+0000] {subprocess.py:93} INFO -   File "/home/***/.local/lib/python3.8/site-packages/requests/adapters.py", line 486, in send
[2026-05-06T21:00:10.180+0000] {subprocess.py:93} INFO -     resp = conn.urlopen(
[2026-05-06T21:00:10.182+0000] {subprocess.py:93} INFO -   File "/home/***/.local/lib/python3.8/site-packages/urllib3/connectionpool.py", line 799, in urlopen
[2026-05-06T21:00:10.183+0000] {subprocess.py:93} INFO -     retries = retries.increment(
[2026-05-06T21:00:10.184+0000] {subprocess.py:93} INFO -   File "/home/***/.local/lib/python3.8/site-packages/urllib3/util/retry.py", line 592, in increment
[2026-05-06T21:00:10.198+0000] {subprocess.py:93} INFO -     raise MaxRetryError(_pool, url, error or ResponseError(cause))
[2026-05-06T21:00:10.202+0000] {subprocess.py:93} INFO - urllib3.exceptions.MaxRetryError: HTTPSConnectionPool(host='chromedriver.storage.googleapis.com', port=443): Max retries exceeded with url: /LATEST_RELEASE (Caused by NewConnectionError('<urllib3.connection.HTTPSConnection object at 0x776ac20413d0>: Failed to establish a new connection: [Errno -5] No address associated with hostname'))
[2026-05-06T21:00:10.204+0000] {subprocess.py:93} INFO - 
[2026-05-06T21:00:10.219+0000] {subprocess.py:93} INFO - During handling of the above exception, another exception occurred:
[2026-05-06T21:00:10.221+0000] {subprocess.py:93} INFO - 
[2026-05-06T21:00:10.222+0000] {subprocess.py:93} INFO - Traceback (most recent call last):
[2026-05-06T21:00:10.224+0000] {subprocess.py:93} INFO -   File "/home/***/.local/lib/python3.8/site-packages/webdriver_manager/core/http.py", line 32, in get
[2026-05-06T21:00:10.225+0000] {subprocess.py:93} INFO -     resp = requests.get(
[2026-05-06T21:00:10.249+0000] {subprocess.py:93} INFO -   File "/home/***/.local/lib/python3.8/site-packages/requests/api.py", line 73, in get
[2026-05-06T21:00:10.254+0000] {subprocess.py:93} INFO -     return request("get", url, params=params, **kwargs)
[2026-05-06T21:00:10.267+0000] {subprocess.py:93} INFO -   File "/home/***/.local/lib/python3.8/site-packages/requests/api.py", line 59, in request
[2026-05-06T21:00:10.282+0000] {subprocess.py:93} INFO -     return session.request(method=method, url=url, **kwargs)
[2026-05-06T21:00:10.308+0000] {subprocess.py:93} INFO -   File "/home/***/.local/lib/python3.8/site-packages/requests/sessions.py", line 589, in request
[2026-05-06T21:00:10.317+0000] {subprocess.py:93} INFO -     resp = self.send(prep, **send_kwargs)
[2026-05-06T21:00:10.334+0000] {subprocess.py:93} INFO -   File "/home/***/.local/lib/python3.8/site-packages/requests/sessions.py", line 703, in send
[2026-05-06T21:00:10.337+0000] {subprocess.py:93} INFO -     r = adapter.send(request, **kwargs)
[2026-05-06T21:00:10.344+0000] {subprocess.py:93} INFO -   File "/home/***/.local/lib/python3.8/site-packages/requests/adapters.py", line 519, in send
[2026-05-06T21:00:10.345+0000] {subprocess.py:93} INFO -     raise ConnectionError(e, request=request)
[2026-05-06T21:00:10.347+0000] {subprocess.py:93} INFO - requests.exceptions.ConnectionError: HTTPSConnectionPool(host='chromedriver.storage.googleapis.com', port=443): Max retries exceeded with url: /LATEST_RELEASE (Caused by NewConnectionError('<urllib3.connection.HTTPSConnection object at 0x776ac20413d0>: Failed to establish a new connection: [Errno -5] No address associated with hostname'))
[2026-05-06T21:00:10.351+0000] {subprocess.py:93} INFO - 
[2026-05-06T21:00:10.353+0000] {subprocess.py:93} INFO - During handling of the above exception, another exception occurred:
[2026-05-06T21:00:10.367+0000] {subprocess.py:93} INFO - 
[2026-05-06T21:00:10.369+0000] {subprocess.py:93} INFO - Traceback (most recent call last):
[2026-05-06T21:00:10.370+0000] {subprocess.py:93} INFO -   File "scrapers/spiders/amazon_ma.py", line 147, in <module>
[2026-05-06T21:00:10.371+0000] {subprocess.py:93} INFO -     scrape_amazon()
[2026-05-06T21:00:10.373+0000] {subprocess.py:93} INFO -   File "scrapers/spiders/amazon_ma.py", line 55, in scrape_amazon
[2026-05-06T21:00:10.374+0000] {subprocess.py:93} INFO -     driver = get_driver()
[2026-05-06T21:00:10.378+0000] {subprocess.py:93} INFO -   File "scrapers/spiders/amazon_ma.py", line 47, in get_driver
[2026-05-06T21:00:10.384+0000] {subprocess.py:93} INFO -     driver = webdriver.Chrome(service=Service(ChromeDriverManager().install()), options=opts)
[2026-05-06T21:00:10.386+0000] {subprocess.py:93} INFO -   File "/home/***/.local/lib/python3.8/site-packages/webdriver_manager/chrome.py", line 40, in install
[2026-05-06T21:00:10.395+0000] {subprocess.py:93} INFO -     driver_path = self._get_driver_binary_path(self.driver)
[2026-05-06T21:00:10.397+0000] {subprocess.py:93} INFO -   File "/home/***/.local/lib/python3.8/site-packages/webdriver_manager/core/manager.py", line 40, in _get_driver_binary_path
[2026-05-06T21:00:10.398+0000] {subprocess.py:93} INFO -     file = self._download_manager.download_file(driver.get_driver_download_url(os_type))
[2026-05-06T21:00:10.402+0000] {subprocess.py:93} INFO -   File "/home/***/.local/lib/python3.8/site-packages/webdriver_manager/drivers/chrome.py", line 32, in get_driver_download_url
[2026-05-06T21:00:10.406+0000] {subprocess.py:93} INFO -     driver_version_to_download = self.get_driver_version_to_download()
[2026-05-06T21:00:10.407+0000] {subprocess.py:93} INFO -   File "/home/***/.local/lib/python3.8/site-packages/webdriver_manager/core/driver.py", line 48, in get_driver_version_to_download
[2026-05-06T21:00:10.409+0000] {subprocess.py:93} INFO -     return self.get_latest_release_version()
[2026-05-06T21:00:10.410+0000] {subprocess.py:93} INFO -   File "/home/***/.local/lib/python3.8/site-packages/webdriver_manager/drivers/chrome.py", line 70, in get_latest_release_version
[2026-05-06T21:00:10.411+0000] {subprocess.py:93} INFO -     resp = self._http_client.get(url=latest_release_url)
[2026-05-06T21:00:10.413+0000] {subprocess.py:93} INFO -   File "/home/***/.local/lib/python3.8/site-packages/webdriver_manager/core/http.py", line 35, in get
[2026-05-06T21:00:10.417+0000] {subprocess.py:93} INFO -     raise exceptions.ConnectionError(f"Could not reach host. Are you offline?")
[2026-05-06T21:00:10.419+0000] {subprocess.py:93} INFO - requests.exceptions.ConnectionError: Could not reach host. Are you offline?
[2026-05-06T21:00:10.422+0000] {subprocess.py:93} INFO - Amazon done with warnings
[2026-05-06T21:00:10.428+0000] {subprocess.py:97} INFO - Command exited with return code 0
[2026-05-06T21:00:10.638+0000] {taskinstance.py:1138} INFO - Marking task as SUCCESS. dag_id=price_intelligence_pipeline, task_id=scrape_amazon, execution_date=20260506T200000, start_date=20260506T210003, end_date=20260506T210010
[2026-05-06T21:00:10.775+0000] {local_task_job_runner.py:234} INFO - Task exited with return code 0
[2026-05-06T21:00:11.008+0000] {taskinstance.py:3280} INFO - 0 downstream tasks scheduled from follow-on schedule check
