[2026-05-18T11:03:43.956+0000] {taskinstance.py:1956} INFO - Dependencies all met for dep_context=non-requeueable deps ti=<TaskInstance: price_intelligence_pipeline.dbt_run scheduled__2026-05-17T23:00:00+00:00 [queued]>
[2026-05-18T11:03:43.991+0000] {taskinstance.py:1956} INFO - Dependencies all met for dep_context=requeueable deps ti=<TaskInstance: price_intelligence_pipeline.dbt_run scheduled__2026-05-17T23:00:00+00:00 [queued]>
[2026-05-18T11:03:43.992+0000] {taskinstance.py:2170} INFO - Starting attempt 1 of 2
[2026-05-18T11:03:44.035+0000] {taskinstance.py:2191} INFO - Executing <Task(BashOperator): dbt_run> on 2026-05-17 23:00:00+00:00
[2026-05-18T11:03:44.047+0000] {standard_task_runner.py:60} INFO - Started process 46784 to run task
[2026-05-18T11:03:44.057+0000] {standard_task_runner.py:87} INFO - Running: ['***', 'tasks', 'run', 'price_intelligence_pipeline', 'dbt_run', 'scheduled__2026-05-17T23:00:00+00:00', '--job-id', '1391', '--raw', '--subdir', 'DAGS_FOLDER/price_intelligence_dag.py', '--cfg-path', '/tmp/tmp9s96qmro']
[2026-05-18T11:03:44.063+0000] {standard_task_runner.py:88} INFO - Job 1391: Subtask dbt_run
[2026-05-18T11:03:44.297+0000] {task_command.py:423} INFO - Running <TaskInstance: price_intelligence_pipeline.dbt_run scheduled__2026-05-17T23:00:00+00:00 [running]> on host 91e0d3a0a233
[2026-05-18T11:03:44.592+0000] {taskinstance.py:2480} INFO - Exporting env vars: AIRFLOW_CTX_DAG_OWNER='***' AIRFLOW_CTX_DAG_ID='price_intelligence_pipeline' AIRFLOW_CTX_TASK_ID='dbt_run' AIRFLOW_CTX_EXECUTION_DATE='2026-05-17T23:00:00+00:00' AIRFLOW_CTX_TRY_NUMBER='1' AIRFLOW_CTX_DAG_RUN_ID='scheduled__2026-05-17T23:00:00+00:00'
[2026-05-18T11:03:44.596+0000] {subprocess.py:63} INFO - Tmp dir root location: /tmp
[2026-05-18T11:03:44.599+0000] {subprocess.py:75} INFO - Running command: ['/usr/bin/bash', '-c', '\n            set -e\n            cd /opt/***/dbt\n            export GOOGLE_APPLICATION_CREDENTIALS=/opt/***/gcp-credentials-new.json\n            /home/***/.local/bin/dbt run --full-refresh --profiles-dir . --project-dir .\n            echo dbt done\n        ']
[2026-05-18T11:03:44.627+0000] {subprocess.py:86} INFO - Output:
[2026-05-18T11:03:50.472+0000] {subprocess.py:93} INFO - [0m11:03:50  Running with dbt=1.8.7
[2026-05-18T11:03:53.257+0000] {subprocess.py:93} INFO - [0m11:03:53  Registered adapter: bigquery=1.8.3
[2026-05-18T11:03:55.224+0000] {subprocess.py:93} INFO - [0m11:03:55  Found 3 models, 1 seed, 7 data tests, 1 source, 479 macros
[2026-05-18T11:03:55.232+0000] {subprocess.py:93} INFO - [0m11:03:55
[2026-05-18T11:03:56.876+0000] {subprocess.py:93} INFO - [0m11:03:56  Concurrency: 4 threads (target='dev')
[2026-05-18T11:03:56.879+0000] {subprocess.py:93} INFO - [0m11:03:56
[2026-05-18T11:03:56.923+0000] {subprocess.py:93} INFO - [0m11:03:56  1 of 3 START sql view model price_intelligence_dbt.stg_prices .................. [RUN]
[2026-05-18T11:03:58.917+0000] {subprocess.py:93} INFO - [0m11:03:58  1 of 3 OK created sql view model price_intelligence_dbt.stg_prices ............. [[32mCREATE VIEW (0 processed)[0m in 1.99s]
[2026-05-18T11:03:58.928+0000] {subprocess.py:93} INFO - [0m11:03:58  2 of 3 START sql table model price_intelligence_dbt.prices_cleaned ............. [RUN]
[2026-05-18T11:04:03.800+0000] {subprocess.py:93} INFO - [0m11:04:03  2 of 3 OK created sql table model price_intelligence_dbt.prices_cleaned ........ [[32mCREATE TABLE (5.0k rows, 2.6 MiB processed)[0m in 4.87s]
[2026-05-18T11:04:03.814+0000] {subprocess.py:93} INFO - [0m11:04:03  3 of 3 START sql table model price_intelligence_dbt.prices_aggregated .......... [RUN]
[2026-05-18T11:04:07.705+0000] {subprocess.py:93} INFO - [0m11:04:07  3 of 3 OK created sql table model price_intelligence_dbt.prices_aggregated ..... [[32mCREATE TABLE (11.0 rows, 231.8 KiB processed)[0m in 3.89s]
[2026-05-18T11:04:07.721+0000] {subprocess.py:93} INFO - [0m11:04:07
[2026-05-18T11:04:07.722+0000] {subprocess.py:93} INFO - [0m11:04:07  Finished running 1 view model, 2 table models in 0 hours 0 minutes and 12.49 seconds (12.49s).
[2026-05-18T11:04:08.089+0000] {subprocess.py:93} INFO - [0m11:04:08
[2026-05-18T11:04:08.094+0000] {subprocess.py:93} INFO - [0m11:04:08  [32mCompleted successfully[0m
[2026-05-18T11:04:08.097+0000] {subprocess.py:93} INFO - [0m11:04:08
[2026-05-18T11:04:08.099+0000] {subprocess.py:93} INFO - [0m11:04:08  Done. PASS=3 WARN=0 ERROR=0 SKIP=0 TOTAL=3
[2026-05-18T11:04:11.039+0000] {subprocess.py:93} INFO - dbt done
[2026-05-18T11:04:11.061+0000] {subprocess.py:97} INFO - Command exited with return code 0
[2026-05-18T11:04:11.233+0000] {taskinstance.py:1138} INFO - Marking task as SUCCESS. dag_id=price_intelligence_pipeline, task_id=dbt_run, execution_date=20260517T230000, start_date=20260518T110343, end_date=20260518T110411
[2026-05-18T11:04:11.356+0000] {local_task_job_runner.py:234} INFO - Task exited with return code 0
[2026-05-18T11:04:11.448+0000] {taskinstance.py:3280} INFO - 1 downstream tasks scheduled from follow-on schedule check
