[2026-05-06T15:05:00.438+0000] {taskinstance.py:1956} INFO - Dependencies all met for dep_context=non-requeueable deps ti=<TaskInstance: price_intelligence_pipeline.load_bigquery manual__2026-05-06T15:02:51.600644+00:00 [queued]>
[2026-05-06T15:05:00.449+0000] {taskinstance.py:1956} INFO - Dependencies all met for dep_context=requeueable deps ti=<TaskInstance: price_intelligence_pipeline.load_bigquery manual__2026-05-06T15:02:51.600644+00:00 [queued]>
[2026-05-06T15:05:00.450+0000] {taskinstance.py:2170} INFO - Starting attempt 1 of 2
[2026-05-06T15:05:00.468+0000] {taskinstance.py:2191} INFO - Executing <Task(BashOperator): load_bigquery> on 2026-05-06 15:02:51.600644+00:00
[2026-05-06T15:05:00.476+0000] {standard_task_runner.py:60} INFO - Started process 19325 to run task
[2026-05-06T15:05:00.481+0000] {standard_task_runner.py:87} INFO - Running: ['***', 'tasks', 'run', 'price_intelligence_pipeline', 'load_bigquery', 'manual__2026-05-06T15:02:51.600644+00:00', '--job-id', '589', '--raw', '--subdir', 'DAGS_FOLDER/price_intelligence_dag.py', '--cfg-path', '/tmp/tmp2cbv6gmm']
[2026-05-06T15:05:00.485+0000] {standard_task_runner.py:88} INFO - Job 589: Subtask load_bigquery
[2026-05-06T15:05:00.579+0000] {task_command.py:423} INFO - Running <TaskInstance: price_intelligence_pipeline.load_bigquery manual__2026-05-06T15:02:51.600644+00:00 [running]> on host 25ef6dfa8bdc
[2026-05-06T15:05:00.727+0000] {taskinstance.py:2480} INFO - Exporting env vars: AIRFLOW_CTX_DAG_OWNER='***' AIRFLOW_CTX_DAG_ID='price_intelligence_pipeline' AIRFLOW_CTX_TASK_ID='load_bigquery' AIRFLOW_CTX_EXECUTION_DATE='2026-05-06T15:02:51.600644+00:00' AIRFLOW_CTX_TRY_NUMBER='1' AIRFLOW_CTX_DAG_RUN_ID='manual__2026-05-06T15:02:51.600644+00:00'
[2026-05-06T15:05:00.730+0000] {subprocess.py:63} INFO - Tmp dir root location: /tmp
[2026-05-06T15:05:00.732+0000] {subprocess.py:75} INFO - Running command: ['/usr/bin/bash', '-c', '\n            set -e\n            cd /opt/***\n            export GOOGLE_APPLICATION_CREDENTIALS=/opt/***/gcp-credentials-new.json\n            python3 bigquery_load.py\n            echo BigQuery done\n        ']
[2026-05-06T15:05:00.755+0000] {subprocess.py:86} INFO - Output:
[2026-05-06T15:05:32.510+0000] {subprocess.py:93} INFO - /home/***/.local/lib/python3.8/site-packages/google/auth/_default.py:76: UserWarning: Your application has authenticated using end user credentials from Google Cloud SDK without a quota project. You might receive a "quota exceeded" or "API not enabled" error. See the following page for troubleshooting: https://cloud.google.com/docs/authentication/adc-troubleshooting/user-creds.
[2026-05-06T15:05:32.511+0000] {subprocess.py:93} INFO -   warnings.warn(_CLOUD_SDK_CREDENTIALS_WARNING)
[2026-05-06T15:05:32.512+0000] {subprocess.py:93} INFO - ✅ 7486 lignes chargées dans project-32a82952-90fa-4dd7-b9c.price_intelligence_dbt.prices_raw
[2026-05-06T15:05:32.651+0000] {subprocess.py:93} INFO - BigQuery done
[2026-05-06T15:05:32.653+0000] {subprocess.py:97} INFO - Command exited with return code 0
[2026-05-06T15:05:32.710+0000] {taskinstance.py:1138} INFO - Marking task as SUCCESS. dag_id=price_intelligence_pipeline, task_id=load_bigquery, execution_date=20260506T150251, start_date=20260506T150500, end_date=20260506T150532
[2026-05-06T15:05:32.746+0000] {local_task_job_runner.py:234} INFO - Task exited with return code 0
[2026-05-06T15:05:32.782+0000] {taskinstance.py:3280} INFO - 1 downstream tasks scheduled from follow-on schedule check
