[2026-05-23T00:01:03.509+0000] {taskinstance.py:1956} INFO - Dependencies all met for dep_context=non-requeueable deps ti=<TaskInstance: price_intelligence_pipeline.dbt_run scheduled__2026-05-22T23:00:00+00:00 [queued]>
[2026-05-23T00:01:03.518+0000] {taskinstance.py:1956} INFO - Dependencies all met for dep_context=requeueable deps ti=<TaskInstance: price_intelligence_pipeline.dbt_run scheduled__2026-05-22T23:00:00+00:00 [queued]>
[2026-05-23T00:01:03.519+0000] {taskinstance.py:2170} INFO - Starting attempt 1 of 2
[2026-05-23T00:01:03.535+0000] {taskinstance.py:2191} INFO - Executing <Task(BashOperator): dbt_run> on 2026-05-22 23:00:00+00:00
[2026-05-23T00:01:03.541+0000] {standard_task_runner.py:60} INFO - Started process 89976 to run task
[2026-05-23T00:01:03.545+0000] {standard_task_runner.py:87} INFO - Running: ['***', 'tasks', 'run', 'price_intelligence_pipeline', 'dbt_run', 'scheduled__2026-05-22T23:00:00+00:00', '--job-id', '1814', '--raw', '--subdir', 'DAGS_FOLDER/price_intelligence_dag.py', '--cfg-path', '/tmp/tmpwua25f1u']
[2026-05-23T00:01:03.548+0000] {standard_task_runner.py:88} INFO - Job 1814: Subtask dbt_run
[2026-05-23T00:01:03.620+0000] {task_command.py:423} INFO - Running <TaskInstance: price_intelligence_pipeline.dbt_run scheduled__2026-05-22T23:00:00+00:00 [running]> on host 91e0d3a0a233
[2026-05-23T00:01:03.754+0000] {taskinstance.py:2480} INFO - Exporting env vars: AIRFLOW_CTX_DAG_OWNER='***' AIRFLOW_CTX_DAG_ID='price_intelligence_pipeline' AIRFLOW_CTX_TASK_ID='dbt_run' AIRFLOW_CTX_EXECUTION_DATE='2026-05-22T23:00:00+00:00' AIRFLOW_CTX_TRY_NUMBER='1' AIRFLOW_CTX_DAG_RUN_ID='scheduled__2026-05-22T23:00:00+00:00'
[2026-05-23T00:01:03.756+0000] {subprocess.py:63} INFO - Tmp dir root location: /tmp
[2026-05-23T00:01:03.758+0000] {subprocess.py:75} INFO - Running command: ['/usr/bin/bash', '-c', '\n            set -e\n            cd /opt/***/dbt\n            export GOOGLE_APPLICATION_CREDENTIALS=/opt/***/gcp-credentials-new.json\n            /home/***/.local/bin/dbt run --full-refresh --profiles-dir . --project-dir .\n            echo dbt done\n        ']
[2026-05-23T00:01:03.770+0000] {subprocess.py:86} INFO - Output:
[2026-05-23T00:01:06.632+0000] {subprocess.py:93} INFO - [0m00:01:06  Running with dbt=1.8.7
[2026-05-23T00:01:08.670+0000] {subprocess.py:93} INFO - [0m00:01:08  Registered adapter: bigquery=1.8.3
[2026-05-23T00:01:09.533+0000] {subprocess.py:93} INFO - [0m00:01:09  Found 3 models, 1 seed, 7 data tests, 1 source, 479 macros
[2026-05-23T00:01:09.537+0000] {subprocess.py:93} INFO - [0m00:01:09
[2026-05-23T00:01:11.739+0000] {subprocess.py:93} INFO - [0m00:01:11  Concurrency: 4 threads (target='dev')
[2026-05-23T00:01:11.740+0000] {subprocess.py:93} INFO - [0m00:01:11
[2026-05-23T00:01:11.751+0000] {subprocess.py:93} INFO - [0m00:01:11  1 of 3 START sql view model price_intelligence_dbt.stg_prices .................. [RUN]
[2026-05-23T00:01:13.646+0000] {subprocess.py:93} INFO - [0m00:01:13  1 of 3 OK created sql view model price_intelligence_dbt.stg_prices ............. [[32mCREATE VIEW (0 processed)[0m in 1.89s]
[2026-05-23T00:01:13.650+0000] {subprocess.py:93} INFO - [0m00:01:13  2 of 3 START sql table model price_intelligence_dbt.prices_cleaned ............. [RUN]
[2026-05-23T00:01:18.018+0000] {subprocess.py:93} INFO - [0m00:01:18  2 of 3 OK created sql table model price_intelligence_dbt.prices_cleaned ........ [[32mCREATE TABLE (5.0k rows, 2.6 MiB processed)[0m in 4.36s]
[2026-05-23T00:01:18.024+0000] {subprocess.py:93} INFO - [0m00:01:18  3 of 3 START sql table model price_intelligence_dbt.prices_aggregated .......... [RUN]
[2026-05-23T00:01:22.102+0000] {subprocess.py:93} INFO - [0m00:01:22  3 of 3 OK created sql table model price_intelligence_dbt.prices_aggregated ..... [[32mCREATE TABLE (11.0 rows, 231.8 KiB processed)[0m in 4.08s]
[2026-05-23T00:01:22.108+0000] {subprocess.py:93} INFO - [0m00:01:22
[2026-05-23T00:01:22.109+0000] {subprocess.py:93} INFO - [0m00:01:22  Finished running 1 view model, 2 table models in 0 hours 0 minutes and 12.57 seconds (12.57s).
[2026-05-23T00:01:22.203+0000] {subprocess.py:93} INFO - [0m00:01:22
[2026-05-23T00:01:22.204+0000] {subprocess.py:93} INFO - [0m00:01:22  [32mCompleted successfully[0m
[2026-05-23T00:01:22.204+0000] {subprocess.py:93} INFO - [0m00:01:22
[2026-05-23T00:01:22.205+0000] {subprocess.py:93} INFO - [0m00:01:22  Done. PASS=3 WARN=0 ERROR=0 SKIP=0 TOTAL=3
[2026-05-23T00:01:26.569+0000] {subprocess.py:93} INFO - dbt done
[2026-05-23T00:01:26.574+0000] {subprocess.py:97} INFO - Command exited with return code 0
[2026-05-23T00:01:26.609+0000] {taskinstance.py:1138} INFO - Marking task as SUCCESS. dag_id=price_intelligence_pipeline, task_id=dbt_run, execution_date=20260522T230000, start_date=20260523T000103, end_date=20260523T000126
[2026-05-23T00:01:26.661+0000] {local_task_job_runner.py:234} INFO - Task exited with return code 0
[2026-05-23T00:01:26.688+0000] {taskinstance.py:3280} INFO - 1 downstream tasks scheduled from follow-on schedule check
