[2026-05-05T21:49:58.321+0000] {taskinstance.py:1956} INFO - Dependencies all met for dep_context=non-requeueable deps ti=<TaskInstance: price_intelligence_pipeline.scrape_amazon manual__2026-05-05T21:21:43.597100+00:00 [queued]>
[2026-05-05T21:49:58.385+0000] {taskinstance.py:1956} INFO - Dependencies all met for dep_context=requeueable deps ti=<TaskInstance: price_intelligence_pipeline.scrape_amazon manual__2026-05-05T21:21:43.597100+00:00 [queued]>
[2026-05-05T21:49:58.387+0000] {taskinstance.py:2170} INFO - Starting attempt 1 of 2
[2026-05-05T21:49:58.461+0000] {taskinstance.py:2191} INFO - Executing <Task(BashOperator): scrape_amazon> on 2026-05-05 21:21:43.597100+00:00
[2026-05-05T21:49:58.493+0000] {standard_task_runner.py:60} INFO - Started process 7295 to run task
[2026-05-05T21:49:58.513+0000] {standard_task_runner.py:87} INFO - Running: ['***', 'tasks', 'run', 'price_intelligence_pipeline', 'scrape_amazon', 'manual__2026-05-05T21:21:43.597100+00:00', '--job-id', '407', '--raw', '--subdir', 'DAGS_FOLDER/price_intelligence_dag.py', '--cfg-path', '/tmp/tmp3a77obdt']
[2026-05-05T21:49:58.531+0000] {standard_task_runner.py:88} INFO - Job 407: Subtask scrape_amazon
[2026-05-05T21:49:58.838+0000] {task_command.py:423} INFO - Running <TaskInstance: price_intelligence_pipeline.scrape_amazon manual__2026-05-05T21:21:43.597100+00:00 [running]> on host 25ef6dfa8bdc
[2026-05-05T21:49:59.276+0000] {taskinstance.py:2480} INFO - Exporting env vars: AIRFLOW_CTX_DAG_OWNER='***' AIRFLOW_CTX_DAG_ID='price_intelligence_pipeline' AIRFLOW_CTX_TASK_ID='scrape_amazon' AIRFLOW_CTX_EXECUTION_DATE='2026-05-05T21:21:43.597100+00:00' AIRFLOW_CTX_TRY_NUMBER='1' AIRFLOW_CTX_DAG_RUN_ID='manual__2026-05-05T21:21:43.597100+00:00'
[2026-05-05T21:49:59.280+0000] {subprocess.py:63} INFO - Tmp dir root location: /tmp
[2026-05-05T21:49:59.283+0000] {subprocess.py:75} INFO - Running command: ['/usr/bin/bash', '-c', '\n            cd /opt/***\n            mkdir -p data/raw\n            export DISPLAY=:99\n            python3 scrapers/spiders/amazon_ma.py || echo "Amazon done with warnings"\n        ']
[2026-05-05T21:49:59.335+0000] {subprocess.py:86} INFO - Output:
[2026-05-05T21:50:30.702+0000] {subprocess.py:93} INFO - Traceback (most recent call last):
[2026-05-05T21:50:30.708+0000] {subprocess.py:93} INFO -   File "scrapers/spiders/amazon_ma.py", line 147, in <module>
[2026-05-05T21:50:30.711+0000] {subprocess.py:93} INFO -     scrape_amazon()
[2026-05-05T21:50:30.715+0000] {subprocess.py:93} INFO -   File "scrapers/spiders/amazon_ma.py", line 55, in scrape_amazon
[2026-05-05T21:50:30.716+0000] {subprocess.py:93} INFO -     driver = get_driver()
[2026-05-05T21:50:30.718+0000] {subprocess.py:93} INFO -   File "scrapers/spiders/amazon_ma.py", line 47, in get_driver
[2026-05-05T21:50:30.720+0000] {subprocess.py:93} INFO -     driver = webdriver.Chrome(service=Service(ChromeDriverManager().install()), options=opts)
[2026-05-05T21:50:30.722+0000] {subprocess.py:93} INFO -   File "/home/***/.local/lib/python3.8/site-packages/selenium/webdriver/chrome/webdriver.py", line 45, in __init__
[2026-05-05T21:50:30.734+0000] {subprocess.py:93} INFO -     super().__init__(
[2026-05-05T21:50:30.736+0000] {subprocess.py:93} INFO -   File "/home/***/.local/lib/python3.8/site-packages/selenium/webdriver/chromium/webdriver.py", line 66, in __init__
[2026-05-05T21:50:30.738+0000] {subprocess.py:93} INFO -     super().__init__(command_executor=executor, options=options)
[2026-05-05T21:50:30.739+0000] {subprocess.py:93} INFO -   File "/home/***/.local/lib/python3.8/site-packages/selenium/webdriver/remote/webdriver.py", line 241, in __init__
[2026-05-05T21:50:30.740+0000] {subprocess.py:93} INFO -     self.start_session(capabilities)
[2026-05-05T21:50:30.741+0000] {subprocess.py:93} INFO -   File "/home/***/.local/lib/python3.8/site-packages/selenium/webdriver/remote/webdriver.py", line 329, in start_session
[2026-05-05T21:50:30.743+0000] {subprocess.py:93} INFO -     response = self.execute(Command.NEW_SESSION, caps)["value"]
[2026-05-05T21:50:30.746+0000] {subprocess.py:93} INFO -   File "/home/***/.local/lib/python3.8/site-packages/selenium/webdriver/remote/webdriver.py", line 384, in execute
[2026-05-05T21:50:30.751+0000] {subprocess.py:93} INFO -     self.error_handler.check_response(response)
[2026-05-05T21:50:30.753+0000] {subprocess.py:93} INFO -   File "/home/***/.local/lib/python3.8/site-packages/selenium/webdriver/remote/errorhandler.py", line 232, in check_response
[2026-05-05T21:50:30.755+0000] {subprocess.py:93} INFO -     raise exception_class(message, screen, stacktrace)
[2026-05-05T21:50:30.756+0000] {subprocess.py:93} INFO - selenium.common.exceptions.WebDriverException: Message: unknown error: Chrome failed to start: exited abnormally.
[2026-05-05T21:50:30.758+0000] {subprocess.py:93} INFO -   (unknown error: DevToolsActivePort file doesn't exist)
[2026-05-05T21:50:30.759+0000] {subprocess.py:93} INFO -   (The process started from chrome location /usr/bin/chromium is no longer running, so ChromeDriver is assuming that Chrome has crashed.)
[2026-05-05T21:50:30.760+0000] {subprocess.py:93} INFO - Stacktrace:
[2026-05-05T21:50:30.762+0000] {subprocess.py:93} INFO - #0 0x64d9f804f4e3 <unknown>
[2026-05-05T21:50:30.763+0000] {subprocess.py:93} INFO - #1 0x64d9f7d7ec76 <unknown>
[2026-05-05T21:50:30.766+0000] {subprocess.py:93} INFO - #2 0x64d9f7da7d78 <unknown>
[2026-05-05T21:50:30.768+0000] {subprocess.py:93} INFO - #3 0x64d9f7da4029 <unknown>
[2026-05-05T21:50:30.770+0000] {subprocess.py:93} INFO - #4 0x64d9f7de2ccc <unknown>
[2026-05-05T21:50:30.771+0000] {subprocess.py:93} INFO - #5 0x64d9f7de247f <unknown>
[2026-05-05T21:50:30.772+0000] {subprocess.py:93} INFO - #6 0x64d9f7dd9de3 <unknown>
[2026-05-05T21:50:30.773+0000] {subprocess.py:93} INFO - #7 0x64d9f7daf2dd <unknown>
[2026-05-05T21:50:30.774+0000] {subprocess.py:93} INFO - #8 0x64d9f7db034e <unknown>
[2026-05-05T21:50:30.775+0000] {subprocess.py:93} INFO - #9 0x64d9f800f3e4 <unknown>
[2026-05-05T21:50:30.782+0000] {subprocess.py:93} INFO - #10 0x64d9f80133d7 <unknown>
[2026-05-05T21:50:30.786+0000] {subprocess.py:93} INFO - #11 0x64d9f801db20 <unknown>
[2026-05-05T21:50:30.790+0000] {subprocess.py:93} INFO - #12 0x64d9f8014023 <unknown>
[2026-05-05T21:50:30.794+0000] {subprocess.py:93} INFO - #13 0x64d9f7fe21aa <unknown>
[2026-05-05T21:50:30.799+0000] {subprocess.py:93} INFO - #14 0x64d9f80386b8 <unknown>
[2026-05-05T21:50:30.802+0000] {subprocess.py:93} INFO - #15 0x64d9f8038847 <unknown>
[2026-05-05T21:50:30.803+0000] {subprocess.py:93} INFO - #16 0x64d9f8048243 <unknown>
[2026-05-05T21:50:30.804+0000] {subprocess.py:93} INFO - #17 0x77a650b7f134 <unknown>
[2026-05-05T21:50:30.806+0000] {subprocess.py:93} INFO - 
[2026-05-05T21:50:30.837+0000] {subprocess.py:93} INFO - Amazon done with warnings
[2026-05-05T21:50:30.839+0000] {subprocess.py:97} INFO - Command exited with return code 0
[2026-05-05T21:50:30.927+0000] {taskinstance.py:1138} INFO - Marking task as SUCCESS. dag_id=price_intelligence_pipeline, task_id=scrape_amazon, execution_date=20260505T212143, start_date=20260505T214958, end_date=20260505T215030
[2026-05-05T21:50:30.993+0000] {local_task_job_runner.py:234} INFO - Task exited with return code 0
[2026-05-05T21:50:31.081+0000] {taskinstance.py:3280} INFO - 0 downstream tasks scheduled from follow-on schedule check
