[2026-05-07T22:05:18.308+0000] {taskinstance.py:1956} INFO - Dependencies all met for dep_context=non-requeueable deps ti=<TaskInstance: price_intelligence_pipeline.scrape_amazon manual__2026-05-07T22:01:50.369350+00:00 [queued]>
[2026-05-07T22:05:18.378+0000] {taskinstance.py:1956} INFO - Dependencies all met for dep_context=requeueable deps ti=<TaskInstance: price_intelligence_pipeline.scrape_amazon manual__2026-05-07T22:01:50.369350+00:00 [queued]>
[2026-05-07T22:05:18.382+0000] {taskinstance.py:2170} INFO - Starting attempt 1 of 2
[2026-05-07T22:05:18.474+0000] {taskinstance.py:2191} INFO - Executing <Task(BashOperator): scrape_amazon> on 2026-05-07 22:01:50.369350+00:00
[2026-05-07T22:05:18.487+0000] {standard_task_runner.py:60} INFO - Started process 1084 to run task
[2026-05-07T22:05:18.513+0000] {standard_task_runner.py:87} INFO - Running: ['***', 'tasks', 'run', 'price_intelligence_pipeline', 'scrape_amazon', 'manual__2026-05-07T22:01:50.369350+00:00', '--job-id', '713', '--raw', '--subdir', 'DAGS_FOLDER/price_intelligence_dag.py', '--cfg-path', '/tmp/tmpzwk710ip']
[2026-05-07T22:05:18.524+0000] {standard_task_runner.py:88} INFO - Job 713: Subtask scrape_amazon
[2026-05-07T22:05:18.938+0000] {task_command.py:423} INFO - Running <TaskInstance: price_intelligence_pipeline.scrape_amazon manual__2026-05-07T22:01:50.369350+00:00 [running]> on host 25ef6dfa8bdc
[2026-05-07T22:05:19.564+0000] {taskinstance.py:2480} INFO - Exporting env vars: AIRFLOW_CTX_DAG_OWNER='***' AIRFLOW_CTX_DAG_ID='price_intelligence_pipeline' AIRFLOW_CTX_TASK_ID='scrape_amazon' AIRFLOW_CTX_EXECUTION_DATE='2026-05-07T22:01:50.369350+00:00' AIRFLOW_CTX_TRY_NUMBER='1' AIRFLOW_CTX_DAG_RUN_ID='manual__2026-05-07T22:01:50.369350+00:00'
[2026-05-07T22:05:19.588+0000] {subprocess.py:63} INFO - Tmp dir root location: /tmp
[2026-05-07T22:05:19.624+0000] {subprocess.py:75} INFO - Running command: ['/usr/bin/bash', '-c', '\n            cd /opt/***\n            mkdir -p data/raw\n            export DISPLAY=:99\n            python3 scrapers/spiders/amazon_ma.py || echo "Amazon done with warnings"\n        ']
[2026-05-07T22:05:19.670+0000] {subprocess.py:86} INFO - Output:
[2026-05-07T22:06:02.631+0000] {subprocess.py:93} INFO - Traceback (most recent call last):
[2026-05-07T22:06:02.632+0000] {subprocess.py:93} INFO -   File "scrapers/spiders/amazon_ma.py", line 147, in <module>
[2026-05-07T22:06:02.633+0000] {subprocess.py:93} INFO -     scrape_amazon()
[2026-05-07T22:06:02.634+0000] {subprocess.py:93} INFO -   File "scrapers/spiders/amazon_ma.py", line 55, in scrape_amazon
[2026-05-07T22:06:02.635+0000] {subprocess.py:93} INFO -     driver = get_driver()
[2026-05-07T22:06:02.636+0000] {subprocess.py:93} INFO -   File "scrapers/spiders/amazon_ma.py", line 47, in get_driver
[2026-05-07T22:06:02.639+0000] {subprocess.py:93} INFO -     driver = webdriver.Chrome(service=Service(ChromeDriverManager().install()), options=opts)
[2026-05-07T22:06:02.641+0000] {subprocess.py:93} INFO -   File "/home/***/.local/lib/python3.8/site-packages/selenium/webdriver/chrome/webdriver.py", line 45, in __init__
[2026-05-07T22:06:02.643+0000] {subprocess.py:93} INFO -     super().__init__(
[2026-05-07T22:06:02.645+0000] {subprocess.py:93} INFO -   File "/home/***/.local/lib/python3.8/site-packages/selenium/webdriver/chromium/webdriver.py", line 66, in __init__
[2026-05-07T22:06:02.646+0000] {subprocess.py:93} INFO -     super().__init__(command_executor=executor, options=options)
[2026-05-07T22:06:02.648+0000] {subprocess.py:93} INFO -   File "/home/***/.local/lib/python3.8/site-packages/selenium/webdriver/remote/webdriver.py", line 241, in __init__
[2026-05-07T22:06:02.649+0000] {subprocess.py:93} INFO -     self.start_session(capabilities)
[2026-05-07T22:06:02.650+0000] {subprocess.py:93} INFO -   File "/home/***/.local/lib/python3.8/site-packages/selenium/webdriver/remote/webdriver.py", line 329, in start_session
[2026-05-07T22:06:02.652+0000] {subprocess.py:93} INFO -     response = self.execute(Command.NEW_SESSION, caps)["value"]
[2026-05-07T22:06:02.657+0000] {subprocess.py:93} INFO -   File "/home/***/.local/lib/python3.8/site-packages/selenium/webdriver/remote/webdriver.py", line 384, in execute
[2026-05-07T22:06:02.663+0000] {subprocess.py:93} INFO -     self.error_handler.check_response(response)
[2026-05-07T22:06:02.665+0000] {subprocess.py:93} INFO -   File "/home/***/.local/lib/python3.8/site-packages/selenium/webdriver/remote/errorhandler.py", line 232, in check_response
[2026-05-07T22:06:02.666+0000] {subprocess.py:93} INFO -     raise exception_class(message, screen, stacktrace)
[2026-05-07T22:06:02.668+0000] {subprocess.py:93} INFO - selenium.common.exceptions.WebDriverException: Message: unknown error: Chrome failed to start: exited abnormally.
[2026-05-07T22:06:02.669+0000] {subprocess.py:93} INFO -   (unknown error: DevToolsActivePort file doesn't exist)
[2026-05-07T22:06:02.672+0000] {subprocess.py:93} INFO -   (The process started from chrome location /usr/bin/chromium is no longer running, so ChromeDriver is assuming that Chrome has crashed.)
[2026-05-07T22:06:02.675+0000] {subprocess.py:93} INFO - Stacktrace:
[2026-05-07T22:06:02.676+0000] {subprocess.py:93} INFO - #0 0x60356bfc94e3 <unknown>
[2026-05-07T22:06:02.679+0000] {subprocess.py:93} INFO - #1 0x60356bcf8c76 <unknown>
[2026-05-07T22:06:02.681+0000] {subprocess.py:93} INFO - #2 0x60356bd21d78 <unknown>
[2026-05-07T22:06:02.683+0000] {subprocess.py:93} INFO - #3 0x60356bd1e029 <unknown>
[2026-05-07T22:06:02.684+0000] {subprocess.py:93} INFO - #4 0x60356bd5cccc <unknown>
[2026-05-07T22:06:02.686+0000] {subprocess.py:93} INFO - #5 0x60356bd5c47f <unknown>
[2026-05-07T22:06:02.688+0000] {subprocess.py:93} INFO - #6 0x60356bd53de3 <unknown>
[2026-05-07T22:06:02.689+0000] {subprocess.py:93} INFO - #7 0x60356bd292dd <unknown>
[2026-05-07T22:06:02.690+0000] {subprocess.py:93} INFO - #8 0x60356bd2a34e <unknown>
[2026-05-07T22:06:02.691+0000] {subprocess.py:93} INFO - #9 0x60356bf893e4 <unknown>
[2026-05-07T22:06:02.692+0000] {subprocess.py:93} INFO - #10 0x60356bf8d3d7 <unknown>
[2026-05-07T22:06:02.693+0000] {subprocess.py:93} INFO - #11 0x60356bf97b20 <unknown>
[2026-05-07T22:06:02.694+0000] {subprocess.py:93} INFO - #12 0x60356bf8e023 <unknown>
[2026-05-07T22:06:02.696+0000] {subprocess.py:93} INFO - #13 0x60356bf5c1aa <unknown>
[2026-05-07T22:06:02.697+0000] {subprocess.py:93} INFO - #14 0x60356bfb26b8 <unknown>
[2026-05-07T22:06:02.699+0000] {subprocess.py:93} INFO - #15 0x60356bfb2847 <unknown>
[2026-05-07T22:06:02.700+0000] {subprocess.py:93} INFO - #16 0x60356bfc2243 <unknown>
[2026-05-07T22:06:02.701+0000] {subprocess.py:93} INFO - #17 0x78771c243134 <unknown>
[2026-05-07T22:06:02.703+0000] {subprocess.py:93} INFO - 
[2026-05-07T22:06:02.732+0000] {subprocess.py:93} INFO - Amazon done with warnings
[2026-05-07T22:06:02.734+0000] {subprocess.py:97} INFO - Command exited with return code 0
[2026-05-07T22:06:02.877+0000] {taskinstance.py:1138} INFO - Marking task as SUCCESS. dag_id=price_intelligence_pipeline, task_id=scrape_amazon, execution_date=20260507T220150, start_date=20260507T220518, end_date=20260507T220602
[2026-05-07T22:06:02.949+0000] {local_task_job_runner.py:234} INFO - Task exited with return code 0
[2026-05-07T22:06:03.096+0000] {taskinstance.py:3280} INFO - 0 downstream tasks scheduled from follow-on schedule check
