[2026-05-20T19:01:24.204+0000] {taskinstance.py:1956} INFO - Dependencies all met for dep_context=non-requeueable deps ti=<TaskInstance: price_intelligence_pipeline.dbt_run scheduled__2026-05-20T18:00:00+00:00 [queued]>
[2026-05-20T19:01:24.224+0000] {taskinstance.py:1956} INFO - Dependencies all met for dep_context=requeueable deps ti=<TaskInstance: price_intelligence_pipeline.dbt_run scheduled__2026-05-20T18:00:00+00:00 [queued]>
[2026-05-20T19:01:24.228+0000] {taskinstance.py:2170} INFO - Starting attempt 1 of 2
[2026-05-20T19:01:24.253+0000] {taskinstance.py:2191} INFO - Executing <Task(BashOperator): dbt_run> on 2026-05-20 18:00:00+00:00
[2026-05-20T19:01:24.262+0000] {standard_task_runner.py:60} INFO - Started process 69006 to run task
[2026-05-20T19:01:24.269+0000] {standard_task_runner.py:87} INFO - Running: ['***', 'tasks', 'run', 'price_intelligence_pipeline', 'dbt_run', 'scheduled__2026-05-20T18:00:00+00:00', '--job-id', '1598', '--raw', '--subdir', 'DAGS_FOLDER/price_intelligence_dag.py', '--cfg-path', '/tmp/tmpe_7wsd36']
[2026-05-20T19:01:24.274+0000] {standard_task_runner.py:88} INFO - Job 1598: Subtask dbt_run
[2026-05-20T19:01:24.422+0000] {task_command.py:423} INFO - Running <TaskInstance: price_intelligence_pipeline.dbt_run scheduled__2026-05-20T18:00:00+00:00 [running]> on host 91e0d3a0a233
[2026-05-20T19:01:24.659+0000] {taskinstance.py:2480} INFO - Exporting env vars: AIRFLOW_CTX_DAG_OWNER='***' AIRFLOW_CTX_DAG_ID='price_intelligence_pipeline' AIRFLOW_CTX_TASK_ID='dbt_run' AIRFLOW_CTX_EXECUTION_DATE='2026-05-20T18:00:00+00:00' AIRFLOW_CTX_TRY_NUMBER='1' AIRFLOW_CTX_DAG_RUN_ID='scheduled__2026-05-20T18:00:00+00:00'
[2026-05-20T19:01:24.663+0000] {subprocess.py:63} INFO - Tmp dir root location: /tmp
[2026-05-20T19:01:24.671+0000] {subprocess.py:75} INFO - Running command: ['/usr/bin/bash', '-c', '\n            set -e\n            cd /opt/***/dbt\n            export GOOGLE_APPLICATION_CREDENTIALS=/opt/***/gcp-credentials-new.json\n            /home/***/.local/bin/dbt run --full-refresh --profiles-dir . --project-dir .\n            echo dbt done\n        ']
[2026-05-20T19:01:24.696+0000] {subprocess.py:86} INFO - Output:
[2026-05-20T19:01:30.442+0000] {subprocess.py:93} INFO - [0m19:01:30  Running with dbt=1.8.7
[2026-05-20T19:01:33.208+0000] {subprocess.py:93} INFO - [0m19:01:33  Registered adapter: bigquery=1.8.3
[2026-05-20T19:01:35.152+0000] {subprocess.py:93} INFO - [0m19:01:35  Found 3 models, 1 seed, 7 data tests, 1 source, 479 macros
[2026-05-20T19:01:35.159+0000] {subprocess.py:93} INFO - [0m19:01:35
[2026-05-20T19:01:39.955+0000] {subprocess.py:93} INFO - [0m19:01:39  Concurrency: 4 threads (target='dev')
[2026-05-20T19:01:39.957+0000] {subprocess.py:93} INFO - [0m19:01:39
[2026-05-20T19:01:39.975+0000] {subprocess.py:93} INFO - [0m19:01:39  1 of 3 START sql view model price_intelligence_dbt.stg_prices .................. [RUN]
[2026-05-20T19:01:43.876+0000] {subprocess.py:93} INFO - [0m19:01:43  1 of 3 OK created sql view model price_intelligence_dbt.stg_prices ............. [[32mCREATE VIEW (0 processed)[0m in 3.89s]
[2026-05-20T19:01:43.885+0000] {subprocess.py:93} INFO - [0m19:01:43  2 of 3 START sql table model price_intelligence_dbt.prices_cleaned ............. [RUN]
[2026-05-20T19:01:49.517+0000] {subprocess.py:93} INFO - [0m19:01:49  2 of 3 OK created sql table model price_intelligence_dbt.prices_cleaned ........ [[32mCREATE TABLE (5.0k rows, 2.6 MiB processed)[0m in 5.63s]
[2026-05-20T19:01:49.524+0000] {subprocess.py:93} INFO - [0m19:01:49  3 of 3 START sql table model price_intelligence_dbt.prices_aggregated .......... [RUN]
[2026-05-20T19:01:54.089+0000] {subprocess.py:93} INFO - [0m19:01:54  3 of 3 OK created sql table model price_intelligence_dbt.prices_aggregated ..... [[32mCREATE TABLE (11.0 rows, 231.8 KiB processed)[0m in 4.56s]
[2026-05-20T19:01:54.100+0000] {subprocess.py:93} INFO - [0m19:01:54
[2026-05-20T19:01:54.101+0000] {subprocess.py:93} INFO - [0m19:01:54  Finished running 1 view model, 2 table models in 0 hours 0 minutes and 18.94 seconds (18.94s).
[2026-05-20T19:01:54.227+0000] {subprocess.py:93} INFO - [0m19:01:54
[2026-05-20T19:01:54.229+0000] {subprocess.py:93} INFO - [0m19:01:54  [32mCompleted successfully[0m
[2026-05-20T19:01:54.230+0000] {subprocess.py:93} INFO - [0m19:01:54
[2026-05-20T19:01:54.232+0000] {subprocess.py:93} INFO - [0m19:01:54  Done. PASS=3 WARN=0 ERROR=0 SKIP=0 TOTAL=3
[2026-05-20T19:01:59.931+0000] {subprocess.py:93} INFO - dbt done
[2026-05-20T19:01:59.943+0000] {subprocess.py:97} INFO - Command exited with return code 0
[2026-05-20T19:02:00.013+0000] {taskinstance.py:1138} INFO - Marking task as SUCCESS. dag_id=price_intelligence_pipeline, task_id=dbt_run, execution_date=20260520T180000, start_date=20260520T190124, end_date=20260520T190200
[2026-05-20T19:02:00.070+0000] {local_task_job_runner.py:234} INFO - Task exited with return code 0
[2026-05-20T19:02:00.130+0000] {taskinstance.py:3280} INFO - 1 downstream tasks scheduled from follow-on schedule check
