[2026-05-05T22:11:08.913+0000] {taskinstance.py:1956} INFO - Dependencies all met for dep_context=non-requeueable deps ti=<TaskInstance: price_intelligence_pipeline.scrape_electroplanet manual__2026-05-05T22:08:03.325769+00:00 [queued]>
[2026-05-05T22:11:08.949+0000] {taskinstance.py:1956} INFO - Dependencies all met for dep_context=requeueable deps ti=<TaskInstance: price_intelligence_pipeline.scrape_electroplanet manual__2026-05-05T22:08:03.325769+00:00 [queued]>
[2026-05-05T22:11:08.954+0000] {taskinstance.py:2170} INFO - Starting attempt 1 of 2
[2026-05-05T22:11:09.020+0000] {taskinstance.py:2191} INFO - Executing <Task(BashOperator): scrape_electroplanet> on 2026-05-05 22:08:03.325769+00:00
[2026-05-05T22:11:09.032+0000] {standard_task_runner.py:60} INFO - Started process 9178 to run task
[2026-05-05T22:11:09.049+0000] {standard_task_runner.py:87} INFO - Running: ['***', 'tasks', 'run', 'price_intelligence_pipeline', 'scrape_electroplanet', 'manual__2026-05-05T22:08:03.325769+00:00', '--job-id', '456', '--raw', '--subdir', 'DAGS_FOLDER/price_intelligence_dag.py', '--cfg-path', '/tmp/tmp9lbqe0sj']
[2026-05-05T22:11:09.061+0000] {standard_task_runner.py:88} INFO - Job 456: Subtask scrape_electroplanet
[2026-05-05T22:11:09.235+0000] {task_command.py:423} INFO - Running <TaskInstance: price_intelligence_pipeline.scrape_electroplanet manual__2026-05-05T22:08:03.325769+00:00 [running]> on host 25ef6dfa8bdc
[2026-05-05T22:11:09.473+0000] {taskinstance.py:2480} INFO - Exporting env vars: AIRFLOW_CTX_DAG_OWNER='***' AIRFLOW_CTX_DAG_ID='price_intelligence_pipeline' AIRFLOW_CTX_TASK_ID='scrape_electroplanet' AIRFLOW_CTX_EXECUTION_DATE='2026-05-05T22:08:03.325769+00:00' AIRFLOW_CTX_TRY_NUMBER='1' AIRFLOW_CTX_DAG_RUN_ID='manual__2026-05-05T22:08:03.325769+00:00'
[2026-05-05T22:11:09.478+0000] {subprocess.py:63} INFO - Tmp dir root location: /tmp
[2026-05-05T22:11:09.481+0000] {subprocess.py:75} INFO - Running command: ['/usr/bin/bash', '-c', '\n            cd /opt/***\n            mkdir -p data/raw\n            export DISPLAY=:99\n            python3 scrapers/spiders/electroplanet_ma.py || echo "Electroplanet done with warnings"\n        ']
[2026-05-05T22:11:09.511+0000] {subprocess.py:86} INFO - Output:
[2026-05-05T22:11:30.413+0000] {subprocess.py:93} INFO - 
[2026-05-05T22:11:30.415+0000] {subprocess.py:93} INFO - [Electroplanet] Scraping : smartphones
[2026-05-05T22:11:30.416+0000] {subprocess.py:93} INFO - Traceback (most recent call last):
[2026-05-05T22:11:30.417+0000] {subprocess.py:93} INFO -   File "scrapers/spiders/electroplanet_ma.py", line 162, in <module>
[2026-05-05T22:11:30.417+0000] {subprocess.py:93} INFO -     scrape_electroplanet()
[2026-05-05T22:11:30.418+0000] {subprocess.py:93} INFO -   File "scrapers/spiders/electroplanet_ma.py", line 73, in scrape_electroplanet
[2026-05-05T22:11:30.418+0000] {subprocess.py:93} INFO -     driver = get_driver()
[2026-05-05T22:11:30.419+0000] {subprocess.py:93} INFO -   File "scrapers/spiders/electroplanet_ma.py", line 63, in get_driver
[2026-05-05T22:11:30.420+0000] {subprocess.py:93} INFO -     return webdriver.Chrome(service=Service(ChromeDriverManager().install()), options=opts)
[2026-05-05T22:11:30.420+0000] {subprocess.py:93} INFO -   File "/home/***/.local/lib/python3.8/site-packages/selenium/webdriver/chrome/webdriver.py", line 45, in __init__
[2026-05-05T22:11:30.421+0000] {subprocess.py:93} INFO -     super().__init__(
[2026-05-05T22:11:30.422+0000] {subprocess.py:93} INFO -   File "/home/***/.local/lib/python3.8/site-packages/selenium/webdriver/chromium/webdriver.py", line 66, in __init__
[2026-05-05T22:11:30.422+0000] {subprocess.py:93} INFO -     super().__init__(command_executor=executor, options=options)
[2026-05-05T22:11:30.423+0000] {subprocess.py:93} INFO -   File "/home/***/.local/lib/python3.8/site-packages/selenium/webdriver/remote/webdriver.py", line 241, in __init__
[2026-05-05T22:11:30.424+0000] {subprocess.py:93} INFO -     self.start_session(capabilities)
[2026-05-05T22:11:30.425+0000] {subprocess.py:93} INFO -   File "/home/***/.local/lib/python3.8/site-packages/selenium/webdriver/remote/webdriver.py", line 329, in start_session
[2026-05-05T22:11:30.425+0000] {subprocess.py:93} INFO -     response = self.execute(Command.NEW_SESSION, caps)["value"]
[2026-05-05T22:11:30.426+0000] {subprocess.py:93} INFO -   File "/home/***/.local/lib/python3.8/site-packages/selenium/webdriver/remote/webdriver.py", line 384, in execute
[2026-05-05T22:11:30.427+0000] {subprocess.py:93} INFO -     self.error_handler.check_response(response)
[2026-05-05T22:11:30.427+0000] {subprocess.py:93} INFO -   File "/home/***/.local/lib/python3.8/site-packages/selenium/webdriver/remote/errorhandler.py", line 232, in check_response
[2026-05-05T22:11:30.429+0000] {subprocess.py:93} INFO -     raise exception_class(message, screen, stacktrace)
[2026-05-05T22:11:30.429+0000] {subprocess.py:93} INFO - selenium.common.exceptions.SessionNotCreatedException: Message: session not created: This version of ChromeDriver only supports Chrome version 114
[2026-05-05T22:11:30.430+0000] {subprocess.py:93} INFO - Current browser version is 147.0.7727.137 with binary path /usr/bin/chromium
[2026-05-05T22:11:30.430+0000] {subprocess.py:93} INFO - Stacktrace:
[2026-05-05T22:11:30.431+0000] {subprocess.py:93} INFO - #0 0x5e930a9da4e3 <unknown>
[2026-05-05T22:11:30.432+0000] {subprocess.py:93} INFO - #1 0x5e930a709c76 <unknown>
[2026-05-05T22:11:30.432+0000] {subprocess.py:93} INFO - #2 0x5e930a73704a <unknown>
[2026-05-05T22:11:30.433+0000] {subprocess.py:93} INFO - #3 0x5e930a7324a1 <unknown>
[2026-05-05T22:11:30.434+0000] {subprocess.py:93} INFO - #4 0x5e930a72f029 <unknown>
[2026-05-05T22:11:30.434+0000] {subprocess.py:93} INFO - #5 0x5e930a76dccc <unknown>
[2026-05-05T22:11:30.435+0000] {subprocess.py:93} INFO - #6 0x5e930a76d47f <unknown>
[2026-05-05T22:11:30.436+0000] {subprocess.py:93} INFO - #7 0x5e930a764de3 <unknown>
[2026-05-05T22:11:30.436+0000] {subprocess.py:93} INFO - #8 0x5e930a73a2dd <unknown>
[2026-05-05T22:11:30.437+0000] {subprocess.py:93} INFO - #9 0x5e930a73b34e <unknown>
[2026-05-05T22:11:30.437+0000] {subprocess.py:93} INFO - #10 0x5e930a99a3e4 <unknown>
[2026-05-05T22:11:30.438+0000] {subprocess.py:93} INFO - #11 0x5e930a99e3d7 <unknown>
[2026-05-05T22:11:30.439+0000] {subprocess.py:93} INFO - #12 0x5e930a9a8b20 <unknown>
[2026-05-05T22:11:30.439+0000] {subprocess.py:93} INFO - #13 0x5e930a99f023 <unknown>
[2026-05-05T22:11:30.440+0000] {subprocess.py:93} INFO - #14 0x5e930a96d1aa <unknown>
[2026-05-05T22:11:30.440+0000] {subprocess.py:93} INFO - #15 0x5e930a9c36b8 <unknown>
[2026-05-05T22:11:30.441+0000] {subprocess.py:93} INFO - #16 0x5e930a9c3847 <unknown>
[2026-05-05T22:11:30.442+0000] {subprocess.py:93} INFO - #17 0x5e930a9d3243 <unknown>
[2026-05-05T22:11:30.442+0000] {subprocess.py:93} INFO - #18 0x74b209e25134 <unknown>
[2026-05-05T22:11:30.443+0000] {subprocess.py:93} INFO - 
[2026-05-05T22:11:30.482+0000] {subprocess.py:93} INFO - Electroplanet done with warnings
[2026-05-05T22:11:30.484+0000] {subprocess.py:97} INFO - Command exited with return code 0
[2026-05-05T22:11:30.554+0000] {taskinstance.py:1138} INFO - Marking task as SUCCESS. dag_id=price_intelligence_pipeline, task_id=scrape_electroplanet, execution_date=20260505T220803, start_date=20260505T221108, end_date=20260505T221130
[2026-05-05T22:11:30.589+0000] {local_task_job_runner.py:234} INFO - Task exited with return code 0
[2026-05-05T22:11:30.636+0000] {taskinstance.py:3280} INFO - 1 downstream tasks scheduled from follow-on schedule check
