[2026-05-07T13:13:48.172+0000] {taskinstance.py:1956} INFO - Dependencies all met for dep_context=non-requeueable deps ti=<TaskInstance: price_intelligence_pipeline.scrape_amazon scheduled__2026-05-07T12:00:00+00:00 [queued]>
[2026-05-07T13:13:48.206+0000] {taskinstance.py:1956} INFO - Dependencies all met for dep_context=requeueable deps ti=<TaskInstance: price_intelligence_pipeline.scrape_amazon scheduled__2026-05-07T12:00:00+00:00 [queued]>
[2026-05-07T13:13:48.210+0000] {taskinstance.py:2170} INFO - Starting attempt 1 of 2
[2026-05-07T13:13:48.276+0000] {taskinstance.py:2191} INFO - Executing <Task(BashOperator): scrape_amazon> on 2026-05-07 12:00:00+00:00
[2026-05-07T13:13:48.301+0000] {standard_task_runner.py:60} INFO - Started process 25165 to run task
[2026-05-07T13:13:48.320+0000] {standard_task_runner.py:87} INFO - Running: ['***', 'tasks', 'run', 'price_intelligence_pipeline', 'scrape_amazon', 'scheduled__2026-05-07T12:00:00+00:00', '--job-id', '653', '--raw', '--subdir', 'DAGS_FOLDER/price_intelligence_dag.py', '--cfg-path', '/tmp/tmp6eyo2wgm']
[2026-05-07T13:13:48.331+0000] {standard_task_runner.py:88} INFO - Job 653: Subtask scrape_amazon
[2026-05-07T13:13:48.673+0000] {task_command.py:423} INFO - Running <TaskInstance: price_intelligence_pipeline.scrape_amazon scheduled__2026-05-07T12:00:00+00:00 [running]> on host 25ef6dfa8bdc
[2026-05-07T13:13:49.158+0000] {taskinstance.py:2480} INFO - Exporting env vars: AIRFLOW_CTX_DAG_OWNER='***' AIRFLOW_CTX_DAG_ID='price_intelligence_pipeline' AIRFLOW_CTX_TASK_ID='scrape_amazon' AIRFLOW_CTX_EXECUTION_DATE='2026-05-07T12:00:00+00:00' AIRFLOW_CTX_TRY_NUMBER='1' AIRFLOW_CTX_DAG_RUN_ID='scheduled__2026-05-07T12:00:00+00:00'
[2026-05-07T13:13:49.165+0000] {subprocess.py:63} INFO - Tmp dir root location: /tmp
[2026-05-07T13:13:49.168+0000] {subprocess.py:75} INFO - Running command: ['/usr/bin/bash', '-c', '\n            cd /opt/***\n            mkdir -p data/raw\n            export DISPLAY=:99\n            python3 scrapers/spiders/amazon_ma.py || echo "Amazon done with warnings"\n        ']
[2026-05-07T13:13:49.198+0000] {subprocess.py:86} INFO - Output:
[2026-05-07T13:13:54.689+0000] {subprocess.py:93} INFO - Traceback (most recent call last):
[2026-05-07T13:13:54.861+0000] {subprocess.py:93} INFO -   File "/home/***/.local/lib/python3.8/site-packages/urllib3/connection.py", line 174, in _new_conn
[2026-05-07T13:13:54.867+0000] {subprocess.py:93} INFO -     conn = connection.create_connection(
[2026-05-07T13:13:54.886+0000] {subprocess.py:93} INFO -   File "/home/***/.local/lib/python3.8/site-packages/urllib3/util/connection.py", line 72, in create_connection
[2026-05-07T13:13:54.900+0000] {subprocess.py:93} INFO -     for res in socket.getaddrinfo(host, port, family, socket.SOCK_STREAM):
[2026-05-07T13:13:54.903+0000] {subprocess.py:93} INFO -   File "/usr/local/lib/python3.8/socket.py", line 918, in getaddrinfo
[2026-05-07T13:13:54.905+0000] {subprocess.py:93} INFO -     for res in _socket.getaddrinfo(host, port, family, type, proto, flags):
[2026-05-07T13:13:54.919+0000] {subprocess.py:93} INFO - socket.gaierror: [Errno -5] No address associated with hostname
[2026-05-07T13:13:54.977+0000] {subprocess.py:93} INFO - 
[2026-05-07T13:13:54.981+0000] {subprocess.py:93} INFO - During handling of the above exception, another exception occurred:
[2026-05-07T13:13:55.017+0000] {subprocess.py:93} INFO - 
[2026-05-07T13:13:55.050+0000] {subprocess.py:93} INFO - Traceback (most recent call last):
[2026-05-07T13:13:55.066+0000] {subprocess.py:93} INFO -   File "/home/***/.local/lib/python3.8/site-packages/urllib3/connectionpool.py", line 715, in urlopen
[2026-05-07T13:13:55.125+0000] {subprocess.py:93} INFO -     httplib_response = self._make_request(
[2026-05-07T13:13:55.141+0000] {subprocess.py:93} INFO -   File "/home/***/.local/lib/python3.8/site-packages/urllib3/connectionpool.py", line 404, in _make_request
[2026-05-07T13:13:55.150+0000] {subprocess.py:93} INFO -     self._validate_conn(conn)
[2026-05-07T13:13:55.159+0000] {subprocess.py:93} INFO -   File "/home/***/.local/lib/python3.8/site-packages/urllib3/connectionpool.py", line 1058, in _validate_conn
[2026-05-07T13:13:55.170+0000] {subprocess.py:93} INFO -     conn.connect()
[2026-05-07T13:13:55.175+0000] {subprocess.py:93} INFO -   File "/home/***/.local/lib/python3.8/site-packages/urllib3/connection.py", line 363, in connect
[2026-05-07T13:13:55.176+0000] {subprocess.py:93} INFO -     self.sock = conn = self._new_conn()
[2026-05-07T13:13:55.178+0000] {subprocess.py:93} INFO -   File "/home/***/.local/lib/python3.8/site-packages/urllib3/connection.py", line 186, in _new_conn
[2026-05-07T13:13:55.192+0000] {subprocess.py:93} INFO -     raise NewConnectionError(
[2026-05-07T13:13:55.194+0000] {subprocess.py:93} INFO - urllib3.exceptions.NewConnectionError: <urllib3.connection.HTTPSConnection object at 0x7bed256a73d0>: Failed to establish a new connection: [Errno -5] No address associated with hostname
[2026-05-07T13:13:55.197+0000] {subprocess.py:93} INFO - 
[2026-05-07T13:13:55.200+0000] {subprocess.py:93} INFO - During handling of the above exception, another exception occurred:
[2026-05-07T13:13:55.206+0000] {subprocess.py:93} INFO - 
[2026-05-07T13:13:55.208+0000] {subprocess.py:93} INFO - Traceback (most recent call last):
[2026-05-07T13:13:55.211+0000] {subprocess.py:93} INFO -   File "/home/***/.local/lib/python3.8/site-packages/requests/adapters.py", line 486, in send
[2026-05-07T13:13:55.222+0000] {subprocess.py:93} INFO -     resp = conn.urlopen(
[2026-05-07T13:13:55.224+0000] {subprocess.py:93} INFO -   File "/home/***/.local/lib/python3.8/site-packages/urllib3/connectionpool.py", line 799, in urlopen
[2026-05-07T13:13:55.225+0000] {subprocess.py:93} INFO -     retries = retries.increment(
[2026-05-07T13:13:55.228+0000] {subprocess.py:93} INFO -   File "/home/***/.local/lib/python3.8/site-packages/urllib3/util/retry.py", line 592, in increment
[2026-05-07T13:13:55.239+0000] {subprocess.py:93} INFO -     raise MaxRetryError(_pool, url, error or ResponseError(cause))
[2026-05-07T13:13:55.246+0000] {subprocess.py:93} INFO - urllib3.exceptions.MaxRetryError: HTTPSConnectionPool(host='chromedriver.storage.googleapis.com', port=443): Max retries exceeded with url: /LATEST_RELEASE (Caused by NewConnectionError('<urllib3.connection.HTTPSConnection object at 0x7bed256a73d0>: Failed to establish a new connection: [Errno -5] No address associated with hostname'))
[2026-05-07T13:13:55.250+0000] {subprocess.py:93} INFO - 
[2026-05-07T13:13:55.256+0000] {subprocess.py:93} INFO - During handling of the above exception, another exception occurred:
[2026-05-07T13:13:55.258+0000] {subprocess.py:93} INFO - 
[2026-05-07T13:13:55.260+0000] {subprocess.py:93} INFO - Traceback (most recent call last):
[2026-05-07T13:13:55.271+0000] {subprocess.py:93} INFO -   File "/home/***/.local/lib/python3.8/site-packages/webdriver_manager/core/http.py", line 32, in get
[2026-05-07T13:13:55.276+0000] {subprocess.py:93} INFO -     resp = requests.get(
[2026-05-07T13:13:55.286+0000] {subprocess.py:93} INFO -   File "/home/***/.local/lib/python3.8/site-packages/requests/api.py", line 73, in get
[2026-05-07T13:13:55.290+0000] {subprocess.py:93} INFO -     return request("get", url, params=params, **kwargs)
[2026-05-07T13:13:55.292+0000] {subprocess.py:93} INFO -   File "/home/***/.local/lib/python3.8/site-packages/requests/api.py", line 59, in request
[2026-05-07T13:13:55.308+0000] {subprocess.py:93} INFO -     return session.request(method=method, url=url, **kwargs)
[2026-05-07T13:13:55.310+0000] {subprocess.py:93} INFO -   File "/home/***/.local/lib/python3.8/site-packages/requests/sessions.py", line 589, in request
[2026-05-07T13:13:55.318+0000] {subprocess.py:93} INFO -     resp = self.send(prep, **send_kwargs)
[2026-05-07T13:13:55.320+0000] {subprocess.py:93} INFO -   File "/home/***/.local/lib/python3.8/site-packages/requests/sessions.py", line 703, in send
[2026-05-07T13:13:55.323+0000] {subprocess.py:93} INFO -     r = adapter.send(request, **kwargs)
[2026-05-07T13:13:55.326+0000] {subprocess.py:93} INFO -   File "/home/***/.local/lib/python3.8/site-packages/requests/adapters.py", line 519, in send
[2026-05-07T13:13:55.336+0000] {subprocess.py:93} INFO -     raise ConnectionError(e, request=request)
[2026-05-07T13:13:55.343+0000] {subprocess.py:93} INFO - requests.exceptions.ConnectionError: HTTPSConnectionPool(host='chromedriver.storage.googleapis.com', port=443): Max retries exceeded with url: /LATEST_RELEASE (Caused by NewConnectionError('<urllib3.connection.HTTPSConnection object at 0x7bed256a73d0>: Failed to establish a new connection: [Errno -5] No address associated with hostname'))
[2026-05-07T13:13:55.345+0000] {subprocess.py:93} INFO - 
[2026-05-07T13:13:55.351+0000] {subprocess.py:93} INFO - During handling of the above exception, another exception occurred:
[2026-05-07T13:13:55.353+0000] {subprocess.py:93} INFO - 
[2026-05-07T13:13:55.355+0000] {subprocess.py:93} INFO - Traceback (most recent call last):
[2026-05-07T13:13:55.358+0000] {subprocess.py:93} INFO -   File "scrapers/spiders/amazon_ma.py", line 147, in <module>
[2026-05-07T13:13:55.368+0000] {subprocess.py:93} INFO -     scrape_amazon()
[2026-05-07T13:13:55.370+0000] {subprocess.py:93} INFO -   File "scrapers/spiders/amazon_ma.py", line 55, in scrape_amazon
[2026-05-07T13:13:55.373+0000] {subprocess.py:93} INFO -     driver = get_driver()
[2026-05-07T13:13:55.382+0000] {subprocess.py:93} INFO -   File "scrapers/spiders/amazon_ma.py", line 47, in get_driver
[2026-05-07T13:13:55.384+0000] {subprocess.py:93} INFO -     driver = webdriver.Chrome(service=Service(ChromeDriverManager().install()), options=opts)
[2026-05-07T13:13:55.386+0000] {subprocess.py:93} INFO -   File "/home/***/.local/lib/python3.8/site-packages/webdriver_manager/chrome.py", line 40, in install
[2026-05-07T13:13:55.388+0000] {subprocess.py:93} INFO -     driver_path = self._get_driver_binary_path(self.driver)
[2026-05-07T13:13:55.402+0000] {subprocess.py:93} INFO -   File "/home/***/.local/lib/python3.8/site-packages/webdriver_manager/core/manager.py", line 40, in _get_driver_binary_path
[2026-05-07T13:13:55.414+0000] {subprocess.py:93} INFO -     file = self._download_manager.download_file(driver.get_driver_download_url(os_type))
[2026-05-07T13:13:55.418+0000] {subprocess.py:93} INFO -   File "/home/***/.local/lib/python3.8/site-packages/webdriver_manager/drivers/chrome.py", line 32, in get_driver_download_url
[2026-05-07T13:13:55.429+0000] {subprocess.py:93} INFO -     driver_version_to_download = self.get_driver_version_to_download()
[2026-05-07T13:13:55.432+0000] {subprocess.py:93} INFO -   File "/home/***/.local/lib/python3.8/site-packages/webdriver_manager/core/driver.py", line 48, in get_driver_version_to_download
[2026-05-07T13:13:55.434+0000] {subprocess.py:93} INFO -     return self.get_latest_release_version()
[2026-05-07T13:13:55.446+0000] {subprocess.py:93} INFO -   File "/home/***/.local/lib/python3.8/site-packages/webdriver_manager/drivers/chrome.py", line 70, in get_latest_release_version
[2026-05-07T13:13:55.451+0000] {subprocess.py:93} INFO -     resp = self._http_client.get(url=latest_release_url)
[2026-05-07T13:13:55.463+0000] {subprocess.py:93} INFO -   File "/home/***/.local/lib/python3.8/site-packages/webdriver_manager/core/http.py", line 35, in get
[2026-05-07T13:13:55.466+0000] {subprocess.py:93} INFO -     raise exceptions.ConnectionError(f"Could not reach host. Are you offline?")
[2026-05-07T13:13:55.495+0000] {subprocess.py:93} INFO - requests.exceptions.ConnectionError: Could not reach host. Are you offline?
[2026-05-07T13:13:55.497+0000] {subprocess.py:93} INFO - Amazon done with warnings
[2026-05-07T13:13:55.501+0000] {subprocess.py:97} INFO - Command exited with return code 0
[2026-05-07T13:13:55.951+0000] {taskinstance.py:1138} INFO - Marking task as SUCCESS. dag_id=price_intelligence_pipeline, task_id=scrape_amazon, execution_date=20260507T120000, start_date=20260507T131348, end_date=20260507T131355
[2026-05-07T13:13:56.250+0000] {local_task_job_runner.py:234} INFO - Task exited with return code 0
[2026-05-07T13:13:56.702+0000] {taskinstance.py:3280} INFO - 0 downstream tasks scheduled from follow-on schedule check
