[2026-04-24T10:15:19.012+0000] {taskinstance.py:1956} INFO - Dependencies all met for dep_context=non-requeueable deps ti=<TaskInstance: price_intelligence_pipeline.load_bigtable scheduled__2026-04-23T08:00:00+00:00 [queued]>
[2026-04-24T10:15:19.070+0000] {taskinstance.py:1956} INFO - Dependencies all met for dep_context=requeueable deps ti=<TaskInstance: price_intelligence_pipeline.load_bigtable scheduled__2026-04-23T08:00:00+00:00 [queued]>
[2026-04-24T10:15:19.075+0000] {taskinstance.py:2170} INFO - Starting attempt 1 of 3
[2026-04-24T10:15:18.600+0000] {taskinstance.py:2191} INFO - Executing <Task(PythonOperator): load_bigtable> on 2026-04-23 08:00:00+00:00
[2026-04-24T10:15:18.628+0000] {standard_task_runner.py:60} INFO - Started process 18302 to run task
[2026-04-24T10:15:18.640+0000] {standard_task_runner.py:87} INFO - Running: ['***', 'tasks', 'run', 'price_intelligence_pipeline', 'load_bigtable', 'scheduled__2026-04-23T08:00:00+00:00', '--job-id', '32', '--raw', '--subdir', 'DAGS_FOLDER/price_intelligence_dag.py', '--cfg-path', '/tmp/tmpmmm49spk']
[2026-04-24T10:15:18.654+0000] {standard_task_runner.py:88} INFO - Job 32: Subtask load_bigtable
[2026-04-24T10:15:18.981+0000] {task_command.py:423} INFO - Running <TaskInstance: price_intelligence_pipeline.load_bigtable scheduled__2026-04-23T08:00:00+00:00 [running]> on host f3ebc944c42b
[2026-04-24T10:15:19.397+0000] {taskinstance.py:2480} INFO - Exporting env vars: AIRFLOW_CTX_DAG_OWNER='price_intelligence' AIRFLOW_CTX_DAG_ID='price_intelligence_pipeline' AIRFLOW_CTX_TASK_ID='load_bigtable' AIRFLOW_CTX_EXECUTION_DATE='2026-04-23T08:00:00+00:00' AIRFLOW_CTX_TRY_NUMBER='1' AIRFLOW_CTX_DAG_RUN_ID='scheduled__2026-04-23T08:00:00+00:00'
[2026-04-24T10:15:19.415+0000] {_default.py:683} WARNING - No project ID could be determined. Consider running `gcloud config set project` or setting the GOOGLE_CLOUD_PROJECT environment variable
[2026-04-24T10:22:47.168+0000] {taskinstance.py:2698} ERROR - Task failed with exception
Traceback (most recent call last):
  File "/home/airflow/.local/lib/python3.8/site-packages/airflow/models/taskinstance.py", line 433, in _execute_task
    result = execute_callable(context=context, **execute_callable_kwargs)
  File "/home/airflow/.local/lib/python3.8/site-packages/airflow/operators/python.py", line 199, in execute
    return_value = self.execute_callable()
  File "/home/airflow/.local/lib/python3.8/site-packages/airflow/operators/python.py", line 216, in execute_callable
    return self.python_callable(*self.op_args, **self.op_kwargs)
  File "/opt/airflow/dags/load_bigtable.py", line 78, in load_to_bigtable
    price_change = round(float(old_price) - float(price), 2) if old_price else 0.0
TypeError: float() argument must be a string or a number, not 'NoneType'
[2026-04-24T10:22:47.206+0000] {taskinstance.py:1138} INFO - Marking task as UP_FOR_RETRY. dag_id=price_intelligence_pipeline, task_id=load_bigtable, execution_date=20260423T080000, start_date=20260424T101519, end_date=20260424T102247
[2026-04-24T10:22:47.234+0000] {standard_task_runner.py:107} ERROR - Failed to execute job 32 for task load_bigtable (float() argument must be a string or a number, not 'NoneType'; 18302)
[2026-04-24T10:22:47.295+0000] {local_task_job_runner.py:234} INFO - Task exited with return code 1
[2026-04-24T10:22:47.371+0000] {taskinstance.py:3280} INFO - 0 downstream tasks scheduled from follow-on schedule check
