[2026-04-24T10:27:48.384+0000] {taskinstance.py:1956} INFO - Dependencies all met for dep_context=non-requeueable deps ti=<TaskInstance: price_intelligence_pipeline.load_bigtable scheduled__2026-04-23T08:00:00+00:00 [queued]>
[2026-04-24T10:27:48.402+0000] {taskinstance.py:1956} INFO - Dependencies all met for dep_context=requeueable deps ti=<TaskInstance: price_intelligence_pipeline.load_bigtable scheduled__2026-04-23T08:00:00+00:00 [queued]>
[2026-04-24T10:27:48.404+0000] {taskinstance.py:2170} INFO - Starting attempt 2 of 3
[2026-04-24T10:27:48.431+0000] {taskinstance.py:2191} INFO - Executing <Task(PythonOperator): load_bigtable> on 2026-04-23 08:00:00+00:00
[2026-04-24T10:27:48.442+0000] {standard_task_runner.py:60} INFO - Started process 29443 to run task
[2026-04-24T10:27:48.448+0000] {standard_task_runner.py:87} INFO - Running: ['***', 'tasks', 'run', 'price_intelligence_pipeline', 'load_bigtable', 'scheduled__2026-04-23T08:00:00+00:00', '--job-id', '34', '--raw', '--subdir', 'DAGS_FOLDER/price_intelligence_dag.py', '--cfg-path', '/tmp/tmp2qqrkv1d']
[2026-04-24T10:27:48.454+0000] {standard_task_runner.py:88} INFO - Job 34: Subtask load_bigtable
[2026-04-24T10:27:48.610+0000] {task_command.py:423} INFO - Running <TaskInstance: price_intelligence_pipeline.load_bigtable scheduled__2026-04-23T08:00:00+00:00 [running]> on host f3ebc944c42b
[2026-04-24T10:27:48.787+0000] {taskinstance.py:2480} INFO - Exporting env vars: AIRFLOW_CTX_DAG_OWNER='price_intelligence' AIRFLOW_CTX_DAG_ID='price_intelligence_pipeline' AIRFLOW_CTX_TASK_ID='load_bigtable' AIRFLOW_CTX_EXECUTION_DATE='2026-04-23T08:00:00+00:00' AIRFLOW_CTX_TRY_NUMBER='2' AIRFLOW_CTX_DAG_RUN_ID='scheduled__2026-04-23T08:00:00+00:00'
[2026-04-24T10:27:48.793+0000] {_default.py:683} WARNING - No project ID could be determined. Consider running `gcloud config set project` or setting the GOOGLE_CLOUD_PROJECT environment variable
[2026-04-24T10:33:08.191+0000] {taskinstance.py:2698} ERROR - Task failed with exception
Traceback (most recent call last):
  File "/home/airflow/.local/lib/python3.8/site-packages/airflow/models/taskinstance.py", line 433, in _execute_task
    result = execute_callable(context=context, **execute_callable_kwargs)
  File "/home/airflow/.local/lib/python3.8/site-packages/airflow/operators/python.py", line 199, in execute
    return_value = self.execute_callable()
  File "/home/airflow/.local/lib/python3.8/site-packages/airflow/operators/python.py", line 216, in execute_callable
    return self.python_callable(*self.op_args, **self.op_kwargs)
  File "/opt/airflow/dags/load_bigtable.py", line 78, in load_to_bigtable
    price_change = round(float(old_price) - float(price), 2) if old_price else 0.0
TypeError: float() argument must be a string or a number, not 'NoneType'
[2026-04-24T10:33:08.221+0000] {taskinstance.py:1138} INFO - Marking task as UP_FOR_RETRY. dag_id=price_intelligence_pipeline, task_id=load_bigtable, execution_date=20260423T080000, start_date=20260424T102748, end_date=20260424T103308
[2026-04-24T10:33:08.256+0000] {standard_task_runner.py:107} ERROR - Failed to execute job 34 for task load_bigtable (float() argument must be a string or a number, not 'NoneType'; 29443)
[2026-04-24T10:33:08.297+0000] {local_task_job_runner.py:234} INFO - Task exited with return code 1
[2026-04-24T10:33:08.392+0000] {taskinstance.py:3280} INFO - 0 downstream tasks scheduled from follow-on schedule check
