[2026-05-05T21:53:44.884+0000] {taskinstance.py:1956} INFO - Dependencies all met for dep_context=non-requeueable deps ti=<TaskInstance: price_intelligence_pipeline.scrape_amazon manual__2026-05-05T21:21:48.736912+00:00 [queued]>
[2026-05-05T21:53:44.917+0000] {taskinstance.py:1956} INFO - Dependencies all met for dep_context=requeueable deps ti=<TaskInstance: price_intelligence_pipeline.scrape_amazon manual__2026-05-05T21:21:48.736912+00:00 [queued]>
[2026-05-05T21:53:44.919+0000] {taskinstance.py:2170} INFO - Starting attempt 1 of 2
[2026-05-05T21:53:45.035+0000] {taskinstance.py:2191} INFO - Executing <Task(BashOperator): scrape_amazon> on 2026-05-05 21:21:48.736912+00:00
[2026-05-05T21:53:45.112+0000] {standard_task_runner.py:60} INFO - Started process 7788 to run task
[2026-05-05T21:53:45.135+0000] {standard_task_runner.py:87} INFO - Running: ['***', 'tasks', 'run', 'price_intelligence_pipeline', 'scrape_amazon', 'manual__2026-05-05T21:21:48.736912+00:00', '--job-id', '414', '--raw', '--subdir', 'DAGS_FOLDER/price_intelligence_dag.py', '--cfg-path', '/tmp/tmp0y2ey0ji']
[2026-05-05T21:53:45.226+0000] {standard_task_runner.py:88} INFO - Job 414: Subtask scrape_amazon
[2026-05-05T21:53:45.683+0000] {task_command.py:423} INFO - Running <TaskInstance: price_intelligence_pipeline.scrape_amazon manual__2026-05-05T21:21:48.736912+00:00 [running]> on host 25ef6dfa8bdc
[2026-05-05T21:53:46.049+0000] {taskinstance.py:2480} INFO - Exporting env vars: AIRFLOW_CTX_DAG_OWNER='***' AIRFLOW_CTX_DAG_ID='price_intelligence_pipeline' AIRFLOW_CTX_TASK_ID='scrape_amazon' AIRFLOW_CTX_EXECUTION_DATE='2026-05-05T21:21:48.736912+00:00' AIRFLOW_CTX_TRY_NUMBER='1' AIRFLOW_CTX_DAG_RUN_ID='manual__2026-05-05T21:21:48.736912+00:00'
[2026-05-05T21:53:46.056+0000] {subprocess.py:63} INFO - Tmp dir root location: /tmp
[2026-05-05T21:53:46.059+0000] {subprocess.py:75} INFO - Running command: ['/usr/bin/bash', '-c', '\n            cd /opt/***\n            mkdir -p data/raw\n            export DISPLAY=:99\n            python3 scrapers/spiders/amazon_ma.py || echo "Amazon done with warnings"\n        ']
[2026-05-05T21:53:46.095+0000] {subprocess.py:86} INFO - Output:
[2026-05-05T21:53:51.316+0000] {subprocess.py:93} INFO - Traceback (most recent call last):
[2026-05-05T21:53:51.317+0000] {subprocess.py:93} INFO -   File "/home/***/.local/lib/python3.8/site-packages/urllib3/connection.py", line 174, in _new_conn
[2026-05-05T21:53:51.322+0000] {subprocess.py:93} INFO -     conn = connection.create_connection(
[2026-05-05T21:53:51.324+0000] {subprocess.py:93} INFO -   File "/home/***/.local/lib/python3.8/site-packages/urllib3/util/connection.py", line 72, in create_connection
[2026-05-05T21:53:51.325+0000] {subprocess.py:93} INFO -     for res in socket.getaddrinfo(host, port, family, socket.SOCK_STREAM):
[2026-05-05T21:53:51.326+0000] {subprocess.py:93} INFO -   File "/usr/local/lib/python3.8/socket.py", line 918, in getaddrinfo
[2026-05-05T21:53:51.328+0000] {subprocess.py:93} INFO -     for res in _socket.getaddrinfo(host, port, family, type, proto, flags):
[2026-05-05T21:53:51.329+0000] {subprocess.py:93} INFO - socket.gaierror: [Errno -5] No address associated with hostname
[2026-05-05T21:53:51.330+0000] {subprocess.py:93} INFO - 
[2026-05-05T21:53:51.331+0000] {subprocess.py:93} INFO - During handling of the above exception, another exception occurred:
[2026-05-05T21:53:51.333+0000] {subprocess.py:93} INFO - 
[2026-05-05T21:53:51.335+0000] {subprocess.py:93} INFO - Traceback (most recent call last):
[2026-05-05T21:53:51.337+0000] {subprocess.py:93} INFO -   File "/home/***/.local/lib/python3.8/site-packages/urllib3/connectionpool.py", line 715, in urlopen
[2026-05-05T21:53:51.341+0000] {subprocess.py:93} INFO -     httplib_response = self._make_request(
[2026-05-05T21:53:51.343+0000] {subprocess.py:93} INFO -   File "/home/***/.local/lib/python3.8/site-packages/urllib3/connectionpool.py", line 404, in _make_request
[2026-05-05T21:53:51.344+0000] {subprocess.py:93} INFO -     self._validate_conn(conn)
[2026-05-05T21:53:51.346+0000] {subprocess.py:93} INFO -   File "/home/***/.local/lib/python3.8/site-packages/urllib3/connectionpool.py", line 1058, in _validate_conn
[2026-05-05T21:53:51.348+0000] {subprocess.py:93} INFO -     conn.connect()
[2026-05-05T21:53:51.349+0000] {subprocess.py:93} INFO -   File "/home/***/.local/lib/python3.8/site-packages/urllib3/connection.py", line 363, in connect
[2026-05-05T21:53:51.351+0000] {subprocess.py:93} INFO -     self.sock = conn = self._new_conn()
[2026-05-05T21:53:51.352+0000] {subprocess.py:93} INFO -   File "/home/***/.local/lib/python3.8/site-packages/urllib3/connection.py", line 186, in _new_conn
[2026-05-05T21:53:51.353+0000] {subprocess.py:93} INFO -     raise NewConnectionError(
[2026-05-05T21:53:51.354+0000] {subprocess.py:93} INFO - urllib3.exceptions.NewConnectionError: <urllib3.connection.HTTPSConnection object at 0x717fc95273d0>: Failed to establish a new connection: [Errno -5] No address associated with hostname
[2026-05-05T21:53:51.356+0000] {subprocess.py:93} INFO - 
[2026-05-05T21:53:51.356+0000] {subprocess.py:93} INFO - During handling of the above exception, another exception occurred:
[2026-05-05T21:53:51.362+0000] {subprocess.py:93} INFO - 
[2026-05-05T21:53:51.364+0000] {subprocess.py:93} INFO - Traceback (most recent call last):
[2026-05-05T21:53:51.365+0000] {subprocess.py:93} INFO -   File "/home/***/.local/lib/python3.8/site-packages/requests/adapters.py", line 486, in send
[2026-05-05T21:53:51.367+0000] {subprocess.py:93} INFO -     resp = conn.urlopen(
[2026-05-05T21:53:51.368+0000] {subprocess.py:93} INFO -   File "/home/***/.local/lib/python3.8/site-packages/urllib3/connectionpool.py", line 799, in urlopen
[2026-05-05T21:53:51.369+0000] {subprocess.py:93} INFO -     retries = retries.increment(
[2026-05-05T21:53:51.370+0000] {subprocess.py:93} INFO -   File "/home/***/.local/lib/python3.8/site-packages/urllib3/util/retry.py", line 592, in increment
[2026-05-05T21:53:51.372+0000] {subprocess.py:93} INFO -     raise MaxRetryError(_pool, url, error or ResponseError(cause))
[2026-05-05T21:53:51.373+0000] {subprocess.py:93} INFO - urllib3.exceptions.MaxRetryError: HTTPSConnectionPool(host='chromedriver.storage.googleapis.com', port=443): Max retries exceeded with url: /LATEST_RELEASE (Caused by NewConnectionError('<urllib3.connection.HTTPSConnection object at 0x717fc95273d0>: Failed to establish a new connection: [Errno -5] No address associated with hostname'))
[2026-05-05T21:53:51.374+0000] {subprocess.py:93} INFO - 
[2026-05-05T21:53:51.376+0000] {subprocess.py:93} INFO - During handling of the above exception, another exception occurred:
[2026-05-05T21:53:51.377+0000] {subprocess.py:93} INFO - 
[2026-05-05T21:53:51.379+0000] {subprocess.py:93} INFO - Traceback (most recent call last):
[2026-05-05T21:53:51.382+0000] {subprocess.py:93} INFO -   File "/home/***/.local/lib/python3.8/site-packages/webdriver_manager/core/http.py", line 32, in get
[2026-05-05T21:53:51.383+0000] {subprocess.py:93} INFO -     resp = requests.get(
[2026-05-05T21:53:51.384+0000] {subprocess.py:93} INFO -   File "/home/***/.local/lib/python3.8/site-packages/requests/api.py", line 73, in get
[2026-05-05T21:53:51.386+0000] {subprocess.py:93} INFO -     return request("get", url, params=params, **kwargs)
[2026-05-05T21:53:51.387+0000] {subprocess.py:93} INFO -   File "/home/***/.local/lib/python3.8/site-packages/requests/api.py", line 59, in request
[2026-05-05T21:53:51.389+0000] {subprocess.py:93} INFO -     return session.request(method=method, url=url, **kwargs)
[2026-05-05T21:53:51.390+0000] {subprocess.py:93} INFO -   File "/home/***/.local/lib/python3.8/site-packages/requests/sessions.py", line 589, in request
[2026-05-05T21:53:51.392+0000] {subprocess.py:93} INFO -     resp = self.send(prep, **send_kwargs)
[2026-05-05T21:53:51.393+0000] {subprocess.py:93} INFO -   File "/home/***/.local/lib/python3.8/site-packages/requests/sessions.py", line 703, in send
[2026-05-05T21:53:51.395+0000] {subprocess.py:93} INFO -     r = adapter.send(request, **kwargs)
[2026-05-05T21:53:51.396+0000] {subprocess.py:93} INFO -   File "/home/***/.local/lib/python3.8/site-packages/requests/adapters.py", line 519, in send
[2026-05-05T21:53:51.401+0000] {subprocess.py:93} INFO -     raise ConnectionError(e, request=request)
[2026-05-05T21:53:51.402+0000] {subprocess.py:93} INFO - requests.exceptions.ConnectionError: HTTPSConnectionPool(host='chromedriver.storage.googleapis.com', port=443): Max retries exceeded with url: /LATEST_RELEASE (Caused by NewConnectionError('<urllib3.connection.HTTPSConnection object at 0x717fc95273d0>: Failed to establish a new connection: [Errno -5] No address associated with hostname'))
[2026-05-05T21:53:51.404+0000] {subprocess.py:93} INFO - 
[2026-05-05T21:53:51.405+0000] {subprocess.py:93} INFO - During handling of the above exception, another exception occurred:
[2026-05-05T21:53:51.407+0000] {subprocess.py:93} INFO - 
[2026-05-05T21:53:51.408+0000] {subprocess.py:93} INFO - Traceback (most recent call last):
[2026-05-05T21:53:51.410+0000] {subprocess.py:93} INFO -   File "scrapers/spiders/amazon_ma.py", line 147, in <module>
[2026-05-05T21:53:51.412+0000] {subprocess.py:93} INFO -     scrape_amazon()
[2026-05-05T21:53:51.415+0000] {subprocess.py:93} INFO -   File "scrapers/spiders/amazon_ma.py", line 55, in scrape_amazon
[2026-05-05T21:53:51.416+0000] {subprocess.py:93} INFO -     driver = get_driver()
[2026-05-05T21:53:51.418+0000] {subprocess.py:93} INFO -   File "scrapers/spiders/amazon_ma.py", line 47, in get_driver
[2026-05-05T21:53:51.420+0000] {subprocess.py:93} INFO -     driver = webdriver.Chrome(service=Service(ChromeDriverManager().install()), options=opts)
[2026-05-05T21:53:51.421+0000] {subprocess.py:93} INFO -   File "/home/***/.local/lib/python3.8/site-packages/webdriver_manager/chrome.py", line 40, in install
[2026-05-05T21:53:51.422+0000] {subprocess.py:93} INFO -     driver_path = self._get_driver_binary_path(self.driver)
[2026-05-05T21:53:51.424+0000] {subprocess.py:93} INFO -   File "/home/***/.local/lib/python3.8/site-packages/webdriver_manager/core/manager.py", line 40, in _get_driver_binary_path
[2026-05-05T21:53:51.425+0000] {subprocess.py:93} INFO -     file = self._download_manager.download_file(driver.get_driver_download_url(os_type))
[2026-05-05T21:53:51.426+0000] {subprocess.py:93} INFO -   File "/home/***/.local/lib/python3.8/site-packages/webdriver_manager/drivers/chrome.py", line 32, in get_driver_download_url
[2026-05-05T21:53:51.427+0000] {subprocess.py:93} INFO -     driver_version_to_download = self.get_driver_version_to_download()
[2026-05-05T21:53:51.428+0000] {subprocess.py:93} INFO -   File "/home/***/.local/lib/python3.8/site-packages/webdriver_manager/core/driver.py", line 48, in get_driver_version_to_download
[2026-05-05T21:53:51.430+0000] {subprocess.py:93} INFO -     return self.get_latest_release_version()
[2026-05-05T21:53:51.432+0000] {subprocess.py:93} INFO -   File "/home/***/.local/lib/python3.8/site-packages/webdriver_manager/drivers/chrome.py", line 70, in get_latest_release_version
[2026-05-05T21:53:51.434+0000] {subprocess.py:93} INFO -     resp = self._http_client.get(url=latest_release_url)
[2026-05-05T21:53:51.435+0000] {subprocess.py:93} INFO -   File "/home/***/.local/lib/python3.8/site-packages/webdriver_manager/core/http.py", line 35, in get
[2026-05-05T21:53:51.436+0000] {subprocess.py:93} INFO -     raise exceptions.ConnectionError(f"Could not reach host. Are you offline?")
[2026-05-05T21:53:51.437+0000] {subprocess.py:93} INFO - requests.exceptions.ConnectionError: Could not reach host. Are you offline?
[2026-05-05T21:53:51.438+0000] {subprocess.py:93} INFO - Amazon done with warnings
[2026-05-05T21:53:51.440+0000] {subprocess.py:97} INFO - Command exited with return code 0
[2026-05-05T21:53:51.551+0000] {taskinstance.py:1138} INFO - Marking task as SUCCESS. dag_id=price_intelligence_pipeline, task_id=scrape_amazon, execution_date=20260505T212148, start_date=20260505T215344, end_date=20260505T215351
[2026-05-05T21:53:51.643+0000] {local_task_job_runner.py:234} INFO - Task exited with return code 0
[2026-05-05T21:53:51.706+0000] {taskinstance.py:3280} INFO - 0 downstream tasks scheduled from follow-on schedule check
