[2026-05-06T15:02:26.805+0000] {taskinstance.py:1956} INFO - Dependencies all met for dep_context=non-requeueable deps ti=<TaskInstance: price_intelligence_pipeline.scrape_electroplanet manual__2026-05-06T15:02:24+00:00 [queued]>
[2026-05-06T15:02:26.831+0000] {taskinstance.py:1956} INFO - Dependencies all met for dep_context=requeueable deps ti=<TaskInstance: price_intelligence_pipeline.scrape_electroplanet manual__2026-05-06T15:02:24+00:00 [queued]>
[2026-05-06T15:02:26.832+0000] {taskinstance.py:2170} INFO - Starting attempt 1 of 2
[2026-05-06T15:02:26.874+0000] {taskinstance.py:2191} INFO - Executing <Task(BashOperator): scrape_electroplanet> on 2026-05-06 15:02:24+00:00
[2026-05-06T15:02:26.894+0000] {standard_task_runner.py:60} INFO - Started process 18537 to run task
[2026-05-06T15:02:26.906+0000] {standard_task_runner.py:87} INFO - Running: ['***', 'tasks', 'run', 'price_intelligence_pipeline', 'scrape_electroplanet', 'manual__2026-05-06T15:02:24+00:00', '--job-id', '576', '--raw', '--subdir', 'DAGS_FOLDER/price_intelligence_dag.py', '--cfg-path', '/tmp/tmpbaq1bv4o']
[2026-05-06T15:02:26.915+0000] {standard_task_runner.py:88} INFO - Job 576: Subtask scrape_electroplanet
[2026-05-06T15:02:27.136+0000] {task_command.py:423} INFO - Running <TaskInstance: price_intelligence_pipeline.scrape_electroplanet manual__2026-05-06T15:02:24+00:00 [running]> on host 25ef6dfa8bdc
[2026-05-06T15:02:27.666+0000] {taskinstance.py:2480} INFO - Exporting env vars: AIRFLOW_CTX_DAG_OWNER='***' AIRFLOW_CTX_DAG_ID='price_intelligence_pipeline' AIRFLOW_CTX_TASK_ID='scrape_electroplanet' AIRFLOW_CTX_EXECUTION_DATE='2026-05-06T15:02:24+00:00' AIRFLOW_CTX_TRY_NUMBER='1' AIRFLOW_CTX_DAG_RUN_ID='manual__2026-05-06T15:02:24+00:00'
[2026-05-06T15:02:27.680+0000] {subprocess.py:63} INFO - Tmp dir root location: /tmp
[2026-05-06T15:02:27.683+0000] {subprocess.py:75} INFO - Running command: ['/usr/bin/bash', '-c', '\n            cd /opt/***\n            mkdir -p data/raw\n            export DISPLAY=:99\n            python3 scrapers/spiders/electroplanet_ma.py || echo "Electroplanet done with warnings"\n        ']
[2026-05-06T15:02:27.731+0000] {subprocess.py:86} INFO - Output:
[2026-05-06T15:02:47.698+0000] {subprocess.py:93} INFO - 
[2026-05-06T15:02:47.700+0000] {subprocess.py:93} INFO - [Electroplanet] Scraping : smartphones
[2026-05-06T15:02:47.714+0000] {subprocess.py:93} INFO - Traceback (most recent call last):
[2026-05-06T15:02:47.726+0000] {subprocess.py:93} INFO -   File "scrapers/spiders/electroplanet_ma.py", line 162, in <module>
[2026-05-06T15:02:47.731+0000] {subprocess.py:93} INFO -     scrape_electroplanet()
[2026-05-06T15:02:47.741+0000] {subprocess.py:93} INFO -   File "scrapers/spiders/electroplanet_ma.py", line 73, in scrape_electroplanet
[2026-05-06T15:02:47.746+0000] {subprocess.py:93} INFO -     driver = get_driver()
[2026-05-06T15:02:47.764+0000] {subprocess.py:93} INFO -   File "scrapers/spiders/electroplanet_ma.py", line 63, in get_driver
[2026-05-06T15:02:47.765+0000] {subprocess.py:93} INFO -     return webdriver.Chrome(service=Service(ChromeDriverManager().install()), options=opts)
[2026-05-06T15:02:47.771+0000] {subprocess.py:93} INFO -   File "/home/***/.local/lib/python3.8/site-packages/selenium/webdriver/chrome/webdriver.py", line 45, in __init__
[2026-05-06T15:02:47.806+0000] {subprocess.py:93} INFO -     super().__init__(
[2026-05-06T15:02:47.812+0000] {subprocess.py:93} INFO -   File "/home/***/.local/lib/python3.8/site-packages/selenium/webdriver/chromium/webdriver.py", line 66, in __init__
[2026-05-06T15:02:47.815+0000] {subprocess.py:93} INFO -     super().__init__(command_executor=executor, options=options)
[2026-05-06T15:02:47.826+0000] {subprocess.py:93} INFO -   File "/home/***/.local/lib/python3.8/site-packages/selenium/webdriver/remote/webdriver.py", line 241, in __init__
[2026-05-06T15:02:47.831+0000] {subprocess.py:93} INFO -     self.start_session(capabilities)
[2026-05-06T15:02:47.833+0000] {subprocess.py:93} INFO -   File "/home/***/.local/lib/python3.8/site-packages/selenium/webdriver/remote/webdriver.py", line 329, in start_session
[2026-05-06T15:02:47.835+0000] {subprocess.py:93} INFO -     response = self.execute(Command.NEW_SESSION, caps)["value"]
[2026-05-06T15:02:47.836+0000] {subprocess.py:93} INFO -   File "/home/***/.local/lib/python3.8/site-packages/selenium/webdriver/remote/webdriver.py", line 384, in execute
[2026-05-06T15:02:47.838+0000] {subprocess.py:93} INFO -     self.error_handler.check_response(response)
[2026-05-06T15:02:47.840+0000] {subprocess.py:93} INFO -   File "/home/***/.local/lib/python3.8/site-packages/selenium/webdriver/remote/errorhandler.py", line 232, in check_response
[2026-05-06T15:02:47.843+0000] {subprocess.py:93} INFO -     raise exception_class(message, screen, stacktrace)
[2026-05-06T15:02:47.844+0000] {subprocess.py:93} INFO - selenium.common.exceptions.SessionNotCreatedException: Message: session not created: This version of ChromeDriver only supports Chrome version 114
[2026-05-06T15:02:47.850+0000] {subprocess.py:93} INFO - Current browser version is 147.0.7727.137 with binary path /usr/bin/chromium
[2026-05-06T15:02:47.852+0000] {subprocess.py:93} INFO - Stacktrace:
[2026-05-06T15:02:47.857+0000] {subprocess.py:93} INFO - #0 0x601b030914e3 <unknown>
[2026-05-06T15:02:47.858+0000] {subprocess.py:93} INFO - #1 0x601b02dc0c76 <unknown>
[2026-05-06T15:02:47.859+0000] {subprocess.py:93} INFO - #2 0x601b02dee04a <unknown>
[2026-05-06T15:02:47.860+0000] {subprocess.py:93} INFO - #3 0x601b02de94a1 <unknown>
[2026-05-06T15:02:47.861+0000] {subprocess.py:93} INFO - #4 0x601b02de6029 <unknown>
[2026-05-06T15:02:47.862+0000] {subprocess.py:93} INFO - #5 0x601b02e24ccc <unknown>
[2026-05-06T15:02:47.868+0000] {subprocess.py:93} INFO - #6 0x601b02e2447f <unknown>
[2026-05-06T15:02:47.873+0000] {subprocess.py:93} INFO - #7 0x601b02e1bde3 <unknown>
[2026-05-06T15:02:47.874+0000] {subprocess.py:93} INFO - #8 0x601b02df12dd <unknown>
[2026-05-06T15:02:47.876+0000] {subprocess.py:93} INFO - #9 0x601b02df234e <unknown>
[2026-05-06T15:02:47.877+0000] {subprocess.py:93} INFO - #10 0x601b030513e4 <unknown>
[2026-05-06T15:02:47.878+0000] {subprocess.py:93} INFO - #11 0x601b030553d7 <unknown>
[2026-05-06T15:02:47.879+0000] {subprocess.py:93} INFO - #12 0x601b0305fb20 <unknown>
[2026-05-06T15:02:47.880+0000] {subprocess.py:93} INFO - #13 0x601b03056023 <unknown>
[2026-05-06T15:02:47.881+0000] {subprocess.py:93} INFO - #14 0x601b030241aa <unknown>
[2026-05-06T15:02:47.885+0000] {subprocess.py:93} INFO - #15 0x601b0307a6b8 <unknown>
[2026-05-06T15:02:47.888+0000] {subprocess.py:93} INFO - #16 0x601b0307a847 <unknown>
[2026-05-06T15:02:47.889+0000] {subprocess.py:93} INFO - #17 0x601b0308a243 <unknown>
[2026-05-06T15:02:47.890+0000] {subprocess.py:93} INFO - #18 0x7c9ad004e134 <unknown>
[2026-05-06T15:02:47.891+0000] {subprocess.py:93} INFO - 
[2026-05-06T15:02:47.892+0000] {subprocess.py:93} INFO - Electroplanet done with warnings
[2026-05-06T15:02:47.897+0000] {subprocess.py:97} INFO - Command exited with return code 0
[2026-05-06T15:02:48.079+0000] {taskinstance.py:1138} INFO - Marking task as SUCCESS. dag_id=price_intelligence_pipeline, task_id=scrape_electroplanet, execution_date=20260506T150224, start_date=20260506T150226, end_date=20260506T150248
[2026-05-06T15:02:48.220+0000] {local_task_job_runner.py:234} INFO - Task exited with return code 0
[2026-05-06T15:02:48.280+0000] {taskinstance.py:3280} INFO - 0 downstream tasks scheduled from follow-on schedule check
