[2026-05-13T20:30:08.294+0000] {taskinstance.py:1956} INFO - Dependencies all met for dep_context=non-requeueable deps ti=<TaskInstance: price_intelligence_pipeline.dbt_run scheduled__2026-05-13T19:00:00+00:00 [queued]>
[2026-05-13T20:30:08.332+0000] {taskinstance.py:1956} INFO - Dependencies all met for dep_context=requeueable deps ti=<TaskInstance: price_intelligence_pipeline.dbt_run scheduled__2026-05-13T19:00:00+00:00 [queued]>
[2026-05-13T20:30:08.337+0000] {taskinstance.py:2170} INFO - Starting attempt 1 of 2
[2026-05-13T20:30:08.401+0000] {taskinstance.py:2191} INFO - Executing <Task(BashOperator): dbt_run> on 2026-05-13 19:00:00+00:00
[2026-05-13T20:30:08.420+0000] {standard_task_runner.py:60} INFO - Started process 18231 to run task
[2026-05-13T20:30:08.433+0000] {standard_task_runner.py:87} INFO - Running: ['***', 'tasks', 'run', 'price_intelligence_pipeline', 'dbt_run', 'scheduled__2026-05-13T19:00:00+00:00', '--job-id', '1101', '--raw', '--subdir', 'DAGS_FOLDER/price_intelligence_dag.py', '--cfg-path', '/tmp/tmpfwclfygj']
[2026-05-13T20:30:08.439+0000] {standard_task_runner.py:88} INFO - Job 1101: Subtask dbt_run
[2026-05-13T20:30:08.735+0000] {task_command.py:423} INFO - Running <TaskInstance: price_intelligence_pipeline.dbt_run scheduled__2026-05-13T19:00:00+00:00 [running]> on host 91e0d3a0a233
[2026-05-13T20:30:09.208+0000] {taskinstance.py:2480} INFO - Exporting env vars: AIRFLOW_CTX_DAG_OWNER='***' AIRFLOW_CTX_DAG_ID='price_intelligence_pipeline' AIRFLOW_CTX_TASK_ID='dbt_run' AIRFLOW_CTX_EXECUTION_DATE='2026-05-13T19:00:00+00:00' AIRFLOW_CTX_TRY_NUMBER='1' AIRFLOW_CTX_DAG_RUN_ID='scheduled__2026-05-13T19:00:00+00:00'
[2026-05-13T20:30:09.214+0000] {subprocess.py:63} INFO - Tmp dir root location: /tmp
[2026-05-13T20:30:09.219+0000] {subprocess.py:75} INFO - Running command: ['/usr/bin/bash', '-c', '\n            set -e\n            cd /opt/***/dbt\n            export GOOGLE_APPLICATION_CREDENTIALS=/opt/***/gcp-credentials-new.json\n            /home/***/.local/bin/dbt run --full-refresh --profiles-dir . --project-dir .\n            echo dbt done\n        ']
[2026-05-13T20:30:09.255+0000] {subprocess.py:86} INFO - Output:
[2026-05-13T20:30:18.058+0000] {subprocess.py:93} INFO - [0m20:30:18  Running with dbt=1.8.7
[2026-05-13T20:30:23.230+0000] {subprocess.py:93} INFO - [0m20:30:23  Registered adapter: bigquery=1.8.3
[2026-05-13T20:30:27.500+0000] {subprocess.py:93} INFO - [0m20:30:27  Found 3 models, 1 seed, 7 data tests, 1 source, 479 macros
[2026-05-13T20:30:27.524+0000] {subprocess.py:93} INFO - [0m20:30:27
[2026-05-13T20:30:30.620+0000] {subprocess.py:93} INFO - [0m20:30:30  Concurrency: 4 threads (target='dev')
[2026-05-13T20:30:30.622+0000] {subprocess.py:93} INFO - [0m20:30:30
[2026-05-13T20:30:30.715+0000] {subprocess.py:93} INFO - [0m20:30:30  1 of 3 START sql view model price_intelligence_dbt.stg_prices .................. [RUN]
[2026-05-13T20:30:33.519+0000] {subprocess.py:93} INFO - [0m20:30:33  1 of 3 OK created sql view model price_intelligence_dbt.stg_prices ............. [[32mCREATE VIEW (0 processed)[0m in 2.79s]
[2026-05-13T20:30:33.541+0000] {subprocess.py:93} INFO - [0m20:30:33  2 of 3 START sql table model price_intelligence_dbt.prices_cleaned ............. [RUN]
[2026-05-13T20:30:38.851+0000] {subprocess.py:93} INFO - [0m20:30:38  2 of 3 OK created sql table model price_intelligence_dbt.prices_cleaned ........ [[32mCREATE TABLE (5.0k rows, 2.6 MiB processed)[0m in 5.30s]
[2026-05-13T20:30:38.897+0000] {subprocess.py:93} INFO - [0m20:30:38  3 of 3 START sql table model price_intelligence_dbt.prices_aggregated .......... [RUN]
[2026-05-13T20:30:43.581+0000] {subprocess.py:93} INFO - [0m20:30:43  3 of 3 OK created sql table model price_intelligence_dbt.prices_aggregated ..... [[32mCREATE TABLE (11.0 rows, 231.8 KiB processed)[0m in 4.68s]
[2026-05-13T20:30:43.600+0000] {subprocess.py:93} INFO - [0m20:30:43
[2026-05-13T20:30:43.604+0000] {subprocess.py:93} INFO - [0m20:30:43  Finished running 1 view model, 2 table models in 0 hours 0 minutes and 16.07 seconds (16.07s).
[2026-05-13T20:30:43.926+0000] {subprocess.py:93} INFO - [0m20:30:43
[2026-05-13T20:30:43.929+0000] {subprocess.py:93} INFO - [0m20:30:43  [32mCompleted successfully[0m
[2026-05-13T20:30:43.931+0000] {subprocess.py:93} INFO - [0m20:30:43
[2026-05-13T20:30:43.933+0000] {subprocess.py:93} INFO - [0m20:30:43  Done. PASS=3 WARN=0 ERROR=0 SKIP=0 TOTAL=3
[2026-05-13T20:30:48.931+0000] {subprocess.py:93} INFO - dbt done
[2026-05-13T20:30:48.951+0000] {subprocess.py:97} INFO - Command exited with return code 0
[2026-05-13T20:30:49.098+0000] {taskinstance.py:1138} INFO - Marking task as SUCCESS. dag_id=price_intelligence_pipeline, task_id=dbt_run, execution_date=20260513T190000, start_date=20260513T203008, end_date=20260513T203049
[2026-05-13T20:30:49.216+0000] {local_task_job_runner.py:234} INFO - Task exited with return code 0
[2026-05-13T20:30:49.315+0000] {taskinstance.py:3280} INFO - 1 downstream tasks scheduled from follow-on schedule check
