[2026-05-05T23:13:41.155+0000] {taskinstance.py:1956} INFO - Dependencies all met for dep_context=non-requeueable deps ti=<TaskInstance: price_intelligence_pipeline.scrape_jumia scheduled__2026-05-05T22:00:00+00:00 [queued]>
[2026-05-05T23:13:41.179+0000] {taskinstance.py:1956} INFO - Dependencies all met for dep_context=requeueable deps ti=<TaskInstance: price_intelligence_pipeline.scrape_jumia scheduled__2026-05-05T22:00:00+00:00 [queued]>
[2026-05-05T23:13:41.182+0000] {taskinstance.py:2170} INFO - Starting attempt 1 of 2
[2026-05-05T23:13:41.233+0000] {taskinstance.py:2191} INFO - Executing <Task(BashOperator): scrape_jumia> on 2026-05-05 22:00:00+00:00
[2026-05-05T23:13:41.251+0000] {standard_task_runner.py:60} INFO - Started process 11005 to run task
[2026-05-05T23:13:41.262+0000] {standard_task_runner.py:87} INFO - Running: ['***', 'tasks', 'run', 'price_intelligence_pipeline', 'scrape_jumia', 'scheduled__2026-05-05T22:00:00+00:00', '--job-id', '502', '--raw', '--subdir', 'DAGS_FOLDER/price_intelligence_dag.py', '--cfg-path', '/tmp/tmplqio_j67']
[2026-05-05T23:13:41.272+0000] {standard_task_runner.py:88} INFO - Job 502: Subtask scrape_jumia
[2026-05-05T23:13:41.545+0000] {task_command.py:423} INFO - Running <TaskInstance: price_intelligence_pipeline.scrape_jumia scheduled__2026-05-05T22:00:00+00:00 [running]> on host 25ef6dfa8bdc
[2026-05-05T23:13:41.938+0000] {taskinstance.py:2480} INFO - Exporting env vars: AIRFLOW_CTX_DAG_OWNER='***' AIRFLOW_CTX_DAG_ID='price_intelligence_pipeline' AIRFLOW_CTX_TASK_ID='scrape_jumia' AIRFLOW_CTX_EXECUTION_DATE='2026-05-05T22:00:00+00:00' AIRFLOW_CTX_TRY_NUMBER='1' AIRFLOW_CTX_DAG_RUN_ID='scheduled__2026-05-05T22:00:00+00:00'
[2026-05-05T23:13:41.942+0000] {subprocess.py:63} INFO - Tmp dir root location: /tmp
[2026-05-05T23:13:41.947+0000] {subprocess.py:75} INFO - Running command: ['/usr/bin/bash', '-c', '\n            cd /opt/***\n            mkdir -p data/raw\n            scrapy crawl jumia_ma -o data/raw/jumia_ma.json --overwrite-output -s LOG_LEVEL=WARNING -s ROBOTSTXT_OBEY=False -s DOWNLOAD_DELAY=1.5 -s CONCURRENT_REQUESTS=4 || echo "Jumia done with warnings"\n        ']
[2026-05-05T23:13:41.984+0000] {subprocess.py:86} INFO - Output:
[2026-05-05T23:13:43.977+0000] {subprocess.py:93} INFO - Usage
[2026-05-05T23:13:43.979+0000] {subprocess.py:93} INFO - =====
[2026-05-05T23:13:43.980+0000] {subprocess.py:93} INFO -   scrapy crawl [options] <spider>
[2026-05-05T23:13:43.980+0000] {subprocess.py:93} INFO - crawl: error: argument -O/--overwrite-output: expected one argument
[2026-05-05T23:13:44.087+0000] {subprocess.py:93} INFO - Jumia done with warnings
[2026-05-05T23:13:44.088+0000] {subprocess.py:97} INFO - Command exited with return code 0
[2026-05-05T23:13:44.164+0000] {taskinstance.py:1138} INFO - Marking task as SUCCESS. dag_id=price_intelligence_pipeline, task_id=scrape_jumia, execution_date=20260505T220000, start_date=20260505T231341, end_date=20260505T231344
[2026-05-05T23:13:44.215+0000] {local_task_job_runner.py:234} INFO - Task exited with return code 0
[2026-05-05T23:13:44.294+0000] {taskinstance.py:3280} INFO - 0 downstream tasks scheduled from follow-on schedule check
