[2026-05-08T17:04:36.982+0000] {taskinstance.py:1956} INFO - Dependencies all met for dep_context=non-requeueable deps ti=<TaskInstance: price_intelligence_pipeline.dbt_run manual__2026-05-08T16:52:18.551451+00:00 [queued]>
[2026-05-08T17:04:37.009+0000] {taskinstance.py:1956} INFO - Dependencies all met for dep_context=requeueable deps ti=<TaskInstance: price_intelligence_pipeline.dbt_run manual__2026-05-08T16:52:18.551451+00:00 [queued]>
[2026-05-08T17:04:37.011+0000] {taskinstance.py:2170} INFO - Starting attempt 2 of 2
[2026-05-08T17:04:37.056+0000] {taskinstance.py:2191} INFO - Executing <Task(BashOperator): dbt_run> on 2026-05-08 16:52:18.551451+00:00
[2026-05-08T17:04:37.072+0000] {standard_task_runner.py:60} INFO - Started process 6225 to run task
[2026-05-08T17:04:37.080+0000] {standard_task_runner.py:87} INFO - Running: ['***', 'tasks', 'run', 'price_intelligence_pipeline', 'dbt_run', 'manual__2026-05-08T16:52:18.551451+00:00', '--job-id', '800', '--raw', '--subdir', 'DAGS_FOLDER/price_intelligence_dag.py', '--cfg-path', '/tmp/tmpy7z_kw_l']
[2026-05-08T17:04:37.086+0000] {standard_task_runner.py:88} INFO - Job 800: Subtask dbt_run
[2026-05-08T17:04:37.390+0000] {task_command.py:423} INFO - Running <TaskInstance: price_intelligence_pipeline.dbt_run manual__2026-05-08T16:52:18.551451+00:00 [running]> on host 25ef6dfa8bdc
[2026-05-08T17:04:37.672+0000] {taskinstance.py:2480} INFO - Exporting env vars: AIRFLOW_CTX_DAG_OWNER='***' AIRFLOW_CTX_DAG_ID='price_intelligence_pipeline' AIRFLOW_CTX_TASK_ID='dbt_run' AIRFLOW_CTX_EXECUTION_DATE='2026-05-08T16:52:18.551451+00:00' AIRFLOW_CTX_TRY_NUMBER='2' AIRFLOW_CTX_DAG_RUN_ID='manual__2026-05-08T16:52:18.551451+00:00'
[2026-05-08T17:04:37.677+0000] {subprocess.py:63} INFO - Tmp dir root location: /tmp
[2026-05-08T17:04:37.679+0000] {subprocess.py:75} INFO - Running command: ['/usr/bin/bash', '-c', '\n            set -e\n            cd /opt/***/dbt\n            export GOOGLE_APPLICATION_CREDENTIALS=/opt/***/gcp-credentials-new.json\n            /home/***/.local/bin/dbt run --full-refresh --profiles-dir . --project-dir .\n            echo dbt done\n        ']
[2026-05-08T17:04:37.704+0000] {subprocess.py:86} INFO - Output:
[2026-05-08T17:04:42.634+0000] {subprocess.py:93} INFO - [0m17:04:42  Running with dbt=1.8.7
[2026-05-08T17:04:45.590+0000] {subprocess.py:93} INFO - [0m17:04:45  Registered adapter: bigquery=1.8.3
[2026-05-08T17:04:47.474+0000] {subprocess.py:93} INFO - [0m17:04:47  Found 3 models, 1 seed, 7 data tests, 1 source, 479 macros
[2026-05-08T17:04:47.479+0000] {subprocess.py:93} INFO - [0m17:04:47
[2026-05-08T17:04:49.256+0000] {subprocess.py:93} INFO - [0m17:04:49  Concurrency: 4 threads (target='dev')
[2026-05-08T17:04:49.257+0000] {subprocess.py:93} INFO - [0m17:04:49
[2026-05-08T17:04:49.270+0000] {subprocess.py:93} INFO - [0m17:04:49  1 of 3 START sql view model price_intelligence_dbt.stg_prices .................. [RUN]
[2026-05-08T17:04:52.027+0000] {subprocess.py:93} INFO - [0m17:04:52  BigQuery adapter: https://console.cloud.google.com/bigquery?project=project-32a82952-90fa-4dd7-b9c&j=bq:US:108593cc-0221-46a5-b6b9-407a00d75d33&page=queryresults
[2026-05-08T17:04:52.045+0000] {subprocess.py:93} INFO - [0m17:04:52  1 of 3 ERROR creating sql view model price_intelligence_dbt.stg_prices ......... [[31mERROR[0m in 2.77s]
[2026-05-08T17:04:52.053+0000] {subprocess.py:93} INFO - [0m17:04:52  2 of 3 SKIP relation price_intelligence_dbt.prices_cleaned ..................... [[33mSKIP[0m]
[2026-05-08T17:04:52.057+0000] {subprocess.py:93} INFO - [0m17:04:52  3 of 3 SKIP relation price_intelligence_dbt.prices_aggregated .................. [[33mSKIP[0m]
[2026-05-08T17:04:52.064+0000] {subprocess.py:93} INFO - [0m17:04:52
[2026-05-08T17:04:52.067+0000] {subprocess.py:93} INFO - [0m17:04:52  Finished running 1 view model, 2 table models in 0 hours 0 minutes and 4.58 seconds (4.58s).
[2026-05-08T17:04:52.174+0000] {subprocess.py:93} INFO - [0m17:04:52
[2026-05-08T17:04:52.175+0000] {subprocess.py:93} INFO - [0m17:04:52  [31mCompleted with 1 error and 0 warnings:[0m
[2026-05-08T17:04:52.181+0000] {subprocess.py:93} INFO - [0m17:04:52
[2026-05-08T17:04:52.183+0000] {subprocess.py:93} INFO - [0m17:04:52    Database Error in model stg_prices (models/staging/stg_prices.sql)
[2026-05-08T17:04:52.185+0000] {subprocess.py:93} INFO -   Unrecognized name: old_price at [11:10]
[2026-05-08T17:04:52.186+0000] {subprocess.py:93} INFO -   compiled code at target/run/price_intelligence/models/staging/stg_prices.sql
[2026-05-08T17:04:52.189+0000] {subprocess.py:93} INFO - [0m17:04:52
[2026-05-08T17:04:52.190+0000] {subprocess.py:93} INFO - [0m17:04:52  Done. PASS=0 WARN=0 ERROR=1 SKIP=2 TOTAL=3
[2026-05-08T17:04:53.702+0000] {subprocess.py:97} INFO - Command exited with return code 1
[2026-05-08T17:04:53.733+0000] {taskinstance.py:2698} ERROR - Task failed with exception
Traceback (most recent call last):
  File "/home/airflow/.local/lib/python3.8/site-packages/airflow/models/taskinstance.py", line 428, in _execute_task
    result = execute_callable(context=context, **execute_callable_kwargs)
  File "/home/airflow/.local/lib/python3.8/site-packages/airflow/operators/bash.py", line 212, in execute
    raise AirflowException(
airflow.exceptions.AirflowException: Bash command failed. The command returned a non-zero exit code 1.
[2026-05-08T17:04:53.752+0000] {taskinstance.py:1138} INFO - Marking task as FAILED. dag_id=price_intelligence_pipeline, task_id=dbt_run, execution_date=20260508T165218, start_date=20260508T170436, end_date=20260508T170453
[2026-05-08T17:04:53.783+0000] {standard_task_runner.py:107} ERROR - Failed to execute job 800 for task dbt_run (Bash command failed. The command returned a non-zero exit code 1.; 6225)
[2026-05-08T17:04:53.833+0000] {local_task_job_runner.py:234} INFO - Task exited with return code 1
[2026-05-08T17:04:53.890+0000] {taskinstance.py:3280} INFO - 0 downstream tasks scheduled from follow-on schedule check
