[2026-05-08T17:02:13.117+0000] {taskinstance.py:1956} INFO - Dependencies all met for dep_context=non-requeueable deps ti=<TaskInstance: price_intelligence_pipeline.dbt_run manual__2026-05-08T16:52:18.551451+00:00 [queued]>
[2026-05-08T17:02:13.149+0000] {taskinstance.py:1956} INFO - Dependencies all met for dep_context=requeueable deps ti=<TaskInstance: price_intelligence_pipeline.dbt_run manual__2026-05-08T16:52:18.551451+00:00 [queued]>
[2026-05-08T17:02:13.150+0000] {taskinstance.py:2170} INFO - Starting attempt 1 of 2
[2026-05-08T17:02:13.182+0000] {taskinstance.py:2191} INFO - Executing <Task(BashOperator): dbt_run> on 2026-05-08 16:52:18.551451+00:00
[2026-05-08T17:02:13.192+0000] {standard_task_runner.py:60} INFO - Started process 6149 to run task
[2026-05-08T17:02:13.200+0000] {standard_task_runner.py:87} INFO - Running: ['***', 'tasks', 'run', 'price_intelligence_pipeline', 'dbt_run', 'manual__2026-05-08T16:52:18.551451+00:00', '--job-id', '799', '--raw', '--subdir', 'DAGS_FOLDER/price_intelligence_dag.py', '--cfg-path', '/tmp/tmpis3vwjuv']
[2026-05-08T17:02:13.207+0000] {standard_task_runner.py:88} INFO - Job 799: Subtask dbt_run
[2026-05-08T17:02:13.353+0000] {task_command.py:423} INFO - Running <TaskInstance: price_intelligence_pipeline.dbt_run manual__2026-05-08T16:52:18.551451+00:00 [running]> on host 25ef6dfa8bdc
[2026-05-08T17:02:13.589+0000] {taskinstance.py:2480} INFO - Exporting env vars: AIRFLOW_CTX_DAG_OWNER='***' AIRFLOW_CTX_DAG_ID='price_intelligence_pipeline' AIRFLOW_CTX_TASK_ID='dbt_run' AIRFLOW_CTX_EXECUTION_DATE='2026-05-08T16:52:18.551451+00:00' AIRFLOW_CTX_TRY_NUMBER='1' AIRFLOW_CTX_DAG_RUN_ID='manual__2026-05-08T16:52:18.551451+00:00'
[2026-05-08T17:02:13.592+0000] {subprocess.py:63} INFO - Tmp dir root location: /tmp
[2026-05-08T17:02:13.595+0000] {subprocess.py:75} INFO - Running command: ['/usr/bin/bash', '-c', '\n            set -e\n            cd /opt/***/dbt\n            export GOOGLE_APPLICATION_CREDENTIALS=/opt/***/gcp-credentials-new.json\n            /home/***/.local/bin/dbt run --full-refresh --profiles-dir . --project-dir .\n            echo dbt done\n        ']
[2026-05-08T17:02:13.624+0000] {subprocess.py:86} INFO - Output:
[2026-05-08T17:02:19.890+0000] {subprocess.py:93} INFO - [0m17:02:19  Running with dbt=1.8.7
[2026-05-08T17:02:24.458+0000] {subprocess.py:93} INFO - [0m17:02:24  Registered adapter: bigquery=1.8.3
[2026-05-08T17:02:26.430+0000] {subprocess.py:93} INFO - [0m17:02:26  Found 3 models, 1 seed, 7 data tests, 1 source, 479 macros
[2026-05-08T17:02:26.447+0000] {subprocess.py:93} INFO - [0m17:02:26
[2026-05-08T17:02:28.675+0000] {subprocess.py:93} INFO - [0m17:02:28  Concurrency: 4 threads (target='dev')
[2026-05-08T17:02:28.681+0000] {subprocess.py:93} INFO - [0m17:02:28
[2026-05-08T17:02:28.711+0000] {subprocess.py:93} INFO - [0m17:02:28  1 of 3 START sql view model price_intelligence_dbt.stg_prices .................. [RUN]
[2026-05-08T17:02:32.632+0000] {subprocess.py:93} INFO - [0m17:02:32  BigQuery adapter: https://console.cloud.google.com/bigquery?project=project-32a82952-90fa-4dd7-b9c&j=bq:US:31f1318e-c72c-4744-a616-e5a6f0aa7932&page=queryresults
[2026-05-08T17:02:32.696+0000] {subprocess.py:93} INFO - [0m17:02:32  1 of 3 ERROR creating sql view model price_intelligence_dbt.stg_prices ......... [[31mERROR[0m in 3.97s]
[2026-05-08T17:02:32.716+0000] {subprocess.py:93} INFO - [0m17:02:32  2 of 3 SKIP relation price_intelligence_dbt.prices_cleaned ..................... [[33mSKIP[0m]
[2026-05-08T17:02:32.741+0000] {subprocess.py:93} INFO - [0m17:02:32  3 of 3 SKIP relation price_intelligence_dbt.prices_aggregated .................. [[33mSKIP[0m]
[2026-05-08T17:02:32.820+0000] {subprocess.py:93} INFO - [0m17:02:32
[2026-05-08T17:02:32.833+0000] {subprocess.py:93} INFO - [0m17:02:32  Finished running 1 view model, 2 table models in 0 hours 0 minutes and 6.31 seconds (6.31s).
[2026-05-08T17:02:33.193+0000] {subprocess.py:93} INFO - [0m17:02:33
[2026-05-08T17:02:33.221+0000] {subprocess.py:93} INFO - [0m17:02:33  [31mCompleted with 1 error and 0 warnings:[0m
[2026-05-08T17:02:33.228+0000] {subprocess.py:93} INFO - [0m17:02:33
[2026-05-08T17:02:33.229+0000] {subprocess.py:93} INFO - [0m17:02:33    Database Error in model stg_prices (models/staging/stg_prices.sql)
[2026-05-08T17:02:33.234+0000] {subprocess.py:93} INFO -   Unrecognized name: old_price at [11:10]
[2026-05-08T17:02:33.238+0000] {subprocess.py:93} INFO -   compiled code at target/run/price_intelligence/models/staging/stg_prices.sql
[2026-05-08T17:02:33.253+0000] {subprocess.py:93} INFO - [0m17:02:33
[2026-05-08T17:02:33.257+0000] {subprocess.py:93} INFO - [0m17:02:33  Done. PASS=0 WARN=0 ERROR=1 SKIP=2 TOTAL=3
[2026-05-08T17:02:35.044+0000] {subprocess.py:97} INFO - Command exited with return code 1
[2026-05-08T17:02:35.097+0000] {taskinstance.py:2698} ERROR - Task failed with exception
Traceback (most recent call last):
  File "/home/airflow/.local/lib/python3.8/site-packages/airflow/models/taskinstance.py", line 428, in _execute_task
    result = execute_callable(context=context, **execute_callable_kwargs)
  File "/home/airflow/.local/lib/python3.8/site-packages/airflow/operators/bash.py", line 212, in execute
    raise AirflowException(
airflow.exceptions.AirflowException: Bash command failed. The command returned a non-zero exit code 1.
[2026-05-08T17:02:35.106+0000] {taskinstance.py:1138} INFO - Marking task as UP_FOR_RETRY. dag_id=price_intelligence_pipeline, task_id=dbt_run, execution_date=20260508T165218, start_date=20260508T170213, end_date=20260508T170235
[2026-05-08T17:02:35.148+0000] {standard_task_runner.py:107} ERROR - Failed to execute job 799 for task dbt_run (Bash command failed. The command returned a non-zero exit code 1.; 6149)
[2026-05-08T17:02:35.175+0000] {local_task_job_runner.py:234} INFO - Task exited with return code 1
[2026-05-08T17:02:35.268+0000] {taskinstance.py:3280} INFO - 0 downstream tasks scheduled from follow-on schedule check
