[2026-05-22T12:01:02.814+0000] {taskinstance.py:1956} INFO - Dependencies all met for dep_context=non-requeueable deps ti=<TaskInstance: price_intelligence_pipeline.dbt_run scheduled__2026-05-22T11:00:00+00:00 [queued]>
[2026-05-22T12:01:02.833+0000] {taskinstance.py:1956} INFO - Dependencies all met for dep_context=requeueable deps ti=<TaskInstance: price_intelligence_pipeline.dbt_run scheduled__2026-05-22T11:00:00+00:00 [queued]>
[2026-05-22T12:01:02.834+0000] {taskinstance.py:2170} INFO - Starting attempt 1 of 2
[2026-05-22T12:01:02.865+0000] {taskinstance.py:2191} INFO - Executing <Task(BashOperator): dbt_run> on 2026-05-22 11:00:00+00:00
[2026-05-22T12:01:02.876+0000] {standard_task_runner.py:60} INFO - Started process 75595 to run task
[2026-05-22T12:01:02.884+0000] {standard_task_runner.py:87} INFO - Running: ['***', 'tasks', 'run', 'price_intelligence_pipeline', 'dbt_run', 'scheduled__2026-05-22T11:00:00+00:00', '--job-id', '1715', '--raw', '--subdir', 'DAGS_FOLDER/price_intelligence_dag.py', '--cfg-path', '/tmp/tmpuf53vuc5']
[2026-05-22T12:01:02.892+0000] {standard_task_runner.py:88} INFO - Job 1715: Subtask dbt_run
[2026-05-22T12:01:03.040+0000] {task_command.py:423} INFO - Running <TaskInstance: price_intelligence_pipeline.dbt_run scheduled__2026-05-22T11:00:00+00:00 [running]> on host 91e0d3a0a233
[2026-05-22T12:01:03.239+0000] {taskinstance.py:2480} INFO - Exporting env vars: AIRFLOW_CTX_DAG_OWNER='***' AIRFLOW_CTX_DAG_ID='price_intelligence_pipeline' AIRFLOW_CTX_TASK_ID='dbt_run' AIRFLOW_CTX_EXECUTION_DATE='2026-05-22T11:00:00+00:00' AIRFLOW_CTX_TRY_NUMBER='1' AIRFLOW_CTX_DAG_RUN_ID='scheduled__2026-05-22T11:00:00+00:00'
[2026-05-22T12:01:03.244+0000] {subprocess.py:63} INFO - Tmp dir root location: /tmp
[2026-05-22T12:01:03.247+0000] {subprocess.py:75} INFO - Running command: ['/usr/bin/bash', '-c', '\n            set -e\n            cd /opt/***/dbt\n            export GOOGLE_APPLICATION_CREDENTIALS=/opt/***/gcp-credentials-new.json\n            /home/***/.local/bin/dbt run --full-refresh --profiles-dir . --project-dir .\n            echo dbt done\n        ']
[2026-05-22T12:01:03.268+0000] {subprocess.py:86} INFO - Output:
[2026-05-22T12:01:07.256+0000] {subprocess.py:93} INFO - [0m12:01:07  Running with dbt=1.8.7
[2026-05-22T12:01:09.638+0000] {subprocess.py:93} INFO - [0m12:01:09  Registered adapter: bigquery=1.8.3
[2026-05-22T12:01:11.639+0000] {subprocess.py:93} INFO - [0m12:01:11  Found 3 models, 1 seed, 7 data tests, 1 source, 479 macros
[2026-05-22T12:01:11.646+0000] {subprocess.py:93} INFO - [0m12:01:11
[2026-05-22T12:01:20.616+0000] {subprocess.py:93} INFO - [0m12:01:20  Concurrency: 4 threads (target='dev')
[2026-05-22T12:01:20.617+0000] {subprocess.py:93} INFO - [0m12:01:20
[2026-05-22T12:01:20.629+0000] {subprocess.py:93} INFO - [0m12:01:20  1 of 3 START sql view model price_intelligence_dbt.stg_prices .................. [RUN]
[2026-05-22T12:01:22.322+0000] {subprocess.py:93} INFO - [0m12:01:22  1 of 3 OK created sql view model price_intelligence_dbt.stg_prices ............. [[32mCREATE VIEW (0 processed)[0m in 1.69s]
[2026-05-22T12:01:22.327+0000] {subprocess.py:93} INFO - [0m12:01:22  2 of 3 START sql table model price_intelligence_dbt.prices_cleaned ............. [RUN]
[2026-05-22T12:01:26.761+0000] {subprocess.py:93} INFO - [0m12:01:26  2 of 3 OK created sql table model price_intelligence_dbt.prices_cleaned ........ [[32mCREATE TABLE (5.0k rows, 2.6 MiB processed)[0m in 4.43s]
[2026-05-22T12:01:26.765+0000] {subprocess.py:93} INFO - [0m12:01:26  3 of 3 START sql table model price_intelligence_dbt.prices_aggregated .......... [RUN]
[2026-05-22T12:01:30.721+0000] {subprocess.py:93} INFO - [0m12:01:30  3 of 3 OK created sql table model price_intelligence_dbt.prices_aggregated ..... [[32mCREATE TABLE (11.0 rows, 231.8 KiB processed)[0m in 3.95s]
[2026-05-22T12:01:30.735+0000] {subprocess.py:93} INFO - [0m12:01:30
[2026-05-22T12:01:30.737+0000] {subprocess.py:93} INFO - [0m12:01:30  Finished running 1 view model, 2 table models in 0 hours 0 minutes and 19.09 seconds (19.09s).
[2026-05-22T12:01:30.890+0000] {subprocess.py:93} INFO - [0m12:01:30
[2026-05-22T12:01:30.892+0000] {subprocess.py:93} INFO - [0m12:01:30  [32mCompleted successfully[0m
[2026-05-22T12:01:30.894+0000] {subprocess.py:93} INFO - [0m12:01:30
[2026-05-22T12:01:30.896+0000] {subprocess.py:93} INFO - [0m12:01:30  Done. PASS=3 WARN=0 ERROR=0 SKIP=0 TOTAL=3
[2026-05-22T12:01:35.404+0000] {subprocess.py:93} INFO - dbt done
[2026-05-22T12:01:35.414+0000] {subprocess.py:97} INFO - Command exited with return code 0
[2026-05-22T12:01:35.476+0000] {taskinstance.py:1138} INFO - Marking task as SUCCESS. dag_id=price_intelligence_pipeline, task_id=dbt_run, execution_date=20260522T110000, start_date=20260522T120102, end_date=20260522T120135
[2026-05-22T12:01:35.521+0000] {local_task_job_runner.py:234} INFO - Task exited with return code 0
[2026-05-22T12:01:35.576+0000] {taskinstance.py:3280} INFO - 1 downstream tasks scheduled from follow-on schedule check
