[2026-05-06T12:27:45.525+0000] {taskinstance.py:1956} INFO - Dependencies all met for dep_context=non-requeueable deps ti=<TaskInstance: price_intelligence_pipeline.scrape_avito scheduled__2026-05-06T01:00:00+00:00 [queued]>
[2026-05-06T12:27:45.591+0000] {taskinstance.py:1956} INFO - Dependencies all met for dep_context=requeueable deps ti=<TaskInstance: price_intelligence_pipeline.scrape_avito scheduled__2026-05-06T01:00:00+00:00 [queued]>
[2026-05-06T12:27:45.604+0000] {taskinstance.py:2170} INFO - Starting attempt 1 of 2
[2026-05-06T12:27:45.845+0000] {taskinstance.py:2191} INFO - Executing <Task(BashOperator): scrape_avito> on 2026-05-06 01:00:00+00:00
[2026-05-06T12:27:45.881+0000] {standard_task_runner.py:60} INFO - Started process 14204 to run task
[2026-05-06T12:27:45.907+0000] {standard_task_runner.py:87} INFO - Running: ['***', 'tasks', 'run', 'price_intelligence_pipeline', 'scrape_avito', 'scheduled__2026-05-06T01:00:00+00:00', '--job-id', '526', '--raw', '--subdir', 'DAGS_FOLDER/price_intelligence_dag.py', '--cfg-path', '/tmp/tmppooswf4c']
[2026-05-06T12:27:45.922+0000] {standard_task_runner.py:88} INFO - Job 526: Subtask scrape_avito
[2026-05-06T12:27:46.586+0000] {task_command.py:423} INFO - Running <TaskInstance: price_intelligence_pipeline.scrape_avito scheduled__2026-05-06T01:00:00+00:00 [running]> on host 25ef6dfa8bdc
[2026-05-06T12:27:47.708+0000] {taskinstance.py:2480} INFO - Exporting env vars: AIRFLOW_CTX_DAG_OWNER='***' AIRFLOW_CTX_DAG_ID='price_intelligence_pipeline' AIRFLOW_CTX_TASK_ID='scrape_avito' AIRFLOW_CTX_EXECUTION_DATE='2026-05-06T01:00:00+00:00' AIRFLOW_CTX_TRY_NUMBER='1' AIRFLOW_CTX_DAG_RUN_ID='scheduled__2026-05-06T01:00:00+00:00'
[2026-05-06T12:27:47.807+0000] {subprocess.py:63} INFO - Tmp dir root location: /tmp
[2026-05-06T12:27:47.888+0000] {subprocess.py:75} INFO - Running command: ['/usr/bin/bash', '-c', '\n            cd /opt/***\n            mkdir -p data/raw\n            export DISPLAY=:99\n            python3 scrapers/spiders/avito_ma.py || echo "Avito done with warnings"\n        ']
[2026-05-06T12:27:48.045+0000] {subprocess.py:86} INFO - Output:
[2026-05-06T12:27:58.349+0000] {subprocess.py:93} INFO - Traceback (most recent call last):
[2026-05-06T12:27:58.355+0000] {subprocess.py:93} INFO -   File "/home/***/.local/lib/python3.8/site-packages/urllib3/connection.py", line 174, in _new_conn
[2026-05-06T12:27:58.371+0000] {subprocess.py:93} INFO -     conn = connection.create_connection(
[2026-05-06T12:27:58.372+0000] {subprocess.py:93} INFO -   File "/home/***/.local/lib/python3.8/site-packages/urllib3/util/connection.py", line 72, in create_connection
[2026-05-06T12:27:58.373+0000] {subprocess.py:93} INFO -     for res in socket.getaddrinfo(host, port, family, socket.SOCK_STREAM):
[2026-05-06T12:27:58.374+0000] {subprocess.py:93} INFO -   File "/usr/local/lib/python3.8/socket.py", line 918, in getaddrinfo
[2026-05-06T12:27:58.375+0000] {subprocess.py:93} INFO -     for res in _socket.getaddrinfo(host, port, family, type, proto, flags):
[2026-05-06T12:27:58.376+0000] {subprocess.py:93} INFO - socket.gaierror: [Errno -5] No address associated with hostname
[2026-05-06T12:27:58.386+0000] {subprocess.py:93} INFO - 
[2026-05-06T12:27:58.388+0000] {subprocess.py:93} INFO - During handling of the above exception, another exception occurred:
[2026-05-06T12:27:58.389+0000] {subprocess.py:93} INFO - 
[2026-05-06T12:27:58.391+0000] {subprocess.py:93} INFO - Traceback (most recent call last):
[2026-05-06T12:27:58.392+0000] {subprocess.py:93} INFO -   File "/home/***/.local/lib/python3.8/site-packages/urllib3/connectionpool.py", line 715, in urlopen
[2026-05-06T12:27:58.403+0000] {subprocess.py:93} INFO -     httplib_response = self._make_request(
[2026-05-06T12:27:58.404+0000] {subprocess.py:93} INFO -   File "/home/***/.local/lib/python3.8/site-packages/urllib3/connectionpool.py", line 404, in _make_request
[2026-05-06T12:27:58.405+0000] {subprocess.py:93} INFO -     self._validate_conn(conn)
[2026-05-06T12:27:58.406+0000] {subprocess.py:93} INFO -   File "/home/***/.local/lib/python3.8/site-packages/urllib3/connectionpool.py", line 1058, in _validate_conn
[2026-05-06T12:27:58.418+0000] {subprocess.py:93} INFO -     conn.connect()
[2026-05-06T12:27:58.419+0000] {subprocess.py:93} INFO -   File "/home/***/.local/lib/python3.8/site-packages/urllib3/connection.py", line 363, in connect
[2026-05-06T12:27:58.420+0000] {subprocess.py:93} INFO -     self.sock = conn = self._new_conn()
[2026-05-06T12:27:58.421+0000] {subprocess.py:93} INFO -   File "/home/***/.local/lib/python3.8/site-packages/urllib3/connection.py", line 186, in _new_conn
[2026-05-06T12:27:58.422+0000] {subprocess.py:93} INFO -     raise NewConnectionError(
[2026-05-06T12:27:58.434+0000] {subprocess.py:93} INFO - urllib3.exceptions.NewConnectionError: <urllib3.connection.HTTPSConnection object at 0x722ea9cc4fa0>: Failed to establish a new connection: [Errno -5] No address associated with hostname
[2026-05-06T12:27:58.435+0000] {subprocess.py:93} INFO - 
[2026-05-06T12:27:58.437+0000] {subprocess.py:93} INFO - During handling of the above exception, another exception occurred:
[2026-05-06T12:27:58.439+0000] {subprocess.py:93} INFO - 
[2026-05-06T12:27:58.440+0000] {subprocess.py:93} INFO - Traceback (most recent call last):
[2026-05-06T12:27:58.442+0000] {subprocess.py:93} INFO -   File "/home/***/.local/lib/python3.8/site-packages/requests/adapters.py", line 486, in send
[2026-05-06T12:27:58.450+0000] {subprocess.py:93} INFO -     resp = conn.urlopen(
[2026-05-06T12:27:58.451+0000] {subprocess.py:93} INFO -   File "/home/***/.local/lib/python3.8/site-packages/urllib3/connectionpool.py", line 799, in urlopen
[2026-05-06T12:27:58.452+0000] {subprocess.py:93} INFO -     retries = retries.increment(
[2026-05-06T12:27:58.453+0000] {subprocess.py:93} INFO -   File "/home/***/.local/lib/python3.8/site-packages/urllib3/util/retry.py", line 592, in increment
[2026-05-06T12:27:58.454+0000] {subprocess.py:93} INFO -     raise MaxRetryError(_pool, url, error or ResponseError(cause))
[2026-05-06T12:27:58.455+0000] {subprocess.py:93} INFO - urllib3.exceptions.MaxRetryError: HTTPSConnectionPool(host='chromedriver.storage.googleapis.com', port=443): Max retries exceeded with url: /LATEST_RELEASE (Caused by NewConnectionError('<urllib3.connection.HTTPSConnection object at 0x722ea9cc4fa0>: Failed to establish a new connection: [Errno -5] No address associated with hostname'))
[2026-05-06T12:27:58.456+0000] {subprocess.py:93} INFO - 
[2026-05-06T12:27:58.466+0000] {subprocess.py:93} INFO - During handling of the above exception, another exception occurred:
[2026-05-06T12:27:58.467+0000] {subprocess.py:93} INFO - 
[2026-05-06T12:27:58.468+0000] {subprocess.py:93} INFO - Traceback (most recent call last):
[2026-05-06T12:27:58.469+0000] {subprocess.py:93} INFO -   File "/home/***/.local/lib/python3.8/site-packages/webdriver_manager/core/http.py", line 32, in get
[2026-05-06T12:27:58.470+0000] {subprocess.py:93} INFO -     resp = requests.get(
[2026-05-06T12:27:58.471+0000] {subprocess.py:93} INFO -   File "/home/***/.local/lib/python3.8/site-packages/requests/api.py", line 73, in get
[2026-05-06T12:27:58.473+0000] {subprocess.py:93} INFO -     return request("get", url, params=params, **kwargs)
[2026-05-06T12:27:58.483+0000] {subprocess.py:93} INFO -   File "/home/***/.local/lib/python3.8/site-packages/requests/api.py", line 59, in request
[2026-05-06T12:27:58.484+0000] {subprocess.py:93} INFO -     return session.request(method=method, url=url, **kwargs)
[2026-05-06T12:27:58.485+0000] {subprocess.py:93} INFO -   File "/home/***/.local/lib/python3.8/site-packages/requests/sessions.py", line 589, in request
[2026-05-06T12:27:58.486+0000] {subprocess.py:93} INFO -     resp = self.send(prep, **send_kwargs)
[2026-05-06T12:27:58.498+0000] {subprocess.py:93} INFO -   File "/home/***/.local/lib/python3.8/site-packages/requests/sessions.py", line 703, in send
[2026-05-06T12:27:58.499+0000] {subprocess.py:93} INFO -     r = adapter.send(request, **kwargs)
[2026-05-06T12:27:58.499+0000] {subprocess.py:93} INFO -   File "/home/***/.local/lib/python3.8/site-packages/requests/adapters.py", line 519, in send
[2026-05-06T12:27:58.500+0000] {subprocess.py:93} INFO -     raise ConnectionError(e, request=request)
[2026-05-06T12:27:58.501+0000] {subprocess.py:93} INFO - requests.exceptions.ConnectionError: HTTPSConnectionPool(host='chromedriver.storage.googleapis.com', port=443): Max retries exceeded with url: /LATEST_RELEASE (Caused by NewConnectionError('<urllib3.connection.HTTPSConnection object at 0x722ea9cc4fa0>: Failed to establish a new connection: [Errno -5] No address associated with hostname'))
[2026-05-06T12:27:58.502+0000] {subprocess.py:93} INFO - 
[2026-05-06T12:27:58.513+0000] {subprocess.py:93} INFO - During handling of the above exception, another exception occurred:
[2026-05-06T12:27:58.514+0000] {subprocess.py:93} INFO - 
[2026-05-06T12:27:58.515+0000] {subprocess.py:93} INFO - Traceback (most recent call last):
[2026-05-06T12:27:58.516+0000] {subprocess.py:93} INFO -   File "scrapers/spiders/avito_ma.py", line 93, in <module>
[2026-05-06T12:27:58.517+0000] {subprocess.py:93} INFO -     scrape_avito()
[2026-05-06T12:27:58.517+0000] {subprocess.py:93} INFO -   File "scrapers/spiders/avito_ma.py", line 25, in scrape_avito
[2026-05-06T12:27:58.529+0000] {subprocess.py:93} INFO -     driver = webdriver.Chrome(service=Service(ChromeDriverManager().install()), options=options)
[2026-05-06T12:27:58.530+0000] {subprocess.py:93} INFO -   File "/home/***/.local/lib/python3.8/site-packages/webdriver_manager/chrome.py", line 40, in install
[2026-05-06T12:27:58.531+0000] {subprocess.py:93} INFO -     driver_path = self._get_driver_binary_path(self.driver)
[2026-05-06T12:27:58.533+0000] {subprocess.py:93} INFO -   File "/home/***/.local/lib/python3.8/site-packages/webdriver_manager/core/manager.py", line 40, in _get_driver_binary_path
[2026-05-06T12:27:58.534+0000] {subprocess.py:93} INFO -     file = self._download_manager.download_file(driver.get_driver_download_url(os_type))
[2026-05-06T12:27:58.535+0000] {subprocess.py:93} INFO -   File "/home/***/.local/lib/python3.8/site-packages/webdriver_manager/drivers/chrome.py", line 32, in get_driver_download_url
[2026-05-06T12:27:58.545+0000] {subprocess.py:93} INFO -     driver_version_to_download = self.get_driver_version_to_download()
[2026-05-06T12:27:58.561+0000] {subprocess.py:93} INFO -   File "/home/***/.local/lib/python3.8/site-packages/webdriver_manager/core/driver.py", line 48, in get_driver_version_to_download
[2026-05-06T12:27:58.562+0000] {subprocess.py:93} INFO -     return self.get_latest_release_version()
[2026-05-06T12:27:58.563+0000] {subprocess.py:93} INFO -   File "/home/***/.local/lib/python3.8/site-packages/webdriver_manager/drivers/chrome.py", line 70, in get_latest_release_version
[2026-05-06T12:27:58.564+0000] {subprocess.py:93} INFO -     resp = self._http_client.get(url=latest_release_url)
[2026-05-06T12:27:58.564+0000] {subprocess.py:93} INFO -   File "/home/***/.local/lib/python3.8/site-packages/webdriver_manager/core/http.py", line 35, in get
[2026-05-06T12:27:58.565+0000] {subprocess.py:93} INFO -     raise exceptions.ConnectionError(f"Could not reach host. Are you offline?")
[2026-05-06T12:27:58.566+0000] {subprocess.py:93} INFO - requests.exceptions.ConnectionError: Could not reach host. Are you offline?
[2026-05-06T12:27:58.577+0000] {subprocess.py:93} INFO - Avito done with warnings
[2026-05-06T12:27:58.580+0000] {subprocess.py:97} INFO - Command exited with return code 0
[2026-05-06T12:27:58.712+0000] {taskinstance.py:1138} INFO - Marking task as SUCCESS. dag_id=price_intelligence_pipeline, task_id=scrape_avito, execution_date=20260506T010000, start_date=20260506T122745, end_date=20260506T122758
[2026-05-06T12:27:58.793+0000] {local_task_job_runner.py:234} INFO - Task exited with return code 0
[2026-05-06T12:27:58.904+0000] {taskinstance.py:3280} INFO - 1 downstream tasks scheduled from follow-on schedule check
