[2026-05-23T11:43:10.160+0000] {taskinstance.py:1956} INFO - Dependencies all met for dep_context=non-requeueable deps ti=<TaskInstance: price_intelligence_pipeline.dbt_run scheduled__2026-05-23T10:00:00+00:00 [queued]>
[2026-05-23T11:43:10.168+0000] {taskinstance.py:1956} INFO - Dependencies all met for dep_context=requeueable deps ti=<TaskInstance: price_intelligence_pipeline.dbt_run scheduled__2026-05-23T10:00:00+00:00 [queued]>
[2026-05-23T11:43:10.169+0000] {taskinstance.py:2170} INFO - Starting attempt 1 of 2
[2026-05-23T11:43:10.183+0000] {taskinstance.py:2191} INFO - Executing <Task(BashOperator): dbt_run> on 2026-05-23 10:00:00+00:00
[2026-05-23T11:43:10.188+0000] {standard_task_runner.py:60} INFO - Started process 91225 to run task
[2026-05-23T11:43:10.193+0000] {standard_task_runner.py:87} INFO - Running: ['***', 'tasks', 'run', 'price_intelligence_pipeline', 'dbt_run', 'scheduled__2026-05-23T10:00:00+00:00', '--job-id', '1832', '--raw', '--subdir', 'DAGS_FOLDER/price_intelligence_dag.py', '--cfg-path', '/tmp/tmppxg6mt0l']
[2026-05-23T11:43:10.196+0000] {standard_task_runner.py:88} INFO - Job 1832: Subtask dbt_run
[2026-05-23T11:43:10.266+0000] {task_command.py:423} INFO - Running <TaskInstance: price_intelligence_pipeline.dbt_run scheduled__2026-05-23T10:00:00+00:00 [running]> on host 91e0d3a0a233
[2026-05-23T11:43:10.371+0000] {taskinstance.py:2480} INFO - Exporting env vars: AIRFLOW_CTX_DAG_OWNER='***' AIRFLOW_CTX_DAG_ID='price_intelligence_pipeline' AIRFLOW_CTX_TASK_ID='dbt_run' AIRFLOW_CTX_EXECUTION_DATE='2026-05-23T10:00:00+00:00' AIRFLOW_CTX_TRY_NUMBER='1' AIRFLOW_CTX_DAG_RUN_ID='scheduled__2026-05-23T10:00:00+00:00'
[2026-05-23T11:43:10.373+0000] {subprocess.py:63} INFO - Tmp dir root location: /tmp
[2026-05-23T11:43:10.375+0000] {subprocess.py:75} INFO - Running command: ['/usr/bin/bash', '-c', '\n            set -e\n            cd /opt/***/dbt\n            export GOOGLE_APPLICATION_CREDENTIALS=/opt/***/gcp-credentials-new.json\n            /home/***/.local/bin/dbt run --full-refresh --profiles-dir . --project-dir .\n            echo dbt done\n        ']
[2026-05-23T11:43:10.387+0000] {subprocess.py:86} INFO - Output:
[2026-05-23T11:43:12.074+0000] {subprocess.py:93} INFO - [0m11:43:12  Running with dbt=1.8.7
[2026-05-23T11:43:13.069+0000] {subprocess.py:93} INFO - [0m11:43:13  Registered adapter: bigquery=1.8.3
[2026-05-23T11:43:13.924+0000] {subprocess.py:93} INFO - [0m11:43:13  Found 3 models, 1 seed, 7 data tests, 1 source, 479 macros
[2026-05-23T11:43:13.928+0000] {subprocess.py:93} INFO - [0m11:43:13
[2026-05-23T11:43:15.821+0000] {subprocess.py:93} INFO - [0m11:43:15  Concurrency: 4 threads (target='dev')
[2026-05-23T11:43:15.823+0000] {subprocess.py:93} INFO - [0m11:43:15
[2026-05-23T11:43:15.839+0000] {subprocess.py:93} INFO - [0m11:43:15  1 of 3 START sql view model price_intelligence_dbt.stg_prices .................. [RUN]
[2026-05-23T11:43:17.485+0000] {subprocess.py:93} INFO - [0m11:43:17  1 of 3 OK created sql view model price_intelligence_dbt.stg_prices ............. [[32mCREATE VIEW (0 processed)[0m in 1.64s]
[2026-05-23T11:43:17.489+0000] {subprocess.py:93} INFO - [0m11:43:17  2 of 3 START sql table model price_intelligence_dbt.prices_cleaned ............. [RUN]
[2026-05-23T11:43:21.332+0000] {subprocess.py:93} INFO - [0m11:43:21  2 of 3 OK created sql table model price_intelligence_dbt.prices_cleaned ........ [[32mCREATE TABLE (1.7k rows, 1.1 MiB processed)[0m in 3.84s]
[2026-05-23T11:43:21.337+0000] {subprocess.py:93} INFO - [0m11:43:21  3 of 3 START sql table model price_intelligence_dbt.prices_aggregated .......... [RUN]
[2026-05-23T11:43:24.871+0000] {subprocess.py:93} INFO - [0m11:43:24  3 of 3 OK created sql table model price_intelligence_dbt.prices_aggregated ..... [[32mCREATE TABLE (10.0 rows, 68.8 KiB processed)[0m in 3.53s]
[2026-05-23T11:43:24.883+0000] {subprocess.py:93} INFO - [0m11:43:24
[2026-05-23T11:43:24.884+0000] {subprocess.py:93} INFO - [0m11:43:24  Finished running 1 view model, 2 table models in 0 hours 0 minutes and 10.95 seconds (10.95s).
[2026-05-23T11:43:24.977+0000] {subprocess.py:93} INFO - [0m11:43:24
[2026-05-23T11:43:24.978+0000] {subprocess.py:93} INFO - [0m11:43:24  [32mCompleted successfully[0m
[2026-05-23T11:43:24.979+0000] {subprocess.py:93} INFO - [0m11:43:24
[2026-05-23T11:43:24.980+0000] {subprocess.py:93} INFO - [0m11:43:24  Done. PASS=3 WARN=0 ERROR=0 SKIP=0 TOTAL=3
[2026-05-23T11:43:29.391+0000] {subprocess.py:93} INFO - dbt done
[2026-05-23T11:43:29.396+0000] {subprocess.py:97} INFO - Command exited with return code 0
[2026-05-23T11:43:29.433+0000] {taskinstance.py:1138} INFO - Marking task as SUCCESS. dag_id=price_intelligence_pipeline, task_id=dbt_run, execution_date=20260523T100000, start_date=20260523T114310, end_date=20260523T114329
[2026-05-23T11:43:29.475+0000] {local_task_job_runner.py:234} INFO - Task exited with return code 0
[2026-05-23T11:43:29.506+0000] {taskinstance.py:3280} INFO - 1 downstream tasks scheduled from follow-on schedule check
