[2026-05-06T12:29:01.409+0000] {taskinstance.py:1956} INFO - Dependencies all met for dep_context=non-requeueable deps ti=<TaskInstance: price_intelligence_pipeline.dbt_run scheduled__2026-05-06T01:00:00+00:00 [queued]>
[2026-05-06T12:29:01.437+0000] {taskinstance.py:1956} INFO - Dependencies all met for dep_context=requeueable deps ti=<TaskInstance: price_intelligence_pipeline.dbt_run scheduled__2026-05-06T01:00:00+00:00 [queued]>
[2026-05-06T12:29:01.438+0000] {taskinstance.py:2170} INFO - Starting attempt 1 of 2
[2026-05-06T12:29:01.482+0000] {taskinstance.py:2191} INFO - Executing <Task(BashOperator): dbt_run> on 2026-05-06 01:00:00+00:00
[2026-05-06T12:29:01.498+0000] {standard_task_runner.py:60} INFO - Started process 14305 to run task
[2026-05-06T12:29:01.506+0000] {standard_task_runner.py:87} INFO - Running: ['***', 'tasks', 'run', 'price_intelligence_pipeline', 'dbt_run', 'scheduled__2026-05-06T01:00:00+00:00', '--job-id', '532', '--raw', '--subdir', 'DAGS_FOLDER/price_intelligence_dag.py', '--cfg-path', '/tmp/tmpc1nalfdh']
[2026-05-06T12:29:01.512+0000] {standard_task_runner.py:88} INFO - Job 532: Subtask dbt_run
[2026-05-06T12:29:01.702+0000] {task_command.py:423} INFO - Running <TaskInstance: price_intelligence_pipeline.dbt_run scheduled__2026-05-06T01:00:00+00:00 [running]> on host 25ef6dfa8bdc
[2026-05-06T12:29:02.002+0000] {taskinstance.py:2480} INFO - Exporting env vars: AIRFLOW_CTX_DAG_OWNER='***' AIRFLOW_CTX_DAG_ID='price_intelligence_pipeline' AIRFLOW_CTX_TASK_ID='dbt_run' AIRFLOW_CTX_EXECUTION_DATE='2026-05-06T01:00:00+00:00' AIRFLOW_CTX_TRY_NUMBER='1' AIRFLOW_CTX_DAG_RUN_ID='scheduled__2026-05-06T01:00:00+00:00'
[2026-05-06T12:29:02.005+0000] {subprocess.py:63} INFO - Tmp dir root location: /tmp
[2026-05-06T12:29:02.012+0000] {subprocess.py:75} INFO - Running command: ['/usr/bin/bash', '-c', '\n            set -e\n            cd /opt/***/dbt\n            export GOOGLE_APPLICATION_CREDENTIALS=/opt/***/gcp-credentials-new.json\n            /home/***/.local/bin/dbt run --select stg_prices --profiles-dir . --project-dir .\n            /home/***/.local/bin/dbt run --select prices_cleaned --profiles-dir . --project-dir .\n            /home/***/.local/bin/dbt run --select prices_aggregated --profiles-dir . --project-dir .\n            echo dbt done\n        ']
[2026-05-06T12:29:02.039+0000] {subprocess.py:86} INFO - Output:
[2026-05-06T12:29:05.077+0000] {subprocess.py:93} INFO - [0m12:29:05  Running with dbt=1.8.7
[2026-05-06T12:29:05.080+0000] {subprocess.py:93} INFO - [0m12:29:05  Encountered an error:
[2026-05-06T12:29:05.080+0000] {subprocess.py:93} INFO - Runtime Error
[2026-05-06T12:29:05.081+0000] {subprocess.py:93} INFO -   No dbt_project.yml found at expected path ./dbt_project.yml
[2026-05-06T12:29:05.082+0000] {subprocess.py:93} INFO -   Verify that each entry within packages.yml (and their transitive dependencies) contains a file named dbt_project.yml
[2026-05-06T12:29:05.082+0000] {subprocess.py:93} INFO - 
[2026-05-06T12:29:09.258+0000] {subprocess.py:97} INFO - Command exited with return code 2
[2026-05-06T12:29:09.276+0000] {taskinstance.py:2698} ERROR - Task failed with exception
Traceback (most recent call last):
  File "/home/airflow/.local/lib/python3.8/site-packages/airflow/models/taskinstance.py", line 428, in _execute_task
    result = execute_callable(context=context, **execute_callable_kwargs)
  File "/home/airflow/.local/lib/python3.8/site-packages/airflow/operators/bash.py", line 212, in execute
    raise AirflowException(
airflow.exceptions.AirflowException: Bash command failed. The command returned a non-zero exit code 2.
[2026-05-06T12:29:09.279+0000] {taskinstance.py:1138} INFO - Marking task as UP_FOR_RETRY. dag_id=price_intelligence_pipeline, task_id=dbt_run, execution_date=20260506T010000, start_date=20260506T122901, end_date=20260506T122909
[2026-05-06T12:29:09.293+0000] {standard_task_runner.py:107} ERROR - Failed to execute job 532 for task dbt_run (Bash command failed. The command returned a non-zero exit code 2.; 14305)
[2026-05-06T12:29:09.329+0000] {local_task_job_runner.py:234} INFO - Task exited with return code 1
[2026-05-06T12:29:09.358+0000] {taskinstance.py:3280} INFO - 0 downstream tasks scheduled from follow-on schedule check
