[2026-05-06T22:00:01.472+0000] {taskinstance.py:1956} INFO - Dependencies all met for dep_context=non-requeueable deps ti=<TaskInstance: price_intelligence_pipeline.scrape_avito scheduled__2026-05-06T21:00:00+00:00 [queued]>
[2026-05-06T22:00:01.490+0000] {taskinstance.py:1956} INFO - Dependencies all met for dep_context=requeueable deps ti=<TaskInstance: price_intelligence_pipeline.scrape_avito scheduled__2026-05-06T21:00:00+00:00 [queued]>
[2026-05-06T22:00:01.491+0000] {taskinstance.py:2170} INFO - Starting attempt 1 of 2
[2026-05-06T22:00:01.537+0000] {taskinstance.py:2191} INFO - Executing <Task(BashOperator): scrape_avito> on 2026-05-06 21:00:00+00:00
[2026-05-06T22:00:01.549+0000] {standard_task_runner.py:60} INFO - Started process 24691 to run task
[2026-05-06T22:00:01.558+0000] {standard_task_runner.py:87} INFO - Running: ['***', 'tasks', 'run', 'price_intelligence_pipeline', 'scrape_avito', 'scheduled__2026-05-06T21:00:00+00:00', '--job-id', '638', '--raw', '--subdir', 'DAGS_FOLDER/price_intelligence_dag.py', '--cfg-path', '/tmp/tmp044vt2oj']
[2026-05-06T22:00:01.566+0000] {standard_task_runner.py:88} INFO - Job 638: Subtask scrape_avito
[2026-05-06T22:00:01.772+0000] {task_command.py:423} INFO - Running <TaskInstance: price_intelligence_pipeline.scrape_avito scheduled__2026-05-06T21:00:00+00:00 [running]> on host 25ef6dfa8bdc
[2026-05-06T22:00:02.091+0000] {taskinstance.py:2480} INFO - Exporting env vars: AIRFLOW_CTX_DAG_OWNER='***' AIRFLOW_CTX_DAG_ID='price_intelligence_pipeline' AIRFLOW_CTX_TASK_ID='scrape_avito' AIRFLOW_CTX_EXECUTION_DATE='2026-05-06T21:00:00+00:00' AIRFLOW_CTX_TRY_NUMBER='1' AIRFLOW_CTX_DAG_RUN_ID='scheduled__2026-05-06T21:00:00+00:00'
[2026-05-06T22:00:02.095+0000] {subprocess.py:63} INFO - Tmp dir root location: /tmp
[2026-05-06T22:00:02.106+0000] {subprocess.py:75} INFO - Running command: ['/usr/bin/bash', '-c', '\n            cd /opt/***\n            mkdir -p data/raw\n            export DISPLAY=:99\n            python3 scrapers/spiders/avito_ma.py || echo "Avito done with warnings"\n        ']
[2026-05-06T22:00:02.135+0000] {subprocess.py:86} INFO - Output:
[2026-05-06T22:00:07.581+0000] {subprocess.py:93} INFO - Traceback (most recent call last):
[2026-05-06T22:00:07.583+0000] {subprocess.py:93} INFO -   File "/home/***/.local/lib/python3.8/site-packages/urllib3/connection.py", line 174, in _new_conn
[2026-05-06T22:00:07.585+0000] {subprocess.py:93} INFO -     conn = connection.create_connection(
[2026-05-06T22:00:07.593+0000] {subprocess.py:93} INFO -   File "/home/***/.local/lib/python3.8/site-packages/urllib3/util/connection.py", line 72, in create_connection
[2026-05-06T22:00:07.602+0000] {subprocess.py:93} INFO -     for res in socket.getaddrinfo(host, port, family, socket.SOCK_STREAM):
[2026-05-06T22:00:07.605+0000] {subprocess.py:93} INFO -   File "/usr/local/lib/python3.8/socket.py", line 918, in getaddrinfo
[2026-05-06T22:00:07.608+0000] {subprocess.py:93} INFO -     for res in _socket.getaddrinfo(host, port, family, type, proto, flags):
[2026-05-06T22:00:07.612+0000] {subprocess.py:93} INFO - socket.gaierror: [Errno -5] No address associated with hostname
[2026-05-06T22:00:07.623+0000] {subprocess.py:93} INFO - 
[2026-05-06T22:00:07.629+0000] {subprocess.py:93} INFO - During handling of the above exception, another exception occurred:
[2026-05-06T22:00:07.634+0000] {subprocess.py:93} INFO - 
[2026-05-06T22:00:07.636+0000] {subprocess.py:93} INFO - Traceback (most recent call last):
[2026-05-06T22:00:07.637+0000] {subprocess.py:93} INFO -   File "/home/***/.local/lib/python3.8/site-packages/urllib3/connectionpool.py", line 715, in urlopen
[2026-05-06T22:00:07.638+0000] {subprocess.py:93} INFO -     httplib_response = self._make_request(
[2026-05-06T22:00:07.639+0000] {subprocess.py:93} INFO -   File "/home/***/.local/lib/python3.8/site-packages/urllib3/connectionpool.py", line 404, in _make_request
[2026-05-06T22:00:07.641+0000] {subprocess.py:93} INFO -     self._validate_conn(conn)
[2026-05-06T22:00:07.642+0000] {subprocess.py:93} INFO -   File "/home/***/.local/lib/python3.8/site-packages/urllib3/connectionpool.py", line 1058, in _validate_conn
[2026-05-06T22:00:07.645+0000] {subprocess.py:93} INFO -     conn.connect()
[2026-05-06T22:00:07.648+0000] {subprocess.py:93} INFO -   File "/home/***/.local/lib/python3.8/site-packages/urllib3/connection.py", line 363, in connect
[2026-05-06T22:00:07.651+0000] {subprocess.py:93} INFO -     self.sock = conn = self._new_conn()
[2026-05-06T22:00:07.654+0000] {subprocess.py:93} INFO -   File "/home/***/.local/lib/python3.8/site-packages/urllib3/connection.py", line 186, in _new_conn
[2026-05-06T22:00:07.655+0000] {subprocess.py:93} INFO -     raise NewConnectionError(
[2026-05-06T22:00:07.656+0000] {subprocess.py:93} INFO - urllib3.exceptions.NewConnectionError: <urllib3.connection.HTTPSConnection object at 0x72a5d757efa0>: Failed to establish a new connection: [Errno -5] No address associated with hostname
[2026-05-06T22:00:07.657+0000] {subprocess.py:93} INFO - 
[2026-05-06T22:00:07.658+0000] {subprocess.py:93} INFO - During handling of the above exception, another exception occurred:
[2026-05-06T22:00:07.659+0000] {subprocess.py:93} INFO - 
[2026-05-06T22:00:07.660+0000] {subprocess.py:93} INFO - Traceback (most recent call last):
[2026-05-06T22:00:07.661+0000] {subprocess.py:93} INFO -   File "/home/***/.local/lib/python3.8/site-packages/requests/adapters.py", line 486, in send
[2026-05-06T22:00:07.662+0000] {subprocess.py:93} INFO -     resp = conn.urlopen(
[2026-05-06T22:00:07.663+0000] {subprocess.py:93} INFO -   File "/home/***/.local/lib/python3.8/site-packages/urllib3/connectionpool.py", line 799, in urlopen
[2026-05-06T22:00:07.677+0000] {subprocess.py:93} INFO -     retries = retries.increment(
[2026-05-06T22:00:07.678+0000] {subprocess.py:93} INFO -   File "/home/***/.local/lib/python3.8/site-packages/urllib3/util/retry.py", line 592, in increment
[2026-05-06T22:00:07.684+0000] {subprocess.py:93} INFO -     raise MaxRetryError(_pool, url, error or ResponseError(cause))
[2026-05-06T22:00:07.686+0000] {subprocess.py:93} INFO - urllib3.exceptions.MaxRetryError: HTTPSConnectionPool(host='chromedriver.storage.googleapis.com', port=443): Max retries exceeded with url: /LATEST_RELEASE (Caused by NewConnectionError('<urllib3.connection.HTTPSConnection object at 0x72a5d757efa0>: Failed to establish a new connection: [Errno -5] No address associated with hostname'))
[2026-05-06T22:00:07.689+0000] {subprocess.py:93} INFO - 
[2026-05-06T22:00:07.690+0000] {subprocess.py:93} INFO - During handling of the above exception, another exception occurred:
[2026-05-06T22:00:07.691+0000] {subprocess.py:93} INFO - 
[2026-05-06T22:00:07.692+0000] {subprocess.py:93} INFO - Traceback (most recent call last):
[2026-05-06T22:00:07.693+0000] {subprocess.py:93} INFO -   File "/home/***/.local/lib/python3.8/site-packages/webdriver_manager/core/http.py", line 32, in get
[2026-05-06T22:00:07.694+0000] {subprocess.py:93} INFO -     resp = requests.get(
[2026-05-06T22:00:07.694+0000] {subprocess.py:93} INFO -   File "/home/***/.local/lib/python3.8/site-packages/requests/api.py", line 73, in get
[2026-05-06T22:00:07.695+0000] {subprocess.py:93} INFO -     return request("get", url, params=params, **kwargs)
[2026-05-06T22:00:07.696+0000] {subprocess.py:93} INFO -   File "/home/***/.local/lib/python3.8/site-packages/requests/api.py", line 59, in request
[2026-05-06T22:00:07.701+0000] {subprocess.py:93} INFO -     return session.request(method=method, url=url, **kwargs)
[2026-05-06T22:00:07.704+0000] {subprocess.py:93} INFO -   File "/home/***/.local/lib/python3.8/site-packages/requests/sessions.py", line 589, in request
[2026-05-06T22:00:07.705+0000] {subprocess.py:93} INFO -     resp = self.send(prep, **send_kwargs)
[2026-05-06T22:00:07.711+0000] {subprocess.py:93} INFO -   File "/home/***/.local/lib/python3.8/site-packages/requests/sessions.py", line 703, in send
[2026-05-06T22:00:07.712+0000] {subprocess.py:93} INFO -     r = adapter.send(request, **kwargs)
[2026-05-06T22:00:07.714+0000] {subprocess.py:93} INFO -   File "/home/***/.local/lib/python3.8/site-packages/requests/adapters.py", line 519, in send
[2026-05-06T22:00:07.716+0000] {subprocess.py:93} INFO -     raise ConnectionError(e, request=request)
[2026-05-06T22:00:07.721+0000] {subprocess.py:93} INFO - requests.exceptions.ConnectionError: HTTPSConnectionPool(host='chromedriver.storage.googleapis.com', port=443): Max retries exceeded with url: /LATEST_RELEASE (Caused by NewConnectionError('<urllib3.connection.HTTPSConnection object at 0x72a5d757efa0>: Failed to establish a new connection: [Errno -5] No address associated with hostname'))
[2026-05-06T22:00:07.726+0000] {subprocess.py:93} INFO - 
[2026-05-06T22:00:07.727+0000] {subprocess.py:93} INFO - During handling of the above exception, another exception occurred:
[2026-05-06T22:00:07.728+0000] {subprocess.py:93} INFO - 
[2026-05-06T22:00:07.729+0000] {subprocess.py:93} INFO - Traceback (most recent call last):
[2026-05-06T22:00:07.730+0000] {subprocess.py:93} INFO -   File "scrapers/spiders/avito_ma.py", line 93, in <module>
[2026-05-06T22:00:07.742+0000] {subprocess.py:93} INFO -     scrape_avito()
[2026-05-06T22:00:07.746+0000] {subprocess.py:93} INFO -   File "scrapers/spiders/avito_ma.py", line 25, in scrape_avito
[2026-05-06T22:00:07.747+0000] {subprocess.py:93} INFO -     driver = webdriver.Chrome(service=Service(ChromeDriverManager().install()), options=options)
[2026-05-06T22:00:07.753+0000] {subprocess.py:93} INFO -   File "/home/***/.local/lib/python3.8/site-packages/webdriver_manager/chrome.py", line 40, in install
[2026-05-06T22:00:07.759+0000] {subprocess.py:93} INFO -     driver_path = self._get_driver_binary_path(self.driver)
[2026-05-06T22:00:07.762+0000] {subprocess.py:93} INFO -   File "/home/***/.local/lib/python3.8/site-packages/webdriver_manager/core/manager.py", line 40, in _get_driver_binary_path
[2026-05-06T22:00:07.763+0000] {subprocess.py:93} INFO -     file = self._download_manager.download_file(driver.get_driver_download_url(os_type))
[2026-05-06T22:00:07.764+0000] {subprocess.py:93} INFO -   File "/home/***/.local/lib/python3.8/site-packages/webdriver_manager/drivers/chrome.py", line 32, in get_driver_download_url
[2026-05-06T22:00:07.777+0000] {subprocess.py:93} INFO -     driver_version_to_download = self.get_driver_version_to_download()
[2026-05-06T22:00:07.780+0000] {subprocess.py:93} INFO -   File "/home/***/.local/lib/python3.8/site-packages/webdriver_manager/core/driver.py", line 48, in get_driver_version_to_download
[2026-05-06T22:00:07.786+0000] {subprocess.py:93} INFO -     return self.get_latest_release_version()
[2026-05-06T22:00:07.787+0000] {subprocess.py:93} INFO -   File "/home/***/.local/lib/python3.8/site-packages/webdriver_manager/drivers/chrome.py", line 70, in get_latest_release_version
[2026-05-06T22:00:07.789+0000] {subprocess.py:93} INFO -     resp = self._http_client.get(url=latest_release_url)
[2026-05-06T22:00:07.791+0000] {subprocess.py:93} INFO -   File "/home/***/.local/lib/python3.8/site-packages/webdriver_manager/core/http.py", line 35, in get
[2026-05-06T22:00:07.806+0000] {subprocess.py:93} INFO -     raise exceptions.ConnectionError(f"Could not reach host. Are you offline?")
[2026-05-06T22:00:07.807+0000] {subprocess.py:93} INFO - requests.exceptions.ConnectionError: Could not reach host. Are you offline?
[2026-05-06T22:00:07.808+0000] {subprocess.py:93} INFO - Avito done with warnings
[2026-05-06T22:00:07.809+0000] {subprocess.py:97} INFO - Command exited with return code 0
[2026-05-06T22:00:07.994+0000] {taskinstance.py:1138} INFO - Marking task as SUCCESS. dag_id=price_intelligence_pipeline, task_id=scrape_avito, execution_date=20260506T210000, start_date=20260506T220001, end_date=20260506T220007
[2026-05-06T22:00:08.166+0000] {local_task_job_runner.py:234} INFO - Task exited with return code 0
[2026-05-06T22:00:08.341+0000] {taskinstance.py:3280} INFO - 0 downstream tasks scheduled from follow-on schedule check
