[2026-05-05T22:17:49.289+0000] {taskinstance.py:1956} INFO - Dependencies all met for dep_context=non-requeueable deps ti=<TaskInstance: price_intelligence_pipeline.scrape_avito manual__2026-05-05T22:08:19.235661+00:00 [queued]>
[2026-05-05T22:17:49.327+0000] {taskinstance.py:1956} INFO - Dependencies all met for dep_context=requeueable deps ti=<TaskInstance: price_intelligence_pipeline.scrape_avito manual__2026-05-05T22:08:19.235661+00:00 [queued]>
[2026-05-05T22:17:49.334+0000] {taskinstance.py:2170} INFO - Starting attempt 1 of 2
[2026-05-05T22:17:49.404+0000] {taskinstance.py:2191} INFO - Executing <Task(BashOperator): scrape_avito> on 2026-05-05 22:08:19.235661+00:00
[2026-05-05T22:17:49.417+0000] {standard_task_runner.py:60} INFO - Started process 9717 to run task
[2026-05-05T22:17:49.430+0000] {standard_task_runner.py:87} INFO - Running: ['***', 'tasks', 'run', 'price_intelligence_pipeline', 'scrape_avito', 'manual__2026-05-05T22:08:19.235661+00:00', '--job-id', '472', '--raw', '--subdir', 'DAGS_FOLDER/price_intelligence_dag.py', '--cfg-path', '/tmp/tmpfwe46vi3']
[2026-05-05T22:17:49.441+0000] {standard_task_runner.py:88} INFO - Job 472: Subtask scrape_avito
[2026-05-05T22:17:49.737+0000] {task_command.py:423} INFO - Running <TaskInstance: price_intelligence_pipeline.scrape_avito manual__2026-05-05T22:08:19.235661+00:00 [running]> on host 25ef6dfa8bdc
[2026-05-05T22:17:50.118+0000] {taskinstance.py:2480} INFO - Exporting env vars: AIRFLOW_CTX_DAG_OWNER='***' AIRFLOW_CTX_DAG_ID='price_intelligence_pipeline' AIRFLOW_CTX_TASK_ID='scrape_avito' AIRFLOW_CTX_EXECUTION_DATE='2026-05-05T22:08:19.235661+00:00' AIRFLOW_CTX_TRY_NUMBER='1' AIRFLOW_CTX_DAG_RUN_ID='manual__2026-05-05T22:08:19.235661+00:00'
[2026-05-05T22:17:50.132+0000] {subprocess.py:63} INFO - Tmp dir root location: /tmp
[2026-05-05T22:17:50.135+0000] {subprocess.py:75} INFO - Running command: ['/usr/bin/bash', '-c', '\n            cd /opt/***\n            mkdir -p data/raw\n            export DISPLAY=:99\n            python3 scrapers/spiders/avito_ma.py || echo "Avito done with warnings"\n        ']
[2026-05-05T22:17:50.169+0000] {subprocess.py:86} INFO - Output:
[2026-05-05T22:18:12.304+0000] {subprocess.py:93} INFO - Traceback (most recent call last):
[2026-05-05T22:18:12.308+0000] {subprocess.py:93} INFO -   File "scrapers/spiders/avito_ma.py", line 93, in <module>
[2026-05-05T22:18:12.310+0000] {subprocess.py:93} INFO -     scrape_avito()
[2026-05-05T22:18:12.313+0000] {subprocess.py:93} INFO -   File "scrapers/spiders/avito_ma.py", line 25, in scrape_avito
[2026-05-05T22:18:12.315+0000] {subprocess.py:93} INFO -     driver = webdriver.Chrome(service=Service(ChromeDriverManager().install()), options=options)
[2026-05-05T22:18:12.318+0000] {subprocess.py:93} INFO -   File "/home/***/.local/lib/python3.8/site-packages/selenium/webdriver/chrome/webdriver.py", line 45, in __init__
[2026-05-05T22:18:12.320+0000] {subprocess.py:93} INFO -     super().__init__(
[2026-05-05T22:18:12.324+0000] {subprocess.py:93} INFO -   File "/home/***/.local/lib/python3.8/site-packages/selenium/webdriver/chromium/webdriver.py", line 66, in __init__
[2026-05-05T22:18:12.326+0000] {subprocess.py:93} INFO -     super().__init__(command_executor=executor, options=options)
[2026-05-05T22:18:12.328+0000] {subprocess.py:93} INFO -   File "/home/***/.local/lib/python3.8/site-packages/selenium/webdriver/remote/webdriver.py", line 241, in __init__
[2026-05-05T22:18:12.330+0000] {subprocess.py:93} INFO -     self.start_session(capabilities)
[2026-05-05T22:18:12.333+0000] {subprocess.py:93} INFO -   File "/home/***/.local/lib/python3.8/site-packages/selenium/webdriver/remote/webdriver.py", line 329, in start_session
[2026-05-05T22:18:12.335+0000] {subprocess.py:93} INFO -     response = self.execute(Command.NEW_SESSION, caps)["value"]
[2026-05-05T22:18:12.337+0000] {subprocess.py:93} INFO -   File "/home/***/.local/lib/python3.8/site-packages/selenium/webdriver/remote/webdriver.py", line 384, in execute
[2026-05-05T22:18:12.338+0000] {subprocess.py:93} INFO -     self.error_handler.check_response(response)
[2026-05-05T22:18:12.340+0000] {subprocess.py:93} INFO -   File "/home/***/.local/lib/python3.8/site-packages/selenium/webdriver/remote/errorhandler.py", line 232, in check_response
[2026-05-05T22:18:12.345+0000] {subprocess.py:93} INFO -     raise exception_class(message, screen, stacktrace)
[2026-05-05T22:18:12.347+0000] {subprocess.py:93} INFO - selenium.common.exceptions.SessionNotCreatedException: Message: session not created: This version of ChromeDriver only supports Chrome version 114
[2026-05-05T22:18:12.349+0000] {subprocess.py:93} INFO - Current browser version is 147.0.7727.137 with binary path /usr/bin/chromium
[2026-05-05T22:18:12.350+0000] {subprocess.py:93} INFO - Stacktrace:
[2026-05-05T22:18:12.352+0000] {subprocess.py:93} INFO - #0 0x60f7446444e3 <unknown>
[2026-05-05T22:18:12.356+0000] {subprocess.py:93} INFO - #1 0x60f744373c76 <unknown>
[2026-05-05T22:18:12.357+0000] {subprocess.py:93} INFO - #2 0x60f7443a104a <unknown>
[2026-05-05T22:18:12.359+0000] {subprocess.py:93} INFO - #3 0x60f74439c4a1 <unknown>
[2026-05-05T22:18:12.360+0000] {subprocess.py:93} INFO - #4 0x60f744399029 <unknown>
[2026-05-05T22:18:12.361+0000] {subprocess.py:93} INFO - #5 0x60f7443d7ccc <unknown>
[2026-05-05T22:18:12.364+0000] {subprocess.py:93} INFO - #6 0x60f7443d747f <unknown>
[2026-05-05T22:18:12.365+0000] {subprocess.py:93} INFO - #7 0x60f7443cede3 <unknown>
[2026-05-05T22:18:12.366+0000] {subprocess.py:93} INFO - #8 0x60f7443a42dd <unknown>
[2026-05-05T22:18:12.367+0000] {subprocess.py:93} INFO - #9 0x60f7443a534e <unknown>
[2026-05-05T22:18:12.368+0000] {subprocess.py:93} INFO - #10 0x60f7446043e4 <unknown>
[2026-05-05T22:18:12.370+0000] {subprocess.py:93} INFO - #11 0x60f7446083d7 <unknown>
[2026-05-05T22:18:12.371+0000] {subprocess.py:93} INFO - #12 0x60f744612b20 <unknown>
[2026-05-05T22:18:12.372+0000] {subprocess.py:93} INFO - #13 0x60f744609023 <unknown>
[2026-05-05T22:18:12.373+0000] {subprocess.py:93} INFO - #14 0x60f7445d71aa <unknown>
[2026-05-05T22:18:12.374+0000] {subprocess.py:93} INFO - #15 0x60f74462d6b8 <unknown>
[2026-05-05T22:18:12.376+0000] {subprocess.py:93} INFO - #16 0x60f74462d847 <unknown>
[2026-05-05T22:18:12.377+0000] {subprocess.py:93} INFO - #17 0x60f74463d243 <unknown>
[2026-05-05T22:18:12.378+0000] {subprocess.py:93} INFO - #18 0x77af230db134 <unknown>
[2026-05-05T22:18:12.379+0000] {subprocess.py:93} INFO - 
[2026-05-05T22:18:12.409+0000] {subprocess.py:93} INFO - Avito done with warnings
[2026-05-05T22:18:12.410+0000] {subprocess.py:97} INFO - Command exited with return code 0
[2026-05-05T22:18:12.499+0000] {taskinstance.py:1138} INFO - Marking task as SUCCESS. dag_id=price_intelligence_pipeline, task_id=scrape_avito, execution_date=20260505T220819, start_date=20260505T221749, end_date=20260505T221812
[2026-05-05T22:18:12.578+0000] {local_task_job_runner.py:234} INFO - Task exited with return code 0
[2026-05-05T22:18:12.660+0000] {taskinstance.py:3280} INFO - 1 downstream tasks scheduled from follow-on schedule check
