[2026-05-20T22:17:21.858+0000] {taskinstance.py:1956} INFO - Dependencies all met for dep_context=non-requeueable deps ti=<TaskInstance: price_intelligence_pipeline.dbt_run scheduled__2026-05-20T21:00:00+00:00 [queued]>
[2026-05-20T22:17:21.890+0000] {taskinstance.py:1956} INFO - Dependencies all met for dep_context=requeueable deps ti=<TaskInstance: price_intelligence_pipeline.dbt_run scheduled__2026-05-20T21:00:00+00:00 [queued]>
[2026-05-20T22:17:21.892+0000] {taskinstance.py:2170} INFO - Starting attempt 1 of 2
[2026-05-20T22:17:21.943+0000] {taskinstance.py:2191} INFO - Executing <Task(BashOperator): dbt_run> on 2026-05-20 21:00:00+00:00
[2026-05-20T22:17:21.958+0000] {standard_task_runner.py:60} INFO - Started process 70016 to run task
[2026-05-20T22:17:21.968+0000] {standard_task_runner.py:87} INFO - Running: ['***', 'tasks', 'run', 'price_intelligence_pipeline', 'dbt_run', 'scheduled__2026-05-20T21:00:00+00:00', '--job-id', '1616', '--raw', '--subdir', 'DAGS_FOLDER/price_intelligence_dag.py', '--cfg-path', '/tmp/tmpbwy2omp8']
[2026-05-20T22:17:21.976+0000] {standard_task_runner.py:88} INFO - Job 1616: Subtask dbt_run
[2026-05-20T22:17:22.209+0000] {task_command.py:423} INFO - Running <TaskInstance: price_intelligence_pipeline.dbt_run scheduled__2026-05-20T21:00:00+00:00 [running]> on host 91e0d3a0a233
[2026-05-20T22:17:22.518+0000] {taskinstance.py:2480} INFO - Exporting env vars: AIRFLOW_CTX_DAG_OWNER='***' AIRFLOW_CTX_DAG_ID='price_intelligence_pipeline' AIRFLOW_CTX_TASK_ID='dbt_run' AIRFLOW_CTX_EXECUTION_DATE='2026-05-20T21:00:00+00:00' AIRFLOW_CTX_TRY_NUMBER='1' AIRFLOW_CTX_DAG_RUN_ID='scheduled__2026-05-20T21:00:00+00:00'
[2026-05-20T22:17:22.521+0000] {subprocess.py:63} INFO - Tmp dir root location: /tmp
[2026-05-20T22:17:22.525+0000] {subprocess.py:75} INFO - Running command: ['/usr/bin/bash', '-c', '\n            set -e\n            cd /opt/***/dbt\n            export GOOGLE_APPLICATION_CREDENTIALS=/opt/***/gcp-credentials-new.json\n            /home/***/.local/bin/dbt run --full-refresh --profiles-dir . --project-dir .\n            echo dbt done\n        ']
[2026-05-20T22:17:22.574+0000] {subprocess.py:86} INFO - Output:
[2026-05-20T22:17:28.811+0000] {subprocess.py:93} INFO - [0m22:17:28  Running with dbt=1.8.7
[2026-05-20T22:17:33.007+0000] {subprocess.py:93} INFO - [0m22:17:33  Registered adapter: bigquery=1.8.3
[2026-05-20T22:17:37.496+0000] {subprocess.py:93} INFO - [0m22:17:37  Found 3 models, 1 seed, 7 data tests, 1 source, 479 macros
[2026-05-20T22:17:37.508+0000] {subprocess.py:93} INFO - [0m22:17:37
[2026-05-20T22:17:43.142+0000] {subprocess.py:93} INFO - [0m22:17:43  Concurrency: 4 threads (target='dev')
[2026-05-20T22:17:43.144+0000] {subprocess.py:93} INFO - [0m22:17:43
[2026-05-20T22:17:43.186+0000] {subprocess.py:93} INFO - [0m22:17:43  1 of 3 START sql view model price_intelligence_dbt.stg_prices .................. [RUN]
[2026-05-20T22:17:45.264+0000] {subprocess.py:93} INFO - [0m22:17:45  1 of 3 OK created sql view model price_intelligence_dbt.stg_prices ............. [[32mCREATE VIEW (0 processed)[0m in 2.07s]
[2026-05-20T22:17:45.274+0000] {subprocess.py:93} INFO - [0m22:17:45  2 of 3 START sql table model price_intelligence_dbt.prices_cleaned ............. [RUN]
[2026-05-20T22:17:49.279+0000] {subprocess.py:93} INFO - [0m22:17:49  2 of 3 OK created sql table model price_intelligence_dbt.prices_cleaned ........ [[32mCREATE TABLE (5.0k rows, 2.6 MiB processed)[0m in 4.00s]
[2026-05-20T22:17:49.292+0000] {subprocess.py:93} INFO - [0m22:17:49  3 of 3 START sql table model price_intelligence_dbt.prices_aggregated .......... [RUN]
[2026-05-20T22:17:52.907+0000] {subprocess.py:93} INFO - [0m22:17:52  3 of 3 OK created sql table model price_intelligence_dbt.prices_aggregated ..... [[32mCREATE TABLE (11.0 rows, 231.8 KiB processed)[0m in 3.61s]
[2026-05-20T22:17:52.923+0000] {subprocess.py:93} INFO - [0m22:17:52
[2026-05-20T22:17:52.926+0000] {subprocess.py:93} INFO - [0m22:17:52  Finished running 1 view model, 2 table models in 0 hours 0 minutes and 15.41 seconds (15.41s).
[2026-05-20T22:17:53.158+0000] {subprocess.py:93} INFO - [0m22:17:53
[2026-05-20T22:17:53.162+0000] {subprocess.py:93} INFO - [0m22:17:53  [32mCompleted successfully[0m
[2026-05-20T22:17:53.164+0000] {subprocess.py:93} INFO - [0m22:17:53
[2026-05-20T22:17:53.166+0000] {subprocess.py:93} INFO - [0m22:17:53  Done. PASS=3 WARN=0 ERROR=0 SKIP=0 TOTAL=3
[2026-05-20T22:17:57.885+0000] {subprocess.py:93} INFO - dbt done
[2026-05-20T22:17:57.896+0000] {subprocess.py:97} INFO - Command exited with return code 0
[2026-05-20T22:17:57.985+0000] {taskinstance.py:1138} INFO - Marking task as SUCCESS. dag_id=price_intelligence_pipeline, task_id=dbt_run, execution_date=20260520T210000, start_date=20260520T221721, end_date=20260520T221757
[2026-05-20T22:17:58.061+0000] {local_task_job_runner.py:234} INFO - Task exited with return code 0
[2026-05-20T22:17:58.140+0000] {taskinstance.py:3280} INFO - 1 downstream tasks scheduled from follow-on schedule check
