[2026-05-17T13:01:35.700+0000] {taskinstance.py:1956} INFO - Dependencies all met for dep_context=non-requeueable deps ti=<TaskInstance: price_intelligence_pipeline.dbt_run scheduled__2026-05-17T12:00:00+00:00 [queued]>
[2026-05-17T13:01:35.738+0000] {taskinstance.py:1956} INFO - Dependencies all met for dep_context=requeueable deps ti=<TaskInstance: price_intelligence_pipeline.dbt_run scheduled__2026-05-17T12:00:00+00:00 [queued]>
[2026-05-17T13:01:35.741+0000] {taskinstance.py:2170} INFO - Starting attempt 1 of 2
[2026-05-17T13:01:35.811+0000] {taskinstance.py:2191} INFO - Executing <Task(BashOperator): dbt_run> on 2026-05-17 12:00:00+00:00
[2026-05-17T13:01:35.839+0000] {standard_task_runner.py:60} INFO - Started process 39312 to run task
[2026-05-17T13:01:35.852+0000] {standard_task_runner.py:87} INFO - Running: ['***', 'tasks', 'run', 'price_intelligence_pipeline', 'dbt_run', 'scheduled__2026-05-17T12:00:00+00:00', '--job-id', '1319', '--raw', '--subdir', 'DAGS_FOLDER/price_intelligence_dag.py', '--cfg-path', '/tmp/tmp9cw028bd']
[2026-05-17T13:01:35.858+0000] {standard_task_runner.py:88} INFO - Job 1319: Subtask dbt_run
[2026-05-17T13:01:36.101+0000] {task_command.py:423} INFO - Running <TaskInstance: price_intelligence_pipeline.dbt_run scheduled__2026-05-17T12:00:00+00:00 [running]> on host 91e0d3a0a233
[2026-05-17T13:01:36.546+0000] {taskinstance.py:2480} INFO - Exporting env vars: AIRFLOW_CTX_DAG_OWNER='***' AIRFLOW_CTX_DAG_ID='price_intelligence_pipeline' AIRFLOW_CTX_TASK_ID='dbt_run' AIRFLOW_CTX_EXECUTION_DATE='2026-05-17T12:00:00+00:00' AIRFLOW_CTX_TRY_NUMBER='1' AIRFLOW_CTX_DAG_RUN_ID='scheduled__2026-05-17T12:00:00+00:00'
[2026-05-17T13:01:36.559+0000] {subprocess.py:63} INFO - Tmp dir root location: /tmp
[2026-05-17T13:01:36.573+0000] {subprocess.py:75} INFO - Running command: ['/usr/bin/bash', '-c', '\n            set -e\n            cd /opt/***/dbt\n            export GOOGLE_APPLICATION_CREDENTIALS=/opt/***/gcp-credentials-new.json\n            /home/***/.local/bin/dbt run --full-refresh --profiles-dir . --project-dir .\n            echo dbt done\n        ']
[2026-05-17T13:01:36.629+0000] {subprocess.py:86} INFO - Output:
[2026-05-17T13:01:43.932+0000] {subprocess.py:93} INFO - [0m13:01:43  Running with dbt=1.8.7
[2026-05-17T13:01:48.726+0000] {subprocess.py:93} INFO - [0m13:01:48  Registered adapter: bigquery=1.8.3
[2026-05-17T13:01:51.906+0000] {subprocess.py:93} INFO - [0m13:01:51  Found 3 models, 1 seed, 7 data tests, 1 source, 479 macros
[2026-05-17T13:01:51.917+0000] {subprocess.py:93} INFO - [0m13:01:51
[2026-05-17T13:01:55.340+0000] {subprocess.py:93} INFO - [0m13:01:55  Concurrency: 4 threads (target='dev')
[2026-05-17T13:01:55.341+0000] {subprocess.py:93} INFO - [0m13:01:55
[2026-05-17T13:01:55.362+0000] {subprocess.py:93} INFO - [0m13:01:55  1 of 3 START sql view model price_intelligence_dbt.stg_prices .................. [RUN]
[2026-05-17T13:01:57.618+0000] {subprocess.py:93} INFO - [0m13:01:57  1 of 3 OK created sql view model price_intelligence_dbt.stg_prices ............. [[32mCREATE VIEW (0 processed)[0m in 2.25s]
[2026-05-17T13:01:57.637+0000] {subprocess.py:93} INFO - [0m13:01:57  2 of 3 START sql table model price_intelligence_dbt.prices_cleaned ............. [RUN]
[2026-05-17T13:02:02.478+0000] {subprocess.py:93} INFO - [0m13:02:02  2 of 3 OK created sql table model price_intelligence_dbt.prices_cleaned ........ [[32mCREATE TABLE (5.0k rows, 2.6 MiB processed)[0m in 4.82s]
[2026-05-17T13:02:02.509+0000] {subprocess.py:93} INFO - [0m13:02:02  3 of 3 START sql table model price_intelligence_dbt.prices_aggregated .......... [RUN]
[2026-05-17T13:02:07.318+0000] {subprocess.py:93} INFO - [0m13:02:07  3 of 3 OK created sql table model price_intelligence_dbt.prices_aggregated ..... [[32mCREATE TABLE (11.0 rows, 231.8 KiB processed)[0m in 4.79s]
[2026-05-17T13:02:07.389+0000] {subprocess.py:93} INFO - [0m13:02:07
[2026-05-17T13:02:07.423+0000] {subprocess.py:93} INFO - [0m13:02:07  Finished running 1 view model, 2 table models in 0 hours 0 minutes and 15.47 seconds (15.47s).
[2026-05-17T13:02:07.916+0000] {subprocess.py:93} INFO - [0m13:02:07
[2026-05-17T13:02:07.930+0000] {subprocess.py:93} INFO - [0m13:02:07  [32mCompleted successfully[0m
[2026-05-17T13:02:07.969+0000] {subprocess.py:93} INFO - [0m13:02:07
[2026-05-17T13:02:07.993+0000] {subprocess.py:93} INFO - [0m13:02:07  Done. PASS=3 WARN=0 ERROR=0 SKIP=0 TOTAL=3
[2026-05-17T13:02:11.356+0000] {subprocess.py:93} INFO - dbt done
[2026-05-17T13:02:11.369+0000] {subprocess.py:97} INFO - Command exited with return code 0
[2026-05-17T13:02:11.475+0000] {taskinstance.py:1138} INFO - Marking task as SUCCESS. dag_id=price_intelligence_pipeline, task_id=dbt_run, execution_date=20260517T120000, start_date=20260517T130135, end_date=20260517T130211
[2026-05-17T13:02:11.535+0000] {local_task_job_runner.py:234} INFO - Task exited with return code 0
[2026-05-17T13:02:11.605+0000] {taskinstance.py:3280} INFO - 1 downstream tasks scheduled from follow-on schedule check
