[2026-05-01T22:10:52.487+0000] {taskinstance.py:1956} INFO - Dependencies all met for dep_context=non-requeueable deps ti=<TaskInstance: price_intelligence_pipeline.load_bigtable scheduled__2026-04-29T08:00:00+00:00 [queued]>
[2026-05-01T22:10:52.513+0000] {taskinstance.py:1956} INFO - Dependencies all met for dep_context=requeueable deps ti=<TaskInstance: price_intelligence_pipeline.load_bigtable scheduled__2026-04-29T08:00:00+00:00 [queued]>
[2026-05-01T22:10:52.515+0000] {taskinstance.py:2170} INFO - Starting attempt 1 of 3
[2026-05-01T22:10:52.561+0000] {taskinstance.py:2191} INFO - Executing <Task(PythonOperator): load_bigtable> on 2026-04-29 08:00:00+00:00
[2026-05-01T22:10:52.579+0000] {standard_task_runner.py:60} INFO - Started process 223 to run task
[2026-05-01T22:10:52.592+0000] {standard_task_runner.py:87} INFO - Running: ['***', 'tasks', 'run', 'price_intelligence_pipeline', 'load_bigtable', 'scheduled__2026-04-29T08:00:00+00:00', '--job-id', '136', '--raw', '--subdir', 'DAGS_FOLDER/price_intelligence_dag.py', '--cfg-path', '/tmp/tmpembp9ukq']
[2026-05-01T22:10:52.600+0000] {standard_task_runner.py:88} INFO - Job 136: Subtask load_bigtable
[2026-05-01T22:10:52.814+0000] {task_command.py:423} INFO - Running <TaskInstance: price_intelligence_pipeline.load_bigtable scheduled__2026-04-29T08:00:00+00:00 [running]> on host 25ef6dfa8bdc
[2026-05-01T22:10:53.226+0000] {taskinstance.py:2480} INFO - Exporting env vars: AIRFLOW_CTX_DAG_OWNER='price_intelligence' AIRFLOW_CTX_DAG_ID='price_intelligence_pipeline' AIRFLOW_CTX_TASK_ID='load_bigtable' AIRFLOW_CTX_EXECUTION_DATE='2026-04-29T08:00:00+00:00' AIRFLOW_CTX_TRY_NUMBER='1' AIRFLOW_CTX_DAG_RUN_ID='scheduled__2026-04-29T08:00:00+00:00'
[2026-05-01T22:10:53.309+0000] {_default.py:683} WARNING - No project ID could be determined. Consider running `gcloud config set project` or setting the GOOGLE_CLOUD_PROJECT environment variable
[2026-05-01T22:10:53.562+0000] {logging_mixin.py:188} INFO - 📦 Traitement jumia_ma: 4803 produits...
[2026-05-01T22:11:18.811+0000] {logging_mixin.py:188} INFO -   ✅ Batch de 500 produits envoyé!
[2026-05-01T22:11:27.847+0000] {logging_mixin.py:188} INFO -   ✅ Batch de 500 produits envoyé!
[2026-05-01T22:11:37.136+0000] {logging_mixin.py:188} INFO -   ✅ Batch de 500 produits envoyé!
[2026-05-01T22:11:46.945+0000] {logging_mixin.py:188} INFO -   ✅ Batch de 500 produits envoyé!
[2026-05-01T22:11:57.052+0000] {logging_mixin.py:188} INFO -   ✅ Batch de 500 produits envoyé!
[2026-05-01T22:12:06.971+0000] {logging_mixin.py:188} INFO -   ✅ Batch de 500 produits envoyé!
[2026-05-01T22:12:18.794+0000] {logging_mixin.py:188} INFO -   ✅ Batch de 500 produits envoyé!
[2026-05-01T22:12:28.814+0000] {logging_mixin.py:188} INFO -   ✅ Batch de 500 produits envoyé!
[2026-05-01T22:12:44.487+0000] {logging_mixin.py:188} INFO -   ✅ Batch de 500 produits envoyé!
[2026-05-01T22:12:44.921+0000] {logging_mixin.py:188} INFO - 📦 Traitement avito_ma: 1710 produits...
[2026-05-01T22:12:53.374+0000] {logging_mixin.py:188} INFO -   ✅ Batch de 500 produits envoyé!
[2026-05-01T22:13:00.760+0000] {logging_mixin.py:188} INFO -   ✅ Batch de 500 produits envoyé!
[2026-05-01T22:13:09.602+0000] {logging_mixin.py:188} INFO -   ✅ Batch de 500 produits envoyé!
[2026-05-01T22:13:21.255+0000] {logging_mixin.py:188} INFO -   ✅ Batch de 500 produits envoyé!
[2026-05-01T22:13:21.301+0000] {logging_mixin.py:188} INFO - 📦 Traitement amazon_ma: 794 produits...
[2026-05-01T22:13:32.209+0000] {logging_mixin.py:188} INFO -   ✅ Batch de 500 produits envoyé!
[2026-05-01T22:13:32.621+0000] {logging_mixin.py:188} INFO - 📦 Traitement electroplanet_ma: 179 produits...
[2026-05-01T22:13:45.071+0000] {logging_mixin.py:188} INFO -   ✅ Batch de 486 produits envoyé!
[2026-05-01T22:13:45.072+0000] {logging_mixin.py:188} INFO - 
✅ TOTAL: 7486 produits chargés dans Bigtable!
[2026-05-01T22:13:45.073+0000] {logging_mixin.py:188} INFO -    Column families: price_cf ✅ metadata_cf ✅ agg_cf ✅
[2026-05-01T22:13:45.074+0000] {logging_mixin.py:188} INFO -    Row key format: product_id#timestamp ✅
[2026-05-01T22:13:45.111+0000] {python.py:201} INFO - Done. Returned value was: 7486
[2026-05-01T22:13:45.274+0000] {taskinstance.py:1138} INFO - Marking task as SUCCESS. dag_id=price_intelligence_pipeline, task_id=load_bigtable, execution_date=20260429T080000, start_date=20260501T221052, end_date=20260501T221345
[2026-05-01T22:13:45.469+0000] {local_task_job_runner.py:234} INFO - Task exited with return code 0
[2026-05-01T22:13:45.588+0000] {taskinstance.py:3280} INFO - 1 downstream tasks scheduled from follow-on schedule check
