[2026-06-10T12:00:08.152+0000] {taskinstance.py:1956} INFO - Dependencies all met for dep_context=non-requeueable deps ti=<TaskInstance: price_intelligence_pipeline.scrape_connecto scheduled__2026-06-10T00:00:00+00:00 [queued]>
[2026-06-10T12:00:08.177+0000] {taskinstance.py:1956} INFO - Dependencies all met for dep_context=requeueable deps ti=<TaskInstance: price_intelligence_pipeline.scrape_connecto scheduled__2026-06-10T00:00:00+00:00 [queued]>
[2026-06-10T12:00:08.178+0000] {taskinstance.py:2170} INFO - Starting attempt 2 of 2
[2026-06-10T12:00:08.211+0000] {taskinstance.py:2191} INFO - Executing <Task(BashOperator): scrape_connecto> on 2026-06-10 00:00:00+00:00
[2026-06-10T12:00:08.222+0000] {standard_task_runner.py:60} INFO - Started process 564 to run task
[2026-06-10T12:00:08.232+0000] {standard_task_runner.py:87} INFO - Running: ['***', 'tasks', 'run', 'price_intelligence_pipeline', 'scrape_connecto', 'scheduled__2026-06-10T00:00:00+00:00', '--job-id', '1944', '--raw', '--subdir', 'DAGS_FOLDER/price_intelligence_dag.py', '--cfg-path', '/tmp/tmpd51vlqv0']
[2026-06-10T12:00:08.239+0000] {standard_task_runner.py:88} INFO - Job 1944: Subtask scrape_connecto
[2026-06-10T12:00:08.479+0000] {task_command.py:423} INFO - Running <TaskInstance: price_intelligence_pipeline.scrape_connecto scheduled__2026-06-10T00:00:00+00:00 [running]> on host 91e0d3a0a233
[2026-06-10T12:00:08.757+0000] {taskinstance.py:2480} INFO - Exporting env vars: AIRFLOW_CTX_DAG_OWNER='***' AIRFLOW_CTX_DAG_ID='price_intelligence_pipeline' AIRFLOW_CTX_TASK_ID='scrape_connecto' AIRFLOW_CTX_EXECUTION_DATE='2026-06-10T00:00:00+00:00' AIRFLOW_CTX_TRY_NUMBER='2' AIRFLOW_CTX_DAG_RUN_ID='scheduled__2026-06-10T00:00:00+00:00'
[2026-06-10T12:00:08.762+0000] {subprocess.py:63} INFO - Tmp dir root location: /tmp
[2026-06-10T12:00:08.765+0000] {subprocess.py:75} INFO - Running command: ['/usr/bin/bash', '-c', '\n            echo "Connecto scraping via API Shopify..."\n            python3 -c "\nimport json, time, requests\nfrom datetime import datetime, timezone\n\nHEADERS = {\n    \'User-Agent\': \'Mozilla/5.0 (Windows NT 10.0; Win64; x64) AppleWebKit/537.36\',\n    \'Accept\': \'application/json\',\n}\nBASE = \'https://connecto.ma\'\nCOLLECTIONS = [\n    (\'smartphones\', \'Telephones & Smartphones\'),\n    (\'ordinateur-portable-pc-portable\', \'Informatique\'),\n    (\'ecrans-moniteurs\', \'Informatique\'),\n    (\'tablettes-tactiles\', \'Informatique\'),\n    (\'televiseurs\', \'Electromenager\'),\n    (\'all\', \'Informatique\'),\n]\nsession = requests.Session()\nsession.headers.update(HEADERS)\nproducts = []\nseen = set()\nfor slug, category in COLLECTIONS:\n    page = 1\n    while True:\n        url = f\'{BASE}/collections/{slug}/products.json?limit=250&page={page}\'\n        try:\n            r = session.get(url, timeout=15)\n            if r.status_code != 200: break\n            items = r.json().get(\'products\', [])\n            if not items: break\n            for item in items:\n                name = item.get(\'title\',\'\').strip()\n                if not name or name in seen: continue\n                seen.add(name)\n                variants = item.get(\'variants\', [])\n                price = None\n                old_price = None\n                if variants:\n                    try:\n                        price = float(variants[0].get(\'price\', 0) or 0)\n                        cap = variants[0].get(\'compare_at_price\')\n                        if cap: old_price = float(cap)\n                    except: pass\n                images = item.get(\'images\', [])\n                image_url = images[0].get(\'src\') if images else None\n                handle = item.get(\'handle\',\'\')\n                products.append({\n                    \'product_name\': name,\n                    \'price\': price if price and price > 0 else None,\n                    \'old_price\': old_price if old_price and old_price != price else None,\n                    \'discount_pct\': None,\n                    \'rating\': None,\n                    \'currency\': \'MAD\',\n                    \'category\': category,\n                    \'image_url\': image_url,\n                    \'url\': f\'{BASE}/products/{handle}\',\n                    \'source\': \'connecto.ma\',\n                    \'scraped_at\': int(datetime.now(timezone.utc).timestamp()),\n                })\n            if len(items) < 250: break\n            page += 1\n            time.sleep(1)\n        except Exception as e:\n            break\nimport os\nos.makedirs(\'/opt/***/data/raw\', exist_ok=True)\nwith open(\'/opt/***/data/raw/connecto_ma.json\', \'w\') as f:\n    json.dump(products, f)\nprint(f\'Connecto: {len(products)} produits\')\n"\n        ']
[2026-06-10T12:00:08.787+0000] {subprocess.py:86} INFO - Output:
[2026-06-10T12:00:08.792+0000] {subprocess.py:93} INFO - Connecto scraping via API Shopify...
[2026-06-10T12:00:39.412+0000] {subprocess.py:93} INFO - Traceback (most recent call last):
[2026-06-10T12:00:39.414+0000] {subprocess.py:93} INFO -   File "<string>", line 67, in <module>
[2026-06-10T12:00:39.417+0000] {subprocess.py:93} INFO - PermissionError: [Errno 13] Permission denied: '/opt/***/data/raw/connecto_ma.json'
[2026-06-10T12:00:39.456+0000] {subprocess.py:97} INFO - Command exited with return code 1
[2026-06-10T12:00:39.496+0000] {taskinstance.py:2698} ERROR - Task failed with exception
Traceback (most recent call last):
  File "/home/airflow/.local/lib/python3.8/site-packages/airflow/models/taskinstance.py", line 428, in _execute_task
    result = execute_callable(context=context, **execute_callable_kwargs)
  File "/home/airflow/.local/lib/python3.8/site-packages/airflow/operators/bash.py", line 212, in execute
    raise AirflowException(
airflow.exceptions.AirflowException: Bash command failed. The command returned a non-zero exit code 1.
[2026-06-10T12:00:39.502+0000] {taskinstance.py:1138} INFO - Marking task as FAILED. dag_id=price_intelligence_pipeline, task_id=scrape_connecto, execution_date=20260610T000000, start_date=20260610T120008, end_date=20260610T120039
[2026-06-10T12:00:39.536+0000] {standard_task_runner.py:107} ERROR - Failed to execute job 1944 for task scrape_connecto (Bash command failed. The command returned a non-zero exit code 1.; 564)
[2026-06-10T12:00:39.563+0000] {local_task_job_runner.py:234} INFO - Task exited with return code 1
[2026-06-10T12:00:39.643+0000] {taskinstance.py:3280} INFO - 1 downstream tasks scheduled from follow-on schedule check
