[2026-05-09T15:00:15.858+0000] {taskinstance.py:1956} INFO - Dependencies all met for dep_context=non-requeueable deps ti=<TaskInstance: price_intelligence_pipeline.dbt_run scheduled__2026-05-09T14:00:00+00:00 [queued]>
[2026-05-09T15:00:15.871+0000] {taskinstance.py:1956} INFO - Dependencies all met for dep_context=requeueable deps ti=<TaskInstance: price_intelligence_pipeline.dbt_run scheduled__2026-05-09T14:00:00+00:00 [queued]>
[2026-05-09T15:00:15.872+0000] {taskinstance.py:2170} INFO - Starting attempt 1 of 2
[2026-05-09T15:00:15.893+0000] {taskinstance.py:2191} INFO - Executing <Task(BashOperator): dbt_run> on 2026-05-09 14:00:00+00:00
[2026-05-09T15:00:15.900+0000] {standard_task_runner.py:60} INFO - Started process 4464 to run task
[2026-05-09T15:00:15.906+0000] {standard_task_runner.py:87} INFO - Running: ['***', 'tasks', 'run', 'price_intelligence_pipeline', 'dbt_run', 'scheduled__2026-05-09T14:00:00+00:00', '--job-id', '912', '--raw', '--subdir', 'DAGS_FOLDER/price_intelligence_dag.py', '--cfg-path', '/tmp/tmpnwp73d2y']
[2026-05-09T15:00:15.909+0000] {standard_task_runner.py:88} INFO - Job 912: Subtask dbt_run
[2026-05-09T15:00:16.017+0000] {task_command.py:423} INFO - Running <TaskInstance: price_intelligence_pipeline.dbt_run scheduled__2026-05-09T14:00:00+00:00 [running]> on host 91e0d3a0a233
[2026-05-09T15:00:16.160+0000] {taskinstance.py:2480} INFO - Exporting env vars: AIRFLOW_CTX_DAG_OWNER='***' AIRFLOW_CTX_DAG_ID='price_intelligence_pipeline' AIRFLOW_CTX_TASK_ID='dbt_run' AIRFLOW_CTX_EXECUTION_DATE='2026-05-09T14:00:00+00:00' AIRFLOW_CTX_TRY_NUMBER='1' AIRFLOW_CTX_DAG_RUN_ID='scheduled__2026-05-09T14:00:00+00:00'
[2026-05-09T15:00:16.162+0000] {subprocess.py:63} INFO - Tmp dir root location: /tmp
[2026-05-09T15:00:16.163+0000] {subprocess.py:75} INFO - Running command: ['/usr/bin/bash', '-c', '\n            set -e\n            cd /opt/***/dbt\n            export GOOGLE_APPLICATION_CREDENTIALS=/opt/***/gcp-credentials-new.json\n            /home/***/.local/bin/dbt run --full-refresh --profiles-dir . --project-dir .\n            echo dbt done\n        ']
[2026-05-09T15:00:16.177+0000] {subprocess.py:86} INFO - Output:
[2026-05-09T15:00:19.994+0000] {subprocess.py:93} INFO - [0m15:00:19  Running with dbt=1.8.7
[2026-05-09T15:00:22.260+0000] {subprocess.py:93} INFO - [0m15:00:22  Registered adapter: bigquery=1.8.3
[2026-05-09T15:00:24.188+0000] {subprocess.py:93} INFO - [0m15:00:24  Found 3 models, 1 seed, 7 data tests, 1 source, 479 macros
[2026-05-09T15:00:24.196+0000] {subprocess.py:93} INFO - [0m15:00:24
[2026-05-09T15:00:26.478+0000] {subprocess.py:93} INFO - [0m15:00:26  Concurrency: 4 threads (target='dev')
[2026-05-09T15:00:26.479+0000] {subprocess.py:93} INFO - [0m15:00:26
[2026-05-09T15:00:26.507+0000] {subprocess.py:93} INFO - [0m15:00:26  1 of 3 START sql view model price_intelligence_dbt.stg_prices .................. [RUN]
[2026-05-09T15:00:28.449+0000] {subprocess.py:93} INFO - [0m15:00:28  1 of 3 OK created sql view model price_intelligence_dbt.stg_prices ............. [[32mCREATE VIEW (0 processed)[0m in 1.93s]
[2026-05-09T15:00:28.458+0000] {subprocess.py:93} INFO - [0m15:00:28  2 of 3 START sql table model price_intelligence_dbt.prices_cleaned ............. [RUN]
[2026-05-09T15:00:32.499+0000] {subprocess.py:93} INFO - [0m15:00:32  2 of 3 OK created sql table model price_intelligence_dbt.prices_cleaned ........ [[32mCREATE TABLE (5.0k rows, 2.6 MiB processed)[0m in 4.03s]
[2026-05-09T15:00:32.506+0000] {subprocess.py:93} INFO - [0m15:00:32  3 of 3 START sql table model price_intelligence_dbt.prices_aggregated .......... [RUN]
[2026-05-09T15:00:35.885+0000] {subprocess.py:93} INFO - [0m15:00:35  3 of 3 OK created sql table model price_intelligence_dbt.prices_aggregated ..... [[32mCREATE TABLE (11.0 rows, 231.8 KiB processed)[0m in 3.37s]
[2026-05-09T15:00:35.901+0000] {subprocess.py:93} INFO - [0m15:00:35
[2026-05-09T15:00:35.903+0000] {subprocess.py:93} INFO - [0m15:00:35  Finished running 1 view model, 2 table models in 0 hours 0 minutes and 11.70 seconds (11.70s).
[2026-05-09T15:00:36.051+0000] {subprocess.py:93} INFO - [0m15:00:36
[2026-05-09T15:00:36.054+0000] {subprocess.py:93} INFO - [0m15:00:36  [32mCompleted successfully[0m
[2026-05-09T15:00:36.055+0000] {subprocess.py:93} INFO - [0m15:00:36
[2026-05-09T15:00:36.058+0000] {subprocess.py:93} INFO - [0m15:00:36  Done. PASS=3 WARN=0 ERROR=0 SKIP=0 TOTAL=3
[2026-05-09T15:00:37.729+0000] {subprocess.py:93} INFO - dbt done
[2026-05-09T15:00:37.742+0000] {subprocess.py:97} INFO - Command exited with return code 0
[2026-05-09T15:00:37.831+0000] {taskinstance.py:1138} INFO - Marking task as SUCCESS. dag_id=price_intelligence_pipeline, task_id=dbt_run, execution_date=20260509T140000, start_date=20260509T150015, end_date=20260509T150037
[2026-05-09T15:00:37.929+0000] {local_task_job_runner.py:234} INFO - Task exited with return code 0
[2026-05-09T15:00:37.979+0000] {taskinstance.py:3280} INFO - 1 downstream tasks scheduled from follow-on schedule check
