[2026-05-15T15:01:07.580+0000] {taskinstance.py:1956} INFO - Dependencies all met for dep_context=non-requeueable deps ti=<TaskInstance: price_intelligence_pipeline.dbt_run scheduled__2026-05-15T14:00:00+00:00 [queued]>
[2026-05-15T15:01:07.609+0000] {taskinstance.py:1956} INFO - Dependencies all met for dep_context=requeueable deps ti=<TaskInstance: price_intelligence_pipeline.dbt_run scheduled__2026-05-15T14:00:00+00:00 [queued]>
[2026-05-15T15:01:07.612+0000] {taskinstance.py:2170} INFO - Starting attempt 1 of 2
[2026-05-15T15:01:07.658+0000] {taskinstance.py:2191} INFO - Executing <Task(BashOperator): dbt_run> on 2026-05-15 14:00:00+00:00
[2026-05-15T15:01:07.673+0000] {standard_task_runner.py:60} INFO - Started process 28489 to run task
[2026-05-15T15:01:07.681+0000] {standard_task_runner.py:87} INFO - Running: ['***', 'tasks', 'run', 'price_intelligence_pipeline', 'dbt_run', 'scheduled__2026-05-15T14:00:00+00:00', '--job-id', '1218', '--raw', '--subdir', 'DAGS_FOLDER/price_intelligence_dag.py', '--cfg-path', '/tmp/tmp2y8xa3_j']
[2026-05-15T15:01:07.689+0000] {standard_task_runner.py:88} INFO - Job 1218: Subtask dbt_run
[2026-05-15T15:01:07.900+0000] {task_command.py:423} INFO - Running <TaskInstance: price_intelligence_pipeline.dbt_run scheduled__2026-05-15T14:00:00+00:00 [running]> on host 91e0d3a0a233
[2026-05-15T15:01:08.148+0000] {taskinstance.py:2480} INFO - Exporting env vars: AIRFLOW_CTX_DAG_OWNER='***' AIRFLOW_CTX_DAG_ID='price_intelligence_pipeline' AIRFLOW_CTX_TASK_ID='dbt_run' AIRFLOW_CTX_EXECUTION_DATE='2026-05-15T14:00:00+00:00' AIRFLOW_CTX_TRY_NUMBER='1' AIRFLOW_CTX_DAG_RUN_ID='scheduled__2026-05-15T14:00:00+00:00'
[2026-05-15T15:01:08.151+0000] {subprocess.py:63} INFO - Tmp dir root location: /tmp
[2026-05-15T15:01:08.154+0000] {subprocess.py:75} INFO - Running command: ['/usr/bin/bash', '-c', '\n            set -e\n            cd /opt/***/dbt\n            export GOOGLE_APPLICATION_CREDENTIALS=/opt/***/gcp-credentials-new.json\n            /home/***/.local/bin/dbt run --full-refresh --profiles-dir . --project-dir .\n            echo dbt done\n        ']
[2026-05-15T15:01:08.175+0000] {subprocess.py:86} INFO - Output:
[2026-05-15T15:01:11.611+0000] {subprocess.py:93} INFO - [0m15:01:11  Running with dbt=1.8.7
[2026-05-15T15:01:13.607+0000] {subprocess.py:93} INFO - [0m15:01:13  Registered adapter: bigquery=1.8.3
[2026-05-15T15:01:15.612+0000] {subprocess.py:93} INFO - [0m15:01:15  Found 3 models, 1 seed, 7 data tests, 1 source, 479 macros
[2026-05-15T15:01:15.616+0000] {subprocess.py:93} INFO - [0m15:01:15
[2026-05-15T15:01:15.844+0000] {subprocess.py:93} INFO - [0m15:01:15  Concurrency: 4 threads (target='dev')
[2026-05-15T15:01:15.846+0000] {subprocess.py:93} INFO - [0m15:01:15
[2026-05-15T15:01:15.866+0000] {subprocess.py:93} INFO - [0m15:01:15  1 of 3 START sql view model price_intelligence_dbt.stg_prices .................. [RUN]
[2026-05-15T15:01:18.260+0000] {subprocess.py:93} INFO - [0m15:01:18  1 of 3 OK created sql view model price_intelligence_dbt.stg_prices ............. [[32mCREATE VIEW (0 processed)[0m in 2.39s]
[2026-05-15T15:01:18.274+0000] {subprocess.py:93} INFO - [0m15:01:18  2 of 3 START sql table model price_intelligence_dbt.prices_cleaned ............. [RUN]
[2026-05-15T15:01:22.674+0000] {subprocess.py:93} INFO - [0m15:01:22  2 of 3 OK created sql table model price_intelligence_dbt.prices_cleaned ........ [[32mCREATE TABLE (5.0k rows, 2.6 MiB processed)[0m in 4.38s]
[2026-05-15T15:01:22.694+0000] {subprocess.py:93} INFO - [0m15:01:22  3 of 3 START sql table model price_intelligence_dbt.prices_aggregated .......... [RUN]
[2026-05-15T15:01:27.775+0000] {subprocess.py:93} INFO - [0m15:01:27  3 of 3 OK created sql table model price_intelligence_dbt.prices_aggregated ..... [[32mCREATE TABLE (11.0 rows, 231.8 KiB processed)[0m in 5.08s]
[2026-05-15T15:01:27.797+0000] {subprocess.py:93} INFO - [0m15:01:27
[2026-05-15T15:01:27.800+0000] {subprocess.py:93} INFO - [0m15:01:27  Finished running 1 view model, 2 table models in 0 hours 0 minutes and 12.18 seconds (12.18s).
[2026-05-15T15:01:27.977+0000] {subprocess.py:93} INFO - [0m15:01:27
[2026-05-15T15:01:27.979+0000] {subprocess.py:93} INFO - [0m15:01:27  [32mCompleted successfully[0m
[2026-05-15T15:01:27.981+0000] {subprocess.py:93} INFO - [0m15:01:27
[2026-05-15T15:01:27.984+0000] {subprocess.py:93} INFO - [0m15:01:27  Done. PASS=3 WARN=0 ERROR=0 SKIP=0 TOTAL=3
[2026-05-15T15:01:32.660+0000] {subprocess.py:93} INFO - dbt done
[2026-05-15T15:01:32.675+0000] {subprocess.py:97} INFO - Command exited with return code 0
[2026-05-15T15:01:32.761+0000] {taskinstance.py:1138} INFO - Marking task as SUCCESS. dag_id=price_intelligence_pipeline, task_id=dbt_run, execution_date=20260515T140000, start_date=20260515T150107, end_date=20260515T150132
[2026-05-15T15:01:32.813+0000] {local_task_job_runner.py:234} INFO - Task exited with return code 0
[2026-05-15T15:01:32.882+0000] {taskinstance.py:3280} INFO - 1 downstream tasks scheduled from follow-on schedule check
