[2026-04-26T17:00:59.128+0000] {taskinstance.py:1956} INFO - Dependencies all met for dep_context=non-requeueable deps ti=<TaskInstance: price_intelligence_pipeline.transform_aggregate scheduled__2026-04-25T08:00:00+00:00 [queued]>
[2026-04-26T17:00:59.143+0000] {taskinstance.py:1956} INFO - Dependencies all met for dep_context=requeueable deps ti=<TaskInstance: price_intelligence_pipeline.transform_aggregate scheduled__2026-04-25T08:00:00+00:00 [queued]>
[2026-04-26T17:00:59.144+0000] {taskinstance.py:2170} INFO - Starting attempt 1 of 3
[2026-04-26T17:00:59.167+0000] {taskinstance.py:2191} INFO - Executing <Task(BashOperator): transform_aggregate> on 2026-04-25 08:00:00+00:00
[2026-04-26T17:00:59.175+0000] {standard_task_runner.py:60} INFO - Started process 92287 to run task
[2026-04-26T17:00:59.182+0000] {standard_task_runner.py:87} INFO - Running: ['***', 'tasks', 'run', 'price_intelligence_pipeline', 'transform_aggregate', 'scheduled__2026-04-25T08:00:00+00:00', '--job-id', '66', '--raw', '--subdir', 'DAGS_FOLDER/price_intelligence_dag.py', '--cfg-path', '/tmp/tmp2bxiuzo1']
[2026-04-26T17:00:59.186+0000] {standard_task_runner.py:88} INFO - Job 66: Subtask transform_aggregate
[2026-04-26T17:00:59.291+0000] {task_command.py:423} INFO - Running <TaskInstance: price_intelligence_pipeline.transform_aggregate scheduled__2026-04-25T08:00:00+00:00 [running]> on host f3ebc944c42b
[2026-04-26T17:00:59.427+0000] {taskinstance.py:2480} INFO - Exporting env vars: AIRFLOW_CTX_DAG_OWNER='price_intelligence' AIRFLOW_CTX_DAG_ID='price_intelligence_pipeline' AIRFLOW_CTX_TASK_ID='transform_aggregate' AIRFLOW_CTX_EXECUTION_DATE='2026-04-25T08:00:00+00:00' AIRFLOW_CTX_TRY_NUMBER='1' AIRFLOW_CTX_DAG_RUN_ID='scheduled__2026-04-25T08:00:00+00:00'
[2026-04-26T17:00:59.430+0000] {subprocess.py:63} INFO - Tmp dir root location: /tmp
[2026-04-26T17:00:59.431+0000] {subprocess.py:75} INFO - Running command: ['/usr/bin/bash', '-c', '\n            python3 -c "\nimport json, os\nfrom collections import defaultdict\n\ndata = json.load(open(\'/opt/***/data/cleaned/products_cleaned.json\'))\n\nagg = defaultdict(lambda: {\'count\':0,\'prices\':[],\'discounts\':[]})\nfor p in data:\n    src = p[\'source\']\n    agg[src][\'count\']     += 1\n    agg[src][\'prices\'].append(p[\'price\'])\n    agg[src][\'discounts\'].append(p[\'discount_pct\'])\n\nresult = {}\nfor src, vals in agg.items():\n    prices = vals[\'prices\']\n    result[src] = {\n        \'total_products\' : vals[\'count\'],\n        \'avg_price\'      : round(sum(prices)/len(prices), 2),\n        \'min_price\'      : round(min(prices), 2),\n        \'max_price\'      : round(max(prices), 2),\n        \'avg_discount\'   : round(sum(vals[\'discounts\'])/len(vals[\'discounts\']), 2),\n    }\n    print(f\'  📊 {src}: {result[src]}\')\n\nos.makedirs(\'/opt/***/data/aggregated\', exist_ok=True)\njson.dump(result, open(\'/opt/***/data/aggregated/products_by_source.json\',\'w\'), ensure_ascii=False)\nprint(f\'✅ Agrégation terminée — {len(result)} sources\')\n"\n        ']
[2026-04-26T17:00:59.448+0000] {subprocess.py:86} INFO - Output:
[2026-04-26T17:00:59.611+0000] {subprocess.py:93} INFO -   📊 jumia.ma: {'total_products': 4795, 'avg_price': 4308.45, 'min_price': 28.0, 'max_price': 57864.0, 'avg_discount': 21.71}
[2026-04-26T17:00:59.612+0000] {subprocess.py:93} INFO -   📊 avito.ma: {'total_products': 1441, 'avg_price': 1449599.34, 'min_price': 9.0, 'max_price': 75000000.0, 'avg_discount': 0.0}
[2026-04-26T17:00:59.612+0000] {subprocess.py:93} INFO -   📊 electroplanet.ma: {'total_products': 67, 'avg_price': 455.3, 'min_price': 49.0, 'max_price': 999.0, 'avg_discount': 0.0}
[2026-04-26T17:00:59.613+0000] {subprocess.py:93} INFO - ✅ Agrégation terminée — 3 sources
[2026-04-26T17:00:59.624+0000] {subprocess.py:97} INFO - Command exited with return code 0
[2026-04-26T17:00:59.678+0000] {taskinstance.py:1138} INFO - Marking task as SUCCESS. dag_id=price_intelligence_pipeline, task_id=transform_aggregate, execution_date=20260425T080000, start_date=20260426T170059, end_date=20260426T170059
[2026-04-26T17:00:59.716+0000] {local_task_job_runner.py:234} INFO - Task exited with return code 0
[2026-04-26T17:00:59.755+0000] {taskinstance.py:3280} INFO - 1 downstream tasks scheduled from follow-on schedule check
