[2026-05-13T21:01:10.818+0000] {taskinstance.py:1956} INFO - Dependencies all met for dep_context=non-requeueable deps ti=<TaskInstance: price_intelligence_pipeline.dbt_run scheduled__2026-05-13T20:00:00+00:00 [queued]>
[2026-05-13T21:01:10.850+0000] {taskinstance.py:1956} INFO - Dependencies all met for dep_context=requeueable deps ti=<TaskInstance: price_intelligence_pipeline.dbt_run scheduled__2026-05-13T20:00:00+00:00 [queued]>
[2026-05-13T21:01:10.853+0000] {taskinstance.py:2170} INFO - Starting attempt 1 of 2
[2026-05-13T21:01:10.890+0000] {taskinstance.py:2191} INFO - Executing <Task(BashOperator): dbt_run> on 2026-05-13 20:00:00+00:00
[2026-05-13T21:01:10.899+0000] {standard_task_runner.py:60} INFO - Started process 18995 to run task
[2026-05-13T21:01:10.910+0000] {standard_task_runner.py:87} INFO - Running: ['***', 'tasks', 'run', 'price_intelligence_pipeline', 'dbt_run', 'scheduled__2026-05-13T20:00:00+00:00', '--job-id', '1110', '--raw', '--subdir', 'DAGS_FOLDER/price_intelligence_dag.py', '--cfg-path', '/tmp/tmp2x0k6280']
[2026-05-13T21:01:10.915+0000] {standard_task_runner.py:88} INFO - Job 1110: Subtask dbt_run
[2026-05-13T21:01:11.097+0000] {task_command.py:423} INFO - Running <TaskInstance: price_intelligence_pipeline.dbt_run scheduled__2026-05-13T20:00:00+00:00 [running]> on host 91e0d3a0a233
[2026-05-13T21:01:11.541+0000] {taskinstance.py:2480} INFO - Exporting env vars: AIRFLOW_CTX_DAG_OWNER='***' AIRFLOW_CTX_DAG_ID='price_intelligence_pipeline' AIRFLOW_CTX_TASK_ID='dbt_run' AIRFLOW_CTX_EXECUTION_DATE='2026-05-13T20:00:00+00:00' AIRFLOW_CTX_TRY_NUMBER='1' AIRFLOW_CTX_DAG_RUN_ID='scheduled__2026-05-13T20:00:00+00:00'
[2026-05-13T21:01:11.545+0000] {subprocess.py:63} INFO - Tmp dir root location: /tmp
[2026-05-13T21:01:11.549+0000] {subprocess.py:75} INFO - Running command: ['/usr/bin/bash', '-c', '\n            set -e\n            cd /opt/***/dbt\n            export GOOGLE_APPLICATION_CREDENTIALS=/opt/***/gcp-credentials-new.json\n            /home/***/.local/bin/dbt run --full-refresh --profiles-dir . --project-dir .\n            echo dbt done\n        ']
[2026-05-13T21:01:11.584+0000] {subprocess.py:86} INFO - Output:
[2026-05-13T21:01:16.712+0000] {subprocess.py:93} INFO - [0m21:01:16  Running with dbt=1.8.7
[2026-05-13T21:01:21.355+0000] {subprocess.py:93} INFO - [0m21:01:21  Registered adapter: bigquery=1.8.3
[2026-05-13T21:01:24.839+0000] {subprocess.py:93} INFO - [0m21:01:24  Found 3 models, 1 seed, 7 data tests, 1 source, 479 macros
[2026-05-13T21:01:24.858+0000] {subprocess.py:93} INFO - [0m21:01:24
[2026-05-13T21:01:41.450+0000] {subprocess.py:93} INFO - [0m21:01:41  Concurrency: 4 threads (target='dev')
[2026-05-13T21:01:41.454+0000] {subprocess.py:93} INFO - [0m21:01:41
[2026-05-13T21:01:41.495+0000] {subprocess.py:93} INFO - [0m21:01:41  1 of 3 START sql view model price_intelligence_dbt.stg_prices .................. [RUN]
[2026-05-13T21:01:43.688+0000] {subprocess.py:93} INFO - [0m21:01:43  1 of 3 OK created sql view model price_intelligence_dbt.stg_prices ............. [[32mCREATE VIEW (0 processed)[0m in 2.18s]
[2026-05-13T21:01:43.700+0000] {subprocess.py:93} INFO - [0m21:01:43  2 of 3 START sql table model price_intelligence_dbt.prices_cleaned ............. [RUN]
[2026-05-13T21:01:48.238+0000] {subprocess.py:93} INFO - [0m21:01:48  2 of 3 OK created sql table model price_intelligence_dbt.prices_cleaned ........ [[32mCREATE TABLE (5.0k rows, 2.6 MiB processed)[0m in 4.52s]
[2026-05-13T21:01:48.258+0000] {subprocess.py:93} INFO - [0m21:01:48  3 of 3 START sql table model price_intelligence_dbt.prices_aggregated .......... [RUN]
[2026-05-13T21:01:52.246+0000] {subprocess.py:93} INFO - [0m21:01:52  3 of 3 OK created sql table model price_intelligence_dbt.prices_aggregated ..... [[32mCREATE TABLE (11.0 rows, 231.8 KiB processed)[0m in 3.98s]
[2026-05-13T21:01:52.272+0000] {subprocess.py:93} INFO - [0m21:01:52
[2026-05-13T21:01:52.274+0000] {subprocess.py:93} INFO - [0m21:01:52  Finished running 1 view model, 2 table models in 0 hours 0 minutes and 27.41 seconds (27.41s).
[2026-05-13T21:01:52.609+0000] {subprocess.py:93} INFO - [0m21:01:52
[2026-05-13T21:01:52.622+0000] {subprocess.py:93} INFO - [0m21:01:52  [32mCompleted successfully[0m
[2026-05-13T21:01:52.624+0000] {subprocess.py:93} INFO - [0m21:01:52
[2026-05-13T21:01:52.627+0000] {subprocess.py:93} INFO - [0m21:01:52  Done. PASS=3 WARN=0 ERROR=0 SKIP=0 TOTAL=3
[2026-05-13T21:01:58.035+0000] {subprocess.py:93} INFO - dbt done
[2026-05-13T21:01:58.049+0000] {subprocess.py:97} INFO - Command exited with return code 0
[2026-05-13T21:01:58.212+0000] {taskinstance.py:1138} INFO - Marking task as SUCCESS. dag_id=price_intelligence_pipeline, task_id=dbt_run, execution_date=20260513T200000, start_date=20260513T210110, end_date=20260513T210158
[2026-05-13T21:01:58.325+0000] {local_task_job_runner.py:234} INFO - Task exited with return code 0
[2026-05-13T21:01:58.459+0000] {taskinstance.py:3280} INFO - 0 downstream tasks scheduled from follow-on schedule check
