[2026-04-29T09:49:05.128+0000] {taskinstance.py:1956} INFO - Dependencies all met for dep_context=non-requeueable deps ti=<TaskInstance: price_intelligence_pipeline.load_bigtable scheduled__2026-04-28T08:00:00+00:00 [queued]>
[2026-04-29T09:49:05.181+0000] {taskinstance.py:1956} INFO - Dependencies all met for dep_context=requeueable deps ti=<TaskInstance: price_intelligence_pipeline.load_bigtable scheduled__2026-04-28T08:00:00+00:00 [queued]>
[2026-04-29T09:49:05.189+0000] {taskinstance.py:2170} INFO - Starting attempt 2 of 3
[2026-04-29T09:49:05.588+0000] {taskinstance.py:2191} INFO - Executing <Task(PythonOperator): load_bigtable> on 2026-04-28 08:00:00+00:00
[2026-04-29T09:49:05.700+0000] {standard_task_runner.py:60} INFO - Started process 199 to run task
[2026-04-29T09:49:05.811+0000] {standard_task_runner.py:87} INFO - Running: ['***', 'tasks', 'run', 'price_intelligence_pipeline', 'load_bigtable', 'scheduled__2026-04-28T08:00:00+00:00', '--job-id', '118', '--raw', '--subdir', 'DAGS_FOLDER/price_intelligence_dag.py', '--cfg-path', '/tmp/tmprgy7xy47']
[2026-04-29T09:49:05.897+0000] {standard_task_runner.py:88} INFO - Job 118: Subtask load_bigtable
[2026-04-29T09:49:06.656+0000] {task_command.py:423} INFO - Running <TaskInstance: price_intelligence_pipeline.load_bigtable scheduled__2026-04-28T08:00:00+00:00 [running]> on host 25ef6dfa8bdc
[2026-04-29T09:49:07.955+0000] {taskinstance.py:2480} INFO - Exporting env vars: AIRFLOW_CTX_DAG_OWNER='price_intelligence' AIRFLOW_CTX_DAG_ID='price_intelligence_pipeline' AIRFLOW_CTX_TASK_ID='load_bigtable' AIRFLOW_CTX_EXECUTION_DATE='2026-04-28T08:00:00+00:00' AIRFLOW_CTX_TRY_NUMBER='2' AIRFLOW_CTX_DAG_RUN_ID='scheduled__2026-04-28T08:00:00+00:00'
[2026-04-29T09:49:08.173+0000] {_default.py:683} WARNING - No project ID could be determined. Consider running `gcloud config set project` or setting the GOOGLE_CLOUD_PROJECT environment variable
[2026-04-29T09:49:09.393+0000] {logging_mixin.py:188} INFO - 📦 Traitement jumia_ma: 4803 produits...
[2026-04-29T09:49:17.175+0000] {logging_mixin.py:188} INFO -   ✅ Batch de 500 produits envoyé!
[2026-04-29T09:49:20.713+0000] {logging_mixin.py:188} INFO -   ✅ Batch de 500 produits envoyé!
[2026-04-29T09:49:24.925+0000] {logging_mixin.py:188} INFO -   ✅ Batch de 500 produits envoyé!
[2026-04-29T09:49:28.880+0000] {logging_mixin.py:188} INFO -   ✅ Batch de 500 produits envoyé!
[2026-04-29T09:49:33.232+0000] {logging_mixin.py:188} INFO -   ✅ Batch de 500 produits envoyé!
[2026-04-29T09:49:36.575+0000] {logging_mixin.py:188} INFO -   ✅ Batch de 500 produits envoyé!
[2026-04-29T09:49:40.130+0000] {logging_mixin.py:188} INFO -   ✅ Batch de 500 produits envoyé!
[2026-04-29T09:51:34.432+0000] {logging_mixin.py:188} INFO -   ✅ Batch de 500 produits envoyé!
[2026-04-29T09:53:31.178+0000] {logging_mixin.py:188} INFO -   ✅ Batch de 500 produits envoyé!
[2026-04-29T09:53:31.316+0000] {logging_mixin.py:188} INFO - 📦 Traitement avito_ma: 1710 produits...
[2026-04-29T09:55:28.584+0000] {logging_mixin.py:188} INFO -   ✅ Batch de 500 produits envoyé!
[2026-04-29T09:57:20.506+0000] {logging_mixin.py:188} INFO -   ✅ Batch de 500 produits envoyé!
[2026-04-29T09:59:13.386+0000] {logging_mixin.py:188} INFO -   ✅ Batch de 500 produits envoyé!
[2026-04-29T10:01:13.031+0000] {logging_mixin.py:188} INFO -   ✅ Batch de 500 produits envoyé!
[2026-04-29T10:01:13.057+0000] {logging_mixin.py:188} INFO - 📦 Traitement amazon_ma: 794 produits...
[2026-04-29T10:03:07.375+0000] {logging_mixin.py:188} INFO -   ✅ Batch de 500 produits envoyé!
[2026-04-29T10:03:07.472+0000] {logging_mixin.py:188} INFO - 📦 Traitement electroplanet_ma: 179 produits...
[2026-04-29T10:04:56.176+0000] {logging_mixin.py:188} INFO -   ✅ Batch de 486 produits envoyé!
[2026-04-29T10:04:56.177+0000] {logging_mixin.py:188} INFO - 
✅ TOTAL: 7486 produits chargés dans Bigtable!
[2026-04-29T10:04:56.177+0000] {logging_mixin.py:188} INFO -    Column families: price_cf ✅ metadata_cf ✅ agg_cf ✅
[2026-04-29T10:04:56.178+0000] {logging_mixin.py:188} INFO -    Row key format: product_id#timestamp ✅
[2026-04-29T10:04:56.179+0000] {python.py:201} INFO - Done. Returned value was: 7486
[2026-04-29T10:04:56.213+0000] {taskinstance.py:1138} INFO - Marking task as SUCCESS. dag_id=price_intelligence_pipeline, task_id=load_bigtable, execution_date=20260428T080000, start_date=20260429T094905, end_date=20260429T100456
[2026-04-29T10:04:56.276+0000] {local_task_job_runner.py:234} INFO - Task exited with return code 0
[2026-04-29T10:04:56.310+0000] {taskinstance.py:3280} INFO - 1 downstream tasks scheduled from follow-on schedule check
