[2026-04-29T09:46:10.556+0000] {taskinstance.py:1956} INFO - Dependencies all met for dep_context=non-requeueable deps ti=<TaskInstance: price_intelligence_pipeline.load_bigtable scheduled__2026-04-28T08:00:00+00:00 [queued]>
[2026-04-29T09:46:10.601+0000] {taskinstance.py:1956} INFO - Dependencies all met for dep_context=requeueable deps ti=<TaskInstance: price_intelligence_pipeline.load_bigtable scheduled__2026-04-28T08:00:00+00:00 [queued]>
[2026-04-29T09:46:10.602+0000] {taskinstance.py:2170} INFO - Starting attempt 1 of 3
[2026-04-29T09:46:10.633+0000] {taskinstance.py:2191} INFO - Executing <Task(PythonOperator): load_bigtable> on 2026-04-28 08:00:00+00:00
[2026-04-29T09:46:10.661+0000] {standard_task_runner.py:60} INFO - Started process 223 to run task
[2026-04-29T09:46:10.671+0000] {standard_task_runner.py:87} INFO - Running: ['***', 'tasks', 'run', 'price_intelligence_pipeline', 'load_bigtable', 'scheduled__2026-04-28T08:00:00+00:00', '--job-id', '116', '--raw', '--subdir', 'DAGS_FOLDER/price_intelligence_dag.py', '--cfg-path', '/tmp/tmpa3zjvcu9']
[2026-04-29T09:46:10.677+0000] {standard_task_runner.py:88} INFO - Job 116: Subtask load_bigtable
[2026-04-29T09:46:10.850+0000] {task_command.py:423} INFO - Running <TaskInstance: price_intelligence_pipeline.load_bigtable scheduled__2026-04-28T08:00:00+00:00 [running]> on host f3ebc944c42b
[2026-04-29T09:46:11.243+0000] {taskinstance.py:2480} INFO - Exporting env vars: AIRFLOW_CTX_DAG_OWNER='price_intelligence' AIRFLOW_CTX_DAG_ID='price_intelligence_pipeline' AIRFLOW_CTX_TASK_ID='load_bigtable' AIRFLOW_CTX_EXECUTION_DATE='2026-04-28T08:00:00+00:00' AIRFLOW_CTX_TRY_NUMBER='1' AIRFLOW_CTX_DAG_RUN_ID='scheduled__2026-04-28T08:00:00+00:00'
[2026-04-29T09:46:11.249+0000] {_default.py:683} WARNING - No project ID could be determined. Consider running `gcloud config set project` or setting the GOOGLE_CLOUD_PROJECT environment variable
[2026-04-29T09:46:11.394+0000] {logging_mixin.py:188} INFO - 📦 Traitement jumia_ma: 4803 produits...
[2026-04-29T09:46:14.765+0000] {logging_mixin.py:188} INFO -   ✅ Batch de 500 produits envoyé!
[2026-04-29T09:46:16.507+0000] {logging_mixin.py:188} INFO -   ✅ Batch de 500 produits envoyé!
[2026-04-29T09:46:18.251+0000] {logging_mixin.py:188} INFO -   ✅ Batch de 500 produits envoyé!
[2026-04-29T09:46:19.871+0000] {logging_mixin.py:188} INFO -   ✅ Batch de 500 produits envoyé!
[2026-04-29T09:46:21.672+0000] {logging_mixin.py:188} INFO -   ✅ Batch de 500 produits envoyé!
[2026-04-29T09:46:23.460+0000] {logging_mixin.py:188} INFO -   ✅ Batch de 500 produits envoyé!
[2026-04-29T09:46:25.730+0000] {logging_mixin.py:188} INFO -   ✅ Batch de 500 produits envoyé!
[2026-04-29T09:46:28.456+0000] {logging_mixin.py:188} INFO -   ✅ Batch de 500 produits envoyé!
[2026-04-29T09:46:30.147+0000] {logging_mixin.py:188} INFO -   ✅ Batch de 500 produits envoyé!
[2026-04-29T09:46:30.802+0000] {logging_mixin.py:188} INFO - 📦 Traitement avito_ma: 1710 produits...
[2026-04-29T09:46:31.781+0000] {logging_mixin.py:188} INFO -   ✅ Batch de 500 produits envoyé!
[2026-04-29T09:46:33.987+0000] {logging_mixin.py:188} INFO -   ✅ Batch de 500 produits envoyé!
[2026-04-29T09:46:35.650+0000] {logging_mixin.py:188} INFO -   ✅ Batch de 500 produits envoyé!
[2026-04-29T09:46:37.959+0000] {logging_mixin.py:188} INFO -   ✅ Batch de 500 produits envoyé!
[2026-04-29T09:46:38.189+0000] {logging_mixin.py:188} INFO - 📦 Traitement amazon_ma: 794 produits...
[2026-04-29T09:46:40.518+0000] {logging_mixin.py:188} INFO -   ✅ Batch de 500 produits envoyé!
[2026-04-29T09:46:41.138+0000] {logging_mixin.py:188} INFO - 📦 Traitement electroplanet_ma: 179 produits...
[2026-04-29T09:46:42.095+0000] {logging_mixin.py:188} INFO -   ✅ Batch de 486 produits envoyé!
[2026-04-29T09:46:42.099+0000] {logging_mixin.py:188} INFO - 
✅ TOTAL: 7486 produits chargés dans Bigtable!
[2026-04-29T09:46:42.101+0000] {logging_mixin.py:188} INFO -    Column families: price_cf ✅ metadata_cf ✅ agg_cf ✅
[2026-04-29T09:46:42.113+0000] {logging_mixin.py:188} INFO -    Row key format: product_id#timestamp ✅
[2026-04-29T09:46:42.132+0000] {python.py:201} INFO - Done. Returned value was: 7486
