[2026-05-09T13:09:24.930+0000] {taskinstance.py:1956} INFO - Dependencies all met for dep_context=non-requeueable deps ti=<TaskInstance: price_intelligence_pipeline.dbt_run scheduled__2026-05-09T12:00:00+00:00 [queued]>
[2026-05-09T13:09:24.943+0000] {taskinstance.py:1956} INFO - Dependencies all met for dep_context=requeueable deps ti=<TaskInstance: price_intelligence_pipeline.dbt_run scheduled__2026-05-09T12:00:00+00:00 [queued]>
[2026-05-09T13:09:24.943+0000] {taskinstance.py:2170} INFO - Starting attempt 1 of 2
[2026-05-09T13:09:24.961+0000] {taskinstance.py:2191} INFO - Executing <Task(BashOperator): dbt_run> on 2026-05-09 12:00:00+00:00
[2026-05-09T13:09:24.967+0000] {standard_task_runner.py:60} INFO - Started process 1722 to run task
[2026-05-09T13:09:24.973+0000] {standard_task_runner.py:87} INFO - Running: ['***', 'tasks', 'run', 'price_intelligence_pipeline', 'dbt_run', 'scheduled__2026-05-09T12:00:00+00:00', '--job-id', '894', '--raw', '--subdir', 'DAGS_FOLDER/price_intelligence_dag.py', '--cfg-path', '/tmp/tmpfvof7epn']
[2026-05-09T13:09:24.976+0000] {standard_task_runner.py:88} INFO - Job 894: Subtask dbt_run
[2026-05-09T13:09:25.083+0000] {task_command.py:423} INFO - Running <TaskInstance: price_intelligence_pipeline.dbt_run scheduled__2026-05-09T12:00:00+00:00 [running]> on host 91e0d3a0a233
[2026-05-09T13:09:25.220+0000] {taskinstance.py:2480} INFO - Exporting env vars: AIRFLOW_CTX_DAG_OWNER='***' AIRFLOW_CTX_DAG_ID='price_intelligence_pipeline' AIRFLOW_CTX_TASK_ID='dbt_run' AIRFLOW_CTX_EXECUTION_DATE='2026-05-09T12:00:00+00:00' AIRFLOW_CTX_TRY_NUMBER='1' AIRFLOW_CTX_DAG_RUN_ID='scheduled__2026-05-09T12:00:00+00:00'
[2026-05-09T13:09:25.222+0000] {subprocess.py:63} INFO - Tmp dir root location: /tmp
[2026-05-09T13:09:25.223+0000] {subprocess.py:75} INFO - Running command: ['/usr/bin/bash', '-c', '\n            set -e\n            cd /opt/***/dbt\n            export GOOGLE_APPLICATION_CREDENTIALS=/opt/***/gcp-credentials-new.json\n            /home/***/.local/bin/dbt run --full-refresh --profiles-dir . --project-dir .\n            echo dbt done\n        ']
[2026-05-09T13:09:25.236+0000] {subprocess.py:86} INFO - Output:
[2026-05-09T13:09:28.949+0000] {subprocess.py:93} INFO - [0m13:09:28  Running with dbt=1.8.7
[2026-05-09T13:09:31.770+0000] {subprocess.py:93} INFO - [0m13:09:31  Registered adapter: bigquery=1.8.3
[2026-05-09T13:09:33.730+0000] {subprocess.py:93} INFO - [0m13:09:33  Found 3 models, 1 seed, 7 data tests, 1 source, 479 macros
[2026-05-09T13:09:33.738+0000] {subprocess.py:93} INFO - [0m13:09:33
[2026-05-09T13:09:35.434+0000] {subprocess.py:93} INFO - [0m13:09:35  Concurrency: 4 threads (target='dev')
[2026-05-09T13:09:35.435+0000] {subprocess.py:93} INFO - [0m13:09:35
[2026-05-09T13:09:35.459+0000] {subprocess.py:93} INFO - [0m13:09:35  1 of 3 START sql view model price_intelligence_dbt.stg_prices .................. [RUN]
[2026-05-09T13:09:37.148+0000] {subprocess.py:93} INFO - [0m13:09:37  1 of 3 OK created sql view model price_intelligence_dbt.stg_prices ............. [[32mCREATE VIEW (0 processed)[0m in 1.68s]
[2026-05-09T13:09:37.168+0000] {subprocess.py:93} INFO - [0m13:09:37  2 of 3 START sql table model price_intelligence_dbt.prices_cleaned ............. [RUN]
[2026-05-09T13:09:41.114+0000] {subprocess.py:93} INFO - [0m13:09:41  2 of 3 OK created sql table model price_intelligence_dbt.prices_cleaned ........ [[32mCREATE TABLE (5.0k rows, 2.6 MiB processed)[0m in 3.94s]
[2026-05-09T13:09:41.123+0000] {subprocess.py:93} INFO - [0m13:09:41  3 of 3 START sql table model price_intelligence_dbt.prices_aggregated .......... [RUN]
[2026-05-09T13:09:44.648+0000] {subprocess.py:93} INFO - [0m13:09:44  3 of 3 OK created sql table model price_intelligence_dbt.prices_aggregated ..... [[32mCREATE TABLE (11.0 rows, 231.8 KiB processed)[0m in 3.52s]
[2026-05-09T13:09:44.706+0000] {subprocess.py:93} INFO - [0m13:09:44
[2026-05-09T13:09:44.709+0000] {subprocess.py:93} INFO - [0m13:09:44  Finished running 1 view model, 2 table models in 0 hours 0 minutes and 10.96 seconds (10.96s).
[2026-05-09T13:09:45.060+0000] {subprocess.py:93} INFO - [0m13:09:45
[2026-05-09T13:09:45.062+0000] {subprocess.py:93} INFO - [0m13:09:45  [32mCompleted successfully[0m
[2026-05-09T13:09:45.064+0000] {subprocess.py:93} INFO - [0m13:09:45
[2026-05-09T13:09:45.066+0000] {subprocess.py:93} INFO - [0m13:09:45  Done. PASS=3 WARN=0 ERROR=0 SKIP=0 TOTAL=3
[2026-05-09T13:09:46.622+0000] {subprocess.py:93} INFO - dbt done
[2026-05-09T13:09:46.633+0000] {subprocess.py:97} INFO - Command exited with return code 0
[2026-05-09T13:09:46.709+0000] {taskinstance.py:1138} INFO - Marking task as SUCCESS. dag_id=price_intelligence_pipeline, task_id=dbt_run, execution_date=20260509T120000, start_date=20260509T130924, end_date=20260509T130946
[2026-05-09T13:09:46.759+0000] {local_task_job_runner.py:234} INFO - Task exited with return code 0
[2026-05-09T13:09:46.828+0000] {taskinstance.py:3280} INFO - 1 downstream tasks scheduled from follow-on schedule check
