[2026-05-15T11:00:59.942+0000] {taskinstance.py:1956} INFO - Dependencies all met for dep_context=non-requeueable deps ti=<TaskInstance: price_intelligence_pipeline.dbt_run scheduled__2026-05-15T10:00:00+00:00 [queued]>
[2026-05-15T11:00:59.969+0000] {taskinstance.py:1956} INFO - Dependencies all met for dep_context=requeueable deps ti=<TaskInstance: price_intelligence_pipeline.dbt_run scheduled__2026-05-15T10:00:00+00:00 [queued]>
[2026-05-15T11:00:59.971+0000] {taskinstance.py:2170} INFO - Starting attempt 1 of 2
[2026-05-15T11:01:00.011+0000] {taskinstance.py:2191} INFO - Executing <Task(BashOperator): dbt_run> on 2026-05-15 10:00:00+00:00
[2026-05-15T11:01:00.023+0000] {standard_task_runner.py:60} INFO - Started process 27134 to run task
[2026-05-15T11:01:00.032+0000] {standard_task_runner.py:87} INFO - Running: ['***', 'tasks', 'run', 'price_intelligence_pipeline', 'dbt_run', 'scheduled__2026-05-15T10:00:00+00:00', '--job-id', '1191', '--raw', '--subdir', 'DAGS_FOLDER/price_intelligence_dag.py', '--cfg-path', '/tmp/tmpgrksn431']
[2026-05-15T11:01:00.038+0000] {standard_task_runner.py:88} INFO - Job 1191: Subtask dbt_run
[2026-05-15T11:01:00.250+0000] {task_command.py:423} INFO - Running <TaskInstance: price_intelligence_pipeline.dbt_run scheduled__2026-05-15T10:00:00+00:00 [running]> on host 91e0d3a0a233
[2026-05-15T11:01:00.564+0000] {taskinstance.py:2480} INFO - Exporting env vars: AIRFLOW_CTX_DAG_OWNER='***' AIRFLOW_CTX_DAG_ID='price_intelligence_pipeline' AIRFLOW_CTX_TASK_ID='dbt_run' AIRFLOW_CTX_EXECUTION_DATE='2026-05-15T10:00:00+00:00' AIRFLOW_CTX_TRY_NUMBER='1' AIRFLOW_CTX_DAG_RUN_ID='scheduled__2026-05-15T10:00:00+00:00'
[2026-05-15T11:01:00.572+0000] {subprocess.py:63} INFO - Tmp dir root location: /tmp
[2026-05-15T11:01:00.575+0000] {subprocess.py:75} INFO - Running command: ['/usr/bin/bash', '-c', '\n            set -e\n            cd /opt/***/dbt\n            export GOOGLE_APPLICATION_CREDENTIALS=/opt/***/gcp-credentials-new.json\n            /home/***/.local/bin/dbt run --full-refresh --profiles-dir . --project-dir .\n            echo dbt done\n        ']
[2026-05-15T11:01:00.603+0000] {subprocess.py:86} INFO - Output:
[2026-05-15T11:01:06.906+0000] {subprocess.py:93} INFO - [0m11:01:06  Running with dbt=1.8.7
[2026-05-15T11:01:10.487+0000] {subprocess.py:93} INFO - [0m11:01:10  Registered adapter: bigquery=1.8.3
[2026-05-15T11:01:13.319+0000] {subprocess.py:93} INFO - [0m11:01:13  Found 3 models, 1 seed, 7 data tests, 1 source, 479 macros
[2026-05-15T11:01:13.331+0000] {subprocess.py:93} INFO - [0m11:01:13
[2026-05-15T11:01:15.239+0000] {subprocess.py:93} INFO - [0m11:01:15  Concurrency: 4 threads (target='dev')
[2026-05-15T11:01:15.244+0000] {subprocess.py:93} INFO - [0m11:01:15
[2026-05-15T11:01:15.291+0000] {subprocess.py:93} INFO - [0m11:01:15  1 of 3 START sql view model price_intelligence_dbt.stg_prices .................. [RUN]
[2026-05-15T11:01:17.278+0000] {subprocess.py:93} INFO - [0m11:01:17  1 of 3 OK created sql view model price_intelligence_dbt.stg_prices ............. [[32mCREATE VIEW (0 processed)[0m in 1.98s]
[2026-05-15T11:01:17.288+0000] {subprocess.py:93} INFO - [0m11:01:17  2 of 3 START sql table model price_intelligence_dbt.prices_cleaned ............. [RUN]
[2026-05-15T11:01:21.807+0000] {subprocess.py:93} INFO - [0m11:01:21  2 of 3 OK created sql table model price_intelligence_dbt.prices_cleaned ........ [[32mCREATE TABLE (5.0k rows, 2.6 MiB processed)[0m in 4.51s]
[2026-05-15T11:01:21.824+0000] {subprocess.py:93} INFO - [0m11:01:21  3 of 3 START sql table model price_intelligence_dbt.prices_aggregated .......... [RUN]
[2026-05-15T11:01:25.784+0000] {subprocess.py:93} INFO - [0m11:01:25  3 of 3 OK created sql table model price_intelligence_dbt.prices_aggregated ..... [[32mCREATE TABLE (11.0 rows, 231.8 KiB processed)[0m in 3.95s]
[2026-05-15T11:01:25.805+0000] {subprocess.py:93} INFO - [0m11:01:25
[2026-05-15T11:01:25.815+0000] {subprocess.py:93} INFO - [0m11:01:25  Finished running 1 view model, 2 table models in 0 hours 0 minutes and 12.47 seconds (12.47s).
[2026-05-15T11:01:26.041+0000] {subprocess.py:93} INFO - [0m11:01:26
[2026-05-15T11:01:26.043+0000] {subprocess.py:93} INFO - [0m11:01:26  [32mCompleted successfully[0m
[2026-05-15T11:01:26.045+0000] {subprocess.py:93} INFO - [0m11:01:26
[2026-05-15T11:01:26.047+0000] {subprocess.py:93} INFO - [0m11:01:26  Done. PASS=3 WARN=0 ERROR=0 SKIP=0 TOTAL=3
[2026-05-15T11:01:30.474+0000] {subprocess.py:93} INFO - dbt done
[2026-05-15T11:01:30.482+0000] {subprocess.py:97} INFO - Command exited with return code 0
[2026-05-15T11:01:30.541+0000] {taskinstance.py:1138} INFO - Marking task as SUCCESS. dag_id=price_intelligence_pipeline, task_id=dbt_run, execution_date=20260515T100000, start_date=20260515T110059, end_date=20260515T110130
[2026-05-15T11:01:30.585+0000] {local_task_job_runner.py:234} INFO - Task exited with return code 0
[2026-05-15T11:01:30.645+0000] {taskinstance.py:3280} INFO - 1 downstream tasks scheduled from follow-on schedule check
