[2026-05-07T22:05:18.154+0000] {taskinstance.py:1956} INFO - Dependencies all met for dep_context=non-requeueable deps ti=<TaskInstance: price_intelligence_pipeline.scrape_avito manual__2026-05-07T22:01:50.369350+00:00 [queued]>
[2026-05-07T22:05:18.186+0000] {taskinstance.py:1956} INFO - Dependencies all met for dep_context=requeueable deps ti=<TaskInstance: price_intelligence_pipeline.scrape_avito manual__2026-05-07T22:01:50.369350+00:00 [queued]>
[2026-05-07T22:05:18.187+0000] {taskinstance.py:2170} INFO - Starting attempt 1 of 2
[2026-05-07T22:05:18.254+0000] {taskinstance.py:2191} INFO - Executing <Task(BashOperator): scrape_avito> on 2026-05-07 22:01:50.369350+00:00
[2026-05-07T22:05:18.268+0000] {standard_task_runner.py:60} INFO - Started process 1082 to run task
[2026-05-07T22:05:18.351+0000] {standard_task_runner.py:87} INFO - Running: ['***', 'tasks', 'run', 'price_intelligence_pipeline', 'scrape_avito', 'manual__2026-05-07T22:01:50.369350+00:00', '--job-id', '712', '--raw', '--subdir', 'DAGS_FOLDER/price_intelligence_dag.py', '--cfg-path', '/tmp/tmpyxe73cub']
[2026-05-07T22:05:18.422+0000] {standard_task_runner.py:88} INFO - Job 712: Subtask scrape_avito
[2026-05-07T22:05:18.986+0000] {task_command.py:423} INFO - Running <TaskInstance: price_intelligence_pipeline.scrape_avito manual__2026-05-07T22:01:50.369350+00:00 [running]> on host 25ef6dfa8bdc
[2026-05-07T22:05:19.605+0000] {taskinstance.py:2480} INFO - Exporting env vars: AIRFLOW_CTX_DAG_OWNER='***' AIRFLOW_CTX_DAG_ID='price_intelligence_pipeline' AIRFLOW_CTX_TASK_ID='scrape_avito' AIRFLOW_CTX_EXECUTION_DATE='2026-05-07T22:01:50.369350+00:00' AIRFLOW_CTX_TRY_NUMBER='1' AIRFLOW_CTX_DAG_RUN_ID='manual__2026-05-07T22:01:50.369350+00:00'
[2026-05-07T22:05:19.618+0000] {subprocess.py:63} INFO - Tmp dir root location: /tmp
[2026-05-07T22:05:19.623+0000] {subprocess.py:75} INFO - Running command: ['/usr/bin/bash', '-c', '\n            cd /opt/***\n            mkdir -p data/raw\n            export DISPLAY=:99\n            python3 scrapers/spiders/avito_ma.py || echo "Avito done with warnings"\n        ']
[2026-05-07T22:05:19.708+0000] {subprocess.py:86} INFO - Output:
[2026-05-07T22:06:05.221+0000] {subprocess.py:93} INFO - Traceback (most recent call last):
[2026-05-07T22:06:05.224+0000] {subprocess.py:93} INFO -   File "scrapers/spiders/avito_ma.py", line 93, in <module>
[2026-05-07T22:06:05.227+0000] {subprocess.py:93} INFO -     scrape_avito()
[2026-05-07T22:06:05.234+0000] {subprocess.py:93} INFO -   File "scrapers/spiders/avito_ma.py", line 25, in scrape_avito
[2026-05-07T22:06:05.235+0000] {subprocess.py:93} INFO -     driver = webdriver.Chrome(service=Service(ChromeDriverManager().install()), options=options)
[2026-05-07T22:06:05.238+0000] {subprocess.py:93} INFO -   File "/home/***/.local/lib/python3.8/site-packages/selenium/webdriver/chrome/webdriver.py", line 45, in __init__
[2026-05-07T22:06:05.251+0000] {subprocess.py:93} INFO -     super().__init__(
[2026-05-07T22:06:05.257+0000] {subprocess.py:93} INFO -   File "/home/***/.local/lib/python3.8/site-packages/selenium/webdriver/chromium/webdriver.py", line 66, in __init__
[2026-05-07T22:06:05.259+0000] {subprocess.py:93} INFO -     super().__init__(command_executor=executor, options=options)
[2026-05-07T22:06:05.260+0000] {subprocess.py:93} INFO -   File "/home/***/.local/lib/python3.8/site-packages/selenium/webdriver/remote/webdriver.py", line 241, in __init__
[2026-05-07T22:06:05.261+0000] {subprocess.py:93} INFO -     self.start_session(capabilities)
[2026-05-07T22:06:05.266+0000] {subprocess.py:93} INFO -   File "/home/***/.local/lib/python3.8/site-packages/selenium/webdriver/remote/webdriver.py", line 329, in start_session
[2026-05-07T22:06:05.267+0000] {subprocess.py:93} INFO -     response = self.execute(Command.NEW_SESSION, caps)["value"]
[2026-05-07T22:06:05.269+0000] {subprocess.py:93} INFO -   File "/home/***/.local/lib/python3.8/site-packages/selenium/webdriver/remote/webdriver.py", line 384, in execute
[2026-05-07T22:06:05.270+0000] {subprocess.py:93} INFO -     self.error_handler.check_response(response)
[2026-05-07T22:06:05.271+0000] {subprocess.py:93} INFO -   File "/home/***/.local/lib/python3.8/site-packages/selenium/webdriver/remote/errorhandler.py", line 232, in check_response
[2026-05-07T22:06:05.273+0000] {subprocess.py:93} INFO -     raise exception_class(message, screen, stacktrace)
[2026-05-07T22:06:05.274+0000] {subprocess.py:93} INFO - selenium.common.exceptions.SessionNotCreatedException: Message: session not created: This version of ChromeDriver only supports Chrome version 114
[2026-05-07T22:06:05.275+0000] {subprocess.py:93} INFO - Current browser version is 147.0.7727.137 with binary path /usr/bin/chromium
[2026-05-07T22:06:05.276+0000] {subprocess.py:93} INFO - Stacktrace:
[2026-05-07T22:06:05.278+0000] {subprocess.py:93} INFO - #0 0x614f8d6a04e3 <unknown>
[2026-05-07T22:06:05.280+0000] {subprocess.py:93} INFO - #1 0x614f8d3cfc76 <unknown>
[2026-05-07T22:06:05.281+0000] {subprocess.py:93} INFO - #2 0x614f8d3fd04a <unknown>
[2026-05-07T22:06:05.282+0000] {subprocess.py:93} INFO - #3 0x614f8d3f84a1 <unknown>
[2026-05-07T22:06:05.284+0000] {subprocess.py:93} INFO - #4 0x614f8d3f5029 <unknown>
[2026-05-07T22:06:05.285+0000] {subprocess.py:93} INFO - #5 0x614f8d433ccc <unknown>
[2026-05-07T22:06:05.286+0000] {subprocess.py:93} INFO - #6 0x614f8d43347f <unknown>
[2026-05-07T22:06:05.288+0000] {subprocess.py:93} INFO - #7 0x614f8d42ade3 <unknown>
[2026-05-07T22:06:05.289+0000] {subprocess.py:93} INFO - #8 0x614f8d4002dd <unknown>
[2026-05-07T22:06:05.290+0000] {subprocess.py:93} INFO - #9 0x614f8d40134e <unknown>
[2026-05-07T22:06:05.292+0000] {subprocess.py:93} INFO - #10 0x614f8d6603e4 <unknown>
[2026-05-07T22:06:05.293+0000] {subprocess.py:93} INFO - #11 0x614f8d6643d7 <unknown>
[2026-05-07T22:06:05.294+0000] {subprocess.py:93} INFO - #12 0x614f8d66eb20 <unknown>
[2026-05-07T22:06:05.296+0000] {subprocess.py:93} INFO - #13 0x614f8d665023 <unknown>
[2026-05-07T22:06:05.297+0000] {subprocess.py:93} INFO - #14 0x614f8d6331aa <unknown>
[2026-05-07T22:06:05.298+0000] {subprocess.py:93} INFO - #15 0x614f8d6896b8 <unknown>
[2026-05-07T22:06:05.300+0000] {subprocess.py:93} INFO - #16 0x614f8d689847 <unknown>
[2026-05-07T22:06:05.301+0000] {subprocess.py:93} INFO - #17 0x614f8d699243 <unknown>
[2026-05-07T22:06:05.302+0000] {subprocess.py:93} INFO - #18 0x7d9bff1ee134 <unknown>
[2026-05-07T22:06:05.303+0000] {subprocess.py:93} INFO - 
[2026-05-07T22:06:05.346+0000] {subprocess.py:93} INFO - Avito done with warnings
[2026-05-07T22:06:05.348+0000] {subprocess.py:97} INFO - Command exited with return code 0
[2026-05-07T22:06:05.426+0000] {taskinstance.py:1138} INFO - Marking task as SUCCESS. dag_id=price_intelligence_pipeline, task_id=scrape_avito, execution_date=20260507T220150, start_date=20260507T220518, end_date=20260507T220605
[2026-05-07T22:06:05.475+0000] {local_task_job_runner.py:234} INFO - Task exited with return code 0
[2026-05-07T22:06:05.569+0000] {taskinstance.py:3280} INFO - 1 downstream tasks scheduled from follow-on schedule check
