[2026-05-05T21:53:44.880+0000] {taskinstance.py:1956} INFO - Dependencies all met for dep_context=non-requeueable deps ti=<TaskInstance: price_intelligence_pipeline.scrape_avito manual__2026-05-05T21:21:48.736912+00:00 [queued]>
[2026-05-05T21:53:44.908+0000] {taskinstance.py:1956} INFO - Dependencies all met for dep_context=requeueable deps ti=<TaskInstance: price_intelligence_pipeline.scrape_avito manual__2026-05-05T21:21:48.736912+00:00 [queued]>
[2026-05-05T21:53:44.911+0000] {taskinstance.py:2170} INFO - Starting attempt 1 of 2
[2026-05-05T21:53:44.979+0000] {taskinstance.py:2191} INFO - Executing <Task(BashOperator): scrape_avito> on 2026-05-05 21:21:48.736912+00:00
[2026-05-05T21:53:45.009+0000] {standard_task_runner.py:60} INFO - Started process 7786 to run task
[2026-05-05T21:53:45.026+0000] {standard_task_runner.py:87} INFO - Running: ['***', 'tasks', 'run', 'price_intelligence_pipeline', 'scrape_avito', 'manual__2026-05-05T21:21:48.736912+00:00', '--job-id', '415', '--raw', '--subdir', 'DAGS_FOLDER/price_intelligence_dag.py', '--cfg-path', '/tmp/tmp77n6tllm']
[2026-05-05T21:53:45.090+0000] {standard_task_runner.py:88} INFO - Job 415: Subtask scrape_avito
[2026-05-05T21:53:45.637+0000] {task_command.py:423} INFO - Running <TaskInstance: price_intelligence_pipeline.scrape_avito manual__2026-05-05T21:21:48.736912+00:00 [running]> on host 25ef6dfa8bdc
[2026-05-05T21:53:46.011+0000] {taskinstance.py:2480} INFO - Exporting env vars: AIRFLOW_CTX_DAG_OWNER='***' AIRFLOW_CTX_DAG_ID='price_intelligence_pipeline' AIRFLOW_CTX_TASK_ID='scrape_avito' AIRFLOW_CTX_EXECUTION_DATE='2026-05-05T21:21:48.736912+00:00' AIRFLOW_CTX_TRY_NUMBER='1' AIRFLOW_CTX_DAG_RUN_ID='manual__2026-05-05T21:21:48.736912+00:00'
[2026-05-05T21:53:46.017+0000] {subprocess.py:63} INFO - Tmp dir root location: /tmp
[2026-05-05T21:53:46.020+0000] {subprocess.py:75} INFO - Running command: ['/usr/bin/bash', '-c', '\n            cd /opt/***\n            mkdir -p data/raw\n            export DISPLAY=:99\n            python3 scrapers/spiders/avito_ma.py || echo "Avito done with warnings"\n        ']
[2026-05-05T21:53:46.048+0000] {subprocess.py:86} INFO - Output:
[2026-05-05T21:53:51.474+0000] {subprocess.py:93} INFO - Traceback (most recent call last):
[2026-05-05T21:53:51.476+0000] {subprocess.py:93} INFO -   File "/home/***/.local/lib/python3.8/site-packages/urllib3/connection.py", line 174, in _new_conn
[2026-05-05T21:53:51.478+0000] {subprocess.py:93} INFO -     conn = connection.create_connection(
[2026-05-05T21:53:51.480+0000] {subprocess.py:93} INFO -   File "/home/***/.local/lib/python3.8/site-packages/urllib3/util/connection.py", line 72, in create_connection
[2026-05-05T21:53:51.481+0000] {subprocess.py:93} INFO -     for res in socket.getaddrinfo(host, port, family, socket.SOCK_STREAM):
[2026-05-05T21:53:51.483+0000] {subprocess.py:93} INFO -   File "/usr/local/lib/python3.8/socket.py", line 918, in getaddrinfo
[2026-05-05T21:53:51.484+0000] {subprocess.py:93} INFO -     for res in _socket.getaddrinfo(host, port, family, type, proto, flags):
[2026-05-05T21:53:51.486+0000] {subprocess.py:93} INFO - socket.gaierror: [Errno -5] No address associated with hostname
[2026-05-05T21:53:51.487+0000] {subprocess.py:93} INFO - 
[2026-05-05T21:53:51.489+0000] {subprocess.py:93} INFO - During handling of the above exception, another exception occurred:
[2026-05-05T21:53:51.491+0000] {subprocess.py:93} INFO - 
[2026-05-05T21:53:51.495+0000] {subprocess.py:93} INFO - Traceback (most recent call last):
[2026-05-05T21:53:51.496+0000] {subprocess.py:93} INFO -   File "/home/***/.local/lib/python3.8/site-packages/urllib3/connectionpool.py", line 715, in urlopen
[2026-05-05T21:53:51.498+0000] {subprocess.py:93} INFO -     httplib_response = self._make_request(
[2026-05-05T21:53:51.499+0000] {subprocess.py:93} INFO -   File "/home/***/.local/lib/python3.8/site-packages/urllib3/connectionpool.py", line 404, in _make_request
[2026-05-05T21:53:51.501+0000] {subprocess.py:93} INFO -     self._validate_conn(conn)
[2026-05-05T21:53:51.505+0000] {subprocess.py:93} INFO -   File "/home/***/.local/lib/python3.8/site-packages/urllib3/connectionpool.py", line 1058, in _validate_conn
[2026-05-05T21:53:51.507+0000] {subprocess.py:93} INFO -     conn.connect()
[2026-05-05T21:53:51.509+0000] {subprocess.py:93} INFO -   File "/home/***/.local/lib/python3.8/site-packages/urllib3/connection.py", line 363, in connect
[2026-05-05T21:53:51.515+0000] {subprocess.py:93} INFO -     self.sock = conn = self._new_conn()
[2026-05-05T21:53:51.517+0000] {subprocess.py:93} INFO -   File "/home/***/.local/lib/python3.8/site-packages/urllib3/connection.py", line 186, in _new_conn
[2026-05-05T21:53:51.518+0000] {subprocess.py:93} INFO -     raise NewConnectionError(
[2026-05-05T21:53:51.520+0000] {subprocess.py:93} INFO - urllib3.exceptions.NewConnectionError: <urllib3.connection.HTTPSConnection object at 0x7ce89a66ffa0>: Failed to establish a new connection: [Errno -5] No address associated with hostname
[2026-05-05T21:53:51.521+0000] {subprocess.py:93} INFO - 
[2026-05-05T21:53:51.523+0000] {subprocess.py:93} INFO - During handling of the above exception, another exception occurred:
[2026-05-05T21:53:51.524+0000] {subprocess.py:93} INFO - 
[2026-05-05T21:53:51.525+0000] {subprocess.py:93} INFO - Traceback (most recent call last):
[2026-05-05T21:53:51.526+0000] {subprocess.py:93} INFO -   File "/home/***/.local/lib/python3.8/site-packages/requests/adapters.py", line 486, in send
[2026-05-05T21:53:51.527+0000] {subprocess.py:93} INFO -     resp = conn.urlopen(
[2026-05-05T21:53:51.528+0000] {subprocess.py:93} INFO -   File "/home/***/.local/lib/python3.8/site-packages/urllib3/connectionpool.py", line 799, in urlopen
[2026-05-05T21:53:51.529+0000] {subprocess.py:93} INFO -     retries = retries.increment(
[2026-05-05T21:53:51.530+0000] {subprocess.py:93} INFO -   File "/home/***/.local/lib/python3.8/site-packages/urllib3/util/retry.py", line 592, in increment
[2026-05-05T21:53:51.531+0000] {subprocess.py:93} INFO -     raise MaxRetryError(_pool, url, error or ResponseError(cause))
[2026-05-05T21:53:51.532+0000] {subprocess.py:93} INFO - urllib3.exceptions.MaxRetryError: HTTPSConnectionPool(host='chromedriver.storage.googleapis.com', port=443): Max retries exceeded with url: /LATEST_RELEASE (Caused by NewConnectionError('<urllib3.connection.HTTPSConnection object at 0x7ce89a66ffa0>: Failed to establish a new connection: [Errno -5] No address associated with hostname'))
[2026-05-05T21:53:51.534+0000] {subprocess.py:93} INFO - 
[2026-05-05T21:53:51.536+0000] {subprocess.py:93} INFO - During handling of the above exception, another exception occurred:
[2026-05-05T21:53:51.537+0000] {subprocess.py:93} INFO - 
[2026-05-05T21:53:51.538+0000] {subprocess.py:93} INFO - Traceback (most recent call last):
[2026-05-05T21:53:51.540+0000] {subprocess.py:93} INFO -   File "/home/***/.local/lib/python3.8/site-packages/webdriver_manager/core/http.py", line 32, in get
[2026-05-05T21:53:51.541+0000] {subprocess.py:93} INFO -     resp = requests.get(
[2026-05-05T21:53:51.543+0000] {subprocess.py:93} INFO -   File "/home/***/.local/lib/python3.8/site-packages/requests/api.py", line 73, in get
[2026-05-05T21:53:51.548+0000] {subprocess.py:93} INFO -     return request("get", url, params=params, **kwargs)
[2026-05-05T21:53:51.550+0000] {subprocess.py:93} INFO -   File "/home/***/.local/lib/python3.8/site-packages/requests/api.py", line 59, in request
[2026-05-05T21:53:51.551+0000] {subprocess.py:93} INFO -     return session.request(method=method, url=url, **kwargs)
[2026-05-05T21:53:51.552+0000] {subprocess.py:93} INFO -   File "/home/***/.local/lib/python3.8/site-packages/requests/sessions.py", line 589, in request
[2026-05-05T21:53:51.554+0000] {subprocess.py:93} INFO -     resp = self.send(prep, **send_kwargs)
[2026-05-05T21:53:51.556+0000] {subprocess.py:93} INFO -   File "/home/***/.local/lib/python3.8/site-packages/requests/sessions.py", line 703, in send
[2026-05-05T21:53:51.557+0000] {subprocess.py:93} INFO -     r = adapter.send(request, **kwargs)
[2026-05-05T21:53:51.559+0000] {subprocess.py:93} INFO -   File "/home/***/.local/lib/python3.8/site-packages/requests/adapters.py", line 519, in send
[2026-05-05T21:53:51.561+0000] {subprocess.py:93} INFO -     raise ConnectionError(e, request=request)
[2026-05-05T21:53:51.562+0000] {subprocess.py:93} INFO - requests.exceptions.ConnectionError: HTTPSConnectionPool(host='chromedriver.storage.googleapis.com', port=443): Max retries exceeded with url: /LATEST_RELEASE (Caused by NewConnectionError('<urllib3.connection.HTTPSConnection object at 0x7ce89a66ffa0>: Failed to establish a new connection: [Errno -5] No address associated with hostname'))
[2026-05-05T21:53:51.563+0000] {subprocess.py:93} INFO - 
[2026-05-05T21:53:51.564+0000] {subprocess.py:93} INFO - During handling of the above exception, another exception occurred:
[2026-05-05T21:53:51.565+0000] {subprocess.py:93} INFO - 
[2026-05-05T21:53:51.567+0000] {subprocess.py:93} INFO - Traceback (most recent call last):
[2026-05-05T21:53:51.568+0000] {subprocess.py:93} INFO -   File "scrapers/spiders/avito_ma.py", line 93, in <module>
[2026-05-05T21:53:51.569+0000] {subprocess.py:93} INFO -     scrape_avito()
[2026-05-05T21:53:51.571+0000] {subprocess.py:93} INFO -   File "scrapers/spiders/avito_ma.py", line 25, in scrape_avito
[2026-05-05T21:53:51.574+0000] {subprocess.py:93} INFO -     driver = webdriver.Chrome(service=Service(ChromeDriverManager().install()), options=options)
[2026-05-05T21:53:51.575+0000] {subprocess.py:93} INFO -   File "/home/***/.local/lib/python3.8/site-packages/webdriver_manager/chrome.py", line 40, in install
[2026-05-05T21:53:51.577+0000] {subprocess.py:93} INFO -     driver_path = self._get_driver_binary_path(self.driver)
[2026-05-05T21:53:51.578+0000] {subprocess.py:93} INFO -   File "/home/***/.local/lib/python3.8/site-packages/webdriver_manager/core/manager.py", line 40, in _get_driver_binary_path
[2026-05-05T21:53:51.579+0000] {subprocess.py:93} INFO -     file = self._download_manager.download_file(driver.get_driver_download_url(os_type))
[2026-05-05T21:53:51.581+0000] {subprocess.py:93} INFO -   File "/home/***/.local/lib/python3.8/site-packages/webdriver_manager/drivers/chrome.py", line 32, in get_driver_download_url
[2026-05-05T21:53:51.582+0000] {subprocess.py:93} INFO -     driver_version_to_download = self.get_driver_version_to_download()
[2026-05-05T21:53:51.584+0000] {subprocess.py:93} INFO -   File "/home/***/.local/lib/python3.8/site-packages/webdriver_manager/core/driver.py", line 48, in get_driver_version_to_download
[2026-05-05T21:53:51.585+0000] {subprocess.py:93} INFO -     return self.get_latest_release_version()
[2026-05-05T21:53:51.587+0000] {subprocess.py:93} INFO -   File "/home/***/.local/lib/python3.8/site-packages/webdriver_manager/drivers/chrome.py", line 70, in get_latest_release_version
[2026-05-05T21:53:51.594+0000] {subprocess.py:93} INFO -     resp = self._http_client.get(url=latest_release_url)
[2026-05-05T21:53:51.596+0000] {subprocess.py:93} INFO -   File "/home/***/.local/lib/python3.8/site-packages/webdriver_manager/core/http.py", line 35, in get
[2026-05-05T21:53:51.597+0000] {subprocess.py:93} INFO -     raise exceptions.ConnectionError(f"Could not reach host. Are you offline?")
[2026-05-05T21:53:51.598+0000] {subprocess.py:93} INFO - requests.exceptions.ConnectionError: Could not reach host. Are you offline?
[2026-05-05T21:53:51.600+0000] {subprocess.py:93} INFO - Avito done with warnings
[2026-05-05T21:53:51.601+0000] {subprocess.py:97} INFO - Command exited with return code 0
[2026-05-05T21:53:51.684+0000] {taskinstance.py:1138} INFO - Marking task as SUCCESS. dag_id=price_intelligence_pipeline, task_id=scrape_avito, execution_date=20260505T212148, start_date=20260505T215344, end_date=20260505T215351
[2026-05-05T21:53:51.743+0000] {local_task_job_runner.py:234} INFO - Task exited with return code 0
[2026-05-05T21:53:51.833+0000] {taskinstance.py:3280} INFO - 0 downstream tasks scheduled from follow-on schedule check
