[2026-05-05T20:13:14.697+0000] {taskinstance.py:1956} INFO - Dependencies all met for dep_context=non-requeueable deps ti=<TaskInstance: price_intelligence_pipeline.load_bigtable scheduled__2026-05-05T19:00:00+00:00 [queued]>
[2026-05-05T20:13:14.715+0000] {taskinstance.py:1956} INFO - Dependencies all met for dep_context=requeueable deps ti=<TaskInstance: price_intelligence_pipeline.load_bigtable scheduled__2026-05-05T19:00:00+00:00 [queued]>
[2026-05-05T20:13:14.716+0000] {taskinstance.py:2170} INFO - Starting attempt 1 of 3
[2026-05-05T20:13:14.741+0000] {taskinstance.py:2191} INFO - Executing <Task(PythonOperator): load_bigtable> on 2026-05-05 19:00:00+00:00
[2026-05-05T20:13:14.750+0000] {standard_task_runner.py:60} INFO - Started process 2421 to run task
[2026-05-05T20:13:14.757+0000] {standard_task_runner.py:87} INFO - Running: ['***', 'tasks', 'run', 'price_intelligence_pipeline', 'load_bigtable', 'scheduled__2026-05-05T19:00:00+00:00', '--job-id', '292', '--raw', '--subdir', 'DAGS_FOLDER/price_intelligence_dag_BACKUP.py', '--cfg-path', '/tmp/tmp0bj8lvif']
[2026-05-05T20:13:14.763+0000] {standard_task_runner.py:88} INFO - Job 292: Subtask load_bigtable
[2026-05-05T20:13:14.905+0000] {task_command.py:423} INFO - Running <TaskInstance: price_intelligence_pipeline.load_bigtable scheduled__2026-05-05T19:00:00+00:00 [running]> on host 25ef6dfa8bdc
[2026-05-05T20:13:15.135+0000] {taskinstance.py:2480} INFO - Exporting env vars: AIRFLOW_CTX_DAG_OWNER='price_intelligence' AIRFLOW_CTX_DAG_ID='price_intelligence_pipeline' AIRFLOW_CTX_TASK_ID='load_bigtable' AIRFLOW_CTX_EXECUTION_DATE='2026-05-05T19:00:00+00:00' AIRFLOW_CTX_TRY_NUMBER='1' AIRFLOW_CTX_DAG_RUN_ID='scheduled__2026-05-05T19:00:00+00:00'
[2026-05-05T20:13:15.146+0000] {_default.py:683} WARNING - No project ID could be determined. Consider running `gcloud config set project` or setting the GOOGLE_CLOUD_PROJECT environment variable
[2026-05-05T20:13:15.266+0000] {logging_mixin.py:188} INFO - 📦 Traitement jumia_ma: 4803 produits...
[2026-05-05T20:13:29.847+0000] {logging_mixin.py:188} INFO -   ✅ Batch de 500 produits envoyé!
[2026-05-05T20:13:38.820+0000] {logging_mixin.py:188} INFO -   ✅ Batch de 500 produits envoyé!
[2026-05-05T20:13:45.877+0000] {logging_mixin.py:188} INFO -   ✅ Batch de 500 produits envoyé!
[2026-05-05T20:13:50.960+0000] {logging_mixin.py:188} INFO -   ✅ Batch de 500 produits envoyé!
[2026-05-05T20:13:56.856+0000] {logging_mixin.py:188} INFO -   ✅ Batch de 500 produits envoyé!
[2026-05-05T20:14:03.496+0000] {logging_mixin.py:188} INFO -   ✅ Batch de 500 produits envoyé!
[2026-05-05T20:14:10.228+0000] {logging_mixin.py:188} INFO -   ✅ Batch de 500 produits envoyé!
[2026-05-05T20:14:16.608+0000] {logging_mixin.py:188} INFO -   ✅ Batch de 500 produits envoyé!
[2026-05-05T20:14:23.962+0000] {logging_mixin.py:188} INFO -   ✅ Batch de 500 produits envoyé!
[2026-05-05T20:14:24.336+0000] {logging_mixin.py:188} INFO - 📦 Traitement avito_ma: 1710 produits...
[2026-05-05T20:14:38.264+0000] {logging_mixin.py:188} INFO -   ✅ Batch de 500 produits envoyé!
[2026-05-05T20:14:49.539+0000] {logging_mixin.py:188} INFO -   ✅ Batch de 500 produits envoyé!
[2026-05-05T20:15:06.473+0000] {logging_mixin.py:188} INFO -   ✅ Batch de 500 produits envoyé!
[2026-05-05T20:15:17.600+0000] {logging_mixin.py:188} INFO -   ✅ Batch de 500 produits envoyé!
[2026-05-05T20:15:17.704+0000] {logging_mixin.py:188} INFO - 📦 Traitement amazon_ma: 794 produits...
[2026-05-05T20:15:33.858+0000] {logging_mixin.py:188} INFO -   ✅ Batch de 500 produits envoyé!
[2026-05-05T20:15:34.262+0000] {logging_mixin.py:188} INFO - 📦 Traitement electroplanet_ma: 179 produits...
[2026-05-05T20:15:53.505+0000] {logging_mixin.py:188} INFO -   ✅ Batch de 486 produits envoyé!
[2026-05-05T20:15:53.506+0000] {logging_mixin.py:188} INFO - 
✅ TOTAL: 7486 produits chargés dans Bigtable!
[2026-05-05T20:15:53.507+0000] {logging_mixin.py:188} INFO -    Column families: price_cf ✅ metadata_cf ✅ agg_cf ✅
[2026-05-05T20:15:53.507+0000] {logging_mixin.py:188} INFO -    Row key format: product_id#timestamp ✅
[2026-05-05T20:15:53.515+0000] {python.py:201} INFO - Done. Returned value was: 7486
[2026-05-05T20:15:53.567+0000] {taskinstance.py:1138} INFO - Marking task as SUCCESS. dag_id=price_intelligence_pipeline, task_id=load_bigtable, execution_date=20260505T190000, start_date=20260505T201314, end_date=20260505T201553
[2026-05-05T20:15:53.620+0000] {local_task_job_runner.py:234} INFO - Task exited with return code 0
[2026-05-05T20:15:53.648+0000] {taskinstance.py:3280} INFO - 0 downstream tasks scheduled from follow-on schedule check
[2026-05-05T20:39:51.827+0000] {taskinstance.py:1956} INFO - Dependencies all met for dep_context=non-requeueable deps ti=<TaskInstance: price_intelligence_pipeline.load_bigtable scheduled__2026-05-05T19:00:00+00:00 [queued]>
[2026-05-05T20:39:51.878+0000] {taskinstance.py:1956} INFO - Dependencies all met for dep_context=requeueable deps ti=<TaskInstance: price_intelligence_pipeline.load_bigtable scheduled__2026-05-05T19:00:00+00:00 [queued]>
[2026-05-05T20:39:51.880+0000] {taskinstance.py:2170} INFO - Starting attempt 1 of 3
[2026-05-05T20:39:51.941+0000] {taskinstance.py:2191} INFO - Executing <Task(BashOperator): load_bigtable> on 2026-05-05 19:00:00+00:00
[2026-05-05T20:39:51.958+0000] {standard_task_runner.py:60} INFO - Started process 229 to run task
[2026-05-05T20:39:51.972+0000] {standard_task_runner.py:87} INFO - Running: ['***', 'tasks', 'run', 'price_intelligence_pipeline', 'load_bigtable', 'scheduled__2026-05-05T19:00:00+00:00', '--job-id', '323', '--raw', '--subdir', 'DAGS_FOLDER/price_intelligence_dag.py', '--cfg-path', '/tmp/tmp0jcxioj3']
[2026-05-05T20:39:51.978+0000] {standard_task_runner.py:88} INFO - Job 323: Subtask load_bigtable
[2026-05-05T20:39:52.207+0000] {task_command.py:423} INFO - Running <TaskInstance: price_intelligence_pipeline.load_bigtable scheduled__2026-05-05T19:00:00+00:00 [running]> on host 25ef6dfa8bdc
[2026-05-05T20:39:52.442+0000] {taskinstance.py:2480} INFO - Exporting env vars: AIRFLOW_CTX_DAG_OWNER='***' AIRFLOW_CTX_DAG_ID='price_intelligence_pipeline' AIRFLOW_CTX_TASK_ID='load_bigtable' AIRFLOW_CTX_EXECUTION_DATE='2026-05-05T19:00:00+00:00' AIRFLOW_CTX_TRY_NUMBER='1' AIRFLOW_CTX_DAG_RUN_ID='scheduled__2026-05-05T19:00:00+00:00'
[2026-05-05T20:39:52.444+0000] {subprocess.py:63} INFO - Tmp dir root location: /tmp
[2026-05-05T20:39:52.447+0000] {subprocess.py:75} INFO - Running command: ['/usr/bin/bash', '-c', '\n            set -e\n            cd /opt/***\n            export GOOGLE_APPLICATION_CREDENTIALS=/opt/***/gcp-credentials-new.json\n            python3 dags/load_bigtable.py\n            echo Bigtable done\n        ']
[2026-05-05T20:39:52.469+0000] {subprocess.py:86} INFO - Output:
[2026-05-05T20:39:53.483+0000] {subprocess.py:93} INFO - Bigtable done
[2026-05-05T20:39:53.485+0000] {subprocess.py:97} INFO - Command exited with return code 0
[2026-05-05T20:39:53.567+0000] {taskinstance.py:1138} INFO - Marking task as SUCCESS. dag_id=price_intelligence_pipeline, task_id=load_bigtable, execution_date=20260505T190000, start_date=20260505T203951, end_date=20260505T203953
[2026-05-05T20:39:53.639+0000] {local_task_job_runner.py:234} INFO - Task exited with return code 0
[2026-05-05T20:39:53.712+0000] {taskinstance.py:3280} INFO - 1 downstream tasks scheduled from follow-on schedule check
