[2026-06-11T19:11:01.399+0000] {taskinstance.py:1956} INFO - Dependencies all met for dep_context=non-requeueable deps ti=<TaskInstance: price_intelligence_pipeline.load_bigquery manual__2026-06-11T19:09:14+00:00 [queued]>
[2026-06-11T19:11:01.461+0000] {taskinstance.py:1956} INFO - Dependencies all met for dep_context=requeueable deps ti=<TaskInstance: price_intelligence_pipeline.load_bigquery manual__2026-06-11T19:09:14+00:00 [queued]>
[2026-06-11T19:11:01.468+0000] {taskinstance.py:2170} INFO - Starting attempt 1 of 2
[2026-06-11T19:11:01.557+0000] {taskinstance.py:2191} INFO - Executing <Task(BashOperator): load_bigquery> on 2026-06-11 19:09:14+00:00
[2026-06-11T19:11:01.577+0000] {standard_task_runner.py:60} INFO - Started process 2716 to run task
[2026-06-11T19:11:01.593+0000] {standard_task_runner.py:87} INFO - Running: ['***', 'tasks', 'run', 'price_intelligence_pipeline', 'load_bigquery', 'manual__2026-06-11T19:09:14+00:00', '--job-id', '2017', '--raw', '--subdir', 'DAGS_FOLDER/price_intelligence_dag.py', '--cfg-path', '/tmp/tmp0qq5awma']
[2026-06-11T19:11:01.608+0000] {standard_task_runner.py:88} INFO - Job 2017: Subtask load_bigquery
[2026-06-11T19:11:01.895+0000] {task_command.py:423} INFO - Running <TaskInstance: price_intelligence_pipeline.load_bigquery manual__2026-06-11T19:09:14+00:00 [running]> on host 91e0d3a0a233
[2026-06-11T19:11:02.397+0000] {taskinstance.py:2480} INFO - Exporting env vars: AIRFLOW_CTX_DAG_OWNER='***' AIRFLOW_CTX_DAG_ID='price_intelligence_pipeline' AIRFLOW_CTX_TASK_ID='load_bigquery' AIRFLOW_CTX_EXECUTION_DATE='2026-06-11T19:09:14+00:00' AIRFLOW_CTX_TRY_NUMBER='1' AIRFLOW_CTX_DAG_RUN_ID='manual__2026-06-11T19:09:14+00:00'
[2026-06-11T19:11:02.409+0000] {subprocess.py:63} INFO - Tmp dir root location: /tmp
[2026-06-11T19:11:02.430+0000] {subprocess.py:75} INFO - Running command: ['/usr/bin/bash', '-c', '\n            set -e\n            cd /opt/***\n            export GOOGLE_APPLICATION_CREDENTIALS=/opt/***/gcp-credentials-new.json\n            python3 bigquery_load.py\n            echo BigQuery done\n        ']
[2026-06-11T19:11:02.489+0000] {subprocess.py:86} INFO - Output:
[2026-06-11T19:12:37.105+0000] {subprocess.py:93} INFO - [OK] jumia.ma: 7004 rows
[2026-06-11T19:12:37.109+0000] {subprocess.py:93} INFO - [OK] avito.ma: 1692 rows
[2026-06-11T19:12:37.111+0000] {subprocess.py:93} INFO - [OK] amazon.com: 897 rows
[2026-06-11T19:12:37.114+0000] {subprocess.py:93} INFO - [OK] connecto.ma: 3061 rows
[2026-06-11T19:12:37.116+0000] {subprocess.py:93} INFO - 
[2026-06-11T19:12:37.121+0000] {subprocess.py:93} INFO - TOTAL: 12654 rows
[2026-06-11T19:12:37.123+0000] {subprocess.py:93} INFO - 
[2026-06-11T19:12:37.125+0000] {subprocess.py:93} INFO - ✅ 12654 lignes chargees dans BigQuery
[2026-06-11T19:12:37.128+0000] {subprocess.py:93} INFO - 
[2026-06-11T19:12:37.130+0000] {subprocess.py:93} INFO - === BigQuery par source ===
[2026-06-11T19:12:37.136+0000] {subprocess.py:93} INFO -   jumia.ma: 7004 produits | moy: 2944.0 MAD
[2026-06-11T19:12:37.139+0000] {subprocess.py:93} INFO -   connecto.ma: 3061 produits | moy: 5670.0 MAD
[2026-06-11T19:12:37.141+0000] {subprocess.py:93} INFO -   avito.ma: 1692 produits | moy: 1179383.0 MAD
[2026-06-11T19:12:37.143+0000] {subprocess.py:93} INFO -   amazon.com: 897 produits | moy: 4478.0 MAD
[2026-06-11T19:12:37.146+0000] {subprocess.py:93} INFO -   TOTAL: 12654
[2026-06-11T19:12:37.746+0000] {subprocess.py:93} INFO - BigQuery done
[2026-06-11T19:12:37.755+0000] {subprocess.py:97} INFO - Command exited with return code 0
[2026-06-11T19:12:37.915+0000] {taskinstance.py:1138} INFO - Marking task as SUCCESS. dag_id=price_intelligence_pipeline, task_id=load_bigquery, execution_date=20260611T190914, start_date=20260611T191101, end_date=20260611T191237
[2026-06-11T19:12:37.998+0000] {local_task_job_runner.py:234} INFO - Task exited with return code 0
[2026-06-11T19:12:38.106+0000] {taskinstance.py:3280} INFO - 1 downstream tasks scheduled from follow-on schedule check
