[2026-05-08T22:02:20.540+0000] {taskinstance.py:1956} INFO - Dependencies all met for dep_context=non-requeueable deps ti=<TaskInstance: price_intelligence_pipeline.dbt_run scheduled__2026-05-08T21:00:00+00:00 [queued]>
[2026-05-08T22:02:20.568+0000] {taskinstance.py:1956} INFO - Dependencies all met for dep_context=requeueable deps ti=<TaskInstance: price_intelligence_pipeline.dbt_run scheduled__2026-05-08T21:00:00+00:00 [queued]>
[2026-05-08T22:02:20.569+0000] {taskinstance.py:2170} INFO - Starting attempt 1 of 2
[2026-05-08T22:02:20.610+0000] {taskinstance.py:2191} INFO - Executing <Task(BashOperator): dbt_run> on 2026-05-08 21:00:00+00:00
[2026-05-08T22:02:20.621+0000] {standard_task_runner.py:60} INFO - Started process 234 to run task
[2026-05-08T22:02:20.635+0000] {standard_task_runner.py:87} INFO - Running: ['***', 'tasks', 'run', 'price_intelligence_pipeline', 'dbt_run', 'scheduled__2026-05-08T21:00:00+00:00', '--job-id', '876', '--raw', '--subdir', 'DAGS_FOLDER/price_intelligence_dag.py', '--cfg-path', '/tmp/tmpqlzvc_xd']
[2026-05-08T22:02:20.642+0000] {standard_task_runner.py:88} INFO - Job 876: Subtask dbt_run
[2026-05-08T22:02:20.905+0000] {task_command.py:423} INFO - Running <TaskInstance: price_intelligence_pipeline.dbt_run scheduled__2026-05-08T21:00:00+00:00 [running]> on host 91e0d3a0a233
[2026-05-08T22:02:21.241+0000] {taskinstance.py:2480} INFO - Exporting env vars: AIRFLOW_CTX_DAG_OWNER='***' AIRFLOW_CTX_DAG_ID='price_intelligence_pipeline' AIRFLOW_CTX_TASK_ID='dbt_run' AIRFLOW_CTX_EXECUTION_DATE='2026-05-08T21:00:00+00:00' AIRFLOW_CTX_TRY_NUMBER='1' AIRFLOW_CTX_DAG_RUN_ID='scheduled__2026-05-08T21:00:00+00:00'
[2026-05-08T22:02:21.244+0000] {subprocess.py:63} INFO - Tmp dir root location: /tmp
[2026-05-08T22:02:21.248+0000] {subprocess.py:75} INFO - Running command: ['/usr/bin/bash', '-c', '\n            set -e\n            cd /opt/***/dbt\n            export GOOGLE_APPLICATION_CREDENTIALS=/opt/***/gcp-credentials-new.json\n            /home/***/.local/bin/dbt run --full-refresh --profiles-dir . --project-dir .\n            echo dbt done\n        ']
[2026-05-08T22:02:21.278+0000] {subprocess.py:86} INFO - Output:
[2026-05-08T22:02:29.883+0000] {subprocess.py:93} INFO - [0m22:02:29  Running with dbt=1.8.7
[2026-05-08T22:02:34.481+0000] {subprocess.py:93} INFO - [0m22:02:34  Registered adapter: bigquery=1.8.3
[2026-05-08T22:02:40.435+0000] {subprocess.py:93} INFO - [0m22:02:40  Found 3 models, 1 seed, 7 data tests, 1 source, 479 macros
[2026-05-08T22:02:40.445+0000] {subprocess.py:93} INFO - [0m22:02:40
[2026-05-08T22:02:42.638+0000] {subprocess.py:93} INFO - [0m22:02:42  Concurrency: 4 threads (target='dev')
[2026-05-08T22:02:42.641+0000] {subprocess.py:93} INFO - [0m22:02:42
[2026-05-08T22:02:42.665+0000] {subprocess.py:93} INFO - [0m22:02:42  1 of 3 START sql view model price_intelligence_dbt.stg_prices .................. [RUN]
[2026-05-08T22:02:44.562+0000] {subprocess.py:93} INFO - [0m22:02:44  1 of 3 OK created sql view model price_intelligence_dbt.stg_prices ............. [[32mCREATE VIEW (0 processed)[0m in 1.88s]
[2026-05-08T22:02:44.580+0000] {subprocess.py:93} INFO - [0m22:02:44  2 of 3 START sql table model price_intelligence_dbt.prices_cleaned ............. [RUN]
[2026-05-08T22:02:48.768+0000] {subprocess.py:93} INFO - [0m22:02:48  2 of 3 OK created sql table model price_intelligence_dbt.prices_cleaned ........ [[32mCREATE TABLE (5.0k rows, 2.6 MiB processed)[0m in 4.18s]
[2026-05-08T22:02:48.774+0000] {subprocess.py:93} INFO - [0m22:02:48  3 of 3 START sql table model price_intelligence_dbt.prices_aggregated .......... [RUN]
[2026-05-08T22:02:51.786+0000] {subprocess.py:93} INFO - [0m22:02:51  3 of 3 OK created sql table model price_intelligence_dbt.prices_aggregated ..... [[32mCREATE TABLE (11.0 rows, 231.8 KiB processed)[0m in 3.01s]
[2026-05-08T22:02:51.796+0000] {subprocess.py:93} INFO - [0m22:02:51
[2026-05-08T22:02:51.798+0000] {subprocess.py:93} INFO - [0m22:02:51  Finished running 1 view model, 2 table models in 0 hours 0 minutes and 11.35 seconds (11.35s).
[2026-05-08T22:02:51.912+0000] {subprocess.py:93} INFO - [0m22:02:51
[2026-05-08T22:02:51.914+0000] {subprocess.py:93} INFO - [0m22:02:51  [32mCompleted successfully[0m
[2026-05-08T22:02:51.915+0000] {subprocess.py:93} INFO - [0m22:02:51
[2026-05-08T22:02:51.917+0000] {subprocess.py:93} INFO - [0m22:02:51  Done. PASS=3 WARN=0 ERROR=0 SKIP=0 TOTAL=3
[2026-05-08T22:02:53.083+0000] {subprocess.py:93} INFO - dbt done
[2026-05-08T22:02:53.093+0000] {subprocess.py:97} INFO - Command exited with return code 0
[2026-05-08T22:02:53.166+0000] {taskinstance.py:1138} INFO - Marking task as SUCCESS. dag_id=price_intelligence_pipeline, task_id=dbt_run, execution_date=20260508T210000, start_date=20260508T220220, end_date=20260508T220253
[2026-05-08T22:02:53.243+0000] {local_task_job_runner.py:234} INFO - Task exited with return code 0
[2026-05-08T22:02:53.304+0000] {taskinstance.py:3280} INFO - 1 downstream tasks scheduled from follow-on schedule check
