[2026-05-05T20:03:52.550+0000] {taskinstance.py:1956} INFO - Dependencies all met for dep_context=non-requeueable deps ti=<TaskInstance: price_intelligence_pipeline.load_bigquery manual__2026-05-05T19:58:30.057837+00:00 [queued]>
[2026-05-05T20:03:52.576+0000] {taskinstance.py:1956} INFO - Dependencies all met for dep_context=requeueable deps ti=<TaskInstance: price_intelligence_pipeline.load_bigquery manual__2026-05-05T19:58:30.057837+00:00 [queued]>
[2026-05-05T20:03:52.577+0000] {taskinstance.py:2170} INFO - Starting attempt 1 of 3
[2026-05-05T20:03:52.616+0000] {taskinstance.py:2191} INFO - Executing <Task(BashOperator): load_bigquery> on 2026-05-05 19:58:30.057837+00:00
[2026-05-05T20:03:52.629+0000] {standard_task_runner.py:60} INFO - Started process 1908 to run task
[2026-05-05T20:03:52.639+0000] {standard_task_runner.py:87} INFO - Running: ['***', 'tasks', 'run', 'price_intelligence_pipeline', 'load_bigquery', 'manual__2026-05-05T19:58:30.057837+00:00', '--job-id', '262', '--raw', '--subdir', 'DAGS_FOLDER/price_intelligence_dag.py', '--cfg-path', '/tmp/tmph5rz_0zv']
[2026-05-05T20:03:52.646+0000] {standard_task_runner.py:88} INFO - Job 262: Subtask load_bigquery
[2026-05-05T20:03:52.871+0000] {task_command.py:423} INFO - Running <TaskInstance: price_intelligence_pipeline.load_bigquery manual__2026-05-05T19:58:30.057837+00:00 [running]> on host 25ef6dfa8bdc
[2026-05-05T20:03:53.141+0000] {taskinstance.py:2480} INFO - Exporting env vars: AIRFLOW_CTX_DAG_OWNER='***' AIRFLOW_CTX_DAG_ID='price_intelligence_pipeline' AIRFLOW_CTX_TASK_ID='load_bigquery' AIRFLOW_CTX_EXECUTION_DATE='2026-05-05T19:58:30.057837+00:00' AIRFLOW_CTX_TRY_NUMBER='1' AIRFLOW_CTX_DAG_RUN_ID='manual__2026-05-05T19:58:30.057837+00:00'
[2026-05-05T20:03:53.146+0000] {subprocess.py:63} INFO - Tmp dir root location: /tmp
[2026-05-05T20:03:53.149+0000] {subprocess.py:75} INFO - Running command: ['/usr/bin/bash', '-c', '\n            set -e\n            cd /opt/***\n            export GOOGLE_APPLICATION_CREDENTIALS=/opt/***/gcp-credentials-new.json\n            python3 bigquery_load.py\n            echo BigQuery done\n        ']
[2026-05-05T20:03:53.180+0000] {subprocess.py:86} INFO - Output:
[2026-05-05T20:04:34.717+0000] {local_task_job_runner.py:302} WARNING - State of this instance has been externally set to removed. Terminating instance.
[2026-05-05T20:04:34.724+0000] {process_utils.py:131} INFO - Sending 15 to group 1908. PIDs of all processes in the group: [1909, 1910, 1908]
[2026-05-05T20:04:34.726+0000] {process_utils.py:86} INFO - Sending the signal 15 to group 1908
[2026-05-05T20:04:34.727+0000] {taskinstance.py:2450} ERROR - Received SIGTERM. Terminating subprocesses.
[2026-05-05T20:04:34.729+0000] {subprocess.py:104} INFO - Sending SIGTERM signal to process group
[2026-05-05T20:04:34.866+0000] {process_utils.py:79} INFO - Process psutil.Process(pid=1908, status='terminated', exitcode=0, started='20:03:52') (1908) terminated with exit code 0
[2026-05-05T20:04:34.873+0000] {process_utils.py:79} INFO - Process psutil.Process(pid=1909, status='terminated', started='20:03:52') (1909) terminated with exit code None
[2026-05-05T20:04:34.876+0000] {process_utils.py:79} INFO - Process psutil.Process(pid=1910, status='terminated', started='20:03:52') (1910) terminated with exit code None
