[2026-05-21T19:14:23.408+0000] {taskinstance.py:1956} INFO - Dependencies all met for dep_context=non-requeueable deps ti=<TaskInstance: price_intelligence_pipeline.dbt_run scheduled__2026-05-21T15:00:00+00:00 [queued]>
[2026-05-21T19:14:23.466+0000] {taskinstance.py:1956} INFO - Dependencies all met for dep_context=requeueable deps ti=<TaskInstance: price_intelligence_pipeline.dbt_run scheduled__2026-05-21T15:00:00+00:00 [queued]>
[2026-05-21T19:14:23.471+0000] {taskinstance.py:2170} INFO - Starting attempt 1 of 2
[2026-05-21T19:14:23.560+0000] {taskinstance.py:2191} INFO - Executing <Task(BashOperator): dbt_run> on 2026-05-21 15:00:00+00:00
[2026-05-21T19:14:23.590+0000] {standard_task_runner.py:60} INFO - Started process 72453 to run task
[2026-05-21T19:14:23.610+0000] {standard_task_runner.py:87} INFO - Running: ['***', 'tasks', 'run', 'price_intelligence_pipeline', 'dbt_run', 'scheduled__2026-05-21T15:00:00+00:00', '--job-id', '1652', '--raw', '--subdir', 'DAGS_FOLDER/price_intelligence_dag.py', '--cfg-path', '/tmp/tmpoblidw81']
[2026-05-21T19:14:23.628+0000] {standard_task_runner.py:88} INFO - Job 1652: Subtask dbt_run
[2026-05-21T19:14:23.957+0000] {task_command.py:423} INFO - Running <TaskInstance: price_intelligence_pipeline.dbt_run scheduled__2026-05-21T15:00:00+00:00 [running]> on host 91e0d3a0a233
[2026-05-21T19:14:24.495+0000] {taskinstance.py:2480} INFO - Exporting env vars: AIRFLOW_CTX_DAG_OWNER='***' AIRFLOW_CTX_DAG_ID='price_intelligence_pipeline' AIRFLOW_CTX_TASK_ID='dbt_run' AIRFLOW_CTX_EXECUTION_DATE='2026-05-21T15:00:00+00:00' AIRFLOW_CTX_TRY_NUMBER='1' AIRFLOW_CTX_DAG_RUN_ID='scheduled__2026-05-21T15:00:00+00:00'
[2026-05-21T19:14:24.500+0000] {subprocess.py:63} INFO - Tmp dir root location: /tmp
[2026-05-21T19:14:24.506+0000] {subprocess.py:75} INFO - Running command: ['/usr/bin/bash', '-c', '\n            set -e\n            cd /opt/***/dbt\n            export GOOGLE_APPLICATION_CREDENTIALS=/opt/***/gcp-credentials-new.json\n            /home/***/.local/bin/dbt run --full-refresh --profiles-dir . --project-dir .\n            echo dbt done\n        ']
[2026-05-21T19:14:24.563+0000] {subprocess.py:86} INFO - Output:
[2026-05-21T19:14:33.777+0000] {subprocess.py:93} INFO - [0m19:14:33  Running with dbt=1.8.7
[2026-05-21T19:14:38.296+0000] {subprocess.py:93} INFO - [0m19:14:38  Registered adapter: bigquery=1.8.3
[2026-05-21T19:14:42.383+0000] {subprocess.py:93} INFO - [0m19:14:42  Found 3 models, 1 seed, 7 data tests, 1 source, 479 macros
[2026-05-21T19:14:42.403+0000] {subprocess.py:93} INFO - [0m19:14:42
[2026-05-21T19:14:45.551+0000] {subprocess.py:93} INFO - [0m19:14:45  Concurrency: 4 threads (target='dev')
[2026-05-21T19:14:45.555+0000] {subprocess.py:93} INFO - [0m19:14:45
[2026-05-21T19:14:45.595+0000] {subprocess.py:93} INFO - [0m19:14:45  1 of 3 START sql view model price_intelligence_dbt.stg_prices .................. [RUN]
[2026-05-21T19:14:47.829+0000] {subprocess.py:93} INFO - [0m19:14:47  1 of 3 OK created sql view model price_intelligence_dbt.stg_prices ............. [[32mCREATE VIEW (0 processed)[0m in 2.22s]
[2026-05-21T19:14:47.839+0000] {subprocess.py:93} INFO - [0m19:14:47  2 of 3 START sql table model price_intelligence_dbt.prices_cleaned ............. [RUN]
[2026-05-21T19:14:52.884+0000] {subprocess.py:93} INFO - [0m19:14:52  2 of 3 OK created sql table model price_intelligence_dbt.prices_cleaned ........ [[32mCREATE TABLE (5.0k rows, 2.6 MiB processed)[0m in 5.03s]
[2026-05-21T19:14:52.909+0000] {subprocess.py:93} INFO - [0m19:14:52  3 of 3 START sql table model price_intelligence_dbt.prices_aggregated .......... [RUN]
[2026-05-21T19:14:58.772+0000] {subprocess.py:93} INFO - [0m19:14:58  3 of 3 OK created sql table model price_intelligence_dbt.prices_aggregated ..... [[32mCREATE TABLE (11.0 rows, 231.8 KiB processed)[0m in 5.85s]
[2026-05-21T19:14:58.823+0000] {subprocess.py:93} INFO - [0m19:14:58
[2026-05-21T19:14:58.827+0000] {subprocess.py:93} INFO - [0m19:14:58  Finished running 1 view model, 2 table models in 0 hours 0 minutes and 16.41 seconds (16.41s).
[2026-05-21T19:14:59.193+0000] {subprocess.py:93} INFO - [0m19:14:59
[2026-05-21T19:14:59.196+0000] {subprocess.py:93} INFO - [0m19:14:59  [32mCompleted successfully[0m
[2026-05-21T19:14:59.208+0000] {subprocess.py:93} INFO - [0m19:14:59
[2026-05-21T19:14:59.211+0000] {subprocess.py:93} INFO - [0m19:14:59  Done. PASS=3 WARN=0 ERROR=0 SKIP=0 TOTAL=3
[2026-05-21T19:15:04.336+0000] {subprocess.py:93} INFO - dbt done
[2026-05-21T19:15:04.350+0000] {subprocess.py:97} INFO - Command exited with return code 0
[2026-05-21T19:15:04.485+0000] {taskinstance.py:1138} INFO - Marking task as SUCCESS. dag_id=price_intelligence_pipeline, task_id=dbt_run, execution_date=20260521T150000, start_date=20260521T191423, end_date=20260521T191504
[2026-05-21T19:15:04.564+0000] {local_task_job_runner.py:234} INFO - Task exited with return code 0
[2026-05-21T19:15:04.668+0000] {taskinstance.py:3280} INFO - 1 downstream tasks scheduled from follow-on schedule check
