[2026-05-07T22:04:51.867+0000] {taskinstance.py:1956} INFO - Dependencies all met for dep_context=non-requeueable deps ti=<TaskInstance: price_intelligence_pipeline.dbt_run manual__2026-05-07T22:00:48.323338+00:00 [queued]>
[2026-05-07T22:04:51.899+0000] {taskinstance.py:1956} INFO - Dependencies all met for dep_context=requeueable deps ti=<TaskInstance: price_intelligence_pipeline.dbt_run manual__2026-05-07T22:00:48.323338+00:00 [queued]>
[2026-05-07T22:04:51.900+0000] {taskinstance.py:2170} INFO - Starting attempt 2 of 2
[2026-05-07T22:04:51.944+0000] {taskinstance.py:2191} INFO - Executing <Task(BashOperator): dbt_run> on 2026-05-07 22:00:48.323338+00:00
[2026-05-07T22:04:51.957+0000] {standard_task_runner.py:60} INFO - Started process 1049 to run task
[2026-05-07T22:04:51.966+0000] {standard_task_runner.py:87} INFO - Running: ['***', 'tasks', 'run', 'price_intelligence_pipeline', 'dbt_run', 'manual__2026-05-07T22:00:48.323338+00:00', '--job-id', '709', '--raw', '--subdir', 'DAGS_FOLDER/price_intelligence_dag.py', '--cfg-path', '/tmp/tmptlji_dbk']
[2026-05-07T22:04:51.973+0000] {standard_task_runner.py:88} INFO - Job 709: Subtask dbt_run
[2026-05-07T22:04:52.136+0000] {task_command.py:423} INFO - Running <TaskInstance: price_intelligence_pipeline.dbt_run manual__2026-05-07T22:00:48.323338+00:00 [running]> on host 25ef6dfa8bdc
[2026-05-07T22:04:52.473+0000] {taskinstance.py:2480} INFO - Exporting env vars: AIRFLOW_CTX_DAG_OWNER='***' AIRFLOW_CTX_DAG_ID='price_intelligence_pipeline' AIRFLOW_CTX_TASK_ID='dbt_run' AIRFLOW_CTX_EXECUTION_DATE='2026-05-07T22:00:48.323338+00:00' AIRFLOW_CTX_TRY_NUMBER='2' AIRFLOW_CTX_DAG_RUN_ID='manual__2026-05-07T22:00:48.323338+00:00'
[2026-05-07T22:04:52.477+0000] {subprocess.py:63} INFO - Tmp dir root location: /tmp
[2026-05-07T22:04:52.480+0000] {subprocess.py:75} INFO - Running command: ['/usr/bin/bash', '-c', '\n            set -e\n            cd /opt/***/dbt\n            export GOOGLE_APPLICATION_CREDENTIALS=/opt/***/gcp-credentials-new.json\n            /home/***/.local/bin/dbt run --select stg_prices --profiles-dir . --project-dir .\n            /home/***/.local/bin/dbt run --select prices_cleaned --profiles-dir . --project-dir .\n            /home/***/.local/bin/dbt run --select prices_aggregated --profiles-dir . --project-dir .\n            echo dbt done\n        ']
[2026-05-07T22:04:52.507+0000] {subprocess.py:86} INFO - Output:
[2026-05-07T22:04:57.390+0000] {subprocess.py:93} INFO - [0m22:04:57  Running with dbt=1.8.7
[2026-05-07T22:05:00.647+0000] {subprocess.py:93} INFO - [0m22:05:00  Registered adapter: bigquery=1.8.3
[2026-05-07T22:05:02.795+0000] {subprocess.py:93} INFO - [0m22:05:02  Found 3 models, 1 seed, 7 data tests, 1 source, 479 macros
[2026-05-07T22:05:02.800+0000] {subprocess.py:93} INFO - [0m22:05:02
[2026-05-07T22:05:05.076+0000] {subprocess.py:93} INFO - [0m22:05:05  Concurrency: 4 threads (target='dev')
[2026-05-07T22:05:05.077+0000] {subprocess.py:93} INFO - [0m22:05:05
[2026-05-07T22:05:05.094+0000] {subprocess.py:93} INFO - [0m22:05:05  1 of 1 START sql view model price_intelligence_dbt.stg_prices .................. [RUN]
[2026-05-07T22:05:09.264+0000] {subprocess.py:93} INFO - [0m22:05:09  BigQuery adapter: https://console.cloud.google.com/bigquery?project=project-32a82952-90fa-4dd7-b9c&j=bq:US:9e06930e-d18a-4971-8b59-6f0a1c47b583&page=queryresults
[2026-05-07T22:05:09.284+0000] {subprocess.py:93} INFO - [0m22:05:09  1 of 1 ERROR creating sql view model price_intelligence_dbt.stg_prices ......... [[31mERROR[0m in 4.18s]
[2026-05-07T22:05:09.295+0000] {subprocess.py:93} INFO - [0m22:05:09
[2026-05-07T22:05:09.297+0000] {subprocess.py:93} INFO - [0m22:05:09  Finished running 1 view model in 0 hours 0 minutes and 6.49 seconds (6.49s).
[2026-05-07T22:05:09.528+0000] {subprocess.py:93} INFO - [0m22:05:09
[2026-05-07T22:05:09.530+0000] {subprocess.py:93} INFO - [0m22:05:09  [31mCompleted with 1 error and 0 warnings:[0m
[2026-05-07T22:05:09.536+0000] {subprocess.py:93} INFO - [0m22:05:09
[2026-05-07T22:05:09.537+0000] {subprocess.py:93} INFO - [0m22:05:09    Database Error in model stg_prices (models/staging/stg_prices.sql)
[2026-05-07T22:05:09.538+0000] {subprocess.py:93} INFO -   Unrecognized name: old_price at [11:10]
[2026-05-07T22:05:09.538+0000] {subprocess.py:93} INFO -   compiled code at target/run/price_intelligence/models/staging/stg_prices.sql
[2026-05-07T22:05:09.541+0000] {subprocess.py:93} INFO - [0m22:05:09
[2026-05-07T22:05:09.542+0000] {subprocess.py:93} INFO - [0m22:05:09  Done. PASS=0 WARN=0 ERROR=1 SKIP=0 TOTAL=1
[2026-05-07T22:05:14.381+0000] {subprocess.py:97} INFO - Command exited with return code 1
[2026-05-07T22:05:14.426+0000] {taskinstance.py:2698} ERROR - Task failed with exception
Traceback (most recent call last):
  File "/home/airflow/.local/lib/python3.8/site-packages/airflow/models/taskinstance.py", line 428, in _execute_task
    result = execute_callable(context=context, **execute_callable_kwargs)
  File "/home/airflow/.local/lib/python3.8/site-packages/airflow/operators/bash.py", line 212, in execute
    raise AirflowException(
airflow.exceptions.AirflowException: Bash command failed. The command returned a non-zero exit code 1.
[2026-05-07T22:05:14.433+0000] {taskinstance.py:1138} INFO - Marking task as FAILED. dag_id=price_intelligence_pipeline, task_id=dbt_run, execution_date=20260507T220048, start_date=20260507T220451, end_date=20260507T220514
[2026-05-07T22:05:14.472+0000] {standard_task_runner.py:107} ERROR - Failed to execute job 709 for task dbt_run (Bash command failed. The command returned a non-zero exit code 1.; 1049)
[2026-05-07T22:05:14.501+0000] {local_task_job_runner.py:234} INFO - Task exited with return code 1
[2026-05-07T22:05:14.566+0000] {taskinstance.py:3280} INFO - 0 downstream tasks scheduled from follow-on schedule check
