[2026-05-06T17:08:31.822+0000] {taskinstance.py:1956} INFO - Dependencies all met for dep_context=non-requeueable deps ti=<TaskInstance: price_intelligence_pipeline.scrape_avito scheduled__2026-05-06T16:00:00+00:00 [queued]>
[2026-05-06T17:08:31.873+0000] {taskinstance.py:1956} INFO - Dependencies all met for dep_context=requeueable deps ti=<TaskInstance: price_intelligence_pipeline.scrape_avito scheduled__2026-05-06T16:00:00+00:00 [queued]>
[2026-05-06T17:08:31.898+0000] {taskinstance.py:2170} INFO - Starting attempt 1 of 2
[2026-05-06T17:08:32.034+0000] {taskinstance.py:2191} INFO - Executing <Task(BashOperator): scrape_avito> on 2026-05-06 16:00:00+00:00
[2026-05-06T17:08:32.064+0000] {standard_task_runner.py:60} INFO - Started process 21017 to run task
[2026-05-06T17:08:32.092+0000] {standard_task_runner.py:87} INFO - Running: ['***', 'tasks', 'run', 'price_intelligence_pipeline', 'scrape_avito', 'scheduled__2026-05-06T16:00:00+00:00', '--job-id', '604', '--raw', '--subdir', 'DAGS_FOLDER/price_intelligence_dag.py', '--cfg-path', '/tmp/tmpnd5hsdlk']
[2026-05-06T17:08:32.113+0000] {standard_task_runner.py:88} INFO - Job 604: Subtask scrape_avito
[2026-05-06T17:08:32.548+0000] {task_command.py:423} INFO - Running <TaskInstance: price_intelligence_pipeline.scrape_avito scheduled__2026-05-06T16:00:00+00:00 [running]> on host 25ef6dfa8bdc
[2026-05-06T17:08:33.854+0000] {taskinstance.py:2480} INFO - Exporting env vars: AIRFLOW_CTX_DAG_OWNER='***' AIRFLOW_CTX_DAG_ID='price_intelligence_pipeline' AIRFLOW_CTX_TASK_ID='scrape_avito' AIRFLOW_CTX_EXECUTION_DATE='2026-05-06T16:00:00+00:00' AIRFLOW_CTX_TRY_NUMBER='1' AIRFLOW_CTX_DAG_RUN_ID='scheduled__2026-05-06T16:00:00+00:00'
[2026-05-06T17:08:33.889+0000] {subprocess.py:63} INFO - Tmp dir root location: /tmp
[2026-05-06T17:08:33.904+0000] {subprocess.py:75} INFO - Running command: ['/usr/bin/bash', '-c', '\n            cd /opt/***\n            mkdir -p data/raw\n            export DISPLAY=:99\n            python3 scrapers/spiders/avito_ma.py || echo "Avito done with warnings"\n        ']
[2026-05-06T17:08:33.958+0000] {subprocess.py:86} INFO - Output:
[2026-05-06T17:08:41.698+0000] {subprocess.py:93} INFO - Traceback (most recent call last):
[2026-05-06T17:08:41.702+0000] {subprocess.py:93} INFO -   File "/home/***/.local/lib/python3.8/site-packages/urllib3/connection.py", line 174, in _new_conn
[2026-05-06T17:08:41.704+0000] {subprocess.py:93} INFO -     conn = connection.create_connection(
[2026-05-06T17:08:41.705+0000] {subprocess.py:93} INFO -   File "/home/***/.local/lib/python3.8/site-packages/urllib3/util/connection.py", line 72, in create_connection
[2026-05-06T17:08:41.714+0000] {subprocess.py:93} INFO -     for res in socket.getaddrinfo(host, port, family, socket.SOCK_STREAM):
[2026-05-06T17:08:41.716+0000] {subprocess.py:93} INFO -   File "/usr/local/lib/python3.8/socket.py", line 918, in getaddrinfo
[2026-05-06T17:08:41.717+0000] {subprocess.py:93} INFO -     for res in _socket.getaddrinfo(host, port, family, type, proto, flags):
[2026-05-06T17:08:41.719+0000] {subprocess.py:93} INFO - socket.gaierror: [Errno -5] No address associated with hostname
[2026-05-06T17:08:41.720+0000] {subprocess.py:93} INFO - 
[2026-05-06T17:08:41.722+0000] {subprocess.py:93} INFO - During handling of the above exception, another exception occurred:
[2026-05-06T17:08:41.732+0000] {subprocess.py:93} INFO - 
[2026-05-06T17:08:41.748+0000] {subprocess.py:93} INFO - Traceback (most recent call last):
[2026-05-06T17:08:41.764+0000] {subprocess.py:93} INFO -   File "/home/***/.local/lib/python3.8/site-packages/urllib3/connectionpool.py", line 715, in urlopen
[2026-05-06T17:08:41.769+0000] {subprocess.py:93} INFO -     httplib_response = self._make_request(
[2026-05-06T17:08:41.795+0000] {subprocess.py:93} INFO -   File "/home/***/.local/lib/python3.8/site-packages/urllib3/connectionpool.py", line 404, in _make_request
[2026-05-06T17:08:41.800+0000] {subprocess.py:93} INFO -     self._validate_conn(conn)
[2026-05-06T17:08:41.811+0000] {subprocess.py:93} INFO -   File "/home/***/.local/lib/python3.8/site-packages/urllib3/connectionpool.py", line 1058, in _validate_conn
[2026-05-06T17:08:41.826+0000] {subprocess.py:93} INFO -     conn.connect()
[2026-05-06T17:08:41.847+0000] {subprocess.py:93} INFO -   File "/home/***/.local/lib/python3.8/site-packages/urllib3/connection.py", line 363, in connect
[2026-05-06T17:08:41.858+0000] {subprocess.py:93} INFO -     self.sock = conn = self._new_conn()
[2026-05-06T17:08:41.874+0000] {subprocess.py:93} INFO -   File "/home/***/.local/lib/python3.8/site-packages/urllib3/connection.py", line 186, in _new_conn
[2026-05-06T17:08:41.891+0000] {subprocess.py:93} INFO -     raise NewConnectionError(
[2026-05-06T17:08:41.895+0000] {subprocess.py:93} INFO - urllib3.exceptions.NewConnectionError: <urllib3.connection.HTTPSConnection object at 0x72d96d7b0fa0>: Failed to establish a new connection: [Errno -5] No address associated with hostname
[2026-05-06T17:08:41.911+0000] {subprocess.py:93} INFO - 
[2026-05-06T17:08:41.923+0000] {subprocess.py:93} INFO - During handling of the above exception, another exception occurred:
[2026-05-06T17:08:41.924+0000] {subprocess.py:93} INFO - 
[2026-05-06T17:08:41.925+0000] {subprocess.py:93} INFO - Traceback (most recent call last):
[2026-05-06T17:08:41.926+0000] {subprocess.py:93} INFO -   File "/home/***/.local/lib/python3.8/site-packages/requests/adapters.py", line 486, in send
[2026-05-06T17:08:41.948+0000] {subprocess.py:93} INFO -     resp = conn.urlopen(
[2026-05-06T17:08:41.955+0000] {subprocess.py:93} INFO -   File "/home/***/.local/lib/python3.8/site-packages/urllib3/connectionpool.py", line 799, in urlopen
[2026-05-06T17:08:41.957+0000] {subprocess.py:93} INFO -     retries = retries.increment(
[2026-05-06T17:08:41.971+0000] {subprocess.py:93} INFO -   File "/home/***/.local/lib/python3.8/site-packages/urllib3/util/retry.py", line 592, in increment
[2026-05-06T17:08:41.975+0000] {subprocess.py:93} INFO -     raise MaxRetryError(_pool, url, error or ResponseError(cause))
[2026-05-06T17:08:41.977+0000] {subprocess.py:93} INFO - urllib3.exceptions.MaxRetryError: HTTPSConnectionPool(host='chromedriver.storage.googleapis.com', port=443): Max retries exceeded with url: /LATEST_RELEASE (Caused by NewConnectionError('<urllib3.connection.HTTPSConnection object at 0x72d96d7b0fa0>: Failed to establish a new connection: [Errno -5] No address associated with hostname'))
[2026-05-06T17:08:41.986+0000] {subprocess.py:93} INFO - 
[2026-05-06T17:08:41.988+0000] {subprocess.py:93} INFO - During handling of the above exception, another exception occurred:
[2026-05-06T17:08:41.990+0000] {subprocess.py:93} INFO - 
[2026-05-06T17:08:41.991+0000] {subprocess.py:93} INFO - Traceback (most recent call last):
[2026-05-06T17:08:41.992+0000] {subprocess.py:93} INFO -   File "/home/***/.local/lib/python3.8/site-packages/webdriver_manager/core/http.py", line 32, in get
[2026-05-06T17:08:41.993+0000] {subprocess.py:93} INFO -     resp = requests.get(
[2026-05-06T17:08:41.994+0000] {subprocess.py:93} INFO -   File "/home/***/.local/lib/python3.8/site-packages/requests/api.py", line 73, in get
[2026-05-06T17:08:42.003+0000] {subprocess.py:93} INFO -     return request("get", url, params=params, **kwargs)
[2026-05-06T17:08:42.004+0000] {subprocess.py:93} INFO -   File "/home/***/.local/lib/python3.8/site-packages/requests/api.py", line 59, in request
[2026-05-06T17:08:42.005+0000] {subprocess.py:93} INFO -     return session.request(method=method, url=url, **kwargs)
[2026-05-06T17:08:42.018+0000] {subprocess.py:93} INFO -   File "/home/***/.local/lib/python3.8/site-packages/requests/sessions.py", line 589, in request
[2026-05-06T17:08:42.019+0000] {subprocess.py:93} INFO -     resp = self.send(prep, **send_kwargs)
[2026-05-06T17:08:42.021+0000] {subprocess.py:93} INFO -   File "/home/***/.local/lib/python3.8/site-packages/requests/sessions.py", line 703, in send
[2026-05-06T17:08:42.022+0000] {subprocess.py:93} INFO -     r = adapter.send(request, **kwargs)
[2026-05-06T17:08:42.024+0000] {subprocess.py:93} INFO -   File "/home/***/.local/lib/python3.8/site-packages/requests/adapters.py", line 519, in send
[2026-05-06T17:08:42.025+0000] {subprocess.py:93} INFO -     raise ConnectionError(e, request=request)
[2026-05-06T17:08:42.035+0000] {subprocess.py:93} INFO - requests.exceptions.ConnectionError: HTTPSConnectionPool(host='chromedriver.storage.googleapis.com', port=443): Max retries exceeded with url: /LATEST_RELEASE (Caused by NewConnectionError('<urllib3.connection.HTTPSConnection object at 0x72d96d7b0fa0>: Failed to establish a new connection: [Errno -5] No address associated with hostname'))
[2026-05-06T17:08:42.039+0000] {subprocess.py:93} INFO - 
[2026-05-06T17:08:42.083+0000] {subprocess.py:93} INFO - During handling of the above exception, another exception occurred:
[2026-05-06T17:08:42.086+0000] {subprocess.py:93} INFO - 
[2026-05-06T17:08:42.087+0000] {subprocess.py:93} INFO - Traceback (most recent call last):
[2026-05-06T17:08:42.120+0000] {subprocess.py:93} INFO -   File "scrapers/spiders/avito_ma.py", line 93, in <module>
[2026-05-06T17:08:42.121+0000] {subprocess.py:93} INFO -     scrape_avito()
[2026-05-06T17:08:42.122+0000] {subprocess.py:93} INFO -   File "scrapers/spiders/avito_ma.py", line 25, in scrape_avito
[2026-05-06T17:08:42.133+0000] {subprocess.py:93} INFO -     driver = webdriver.Chrome(service=Service(ChromeDriverManager().install()), options=options)
[2026-05-06T17:08:42.135+0000] {subprocess.py:93} INFO -   File "/home/***/.local/lib/python3.8/site-packages/webdriver_manager/chrome.py", line 40, in install
[2026-05-06T17:08:42.136+0000] {subprocess.py:93} INFO -     driver_path = self._get_driver_binary_path(self.driver)
[2026-05-06T17:08:42.137+0000] {subprocess.py:93} INFO -   File "/home/***/.local/lib/python3.8/site-packages/webdriver_manager/core/manager.py", line 40, in _get_driver_binary_path
[2026-05-06T17:08:42.149+0000] {subprocess.py:93} INFO -     file = self._download_manager.download_file(driver.get_driver_download_url(os_type))
[2026-05-06T17:08:42.151+0000] {subprocess.py:93} INFO -   File "/home/***/.local/lib/python3.8/site-packages/webdriver_manager/drivers/chrome.py", line 32, in get_driver_download_url
[2026-05-06T17:08:42.153+0000] {subprocess.py:93} INFO -     driver_version_to_download = self.get_driver_version_to_download()
[2026-05-06T17:08:42.159+0000] {subprocess.py:93} INFO -   File "/home/***/.local/lib/python3.8/site-packages/webdriver_manager/core/driver.py", line 48, in get_driver_version_to_download
[2026-05-06T17:08:42.162+0000] {subprocess.py:93} INFO -     return self.get_latest_release_version()
[2026-05-06T17:08:42.179+0000] {subprocess.py:93} INFO -   File "/home/***/.local/lib/python3.8/site-packages/webdriver_manager/drivers/chrome.py", line 70, in get_latest_release_version
[2026-05-06T17:08:42.183+0000] {subprocess.py:93} INFO -     resp = self._http_client.get(url=latest_release_url)
[2026-05-06T17:08:42.184+0000] {subprocess.py:93} INFO -   File "/home/***/.local/lib/python3.8/site-packages/webdriver_manager/core/http.py", line 35, in get
[2026-05-06T17:08:42.195+0000] {subprocess.py:93} INFO -     raise exceptions.ConnectionError(f"Could not reach host. Are you offline?")
[2026-05-06T17:08:42.200+0000] {subprocess.py:93} INFO - requests.exceptions.ConnectionError: Could not reach host. Are you offline?
[2026-05-06T17:08:42.212+0000] {subprocess.py:93} INFO - Avito done with warnings
[2026-05-06T17:08:42.215+0000] {subprocess.py:97} INFO - Command exited with return code 0
[2026-05-06T17:08:42.436+0000] {taskinstance.py:1138} INFO - Marking task as SUCCESS. dag_id=price_intelligence_pipeline, task_id=scrape_avito, execution_date=20260506T160000, start_date=20260506T170831, end_date=20260506T170842
[2026-05-06T17:08:42.574+0000] {local_task_job_runner.py:234} INFO - Task exited with return code 0
[2026-05-06T17:08:42.719+0000] {taskinstance.py:3280} INFO - 1 downstream tasks scheduled from follow-on schedule check
