[2026-06-11T11:42:27.083+0000] {taskinstance.py:1956} INFO - Dependencies all met for dep_context=non-requeueable deps ti=<TaskInstance: price_intelligence_pipeline.dbt_run scheduled__2026-06-10T18:00:00+00:00 [queued]>
[2026-06-11T11:42:27.103+0000] {taskinstance.py:1956} INFO - Dependencies all met for dep_context=requeueable deps ti=<TaskInstance: price_intelligence_pipeline.dbt_run scheduled__2026-06-10T18:00:00+00:00 [queued]>
[2026-06-11T11:42:27.104+0000] {taskinstance.py:2170} INFO - Starting attempt 1 of 2
[2026-06-11T11:42:27.130+0000] {taskinstance.py:2191} INFO - Executing <Task(BashOperator): dbt_run> on 2026-06-10 18:00:00+00:00
[2026-06-11T11:42:27.138+0000] {standard_task_runner.py:60} INFO - Started process 6976 to run task
[2026-06-11T11:42:27.145+0000] {standard_task_runner.py:87} INFO - Running: ['***', 'tasks', 'run', 'price_intelligence_pipeline', 'dbt_run', 'scheduled__2026-06-10T18:00:00+00:00', '--job-id', '1975', '--raw', '--subdir', 'DAGS_FOLDER/price_intelligence_dag.py', '--cfg-path', '/tmp/tmpvkd9jdt1']
[2026-06-11T11:42:27.149+0000] {standard_task_runner.py:88} INFO - Job 1975: Subtask dbt_run
[2026-06-11T11:42:27.332+0000] {task_command.py:423} INFO - Running <TaskInstance: price_intelligence_pipeline.dbt_run scheduled__2026-06-10T18:00:00+00:00 [running]> on host 91e0d3a0a233
[2026-06-11T11:42:27.609+0000] {taskinstance.py:2480} INFO - Exporting env vars: AIRFLOW_CTX_DAG_OWNER='***' AIRFLOW_CTX_DAG_ID='price_intelligence_pipeline' AIRFLOW_CTX_TASK_ID='dbt_run' AIRFLOW_CTX_EXECUTION_DATE='2026-06-10T18:00:00+00:00' AIRFLOW_CTX_TRY_NUMBER='1' AIRFLOW_CTX_DAG_RUN_ID='scheduled__2026-06-10T18:00:00+00:00'
[2026-06-11T11:42:27.612+0000] {subprocess.py:63} INFO - Tmp dir root location: /tmp
[2026-06-11T11:42:27.615+0000] {subprocess.py:75} INFO - Running command: ['/usr/bin/bash', '-c', '\n            set -e\n            cd /opt/***/dbt\n            export GOOGLE_APPLICATION_CREDENTIALS=/opt/***/gcp-credentials-new.json\n            /home/***/.local/bin/dbt run --full-refresh --profiles-dir . --project-dir .\n            echo dbt done\n        ']
[2026-06-11T11:42:27.656+0000] {subprocess.py:86} INFO - Output:
[2026-06-11T11:42:37.794+0000] {subprocess.py:93} INFO - [0m11:42:37  Running with dbt=1.8.7
[2026-06-11T11:42:39.471+0000] {subprocess.py:93} INFO - [0m11:42:39  Registered adapter: bigquery=1.8.3
[2026-06-11T11:42:40.775+0000] {subprocess.py:93} INFO - [0m11:42:40  Found 3 models, 1 seed, 7 data tests, 1 source, 479 macros
[2026-06-11T11:42:40.782+0000] {subprocess.py:93} INFO - [0m11:42:40
[2026-06-11T11:42:42.753+0000] {subprocess.py:93} INFO - [0m11:42:42  Concurrency: 4 threads (target='dev')
[2026-06-11T11:42:42.754+0000] {subprocess.py:93} INFO - [0m11:42:42
[2026-06-11T11:42:42.764+0000] {subprocess.py:93} INFO - [0m11:42:42  1 of 3 START sql view model price_intelligence_dbt.stg_prices .................. [RUN]
[2026-06-11T11:42:52.568+0000] {subprocess.py:93} INFO - [0m11:42:52  1 of 3 OK created sql view model price_intelligence_dbt.stg_prices ............. [[32mCREATE VIEW (0 processed)[0m in 9.79s]
[2026-06-11T11:42:52.584+0000] {subprocess.py:93} INFO - [0m11:42:52  2 of 3 START sql table model price_intelligence_dbt.prices_cleaned ............. [RUN]
[2026-06-11T11:42:56.733+0000] {subprocess.py:93} INFO - [0m11:42:56  2 of 3 OK created sql table model price_intelligence_dbt.prices_cleaned ........ [[32mCREATE TABLE (10.5k rows, 4.2 MiB processed)[0m in 4.15s]
[2026-06-11T11:42:56.739+0000] {subprocess.py:93} INFO - [0m11:42:56  3 of 3 START sql table model price_intelligence_dbt.prices_aggregated .......... [RUN]
[2026-06-11T11:43:01.734+0000] {subprocess.py:93} INFO - [0m11:43:01  3 of 3 OK created sql table model price_intelligence_dbt.prices_aggregated ..... [[32mCREATE TABLE (11.0 rows, 475.6 KiB processed)[0m in 4.99s]
[2026-06-11T11:43:01.752+0000] {subprocess.py:93} INFO - [0m11:43:01
[2026-06-11T11:43:01.756+0000] {subprocess.py:93} INFO - [0m11:43:01  Finished running 1 view model, 2 table models in 0 hours 0 minutes and 20.97 seconds (20.97s).
[2026-06-11T11:43:01.942+0000] {subprocess.py:93} INFO - [0m11:43:01
[2026-06-11T11:43:01.944+0000] {subprocess.py:93} INFO - [0m11:43:01  [32mCompleted successfully[0m
[2026-06-11T11:43:01.946+0000] {subprocess.py:93} INFO - [0m11:43:01
[2026-06-11T11:43:01.948+0000] {subprocess.py:93} INFO - [0m11:43:01  Done. PASS=3 WARN=0 ERROR=0 SKIP=0 TOTAL=3
[2026-06-11T11:43:06.614+0000] {subprocess.py:93} INFO - dbt done
[2026-06-11T11:43:06.621+0000] {subprocess.py:97} INFO - Command exited with return code 0
[2026-06-11T11:43:06.708+0000] {taskinstance.py:1138} INFO - Marking task as SUCCESS. dag_id=price_intelligence_pipeline, task_id=dbt_run, execution_date=20260610T180000, start_date=20260611T114227, end_date=20260611T114306
[2026-06-11T11:43:06.786+0000] {local_task_job_runner.py:234} INFO - Task exited with return code 0
[2026-06-11T11:43:06.882+0000] {taskinstance.py:3280} INFO - 0 downstream tasks scheduled from follow-on schedule check
