[2026-05-05T21:26:12.911+0000] {taskinstance.py:1956} INFO - Dependencies all met for dep_context=non-requeueable deps ti=<TaskInstance: price_intelligence_pipeline.scrape_electroplanet manual__2026-05-05T20:35:20.305162+00:00 [queued]>
[2026-05-05T21:26:12.952+0000] {taskinstance.py:1956} INFO - Dependencies all met for dep_context=requeueable deps ti=<TaskInstance: price_intelligence_pipeline.scrape_electroplanet manual__2026-05-05T20:35:20.305162+00:00 [queued]>
[2026-05-05T21:26:12.954+0000] {taskinstance.py:2170} INFO - Starting attempt 1 of 3
[2026-05-05T21:26:13.014+0000] {taskinstance.py:2191} INFO - Executing <Task(BashOperator): scrape_electroplanet> on 2026-05-05 20:35:20.305162+00:00
[2026-05-05T21:26:13.041+0000] {standard_task_runner.py:60} INFO - Started process 6275 to run task
[2026-05-05T21:26:13.061+0000] {standard_task_runner.py:87} INFO - Running: ['***', 'tasks', 'run', 'price_intelligence_pipeline', 'scrape_electroplanet', 'manual__2026-05-05T20:35:20.305162+00:00', '--job-id', '362', '--raw', '--subdir', 'DAGS_FOLDER/price_intelligence_dag.py', '--cfg-path', '/tmp/tmpuym_s_g2']
[2026-05-05T21:26:13.080+0000] {standard_task_runner.py:88} INFO - Job 362: Subtask scrape_electroplanet
[2026-05-05T21:26:13.388+0000] {task_command.py:423} INFO - Running <TaskInstance: price_intelligence_pipeline.scrape_electroplanet manual__2026-05-05T20:35:20.305162+00:00 [running]> on host 25ef6dfa8bdc
[2026-05-05T21:26:13.831+0000] {taskinstance.py:2480} INFO - Exporting env vars: AIRFLOW_CTX_DAG_OWNER='***' AIRFLOW_CTX_DAG_ID='price_intelligence_pipeline' AIRFLOW_CTX_TASK_ID='scrape_electroplanet' AIRFLOW_CTX_EXECUTION_DATE='2026-05-05T20:35:20.305162+00:00' AIRFLOW_CTX_TRY_NUMBER='1' AIRFLOW_CTX_DAG_RUN_ID='manual__2026-05-05T20:35:20.305162+00:00'
[2026-05-05T21:26:13.835+0000] {subprocess.py:63} INFO - Tmp dir root location: /tmp
[2026-05-05T21:26:13.841+0000] {subprocess.py:75} INFO - Running command: ['/usr/bin/bash', '-c', '\n            cd /opt/***\n            mkdir -p data/raw\n            export DISPLAY=:99\n            python3 scrapers/spiders/electroplanet_ma.py || echo "Electroplanet done with warnings"\n        ']
[2026-05-05T21:26:13.901+0000] {subprocess.py:86} INFO - Output:
[2026-05-05T21:26:19.698+0000] {subprocess.py:93} INFO - 
[2026-05-05T21:26:19.702+0000] {subprocess.py:93} INFO - [Electroplanet] Scraping : smartphones
[2026-05-05T21:26:19.706+0000] {subprocess.py:93} INFO - Traceback (most recent call last):
[2026-05-05T21:26:19.707+0000] {subprocess.py:93} INFO -   File "/home/***/.local/lib/python3.8/site-packages/urllib3/connection.py", line 174, in _new_conn
[2026-05-05T21:26:19.709+0000] {subprocess.py:93} INFO -     conn = connection.create_connection(
[2026-05-05T21:26:19.710+0000] {subprocess.py:93} INFO -   File "/home/***/.local/lib/python3.8/site-packages/urllib3/util/connection.py", line 72, in create_connection
[2026-05-05T21:26:19.711+0000] {subprocess.py:93} INFO -     for res in socket.getaddrinfo(host, port, family, socket.SOCK_STREAM):
[2026-05-05T21:26:19.712+0000] {subprocess.py:93} INFO -   File "/usr/local/lib/python3.8/socket.py", line 918, in getaddrinfo
[2026-05-05T21:26:19.716+0000] {subprocess.py:93} INFO -     for res in _socket.getaddrinfo(host, port, family, type, proto, flags):
[2026-05-05T21:26:19.723+0000] {subprocess.py:93} INFO - socket.gaierror: [Errno -5] No address associated with hostname
[2026-05-05T21:26:19.725+0000] {subprocess.py:93} INFO - 
[2026-05-05T21:26:19.726+0000] {subprocess.py:93} INFO - During handling of the above exception, another exception occurred:
[2026-05-05T21:26:19.727+0000] {subprocess.py:93} INFO - 
[2026-05-05T21:26:19.728+0000] {subprocess.py:93} INFO - Traceback (most recent call last):
[2026-05-05T21:26:19.729+0000] {subprocess.py:93} INFO -   File "/home/***/.local/lib/python3.8/site-packages/urllib3/connectionpool.py", line 715, in urlopen
[2026-05-05T21:26:19.734+0000] {subprocess.py:93} INFO -     httplib_response = self._make_request(
[2026-05-05T21:26:19.739+0000] {subprocess.py:93} INFO -   File "/home/***/.local/lib/python3.8/site-packages/urllib3/connectionpool.py", line 404, in _make_request
[2026-05-05T21:26:19.741+0000] {subprocess.py:93} INFO -     self._validate_conn(conn)
[2026-05-05T21:26:19.752+0000] {subprocess.py:93} INFO -   File "/home/***/.local/lib/python3.8/site-packages/urllib3/connectionpool.py", line 1058, in _validate_conn
[2026-05-05T21:26:19.757+0000] {subprocess.py:93} INFO -     conn.connect()
[2026-05-05T21:26:19.758+0000] {subprocess.py:93} INFO -   File "/home/***/.local/lib/python3.8/site-packages/urllib3/connection.py", line 363, in connect
[2026-05-05T21:26:19.759+0000] {subprocess.py:93} INFO -     self.sock = conn = self._new_conn()
[2026-05-05T21:26:19.760+0000] {subprocess.py:93} INFO -   File "/home/***/.local/lib/python3.8/site-packages/urllib3/connection.py", line 186, in _new_conn
[2026-05-05T21:26:19.762+0000] {subprocess.py:93} INFO -     raise NewConnectionError(
[2026-05-05T21:26:19.780+0000] {subprocess.py:93} INFO - urllib3.exceptions.NewConnectionError: <urllib3.connection.HTTPSConnection object at 0x7682d154e580>: Failed to establish a new connection: [Errno -5] No address associated with hostname
[2026-05-05T21:26:19.798+0000] {subprocess.py:93} INFO - 
[2026-05-05T21:26:19.804+0000] {subprocess.py:93} INFO - During handling of the above exception, another exception occurred:
[2026-05-05T21:26:19.806+0000] {subprocess.py:93} INFO - 
[2026-05-05T21:26:19.808+0000] {subprocess.py:93} INFO - Traceback (most recent call last):
[2026-05-05T21:26:19.822+0000] {subprocess.py:93} INFO -   File "/home/***/.local/lib/python3.8/site-packages/requests/adapters.py", line 486, in send
[2026-05-05T21:26:19.824+0000] {subprocess.py:93} INFO -     resp = conn.urlopen(
[2026-05-05T21:26:19.825+0000] {subprocess.py:93} INFO -   File "/home/***/.local/lib/python3.8/site-packages/urllib3/connectionpool.py", line 799, in urlopen
[2026-05-05T21:26:19.827+0000] {subprocess.py:93} INFO -     retries = retries.increment(
[2026-05-05T21:26:19.828+0000] {subprocess.py:93} INFO -   File "/home/***/.local/lib/python3.8/site-packages/urllib3/util/retry.py", line 592, in increment
[2026-05-05T21:26:19.830+0000] {subprocess.py:93} INFO -     raise MaxRetryError(_pool, url, error or ResponseError(cause))
[2026-05-05T21:26:19.831+0000] {subprocess.py:93} INFO - urllib3.exceptions.MaxRetryError: HTTPSConnectionPool(host='chromedriver.storage.googleapis.com', port=443): Max retries exceeded with url: /LATEST_RELEASE (Caused by NewConnectionError('<urllib3.connection.HTTPSConnection object at 0x7682d154e580>: Failed to establish a new connection: [Errno -5] No address associated with hostname'))
[2026-05-05T21:26:19.832+0000] {subprocess.py:93} INFO - 
[2026-05-05T21:26:19.835+0000] {subprocess.py:93} INFO - During handling of the above exception, another exception occurred:
[2026-05-05T21:26:19.839+0000] {subprocess.py:93} INFO - 
[2026-05-05T21:26:19.840+0000] {subprocess.py:93} INFO - Traceback (most recent call last):
[2026-05-05T21:26:19.841+0000] {subprocess.py:93} INFO -   File "/home/***/.local/lib/python3.8/site-packages/webdriver_manager/core/http.py", line 32, in get
[2026-05-05T21:26:19.842+0000] {subprocess.py:93} INFO -     resp = requests.get(
[2026-05-05T21:26:19.845+0000] {subprocess.py:93} INFO -   File "/home/***/.local/lib/python3.8/site-packages/requests/api.py", line 73, in get
[2026-05-05T21:26:19.846+0000] {subprocess.py:93} INFO -     return request("get", url, params=params, **kwargs)
[2026-05-05T21:26:19.847+0000] {subprocess.py:93} INFO -   File "/home/***/.local/lib/python3.8/site-packages/requests/api.py", line 59, in request
[2026-05-05T21:26:19.848+0000] {subprocess.py:93} INFO -     return session.request(method=method, url=url, **kwargs)
[2026-05-05T21:26:19.849+0000] {subprocess.py:93} INFO -   File "/home/***/.local/lib/python3.8/site-packages/requests/sessions.py", line 589, in request
[2026-05-05T21:26:19.851+0000] {subprocess.py:93} INFO -     resp = self.send(prep, **send_kwargs)
[2026-05-05T21:26:19.853+0000] {subprocess.py:93} INFO -   File "/home/***/.local/lib/python3.8/site-packages/requests/sessions.py", line 703, in send
[2026-05-05T21:26:19.854+0000] {subprocess.py:93} INFO -     r = adapter.send(request, **kwargs)
[2026-05-05T21:26:19.855+0000] {subprocess.py:93} INFO -   File "/home/***/.local/lib/python3.8/site-packages/requests/adapters.py", line 519, in send
[2026-05-05T21:26:19.856+0000] {subprocess.py:93} INFO -     raise ConnectionError(e, request=request)
[2026-05-05T21:26:19.857+0000] {subprocess.py:93} INFO - requests.exceptions.ConnectionError: HTTPSConnectionPool(host='chromedriver.storage.googleapis.com', port=443): Max retries exceeded with url: /LATEST_RELEASE (Caused by NewConnectionError('<urllib3.connection.HTTPSConnection object at 0x7682d154e580>: Failed to establish a new connection: [Errno -5] No address associated with hostname'))
[2026-05-05T21:26:19.859+0000] {subprocess.py:93} INFO - 
[2026-05-05T21:26:19.861+0000] {subprocess.py:93} INFO - During handling of the above exception, another exception occurred:
[2026-05-05T21:26:19.862+0000] {subprocess.py:93} INFO - 
[2026-05-05T21:26:19.863+0000] {subprocess.py:93} INFO - Traceback (most recent call last):
[2026-05-05T21:26:19.864+0000] {subprocess.py:93} INFO -   File "scrapers/spiders/electroplanet_ma.py", line 162, in <module>
[2026-05-05T21:26:19.866+0000] {subprocess.py:93} INFO -     scrape_electroplanet()
[2026-05-05T21:26:19.867+0000] {subprocess.py:93} INFO -   File "scrapers/spiders/electroplanet_ma.py", line 73, in scrape_electroplanet
[2026-05-05T21:26:19.868+0000] {subprocess.py:93} INFO -     driver = get_driver()
[2026-05-05T21:26:19.869+0000] {subprocess.py:93} INFO -   File "scrapers/spiders/electroplanet_ma.py", line 63, in get_driver
[2026-05-05T21:26:19.870+0000] {subprocess.py:93} INFO -     return webdriver.Chrome(service=Service(ChromeDriverManager().install()), options=opts)
[2026-05-05T21:26:19.871+0000] {subprocess.py:93} INFO -   File "/home/***/.local/lib/python3.8/site-packages/webdriver_manager/chrome.py", line 40, in install
[2026-05-05T21:26:19.871+0000] {subprocess.py:93} INFO -     driver_path = self._get_driver_binary_path(self.driver)
[2026-05-05T21:26:19.872+0000] {subprocess.py:93} INFO -   File "/home/***/.local/lib/python3.8/site-packages/webdriver_manager/core/manager.py", line 40, in _get_driver_binary_path
[2026-05-05T21:26:19.873+0000] {subprocess.py:93} INFO -     file = self._download_manager.download_file(driver.get_driver_download_url(os_type))
[2026-05-05T21:26:19.877+0000] {subprocess.py:93} INFO -   File "/home/***/.local/lib/python3.8/site-packages/webdriver_manager/drivers/chrome.py", line 32, in get_driver_download_url
[2026-05-05T21:26:19.878+0000] {subprocess.py:93} INFO -     driver_version_to_download = self.get_driver_version_to_download()
[2026-05-05T21:26:19.879+0000] {subprocess.py:93} INFO -   File "/home/***/.local/lib/python3.8/site-packages/webdriver_manager/core/driver.py", line 48, in get_driver_version_to_download
[2026-05-05T21:26:19.886+0000] {subprocess.py:93} INFO -     return self.get_latest_release_version()
[2026-05-05T21:26:19.887+0000] {subprocess.py:93} INFO -   File "/home/***/.local/lib/python3.8/site-packages/webdriver_manager/drivers/chrome.py", line 70, in get_latest_release_version
[2026-05-05T21:26:19.888+0000] {subprocess.py:93} INFO -     resp = self._http_client.get(url=latest_release_url)
[2026-05-05T21:26:19.889+0000] {subprocess.py:93} INFO -   File "/home/***/.local/lib/python3.8/site-packages/webdriver_manager/core/http.py", line 35, in get
[2026-05-05T21:26:19.891+0000] {subprocess.py:93} INFO -     raise exceptions.ConnectionError(f"Could not reach host. Are you offline?")
[2026-05-05T21:26:19.896+0000] {subprocess.py:93} INFO - requests.exceptions.ConnectionError: Could not reach host. Are you offline?
[2026-05-05T21:26:19.897+0000] {subprocess.py:93} INFO - Electroplanet done with warnings
[2026-05-05T21:26:19.900+0000] {subprocess.py:97} INFO - Command exited with return code 0
[2026-05-05T21:26:20.018+0000] {taskinstance.py:1138} INFO - Marking task as SUCCESS. dag_id=price_intelligence_pipeline, task_id=scrape_electroplanet, execution_date=20260505T203520, start_date=20260505T212612, end_date=20260505T212620
[2026-05-05T21:26:20.095+0000] {local_task_job_runner.py:234} INFO - Task exited with return code 0
[2026-05-05T21:26:20.219+0000] {taskinstance.py:3280} INFO - 1 downstream tasks scheduled from follow-on schedule check
