[2026-05-03T13:38:02.633+0000] {taskinstance.py:1956} INFO - Dependencies all met for dep_context=non-requeueable deps ti=<TaskInstance: price_intelligence_pipeline.load_bigtable scheduled__2026-05-02T08:00:00+00:00 [queued]>
[2026-05-03T13:38:02.669+0000] {taskinstance.py:1956} INFO - Dependencies all met for dep_context=requeueable deps ti=<TaskInstance: price_intelligence_pipeline.load_bigtable scheduled__2026-05-02T08:00:00+00:00 [queued]>
[2026-05-03T13:38:02.671+0000] {taskinstance.py:2170} INFO - Starting attempt 1 of 3
[2026-05-03T13:38:02.734+0000] {taskinstance.py:2191} INFO - Executing <Task(PythonOperator): load_bigtable> on 2026-05-02 08:00:00+00:00
[2026-05-03T13:38:02.755+0000] {standard_task_runner.py:60} INFO - Started process 12401 to run task
[2026-05-03T13:38:02.766+0000] {standard_task_runner.py:87} INFO - Running: ['***', 'tasks', 'run', 'price_intelligence_pipeline', 'load_bigtable', 'scheduled__2026-05-02T08:00:00+00:00', '--job-id', '155', '--raw', '--subdir', 'DAGS_FOLDER/price_intelligence_dag.py', '--cfg-path', '/tmp/tmppeo0s27z']
[2026-05-03T13:38:02.776+0000] {standard_task_runner.py:88} INFO - Job 155: Subtask load_bigtable
[2026-05-03T13:38:03.062+0000] {task_command.py:423} INFO - Running <TaskInstance: price_intelligence_pipeline.load_bigtable scheduled__2026-05-02T08:00:00+00:00 [running]> on host 25ef6dfa8bdc
[2026-05-03T13:38:03.571+0000] {taskinstance.py:2480} INFO - Exporting env vars: AIRFLOW_CTX_DAG_OWNER='price_intelligence' AIRFLOW_CTX_DAG_ID='price_intelligence_pipeline' AIRFLOW_CTX_TASK_ID='load_bigtable' AIRFLOW_CTX_EXECUTION_DATE='2026-05-02T08:00:00+00:00' AIRFLOW_CTX_TRY_NUMBER='1' AIRFLOW_CTX_DAG_RUN_ID='scheduled__2026-05-02T08:00:00+00:00'
[2026-05-03T13:38:03.674+0000] {_default.py:683} WARNING - No project ID could be determined. Consider running `gcloud config set project` or setting the GOOGLE_CLOUD_PROJECT environment variable
[2026-05-03T13:38:04.046+0000] {logging_mixin.py:188} INFO - 📦 Traitement jumia_ma: 4803 produits...
[2026-05-03T13:38:23.600+0000] {logging_mixin.py:188} INFO -   ✅ Batch de 500 produits envoyé!
[2026-05-03T13:38:30.757+0000] {logging_mixin.py:188} INFO -   ✅ Batch de 500 produits envoyé!
[2026-05-03T13:38:37.364+0000] {logging_mixin.py:188} INFO -   ✅ Batch de 500 produits envoyé!
[2026-05-03T13:38:44.554+0000] {logging_mixin.py:188} INFO -   ✅ Batch de 500 produits envoyé!
[2026-05-03T13:38:51.798+0000] {logging_mixin.py:188} INFO -   ✅ Batch de 500 produits envoyé!
[2026-05-03T13:38:57.196+0000] {logging_mixin.py:188} INFO -   ✅ Batch de 500 produits envoyé!
[2026-05-03T13:39:03.479+0000] {logging_mixin.py:188} INFO -   ✅ Batch de 500 produits envoyé!
[2026-05-03T13:39:09.823+0000] {logging_mixin.py:188} INFO -   ✅ Batch de 500 produits envoyé!
[2026-05-03T13:39:15.288+0000] {logging_mixin.py:188} INFO -   ✅ Batch de 500 produits envoyé!
[2026-05-03T13:39:15.890+0000] {logging_mixin.py:188} INFO - 📦 Traitement avito_ma: 1710 produits...
[2026-05-03T13:39:20.970+0000] {logging_mixin.py:188} INFO -   ✅ Batch de 500 produits envoyé!
[2026-05-03T13:39:24.575+0000] {logging_mixin.py:188} INFO -   ✅ Batch de 500 produits envoyé!
[2026-05-03T13:39:29.444+0000] {logging_mixin.py:188} INFO -   ✅ Batch de 500 produits envoyé!
[2026-05-03T13:39:35.799+0000] {logging_mixin.py:188} INFO -   ✅ Batch de 500 produits envoyé!
[2026-05-03T13:39:35.898+0000] {logging_mixin.py:188} INFO - 📦 Traitement amazon_ma: 794 produits...
[2026-05-03T13:39:45.119+0000] {logging_mixin.py:188} INFO -   ✅ Batch de 500 produits envoyé!
[2026-05-03T13:39:45.382+0000] {logging_mixin.py:188} INFO - 📦 Traitement electroplanet_ma: 179 produits...
[2026-05-03T13:39:51.692+0000] {logging_mixin.py:188} INFO -   ✅ Batch de 486 produits envoyé!
[2026-05-03T13:39:51.693+0000] {logging_mixin.py:188} INFO - 
✅ TOTAL: 7486 produits chargés dans Bigtable!
[2026-05-03T13:39:51.694+0000] {logging_mixin.py:188} INFO -    Column families: price_cf ✅ metadata_cf ✅ agg_cf ✅
[2026-05-03T13:39:51.696+0000] {logging_mixin.py:188} INFO -    Row key format: product_id#timestamp ✅
[2026-05-03T13:39:51.702+0000] {python.py:201} INFO - Done. Returned value was: 7486
[2026-05-03T13:39:51.754+0000] {taskinstance.py:1138} INFO - Marking task as SUCCESS. dag_id=price_intelligence_pipeline, task_id=load_bigtable, execution_date=20260502T080000, start_date=20260503T133802, end_date=20260503T133951
[2026-05-03T13:39:51.800+0000] {local_task_job_runner.py:234} INFO - Task exited with return code 0
[2026-05-03T13:39:51.839+0000] {taskinstance.py:3280} INFO - 1 downstream tasks scheduled from follow-on schedule check
