[2026-05-06T15:05:34.090+0000] {taskinstance.py:1956} INFO - Dependencies all met for dep_context=non-requeueable deps ti=<TaskInstance: price_intelligence_pipeline.dbt_run manual__2026-05-06T15:02:51.600644+00:00 [queued]>
[2026-05-06T15:05:34.101+0000] {taskinstance.py:1956} INFO - Dependencies all met for dep_context=requeueable deps ti=<TaskInstance: price_intelligence_pipeline.dbt_run manual__2026-05-06T15:02:51.600644+00:00 [queued]>
[2026-05-06T15:05:34.102+0000] {taskinstance.py:2170} INFO - Starting attempt 1 of 2
[2026-05-06T15:05:34.119+0000] {taskinstance.py:2191} INFO - Executing <Task(BashOperator): dbt_run> on 2026-05-06 15:02:51.600644+00:00
[2026-05-06T15:05:34.125+0000] {standard_task_runner.py:60} INFO - Started process 19351 to run task
[2026-05-06T15:05:34.131+0000] {standard_task_runner.py:87} INFO - Running: ['***', 'tasks', 'run', 'price_intelligence_pipeline', 'dbt_run', 'manual__2026-05-06T15:02:51.600644+00:00', '--job-id', '590', '--raw', '--subdir', 'DAGS_FOLDER/price_intelligence_dag.py', '--cfg-path', '/tmp/tmpclc77tun']
[2026-05-06T15:05:34.134+0000] {standard_task_runner.py:88} INFO - Job 590: Subtask dbt_run
[2026-05-06T15:05:34.223+0000] {task_command.py:423} INFO - Running <TaskInstance: price_intelligence_pipeline.dbt_run manual__2026-05-06T15:02:51.600644+00:00 [running]> on host 25ef6dfa8bdc
[2026-05-06T15:05:34.351+0000] {taskinstance.py:2480} INFO - Exporting env vars: AIRFLOW_CTX_DAG_OWNER='***' AIRFLOW_CTX_DAG_ID='price_intelligence_pipeline' AIRFLOW_CTX_TASK_ID='dbt_run' AIRFLOW_CTX_EXECUTION_DATE='2026-05-06T15:02:51.600644+00:00' AIRFLOW_CTX_TRY_NUMBER='1' AIRFLOW_CTX_DAG_RUN_ID='manual__2026-05-06T15:02:51.600644+00:00'
[2026-05-06T15:05:34.353+0000] {subprocess.py:63} INFO - Tmp dir root location: /tmp
[2026-05-06T15:05:34.355+0000] {subprocess.py:75} INFO - Running command: ['/usr/bin/bash', '-c', '\n            set -e\n            cd /opt/***/dbt\n            export GOOGLE_APPLICATION_CREDENTIALS=/opt/***/gcp-credentials-new.json\n            /home/***/.local/bin/dbt run --select stg_prices --profiles-dir . --project-dir .\n            /home/***/.local/bin/dbt run --select prices_cleaned --profiles-dir . --project-dir .\n            /home/***/.local/bin/dbt run --select prices_aggregated --profiles-dir . --project-dir .\n            echo dbt done\n        ']
[2026-05-06T15:05:34.373+0000] {subprocess.py:86} INFO - Output:
[2026-05-06T15:05:38.821+0000] {subprocess.py:93} INFO - [0m15:05:38  Running with dbt=1.8.7
[2026-05-06T15:05:42.278+0000] {subprocess.py:93} INFO - [0m15:05:42  Registered adapter: bigquery=1.8.3
[2026-05-06T15:05:44.120+0000] {subprocess.py:93} INFO - [0m15:05:44  Found 3 models, 1 seed, 7 data tests, 1 source, 479 macros
[2026-05-06T15:05:44.124+0000] {subprocess.py:93} INFO - [0m15:05:44
[2026-05-06T15:05:53.064+0000] {subprocess.py:93} INFO - [0m15:05:53  Concurrency: 4 threads (target='dev')
[2026-05-06T15:05:53.065+0000] {subprocess.py:93} INFO - [0m15:05:53
[2026-05-06T15:05:53.087+0000] {subprocess.py:93} INFO - [0m15:05:53  1 of 1 START sql view model price_intelligence_dbt.stg_prices .................. [RUN]
[2026-05-06T15:05:54.813+0000] {subprocess.py:93} INFO - [0m15:05:54  1 of 1 OK created sql view model price_intelligence_dbt.stg_prices ............. [[32mCREATE VIEW (0 processed)[0m in 1.72s]
[2026-05-06T15:05:54.822+0000] {subprocess.py:93} INFO - [0m15:05:54
[2026-05-06T15:05:54.823+0000] {subprocess.py:93} INFO - [0m15:05:54  Finished running 1 view model in 0 hours 0 minutes and 10.70 seconds (10.70s).
[2026-05-06T15:05:54.919+0000] {subprocess.py:93} INFO - [0m15:05:54
[2026-05-06T15:05:54.921+0000] {subprocess.py:93} INFO - [0m15:05:54  [32mCompleted successfully[0m
[2026-05-06T15:05:54.922+0000] {subprocess.py:93} INFO - [0m15:05:54
[2026-05-06T15:05:54.923+0000] {subprocess.py:93} INFO - [0m15:05:54  Done. PASS=1 WARN=0 ERROR=0 SKIP=0 TOTAL=1
[2026-05-06T15:06:02.035+0000] {subprocess.py:93} INFO - [0m15:06:02  Running with dbt=1.8.7
[2026-05-06T15:06:03.599+0000] {subprocess.py:93} INFO - [0m15:06:03  Registered adapter: bigquery=1.8.3
[2026-05-06T15:06:04.347+0000] {subprocess.py:93} INFO - [0m15:06:04  Found 3 models, 1 seed, 7 data tests, 1 source, 479 macros
[2026-05-06T15:06:04.350+0000] {subprocess.py:93} INFO - [0m15:06:04
[2026-05-06T15:06:05.810+0000] {subprocess.py:93} INFO - [0m15:06:05  Concurrency: 4 threads (target='dev')
[2026-05-06T15:06:05.811+0000] {subprocess.py:93} INFO - [0m15:06:05
[2026-05-06T15:06:05.822+0000] {subprocess.py:93} INFO - [0m15:06:05  1 of 1 START sql table model price_intelligence_dbt.prices_cleaned ............. [RUN]
[2026-05-06T15:06:09.819+0000] {subprocess.py:93} INFO - [0m15:06:09  1 of 1 OK created sql table model price_intelligence_dbt.prices_cleaned ........ [[32mCREATE TABLE (5.0k rows, 729.3 KiB processed)[0m in 3.99s]
[2026-05-06T15:06:09.827+0000] {subprocess.py:93} INFO - [0m15:06:09
[2026-05-06T15:06:09.828+0000] {subprocess.py:93} INFO - [0m15:06:09  Finished running 1 table model in 0 hours 0 minutes and 5.48 seconds (5.48s).
[2026-05-06T15:06:09.944+0000] {subprocess.py:93} INFO - [0m15:06:09
[2026-05-06T15:06:09.945+0000] {subprocess.py:93} INFO - [0m15:06:09  [32mCompleted successfully[0m
[2026-05-06T15:06:09.946+0000] {subprocess.py:93} INFO - [0m15:06:09
[2026-05-06T15:06:09.947+0000] {subprocess.py:93} INFO - [0m15:06:09  Done. PASS=1 WARN=0 ERROR=0 SKIP=0 TOTAL=1
[2026-05-06T15:06:15.883+0000] {subprocess.py:93} INFO - [0m15:06:15  Running with dbt=1.8.7
[2026-05-06T15:06:19.155+0000] {subprocess.py:93} INFO - [0m15:06:19  Registered adapter: bigquery=1.8.3
[2026-05-06T15:06:21.298+0000] {subprocess.py:93} INFO - [0m15:06:21  Found 3 models, 1 seed, 7 data tests, 1 source, 479 macros
[2026-05-06T15:06:21.305+0000] {subprocess.py:93} INFO - [0m15:06:21
[2026-05-06T15:06:23.136+0000] {subprocess.py:93} INFO - [0m15:06:23  Concurrency: 4 threads (target='dev')
[2026-05-06T15:06:23.138+0000] {subprocess.py:93} INFO - [0m15:06:23
[2026-05-06T15:06:23.163+0000] {subprocess.py:93} INFO - [0m15:06:23  1 of 1 START sql table model price_intelligence_dbt.prices_aggregated .......... [RUN]
[2026-05-06T15:06:27.039+0000] {subprocess.py:93} INFO - [0m15:06:27  1 of 1 OK created sql table model price_intelligence_dbt.prices_aggregated ..... [[32mCREATE TABLE (4.0 rows, 122.9 KiB processed)[0m in 3.87s]
[2026-05-06T15:06:27.049+0000] {subprocess.py:93} INFO - [0m15:06:27
[2026-05-06T15:06:27.051+0000] {subprocess.py:93} INFO - [0m15:06:27  Finished running 1 table model in 0 hours 0 minutes and 5.74 seconds (5.74s).
[2026-05-06T15:06:27.143+0000] {subprocess.py:93} INFO - [0m15:06:27
[2026-05-06T15:06:27.146+0000] {subprocess.py:93} INFO - [0m15:06:27  [32mCompleted successfully[0m
[2026-05-06T15:06:27.147+0000] {subprocess.py:93} INFO - [0m15:06:27
[2026-05-06T15:06:27.149+0000] {subprocess.py:93} INFO - [0m15:06:27  Done. PASS=1 WARN=0 ERROR=0 SKIP=0 TOTAL=1
[2026-05-06T15:06:28.653+0000] {subprocess.py:93} INFO - dbt done
[2026-05-06T15:06:28.667+0000] {subprocess.py:97} INFO - Command exited with return code 0
[2026-05-06T15:06:28.759+0000] {taskinstance.py:1138} INFO - Marking task as SUCCESS. dag_id=price_intelligence_pipeline, task_id=dbt_run, execution_date=20260506T150251, start_date=20260506T150534, end_date=20260506T150628
[2026-05-06T15:06:28.822+0000] {local_task_job_runner.py:234} INFO - Task exited with return code 0
[2026-05-06T15:06:28.900+0000] {taskinstance.py:3280} INFO - 1 downstream tasks scheduled from follow-on schedule check
