[2026-05-14T09:40:37.853+0000] {taskinstance.py:1956} INFO - Dependencies all met for dep_context=non-requeueable deps ti=<TaskInstance: price_intelligence_pipeline.dbt_run scheduled__2026-05-14T08:00:00+00:00 [queued]>
[2026-05-14T09:40:37.870+0000] {taskinstance.py:1956} INFO - Dependencies all met for dep_context=requeueable deps ti=<TaskInstance: price_intelligence_pipeline.dbt_run scheduled__2026-05-14T08:00:00+00:00 [queued]>
[2026-05-14T09:40:37.871+0000] {taskinstance.py:2170} INFO - Starting attempt 1 of 2
[2026-05-14T09:40:37.894+0000] {taskinstance.py:2191} INFO - Executing <Task(BashOperator): dbt_run> on 2026-05-14 08:00:00+00:00
[2026-05-14T09:40:37.905+0000] {standard_task_runner.py:60} INFO - Started process 21413 to run task
[2026-05-14T09:40:37.913+0000] {standard_task_runner.py:87} INFO - Running: ['***', 'tasks', 'run', 'price_intelligence_pipeline', 'dbt_run', 'scheduled__2026-05-14T08:00:00+00:00', '--job-id', '1137', '--raw', '--subdir', 'DAGS_FOLDER/price_intelligence_dag.py', '--cfg-path', '/tmp/tmpai89gmx5']
[2026-05-14T09:40:37.920+0000] {standard_task_runner.py:88} INFO - Job 1137: Subtask dbt_run
[2026-05-14T09:40:38.104+0000] {task_command.py:423} INFO - Running <TaskInstance: price_intelligence_pipeline.dbt_run scheduled__2026-05-14T08:00:00+00:00 [running]> on host 91e0d3a0a233
[2026-05-14T09:40:38.410+0000] {taskinstance.py:2480} INFO - Exporting env vars: AIRFLOW_CTX_DAG_OWNER='***' AIRFLOW_CTX_DAG_ID='price_intelligence_pipeline' AIRFLOW_CTX_TASK_ID='dbt_run' AIRFLOW_CTX_EXECUTION_DATE='2026-05-14T08:00:00+00:00' AIRFLOW_CTX_TRY_NUMBER='1' AIRFLOW_CTX_DAG_RUN_ID='scheduled__2026-05-14T08:00:00+00:00'
[2026-05-14T09:40:38.414+0000] {subprocess.py:63} INFO - Tmp dir root location: /tmp
[2026-05-14T09:40:38.419+0000] {subprocess.py:75} INFO - Running command: ['/usr/bin/bash', '-c', '\n            set -e\n            cd /opt/***/dbt\n            export GOOGLE_APPLICATION_CREDENTIALS=/opt/***/gcp-credentials-new.json\n            /home/***/.local/bin/dbt run --full-refresh --profiles-dir . --project-dir .\n            echo dbt done\n        ']
[2026-05-14T09:40:38.446+0000] {subprocess.py:86} INFO - Output:
[2026-05-14T09:40:43.376+0000] {subprocess.py:93} INFO - [0m09:40:43  Running with dbt=1.8.7
[2026-05-14T09:40:46.124+0000] {subprocess.py:93} INFO - [0m09:40:46  Registered adapter: bigquery=1.8.3
[2026-05-14T09:40:48.291+0000] {subprocess.py:93} INFO - [0m09:40:48  Found 3 models, 1 seed, 7 data tests, 1 source, 479 macros
[2026-05-14T09:40:48.308+0000] {subprocess.py:93} INFO - [0m09:40:48
[2026-05-14T09:40:50.300+0000] {subprocess.py:93} INFO - [0m09:40:50  Concurrency: 4 threads (target='dev')
[2026-05-14T09:40:50.309+0000] {subprocess.py:93} INFO - [0m09:40:50
[2026-05-14T09:40:50.360+0000] {subprocess.py:93} INFO - [0m09:40:50  1 of 3 START sql view model price_intelligence_dbt.stg_prices .................. [RUN]
[2026-05-14T09:40:52.551+0000] {subprocess.py:93} INFO - [0m09:40:52  1 of 3 OK created sql view model price_intelligence_dbt.stg_prices ............. [[32mCREATE VIEW (0 processed)[0m in 2.18s]
[2026-05-14T09:40:52.561+0000] {subprocess.py:93} INFO - [0m09:40:52  2 of 3 START sql table model price_intelligence_dbt.prices_cleaned ............. [RUN]
[2026-05-14T09:40:57.184+0000] {subprocess.py:93} INFO - [0m09:40:57  2 of 3 OK created sql table model price_intelligence_dbt.prices_cleaned ........ [[32mCREATE TABLE (5.0k rows, 2.6 MiB processed)[0m in 4.60s]
[2026-05-14T09:40:57.223+0000] {subprocess.py:93} INFO - [0m09:40:57  3 of 3 START sql table model price_intelligence_dbt.prices_aggregated .......... [RUN]
[2026-05-14T09:41:01.459+0000] {subprocess.py:93} INFO - [0m09:41:01  3 of 3 OK created sql table model price_intelligence_dbt.prices_aggregated ..... [[32mCREATE TABLE (11.0 rows, 231.8 KiB processed)[0m in 4.23s]
[2026-05-14T09:41:01.475+0000] {subprocess.py:93} INFO - [0m09:41:01
[2026-05-14T09:41:01.478+0000] {subprocess.py:93} INFO - [0m09:41:01  Finished running 1 view model, 2 table models in 0 hours 0 minutes and 13.17 seconds (13.17s).
[2026-05-14T09:41:01.695+0000] {subprocess.py:93} INFO - [0m09:41:01
[2026-05-14T09:41:01.698+0000] {subprocess.py:93} INFO - [0m09:41:01  [32mCompleted successfully[0m
[2026-05-14T09:41:01.700+0000] {subprocess.py:93} INFO - [0m09:41:01
[2026-05-14T09:41:01.703+0000] {subprocess.py:93} INFO - [0m09:41:01  Done. PASS=3 WARN=0 ERROR=0 SKIP=0 TOTAL=3
[2026-05-14T09:41:03.942+0000] {subprocess.py:93} INFO - dbt done
[2026-05-14T09:41:03.950+0000] {subprocess.py:97} INFO - Command exited with return code 0
[2026-05-14T09:41:04.012+0000] {taskinstance.py:1138} INFO - Marking task as SUCCESS. dag_id=price_intelligence_pipeline, task_id=dbt_run, execution_date=20260514T080000, start_date=20260514T094037, end_date=20260514T094104
[2026-05-14T09:41:04.073+0000] {local_task_job_runner.py:234} INFO - Task exited with return code 0
[2026-05-14T09:41:04.118+0000] {taskinstance.py:3280} INFO - 1 downstream tasks scheduled from follow-on schedule check
