[2026-05-21T21:24:42.473+0000] {taskinstance.py:1956} INFO - Dependencies all met for dep_context=non-requeueable deps ti=<TaskInstance: price_intelligence_pipeline.dbt_run scheduled__2026-05-21T19:00:00+00:00 [queued]>
[2026-05-21T21:24:42.493+0000] {taskinstance.py:1956} INFO - Dependencies all met for dep_context=requeueable deps ti=<TaskInstance: price_intelligence_pipeline.dbt_run scheduled__2026-05-21T19:00:00+00:00 [queued]>
[2026-05-21T21:24:42.494+0000] {taskinstance.py:2170} INFO - Starting attempt 1 of 2
[2026-05-21T21:24:42.526+0000] {taskinstance.py:2191} INFO - Executing <Task(BashOperator): dbt_run> on 2026-05-21 19:00:00+00:00
[2026-05-21T21:24:42.537+0000] {standard_task_runner.py:60} INFO - Started process 72908 to run task
[2026-05-21T21:24:42.545+0000] {standard_task_runner.py:87} INFO - Running: ['***', 'tasks', 'run', 'price_intelligence_pipeline', 'dbt_run', 'scheduled__2026-05-21T19:00:00+00:00', '--job-id', '1670', '--raw', '--subdir', 'DAGS_FOLDER/price_intelligence_dag.py', '--cfg-path', '/tmp/tmp_gnj5i47']
[2026-05-21T21:24:42.558+0000] {standard_task_runner.py:88} INFO - Job 1670: Subtask dbt_run
[2026-05-21T21:24:42.794+0000] {task_command.py:423} INFO - Running <TaskInstance: price_intelligence_pipeline.dbt_run scheduled__2026-05-21T19:00:00+00:00 [running]> on host 91e0d3a0a233
[2026-05-21T21:24:42.992+0000] {taskinstance.py:2480} INFO - Exporting env vars: AIRFLOW_CTX_DAG_OWNER='***' AIRFLOW_CTX_DAG_ID='price_intelligence_pipeline' AIRFLOW_CTX_TASK_ID='dbt_run' AIRFLOW_CTX_EXECUTION_DATE='2026-05-21T19:00:00+00:00' AIRFLOW_CTX_TRY_NUMBER='1' AIRFLOW_CTX_DAG_RUN_ID='scheduled__2026-05-21T19:00:00+00:00'
[2026-05-21T21:24:42.994+0000] {subprocess.py:63} INFO - Tmp dir root location: /tmp
[2026-05-21T21:24:42.997+0000] {subprocess.py:75} INFO - Running command: ['/usr/bin/bash', '-c', '\n            set -e\n            cd /opt/***/dbt\n            export GOOGLE_APPLICATION_CREDENTIALS=/opt/***/gcp-credentials-new.json\n            /home/***/.local/bin/dbt run --full-refresh --profiles-dir . --project-dir .\n            echo dbt done\n        ']
[2026-05-21T21:24:43.019+0000] {subprocess.py:86} INFO - Output:
[2026-05-21T21:24:47.188+0000] {subprocess.py:93} INFO - [0m21:24:47  Running with dbt=1.8.7
[2026-05-21T21:24:49.599+0000] {subprocess.py:93} INFO - [0m21:24:49  Registered adapter: bigquery=1.8.3
[2026-05-21T21:24:52.479+0000] {subprocess.py:93} INFO - [0m21:24:52  Found 3 models, 1 seed, 7 data tests, 1 source, 479 macros
[2026-05-21T21:24:52.487+0000] {subprocess.py:93} INFO - [0m21:24:52
[2026-05-21T21:24:54.468+0000] {subprocess.py:93} INFO - [0m21:24:54  Concurrency: 4 threads (target='dev')
[2026-05-21T21:24:54.470+0000] {subprocess.py:93} INFO - [0m21:24:54
[2026-05-21T21:24:54.524+0000] {subprocess.py:93} INFO - [0m21:24:54  1 of 3 START sql view model price_intelligence_dbt.stg_prices .................. [RUN]
[2026-05-21T21:24:56.870+0000] {subprocess.py:93} INFO - [0m21:24:56  1 of 3 OK created sql view model price_intelligence_dbt.stg_prices ............. [[32mCREATE VIEW (0 processed)[0m in 2.34s]
[2026-05-21T21:24:56.880+0000] {subprocess.py:93} INFO - [0m21:24:56  2 of 3 START sql table model price_intelligence_dbt.prices_cleaned ............. [RUN]
[2026-05-21T21:25:01.052+0000] {subprocess.py:93} INFO - [0m21:25:01  2 of 3 OK created sql table model price_intelligence_dbt.prices_cleaned ........ [[32mCREATE TABLE (5.0k rows, 2.6 MiB processed)[0m in 4.17s]
[2026-05-21T21:25:01.057+0000] {subprocess.py:93} INFO - [0m21:25:01  3 of 3 START sql table model price_intelligence_dbt.prices_aggregated .......... [RUN]
[2026-05-21T21:25:04.905+0000] {subprocess.py:93} INFO - [0m21:25:04  3 of 3 OK created sql table model price_intelligence_dbt.prices_aggregated ..... [[32mCREATE TABLE (11.0 rows, 231.8 KiB processed)[0m in 3.85s]
[2026-05-21T21:25:04.917+0000] {subprocess.py:93} INFO - [0m21:25:04
[2026-05-21T21:25:04.918+0000] {subprocess.py:93} INFO - [0m21:25:04  Finished running 1 view model, 2 table models in 0 hours 0 minutes and 12.43 seconds (12.43s).
[2026-05-21T21:25:05.028+0000] {subprocess.py:93} INFO - [0m21:25:05
[2026-05-21T21:25:05.029+0000] {subprocess.py:93} INFO - [0m21:25:05  [32mCompleted successfully[0m
[2026-05-21T21:25:05.030+0000] {subprocess.py:93} INFO - [0m21:25:05
[2026-05-21T21:25:05.031+0000] {subprocess.py:93} INFO - [0m21:25:05  Done. PASS=3 WARN=0 ERROR=0 SKIP=0 TOTAL=3
[2026-05-21T21:25:09.649+0000] {subprocess.py:93} INFO - dbt done
[2026-05-21T21:25:09.661+0000] {subprocess.py:97} INFO - Command exited with return code 0
[2026-05-21T21:25:09.747+0000] {taskinstance.py:1138} INFO - Marking task as SUCCESS. dag_id=price_intelligence_pipeline, task_id=dbt_run, execution_date=20260521T190000, start_date=20260521T212442, end_date=20260521T212509
[2026-05-21T21:25:09.813+0000] {local_task_job_runner.py:234} INFO - Task exited with return code 0
[2026-05-21T21:25:09.875+0000] {taskinstance.py:3280} INFO - 1 downstream tasks scheduled from follow-on schedule check
