[2026-05-10T14:00:38.445+0000] {processor.py:161} INFO - Started process (PID=6905) to work on /opt/airflow/dags/price_intelligence_dag.py
[2026-05-10T14:00:38.447+0000] {processor.py:830} INFO - Processing file /opt/airflow/dags/price_intelligence_dag.py for tasks to queue
[2026-05-10T14:00:38.449+0000] {logging_mixin.py:188} INFO - [2026-05-10T14:00:38.449+0000] {dagbag.py:538} INFO - Filling up the DagBag from /opt/airflow/dags/price_intelligence_dag.py
[2026-05-10T14:00:39.438+0000] {processor.py:840} INFO - DAG(s) 'price_intelligence_pipeline' retrieved from /opt/airflow/dags/price_intelligence_dag.py
[2026-05-10T14:00:39.858+0000] {logging_mixin.py:188} INFO - [2026-05-10T14:00:39.858+0000] {dag.py:3036} INFO - Sync 1 DAGs
[2026-05-10T14:00:40.566+0000] {processor.py:183} INFO - Processing /opt/airflow/dags/price_intelligence_dag.py took 2.145 seconds
[2026-05-10T14:01:11.504+0000] {processor.py:161} INFO - Started process (PID=6951) to work on /opt/airflow/dags/price_intelligence_dag.py
[2026-05-10T14:01:11.535+0000] {processor.py:830} INFO - Processing file /opt/airflow/dags/price_intelligence_dag.py for tasks to queue
[2026-05-10T14:01:11.539+0000] {logging_mixin.py:188} INFO - [2026-05-10T14:01:11.538+0000] {dagbag.py:538} INFO - Filling up the DagBag from /opt/airflow/dags/price_intelligence_dag.py
[2026-05-10T14:01:12.183+0000] {processor.py:840} INFO - DAG(s) 'price_intelligence_pipeline' retrieved from /opt/airflow/dags/price_intelligence_dag.py
[2026-05-10T14:01:12.353+0000] {logging_mixin.py:188} INFO - [2026-05-10T14:01:12.353+0000] {dag.py:3036} INFO - Sync 1 DAGs
[2026-05-10T14:01:12.612+0000] {processor.py:183} INFO - Processing /opt/airflow/dags/price_intelligence_dag.py took 1.144 seconds
[2026-05-10T14:01:42.886+0000] {processor.py:161} INFO - Started process (PID=6965) to work on /opt/airflow/dags/price_intelligence_dag.py
[2026-05-10T14:01:42.908+0000] {processor.py:830} INFO - Processing file /opt/airflow/dags/price_intelligence_dag.py for tasks to queue
[2026-05-10T14:01:42.954+0000] {logging_mixin.py:188} INFO - [2026-05-10T14:01:42.954+0000] {dagbag.py:538} INFO - Filling up the DagBag from /opt/airflow/dags/price_intelligence_dag.py
[2026-05-10T14:01:43.177+0000] {processor.py:840} INFO - DAG(s) 'price_intelligence_pipeline' retrieved from /opt/airflow/dags/price_intelligence_dag.py
[2026-05-10T14:01:43.266+0000] {logging_mixin.py:188} INFO - [2026-05-10T14:01:43.266+0000] {dag.py:3036} INFO - Sync 1 DAGs
[2026-05-10T14:01:43.405+0000] {processor.py:183} INFO - Processing /opt/airflow/dags/price_intelligence_dag.py took 0.530 seconds
[2026-05-10T14:02:13.634+0000] {processor.py:161} INFO - Started process (PID=6978) to work on /opt/airflow/dags/price_intelligence_dag.py
[2026-05-10T14:02:13.636+0000] {processor.py:830} INFO - Processing file /opt/airflow/dags/price_intelligence_dag.py for tasks to queue
[2026-05-10T14:02:13.645+0000] {logging_mixin.py:188} INFO - [2026-05-10T14:02:13.640+0000] {dagbag.py:538} INFO - Filling up the DagBag from /opt/airflow/dags/price_intelligence_dag.py
[2026-05-10T14:02:13.706+0000] {processor.py:840} INFO - DAG(s) 'price_intelligence_pipeline' retrieved from /opt/airflow/dags/price_intelligence_dag.py
[2026-05-10T14:02:13.787+0000] {logging_mixin.py:188} INFO - [2026-05-10T14:02:13.786+0000] {dag.py:3036} INFO - Sync 1 DAGs
[2026-05-10T14:02:13.902+0000] {processor.py:183} INFO - Processing /opt/airflow/dags/price_intelligence_dag.py took 0.276 seconds
[2026-05-10T14:02:44.122+0000] {processor.py:161} INFO - Started process (PID=6983) to work on /opt/airflow/dags/price_intelligence_dag.py
[2026-05-10T14:02:44.125+0000] {processor.py:830} INFO - Processing file /opt/airflow/dags/price_intelligence_dag.py for tasks to queue
[2026-05-10T14:02:44.127+0000] {logging_mixin.py:188} INFO - [2026-05-10T14:02:44.126+0000] {dagbag.py:538} INFO - Filling up the DagBag from /opt/airflow/dags/price_intelligence_dag.py
[2026-05-10T14:02:44.207+0000] {processor.py:840} INFO - DAG(s) 'price_intelligence_pipeline' retrieved from /opt/airflow/dags/price_intelligence_dag.py
[2026-05-10T14:02:44.305+0000] {logging_mixin.py:188} INFO - [2026-05-10T14:02:44.304+0000] {dag.py:3036} INFO - Sync 1 DAGs
[2026-05-10T14:02:44.535+0000] {processor.py:183} INFO - Processing /opt/airflow/dags/price_intelligence_dag.py took 0.422 seconds
[2026-05-10T14:03:14.858+0000] {processor.py:161} INFO - Started process (PID=7009) to work on /opt/airflow/dags/price_intelligence_dag.py
[2026-05-10T14:03:14.865+0000] {processor.py:830} INFO - Processing file /opt/airflow/dags/price_intelligence_dag.py for tasks to queue
[2026-05-10T14:03:14.867+0000] {logging_mixin.py:188} INFO - [2026-05-10T14:03:14.866+0000] {dagbag.py:538} INFO - Filling up the DagBag from /opt/airflow/dags/price_intelligence_dag.py
[2026-05-10T14:03:14.941+0000] {processor.py:840} INFO - DAG(s) 'price_intelligence_pipeline' retrieved from /opt/airflow/dags/price_intelligence_dag.py
[2026-05-10T14:03:15.032+0000] {logging_mixin.py:188} INFO - [2026-05-10T14:03:15.031+0000] {dag.py:3036} INFO - Sync 1 DAGs
[2026-05-10T14:03:15.130+0000] {processor.py:183} INFO - Processing /opt/airflow/dags/price_intelligence_dag.py took 0.282 seconds
[2026-05-10T14:03:45.537+0000] {processor.py:161} INFO - Started process (PID=7032) to work on /opt/airflow/dags/price_intelligence_dag.py
[2026-05-10T14:03:45.539+0000] {processor.py:830} INFO - Processing file /opt/airflow/dags/price_intelligence_dag.py for tasks to queue
[2026-05-10T14:03:45.542+0000] {logging_mixin.py:188} INFO - [2026-05-10T14:03:45.541+0000] {dagbag.py:538} INFO - Filling up the DagBag from /opt/airflow/dags/price_intelligence_dag.py
[2026-05-10T14:03:45.607+0000] {processor.py:840} INFO - DAG(s) 'price_intelligence_pipeline' retrieved from /opt/airflow/dags/price_intelligence_dag.py
[2026-05-10T14:03:45.714+0000] {logging_mixin.py:188} INFO - [2026-05-10T14:03:45.714+0000] {dag.py:3036} INFO - Sync 1 DAGs
[2026-05-10T14:03:45.825+0000] {processor.py:183} INFO - Processing /opt/airflow/dags/price_intelligence_dag.py took 0.296 seconds
[2026-05-10T14:04:16.065+0000] {processor.py:161} INFO - Started process (PID=7094) to work on /opt/airflow/dags/price_intelligence_dag.py
[2026-05-10T14:04:16.067+0000] {processor.py:830} INFO - Processing file /opt/airflow/dags/price_intelligence_dag.py for tasks to queue
[2026-05-10T14:04:16.073+0000] {logging_mixin.py:188} INFO - [2026-05-10T14:04:16.072+0000] {dagbag.py:538} INFO - Filling up the DagBag from /opt/airflow/dags/price_intelligence_dag.py
[2026-05-10T14:04:16.138+0000] {processor.py:840} INFO - DAG(s) 'price_intelligence_pipeline' retrieved from /opt/airflow/dags/price_intelligence_dag.py
[2026-05-10T14:04:16.195+0000] {logging_mixin.py:188} INFO - [2026-05-10T14:04:16.195+0000] {dag.py:3036} INFO - Sync 1 DAGs
[2026-05-10T14:04:16.270+0000] {processor.py:183} INFO - Processing /opt/airflow/dags/price_intelligence_dag.py took 0.219 seconds
[2026-05-10T14:04:46.510+0000] {processor.py:161} INFO - Started process (PID=7120) to work on /opt/airflow/dags/price_intelligence_dag.py
[2026-05-10T14:04:46.520+0000] {processor.py:830} INFO - Processing file /opt/airflow/dags/price_intelligence_dag.py for tasks to queue
[2026-05-10T14:04:46.525+0000] {logging_mixin.py:188} INFO - [2026-05-10T14:04:46.524+0000] {dagbag.py:538} INFO - Filling up the DagBag from /opt/airflow/dags/price_intelligence_dag.py
[2026-05-10T14:04:46.586+0000] {processor.py:840} INFO - DAG(s) 'price_intelligence_pipeline' retrieved from /opt/airflow/dags/price_intelligence_dag.py
[2026-05-10T14:04:46.667+0000] {logging_mixin.py:188} INFO - [2026-05-10T14:04:46.666+0000] {dag.py:3036} INFO - Sync 1 DAGs
[2026-05-10T14:04:46.771+0000] {processor.py:183} INFO - Processing /opt/airflow/dags/price_intelligence_dag.py took 0.277 seconds
[2026-05-10T14:05:17.162+0000] {processor.py:161} INFO - Started process (PID=7146) to work on /opt/airflow/dags/price_intelligence_dag.py
[2026-05-10T14:05:17.165+0000] {processor.py:830} INFO - Processing file /opt/airflow/dags/price_intelligence_dag.py for tasks to queue
[2026-05-10T14:05:17.168+0000] {logging_mixin.py:188} INFO - [2026-05-10T14:05:17.167+0000] {dagbag.py:538} INFO - Filling up the DagBag from /opt/airflow/dags/price_intelligence_dag.py
[2026-05-10T14:05:17.213+0000] {processor.py:840} INFO - DAG(s) 'price_intelligence_pipeline' retrieved from /opt/airflow/dags/price_intelligence_dag.py
[2026-05-10T14:05:17.269+0000] {logging_mixin.py:188} INFO - [2026-05-10T14:05:17.269+0000] {dag.py:3036} INFO - Sync 1 DAGs
[2026-05-10T14:05:17.331+0000] {processor.py:183} INFO - Processing /opt/airflow/dags/price_intelligence_dag.py took 0.176 seconds
[2026-05-10T14:05:48.251+0000] {processor.py:161} INFO - Started process (PID=7173) to work on /opt/airflow/dags/price_intelligence_dag.py
[2026-05-10T14:05:48.266+0000] {processor.py:830} INFO - Processing file /opt/airflow/dags/price_intelligence_dag.py for tasks to queue
[2026-05-10T14:05:48.268+0000] {logging_mixin.py:188} INFO - [2026-05-10T14:05:48.268+0000] {dagbag.py:538} INFO - Filling up the DagBag from /opt/airflow/dags/price_intelligence_dag.py
[2026-05-10T14:05:48.616+0000] {processor.py:840} INFO - DAG(s) 'price_intelligence_pipeline' retrieved from /opt/airflow/dags/price_intelligence_dag.py
[2026-05-10T14:05:48.841+0000] {logging_mixin.py:188} INFO - [2026-05-10T14:05:48.829+0000] {dag.py:3036} INFO - Sync 1 DAGs
[2026-05-10T14:05:49.159+0000] {processor.py:183} INFO - Processing /opt/airflow/dags/price_intelligence_dag.py took 0.924 seconds
[2026-05-10T14:06:19.878+0000] {processor.py:161} INFO - Started process (PID=7199) to work on /opt/airflow/dags/price_intelligence_dag.py
[2026-05-10T14:06:19.884+0000] {processor.py:830} INFO - Processing file /opt/airflow/dags/price_intelligence_dag.py for tasks to queue
[2026-05-10T14:06:19.904+0000] {logging_mixin.py:188} INFO - [2026-05-10T14:06:19.900+0000] {dagbag.py:538} INFO - Filling up the DagBag from /opt/airflow/dags/price_intelligence_dag.py
[2026-05-10T14:06:20.053+0000] {processor.py:840} INFO - DAG(s) 'price_intelligence_pipeline' retrieved from /opt/airflow/dags/price_intelligence_dag.py
[2026-05-10T14:06:20.220+0000] {logging_mixin.py:188} INFO - [2026-05-10T14:06:20.220+0000] {dag.py:3036} INFO - Sync 1 DAGs
[2026-05-10T14:06:20.330+0000] {logging_mixin.py:188} INFO - [2026-05-10T14:06:20.330+0000] {dag.py:3823} INFO - Setting next_dagrun for price_intelligence_pipeline to 2026-05-10 14:00:00+00:00, run_after=2026-05-10 15:00:00+00:00
[2026-05-10T14:06:20.373+0000] {processor.py:183} INFO - Processing /opt/airflow/dags/price_intelligence_dag.py took 0.506 seconds
[2026-05-10T14:06:50.884+0000] {processor.py:161} INFO - Started process (PID=7212) to work on /opt/airflow/dags/price_intelligence_dag.py
[2026-05-10T14:06:50.887+0000] {processor.py:830} INFO - Processing file /opt/airflow/dags/price_intelligence_dag.py for tasks to queue
[2026-05-10T14:06:50.889+0000] {logging_mixin.py:188} INFO - [2026-05-10T14:06:50.888+0000] {dagbag.py:538} INFO - Filling up the DagBag from /opt/airflow/dags/price_intelligence_dag.py
[2026-05-10T14:06:50.946+0000] {processor.py:840} INFO - DAG(s) 'price_intelligence_pipeline' retrieved from /opt/airflow/dags/price_intelligence_dag.py
[2026-05-10T14:06:51.005+0000] {logging_mixin.py:188} INFO - [2026-05-10T14:06:51.005+0000] {dag.py:3036} INFO - Sync 1 DAGs
[2026-05-10T14:06:51.044+0000] {logging_mixin.py:188} INFO - [2026-05-10T14:06:51.044+0000] {dag.py:3823} INFO - Setting next_dagrun for price_intelligence_pipeline to 2026-05-10 14:00:00+00:00, run_after=2026-05-10 15:00:00+00:00
[2026-05-10T14:06:51.087+0000] {processor.py:183} INFO - Processing /opt/airflow/dags/price_intelligence_dag.py took 0.211 seconds
[2026-05-10T14:07:21.518+0000] {processor.py:161} INFO - Started process (PID=7226) to work on /opt/airflow/dags/price_intelligence_dag.py
[2026-05-10T14:07:21.520+0000] {processor.py:830} INFO - Processing file /opt/airflow/dags/price_intelligence_dag.py for tasks to queue
[2026-05-10T14:07:21.521+0000] {logging_mixin.py:188} INFO - [2026-05-10T14:07:21.521+0000] {dagbag.py:538} INFO - Filling up the DagBag from /opt/airflow/dags/price_intelligence_dag.py
[2026-05-10T14:07:21.563+0000] {processor.py:840} INFO - DAG(s) 'price_intelligence_pipeline' retrieved from /opt/airflow/dags/price_intelligence_dag.py
[2026-05-10T14:07:21.604+0000] {logging_mixin.py:188} INFO - [2026-05-10T14:07:21.604+0000] {dag.py:3036} INFO - Sync 1 DAGs
[2026-05-10T14:07:21.634+0000] {logging_mixin.py:188} INFO - [2026-05-10T14:07:21.633+0000] {dag.py:3823} INFO - Setting next_dagrun for price_intelligence_pipeline to 2026-05-10 14:00:00+00:00, run_after=2026-05-10 15:00:00+00:00
[2026-05-10T14:07:21.660+0000] {processor.py:183} INFO - Processing /opt/airflow/dags/price_intelligence_dag.py took 0.147 seconds
[2026-05-10T14:07:51.926+0000] {processor.py:161} INFO - Started process (PID=7239) to work on /opt/airflow/dags/price_intelligence_dag.py
[2026-05-10T14:07:51.928+0000] {processor.py:830} INFO - Processing file /opt/airflow/dags/price_intelligence_dag.py for tasks to queue
[2026-05-10T14:07:51.930+0000] {logging_mixin.py:188} INFO - [2026-05-10T14:07:51.929+0000] {dagbag.py:538} INFO - Filling up the DagBag from /opt/airflow/dags/price_intelligence_dag.py
[2026-05-10T14:07:51.978+0000] {processor.py:840} INFO - DAG(s) 'price_intelligence_pipeline' retrieved from /opt/airflow/dags/price_intelligence_dag.py
[2026-05-10T14:07:52.040+0000] {logging_mixin.py:188} INFO - [2026-05-10T14:07:52.039+0000] {dag.py:3036} INFO - Sync 1 DAGs
[2026-05-10T14:07:52.121+0000] {logging_mixin.py:188} INFO - [2026-05-10T14:07:52.120+0000] {dag.py:3823} INFO - Setting next_dagrun for price_intelligence_pipeline to 2026-05-10 14:00:00+00:00, run_after=2026-05-10 15:00:00+00:00
[2026-05-10T14:07:52.164+0000] {processor.py:183} INFO - Processing /opt/airflow/dags/price_intelligence_dag.py took 0.246 seconds
[2026-05-10T14:08:22.496+0000] {processor.py:161} INFO - Started process (PID=7252) to work on /opt/airflow/dags/price_intelligence_dag.py
[2026-05-10T14:08:22.498+0000] {processor.py:830} INFO - Processing file /opt/airflow/dags/price_intelligence_dag.py for tasks to queue
[2026-05-10T14:08:22.501+0000] {logging_mixin.py:188} INFO - [2026-05-10T14:08:22.500+0000] {dagbag.py:538} INFO - Filling up the DagBag from /opt/airflow/dags/price_intelligence_dag.py
[2026-05-10T14:08:22.554+0000] {processor.py:840} INFO - DAG(s) 'price_intelligence_pipeline' retrieved from /opt/airflow/dags/price_intelligence_dag.py
[2026-05-10T14:08:22.614+0000] {logging_mixin.py:188} INFO - [2026-05-10T14:08:22.614+0000] {dag.py:3036} INFO - Sync 1 DAGs
[2026-05-10T14:08:22.666+0000] {logging_mixin.py:188} INFO - [2026-05-10T14:08:22.666+0000] {dag.py:3823} INFO - Setting next_dagrun for price_intelligence_pipeline to 2026-05-10 14:00:00+00:00, run_after=2026-05-10 15:00:00+00:00
[2026-05-10T14:08:22.719+0000] {processor.py:183} INFO - Processing /opt/airflow/dags/price_intelligence_dag.py took 0.229 seconds
[2026-05-10T14:08:52.966+0000] {processor.py:161} INFO - Started process (PID=7257) to work on /opt/airflow/dags/price_intelligence_dag.py
[2026-05-10T14:08:52.968+0000] {processor.py:830} INFO - Processing file /opt/airflow/dags/price_intelligence_dag.py for tasks to queue
[2026-05-10T14:08:52.970+0000] {logging_mixin.py:188} INFO - [2026-05-10T14:08:52.970+0000] {dagbag.py:538} INFO - Filling up the DagBag from /opt/airflow/dags/price_intelligence_dag.py
[2026-05-10T14:08:53.025+0000] {processor.py:840} INFO - DAG(s) 'price_intelligence_pipeline' retrieved from /opt/airflow/dags/price_intelligence_dag.py
[2026-05-10T14:08:53.097+0000] {logging_mixin.py:188} INFO - [2026-05-10T14:08:53.097+0000] {dag.py:3036} INFO - Sync 1 DAGs
[2026-05-10T14:08:53.155+0000] {logging_mixin.py:188} INFO - [2026-05-10T14:08:53.154+0000] {dag.py:3823} INFO - Setting next_dagrun for price_intelligence_pipeline to 2026-05-10 14:00:00+00:00, run_after=2026-05-10 15:00:00+00:00
[2026-05-10T14:08:53.209+0000] {processor.py:183} INFO - Processing /opt/airflow/dags/price_intelligence_dag.py took 0.251 seconds
[2026-05-10T14:09:23.488+0000] {processor.py:161} INFO - Started process (PID=7270) to work on /opt/airflow/dags/price_intelligence_dag.py
[2026-05-10T14:09:23.490+0000] {processor.py:830} INFO - Processing file /opt/airflow/dags/price_intelligence_dag.py for tasks to queue
[2026-05-10T14:09:23.492+0000] {logging_mixin.py:188} INFO - [2026-05-10T14:09:23.491+0000] {dagbag.py:538} INFO - Filling up the DagBag from /opt/airflow/dags/price_intelligence_dag.py
[2026-05-10T14:09:23.553+0000] {processor.py:840} INFO - DAG(s) 'price_intelligence_pipeline' retrieved from /opt/airflow/dags/price_intelligence_dag.py
[2026-05-10T14:09:23.609+0000] {logging_mixin.py:188} INFO - [2026-05-10T14:09:23.609+0000] {dag.py:3036} INFO - Sync 1 DAGs
[2026-05-10T14:09:23.649+0000] {logging_mixin.py:188} INFO - [2026-05-10T14:09:23.648+0000] {dag.py:3823} INFO - Setting next_dagrun for price_intelligence_pipeline to 2026-05-10 14:00:00+00:00, run_after=2026-05-10 15:00:00+00:00
[2026-05-10T14:09:23.680+0000] {processor.py:183} INFO - Processing /opt/airflow/dags/price_intelligence_dag.py took 0.198 seconds
[2026-05-10T14:09:54.019+0000] {processor.py:161} INFO - Started process (PID=7283) to work on /opt/airflow/dags/price_intelligence_dag.py
[2026-05-10T14:09:54.022+0000] {processor.py:830} INFO - Processing file /opt/airflow/dags/price_intelligence_dag.py for tasks to queue
[2026-05-10T14:09:54.024+0000] {logging_mixin.py:188} INFO - [2026-05-10T14:09:54.023+0000] {dagbag.py:538} INFO - Filling up the DagBag from /opt/airflow/dags/price_intelligence_dag.py
[2026-05-10T14:09:54.077+0000] {processor.py:840} INFO - DAG(s) 'price_intelligence_pipeline' retrieved from /opt/airflow/dags/price_intelligence_dag.py
[2026-05-10T14:09:54.137+0000] {logging_mixin.py:188} INFO - [2026-05-10T14:09:54.137+0000] {dag.py:3036} INFO - Sync 1 DAGs
[2026-05-10T14:09:54.187+0000] {logging_mixin.py:188} INFO - [2026-05-10T14:09:54.186+0000] {dag.py:3823} INFO - Setting next_dagrun for price_intelligence_pipeline to 2026-05-10 14:00:00+00:00, run_after=2026-05-10 15:00:00+00:00
[2026-05-10T14:09:54.225+0000] {processor.py:183} INFO - Processing /opt/airflow/dags/price_intelligence_dag.py took 0.213 seconds
[2026-05-10T14:10:24.452+0000] {processor.py:161} INFO - Started process (PID=7296) to work on /opt/airflow/dags/price_intelligence_dag.py
[2026-05-10T14:10:24.453+0000] {processor.py:830} INFO - Processing file /opt/airflow/dags/price_intelligence_dag.py for tasks to queue
[2026-05-10T14:10:24.455+0000] {logging_mixin.py:188} INFO - [2026-05-10T14:10:24.454+0000] {dagbag.py:538} INFO - Filling up the DagBag from /opt/airflow/dags/price_intelligence_dag.py
[2026-05-10T14:10:24.490+0000] {processor.py:840} INFO - DAG(s) 'price_intelligence_pipeline' retrieved from /opt/airflow/dags/price_intelligence_dag.py
[2026-05-10T14:10:24.530+0000] {logging_mixin.py:188} INFO - [2026-05-10T14:10:24.530+0000] {dag.py:3036} INFO - Sync 1 DAGs
[2026-05-10T14:10:24.557+0000] {logging_mixin.py:188} INFO - [2026-05-10T14:10:24.557+0000] {dag.py:3823} INFO - Setting next_dagrun for price_intelligence_pipeline to 2026-05-10 14:00:00+00:00, run_after=2026-05-10 15:00:00+00:00
[2026-05-10T14:10:24.581+0000] {processor.py:183} INFO - Processing /opt/airflow/dags/price_intelligence_dag.py took 0.134 seconds
[2026-05-10T14:10:54.907+0000] {processor.py:161} INFO - Started process (PID=7309) to work on /opt/airflow/dags/price_intelligence_dag.py
[2026-05-10T14:10:54.909+0000] {processor.py:830} INFO - Processing file /opt/airflow/dags/price_intelligence_dag.py for tasks to queue
[2026-05-10T14:10:54.911+0000] {logging_mixin.py:188} INFO - [2026-05-10T14:10:54.910+0000] {dagbag.py:538} INFO - Filling up the DagBag from /opt/airflow/dags/price_intelligence_dag.py
[2026-05-10T14:10:54.956+0000] {processor.py:840} INFO - DAG(s) 'price_intelligence_pipeline' retrieved from /opt/airflow/dags/price_intelligence_dag.py
[2026-05-10T14:10:55.002+0000] {logging_mixin.py:188} INFO - [2026-05-10T14:10:55.001+0000] {dag.py:3036} INFO - Sync 1 DAGs
[2026-05-10T14:10:55.030+0000] {logging_mixin.py:188} INFO - [2026-05-10T14:10:55.030+0000] {dag.py:3823} INFO - Setting next_dagrun for price_intelligence_pipeline to 2026-05-10 14:00:00+00:00, run_after=2026-05-10 15:00:00+00:00
[2026-05-10T14:10:55.054+0000] {processor.py:183} INFO - Processing /opt/airflow/dags/price_intelligence_dag.py took 0.152 seconds
[2026-05-10T14:11:25.333+0000] {processor.py:161} INFO - Started process (PID=7323) to work on /opt/airflow/dags/price_intelligence_dag.py
[2026-05-10T14:11:25.335+0000] {processor.py:830} INFO - Processing file /opt/airflow/dags/price_intelligence_dag.py for tasks to queue
[2026-05-10T14:11:25.337+0000] {logging_mixin.py:188} INFO - [2026-05-10T14:11:25.336+0000] {dagbag.py:538} INFO - Filling up the DagBag from /opt/airflow/dags/price_intelligence_dag.py
[2026-05-10T14:11:25.378+0000] {processor.py:840} INFO - DAG(s) 'price_intelligence_pipeline' retrieved from /opt/airflow/dags/price_intelligence_dag.py
[2026-05-10T14:11:25.448+0000] {logging_mixin.py:188} INFO - [2026-05-10T14:11:25.448+0000] {dag.py:3036} INFO - Sync 1 DAGs
[2026-05-10T14:11:25.504+0000] {logging_mixin.py:188} INFO - [2026-05-10T14:11:25.503+0000] {dag.py:3823} INFO - Setting next_dagrun for price_intelligence_pipeline to 2026-05-10 14:00:00+00:00, run_after=2026-05-10 15:00:00+00:00
[2026-05-10T14:11:25.538+0000] {processor.py:183} INFO - Processing /opt/airflow/dags/price_intelligence_dag.py took 0.210 seconds
[2026-05-10T14:11:55.903+0000] {processor.py:161} INFO - Started process (PID=7336) to work on /opt/airflow/dags/price_intelligence_dag.py
[2026-05-10T14:11:55.907+0000] {processor.py:830} INFO - Processing file /opt/airflow/dags/price_intelligence_dag.py for tasks to queue
[2026-05-10T14:11:55.910+0000] {logging_mixin.py:188} INFO - [2026-05-10T14:11:55.909+0000] {dagbag.py:538} INFO - Filling up the DagBag from /opt/airflow/dags/price_intelligence_dag.py
[2026-05-10T14:11:55.994+0000] {processor.py:840} INFO - DAG(s) 'price_intelligence_pipeline' retrieved from /opt/airflow/dags/price_intelligence_dag.py
[2026-05-10T14:11:56.080+0000] {logging_mixin.py:188} INFO - [2026-05-10T14:11:56.079+0000] {dag.py:3036} INFO - Sync 1 DAGs
[2026-05-10T14:11:56.148+0000] {logging_mixin.py:188} INFO - [2026-05-10T14:11:56.147+0000] {dag.py:3823} INFO - Setting next_dagrun for price_intelligence_pipeline to 2026-05-10 14:00:00+00:00, run_after=2026-05-10 15:00:00+00:00
[2026-05-10T14:11:56.209+0000] {processor.py:183} INFO - Processing /opt/airflow/dags/price_intelligence_dag.py took 0.316 seconds
[2026-05-10T14:12:26.419+0000] {processor.py:161} INFO - Started process (PID=7341) to work on /opt/airflow/dags/price_intelligence_dag.py
[2026-05-10T14:12:26.422+0000] {processor.py:830} INFO - Processing file /opt/airflow/dags/price_intelligence_dag.py for tasks to queue
[2026-05-10T14:12:26.425+0000] {logging_mixin.py:188} INFO - [2026-05-10T14:12:26.424+0000] {dagbag.py:538} INFO - Filling up the DagBag from /opt/airflow/dags/price_intelligence_dag.py
[2026-05-10T14:12:26.480+0000] {processor.py:840} INFO - DAG(s) 'price_intelligence_pipeline' retrieved from /opt/airflow/dags/price_intelligence_dag.py
[2026-05-10T14:12:26.548+0000] {logging_mixin.py:188} INFO - [2026-05-10T14:12:26.548+0000] {dag.py:3036} INFO - Sync 1 DAGs
[2026-05-10T14:12:26.601+0000] {logging_mixin.py:188} INFO - [2026-05-10T14:12:26.601+0000] {dag.py:3823} INFO - Setting next_dagrun for price_intelligence_pipeline to 2026-05-10 14:00:00+00:00, run_after=2026-05-10 15:00:00+00:00
[2026-05-10T14:12:26.637+0000] {processor.py:183} INFO - Processing /opt/airflow/dags/price_intelligence_dag.py took 0.228 seconds
[2026-05-10T14:12:56.936+0000] {processor.py:161} INFO - Started process (PID=7354) to work on /opt/airflow/dags/price_intelligence_dag.py
[2026-05-10T14:12:56.942+0000] {processor.py:830} INFO - Processing file /opt/airflow/dags/price_intelligence_dag.py for tasks to queue
[2026-05-10T14:12:56.945+0000] {logging_mixin.py:188} INFO - [2026-05-10T14:12:56.945+0000] {dagbag.py:538} INFO - Filling up the DagBag from /opt/airflow/dags/price_intelligence_dag.py
[2026-05-10T14:12:57.012+0000] {processor.py:840} INFO - DAG(s) 'price_intelligence_pipeline' retrieved from /opt/airflow/dags/price_intelligence_dag.py
[2026-05-10T14:12:57.069+0000] {logging_mixin.py:188} INFO - [2026-05-10T14:12:57.069+0000] {dag.py:3036} INFO - Sync 1 DAGs
[2026-05-10T14:12:57.106+0000] {logging_mixin.py:188} INFO - [2026-05-10T14:12:57.105+0000] {dag.py:3823} INFO - Setting next_dagrun for price_intelligence_pipeline to 2026-05-10 14:00:00+00:00, run_after=2026-05-10 15:00:00+00:00
[2026-05-10T14:12:57.138+0000] {processor.py:183} INFO - Processing /opt/airflow/dags/price_intelligence_dag.py took 0.209 seconds
[2026-05-10T14:13:27.326+0000] {processor.py:161} INFO - Started process (PID=7367) to work on /opt/airflow/dags/price_intelligence_dag.py
[2026-05-10T14:13:27.327+0000] {processor.py:830} INFO - Processing file /opt/airflow/dags/price_intelligence_dag.py for tasks to queue
[2026-05-10T14:13:27.329+0000] {logging_mixin.py:188} INFO - [2026-05-10T14:13:27.328+0000] {dagbag.py:538} INFO - Filling up the DagBag from /opt/airflow/dags/price_intelligence_dag.py
[2026-05-10T14:13:27.360+0000] {processor.py:840} INFO - DAG(s) 'price_intelligence_pipeline' retrieved from /opt/airflow/dags/price_intelligence_dag.py
[2026-05-10T14:13:27.399+0000] {logging_mixin.py:188} INFO - [2026-05-10T14:13:27.399+0000] {dag.py:3036} INFO - Sync 1 DAGs
[2026-05-10T14:13:27.426+0000] {logging_mixin.py:188} INFO - [2026-05-10T14:13:27.425+0000] {dag.py:3823} INFO - Setting next_dagrun for price_intelligence_pipeline to 2026-05-10 14:00:00+00:00, run_after=2026-05-10 15:00:00+00:00
[2026-05-10T14:13:27.451+0000] {processor.py:183} INFO - Processing /opt/airflow/dags/price_intelligence_dag.py took 0.129 seconds
[2026-05-10T14:13:57.824+0000] {processor.py:161} INFO - Started process (PID=7380) to work on /opt/airflow/dags/price_intelligence_dag.py
[2026-05-10T14:13:57.826+0000] {processor.py:830} INFO - Processing file /opt/airflow/dags/price_intelligence_dag.py for tasks to queue
[2026-05-10T14:13:57.828+0000] {logging_mixin.py:188} INFO - [2026-05-10T14:13:57.827+0000] {dagbag.py:538} INFO - Filling up the DagBag from /opt/airflow/dags/price_intelligence_dag.py
[2026-05-10T14:13:57.870+0000] {processor.py:840} INFO - DAG(s) 'price_intelligence_pipeline' retrieved from /opt/airflow/dags/price_intelligence_dag.py
[2026-05-10T14:13:57.928+0000] {logging_mixin.py:188} INFO - [2026-05-10T14:13:57.927+0000] {dag.py:3036} INFO - Sync 1 DAGs
[2026-05-10T14:13:57.964+0000] {logging_mixin.py:188} INFO - [2026-05-10T14:13:57.964+0000] {dag.py:3823} INFO - Setting next_dagrun for price_intelligence_pipeline to 2026-05-10 14:00:00+00:00, run_after=2026-05-10 15:00:00+00:00
[2026-05-10T14:13:57.995+0000] {processor.py:183} INFO - Processing /opt/airflow/dags/price_intelligence_dag.py took 0.176 seconds
[2026-05-10T14:14:28.194+0000] {processor.py:161} INFO - Started process (PID=7393) to work on /opt/airflow/dags/price_intelligence_dag.py
[2026-05-10T14:14:28.196+0000] {processor.py:830} INFO - Processing file /opt/airflow/dags/price_intelligence_dag.py for tasks to queue
[2026-05-10T14:14:28.198+0000] {logging_mixin.py:188} INFO - [2026-05-10T14:14:28.198+0000] {dagbag.py:538} INFO - Filling up the DagBag from /opt/airflow/dags/price_intelligence_dag.py
[2026-05-10T14:14:28.258+0000] {processor.py:840} INFO - DAG(s) 'price_intelligence_pipeline' retrieved from /opt/airflow/dags/price_intelligence_dag.py
[2026-05-10T14:14:28.333+0000] {logging_mixin.py:188} INFO - [2026-05-10T14:14:28.332+0000] {dag.py:3036} INFO - Sync 1 DAGs
[2026-05-10T14:14:28.396+0000] {logging_mixin.py:188} INFO - [2026-05-10T14:14:28.395+0000] {dag.py:3823} INFO - Setting next_dagrun for price_intelligence_pipeline to 2026-05-10 14:00:00+00:00, run_after=2026-05-10 15:00:00+00:00
[2026-05-10T14:14:28.437+0000] {processor.py:183} INFO - Processing /opt/airflow/dags/price_intelligence_dag.py took 0.252 seconds
[2026-05-10T14:14:58.749+0000] {processor.py:161} INFO - Started process (PID=7406) to work on /opt/airflow/dags/price_intelligence_dag.py
[2026-05-10T14:14:58.751+0000] {processor.py:830} INFO - Processing file /opt/airflow/dags/price_intelligence_dag.py for tasks to queue
[2026-05-10T14:14:58.753+0000] {logging_mixin.py:188} INFO - [2026-05-10T14:14:58.753+0000] {dagbag.py:538} INFO - Filling up the DagBag from /opt/airflow/dags/price_intelligence_dag.py
[2026-05-10T14:14:58.808+0000] {processor.py:840} INFO - DAG(s) 'price_intelligence_pipeline' retrieved from /opt/airflow/dags/price_intelligence_dag.py
[2026-05-10T14:14:58.884+0000] {logging_mixin.py:188} INFO - [2026-05-10T14:14:58.884+0000] {dag.py:3036} INFO - Sync 1 DAGs
[2026-05-10T14:14:58.940+0000] {logging_mixin.py:188} INFO - [2026-05-10T14:14:58.939+0000] {dag.py:3823} INFO - Setting next_dagrun for price_intelligence_pipeline to 2026-05-10 14:00:00+00:00, run_after=2026-05-10 15:00:00+00:00
[2026-05-10T14:14:58.986+0000] {processor.py:183} INFO - Processing /opt/airflow/dags/price_intelligence_dag.py took 0.246 seconds
[2026-05-10T14:15:29.219+0000] {processor.py:161} INFO - Started process (PID=7419) to work on /opt/airflow/dags/price_intelligence_dag.py
[2026-05-10T14:15:29.226+0000] {processor.py:830} INFO - Processing file /opt/airflow/dags/price_intelligence_dag.py for tasks to queue
[2026-05-10T14:15:29.228+0000] {logging_mixin.py:188} INFO - [2026-05-10T14:15:29.227+0000] {dagbag.py:538} INFO - Filling up the DagBag from /opt/airflow/dags/price_intelligence_dag.py
[2026-05-10T14:15:29.299+0000] {processor.py:840} INFO - DAG(s) 'price_intelligence_pipeline' retrieved from /opt/airflow/dags/price_intelligence_dag.py
[2026-05-10T14:15:29.385+0000] {logging_mixin.py:188} INFO - [2026-05-10T14:15:29.385+0000] {dag.py:3036} INFO - Sync 1 DAGs
[2026-05-10T14:15:29.444+0000] {logging_mixin.py:188} INFO - [2026-05-10T14:15:29.443+0000] {dag.py:3823} INFO - Setting next_dagrun for price_intelligence_pipeline to 2026-05-10 14:00:00+00:00, run_after=2026-05-10 15:00:00+00:00
[2026-05-10T14:15:29.480+0000] {processor.py:183} INFO - Processing /opt/airflow/dags/price_intelligence_dag.py took 0.269 seconds
[2026-05-10T14:15:59.724+0000] {processor.py:161} INFO - Started process (PID=7431) to work on /opt/airflow/dags/price_intelligence_dag.py
[2026-05-10T14:15:59.726+0000] {processor.py:830} INFO - Processing file /opt/airflow/dags/price_intelligence_dag.py for tasks to queue
[2026-05-10T14:15:59.728+0000] {logging_mixin.py:188} INFO - [2026-05-10T14:15:59.728+0000] {dagbag.py:538} INFO - Filling up the DagBag from /opt/airflow/dags/price_intelligence_dag.py
[2026-05-10T14:15:59.781+0000] {processor.py:840} INFO - DAG(s) 'price_intelligence_pipeline' retrieved from /opt/airflow/dags/price_intelligence_dag.py
[2026-05-10T14:15:59.866+0000] {logging_mixin.py:188} INFO - [2026-05-10T14:15:59.866+0000] {dag.py:3036} INFO - Sync 1 DAGs
[2026-05-10T14:15:59.943+0000] {logging_mixin.py:188} INFO - [2026-05-10T14:15:59.943+0000] {dag.py:3823} INFO - Setting next_dagrun for price_intelligence_pipeline to 2026-05-10 14:00:00+00:00, run_after=2026-05-10 15:00:00+00:00
[2026-05-10T14:16:00.029+0000] {processor.py:183} INFO - Processing /opt/airflow/dags/price_intelligence_dag.py took 0.314 seconds
[2026-05-10T14:16:30.404+0000] {processor.py:161} INFO - Started process (PID=7436) to work on /opt/airflow/dags/price_intelligence_dag.py
[2026-05-10T14:16:30.407+0000] {processor.py:830} INFO - Processing file /opt/airflow/dags/price_intelligence_dag.py for tasks to queue
[2026-05-10T14:16:30.410+0000] {logging_mixin.py:188} INFO - [2026-05-10T14:16:30.409+0000] {dagbag.py:538} INFO - Filling up the DagBag from /opt/airflow/dags/price_intelligence_dag.py
[2026-05-10T14:16:30.531+0000] {processor.py:840} INFO - DAG(s) 'price_intelligence_pipeline' retrieved from /opt/airflow/dags/price_intelligence_dag.py
[2026-05-10T14:16:30.593+0000] {logging_mixin.py:188} INFO - [2026-05-10T14:16:30.593+0000] {dag.py:3036} INFO - Sync 1 DAGs
[2026-05-10T14:16:30.643+0000] {logging_mixin.py:188} INFO - [2026-05-10T14:16:30.643+0000] {dag.py:3823} INFO - Setting next_dagrun for price_intelligence_pipeline to 2026-05-10 14:00:00+00:00, run_after=2026-05-10 15:00:00+00:00
[2026-05-10T14:16:30.684+0000] {processor.py:183} INFO - Processing /opt/airflow/dags/price_intelligence_dag.py took 0.291 seconds
[2026-05-10T14:17:00.770+0000] {processor.py:161} INFO - Started process (PID=7449) to work on /opt/airflow/dags/price_intelligence_dag.py
[2026-05-10T14:17:00.772+0000] {processor.py:830} INFO - Processing file /opt/airflow/dags/price_intelligence_dag.py for tasks to queue
[2026-05-10T14:17:00.774+0000] {logging_mixin.py:188} INFO - [2026-05-10T14:17:00.773+0000] {dagbag.py:538} INFO - Filling up the DagBag from /opt/airflow/dags/price_intelligence_dag.py
[2026-05-10T14:17:00.820+0000] {processor.py:840} INFO - DAG(s) 'price_intelligence_pipeline' retrieved from /opt/airflow/dags/price_intelligence_dag.py
[2026-05-10T14:17:00.870+0000] {logging_mixin.py:188} INFO - [2026-05-10T14:17:00.869+0000] {dag.py:3036} INFO - Sync 1 DAGs
[2026-05-10T14:17:00.903+0000] {logging_mixin.py:188} INFO - [2026-05-10T14:17:00.902+0000] {dag.py:3823} INFO - Setting next_dagrun for price_intelligence_pipeline to 2026-05-10 14:00:00+00:00, run_after=2026-05-10 15:00:00+00:00
[2026-05-10T14:17:00.929+0000] {processor.py:183} INFO - Processing /opt/airflow/dags/price_intelligence_dag.py took 0.165 seconds
[2026-05-10T14:17:31.264+0000] {processor.py:161} INFO - Started process (PID=7462) to work on /opt/airflow/dags/price_intelligence_dag.py
[2026-05-10T14:17:31.267+0000] {processor.py:830} INFO - Processing file /opt/airflow/dags/price_intelligence_dag.py for tasks to queue
[2026-05-10T14:17:31.269+0000] {logging_mixin.py:188} INFO - [2026-05-10T14:17:31.268+0000] {dagbag.py:538} INFO - Filling up the DagBag from /opt/airflow/dags/price_intelligence_dag.py
[2026-05-10T14:17:31.345+0000] {processor.py:840} INFO - DAG(s) 'price_intelligence_pipeline' retrieved from /opt/airflow/dags/price_intelligence_dag.py
[2026-05-10T14:17:31.428+0000] {logging_mixin.py:188} INFO - [2026-05-10T14:17:31.428+0000] {dag.py:3036} INFO - Sync 1 DAGs
[2026-05-10T14:17:31.477+0000] {logging_mixin.py:188} INFO - [2026-05-10T14:17:31.476+0000] {dag.py:3823} INFO - Setting next_dagrun for price_intelligence_pipeline to 2026-05-10 14:00:00+00:00, run_after=2026-05-10 15:00:00+00:00
[2026-05-10T14:17:31.522+0000] {processor.py:183} INFO - Processing /opt/airflow/dags/price_intelligence_dag.py took 0.266 seconds
[2026-05-10T14:18:01.820+0000] {processor.py:161} INFO - Started process (PID=7475) to work on /opt/airflow/dags/price_intelligence_dag.py
[2026-05-10T14:18:01.822+0000] {processor.py:830} INFO - Processing file /opt/airflow/dags/price_intelligence_dag.py for tasks to queue
[2026-05-10T14:18:01.824+0000] {logging_mixin.py:188} INFO - [2026-05-10T14:18:01.823+0000] {dagbag.py:538} INFO - Filling up the DagBag from /opt/airflow/dags/price_intelligence_dag.py
[2026-05-10T14:18:01.878+0000] {processor.py:840} INFO - DAG(s) 'price_intelligence_pipeline' retrieved from /opt/airflow/dags/price_intelligence_dag.py
[2026-05-10T14:18:01.938+0000] {logging_mixin.py:188} INFO - [2026-05-10T14:18:01.938+0000] {dag.py:3036} INFO - Sync 1 DAGs
[2026-05-10T14:18:01.984+0000] {logging_mixin.py:188} INFO - [2026-05-10T14:18:01.984+0000] {dag.py:3823} INFO - Setting next_dagrun for price_intelligence_pipeline to 2026-05-10 14:00:00+00:00, run_after=2026-05-10 15:00:00+00:00
[2026-05-10T14:18:02.025+0000] {processor.py:183} INFO - Processing /opt/airflow/dags/price_intelligence_dag.py took 0.212 seconds
[2026-05-10T14:18:32.218+0000] {processor.py:161} INFO - Started process (PID=7488) to work on /opt/airflow/dags/price_intelligence_dag.py
[2026-05-10T14:18:32.220+0000] {processor.py:830} INFO - Processing file /opt/airflow/dags/price_intelligence_dag.py for tasks to queue
[2026-05-10T14:18:32.222+0000] {logging_mixin.py:188} INFO - [2026-05-10T14:18:32.221+0000] {dagbag.py:538} INFO - Filling up the DagBag from /opt/airflow/dags/price_intelligence_dag.py
[2026-05-10T14:18:32.278+0000] {processor.py:840} INFO - DAG(s) 'price_intelligence_pipeline' retrieved from /opt/airflow/dags/price_intelligence_dag.py
[2026-05-10T14:18:32.359+0000] {logging_mixin.py:188} INFO - [2026-05-10T14:18:32.358+0000] {dag.py:3036} INFO - Sync 1 DAGs
[2026-05-10T14:18:32.409+0000] {logging_mixin.py:188} INFO - [2026-05-10T14:18:32.408+0000] {dag.py:3823} INFO - Setting next_dagrun for price_intelligence_pipeline to 2026-05-10 14:00:00+00:00, run_after=2026-05-10 15:00:00+00:00
[2026-05-10T14:18:32.452+0000] {processor.py:183} INFO - Processing /opt/airflow/dags/price_intelligence_dag.py took 0.242 seconds
[2026-05-10T14:19:02.713+0000] {processor.py:161} INFO - Started process (PID=7501) to work on /opt/airflow/dags/price_intelligence_dag.py
[2026-05-10T14:19:02.715+0000] {processor.py:830} INFO - Processing file /opt/airflow/dags/price_intelligence_dag.py for tasks to queue
[2026-05-10T14:19:02.716+0000] {logging_mixin.py:188} INFO - [2026-05-10T14:19:02.716+0000] {dagbag.py:538} INFO - Filling up the DagBag from /opt/airflow/dags/price_intelligence_dag.py
[2026-05-10T14:19:02.762+0000] {processor.py:840} INFO - DAG(s) 'price_intelligence_pipeline' retrieved from /opt/airflow/dags/price_intelligence_dag.py
[2026-05-10T14:19:02.817+0000] {logging_mixin.py:188} INFO - [2026-05-10T14:19:02.816+0000] {dag.py:3036} INFO - Sync 1 DAGs
[2026-05-10T14:19:02.854+0000] {logging_mixin.py:188} INFO - [2026-05-10T14:19:02.853+0000] {dag.py:3823} INFO - Setting next_dagrun for price_intelligence_pipeline to 2026-05-10 14:00:00+00:00, run_after=2026-05-10 15:00:00+00:00
[2026-05-10T14:19:02.888+0000] {processor.py:183} INFO - Processing /opt/airflow/dags/price_intelligence_dag.py took 0.180 seconds
[2026-05-10T14:19:33.209+0000] {processor.py:161} INFO - Started process (PID=7514) to work on /opt/airflow/dags/price_intelligence_dag.py
[2026-05-10T14:19:33.212+0000] {processor.py:830} INFO - Processing file /opt/airflow/dags/price_intelligence_dag.py for tasks to queue
[2026-05-10T14:19:33.213+0000] {logging_mixin.py:188} INFO - [2026-05-10T14:19:33.213+0000] {dagbag.py:538} INFO - Filling up the DagBag from /opt/airflow/dags/price_intelligence_dag.py
[2026-05-10T14:19:33.268+0000] {processor.py:840} INFO - DAG(s) 'price_intelligence_pipeline' retrieved from /opt/airflow/dags/price_intelligence_dag.py
[2026-05-10T14:19:33.327+0000] {logging_mixin.py:188} INFO - [2026-05-10T14:19:33.327+0000] {dag.py:3036} INFO - Sync 1 DAGs
[2026-05-10T14:19:33.389+0000] {logging_mixin.py:188} INFO - [2026-05-10T14:19:33.388+0000] {dag.py:3823} INFO - Setting next_dagrun for price_intelligence_pipeline to 2026-05-10 14:00:00+00:00, run_after=2026-05-10 15:00:00+00:00
[2026-05-10T14:19:33.435+0000] {processor.py:183} INFO - Processing /opt/airflow/dags/price_intelligence_dag.py took 0.234 seconds
[2026-05-10T14:20:03.623+0000] {processor.py:161} INFO - Started process (PID=7526) to work on /opt/airflow/dags/price_intelligence_dag.py
[2026-05-10T14:20:03.625+0000] {processor.py:830} INFO - Processing file /opt/airflow/dags/price_intelligence_dag.py for tasks to queue
[2026-05-10T14:20:03.626+0000] {logging_mixin.py:188} INFO - [2026-05-10T14:20:03.626+0000] {dagbag.py:538} INFO - Filling up the DagBag from /opt/airflow/dags/price_intelligence_dag.py
[2026-05-10T14:20:03.674+0000] {processor.py:840} INFO - DAG(s) 'price_intelligence_pipeline' retrieved from /opt/airflow/dags/price_intelligence_dag.py
[2026-05-10T14:20:03.727+0000] {logging_mixin.py:188} INFO - [2026-05-10T14:20:03.727+0000] {dag.py:3036} INFO - Sync 1 DAGs
[2026-05-10T14:20:03.769+0000] {logging_mixin.py:188} INFO - [2026-05-10T14:20:03.768+0000] {dag.py:3823} INFO - Setting next_dagrun for price_intelligence_pipeline to 2026-05-10 14:00:00+00:00, run_after=2026-05-10 15:00:00+00:00
[2026-05-10T14:20:03.798+0000] {processor.py:183} INFO - Processing /opt/airflow/dags/price_intelligence_dag.py took 0.183 seconds
[2026-05-10T14:20:34.173+0000] {processor.py:161} INFO - Started process (PID=7532) to work on /opt/airflow/dags/price_intelligence_dag.py
[2026-05-10T14:20:34.176+0000] {processor.py:830} INFO - Processing file /opt/airflow/dags/price_intelligence_dag.py for tasks to queue
[2026-05-10T14:20:34.177+0000] {logging_mixin.py:188} INFO - [2026-05-10T14:20:34.177+0000] {dagbag.py:538} INFO - Filling up the DagBag from /opt/airflow/dags/price_intelligence_dag.py
[2026-05-10T14:20:34.221+0000] {processor.py:840} INFO - DAG(s) 'price_intelligence_pipeline' retrieved from /opt/airflow/dags/price_intelligence_dag.py
[2026-05-10T14:20:34.271+0000] {logging_mixin.py:188} INFO - [2026-05-10T14:20:34.270+0000] {dag.py:3036} INFO - Sync 1 DAGs
[2026-05-10T14:20:34.305+0000] {logging_mixin.py:188} INFO - [2026-05-10T14:20:34.305+0000] {dag.py:3823} INFO - Setting next_dagrun for price_intelligence_pipeline to 2026-05-10 14:00:00+00:00, run_after=2026-05-10 15:00:00+00:00
[2026-05-10T14:20:34.334+0000] {processor.py:183} INFO - Processing /opt/airflow/dags/price_intelligence_dag.py took 0.166 seconds
[2026-05-10T14:21:04.659+0000] {processor.py:161} INFO - Started process (PID=7545) to work on /opt/airflow/dags/price_intelligence_dag.py
[2026-05-10T14:21:04.661+0000] {processor.py:830} INFO - Processing file /opt/airflow/dags/price_intelligence_dag.py for tasks to queue
[2026-05-10T14:21:04.663+0000] {logging_mixin.py:188} INFO - [2026-05-10T14:21:04.663+0000] {dagbag.py:538} INFO - Filling up the DagBag from /opt/airflow/dags/price_intelligence_dag.py
[2026-05-10T14:21:04.720+0000] {processor.py:840} INFO - DAG(s) 'price_intelligence_pipeline' retrieved from /opt/airflow/dags/price_intelligence_dag.py
[2026-05-10T14:21:04.788+0000] {logging_mixin.py:188} INFO - [2026-05-10T14:21:04.788+0000] {dag.py:3036} INFO - Sync 1 DAGs
[2026-05-10T14:21:04.825+0000] {logging_mixin.py:188} INFO - [2026-05-10T14:21:04.825+0000] {dag.py:3823} INFO - Setting next_dagrun for price_intelligence_pipeline to 2026-05-10 14:00:00+00:00, run_after=2026-05-10 15:00:00+00:00
[2026-05-10T14:21:04.851+0000] {processor.py:183} INFO - Processing /opt/airflow/dags/price_intelligence_dag.py took 0.199 seconds
[2026-05-10T14:21:35.129+0000] {processor.py:161} INFO - Started process (PID=7558) to work on /opt/airflow/dags/price_intelligence_dag.py
[2026-05-10T14:21:35.130+0000] {processor.py:830} INFO - Processing file /opt/airflow/dags/price_intelligence_dag.py for tasks to queue
[2026-05-10T14:21:35.132+0000] {logging_mixin.py:188} INFO - [2026-05-10T14:21:35.131+0000] {dagbag.py:538} INFO - Filling up the DagBag from /opt/airflow/dags/price_intelligence_dag.py
[2026-05-10T14:21:35.170+0000] {processor.py:840} INFO - DAG(s) 'price_intelligence_pipeline' retrieved from /opt/airflow/dags/price_intelligence_dag.py
[2026-05-10T14:21:35.213+0000] {logging_mixin.py:188} INFO - [2026-05-10T14:21:35.213+0000] {dag.py:3036} INFO - Sync 1 DAGs
[2026-05-10T14:21:35.243+0000] {logging_mixin.py:188} INFO - [2026-05-10T14:21:35.243+0000] {dag.py:3823} INFO - Setting next_dagrun for price_intelligence_pipeline to 2026-05-10 14:00:00+00:00, run_after=2026-05-10 15:00:00+00:00
[2026-05-10T14:21:35.270+0000] {processor.py:183} INFO - Processing /opt/airflow/dags/price_intelligence_dag.py took 0.146 seconds
[2026-05-10T14:22:05.606+0000] {processor.py:161} INFO - Started process (PID=7571) to work on /opt/airflow/dags/price_intelligence_dag.py
[2026-05-10T14:22:05.608+0000] {processor.py:830} INFO - Processing file /opt/airflow/dags/price_intelligence_dag.py for tasks to queue
[2026-05-10T14:22:05.609+0000] {logging_mixin.py:188} INFO - [2026-05-10T14:22:05.609+0000] {dagbag.py:538} INFO - Filling up the DagBag from /opt/airflow/dags/price_intelligence_dag.py
[2026-05-10T14:22:05.643+0000] {processor.py:840} INFO - DAG(s) 'price_intelligence_pipeline' retrieved from /opt/airflow/dags/price_intelligence_dag.py
[2026-05-10T14:22:05.682+0000] {logging_mixin.py:188} INFO - [2026-05-10T14:22:05.681+0000] {dag.py:3036} INFO - Sync 1 DAGs
[2026-05-10T14:22:05.721+0000] {logging_mixin.py:188} INFO - [2026-05-10T14:22:05.720+0000] {dag.py:3823} INFO - Setting next_dagrun for price_intelligence_pipeline to 2026-05-10 14:00:00+00:00, run_after=2026-05-10 15:00:00+00:00
[2026-05-10T14:22:05.752+0000] {processor.py:183} INFO - Processing /opt/airflow/dags/price_intelligence_dag.py took 0.151 seconds
[2026-05-10T14:22:36.077+0000] {processor.py:161} INFO - Started process (PID=7583) to work on /opt/airflow/dags/price_intelligence_dag.py
[2026-05-10T14:22:36.079+0000] {processor.py:830} INFO - Processing file /opt/airflow/dags/price_intelligence_dag.py for tasks to queue
[2026-05-10T14:22:36.080+0000] {logging_mixin.py:188} INFO - [2026-05-10T14:22:36.080+0000] {dagbag.py:538} INFO - Filling up the DagBag from /opt/airflow/dags/price_intelligence_dag.py
[2026-05-10T14:22:36.118+0000] {processor.py:840} INFO - DAG(s) 'price_intelligence_pipeline' retrieved from /opt/airflow/dags/price_intelligence_dag.py
[2026-05-10T14:22:36.157+0000] {logging_mixin.py:188} INFO - [2026-05-10T14:22:36.157+0000] {dag.py:3036} INFO - Sync 1 DAGs
[2026-05-10T14:22:36.184+0000] {logging_mixin.py:188} INFO - [2026-05-10T14:22:36.184+0000] {dag.py:3823} INFO - Setting next_dagrun for price_intelligence_pipeline to 2026-05-10 14:00:00+00:00, run_after=2026-05-10 15:00:00+00:00
[2026-05-10T14:22:36.208+0000] {processor.py:183} INFO - Processing /opt/airflow/dags/price_intelligence_dag.py took 0.135 seconds
[2026-05-10T14:23:06.457+0000] {processor.py:161} INFO - Started process (PID=7596) to work on /opt/airflow/dags/price_intelligence_dag.py
[2026-05-10T14:23:06.460+0000] {processor.py:830} INFO - Processing file /opt/airflow/dags/price_intelligence_dag.py for tasks to queue
[2026-05-10T14:23:06.462+0000] {logging_mixin.py:188} INFO - [2026-05-10T14:23:06.461+0000] {dagbag.py:538} INFO - Filling up the DagBag from /opt/airflow/dags/price_intelligence_dag.py
[2026-05-10T14:23:06.522+0000] {processor.py:840} INFO - DAG(s) 'price_intelligence_pipeline' retrieved from /opt/airflow/dags/price_intelligence_dag.py
[2026-05-10T14:23:06.586+0000] {logging_mixin.py:188} INFO - [2026-05-10T14:23:06.586+0000] {dag.py:3036} INFO - Sync 1 DAGs
[2026-05-10T14:23:06.651+0000] {logging_mixin.py:188} INFO - [2026-05-10T14:23:06.651+0000] {dag.py:3823} INFO - Setting next_dagrun for price_intelligence_pipeline to 2026-05-10 14:00:00+00:00, run_after=2026-05-10 15:00:00+00:00
[2026-05-10T14:23:06.694+0000] {processor.py:183} INFO - Processing /opt/airflow/dags/price_intelligence_dag.py took 0.242 seconds
[2026-05-10T14:23:36.979+0000] {processor.py:161} INFO - Started process (PID=7610) to work on /opt/airflow/dags/price_intelligence_dag.py
[2026-05-10T14:23:36.981+0000] {processor.py:830} INFO - Processing file /opt/airflow/dags/price_intelligence_dag.py for tasks to queue
[2026-05-10T14:23:36.984+0000] {logging_mixin.py:188} INFO - [2026-05-10T14:23:36.983+0000] {dagbag.py:538} INFO - Filling up the DagBag from /opt/airflow/dags/price_intelligence_dag.py
[2026-05-10T14:23:37.043+0000] {processor.py:840} INFO - DAG(s) 'price_intelligence_pipeline' retrieved from /opt/airflow/dags/price_intelligence_dag.py
[2026-05-10T14:23:37.101+0000] {logging_mixin.py:188} INFO - [2026-05-10T14:23:37.100+0000] {dag.py:3036} INFO - Sync 1 DAGs
[2026-05-10T14:23:37.152+0000] {logging_mixin.py:188} INFO - [2026-05-10T14:23:37.152+0000] {dag.py:3823} INFO - Setting next_dagrun for price_intelligence_pipeline to 2026-05-10 14:00:00+00:00, run_after=2026-05-10 15:00:00+00:00
[2026-05-10T14:23:37.189+0000] {processor.py:183} INFO - Processing /opt/airflow/dags/price_intelligence_dag.py took 0.217 seconds
[2026-05-10T14:24:07.469+0000] {processor.py:161} INFO - Started process (PID=7615) to work on /opt/airflow/dags/price_intelligence_dag.py
[2026-05-10T14:24:07.471+0000] {processor.py:830} INFO - Processing file /opt/airflow/dags/price_intelligence_dag.py for tasks to queue
[2026-05-10T14:24:07.473+0000] {logging_mixin.py:188} INFO - [2026-05-10T14:24:07.472+0000] {dagbag.py:538} INFO - Filling up the DagBag from /opt/airflow/dags/price_intelligence_dag.py
[2026-05-10T14:24:07.528+0000] {processor.py:840} INFO - DAG(s) 'price_intelligence_pipeline' retrieved from /opt/airflow/dags/price_intelligence_dag.py
[2026-05-10T14:24:07.594+0000] {logging_mixin.py:188} INFO - [2026-05-10T14:24:07.593+0000] {dag.py:3036} INFO - Sync 1 DAGs
[2026-05-10T14:24:07.631+0000] {logging_mixin.py:188} INFO - [2026-05-10T14:24:07.630+0000] {dag.py:3823} INFO - Setting next_dagrun for price_intelligence_pipeline to 2026-05-10 14:00:00+00:00, run_after=2026-05-10 15:00:00+00:00
[2026-05-10T14:24:07.666+0000] {processor.py:183} INFO - Processing /opt/airflow/dags/price_intelligence_dag.py took 0.206 seconds
[2026-05-10T14:24:37.959+0000] {processor.py:161} INFO - Started process (PID=7628) to work on /opt/airflow/dags/price_intelligence_dag.py
[2026-05-10T14:24:37.961+0000] {processor.py:830} INFO - Processing file /opt/airflow/dags/price_intelligence_dag.py for tasks to queue
[2026-05-10T14:24:37.963+0000] {logging_mixin.py:188} INFO - [2026-05-10T14:24:37.963+0000] {dagbag.py:538} INFO - Filling up the DagBag from /opt/airflow/dags/price_intelligence_dag.py
[2026-05-10T14:24:38.023+0000] {processor.py:840} INFO - DAG(s) 'price_intelligence_pipeline' retrieved from /opt/airflow/dags/price_intelligence_dag.py
[2026-05-10T14:24:38.089+0000] {logging_mixin.py:188} INFO - [2026-05-10T14:24:38.089+0000] {dag.py:3036} INFO - Sync 1 DAGs
[2026-05-10T14:24:38.146+0000] {logging_mixin.py:188} INFO - [2026-05-10T14:24:38.146+0000] {dag.py:3823} INFO - Setting next_dagrun for price_intelligence_pipeline to 2026-05-10 14:00:00+00:00, run_after=2026-05-10 15:00:00+00:00
[2026-05-10T14:24:38.195+0000] {processor.py:183} INFO - Processing /opt/airflow/dags/price_intelligence_dag.py took 0.245 seconds
[2026-05-10T14:25:08.447+0000] {processor.py:161} INFO - Started process (PID=7641) to work on /opt/airflow/dags/price_intelligence_dag.py
[2026-05-10T14:25:08.449+0000] {processor.py:830} INFO - Processing file /opt/airflow/dags/price_intelligence_dag.py for tasks to queue
[2026-05-10T14:25:08.452+0000] {logging_mixin.py:188} INFO - [2026-05-10T14:25:08.451+0000] {dagbag.py:538} INFO - Filling up the DagBag from /opt/airflow/dags/price_intelligence_dag.py
[2026-05-10T14:25:08.508+0000] {processor.py:840} INFO - DAG(s) 'price_intelligence_pipeline' retrieved from /opt/airflow/dags/price_intelligence_dag.py
[2026-05-10T14:25:08.589+0000] {logging_mixin.py:188} INFO - [2026-05-10T14:25:08.586+0000] {dag.py:3036} INFO - Sync 1 DAGs
[2026-05-10T14:25:08.645+0000] {logging_mixin.py:188} INFO - [2026-05-10T14:25:08.645+0000] {dag.py:3823} INFO - Setting next_dagrun for price_intelligence_pipeline to 2026-05-10 14:00:00+00:00, run_after=2026-05-10 15:00:00+00:00
[2026-05-10T14:25:08.702+0000] {processor.py:183} INFO - Processing /opt/airflow/dags/price_intelligence_dag.py took 0.261 seconds
[2026-05-10T14:25:39.042+0000] {processor.py:161} INFO - Started process (PID=7655) to work on /opt/airflow/dags/price_intelligence_dag.py
[2026-05-10T14:25:39.045+0000] {processor.py:830} INFO - Processing file /opt/airflow/dags/price_intelligence_dag.py for tasks to queue
[2026-05-10T14:25:39.048+0000] {logging_mixin.py:188} INFO - [2026-05-10T14:25:39.047+0000] {dagbag.py:538} INFO - Filling up the DagBag from /opt/airflow/dags/price_intelligence_dag.py
[2026-05-10T14:25:39.108+0000] {processor.py:840} INFO - DAG(s) 'price_intelligence_pipeline' retrieved from /opt/airflow/dags/price_intelligence_dag.py
[2026-05-10T14:25:39.178+0000] {logging_mixin.py:188} INFO - [2026-05-10T14:25:39.178+0000] {dag.py:3036} INFO - Sync 1 DAGs
[2026-05-10T14:25:39.241+0000] {logging_mixin.py:188} INFO - [2026-05-10T14:25:39.241+0000] {dag.py:3823} INFO - Setting next_dagrun for price_intelligence_pipeline to 2026-05-10 14:00:00+00:00, run_after=2026-05-10 15:00:00+00:00
[2026-05-10T14:25:39.283+0000] {processor.py:183} INFO - Processing /opt/airflow/dags/price_intelligence_dag.py took 0.251 seconds
[2026-05-10T14:26:09.576+0000] {processor.py:161} INFO - Started process (PID=7668) to work on /opt/airflow/dags/price_intelligence_dag.py
[2026-05-10T14:26:09.581+0000] {processor.py:830} INFO - Processing file /opt/airflow/dags/price_intelligence_dag.py for tasks to queue
[2026-05-10T14:26:09.584+0000] {logging_mixin.py:188} INFO - [2026-05-10T14:26:09.583+0000] {dagbag.py:538} INFO - Filling up the DagBag from /opt/airflow/dags/price_intelligence_dag.py
[2026-05-10T14:26:09.655+0000] {processor.py:840} INFO - DAG(s) 'price_intelligence_pipeline' retrieved from /opt/airflow/dags/price_intelligence_dag.py
[2026-05-10T14:26:09.745+0000] {logging_mixin.py:188} INFO - [2026-05-10T14:26:09.744+0000] {dag.py:3036} INFO - Sync 1 DAGs
[2026-05-10T14:26:09.826+0000] {logging_mixin.py:188} INFO - [2026-05-10T14:26:09.825+0000] {dag.py:3823} INFO - Setting next_dagrun for price_intelligence_pipeline to 2026-05-10 14:00:00+00:00, run_after=2026-05-10 15:00:00+00:00
[2026-05-10T14:26:09.877+0000] {processor.py:183} INFO - Processing /opt/airflow/dags/price_intelligence_dag.py took 0.312 seconds
[2026-05-10T14:26:40.125+0000] {processor.py:161} INFO - Started process (PID=7681) to work on /opt/airflow/dags/price_intelligence_dag.py
[2026-05-10T14:26:40.127+0000] {processor.py:830} INFO - Processing file /opt/airflow/dags/price_intelligence_dag.py for tasks to queue
[2026-05-10T14:26:40.130+0000] {logging_mixin.py:188} INFO - [2026-05-10T14:26:40.129+0000] {dagbag.py:538} INFO - Filling up the DagBag from /opt/airflow/dags/price_intelligence_dag.py
[2026-05-10T14:26:40.205+0000] {processor.py:840} INFO - DAG(s) 'price_intelligence_pipeline' retrieved from /opt/airflow/dags/price_intelligence_dag.py
[2026-05-10T14:26:40.288+0000] {logging_mixin.py:188} INFO - [2026-05-10T14:26:40.286+0000] {dag.py:3036} INFO - Sync 1 DAGs
[2026-05-10T14:26:40.360+0000] {logging_mixin.py:188} INFO - [2026-05-10T14:26:40.359+0000] {dag.py:3823} INFO - Setting next_dagrun for price_intelligence_pipeline to 2026-05-10 14:00:00+00:00, run_after=2026-05-10 15:00:00+00:00
[2026-05-10T14:26:40.414+0000] {processor.py:183} INFO - Processing /opt/airflow/dags/price_intelligence_dag.py took 0.297 seconds
[2026-05-10T14:27:10.713+0000] {processor.py:161} INFO - Started process (PID=7695) to work on /opt/airflow/dags/price_intelligence_dag.py
[2026-05-10T14:27:10.716+0000] {processor.py:830} INFO - Processing file /opt/airflow/dags/price_intelligence_dag.py for tasks to queue
[2026-05-10T14:27:10.718+0000] {logging_mixin.py:188} INFO - [2026-05-10T14:27:10.718+0000] {dagbag.py:538} INFO - Filling up the DagBag from /opt/airflow/dags/price_intelligence_dag.py
[2026-05-10T14:27:10.805+0000] {processor.py:840} INFO - DAG(s) 'price_intelligence_pipeline' retrieved from /opt/airflow/dags/price_intelligence_dag.py
[2026-05-10T14:27:10.922+0000] {logging_mixin.py:188} INFO - [2026-05-10T14:27:10.921+0000] {dag.py:3036} INFO - Sync 1 DAGs
[2026-05-10T14:27:10.996+0000] {logging_mixin.py:188} INFO - [2026-05-10T14:27:10.996+0000] {dag.py:3823} INFO - Setting next_dagrun for price_intelligence_pipeline to 2026-05-10 14:00:00+00:00, run_after=2026-05-10 15:00:00+00:00
[2026-05-10T14:27:11.062+0000] {processor.py:183} INFO - Processing /opt/airflow/dags/price_intelligence_dag.py took 0.356 seconds
[2026-05-10T14:27:41.236+0000] {processor.py:161} INFO - Started process (PID=7700) to work on /opt/airflow/dags/price_intelligence_dag.py
[2026-05-10T14:27:41.239+0000] {processor.py:830} INFO - Processing file /opt/airflow/dags/price_intelligence_dag.py for tasks to queue
[2026-05-10T14:27:41.241+0000] {logging_mixin.py:188} INFO - [2026-05-10T14:27:41.240+0000] {dagbag.py:538} INFO - Filling up the DagBag from /opt/airflow/dags/price_intelligence_dag.py
[2026-05-10T14:27:41.300+0000] {processor.py:840} INFO - DAG(s) 'price_intelligence_pipeline' retrieved from /opt/airflow/dags/price_intelligence_dag.py
[2026-05-10T14:27:41.376+0000] {logging_mixin.py:188} INFO - [2026-05-10T14:27:41.376+0000] {dag.py:3036} INFO - Sync 1 DAGs
[2026-05-10T14:27:41.429+0000] {logging_mixin.py:188} INFO - [2026-05-10T14:27:41.428+0000] {dag.py:3823} INFO - Setting next_dagrun for price_intelligence_pipeline to 2026-05-10 14:00:00+00:00, run_after=2026-05-10 15:00:00+00:00
[2026-05-10T14:27:41.473+0000] {processor.py:183} INFO - Processing /opt/airflow/dags/price_intelligence_dag.py took 0.246 seconds
[2026-05-10T14:28:11.850+0000] {processor.py:161} INFO - Started process (PID=7713) to work on /opt/airflow/dags/price_intelligence_dag.py
[2026-05-10T14:28:11.851+0000] {processor.py:830} INFO - Processing file /opt/airflow/dags/price_intelligence_dag.py for tasks to queue
[2026-05-10T14:28:11.853+0000] {logging_mixin.py:188} INFO - [2026-05-10T14:28:11.852+0000] {dagbag.py:538} INFO - Filling up the DagBag from /opt/airflow/dags/price_intelligence_dag.py
[2026-05-10T14:28:11.902+0000] {processor.py:840} INFO - DAG(s) 'price_intelligence_pipeline' retrieved from /opt/airflow/dags/price_intelligence_dag.py
[2026-05-10T14:28:11.963+0000] {logging_mixin.py:188} INFO - [2026-05-10T14:28:11.962+0000] {dag.py:3036} INFO - Sync 1 DAGs
[2026-05-10T14:28:12.008+0000] {logging_mixin.py:188} INFO - [2026-05-10T14:28:12.008+0000] {dag.py:3823} INFO - Setting next_dagrun for price_intelligence_pipeline to 2026-05-10 14:00:00+00:00, run_after=2026-05-10 15:00:00+00:00
[2026-05-10T14:28:12.046+0000] {processor.py:183} INFO - Processing /opt/airflow/dags/price_intelligence_dag.py took 0.203 seconds
[2026-05-10T14:28:42.210+0000] {processor.py:161} INFO - Started process (PID=7726) to work on /opt/airflow/dags/price_intelligence_dag.py
[2026-05-10T14:28:42.213+0000] {processor.py:830} INFO - Processing file /opt/airflow/dags/price_intelligence_dag.py for tasks to queue
[2026-05-10T14:28:42.214+0000] {logging_mixin.py:188} INFO - [2026-05-10T14:28:42.214+0000] {dagbag.py:538} INFO - Filling up the DagBag from /opt/airflow/dags/price_intelligence_dag.py
[2026-05-10T14:28:42.283+0000] {processor.py:840} INFO - DAG(s) 'price_intelligence_pipeline' retrieved from /opt/airflow/dags/price_intelligence_dag.py
[2026-05-10T14:28:42.370+0000] {logging_mixin.py:188} INFO - [2026-05-10T14:28:42.370+0000] {dag.py:3036} INFO - Sync 1 DAGs
[2026-05-10T14:28:42.428+0000] {logging_mixin.py:188} INFO - [2026-05-10T14:28:42.428+0000] {dag.py:3823} INFO - Setting next_dagrun for price_intelligence_pipeline to 2026-05-10 14:00:00+00:00, run_after=2026-05-10 15:00:00+00:00
[2026-05-10T14:28:42.463+0000] {processor.py:183} INFO - Processing /opt/airflow/dags/price_intelligence_dag.py took 0.259 seconds
[2026-05-10T14:29:12.796+0000] {processor.py:161} INFO - Started process (PID=7739) to work on /opt/airflow/dags/price_intelligence_dag.py
[2026-05-10T14:29:12.798+0000] {processor.py:830} INFO - Processing file /opt/airflow/dags/price_intelligence_dag.py for tasks to queue
[2026-05-10T14:29:12.801+0000] {logging_mixin.py:188} INFO - [2026-05-10T14:29:12.800+0000] {dagbag.py:538} INFO - Filling up the DagBag from /opt/airflow/dags/price_intelligence_dag.py
[2026-05-10T14:29:12.858+0000] {processor.py:840} INFO - DAG(s) 'price_intelligence_pipeline' retrieved from /opt/airflow/dags/price_intelligence_dag.py
[2026-05-10T14:29:12.936+0000] {logging_mixin.py:188} INFO - [2026-05-10T14:29:12.936+0000] {dag.py:3036} INFO - Sync 1 DAGs
[2026-05-10T14:29:12.992+0000] {logging_mixin.py:188} INFO - [2026-05-10T14:29:12.992+0000] {dag.py:3823} INFO - Setting next_dagrun for price_intelligence_pipeline to 2026-05-10 14:00:00+00:00, run_after=2026-05-10 15:00:00+00:00
[2026-05-10T14:29:13.039+0000] {processor.py:183} INFO - Processing /opt/airflow/dags/price_intelligence_dag.py took 0.251 seconds
[2026-05-10T14:29:43.218+0000] {processor.py:161} INFO - Started process (PID=7752) to work on /opt/airflow/dags/price_intelligence_dag.py
[2026-05-10T14:29:43.220+0000] {processor.py:830} INFO - Processing file /opt/airflow/dags/price_intelligence_dag.py for tasks to queue
[2026-05-10T14:29:43.222+0000] {logging_mixin.py:188} INFO - [2026-05-10T14:29:43.222+0000] {dagbag.py:538} INFO - Filling up the DagBag from /opt/airflow/dags/price_intelligence_dag.py
[2026-05-10T14:29:43.345+0000] {processor.py:840} INFO - DAG(s) 'price_intelligence_pipeline' retrieved from /opt/airflow/dags/price_intelligence_dag.py
[2026-05-10T14:29:43.468+0000] {logging_mixin.py:188} INFO - [2026-05-10T14:29:43.468+0000] {dag.py:3036} INFO - Sync 1 DAGs
[2026-05-10T14:29:43.539+0000] {logging_mixin.py:188} INFO - [2026-05-10T14:29:43.539+0000] {dag.py:3823} INFO - Setting next_dagrun for price_intelligence_pipeline to 2026-05-10 14:00:00+00:00, run_after=2026-05-10 15:00:00+00:00
[2026-05-10T14:29:43.606+0000] {processor.py:183} INFO - Processing /opt/airflow/dags/price_intelligence_dag.py took 0.399 seconds
[2026-05-10T14:30:14.020+0000] {processor.py:161} INFO - Started process (PID=7765) to work on /opt/airflow/dags/price_intelligence_dag.py
[2026-05-10T14:30:14.034+0000] {processor.py:830} INFO - Processing file /opt/airflow/dags/price_intelligence_dag.py for tasks to queue
[2026-05-10T14:30:14.040+0000] {logging_mixin.py:188} INFO - [2026-05-10T14:30:14.039+0000] {dagbag.py:538} INFO - Filling up the DagBag from /opt/airflow/dags/price_intelligence_dag.py
[2026-05-10T14:30:14.174+0000] {processor.py:840} INFO - DAG(s) 'price_intelligence_pipeline' retrieved from /opt/airflow/dags/price_intelligence_dag.py
[2026-05-10T14:30:14.492+0000] {logging_mixin.py:188} INFO - [2026-05-10T14:30:14.481+0000] {dag.py:3036} INFO - Sync 1 DAGs
[2026-05-10T14:30:14.643+0000] {logging_mixin.py:188} INFO - [2026-05-10T14:30:14.642+0000] {dag.py:3823} INFO - Setting next_dagrun for price_intelligence_pipeline to 2026-05-10 14:00:00+00:00, run_after=2026-05-10 15:00:00+00:00
[2026-05-11T17:57:41.627+0000] {processor.py:183} INFO - Processing /opt/airflow/dags/price_intelligence_dag.py took 4.077 seconds
