[2026-05-05T19:59:51.687+0000] {taskinstance.py:1956} INFO - Dependencies all met for dep_context=non-requeueable deps ti=<TaskInstance: price_intelligence_pipeline.quality_check manual__2026-05-05T19:58:22.920673+00:00 [queued]>
[2026-05-05T19:59:51.722+0000] {taskinstance.py:1956} INFO - Dependencies all met for dep_context=requeueable deps ti=<TaskInstance: price_intelligence_pipeline.quality_check manual__2026-05-05T19:58:22.920673+00:00 [queued]>
[2026-05-05T19:59:51.729+0000] {taskinstance.py:2170} INFO - Starting attempt 1 of 3
[2026-05-05T19:59:51.798+0000] {taskinstance.py:2191} INFO - Executing <Task(BashOperator): quality_check> on 2026-05-05 19:58:22.920673+00:00
[2026-05-05T19:59:51.832+0000] {standard_task_runner.py:60} INFO - Started process 1632 to run task
[2026-05-05T19:59:51.865+0000] {standard_task_runner.py:87} INFO - Running: ['***', 'tasks', 'run', 'price_intelligence_pipeline', 'quality_check', 'manual__2026-05-05T19:58:22.920673+00:00', '--job-id', '249', '--raw', '--subdir', 'DAGS_FOLDER/price_intelligence_dag_BACKUP.py', '--cfg-path', '/tmp/tmpnso7687i']
[2026-05-05T19:59:51.882+0000] {standard_task_runner.py:88} INFO - Job 249: Subtask quality_check
[2026-05-05T19:59:52.450+0000] {task_command.py:423} INFO - Running <TaskInstance: price_intelligence_pipeline.quality_check manual__2026-05-05T19:58:22.920673+00:00 [running]> on host 25ef6dfa8bdc
[2026-05-05T19:59:52.836+0000] {taskinstance.py:2480} INFO - Exporting env vars: AIRFLOW_CTX_DAG_OWNER='price_intelligence' AIRFLOW_CTX_DAG_ID='price_intelligence_pipeline' AIRFLOW_CTX_TASK_ID='quality_check' AIRFLOW_CTX_EXECUTION_DATE='2026-05-05T19:58:22.920673+00:00' AIRFLOW_CTX_TRY_NUMBER='1' AIRFLOW_CTX_DAG_RUN_ID='manual__2026-05-05T19:58:22.920673+00:00'
[2026-05-05T19:59:52.840+0000] {subprocess.py:63} INFO - Tmp dir root location: /tmp
[2026-05-05T19:59:52.847+0000] {subprocess.py:75} INFO - Running command: ['/usr/bin/bash', '-c', '\n            python3 -c "\nimport json\n\ndata = json.load(open(\'/opt/***/data/cleaned/products_cleaned.json\'))\ntotal        = len(data)\nwith_price   = sum(1 for p in data if p.get(\'price\',0) > 0)\nwith_rating  = sum(1 for p in data if p.get(\'rating\',\'\'))\nwith_cat     = sum(1 for p in data if p.get(\'category\',\'\'))\ncompleteness = round(100.0 * with_price / total, 1) if total else 0\n\nprint(f\'╔══════════════════════════════════════╗\')\nprint(f\'║        QUALITY REPORT                ║\')\nprint(f\'║  Total produits   : {total:<6}           ║\')\nprint(f\'║  Avec prix        : {with_price:<6}           ║\')\nprint(f\'║  Avec rating      : {with_rating:<6}           ║\')\nprint(f\'║  Avec catégorie   : {with_cat:<6}           ║\')\nprint(f\'║  Price completeness: {completeness}%          ║\')\nprint(f\'╚══════════════════════════════════════╝\')\n\nassert completeness >= 80, f\'❌ Price completeness trop basse: {completeness}%\'\nprint(\'✅ Quality check PASSED!\')\n"\n        ']
[2026-05-05T19:59:52.879+0000] {subprocess.py:86} INFO - Output:
[2026-05-05T19:59:53.277+0000] {subprocess.py:93} INFO - ╔══════════════════════════════════════╗
[2026-05-05T19:59:53.279+0000] {subprocess.py:93} INFO - ║        QUALITY REPORT                ║
[2026-05-05T19:59:53.280+0000] {subprocess.py:93} INFO - ║  Total produits   : 6936             ║
[2026-05-05T19:59:53.281+0000] {subprocess.py:93} INFO - ║  Avec prix        : 6936             ║
[2026-05-05T19:59:53.285+0000] {subprocess.py:93} INFO - ║  Avec rating      : 6936             ║
[2026-05-05T19:59:53.286+0000] {subprocess.py:93} INFO - ║  Avec catégorie   : 6936             ║
[2026-05-05T19:59:53.288+0000] {subprocess.py:93} INFO - ║  Price completeness: 100.0%          ║
[2026-05-05T19:59:53.289+0000] {subprocess.py:93} INFO - ╚══════════════════════════════════════╝
[2026-05-05T19:59:53.291+0000] {subprocess.py:93} INFO - ✅ Quality check PASSED!
[2026-05-05T19:59:53.304+0000] {subprocess.py:97} INFO - Command exited with return code 0
[2026-05-05T19:59:53.406+0000] {taskinstance.py:1138} INFO - Marking task as SUCCESS. dag_id=price_intelligence_pipeline, task_id=quality_check, execution_date=20260505T195822, start_date=20260505T195951, end_date=20260505T195953
[2026-05-05T19:59:53.459+0000] {local_task_job_runner.py:234} INFO - Task exited with return code 0
[2026-05-05T19:59:53.523+0000] {taskinstance.py:3280} INFO - 0 downstream tasks scheduled from follow-on schedule check
