[2026-05-11T22:12:44.956+0000] {taskinstance.py:1956} INFO - Dependencies all met for dep_context=non-requeueable deps ti=<TaskInstance: price_intelligence_pipeline.dbt_run scheduled__2026-05-11T20:00:00+00:00 [queued]>
[2026-05-11T22:12:44.990+0000] {taskinstance.py:1956} INFO - Dependencies all met for dep_context=requeueable deps ti=<TaskInstance: price_intelligence_pipeline.dbt_run scheduled__2026-05-11T20:00:00+00:00 [queued]>
[2026-05-11T22:12:44.992+0000] {taskinstance.py:2170} INFO - Starting attempt 1 of 2
[2026-05-11T22:12:45.035+0000] {taskinstance.py:2191} INFO - Executing <Task(BashOperator): dbt_run> on 2026-05-11 20:00:00+00:00
[2026-05-11T22:12:45.051+0000] {standard_task_runner.py:60} INFO - Started process 11353 to run task
[2026-05-11T22:12:45.060+0000] {standard_task_runner.py:87} INFO - Running: ['***', 'tasks', 'run', 'price_intelligence_pipeline', 'dbt_run', 'scheduled__2026-05-11T20:00:00+00:00', '--job-id', '1002', '--raw', '--subdir', 'DAGS_FOLDER/price_intelligence_dag.py', '--cfg-path', '/tmp/tmprolmw2bi']
[2026-05-11T22:12:45.066+0000] {standard_task_runner.py:88} INFO - Job 1002: Subtask dbt_run
[2026-05-11T22:12:45.249+0000] {task_command.py:423} INFO - Running <TaskInstance: price_intelligence_pipeline.dbt_run scheduled__2026-05-11T20:00:00+00:00 [running]> on host 91e0d3a0a233
[2026-05-11T22:12:45.604+0000] {taskinstance.py:2480} INFO - Exporting env vars: AIRFLOW_CTX_DAG_OWNER='***' AIRFLOW_CTX_DAG_ID='price_intelligence_pipeline' AIRFLOW_CTX_TASK_ID='dbt_run' AIRFLOW_CTX_EXECUTION_DATE='2026-05-11T20:00:00+00:00' AIRFLOW_CTX_TRY_NUMBER='1' AIRFLOW_CTX_DAG_RUN_ID='scheduled__2026-05-11T20:00:00+00:00'
[2026-05-11T22:12:45.617+0000] {subprocess.py:63} INFO - Tmp dir root location: /tmp
[2026-05-11T22:12:45.620+0000] {subprocess.py:75} INFO - Running command: ['/usr/bin/bash', '-c', '\n            set -e\n            cd /opt/***/dbt\n            export GOOGLE_APPLICATION_CREDENTIALS=/opt/***/gcp-credentials-new.json\n            /home/***/.local/bin/dbt run --full-refresh --profiles-dir . --project-dir .\n            echo dbt done\n        ']
[2026-05-11T22:12:45.651+0000] {subprocess.py:86} INFO - Output:
[2026-05-11T22:12:51.781+0000] {subprocess.py:93} INFO - [0m22:12:51  Running with dbt=1.8.7
[2026-05-11T22:12:56.847+0000] {subprocess.py:93} INFO - [0m22:12:56  Registered adapter: bigquery=1.8.3
[2026-05-11T22:13:00.412+0000] {subprocess.py:93} INFO - [0m22:13:00  Found 3 models, 1 seed, 7 data tests, 1 source, 479 macros
[2026-05-11T22:13:00.432+0000] {subprocess.py:93} INFO - [0m22:13:00
[2026-05-11T22:13:11.143+0000] {subprocess.py:93} INFO - [0m22:13:11  Concurrency: 4 threads (target='dev')
[2026-05-11T22:13:11.164+0000] {subprocess.py:93} INFO - [0m22:13:11
[2026-05-11T22:13:11.309+0000] {subprocess.py:93} INFO - [0m22:13:11  1 of 3 START sql view model price_intelligence_dbt.stg_prices .................. [RUN]
[2026-05-11T22:13:14.103+0000] {subprocess.py:93} INFO - [0m22:13:14  1 of 3 OK created sql view model price_intelligence_dbt.stg_prices ............. [[32mCREATE VIEW (0 processed)[0m in 2.75s]
[2026-05-11T22:13:14.127+0000] {subprocess.py:93} INFO - [0m22:13:14  2 of 3 START sql table model price_intelligence_dbt.prices_cleaned ............. [RUN]
[2026-05-11T22:13:18.564+0000] {subprocess.py:93} INFO - [0m22:13:18  2 of 3 OK created sql table model price_intelligence_dbt.prices_cleaned ........ [[32mCREATE TABLE (5.0k rows, 2.6 MiB processed)[0m in 4.43s]
[2026-05-11T22:13:18.582+0000] {subprocess.py:93} INFO - [0m22:13:18  3 of 3 START sql table model price_intelligence_dbt.prices_aggregated .......... [RUN]
[2026-05-11T22:13:22.615+0000] {subprocess.py:93} INFO - [0m22:13:22  3 of 3 OK created sql table model price_intelligence_dbt.prices_aggregated ..... [[32mCREATE TABLE (11.0 rows, 231.8 KiB processed)[0m in 4.02s]
[2026-05-11T22:13:22.661+0000] {subprocess.py:93} INFO - [0m22:13:22
[2026-05-11T22:13:22.666+0000] {subprocess.py:93} INFO - [0m22:13:22  Finished running 1 view model, 2 table models in 0 hours 0 minutes and 22.22 seconds (22.22s).
[2026-05-11T22:13:23.761+0000] {subprocess.py:93} INFO - [0m22:13:23
[2026-05-11T22:13:23.776+0000] {subprocess.py:93} INFO - [0m22:13:23  [32mCompleted successfully[0m
[2026-05-11T22:13:23.786+0000] {subprocess.py:93} INFO - [0m22:13:23
[2026-05-11T22:13:23.793+0000] {subprocess.py:93} INFO - [0m22:13:23  Done. PASS=3 WARN=0 ERROR=0 SKIP=0 TOTAL=3
[2026-05-11T22:13:29.289+0000] {subprocess.py:93} INFO - dbt done
[2026-05-11T22:13:29.303+0000] {subprocess.py:97} INFO - Command exited with return code 0
[2026-05-11T22:13:29.423+0000] {taskinstance.py:1138} INFO - Marking task as SUCCESS. dag_id=price_intelligence_pipeline, task_id=dbt_run, execution_date=20260511T200000, start_date=20260511T221244, end_date=20260511T221329
[2026-05-11T22:13:29.529+0000] {local_task_job_runner.py:234} INFO - Task exited with return code 0
[2026-05-11T22:13:29.647+0000] {taskinstance.py:3280} INFO - 1 downstream tasks scheduled from follow-on schedule check
