[2026-05-06T20:46:07.520+0000] {taskinstance.py:1956} INFO - Dependencies all met for dep_context=non-requeueable deps ti=<TaskInstance: price_intelligence_pipeline.scrape_avito scheduled__2026-05-06T19:00:00+00:00 [queued]>
[2026-05-06T20:46:07.553+0000] {taskinstance.py:1956} INFO - Dependencies all met for dep_context=requeueable deps ti=<TaskInstance: price_intelligence_pipeline.scrape_avito scheduled__2026-05-06T19:00:00+00:00 [queued]>
[2026-05-06T20:46:07.557+0000] {taskinstance.py:2170} INFO - Starting attempt 1 of 2
[2026-05-06T20:46:07.640+0000] {taskinstance.py:2191} INFO - Executing <Task(BashOperator): scrape_avito> on 2026-05-06 19:00:00+00:00
[2026-05-06T20:46:07.663+0000] {standard_task_runner.py:60} INFO - Started process 22453 to run task
[2026-05-06T20:46:07.690+0000] {standard_task_runner.py:87} INFO - Running: ['***', 'tasks', 'run', 'price_intelligence_pipeline', 'scrape_avito', 'scheduled__2026-05-06T19:00:00+00:00', '--job-id', '620', '--raw', '--subdir', 'DAGS_FOLDER/price_intelligence_dag.py', '--cfg-path', '/tmp/tmpxz3fpd_7']
[2026-05-06T20:46:07.724+0000] {standard_task_runner.py:88} INFO - Job 620: Subtask scrape_avito
[2026-05-06T20:46:08.025+0000] {task_command.py:423} INFO - Running <TaskInstance: price_intelligence_pipeline.scrape_avito scheduled__2026-05-06T19:00:00+00:00 [running]> on host 25ef6dfa8bdc
[2026-05-06T20:46:08.439+0000] {taskinstance.py:2480} INFO - Exporting env vars: AIRFLOW_CTX_DAG_OWNER='***' AIRFLOW_CTX_DAG_ID='price_intelligence_pipeline' AIRFLOW_CTX_TASK_ID='scrape_avito' AIRFLOW_CTX_EXECUTION_DATE='2026-05-06T19:00:00+00:00' AIRFLOW_CTX_TRY_NUMBER='1' AIRFLOW_CTX_DAG_RUN_ID='scheduled__2026-05-06T19:00:00+00:00'
[2026-05-06T20:46:08.442+0000] {subprocess.py:63} INFO - Tmp dir root location: /tmp
[2026-05-06T20:46:08.449+0000] {subprocess.py:75} INFO - Running command: ['/usr/bin/bash', '-c', '\n            cd /opt/***\n            mkdir -p data/raw\n            export DISPLAY=:99\n            python3 scrapers/spiders/avito_ma.py || echo "Avito done with warnings"\n        ']
[2026-05-06T20:46:08.484+0000] {subprocess.py:86} INFO - Output:
[2026-05-06T20:46:27.921+0000] {subprocess.py:93} INFO - Traceback (most recent call last):
[2026-05-06T20:46:27.922+0000] {subprocess.py:93} INFO -   File "scrapers/spiders/avito_ma.py", line 93, in <module>
[2026-05-06T20:46:27.923+0000] {subprocess.py:93} INFO -     scrape_avito()
[2026-05-06T20:46:27.923+0000] {subprocess.py:93} INFO -   File "scrapers/spiders/avito_ma.py", line 25, in scrape_avito
[2026-05-06T20:46:27.924+0000] {subprocess.py:93} INFO -     driver = webdriver.Chrome(service=Service(ChromeDriverManager().install()), options=options)
[2026-05-06T20:46:27.926+0000] {subprocess.py:93} INFO -   File "/home/***/.local/lib/python3.8/site-packages/selenium/webdriver/chrome/webdriver.py", line 45, in __init__
[2026-05-06T20:46:27.927+0000] {subprocess.py:93} INFO -     super().__init__(
[2026-05-06T20:46:27.928+0000] {subprocess.py:93} INFO -   File "/home/***/.local/lib/python3.8/site-packages/selenium/webdriver/chromium/webdriver.py", line 66, in __init__
[2026-05-06T20:46:27.929+0000] {subprocess.py:93} INFO -     super().__init__(command_executor=executor, options=options)
[2026-05-06T20:46:27.930+0000] {subprocess.py:93} INFO -   File "/home/***/.local/lib/python3.8/site-packages/selenium/webdriver/remote/webdriver.py", line 241, in __init__
[2026-05-06T20:46:27.931+0000] {subprocess.py:93} INFO -     self.start_session(capabilities)
[2026-05-06T20:46:27.932+0000] {subprocess.py:93} INFO -   File "/home/***/.local/lib/python3.8/site-packages/selenium/webdriver/remote/webdriver.py", line 329, in start_session
[2026-05-06T20:46:27.932+0000] {subprocess.py:93} INFO -     response = self.execute(Command.NEW_SESSION, caps)["value"]
[2026-05-06T20:46:27.933+0000] {subprocess.py:93} INFO -   File "/home/***/.local/lib/python3.8/site-packages/selenium/webdriver/remote/webdriver.py", line 384, in execute
[2026-05-06T20:46:27.934+0000] {subprocess.py:93} INFO -     self.error_handler.check_response(response)
[2026-05-06T20:46:27.935+0000] {subprocess.py:93} INFO -   File "/home/***/.local/lib/python3.8/site-packages/selenium/webdriver/remote/errorhandler.py", line 232, in check_response
[2026-05-06T20:46:27.936+0000] {subprocess.py:93} INFO -     raise exception_class(message, screen, stacktrace)
[2026-05-06T20:46:27.936+0000] {subprocess.py:93} INFO - selenium.common.exceptions.SessionNotCreatedException: Message: session not created: This version of ChromeDriver only supports Chrome version 114
[2026-05-06T20:46:27.937+0000] {subprocess.py:93} INFO - Current browser version is 147.0.7727.137 with binary path /usr/bin/chromium
[2026-05-06T20:46:27.938+0000] {subprocess.py:93} INFO - Stacktrace:
[2026-05-06T20:46:27.939+0000] {subprocess.py:93} INFO - #0 0x5d02b2d334e3 <unknown>
[2026-05-06T20:46:27.939+0000] {subprocess.py:93} INFO - #1 0x5d02b2a62c76 <unknown>
[2026-05-06T20:46:27.940+0000] {subprocess.py:93} INFO - #2 0x5d02b2a9004a <unknown>
[2026-05-06T20:46:27.941+0000] {subprocess.py:93} INFO - #3 0x5d02b2a8b4a1 <unknown>
[2026-05-06T20:46:27.942+0000] {subprocess.py:93} INFO - #4 0x5d02b2a88029 <unknown>
[2026-05-06T20:46:27.943+0000] {subprocess.py:93} INFO - #5 0x5d02b2ac6ccc <unknown>
[2026-05-06T20:46:27.943+0000] {subprocess.py:93} INFO - #6 0x5d02b2ac647f <unknown>
[2026-05-06T20:46:27.944+0000] {subprocess.py:93} INFO - #7 0x5d02b2abdde3 <unknown>
[2026-05-06T20:46:27.945+0000] {subprocess.py:93} INFO - #8 0x5d02b2a932dd <unknown>
[2026-05-06T20:46:27.946+0000] {subprocess.py:93} INFO - #9 0x5d02b2a9434e <unknown>
[2026-05-06T20:46:27.947+0000] {subprocess.py:93} INFO - #10 0x5d02b2cf33e4 <unknown>
[2026-05-06T20:46:27.947+0000] {subprocess.py:93} INFO - #11 0x5d02b2cf73d7 <unknown>
[2026-05-06T20:46:27.948+0000] {subprocess.py:93} INFO - #12 0x5d02b2d01b20 <unknown>
[2026-05-06T20:46:27.949+0000] {subprocess.py:93} INFO - #13 0x5d02b2cf8023 <unknown>
[2026-05-06T20:46:27.950+0000] {subprocess.py:93} INFO - #14 0x5d02b2cc61aa <unknown>
[2026-05-06T20:46:27.950+0000] {subprocess.py:93} INFO - #15 0x5d02b2d1c6b8 <unknown>
[2026-05-06T20:46:27.951+0000] {subprocess.py:93} INFO - #16 0x5d02b2d1c847 <unknown>
[2026-05-06T20:46:27.951+0000] {subprocess.py:93} INFO - #17 0x5d02b2d2c243 <unknown>
[2026-05-06T20:46:27.952+0000] {subprocess.py:93} INFO - #18 0x778b5907b134 <unknown>
[2026-05-06T20:46:27.953+0000] {subprocess.py:93} INFO - 
[2026-05-06T20:46:27.981+0000] {subprocess.py:93} INFO - Avito done with warnings
[2026-05-06T20:46:27.982+0000] {subprocess.py:97} INFO - Command exited with return code 0
[2026-05-06T20:46:28.057+0000] {taskinstance.py:1138} INFO - Marking task as SUCCESS. dag_id=price_intelligence_pipeline, task_id=scrape_avito, execution_date=20260506T190000, start_date=20260506T204607, end_date=20260506T204628
[2026-05-06T20:46:28.098+0000] {local_task_job_runner.py:234} INFO - Task exited with return code 0
[2026-05-06T20:46:28.151+0000] {taskinstance.py:3280} INFO - 1 downstream tasks scheduled from follow-on schedule check
