[2026-05-05T19:58:58.760+0000] {taskinstance.py:1956} INFO - Dependencies all met for dep_context=non-requeueable deps ti=<TaskInstance: price_intelligence_pipeline.load_bigquery manual__2026-05-05T19:54:13.084817+00:00 [queued]>
[2026-05-05T19:58:58.804+0000] {taskinstance.py:1956} INFO - Dependencies all met for dep_context=requeueable deps ti=<TaskInstance: price_intelligence_pipeline.load_bigquery manual__2026-05-05T19:54:13.084817+00:00 [queued]>
[2026-05-05T19:58:58.810+0000] {taskinstance.py:2170} INFO - Starting attempt 1 of 3
[2026-05-05T19:58:58.905+0000] {taskinstance.py:2191} INFO - Executing <Task(BashOperator): load_bigquery> on 2026-05-05 19:54:13.084817+00:00
[2026-05-05T19:58:58.921+0000] {standard_task_runner.py:60} INFO - Started process 1492 to run task
[2026-05-05T19:58:58.938+0000] {standard_task_runner.py:87} INFO - Running: ['***', 'tasks', 'run', 'price_intelligence_pipeline', 'load_bigquery', 'manual__2026-05-05T19:54:13.084817+00:00', '--job-id', '233', '--raw', '--subdir', 'DAGS_FOLDER/price_intelligence_dag.py', '--cfg-path', '/tmp/tmp8c4z3jys']
[2026-05-05T19:58:58.945+0000] {standard_task_runner.py:88} INFO - Job 233: Subtask load_bigquery
[2026-05-05T19:58:59.413+0000] {task_command.py:423} INFO - Running <TaskInstance: price_intelligence_pipeline.load_bigquery manual__2026-05-05T19:54:13.084817+00:00 [running]> on host 25ef6dfa8bdc
[2026-05-05T19:59:00.042+0000] {taskinstance.py:2480} INFO - Exporting env vars: AIRFLOW_CTX_DAG_OWNER='***' AIRFLOW_CTX_DAG_ID='price_intelligence_pipeline' AIRFLOW_CTX_TASK_ID='load_bigquery' AIRFLOW_CTX_EXECUTION_DATE='2026-05-05T19:54:13.084817+00:00' AIRFLOW_CTX_TRY_NUMBER='1' AIRFLOW_CTX_DAG_RUN_ID='manual__2026-05-05T19:54:13.084817+00:00'
[2026-05-05T19:59:00.054+0000] {subprocess.py:63} INFO - Tmp dir root location: /tmp
[2026-05-05T19:59:00.115+0000] {subprocess.py:75} INFO - Running command: ['/usr/bin/bash', '-c', '\n            set -e\n            cd /opt/***\n            export GOOGLE_APPLICATION_CREDENTIALS=/opt/***/gcp-credentials-new.json\n            python3 bigquery_load.py\n            echo BigQuery done\n        ']
[2026-05-05T19:59:00.233+0000] {subprocess.py:86} INFO - Output:
[2026-05-05T19:59:51.722+0000] {local_task_job_runner.py:302} WARNING - State of this instance has been externally set to removed. Terminating instance.
[2026-05-05T19:59:51.731+0000] {process_utils.py:131} INFO - Sending 15 to group 1492. PIDs of all processes in the group: [1499, 1500, 1492]
[2026-05-05T19:59:51.740+0000] {process_utils.py:86} INFO - Sending the signal 15 to group 1492
[2026-05-05T19:59:51.742+0000] {taskinstance.py:2450} ERROR - Received SIGTERM. Terminating subprocesses.
[2026-05-05T19:59:51.747+0000] {subprocess.py:104} INFO - Sending SIGTERM signal to process group
[2026-05-05T19:59:52.169+0000] {process_utils.py:79} INFO - Process psutil.Process(pid=1499, status='terminated', started='19:59:00') (1499) terminated with exit code None
[2026-05-05T19:59:52.174+0000] {process_utils.py:79} INFO - Process psutil.Process(pid=1500, status='terminated', started='19:59:00') (1500) terminated with exit code None
[2026-05-05T19:59:52.179+0000] {process_utils.py:79} INFO - Process psutil.Process(pid=1492, status='terminated', exitcode=0, started='19:58:58') (1492) terminated with exit code 0
