[2026-05-05T20:15:55.008+0000] {taskinstance.py:1956} INFO - Dependencies all met for dep_context=non-requeueable deps ti=<TaskInstance: price_intelligence_pipeline.load_bigquery scheduled__2026-05-05T19:00:00+00:00 [queued]>
[2026-05-05T20:15:55.037+0000] {taskinstance.py:1956} INFO - Dependencies all met for dep_context=requeueable deps ti=<TaskInstance: price_intelligence_pipeline.load_bigquery scheduled__2026-05-05T19:00:00+00:00 [queued]>
[2026-05-05T20:15:55.038+0000] {taskinstance.py:2170} INFO - Starting attempt 1 of 3
[2026-05-05T20:15:55.067+0000] {taskinstance.py:2191} INFO - Executing <Task(BashOperator): load_bigquery> on 2026-05-05 19:00:00+00:00
[2026-05-05T20:15:55.077+0000] {standard_task_runner.py:60} INFO - Started process 2598 to run task
[2026-05-05T20:15:55.088+0000] {standard_task_runner.py:87} INFO - Running: ['***', 'tasks', 'run', 'price_intelligence_pipeline', 'load_bigquery', 'scheduled__2026-05-05T19:00:00+00:00', '--job-id', '299', '--raw', '--subdir', 'DAGS_FOLDER/price_intelligence_dag.py', '--cfg-path', '/tmp/tmpo_15r39y']
[2026-05-05T20:15:55.094+0000] {standard_task_runner.py:88} INFO - Job 299: Subtask load_bigquery
[2026-05-05T20:15:55.251+0000] {task_command.py:423} INFO - Running <TaskInstance: price_intelligence_pipeline.load_bigquery scheduled__2026-05-05T19:00:00+00:00 [running]> on host 25ef6dfa8bdc
[2026-05-05T20:15:55.478+0000] {taskinstance.py:2480} INFO - Exporting env vars: AIRFLOW_CTX_DAG_OWNER='***' AIRFLOW_CTX_DAG_ID='price_intelligence_pipeline' AIRFLOW_CTX_TASK_ID='load_bigquery' AIRFLOW_CTX_EXECUTION_DATE='2026-05-05T19:00:00+00:00' AIRFLOW_CTX_TRY_NUMBER='1' AIRFLOW_CTX_DAG_RUN_ID='scheduled__2026-05-05T19:00:00+00:00'
[2026-05-05T20:15:55.481+0000] {subprocess.py:63} INFO - Tmp dir root location: /tmp
[2026-05-05T20:15:55.484+0000] {subprocess.py:75} INFO - Running command: ['/usr/bin/bash', '-c', '\n            set -e\n            cd /opt/***\n            export GOOGLE_APPLICATION_CREDENTIALS=/opt/***/gcp-credentials-new.json\n            python3 bigquery_load.py\n            echo BigQuery done\n        ']
[2026-05-05T20:15:55.502+0000] {subprocess.py:86} INFO - Output:
[2026-05-05T20:16:57.441+0000] {local_task_job_runner.py:302} WARNING - State of this instance has been externally set to removed. Terminating instance.
[2026-05-05T20:16:57.444+0000] {process_utils.py:131} INFO - Sending 15 to group 2598. PIDs of all processes in the group: [2599, 2600, 2598]
[2026-05-05T20:16:57.445+0000] {process_utils.py:86} INFO - Sending the signal 15 to group 2598
[2026-05-05T20:16:57.446+0000] {taskinstance.py:2450} ERROR - Received SIGTERM. Terminating subprocesses.
[2026-05-05T20:16:57.447+0000] {subprocess.py:104} INFO - Sending SIGTERM signal to process group
[2026-05-05T20:16:57.473+0000] {process_utils.py:79} INFO - Process psutil.Process(pid=2600, status='terminated', started='20:15:55') (2600) terminated with exit code None
[2026-05-05T20:16:57.500+0000] {process_utils.py:79} INFO - Process psutil.Process(pid=2598, status='terminated', exitcode=0, started='20:15:54') (2598) terminated with exit code 0
[2026-05-05T20:16:57.501+0000] {process_utils.py:79} INFO - Process psutil.Process(pid=2599, status='terminated', started='20:15:55') (2599) terminated with exit code None
[2026-05-05T20:39:55.125+0000] {taskinstance.py:1956} INFO - Dependencies all met for dep_context=non-requeueable deps ti=<TaskInstance: price_intelligence_pipeline.load_bigquery scheduled__2026-05-05T19:00:00+00:00 [queued]>
[2026-05-05T20:39:55.149+0000] {taskinstance.py:1956} INFO - Dependencies all met for dep_context=requeueable deps ti=<TaskInstance: price_intelligence_pipeline.load_bigquery scheduled__2026-05-05T19:00:00+00:00 [queued]>
[2026-05-05T20:39:55.150+0000] {taskinstance.py:2170} INFO - Starting attempt 1 of 3
[2026-05-05T20:39:55.188+0000] {taskinstance.py:2191} INFO - Executing <Task(BashOperator): load_bigquery> on 2026-05-05 19:00:00+00:00
[2026-05-05T20:39:55.199+0000] {standard_task_runner.py:60} INFO - Started process 233 to run task
[2026-05-05T20:39:55.209+0000] {standard_task_runner.py:87} INFO - Running: ['***', 'tasks', 'run', 'price_intelligence_pipeline', 'load_bigquery', 'scheduled__2026-05-05T19:00:00+00:00', '--job-id', '324', '--raw', '--subdir', 'DAGS_FOLDER/price_intelligence_dag.py', '--cfg-path', '/tmp/tmpl3kb9632']
[2026-05-05T20:39:55.216+0000] {standard_task_runner.py:88} INFO - Job 324: Subtask load_bigquery
[2026-05-05T20:39:55.394+0000] {task_command.py:423} INFO - Running <TaskInstance: price_intelligence_pipeline.load_bigquery scheduled__2026-05-05T19:00:00+00:00 [running]> on host 25ef6dfa8bdc
[2026-05-05T20:39:55.579+0000] {taskinstance.py:2480} INFO - Exporting env vars: AIRFLOW_CTX_DAG_OWNER='***' AIRFLOW_CTX_DAG_ID='price_intelligence_pipeline' AIRFLOW_CTX_TASK_ID='load_bigquery' AIRFLOW_CTX_EXECUTION_DATE='2026-05-05T19:00:00+00:00' AIRFLOW_CTX_TRY_NUMBER='1' AIRFLOW_CTX_DAG_RUN_ID='scheduled__2026-05-05T19:00:00+00:00'
[2026-05-05T20:39:55.582+0000] {subprocess.py:63} INFO - Tmp dir root location: /tmp
[2026-05-05T20:39:55.584+0000] {subprocess.py:75} INFO - Running command: ['/usr/bin/bash', '-c', '\n            set -e\n            cd /opt/***\n            export GOOGLE_APPLICATION_CREDENTIALS=/opt/***/gcp-credentials-new.json\n            python3 bigquery_load.py\n            echo BigQuery done\n        ']
[2026-05-05T20:39:55.608+0000] {subprocess.py:86} INFO - Output:
[2026-05-05T20:40:47.202+0000] {subprocess.py:93} INFO - /home/***/.local/lib/python3.8/site-packages/google/auth/_default.py:76: UserWarning: Your application has authenticated using end user credentials from Google Cloud SDK without a quota project. You might receive a "quota exceeded" or "API not enabled" error. See the following page for troubleshooting: https://cloud.google.com/docs/authentication/adc-troubleshooting/user-creds.
[2026-05-05T20:40:47.203+0000] {subprocess.py:93} INFO -   warnings.warn(_CLOUD_SDK_CREDENTIALS_WARNING)
[2026-05-05T20:40:47.204+0000] {subprocess.py:93} INFO - ✅ 7486 lignes chargées dans project-32a82952-90fa-4dd7-b9c.price_intelligence_dbt.prices_raw
[2026-05-05T20:40:47.443+0000] {subprocess.py:93} INFO - BigQuery done
[2026-05-05T20:40:47.444+0000] {subprocess.py:97} INFO - Command exited with return code 0
[2026-05-05T20:40:47.503+0000] {taskinstance.py:1138} INFO - Marking task as SUCCESS. dag_id=price_intelligence_pipeline, task_id=load_bigquery, execution_date=20260505T190000, start_date=20260505T203955, end_date=20260505T204047
[2026-05-05T20:40:47.575+0000] {local_task_job_runner.py:234} INFO - Task exited with return code 0
[2026-05-05T20:40:47.642+0000] {taskinstance.py:3280} INFO - 1 downstream tasks scheduled from follow-on schedule check
