[2026-05-21T21:26:59.852+0000] {taskinstance.py:1956} INFO - Dependencies all met for dep_context=non-requeueable deps ti=<TaskInstance: price_intelligence_pipeline.dbt_run scheduled__2026-05-21T20:00:00+00:00 [queued]>
[2026-05-21T21:26:59.865+0000] {taskinstance.py:1956} INFO - Dependencies all met for dep_context=requeueable deps ti=<TaskInstance: price_intelligence_pipeline.dbt_run scheduled__2026-05-21T20:00:00+00:00 [queued]>
[2026-05-21T21:26:59.866+0000] {taskinstance.py:2170} INFO - Starting attempt 1 of 2
[2026-05-21T21:26:59.885+0000] {taskinstance.py:2191} INFO - Executing <Task(BashOperator): dbt_run> on 2026-05-21 20:00:00+00:00
[2026-05-21T21:26:59.892+0000] {standard_task_runner.py:60} INFO - Started process 73044 to run task
[2026-05-21T21:26:59.897+0000] {standard_task_runner.py:87} INFO - Running: ['***', 'tasks', 'run', 'price_intelligence_pipeline', 'dbt_run', 'scheduled__2026-05-21T20:00:00+00:00', '--job-id', '1679', '--raw', '--subdir', 'DAGS_FOLDER/price_intelligence_dag.py', '--cfg-path', '/tmp/tmpoaxdorb8']
[2026-05-21T21:26:59.900+0000] {standard_task_runner.py:88} INFO - Job 1679: Subtask dbt_run
[2026-05-21T21:26:59.991+0000] {task_command.py:423} INFO - Running <TaskInstance: price_intelligence_pipeline.dbt_run scheduled__2026-05-21T20:00:00+00:00 [running]> on host 91e0d3a0a233
[2026-05-21T21:27:00.141+0000] {taskinstance.py:2480} INFO - Exporting env vars: AIRFLOW_CTX_DAG_OWNER='***' AIRFLOW_CTX_DAG_ID='price_intelligence_pipeline' AIRFLOW_CTX_TASK_ID='dbt_run' AIRFLOW_CTX_EXECUTION_DATE='2026-05-21T20:00:00+00:00' AIRFLOW_CTX_TRY_NUMBER='1' AIRFLOW_CTX_DAG_RUN_ID='scheduled__2026-05-21T20:00:00+00:00'
[2026-05-21T21:27:00.144+0000] {subprocess.py:63} INFO - Tmp dir root location: /tmp
[2026-05-21T21:27:00.146+0000] {subprocess.py:75} INFO - Running command: ['/usr/bin/bash', '-c', '\n            set -e\n            cd /opt/***/dbt\n            export GOOGLE_APPLICATION_CREDENTIALS=/opt/***/gcp-credentials-new.json\n            /home/***/.local/bin/dbt run --full-refresh --profiles-dir . --project-dir .\n            echo dbt done\n        ']
[2026-05-21T21:27:00.162+0000] {subprocess.py:86} INFO - Output:
[2026-05-21T21:27:03.254+0000] {subprocess.py:93} INFO - [0m21:27:03  Running with dbt=1.8.7
[2026-05-21T21:27:04.990+0000] {subprocess.py:93} INFO - [0m21:27:04  Registered adapter: bigquery=1.8.3
[2026-05-21T21:27:06.522+0000] {subprocess.py:93} INFO - [0m21:27:06  Found 3 models, 1 seed, 7 data tests, 1 source, 479 macros
[2026-05-21T21:27:06.532+0000] {subprocess.py:93} INFO - [0m21:27:06
[2026-05-21T21:27:08.800+0000] {subprocess.py:93} INFO - [0m21:27:08  Concurrency: 4 threads (target='dev')
[2026-05-21T21:27:08.802+0000] {subprocess.py:93} INFO - [0m21:27:08
[2026-05-21T21:27:08.826+0000] {subprocess.py:93} INFO - [0m21:27:08  1 of 3 START sql view model price_intelligence_dbt.stg_prices .................. [RUN]
[2026-05-21T21:27:10.954+0000] {subprocess.py:93} INFO - [0m21:27:10  1 of 3 OK created sql view model price_intelligence_dbt.stg_prices ............. [[32mCREATE VIEW (0 processed)[0m in 2.12s]
[2026-05-21T21:27:10.968+0000] {subprocess.py:93} INFO - [0m21:27:10  2 of 3 START sql table model price_intelligence_dbt.prices_cleaned ............. [RUN]
[2026-05-21T21:27:15.001+0000] {subprocess.py:93} INFO - [0m21:27:15  2 of 3 OK created sql table model price_intelligence_dbt.prices_cleaned ........ [[32mCREATE TABLE (5.0k rows, 2.6 MiB processed)[0m in 4.03s]
[2026-05-21T21:27:15.006+0000] {subprocess.py:93} INFO - [0m21:27:15  3 of 3 START sql table model price_intelligence_dbt.prices_aggregated .......... [RUN]
[2026-05-21T21:27:18.335+0000] {subprocess.py:93} INFO - [0m21:27:18  3 of 3 OK created sql table model price_intelligence_dbt.prices_aggregated ..... [[32mCREATE TABLE (11.0 rows, 231.8 KiB processed)[0m in 3.32s]
[2026-05-21T21:27:18.348+0000] {subprocess.py:93} INFO - [0m21:27:18
[2026-05-21T21:27:18.349+0000] {subprocess.py:93} INFO - [0m21:27:18  Finished running 1 view model, 2 table models in 0 hours 0 minutes and 11.81 seconds (11.81s).
[2026-05-21T21:27:18.505+0000] {subprocess.py:93} INFO - [0m21:27:18
[2026-05-21T21:27:18.508+0000] {subprocess.py:93} INFO - [0m21:27:18  [32mCompleted successfully[0m
[2026-05-21T21:27:18.510+0000] {subprocess.py:93} INFO - [0m21:27:18
[2026-05-21T21:27:18.512+0000] {subprocess.py:93} INFO - [0m21:27:18  Done. PASS=3 WARN=0 ERROR=0 SKIP=0 TOTAL=3
[2026-05-21T21:27:23.125+0000] {subprocess.py:93} INFO - dbt done
[2026-05-21T21:27:23.135+0000] {subprocess.py:97} INFO - Command exited with return code 0
[2026-05-21T21:27:23.188+0000] {taskinstance.py:1138} INFO - Marking task as SUCCESS. dag_id=price_intelligence_pipeline, task_id=dbt_run, execution_date=20260521T200000, start_date=20260521T212659, end_date=20260521T212723
[2026-05-21T21:27:23.255+0000] {local_task_job_runner.py:234} INFO - Task exited with return code 0
[2026-05-21T21:27:23.297+0000] {taskinstance.py:3280} INFO - 1 downstream tasks scheduled from follow-on schedule check
