[2026-05-05T19:59:05.111+0000] {taskinstance.py:1956} INFO - Dependencies all met for dep_context=non-requeueable deps ti=<TaskInstance: price_intelligence_pipeline.load_bigquery manual__2026-05-05T19:53:49.991985+00:00 [queued]>
[2026-05-05T19:59:05.152+0000] {taskinstance.py:1956} INFO - Dependencies all met for dep_context=requeueable deps ti=<TaskInstance: price_intelligence_pipeline.load_bigquery manual__2026-05-05T19:53:49.991985+00:00 [queued]>
[2026-05-05T19:59:05.154+0000] {taskinstance.py:2170} INFO - Starting attempt 1 of 3
[2026-05-05T19:59:05.213+0000] {taskinstance.py:2191} INFO - Executing <Task(BashOperator): load_bigquery> on 2026-05-05 19:53:49.991985+00:00
[2026-05-05T19:59:05.228+0000] {standard_task_runner.py:60} INFO - Started process 1542 to run task
[2026-05-05T19:59:05.238+0000] {standard_task_runner.py:87} INFO - Running: ['***', 'tasks', 'run', 'price_intelligence_pipeline', 'load_bigquery', 'manual__2026-05-05T19:53:49.991985+00:00', '--job-id', '236', '--raw', '--subdir', 'DAGS_FOLDER/price_intelligence_dag.py', '--cfg-path', '/tmp/tmpckypbsvn']
[2026-05-05T19:59:05.245+0000] {standard_task_runner.py:88} INFO - Job 236: Subtask load_bigquery
[2026-05-05T19:59:05.509+0000] {task_command.py:423} INFO - Running <TaskInstance: price_intelligence_pipeline.load_bigquery manual__2026-05-05T19:53:49.991985+00:00 [running]> on host 25ef6dfa8bdc
[2026-05-05T19:59:05.951+0000] {taskinstance.py:2480} INFO - Exporting env vars: AIRFLOW_CTX_DAG_OWNER='***' AIRFLOW_CTX_DAG_ID='price_intelligence_pipeline' AIRFLOW_CTX_TASK_ID='load_bigquery' AIRFLOW_CTX_EXECUTION_DATE='2026-05-05T19:53:49.991985+00:00' AIRFLOW_CTX_TRY_NUMBER='1' AIRFLOW_CTX_DAG_RUN_ID='manual__2026-05-05T19:53:49.991985+00:00'
[2026-05-05T19:59:05.960+0000] {subprocess.py:63} INFO - Tmp dir root location: /tmp
[2026-05-05T19:59:05.965+0000] {subprocess.py:75} INFO - Running command: ['/usr/bin/bash', '-c', '\n            set -e\n            cd /opt/***\n            export GOOGLE_APPLICATION_CREDENTIALS=/opt/***/gcp-credentials-new.json\n            python3 bigquery_load.py\n            echo BigQuery done\n        ']
[2026-05-05T19:59:06.000+0000] {subprocess.py:86} INFO - Output:
[2026-05-05T19:59:52.774+0000] {local_task_job_runner.py:302} WARNING - State of this instance has been externally set to removed. Terminating instance.
[2026-05-05T19:59:52.792+0000] {process_utils.py:131} INFO - Sending 15 to group 1542. PIDs of all processes in the group: [1543, 1544, 1542]
[2026-05-05T19:59:52.798+0000] {process_utils.py:86} INFO - Sending the signal 15 to group 1542
[2026-05-05T19:59:52.800+0000] {taskinstance.py:2450} ERROR - Received SIGTERM. Terminating subprocesses.
[2026-05-05T19:59:52.801+0000] {subprocess.py:104} INFO - Sending SIGTERM signal to process group
[2026-05-05T19:59:52.943+0000] {process_utils.py:79} INFO - Process psutil.Process(pid=1542, status='terminated', exitcode=0, started='19:59:05') (1542) terminated with exit code 0
[2026-05-05T19:59:52.945+0000] {process_utils.py:79} INFO - Process psutil.Process(pid=1543, status='terminated', started='19:59:05') (1543) terminated with exit code None
[2026-05-05T19:59:52.948+0000] {process_utils.py:79} INFO - Process psutil.Process(pid=1544, status='terminated', started='19:59:05') (1544) terminated with exit code None
