[2026-05-16T13:01:10.147+0000] {taskinstance.py:1956} INFO - Dependencies all met for dep_context=non-requeueable deps ti=<TaskInstance: price_intelligence_pipeline.dbt_run scheduled__2026-05-16T12:00:00+00:00 [queued]>
[2026-05-16T13:01:10.161+0000] {taskinstance.py:1956} INFO - Dependencies all met for dep_context=requeueable deps ti=<TaskInstance: price_intelligence_pipeline.dbt_run scheduled__2026-05-16T12:00:00+00:00 [queued]>
[2026-05-16T13:01:10.162+0000] {taskinstance.py:2170} INFO - Starting attempt 1 of 2
[2026-05-16T13:01:10.182+0000] {taskinstance.py:2191} INFO - Executing <Task(BashOperator): dbt_run> on 2026-05-16 12:00:00+00:00
[2026-05-16T13:01:10.189+0000] {standard_task_runner.py:60} INFO - Started process 30071 to run task
[2026-05-16T13:01:10.195+0000] {standard_task_runner.py:87} INFO - Running: ['***', 'tasks', 'run', 'price_intelligence_pipeline', 'dbt_run', 'scheduled__2026-05-16T12:00:00+00:00', '--job-id', '1245', '--raw', '--subdir', 'DAGS_FOLDER/price_intelligence_dag.py', '--cfg-path', '/tmp/tmpr7kxiiol']
[2026-05-16T13:01:10.201+0000] {standard_task_runner.py:88} INFO - Job 1245: Subtask dbt_run
[2026-05-16T13:01:10.301+0000] {task_command.py:423} INFO - Running <TaskInstance: price_intelligence_pipeline.dbt_run scheduled__2026-05-16T12:00:00+00:00 [running]> on host 91e0d3a0a233
[2026-05-16T13:01:10.492+0000] {taskinstance.py:2480} INFO - Exporting env vars: AIRFLOW_CTX_DAG_OWNER='***' AIRFLOW_CTX_DAG_ID='price_intelligence_pipeline' AIRFLOW_CTX_TASK_ID='dbt_run' AIRFLOW_CTX_EXECUTION_DATE='2026-05-16T12:00:00+00:00' AIRFLOW_CTX_TRY_NUMBER='1' AIRFLOW_CTX_DAG_RUN_ID='scheduled__2026-05-16T12:00:00+00:00'
[2026-05-16T13:01:10.495+0000] {subprocess.py:63} INFO - Tmp dir root location: /tmp
[2026-05-16T13:01:10.497+0000] {subprocess.py:75} INFO - Running command: ['/usr/bin/bash', '-c', '\n            set -e\n            cd /opt/***/dbt\n            export GOOGLE_APPLICATION_CREDENTIALS=/opt/***/gcp-credentials-new.json\n            /home/***/.local/bin/dbt run --full-refresh --profiles-dir . --project-dir .\n            echo dbt done\n        ']
[2026-05-16T13:01:10.513+0000] {subprocess.py:86} INFO - Output:
[2026-05-16T13:01:13.882+0000] {subprocess.py:93} INFO - [0m13:01:13  Running with dbt=1.8.7
[2026-05-16T13:01:16.240+0000] {subprocess.py:93} INFO - [0m13:01:16  Registered adapter: bigquery=1.8.3
[2026-05-16T13:01:18.230+0000] {subprocess.py:93} INFO - [0m13:01:18  Found 3 models, 1 seed, 7 data tests, 1 source, 479 macros
[2026-05-16T13:01:18.236+0000] {subprocess.py:93} INFO - [0m13:01:18
[2026-05-16T13:01:27.346+0000] {subprocess.py:93} INFO - [0m13:01:27  Concurrency: 4 threads (target='dev')
[2026-05-16T13:01:27.348+0000] {subprocess.py:93} INFO - [0m13:01:27
[2026-05-16T13:01:27.373+0000] {subprocess.py:93} INFO - [0m13:01:27  1 of 3 START sql view model price_intelligence_dbt.stg_prices .................. [RUN]
[2026-05-16T13:01:29.476+0000] {subprocess.py:93} INFO - [0m13:01:29  1 of 3 OK created sql view model price_intelligence_dbt.stg_prices ............. [[32mCREATE VIEW (0 processed)[0m in 2.09s]
[2026-05-16T13:01:29.488+0000] {subprocess.py:93} INFO - [0m13:01:29  2 of 3 START sql table model price_intelligence_dbt.prices_cleaned ............. [RUN]
[2026-05-16T13:01:33.687+0000] {subprocess.py:93} INFO - [0m13:01:33  2 of 3 OK created sql table model price_intelligence_dbt.prices_cleaned ........ [[32mCREATE TABLE (5.0k rows, 2.6 MiB processed)[0m in 4.18s]
[2026-05-16T13:01:33.702+0000] {subprocess.py:93} INFO - [0m13:01:33  3 of 3 START sql table model price_intelligence_dbt.prices_aggregated .......... [RUN]
[2026-05-16T13:01:37.232+0000] {subprocess.py:93} INFO - [0m13:01:37  3 of 3 OK created sql table model price_intelligence_dbt.prices_aggregated ..... [[32mCREATE TABLE (11.0 rows, 231.8 KiB processed)[0m in 3.53s]
[2026-05-16T13:01:37.243+0000] {subprocess.py:93} INFO - [0m13:01:37
[2026-05-16T13:01:37.244+0000] {subprocess.py:93} INFO - [0m13:01:37  Finished running 1 view model, 2 table models in 0 hours 0 minutes and 19.00 seconds (19.00s).
[2026-05-16T13:01:37.386+0000] {subprocess.py:93} INFO - [0m13:01:37
[2026-05-16T13:01:37.387+0000] {subprocess.py:93} INFO - [0m13:01:37  [32mCompleted successfully[0m
[2026-05-16T13:01:37.389+0000] {subprocess.py:93} INFO - [0m13:01:37
[2026-05-16T13:01:37.390+0000] {subprocess.py:93} INFO - [0m13:01:37  Done. PASS=3 WARN=0 ERROR=0 SKIP=0 TOTAL=3
[2026-05-16T13:01:42.091+0000] {subprocess.py:93} INFO - dbt done
[2026-05-16T13:01:42.106+0000] {subprocess.py:97} INFO - Command exited with return code 0
[2026-05-16T13:01:42.199+0000] {taskinstance.py:1138} INFO - Marking task as SUCCESS. dag_id=price_intelligence_pipeline, task_id=dbt_run, execution_date=20260516T120000, start_date=20260516T130110, end_date=20260516T130142
[2026-05-16T13:01:42.253+0000] {local_task_job_runner.py:234} INFO - Task exited with return code 0
[2026-05-16T13:01:42.314+0000] {taskinstance.py:3280} INFO - 1 downstream tasks scheduled from follow-on schedule check
