[2026-05-08T21:00:15.053+0000] {taskinstance.py:1956} INFO - Dependencies all met for dep_context=non-requeueable deps ti=<TaskInstance: price_intelligence_pipeline.dbt_run scheduled__2026-05-08T20:00:00+00:00 [queued]>
[2026-05-08T21:00:15.063+0000] {taskinstance.py:1956} INFO - Dependencies all met for dep_context=requeueable deps ti=<TaskInstance: price_intelligence_pipeline.dbt_run scheduled__2026-05-08T20:00:00+00:00 [queued]>
[2026-05-08T21:00:15.064+0000] {taskinstance.py:2170} INFO - Starting attempt 1 of 2
[2026-05-08T21:00:15.078+0000] {taskinstance.py:2191} INFO - Executing <Task(BashOperator): dbt_run> on 2026-05-08 20:00:00+00:00
[2026-05-08T21:00:15.083+0000] {standard_task_runner.py:60} INFO - Started process 2988 to run task
[2026-05-08T21:00:15.087+0000] {standard_task_runner.py:87} INFO - Running: ['***', 'tasks', 'run', 'price_intelligence_pipeline', 'dbt_run', 'scheduled__2026-05-08T20:00:00+00:00', '--job-id', '866', '--raw', '--subdir', 'DAGS_FOLDER/price_intelligence_dag.py', '--cfg-path', '/tmp/tmpgweyriu1']
[2026-05-08T21:00:15.091+0000] {standard_task_runner.py:88} INFO - Job 866: Subtask dbt_run
[2026-05-08T21:00:15.165+0000] {task_command.py:423} INFO - Running <TaskInstance: price_intelligence_pipeline.dbt_run scheduled__2026-05-08T20:00:00+00:00 [running]> on host 91e0d3a0a233
[2026-05-08T21:00:15.273+0000] {taskinstance.py:2480} INFO - Exporting env vars: AIRFLOW_CTX_DAG_OWNER='***' AIRFLOW_CTX_DAG_ID='price_intelligence_pipeline' AIRFLOW_CTX_TASK_ID='dbt_run' AIRFLOW_CTX_EXECUTION_DATE='2026-05-08T20:00:00+00:00' AIRFLOW_CTX_TRY_NUMBER='1' AIRFLOW_CTX_DAG_RUN_ID='scheduled__2026-05-08T20:00:00+00:00'
[2026-05-08T21:00:15.274+0000] {subprocess.py:63} INFO - Tmp dir root location: /tmp
[2026-05-08T21:00:15.275+0000] {subprocess.py:75} INFO - Running command: ['/usr/bin/bash', '-c', '\n            set -e\n            cd /opt/***/dbt\n            export GOOGLE_APPLICATION_CREDENTIALS=/opt/***/gcp-credentials-new.json\n            /home/***/.local/bin/dbt run --full-refresh --profiles-dir . --project-dir .\n            echo dbt done\n        ']
[2026-05-08T21:00:15.287+0000] {subprocess.py:86} INFO - Output:
[2026-05-08T21:00:17.251+0000] {subprocess.py:93} INFO - [0m21:00:17  Running with dbt=1.8.7
[2026-05-08T21:00:18.669+0000] {subprocess.py:93} INFO - [0m21:00:18  Registered adapter: bigquery=1.8.3
[2026-05-08T21:00:19.605+0000] {subprocess.py:93} INFO - [0m21:00:19  Found 3 models, 1 seed, 7 data tests, 1 source, 479 macros
[2026-05-08T21:00:19.609+0000] {subprocess.py:93} INFO - [0m21:00:19
[2026-05-08T21:00:21.047+0000] {subprocess.py:93} INFO - [0m21:00:21  Concurrency: 4 threads (target='dev')
[2026-05-08T21:00:21.048+0000] {subprocess.py:93} INFO - [0m21:00:21
[2026-05-08T21:00:21.061+0000] {subprocess.py:93} INFO - [0m21:00:21  1 of 3 START sql view model price_intelligence_dbt.stg_prices .................. [RUN]
[2026-05-08T21:00:22.596+0000] {subprocess.py:93} INFO - [0m21:00:22  1 of 3 OK created sql view model price_intelligence_dbt.stg_prices ............. [[32mCREATE VIEW (0 processed)[0m in 1.53s]
[2026-05-08T21:00:22.600+0000] {subprocess.py:93} INFO - [0m21:00:22  2 of 3 START sql table model price_intelligence_dbt.prices_cleaned ............. [RUN]
[2026-05-08T21:00:26.478+0000] {subprocess.py:93} INFO - [0m21:00:26  2 of 3 OK created sql table model price_intelligence_dbt.prices_cleaned ........ [[32mCREATE TABLE (5.0k rows, 2.6 MiB processed)[0m in 3.87s]
[2026-05-08T21:00:26.482+0000] {subprocess.py:93} INFO - [0m21:00:26  3 of 3 START sql table model price_intelligence_dbt.prices_aggregated .......... [RUN]
[2026-05-08T21:00:31.127+0000] {subprocess.py:93} INFO - [0m21:00:31  3 of 3 OK created sql table model price_intelligence_dbt.prices_aggregated ..... [[32mCREATE TABLE (11.0 rows, 231.8 KiB processed)[0m in 4.64s]
[2026-05-08T21:00:31.134+0000] {subprocess.py:93} INFO - [0m21:00:31
[2026-05-08T21:00:31.135+0000] {subprocess.py:93} INFO - [0m21:00:31  Finished running 1 view model, 2 table models in 0 hours 0 minutes and 11.52 seconds (11.52s).
[2026-05-08T21:00:31.226+0000] {subprocess.py:93} INFO - [0m21:00:31
[2026-05-08T21:00:31.227+0000] {subprocess.py:93} INFO - [0m21:00:31  [32mCompleted successfully[0m
[2026-05-08T21:00:31.228+0000] {subprocess.py:93} INFO - [0m21:00:31
[2026-05-08T21:00:31.229+0000] {subprocess.py:93} INFO - [0m21:00:31  Done. PASS=3 WARN=0 ERROR=0 SKIP=0 TOTAL=3
[2026-05-08T21:00:32.247+0000] {subprocess.py:93} INFO - dbt done
[2026-05-08T21:00:32.253+0000] {subprocess.py:97} INFO - Command exited with return code 0
[2026-05-08T21:00:32.297+0000] {taskinstance.py:1138} INFO - Marking task as SUCCESS. dag_id=price_intelligence_pipeline, task_id=dbt_run, execution_date=20260508T200000, start_date=20260508T210015, end_date=20260508T210032
[2026-05-08T21:00:32.344+0000] {local_task_job_runner.py:234} INFO - Task exited with return code 0
[2026-05-08T21:00:32.384+0000] {taskinstance.py:3280} INFO - 1 downstream tasks scheduled from follow-on schedule check
