[2026-05-07T23:00:01.637+0000] {taskinstance.py:1956} INFO - Dependencies all met for dep_context=non-requeueable deps ti=<TaskInstance: price_intelligence_pipeline.scrape_avito scheduled__2026-05-07T22:00:00+00:00 [queued]>
[2026-05-07T23:00:01.658+0000] {taskinstance.py:1956} INFO - Dependencies all met for dep_context=requeueable deps ti=<TaskInstance: price_intelligence_pipeline.scrape_avito scheduled__2026-05-07T22:00:00+00:00 [queued]>
[2026-05-07T23:00:01.666+0000] {taskinstance.py:2170} INFO - Starting attempt 1 of 2
[2026-05-07T23:00:01.697+0000] {taskinstance.py:2191} INFO - Executing <Task(BashOperator): scrape_avito> on 2026-05-07 22:00:00+00:00
[2026-05-07T23:00:01.720+0000] {standard_task_runner.py:60} INFO - Started process 3494 to run task
[2026-05-07T23:00:01.732+0000] {standard_task_runner.py:87} INFO - Running: ['***', 'tasks', 'run', 'price_intelligence_pipeline', 'scrape_avito', 'scheduled__2026-05-07T22:00:00+00:00', '--job-id', '753', '--raw', '--subdir', 'DAGS_FOLDER/price_intelligence_dag.py', '--cfg-path', '/tmp/tmpqk7yrz1w']
[2026-05-07T23:00:01.743+0000] {standard_task_runner.py:88} INFO - Job 753: Subtask scrape_avito
[2026-05-07T23:00:02.138+0000] {task_command.py:423} INFO - Running <TaskInstance: price_intelligence_pipeline.scrape_avito scheduled__2026-05-07T22:00:00+00:00 [running]> on host 25ef6dfa8bdc
[2026-05-07T23:00:02.548+0000] {taskinstance.py:2480} INFO - Exporting env vars: AIRFLOW_CTX_DAG_OWNER='***' AIRFLOW_CTX_DAG_ID='price_intelligence_pipeline' AIRFLOW_CTX_TASK_ID='scrape_avito' AIRFLOW_CTX_EXECUTION_DATE='2026-05-07T22:00:00+00:00' AIRFLOW_CTX_TRY_NUMBER='1' AIRFLOW_CTX_DAG_RUN_ID='scheduled__2026-05-07T22:00:00+00:00'
[2026-05-07T23:00:02.555+0000] {subprocess.py:63} INFO - Tmp dir root location: /tmp
[2026-05-07T23:00:02.557+0000] {subprocess.py:75} INFO - Running command: ['/usr/bin/bash', '-c', '\n            cd /opt/***\n            mkdir -p data/raw\n            export DISPLAY=:99\n            python3 scrapers/spiders/avito_ma.py || echo "Avito done with warnings"\n        ']
[2026-05-07T23:00:02.583+0000] {subprocess.py:86} INFO - Output:
[2026-05-07T23:00:23.043+0000] {subprocess.py:93} INFO - Traceback (most recent call last):
[2026-05-07T23:00:23.055+0000] {subprocess.py:93} INFO -   File "scrapers/spiders/avito_ma.py", line 93, in <module>
[2026-05-07T23:00:23.085+0000] {subprocess.py:93} INFO -     scrape_avito()
[2026-05-07T23:00:23.087+0000] {subprocess.py:93} INFO -   File "scrapers/spiders/avito_ma.py", line 25, in scrape_avito
[2026-05-07T23:00:23.088+0000] {subprocess.py:93} INFO -     driver = webdriver.Chrome(service=Service(ChromeDriverManager().install()), options=options)
[2026-05-07T23:00:23.089+0000] {subprocess.py:93} INFO -   File "/home/***/.local/lib/python3.8/site-packages/selenium/webdriver/chrome/webdriver.py", line 45, in __init__
[2026-05-07T23:00:23.093+0000] {subprocess.py:93} INFO -     super().__init__(
[2026-05-07T23:00:23.094+0000] {subprocess.py:93} INFO -   File "/home/***/.local/lib/python3.8/site-packages/selenium/webdriver/chromium/webdriver.py", line 66, in __init__
[2026-05-07T23:00:23.095+0000] {subprocess.py:93} INFO -     super().__init__(command_executor=executor, options=options)
[2026-05-07T23:00:23.122+0000] {subprocess.py:93} INFO -   File "/home/***/.local/lib/python3.8/site-packages/selenium/webdriver/remote/webdriver.py", line 241, in __init__
[2026-05-07T23:00:23.126+0000] {subprocess.py:93} INFO -     self.start_session(capabilities)
[2026-05-07T23:00:23.127+0000] {subprocess.py:93} INFO -   File "/home/***/.local/lib/python3.8/site-packages/selenium/webdriver/remote/webdriver.py", line 329, in start_session
[2026-05-07T23:00:23.128+0000] {subprocess.py:93} INFO -     response = self.execute(Command.NEW_SESSION, caps)["value"]
[2026-05-07T23:00:23.129+0000] {subprocess.py:93} INFO -   File "/home/***/.local/lib/python3.8/site-packages/selenium/webdriver/remote/webdriver.py", line 384, in execute
[2026-05-07T23:00:23.130+0000] {subprocess.py:93} INFO -     self.error_handler.check_response(response)
[2026-05-07T23:00:23.142+0000] {subprocess.py:93} INFO -   File "/home/***/.local/lib/python3.8/site-packages/selenium/webdriver/remote/errorhandler.py", line 232, in check_response
[2026-05-07T23:00:23.143+0000] {subprocess.py:93} INFO -     raise exception_class(message, screen, stacktrace)
[2026-05-07T23:00:23.144+0000] {subprocess.py:93} INFO - selenium.common.exceptions.SessionNotCreatedException: Message: session not created: This version of ChromeDriver only supports Chrome version 114
[2026-05-07T23:00:23.145+0000] {subprocess.py:93} INFO - Current browser version is 147.0.7727.137 with binary path /usr/bin/chromium
[2026-05-07T23:00:23.146+0000] {subprocess.py:93} INFO - Stacktrace:
[2026-05-07T23:00:23.146+0000] {subprocess.py:93} INFO - #0 0x5c788d7ba4e3 <unknown>
[2026-05-07T23:00:23.157+0000] {subprocess.py:93} INFO - #1 0x5c788d4e9c76 <unknown>
[2026-05-07T23:00:23.158+0000] {subprocess.py:93} INFO - #2 0x5c788d51704a <unknown>
[2026-05-07T23:00:23.159+0000] {subprocess.py:93} INFO - #3 0x5c788d5124a1 <unknown>
[2026-05-07T23:00:23.160+0000] {subprocess.py:93} INFO - #4 0x5c788d50f029 <unknown>
[2026-05-07T23:00:23.179+0000] {subprocess.py:93} INFO - #5 0x5c788d54dccc <unknown>
[2026-05-07T23:00:23.194+0000] {subprocess.py:93} INFO - #6 0x5c788d54d47f <unknown>
[2026-05-07T23:00:23.195+0000] {subprocess.py:93} INFO - #7 0x5c788d544de3 <unknown>
[2026-05-07T23:00:23.196+0000] {subprocess.py:93} INFO - #8 0x5c788d51a2dd <unknown>
[2026-05-07T23:00:23.197+0000] {subprocess.py:93} INFO - #9 0x5c788d51b34e <unknown>
[2026-05-07T23:00:23.198+0000] {subprocess.py:93} INFO - #10 0x5c788d77a3e4 <unknown>
[2026-05-07T23:00:23.204+0000] {subprocess.py:93} INFO - #11 0x5c788d77e3d7 <unknown>
[2026-05-07T23:00:23.205+0000] {subprocess.py:93} INFO - #12 0x5c788d788b20 <unknown>
[2026-05-07T23:00:23.206+0000] {subprocess.py:93} INFO - #13 0x5c788d77f023 <unknown>
[2026-05-07T23:00:23.207+0000] {subprocess.py:93} INFO - #14 0x5c788d74d1aa <unknown>
[2026-05-07T23:00:23.208+0000] {subprocess.py:93} INFO - #15 0x5c788d7a36b8 <unknown>
[2026-05-07T23:00:23.227+0000] {subprocess.py:93} INFO - #16 0x5c788d7a3847 <unknown>
[2026-05-07T23:00:23.228+0000] {subprocess.py:93} INFO - #17 0x5c788d7b3243 <unknown>
[2026-05-07T23:00:23.229+0000] {subprocess.py:93} INFO - #18 0x722636fe0134 <unknown>
[2026-05-07T23:00:23.230+0000] {subprocess.py:93} INFO - 
[2026-05-07T23:00:23.238+0000] {subprocess.py:93} INFO - Avito done with warnings
[2026-05-07T23:00:23.240+0000] {subprocess.py:97} INFO - Command exited with return code 0
[2026-05-07T23:00:23.450+0000] {taskinstance.py:1138} INFO - Marking task as SUCCESS. dag_id=price_intelligence_pipeline, task_id=scrape_avito, execution_date=20260507T220000, start_date=20260507T230001, end_date=20260507T230023
[2026-05-07T23:00:23.570+0000] {local_task_job_runner.py:234} INFO - Task exited with return code 0
[2026-05-07T23:00:23.720+0000] {taskinstance.py:3280} INFO - 1 downstream tasks scheduled from follow-on schedule check
