[2026-05-20T22:14:02.507+0000] {taskinstance.py:1956} INFO - Dependencies all met for dep_context=non-requeueable deps ti=<TaskInstance: price_intelligence_pipeline.dbt_run scheduled__2026-05-20T19:00:00+00:00 [queued]>
[2026-05-20T22:14:02.533+0000] {taskinstance.py:1956} INFO - Dependencies all met for dep_context=requeueable deps ti=<TaskInstance: price_intelligence_pipeline.dbt_run scheduled__2026-05-20T19:00:00+00:00 [queued]>
[2026-05-20T22:14:02.535+0000] {taskinstance.py:2170} INFO - Starting attempt 1 of 2
[2026-05-20T22:14:02.577+0000] {taskinstance.py:2191} INFO - Executing <Task(BashOperator): dbt_run> on 2026-05-20 19:00:00+00:00
[2026-05-20T22:14:02.593+0000] {standard_task_runner.py:60} INFO - Started process 69857 to run task
[2026-05-20T22:14:02.611+0000] {standard_task_runner.py:87} INFO - Running: ['***', 'tasks', 'run', 'price_intelligence_pipeline', 'dbt_run', 'scheduled__2026-05-20T19:00:00+00:00', '--job-id', '1607', '--raw', '--subdir', 'DAGS_FOLDER/price_intelligence_dag.py', '--cfg-path', '/tmp/tmpna6wc42t']
[2026-05-20T22:14:02.620+0000] {standard_task_runner.py:88} INFO - Job 1607: Subtask dbt_run
[2026-05-20T22:14:02.830+0000] {task_command.py:423} INFO - Running <TaskInstance: price_intelligence_pipeline.dbt_run scheduled__2026-05-20T19:00:00+00:00 [running]> on host 91e0d3a0a233
[2026-05-20T22:14:03.221+0000] {taskinstance.py:2480} INFO - Exporting env vars: AIRFLOW_CTX_DAG_OWNER='***' AIRFLOW_CTX_DAG_ID='price_intelligence_pipeline' AIRFLOW_CTX_TASK_ID='dbt_run' AIRFLOW_CTX_EXECUTION_DATE='2026-05-20T19:00:00+00:00' AIRFLOW_CTX_TRY_NUMBER='1' AIRFLOW_CTX_DAG_RUN_ID='scheduled__2026-05-20T19:00:00+00:00'
[2026-05-20T22:14:03.226+0000] {subprocess.py:63} INFO - Tmp dir root location: /tmp
[2026-05-20T22:14:03.228+0000] {subprocess.py:75} INFO - Running command: ['/usr/bin/bash', '-c', '\n            set -e\n            cd /opt/***/dbt\n            export GOOGLE_APPLICATION_CREDENTIALS=/opt/***/gcp-credentials-new.json\n            /home/***/.local/bin/dbt run --full-refresh --profiles-dir . --project-dir .\n            echo dbt done\n        ']
[2026-05-20T22:14:03.254+0000] {subprocess.py:86} INFO - Output:
[2026-05-20T22:14:09.231+0000] {subprocess.py:93} INFO - [0m22:14:09  Running with dbt=1.8.7
[2026-05-20T22:14:14.905+0000] {subprocess.py:93} INFO - [0m22:14:14  Registered adapter: bigquery=1.8.3
[2026-05-20T22:14:19.039+0000] {subprocess.py:93} INFO - [0m22:14:19  Found 3 models, 1 seed, 7 data tests, 1 source, 479 macros
[2026-05-20T22:14:19.052+0000] {subprocess.py:93} INFO - [0m22:14:19
[2026-05-20T22:14:24.714+0000] {subprocess.py:93} INFO - [0m22:14:24  Concurrency: 4 threads (target='dev')
[2026-05-20T22:14:24.716+0000] {subprocess.py:93} INFO - [0m22:14:24
[2026-05-20T22:14:24.742+0000] {subprocess.py:93} INFO - [0m22:14:24  1 of 3 START sql view model price_intelligence_dbt.stg_prices .................. [RUN]
[2026-05-20T22:14:27.237+0000] {subprocess.py:93} INFO - [0m22:14:27  1 of 3 OK created sql view model price_intelligence_dbt.stg_prices ............. [[32mCREATE VIEW (0 processed)[0m in 2.48s]
[2026-05-20T22:14:27.255+0000] {subprocess.py:93} INFO - [0m22:14:27  2 of 3 START sql table model price_intelligence_dbt.prices_cleaned ............. [RUN]
[2026-05-20T22:14:35.727+0000] {subprocess.py:93} INFO - [0m22:14:35  2 of 3 OK created sql table model price_intelligence_dbt.prices_cleaned ........ [[32mCREATE TABLE (5.0k rows, 2.6 MiB processed)[0m in 8.46s]
[2026-05-20T22:14:35.743+0000] {subprocess.py:93} INFO - [0m22:14:35  3 of 3 START sql table model price_intelligence_dbt.prices_aggregated .......... [RUN]
[2026-05-20T22:14:39.984+0000] {subprocess.py:93} INFO - [0m22:14:39  3 of 3 OK created sql table model price_intelligence_dbt.prices_aggregated ..... [[32mCREATE TABLE (11.0 rows, 231.8 KiB processed)[0m in 4.22s]
[2026-05-20T22:14:40.040+0000] {subprocess.py:93} INFO - [0m22:14:40
[2026-05-20T22:14:40.046+0000] {subprocess.py:93} INFO - [0m22:14:40  Finished running 1 view model, 2 table models in 0 hours 0 minutes and 20.98 seconds (20.98s).
[2026-05-20T22:14:40.399+0000] {subprocess.py:93} INFO - [0m22:14:40
[2026-05-20T22:14:40.401+0000] {subprocess.py:93} INFO - [0m22:14:40  [32mCompleted successfully[0m
[2026-05-20T22:14:40.407+0000] {subprocess.py:93} INFO - [0m22:14:40
[2026-05-20T22:14:40.410+0000] {subprocess.py:93} INFO - [0m22:14:40  Done. PASS=3 WARN=0 ERROR=0 SKIP=0 TOTAL=3
[2026-05-20T22:14:45.651+0000] {subprocess.py:93} INFO - dbt done
[2026-05-20T22:14:45.668+0000] {subprocess.py:97} INFO - Command exited with return code 0
[2026-05-20T22:14:45.883+0000] {taskinstance.py:1138} INFO - Marking task as SUCCESS. dag_id=price_intelligence_pipeline, task_id=dbt_run, execution_date=20260520T190000, start_date=20260520T221402, end_date=20260520T221445
[2026-05-20T22:14:46.008+0000] {local_task_job_runner.py:234} INFO - Task exited with return code 0
[2026-05-20T22:14:46.123+0000] {taskinstance.py:3280} INFO - 1 downstream tasks scheduled from follow-on schedule check
