[2026-05-05T19:40:30.452+0000] {taskinstance.py:1956} INFO - Dependencies all met for dep_context=non-requeueable deps ti=<TaskInstance: price_intelligence_pipeline.load_bigquery scheduled__2026-05-05T18:00:00+00:00 [queued]>
[2026-05-05T19:40:30.474+0000] {taskinstance.py:1956} INFO - Dependencies all met for dep_context=requeueable deps ti=<TaskInstance: price_intelligence_pipeline.load_bigquery scheduled__2026-05-05T18:00:00+00:00 [queued]>
[2026-05-05T19:40:30.475+0000] {taskinstance.py:2170} INFO - Starting attempt 1 of 3
[2026-05-05T19:40:30.500+0000] {taskinstance.py:2191} INFO - Executing <Task(BashOperator): load_bigquery> on 2026-05-05 18:00:00+00:00
[2026-05-05T19:40:30.508+0000] {standard_task_runner.py:60} INFO - Started process 536 to run task
[2026-05-05T19:40:30.514+0000] {standard_task_runner.py:87} INFO - Running: ['***', 'tasks', 'run', 'price_intelligence_pipeline', 'load_bigquery', 'scheduled__2026-05-05T18:00:00+00:00', '--job-id', '187', '--raw', '--subdir', 'DAGS_FOLDER/price_intelligence_dag.py', '--cfg-path', '/tmp/tmpk0guqpes']
[2026-05-05T19:40:30.518+0000] {standard_task_runner.py:88} INFO - Job 187: Subtask load_bigquery
[2026-05-05T19:40:30.641+0000] {task_command.py:423} INFO - Running <TaskInstance: price_intelligence_pipeline.load_bigquery scheduled__2026-05-05T18:00:00+00:00 [running]> on host 25ef6dfa8bdc
[2026-05-05T19:40:30.792+0000] {taskinstance.py:2480} INFO - Exporting env vars: AIRFLOW_CTX_DAG_OWNER='***' AIRFLOW_CTX_DAG_ID='price_intelligence_pipeline' AIRFLOW_CTX_TASK_ID='load_bigquery' AIRFLOW_CTX_EXECUTION_DATE='2026-05-05T18:00:00+00:00' AIRFLOW_CTX_TRY_NUMBER='1' AIRFLOW_CTX_DAG_RUN_ID='scheduled__2026-05-05T18:00:00+00:00'
[2026-05-05T19:40:30.794+0000] {subprocess.py:63} INFO - Tmp dir root location: /tmp
[2026-05-05T19:40:30.795+0000] {subprocess.py:75} INFO - Running command: ['/usr/bin/bash', '-c', '\n            set -e\n            cd /opt/***\n            export GOOGLE_APPLICATION_CREDENTIALS=/opt/***/gcp-credentials-new.json\n            python3 bigquery_load.py\n            echo BigQuery done\n        ']
[2026-05-05T19:40:30.809+0000] {subprocess.py:86} INFO - Output:
[2026-05-05T19:40:30.890+0000] {subprocess.py:93} INFO - python3: can't open file 'bigquery_load.py': [Errno 2] No such file or directory
[2026-05-05T19:40:30.894+0000] {subprocess.py:97} INFO - Command exited with return code 2
[2026-05-05T19:40:30.919+0000] {taskinstance.py:2698} ERROR - Task failed with exception
Traceback (most recent call last):
  File "/home/airflow/.local/lib/python3.8/site-packages/airflow/models/taskinstance.py", line 428, in _execute_task
    result = execute_callable(context=context, **execute_callable_kwargs)
  File "/home/airflow/.local/lib/python3.8/site-packages/airflow/operators/bash.py", line 212, in execute
    raise AirflowException(
airflow.exceptions.AirflowException: Bash command failed. The command returned a non-zero exit code 2.
[2026-05-05T19:40:30.927+0000] {taskinstance.py:1138} INFO - Marking task as UP_FOR_RETRY. dag_id=price_intelligence_pipeline, task_id=load_bigquery, execution_date=20260505T180000, start_date=20260505T194030, end_date=20260505T194030
[2026-05-05T19:40:30.946+0000] {standard_task_runner.py:107} ERROR - Failed to execute job 187 for task load_bigquery (Bash command failed. The command returned a non-zero exit code 2.; 536)
[2026-05-05T19:40:31.008+0000] {local_task_job_runner.py:234} INFO - Task exited with return code 1
[2026-05-05T19:40:31.057+0000] {taskinstance.py:3280} INFO - 0 downstream tasks scheduled from follow-on schedule check
