[2026-05-07T22:55:23.434+0000] {taskinstance.py:1956} INFO - Dependencies all met for dep_context=non-requeueable deps ti=<TaskInstance: price_intelligence_pipeline.scrape_amazon manual__2026-05-07T22:55:21.001274+00:00 [queued]>
[2026-05-07T22:55:23.475+0000] {taskinstance.py:1956} INFO - Dependencies all met for dep_context=requeueable deps ti=<TaskInstance: price_intelligence_pipeline.scrape_amazon manual__2026-05-07T22:55:21.001274+00:00 [queued]>
[2026-05-07T22:55:23.481+0000] {taskinstance.py:2170} INFO - Starting attempt 1 of 2
[2026-05-07T22:55:23.553+0000] {taskinstance.py:2191} INFO - Executing <Task(BashOperator): scrape_amazon> on 2026-05-07 22:55:21.001274+00:00
[2026-05-07T22:55:23.573+0000] {standard_task_runner.py:60} INFO - Started process 3268 to run task
[2026-05-07T22:55:23.582+0000] {standard_task_runner.py:87} INFO - Running: ['***', 'tasks', 'run', 'price_intelligence_pipeline', 'scrape_amazon', 'manual__2026-05-07T22:55:21.001274+00:00', '--job-id', '745', '--raw', '--subdir', 'DAGS_FOLDER/price_intelligence_dag.py', '--cfg-path', '/tmp/tmpwxyi4l_0']
[2026-05-07T22:55:23.590+0000] {standard_task_runner.py:88} INFO - Job 745: Subtask scrape_amazon
[2026-05-07T22:55:23.835+0000] {task_command.py:423} INFO - Running <TaskInstance: price_intelligence_pipeline.scrape_amazon manual__2026-05-07T22:55:21.001274+00:00 [running]> on host 25ef6dfa8bdc
[2026-05-07T22:55:24.200+0000] {taskinstance.py:2480} INFO - Exporting env vars: AIRFLOW_CTX_DAG_OWNER='***' AIRFLOW_CTX_DAG_ID='price_intelligence_pipeline' AIRFLOW_CTX_TASK_ID='scrape_amazon' AIRFLOW_CTX_EXECUTION_DATE='2026-05-07T22:55:21.001274+00:00' AIRFLOW_CTX_TRY_NUMBER='1' AIRFLOW_CTX_DAG_RUN_ID='manual__2026-05-07T22:55:21.001274+00:00'
[2026-05-07T22:55:24.208+0000] {subprocess.py:63} INFO - Tmp dir root location: /tmp
[2026-05-07T22:55:24.213+0000] {subprocess.py:75} INFO - Running command: ['/usr/bin/bash', '-c', '\n            cd /opt/***\n            mkdir -p data/raw\n            export DISPLAY=:99\n            python3 scrapers/spiders/amazon_ma.py || echo "Amazon done with warnings"\n        ']
[2026-05-07T22:55:24.273+0000] {subprocess.py:86} INFO - Output:
[2026-05-07T22:55:30.424+0000] {subprocess.py:93} INFO - Traceback (most recent call last):
[2026-05-07T22:55:30.425+0000] {subprocess.py:93} INFO -   File "/home/***/.local/lib/python3.8/site-packages/urllib3/connection.py", line 174, in _new_conn
[2026-05-07T22:55:30.426+0000] {subprocess.py:93} INFO -     conn = connection.create_connection(
[2026-05-07T22:55:30.428+0000] {subprocess.py:93} INFO -   File "/home/***/.local/lib/python3.8/site-packages/urllib3/util/connection.py", line 72, in create_connection
[2026-05-07T22:55:30.431+0000] {subprocess.py:93} INFO -     for res in socket.getaddrinfo(host, port, family, socket.SOCK_STREAM):
[2026-05-07T22:55:30.432+0000] {subprocess.py:93} INFO -   File "/usr/local/lib/python3.8/socket.py", line 918, in getaddrinfo
[2026-05-07T22:55:30.433+0000] {subprocess.py:93} INFO -     for res in _socket.getaddrinfo(host, port, family, type, proto, flags):
[2026-05-07T22:55:30.436+0000] {subprocess.py:93} INFO - socket.gaierror: [Errno -5] No address associated with hostname
[2026-05-07T22:55:30.440+0000] {subprocess.py:93} INFO - 
[2026-05-07T22:55:30.444+0000] {subprocess.py:93} INFO - During handling of the above exception, another exception occurred:
[2026-05-07T22:55:30.451+0000] {subprocess.py:93} INFO - 
[2026-05-07T22:55:30.463+0000] {subprocess.py:93} INFO - Traceback (most recent call last):
[2026-05-07T22:55:30.473+0000] {subprocess.py:93} INFO -   File "/home/***/.local/lib/python3.8/site-packages/urllib3/connectionpool.py", line 715, in urlopen
[2026-05-07T22:55:30.489+0000] {subprocess.py:93} INFO -     httplib_response = self._make_request(
[2026-05-07T22:55:30.503+0000] {subprocess.py:93} INFO -   File "/home/***/.local/lib/python3.8/site-packages/urllib3/connectionpool.py", line 404, in _make_request
[2026-05-07T22:55:30.514+0000] {subprocess.py:93} INFO -     self._validate_conn(conn)
[2026-05-07T22:55:30.529+0000] {subprocess.py:93} INFO -   File "/home/***/.local/lib/python3.8/site-packages/urllib3/connectionpool.py", line 1058, in _validate_conn
[2026-05-07T22:55:30.543+0000] {subprocess.py:93} INFO -     conn.connect()
[2026-05-07T22:55:30.544+0000] {subprocess.py:93} INFO -   File "/home/***/.local/lib/python3.8/site-packages/urllib3/connection.py", line 363, in connect
[2026-05-07T22:55:30.546+0000] {subprocess.py:93} INFO -     self.sock = conn = self._new_conn()
[2026-05-07T22:55:30.551+0000] {subprocess.py:93} INFO -   File "/home/***/.local/lib/python3.8/site-packages/urllib3/connection.py", line 186, in _new_conn
[2026-05-07T22:55:30.558+0000] {subprocess.py:93} INFO -     raise NewConnectionError(
[2026-05-07T22:55:30.560+0000] {subprocess.py:93} INFO - urllib3.exceptions.NewConnectionError: <urllib3.connection.HTTPSConnection object at 0x7290993cf3d0>: Failed to establish a new connection: [Errno -5] No address associated with hostname
[2026-05-07T22:55:30.561+0000] {subprocess.py:93} INFO - 
[2026-05-07T22:55:30.562+0000] {subprocess.py:93} INFO - During handling of the above exception, another exception occurred:
[2026-05-07T22:55:30.564+0000] {subprocess.py:93} INFO - 
[2026-05-07T22:55:30.565+0000] {subprocess.py:93} INFO - Traceback (most recent call last):
[2026-05-07T22:55:30.566+0000] {subprocess.py:93} INFO -   File "/home/***/.local/lib/python3.8/site-packages/requests/adapters.py", line 486, in send
[2026-05-07T22:55:30.568+0000] {subprocess.py:93} INFO -     resp = conn.urlopen(
[2026-05-07T22:55:30.569+0000] {subprocess.py:93} INFO -   File "/home/***/.local/lib/python3.8/site-packages/urllib3/connectionpool.py", line 799, in urlopen
[2026-05-07T22:55:30.571+0000] {subprocess.py:93} INFO -     retries = retries.increment(
[2026-05-07T22:55:30.575+0000] {subprocess.py:93} INFO -   File "/home/***/.local/lib/python3.8/site-packages/urllib3/util/retry.py", line 592, in increment
[2026-05-07T22:55:30.576+0000] {subprocess.py:93} INFO -     raise MaxRetryError(_pool, url, error or ResponseError(cause))
[2026-05-07T22:55:30.579+0000] {subprocess.py:93} INFO - urllib3.exceptions.MaxRetryError: HTTPSConnectionPool(host='chromedriver.storage.googleapis.com', port=443): Max retries exceeded with url: /LATEST_RELEASE (Caused by NewConnectionError('<urllib3.connection.HTTPSConnection object at 0x7290993cf3d0>: Failed to establish a new connection: [Errno -5] No address associated with hostname'))
[2026-05-07T22:55:30.583+0000] {subprocess.py:93} INFO - 
[2026-05-07T22:55:30.591+0000] {subprocess.py:93} INFO - During handling of the above exception, another exception occurred:
[2026-05-07T22:55:30.592+0000] {subprocess.py:93} INFO - 
[2026-05-07T22:55:30.593+0000] {subprocess.py:93} INFO - Traceback (most recent call last):
[2026-05-07T22:55:30.594+0000] {subprocess.py:93} INFO -   File "/home/***/.local/lib/python3.8/site-packages/webdriver_manager/core/http.py", line 32, in get
[2026-05-07T22:55:30.595+0000] {subprocess.py:93} INFO -     resp = requests.get(
[2026-05-07T22:55:30.597+0000] {subprocess.py:93} INFO -   File "/home/***/.local/lib/python3.8/site-packages/requests/api.py", line 73, in get
[2026-05-07T22:55:30.598+0000] {subprocess.py:93} INFO -     return request("get", url, params=params, **kwargs)
[2026-05-07T22:55:30.602+0000] {subprocess.py:93} INFO -   File "/home/***/.local/lib/python3.8/site-packages/requests/api.py", line 59, in request
[2026-05-07T22:55:30.606+0000] {subprocess.py:93} INFO -     return session.request(method=method, url=url, **kwargs)
[2026-05-07T22:55:30.608+0000] {subprocess.py:93} INFO -   File "/home/***/.local/lib/python3.8/site-packages/requests/sessions.py", line 589, in request
[2026-05-07T22:55:30.609+0000] {subprocess.py:93} INFO -     resp = self.send(prep, **send_kwargs)
[2026-05-07T22:55:30.611+0000] {subprocess.py:93} INFO -   File "/home/***/.local/lib/python3.8/site-packages/requests/sessions.py", line 703, in send
[2026-05-07T22:55:30.613+0000] {subprocess.py:93} INFO -     r = adapter.send(request, **kwargs)
[2026-05-07T22:55:30.614+0000] {subprocess.py:93} INFO -   File "/home/***/.local/lib/python3.8/site-packages/requests/adapters.py", line 519, in send
[2026-05-07T22:55:30.615+0000] {subprocess.py:93} INFO -     raise ConnectionError(e, request=request)
[2026-05-07T22:55:30.616+0000] {subprocess.py:93} INFO - requests.exceptions.ConnectionError: HTTPSConnectionPool(host='chromedriver.storage.googleapis.com', port=443): Max retries exceeded with url: /LATEST_RELEASE (Caused by NewConnectionError('<urllib3.connection.HTTPSConnection object at 0x7290993cf3d0>: Failed to establish a new connection: [Errno -5] No address associated with hostname'))
[2026-05-07T22:55:30.617+0000] {subprocess.py:93} INFO - 
[2026-05-07T22:55:30.618+0000] {subprocess.py:93} INFO - During handling of the above exception, another exception occurred:
[2026-05-07T22:55:30.619+0000] {subprocess.py:93} INFO - 
[2026-05-07T22:55:30.623+0000] {subprocess.py:93} INFO - Traceback (most recent call last):
[2026-05-07T22:55:30.624+0000] {subprocess.py:93} INFO -   File "scrapers/spiders/amazon_ma.py", line 147, in <module>
[2026-05-07T22:55:30.625+0000] {subprocess.py:93} INFO -     scrape_amazon()
[2026-05-07T22:55:30.626+0000] {subprocess.py:93} INFO -   File "scrapers/spiders/amazon_ma.py", line 55, in scrape_amazon
[2026-05-07T22:55:30.628+0000] {subprocess.py:93} INFO -     driver = get_driver()
[2026-05-07T22:55:30.629+0000] {subprocess.py:93} INFO -   File "scrapers/spiders/amazon_ma.py", line 47, in get_driver
[2026-05-07T22:55:30.630+0000] {subprocess.py:93} INFO -     driver = webdriver.Chrome(service=Service(ChromeDriverManager().install()), options=opts)
[2026-05-07T22:55:30.631+0000] {subprocess.py:93} INFO -   File "/home/***/.local/lib/python3.8/site-packages/webdriver_manager/chrome.py", line 40, in install
[2026-05-07T22:55:30.632+0000] {subprocess.py:93} INFO -     driver_path = self._get_driver_binary_path(self.driver)
[2026-05-07T22:55:30.633+0000] {subprocess.py:93} INFO -   File "/home/***/.local/lib/python3.8/site-packages/webdriver_manager/core/manager.py", line 40, in _get_driver_binary_path
[2026-05-07T22:55:30.634+0000] {subprocess.py:93} INFO -     file = self._download_manager.download_file(driver.get_driver_download_url(os_type))
[2026-05-07T22:55:30.635+0000] {subprocess.py:93} INFO -   File "/home/***/.local/lib/python3.8/site-packages/webdriver_manager/drivers/chrome.py", line 32, in get_driver_download_url
[2026-05-07T22:55:30.647+0000] {subprocess.py:93} INFO -     driver_version_to_download = self.get_driver_version_to_download()
[2026-05-07T22:55:30.648+0000] {subprocess.py:93} INFO -   File "/home/***/.local/lib/python3.8/site-packages/webdriver_manager/core/driver.py", line 48, in get_driver_version_to_download
[2026-05-07T22:55:30.658+0000] {subprocess.py:93} INFO -     return self.get_latest_release_version()
[2026-05-07T22:55:30.659+0000] {subprocess.py:93} INFO -   File "/home/***/.local/lib/python3.8/site-packages/webdriver_manager/drivers/chrome.py", line 70, in get_latest_release_version
[2026-05-07T22:55:30.660+0000] {subprocess.py:93} INFO -     resp = self._http_client.get(url=latest_release_url)
[2026-05-07T22:55:30.662+0000] {subprocess.py:93} INFO -   File "/home/***/.local/lib/python3.8/site-packages/webdriver_manager/core/http.py", line 35, in get
[2026-05-07T22:55:30.663+0000] {subprocess.py:93} INFO -     raise exceptions.ConnectionError(f"Could not reach host. Are you offline?")
[2026-05-07T22:55:30.664+0000] {subprocess.py:93} INFO - requests.exceptions.ConnectionError: Could not reach host. Are you offline?
[2026-05-07T22:55:30.665+0000] {subprocess.py:93} INFO - Amazon done with warnings
[2026-05-07T22:55:30.666+0000] {subprocess.py:97} INFO - Command exited with return code 0
[2026-05-07T22:55:30.789+0000] {taskinstance.py:1138} INFO - Marking task as SUCCESS. dag_id=price_intelligence_pipeline, task_id=scrape_amazon, execution_date=20260507T225521, start_date=20260507T225523, end_date=20260507T225530
[2026-05-07T22:55:30.887+0000] {local_task_job_runner.py:234} INFO - Task exited with return code 0
[2026-05-07T22:55:31.016+0000] {taskinstance.py:3280} INFO - 0 downstream tasks scheduled from follow-on schedule check
