[2026-05-22T13:01:11.780+0000] {taskinstance.py:1956} INFO - Dependencies all met for dep_context=non-requeueable deps ti=<TaskInstance: price_intelligence_pipeline.dbt_run scheduled__2026-05-22T12:00:00+00:00 [queued]>
[2026-05-22T13:01:11.794+0000] {taskinstance.py:1956} INFO - Dependencies all met for dep_context=requeueable deps ti=<TaskInstance: price_intelligence_pipeline.dbt_run scheduled__2026-05-22T12:00:00+00:00 [queued]>
[2026-05-22T13:01:11.795+0000] {taskinstance.py:2170} INFO - Starting attempt 1 of 2
[2026-05-22T13:01:11.818+0000] {taskinstance.py:2191} INFO - Executing <Task(BashOperator): dbt_run> on 2026-05-22 12:00:00+00:00
[2026-05-22T13:01:11.828+0000] {standard_task_runner.py:60} INFO - Started process 77089 to run task
[2026-05-22T13:01:11.835+0000] {standard_task_runner.py:87} INFO - Running: ['***', 'tasks', 'run', 'price_intelligence_pipeline', 'dbt_run', 'scheduled__2026-05-22T12:00:00+00:00', '--job-id', '1724', '--raw', '--subdir', 'DAGS_FOLDER/price_intelligence_dag.py', '--cfg-path', '/tmp/tmpbs0u4vge']
[2026-05-22T13:01:11.839+0000] {standard_task_runner.py:88} INFO - Job 1724: Subtask dbt_run
[2026-05-22T13:01:11.955+0000] {task_command.py:423} INFO - Running <TaskInstance: price_intelligence_pipeline.dbt_run scheduled__2026-05-22T12:00:00+00:00 [running]> on host 91e0d3a0a233
[2026-05-22T13:01:12.137+0000] {taskinstance.py:2480} INFO - Exporting env vars: AIRFLOW_CTX_DAG_OWNER='***' AIRFLOW_CTX_DAG_ID='price_intelligence_pipeline' AIRFLOW_CTX_TASK_ID='dbt_run' AIRFLOW_CTX_EXECUTION_DATE='2026-05-22T12:00:00+00:00' AIRFLOW_CTX_TRY_NUMBER='1' AIRFLOW_CTX_DAG_RUN_ID='scheduled__2026-05-22T12:00:00+00:00'
[2026-05-22T13:01:12.139+0000] {subprocess.py:63} INFO - Tmp dir root location: /tmp
[2026-05-22T13:01:12.142+0000] {subprocess.py:75} INFO - Running command: ['/usr/bin/bash', '-c', '\n            set -e\n            cd /opt/***/dbt\n            export GOOGLE_APPLICATION_CREDENTIALS=/opt/***/gcp-credentials-new.json\n            /home/***/.local/bin/dbt run --full-refresh --profiles-dir . --project-dir .\n            echo dbt done\n        ']
[2026-05-22T13:01:12.159+0000] {subprocess.py:86} INFO - Output:
[2026-05-22T13:01:15.427+0000] {subprocess.py:93} INFO - [0m13:01:15  Running with dbt=1.8.7
[2026-05-22T13:01:17.687+0000] {subprocess.py:93} INFO - [0m13:01:17  Registered adapter: bigquery=1.8.3
[2026-05-22T13:01:19.601+0000] {subprocess.py:93} INFO - [0m13:01:19  Found 3 models, 1 seed, 7 data tests, 1 source, 479 macros
[2026-05-22T13:01:19.608+0000] {subprocess.py:93} INFO - [0m13:01:19
[2026-05-22T13:01:21.711+0000] {subprocess.py:93} INFO - [0m13:01:21  Concurrency: 4 threads (target='dev')
[2026-05-22T13:01:21.713+0000] {subprocess.py:93} INFO - [0m13:01:21
[2026-05-22T13:01:21.737+0000] {subprocess.py:93} INFO - [0m13:01:21  1 of 3 START sql view model price_intelligence_dbt.stg_prices .................. [RUN]
[2026-05-22T13:01:24.119+0000] {subprocess.py:93} INFO - [0m13:01:24  1 of 3 OK created sql view model price_intelligence_dbt.stg_prices ............. [[32mCREATE VIEW (0 processed)[0m in 2.38s]
[2026-05-22T13:01:24.128+0000] {subprocess.py:93} INFO - [0m13:01:24  2 of 3 START sql table model price_intelligence_dbt.prices_cleaned ............. [RUN]
[2026-05-22T13:01:28.981+0000] {subprocess.py:93} INFO - [0m13:01:28  2 of 3 OK created sql table model price_intelligence_dbt.prices_cleaned ........ [[32mCREATE TABLE (5.0k rows, 2.6 MiB processed)[0m in 4.85s]
[2026-05-22T13:01:28.987+0000] {subprocess.py:93} INFO - [0m13:01:28  3 of 3 START sql table model price_intelligence_dbt.prices_aggregated .......... [RUN]
[2026-05-22T13:01:33.721+0000] {subprocess.py:93} INFO - [0m13:01:33  3 of 3 OK created sql table model price_intelligence_dbt.prices_aggregated ..... [[32mCREATE TABLE (11.0 rows, 231.8 KiB processed)[0m in 4.73s]
[2026-05-22T13:01:33.733+0000] {subprocess.py:93} INFO - [0m13:01:33
[2026-05-22T13:01:33.735+0000] {subprocess.py:93} INFO - [0m13:01:33  Finished running 1 view model, 2 table models in 0 hours 0 minutes and 14.12 seconds (14.12s).
[2026-05-22T13:01:33.868+0000] {subprocess.py:93} INFO - [0m13:01:33
[2026-05-22T13:01:33.870+0000] {subprocess.py:93} INFO - [0m13:01:33  [32mCompleted successfully[0m
[2026-05-22T13:01:33.872+0000] {subprocess.py:93} INFO - [0m13:01:33
[2026-05-22T13:01:33.874+0000] {subprocess.py:93} INFO - [0m13:01:33  Done. PASS=3 WARN=0 ERROR=0 SKIP=0 TOTAL=3
[2026-05-22T13:01:38.720+0000] {subprocess.py:93} INFO - dbt done
[2026-05-22T13:01:38.733+0000] {subprocess.py:97} INFO - Command exited with return code 0
[2026-05-22T13:01:38.828+0000] {taskinstance.py:1138} INFO - Marking task as SUCCESS. dag_id=price_intelligence_pipeline, task_id=dbt_run, execution_date=20260522T120000, start_date=20260522T130111, end_date=20260522T130138
[2026-05-22T13:01:38.910+0000] {local_task_job_runner.py:234} INFO - Task exited with return code 0
[2026-05-22T13:01:38.985+0000] {taskinstance.py:3280} INFO - 1 downstream tasks scheduled from follow-on schedule check
