[2026-05-22T18:02:36.391+0000] {taskinstance.py:1956} INFO - Dependencies all met for dep_context=non-requeueable deps ti=<TaskInstance: price_intelligence_pipeline.dbt_run scheduled__2026-05-22T17:00:00+00:00 [queued]>
[2026-05-22T18:02:36.402+0000] {taskinstance.py:1956} INFO - Dependencies all met for dep_context=requeueable deps ti=<TaskInstance: price_intelligence_pipeline.dbt_run scheduled__2026-05-22T17:00:00+00:00 [queued]>
[2026-05-22T18:02:36.404+0000] {taskinstance.py:2170} INFO - Starting attempt 1 of 2
[2026-05-22T18:02:36.423+0000] {taskinstance.py:2191} INFO - Executing <Task(BashOperator): dbt_run> on 2026-05-22 17:00:00+00:00
[2026-05-22T18:02:36.430+0000] {standard_task_runner.py:60} INFO - Started process 84635 to run task
[2026-05-22T18:02:36.435+0000] {standard_task_runner.py:87} INFO - Running: ['***', 'tasks', 'run', 'price_intelligence_pipeline', 'dbt_run', 'scheduled__2026-05-22T17:00:00+00:00', '--job-id', '1769', '--raw', '--subdir', 'DAGS_FOLDER/price_intelligence_dag.py', '--cfg-path', '/tmp/tmpkbzpnec0']
[2026-05-22T18:02:36.439+0000] {standard_task_runner.py:88} INFO - Job 1769: Subtask dbt_run
[2026-05-22T18:02:36.558+0000] {task_command.py:423} INFO - Running <TaskInstance: price_intelligence_pipeline.dbt_run scheduled__2026-05-22T17:00:00+00:00 [running]> on host 91e0d3a0a233
[2026-05-22T18:02:36.700+0000] {taskinstance.py:2480} INFO - Exporting env vars: AIRFLOW_CTX_DAG_OWNER='***' AIRFLOW_CTX_DAG_ID='price_intelligence_pipeline' AIRFLOW_CTX_TASK_ID='dbt_run' AIRFLOW_CTX_EXECUTION_DATE='2026-05-22T17:00:00+00:00' AIRFLOW_CTX_TRY_NUMBER='1' AIRFLOW_CTX_DAG_RUN_ID='scheduled__2026-05-22T17:00:00+00:00'
[2026-05-22T18:02:36.702+0000] {subprocess.py:63} INFO - Tmp dir root location: /tmp
[2026-05-22T18:02:36.704+0000] {subprocess.py:75} INFO - Running command: ['/usr/bin/bash', '-c', '\n            set -e\n            cd /opt/***/dbt\n            export GOOGLE_APPLICATION_CREDENTIALS=/opt/***/gcp-credentials-new.json\n            /home/***/.local/bin/dbt run --full-refresh --profiles-dir . --project-dir .\n            echo dbt done\n        ']
[2026-05-22T18:02:36.719+0000] {subprocess.py:86} INFO - Output:
[2026-05-22T18:02:39.926+0000] {subprocess.py:93} INFO - [0m18:02:39  Running with dbt=1.8.7
[2026-05-22T18:02:42.932+0000] {subprocess.py:93} INFO - [0m18:02:42  Registered adapter: bigquery=1.8.3
[2026-05-22T18:02:45.088+0000] {subprocess.py:93} INFO - [0m18:02:45  Found 3 models, 1 seed, 7 data tests, 1 source, 479 macros
[2026-05-22T18:02:45.098+0000] {subprocess.py:93} INFO - [0m18:02:45
[2026-05-22T18:02:48.681+0000] {subprocess.py:93} INFO - [0m18:02:48  Concurrency: 4 threads (target='dev')
[2026-05-22T18:02:48.683+0000] {subprocess.py:93} INFO - [0m18:02:48
[2026-05-22T18:02:48.703+0000] {subprocess.py:93} INFO - [0m18:02:48  1 of 3 START sql view model price_intelligence_dbt.stg_prices .................. [RUN]
[2026-05-22T18:02:51.492+0000] {subprocess.py:93} INFO - [0m18:02:51  1 of 3 OK created sql view model price_intelligence_dbt.stg_prices ............. [[32mCREATE VIEW (0 processed)[0m in 2.78s]
[2026-05-22T18:02:51.499+0000] {subprocess.py:93} INFO - [0m18:02:51  2 of 3 START sql table model price_intelligence_dbt.prices_cleaned ............. [RUN]
[2026-05-22T18:02:56.761+0000] {subprocess.py:93} INFO - [0m18:02:56  2 of 3 OK created sql table model price_intelligence_dbt.prices_cleaned ........ [[32mCREATE TABLE (5.0k rows, 2.6 MiB processed)[0m in 5.26s]
[2026-05-22T18:02:56.772+0000] {subprocess.py:93} INFO - [0m18:02:56  3 of 3 START sql table model price_intelligence_dbt.prices_aggregated .......... [RUN]
[2026-05-22T18:03:01.511+0000] {subprocess.py:93} INFO - [0m18:03:01  3 of 3 OK created sql table model price_intelligence_dbt.prices_aggregated ..... [[32mCREATE TABLE (11.0 rows, 231.8 KiB processed)[0m in 4.74s]
[2026-05-22T18:03:01.519+0000] {subprocess.py:93} INFO - [0m18:03:01
[2026-05-22T18:03:01.520+0000] {subprocess.py:93} INFO - [0m18:03:01  Finished running 1 view model, 2 table models in 0 hours 0 minutes and 16.42 seconds (16.42s).
[2026-05-22T18:03:01.599+0000] {subprocess.py:93} INFO - [0m18:03:01
[2026-05-22T18:03:01.600+0000] {subprocess.py:93} INFO - [0m18:03:01  [32mCompleted successfully[0m
[2026-05-22T18:03:01.601+0000] {subprocess.py:93} INFO - [0m18:03:01
[2026-05-22T18:03:01.602+0000] {subprocess.py:93} INFO - [0m18:03:01  Done. PASS=3 WARN=0 ERROR=0 SKIP=0 TOTAL=3
[2026-05-22T18:03:05.979+0000] {subprocess.py:93} INFO - dbt done
[2026-05-22T18:03:05.985+0000] {subprocess.py:97} INFO - Command exited with return code 0
[2026-05-22T18:03:06.030+0000] {taskinstance.py:1138} INFO - Marking task as SUCCESS. dag_id=price_intelligence_pipeline, task_id=dbt_run, execution_date=20260522T170000, start_date=20260522T180236, end_date=20260522T180306
[2026-05-22T18:03:06.075+0000] {local_task_job_runner.py:234} INFO - Task exited with return code 0
[2026-05-22T18:03:06.111+0000] {taskinstance.py:3280} INFO - 1 downstream tasks scheduled from follow-on schedule check
