[2026-05-07T22:01:26.173+0000] {taskinstance.py:1956} INFO - Dependencies all met for dep_context=non-requeueable deps ti=<TaskInstance: price_intelligence_pipeline.scrape_amazon manual__2026-05-07T22:00:48.323338+00:00 [queued]>
[2026-05-07T22:01:26.209+0000] {taskinstance.py:1956} INFO - Dependencies all met for dep_context=requeueable deps ti=<TaskInstance: price_intelligence_pipeline.scrape_amazon manual__2026-05-07T22:00:48.323338+00:00 [queued]>
[2026-05-07T22:01:26.221+0000] {taskinstance.py:2170} INFO - Starting attempt 1 of 2
[2026-05-07T22:01:26.269+0000] {taskinstance.py:2191} INFO - Executing <Task(BashOperator): scrape_amazon> on 2026-05-07 22:00:48.323338+00:00
[2026-05-07T22:01:26.285+0000] {standard_task_runner.py:60} INFO - Started process 875 to run task
[2026-05-07T22:01:26.303+0000] {standard_task_runner.py:87} INFO - Running: ['***', 'tasks', 'run', 'price_intelligence_pipeline', 'scrape_amazon', 'manual__2026-05-07T22:00:48.323338+00:00', '--job-id', '704', '--raw', '--subdir', 'DAGS_FOLDER/price_intelligence_dag.py', '--cfg-path', '/tmp/tmphn_8wom_']
[2026-05-07T22:01:26.312+0000] {standard_task_runner.py:88} INFO - Job 704: Subtask scrape_amazon
[2026-05-07T22:01:26.561+0000] {task_command.py:423} INFO - Running <TaskInstance: price_intelligence_pipeline.scrape_amazon manual__2026-05-07T22:00:48.323338+00:00 [running]> on host 25ef6dfa8bdc
[2026-05-07T22:01:26.890+0000] {taskinstance.py:2480} INFO - Exporting env vars: AIRFLOW_CTX_DAG_OWNER='***' AIRFLOW_CTX_DAG_ID='price_intelligence_pipeline' AIRFLOW_CTX_TASK_ID='scrape_amazon' AIRFLOW_CTX_EXECUTION_DATE='2026-05-07T22:00:48.323338+00:00' AIRFLOW_CTX_TRY_NUMBER='1' AIRFLOW_CTX_DAG_RUN_ID='manual__2026-05-07T22:00:48.323338+00:00'
[2026-05-07T22:01:26.893+0000] {subprocess.py:63} INFO - Tmp dir root location: /tmp
[2026-05-07T22:01:26.896+0000] {subprocess.py:75} INFO - Running command: ['/usr/bin/bash', '-c', '\n            cd /opt/***\n            mkdir -p data/raw\n            export DISPLAY=:99\n            python3 scrapers/spiders/amazon_ma.py || echo "Amazon done with warnings"\n        ']
[2026-05-07T22:01:26.924+0000] {subprocess.py:86} INFO - Output:
[2026-05-07T22:01:32.191+0000] {subprocess.py:93} INFO - Traceback (most recent call last):
[2026-05-07T22:01:32.193+0000] {subprocess.py:93} INFO -   File "/home/***/.local/lib/python3.8/site-packages/urllib3/connection.py", line 174, in _new_conn
[2026-05-07T22:01:32.194+0000] {subprocess.py:93} INFO -     conn = connection.create_connection(
[2026-05-07T22:01:32.196+0000] {subprocess.py:93} INFO -   File "/home/***/.local/lib/python3.8/site-packages/urllib3/util/connection.py", line 72, in create_connection
[2026-05-07T22:01:32.197+0000] {subprocess.py:93} INFO -     for res in socket.getaddrinfo(host, port, family, socket.SOCK_STREAM):
[2026-05-07T22:01:32.197+0000] {subprocess.py:93} INFO -   File "/usr/local/lib/python3.8/socket.py", line 918, in getaddrinfo
[2026-05-07T22:01:32.199+0000] {subprocess.py:93} INFO -     for res in _socket.getaddrinfo(host, port, family, type, proto, flags):
[2026-05-07T22:01:32.200+0000] {subprocess.py:93} INFO - socket.gaierror: [Errno -5] No address associated with hostname
[2026-05-07T22:01:32.201+0000] {subprocess.py:93} INFO - 
[2026-05-07T22:01:32.202+0000] {subprocess.py:93} INFO - During handling of the above exception, another exception occurred:
[2026-05-07T22:01:32.203+0000] {subprocess.py:93} INFO - 
[2026-05-07T22:01:32.204+0000] {subprocess.py:93} INFO - Traceback (most recent call last):
[2026-05-07T22:01:32.205+0000] {subprocess.py:93} INFO -   File "/home/***/.local/lib/python3.8/site-packages/urllib3/connectionpool.py", line 715, in urlopen
[2026-05-07T22:01:32.207+0000] {subprocess.py:93} INFO -     httplib_response = self._make_request(
[2026-05-07T22:01:32.208+0000] {subprocess.py:93} INFO -   File "/home/***/.local/lib/python3.8/site-packages/urllib3/connectionpool.py", line 404, in _make_request
[2026-05-07T22:01:32.209+0000] {subprocess.py:93} INFO -     self._validate_conn(conn)
[2026-05-07T22:01:32.210+0000] {subprocess.py:93} INFO -   File "/home/***/.local/lib/python3.8/site-packages/urllib3/connectionpool.py", line 1058, in _validate_conn
[2026-05-07T22:01:32.211+0000] {subprocess.py:93} INFO -     conn.connect()
[2026-05-07T22:01:32.212+0000] {subprocess.py:93} INFO -   File "/home/***/.local/lib/python3.8/site-packages/urllib3/connection.py", line 363, in connect
[2026-05-07T22:01:32.213+0000] {subprocess.py:93} INFO -     self.sock = conn = self._new_conn()
[2026-05-07T22:01:32.214+0000] {subprocess.py:93} INFO -   File "/home/***/.local/lib/python3.8/site-packages/urllib3/connection.py", line 186, in _new_conn
[2026-05-07T22:01:32.216+0000] {subprocess.py:93} INFO -     raise NewConnectionError(
[2026-05-07T22:01:32.217+0000] {subprocess.py:93} INFO - urllib3.exceptions.NewConnectionError: <urllib3.connection.HTTPSConnection object at 0x72bc5f97b3d0>: Failed to establish a new connection: [Errno -5] No address associated with hostname
[2026-05-07T22:01:32.218+0000] {subprocess.py:93} INFO - 
[2026-05-07T22:01:32.219+0000] {subprocess.py:93} INFO - During handling of the above exception, another exception occurred:
[2026-05-07T22:01:32.221+0000] {subprocess.py:93} INFO - 
[2026-05-07T22:01:32.222+0000] {subprocess.py:93} INFO - Traceback (most recent call last):
[2026-05-07T22:01:32.224+0000] {subprocess.py:93} INFO -   File "/home/***/.local/lib/python3.8/site-packages/requests/adapters.py", line 486, in send
[2026-05-07T22:01:32.225+0000] {subprocess.py:93} INFO -     resp = conn.urlopen(
[2026-05-07T22:01:32.226+0000] {subprocess.py:93} INFO -   File "/home/***/.local/lib/python3.8/site-packages/urllib3/connectionpool.py", line 799, in urlopen
[2026-05-07T22:01:32.228+0000] {subprocess.py:93} INFO -     retries = retries.increment(
[2026-05-07T22:01:32.229+0000] {subprocess.py:93} INFO -   File "/home/***/.local/lib/python3.8/site-packages/urllib3/util/retry.py", line 592, in increment
[2026-05-07T22:01:32.231+0000] {subprocess.py:93} INFO -     raise MaxRetryError(_pool, url, error or ResponseError(cause))
[2026-05-07T22:01:32.232+0000] {subprocess.py:93} INFO - urllib3.exceptions.MaxRetryError: HTTPSConnectionPool(host='chromedriver.storage.googleapis.com', port=443): Max retries exceeded with url: /LATEST_RELEASE (Caused by NewConnectionError('<urllib3.connection.HTTPSConnection object at 0x72bc5f97b3d0>: Failed to establish a new connection: [Errno -5] No address associated with hostname'))
[2026-05-07T22:01:32.233+0000] {subprocess.py:93} INFO - 
[2026-05-07T22:01:32.234+0000] {subprocess.py:93} INFO - During handling of the above exception, another exception occurred:
[2026-05-07T22:01:32.236+0000] {subprocess.py:93} INFO - 
[2026-05-07T22:01:32.237+0000] {subprocess.py:93} INFO - Traceback (most recent call last):
[2026-05-07T22:01:32.238+0000] {subprocess.py:93} INFO -   File "/home/***/.local/lib/python3.8/site-packages/webdriver_manager/core/http.py", line 32, in get
[2026-05-07T22:01:32.239+0000] {subprocess.py:93} INFO -     resp = requests.get(
[2026-05-07T22:01:32.240+0000] {subprocess.py:93} INFO -   File "/home/***/.local/lib/python3.8/site-packages/requests/api.py", line 73, in get
[2026-05-07T22:01:32.242+0000] {subprocess.py:93} INFO -     return request("get", url, params=params, **kwargs)
[2026-05-07T22:01:32.243+0000] {subprocess.py:93} INFO -   File "/home/***/.local/lib/python3.8/site-packages/requests/api.py", line 59, in request
[2026-05-07T22:01:32.244+0000] {subprocess.py:93} INFO -     return session.request(method=method, url=url, **kwargs)
[2026-05-07T22:01:32.245+0000] {subprocess.py:93} INFO -   File "/home/***/.local/lib/python3.8/site-packages/requests/sessions.py", line 589, in request
[2026-05-07T22:01:32.246+0000] {subprocess.py:93} INFO -     resp = self.send(prep, **send_kwargs)
[2026-05-07T22:01:32.248+0000] {subprocess.py:93} INFO -   File "/home/***/.local/lib/python3.8/site-packages/requests/sessions.py", line 703, in send
[2026-05-07T22:01:32.249+0000] {subprocess.py:93} INFO -     r = adapter.send(request, **kwargs)
[2026-05-07T22:01:32.251+0000] {subprocess.py:93} INFO -   File "/home/***/.local/lib/python3.8/site-packages/requests/adapters.py", line 519, in send
[2026-05-07T22:01:32.253+0000] {subprocess.py:93} INFO -     raise ConnectionError(e, request=request)
[2026-05-07T22:01:32.254+0000] {subprocess.py:93} INFO - requests.exceptions.ConnectionError: HTTPSConnectionPool(host='chromedriver.storage.googleapis.com', port=443): Max retries exceeded with url: /LATEST_RELEASE (Caused by NewConnectionError('<urllib3.connection.HTTPSConnection object at 0x72bc5f97b3d0>: Failed to establish a new connection: [Errno -5] No address associated with hostname'))
[2026-05-07T22:01:32.255+0000] {subprocess.py:93} INFO - 
[2026-05-07T22:01:32.256+0000] {subprocess.py:93} INFO - During handling of the above exception, another exception occurred:
[2026-05-07T22:01:32.257+0000] {subprocess.py:93} INFO - 
[2026-05-07T22:01:32.258+0000] {subprocess.py:93} INFO - Traceback (most recent call last):
[2026-05-07T22:01:32.259+0000] {subprocess.py:93} INFO -   File "scrapers/spiders/amazon_ma.py", line 147, in <module>
[2026-05-07T22:01:32.261+0000] {subprocess.py:93} INFO -     scrape_amazon()
[2026-05-07T22:01:32.262+0000] {subprocess.py:93} INFO -   File "scrapers/spiders/amazon_ma.py", line 55, in scrape_amazon
[2026-05-07T22:01:32.264+0000] {subprocess.py:93} INFO -     driver = get_driver()
[2026-05-07T22:01:32.265+0000] {subprocess.py:93} INFO -   File "scrapers/spiders/amazon_ma.py", line 47, in get_driver
[2026-05-07T22:01:32.267+0000] {subprocess.py:93} INFO -     driver = webdriver.Chrome(service=Service(ChromeDriverManager().install()), options=opts)
[2026-05-07T22:01:32.268+0000] {subprocess.py:93} INFO -   File "/home/***/.local/lib/python3.8/site-packages/webdriver_manager/chrome.py", line 40, in install
[2026-05-07T22:01:32.269+0000] {subprocess.py:93} INFO -     driver_path = self._get_driver_binary_path(self.driver)
[2026-05-07T22:01:32.270+0000] {subprocess.py:93} INFO -   File "/home/***/.local/lib/python3.8/site-packages/webdriver_manager/core/manager.py", line 40, in _get_driver_binary_path
[2026-05-07T22:01:32.272+0000] {subprocess.py:93} INFO -     file = self._download_manager.download_file(driver.get_driver_download_url(os_type))
[2026-05-07T22:01:32.273+0000] {subprocess.py:93} INFO -   File "/home/***/.local/lib/python3.8/site-packages/webdriver_manager/drivers/chrome.py", line 32, in get_driver_download_url
[2026-05-07T22:01:32.275+0000] {subprocess.py:93} INFO -     driver_version_to_download = self.get_driver_version_to_download()
[2026-05-07T22:01:32.277+0000] {subprocess.py:93} INFO -   File "/home/***/.local/lib/python3.8/site-packages/webdriver_manager/core/driver.py", line 48, in get_driver_version_to_download
[2026-05-07T22:01:32.279+0000] {subprocess.py:93} INFO -     return self.get_latest_release_version()
[2026-05-07T22:01:32.280+0000] {subprocess.py:93} INFO -   File "/home/***/.local/lib/python3.8/site-packages/webdriver_manager/drivers/chrome.py", line 70, in get_latest_release_version
[2026-05-07T22:01:32.282+0000] {subprocess.py:93} INFO -     resp = self._http_client.get(url=latest_release_url)
[2026-05-07T22:01:32.283+0000] {subprocess.py:93} INFO -   File "/home/***/.local/lib/python3.8/site-packages/webdriver_manager/core/http.py", line 35, in get
[2026-05-07T22:01:32.286+0000] {subprocess.py:93} INFO -     raise exceptions.ConnectionError(f"Could not reach host. Are you offline?")
[2026-05-07T22:01:32.290+0000] {subprocess.py:93} INFO - requests.exceptions.ConnectionError: Could not reach host. Are you offline?
[2026-05-07T22:01:32.293+0000] {subprocess.py:93} INFO - Amazon done with warnings
[2026-05-07T22:01:32.295+0000] {subprocess.py:97} INFO - Command exited with return code 0
[2026-05-07T22:01:32.382+0000] {taskinstance.py:1138} INFO - Marking task as SUCCESS. dag_id=price_intelligence_pipeline, task_id=scrape_amazon, execution_date=20260507T220048, start_date=20260507T220126, end_date=20260507T220132
[2026-05-07T22:01:32.441+0000] {local_task_job_runner.py:234} INFO - Task exited with return code 0
[2026-05-07T22:01:32.564+0000] {taskinstance.py:3280} INFO - 0 downstream tasks scheduled from follow-on schedule check
