[2026-05-05T21:41:47.613+0000] {taskinstance.py:1956} INFO - Dependencies all met for dep_context=non-requeueable deps ti=<TaskInstance: price_intelligence_pipeline.scrape_electroplanet manual__2026-05-05T20:47:12.842845+00:00 [queued]>
[2026-05-05T21:41:47.637+0000] {taskinstance.py:1956} INFO - Dependencies all met for dep_context=requeueable deps ti=<TaskInstance: price_intelligence_pipeline.scrape_electroplanet manual__2026-05-05T20:47:12.842845+00:00 [queued]>
[2026-05-05T21:41:47.639+0000] {taskinstance.py:2170} INFO - Starting attempt 1 of 3
[2026-05-05T21:41:47.703+0000] {taskinstance.py:2191} INFO - Executing <Task(BashOperator): scrape_electroplanet> on 2026-05-05 20:47:12.842845+00:00
[2026-05-05T21:41:47.715+0000] {standard_task_runner.py:60} INFO - Started process 6886 to run task
[2026-05-05T21:41:47.732+0000] {standard_task_runner.py:87} INFO - Running: ['***', 'tasks', 'run', 'price_intelligence_pipeline', 'scrape_electroplanet', 'manual__2026-05-05T20:47:12.842845+00:00', '--job-id', '391', '--raw', '--subdir', 'DAGS_FOLDER/price_intelligence_dag.py', '--cfg-path', '/tmp/tmpfwb1xlba']
[2026-05-05T21:41:47.741+0000] {standard_task_runner.py:88} INFO - Job 391: Subtask scrape_electroplanet
[2026-05-05T21:41:47.920+0000] {task_command.py:423} INFO - Running <TaskInstance: price_intelligence_pipeline.scrape_electroplanet manual__2026-05-05T20:47:12.842845+00:00 [running]> on host 25ef6dfa8bdc
[2026-05-05T21:41:48.244+0000] {taskinstance.py:2480} INFO - Exporting env vars: AIRFLOW_CTX_DAG_OWNER='***' AIRFLOW_CTX_DAG_ID='price_intelligence_pipeline' AIRFLOW_CTX_TASK_ID='scrape_electroplanet' AIRFLOW_CTX_EXECUTION_DATE='2026-05-05T20:47:12.842845+00:00' AIRFLOW_CTX_TRY_NUMBER='1' AIRFLOW_CTX_DAG_RUN_ID='manual__2026-05-05T20:47:12.842845+00:00'
[2026-05-05T21:41:48.248+0000] {subprocess.py:63} INFO - Tmp dir root location: /tmp
[2026-05-05T21:41:48.251+0000] {subprocess.py:75} INFO - Running command: ['/usr/bin/bash', '-c', '\n            cd /opt/***\n            mkdir -p data/raw\n            export DISPLAY=:99\n            python3 scrapers/spiders/electroplanet_ma.py || echo "Electroplanet done with warnings"\n        ']
[2026-05-05T21:41:48.288+0000] {subprocess.py:86} INFO - Output:
[2026-05-05T21:41:53.438+0000] {subprocess.py:93} INFO - 
[2026-05-05T21:41:53.441+0000] {subprocess.py:93} INFO - [Electroplanet] Scraping : smartphones
[2026-05-05T21:41:53.456+0000] {subprocess.py:93} INFO - Traceback (most recent call last):
[2026-05-05T21:41:53.458+0000] {subprocess.py:93} INFO -   File "/home/***/.local/lib/python3.8/site-packages/urllib3/connection.py", line 174, in _new_conn
[2026-05-05T21:41:53.460+0000] {subprocess.py:93} INFO -     conn = connection.create_connection(
[2026-05-05T21:41:53.462+0000] {subprocess.py:93} INFO -   File "/home/***/.local/lib/python3.8/site-packages/urllib3/util/connection.py", line 72, in create_connection
[2026-05-05T21:41:53.465+0000] {subprocess.py:93} INFO -     for res in socket.getaddrinfo(host, port, family, socket.SOCK_STREAM):
[2026-05-05T21:41:53.467+0000] {subprocess.py:93} INFO -   File "/usr/local/lib/python3.8/socket.py", line 918, in getaddrinfo
[2026-05-05T21:41:53.470+0000] {subprocess.py:93} INFO -     for res in _socket.getaddrinfo(host, port, family, type, proto, flags):
[2026-05-05T21:41:53.472+0000] {subprocess.py:93} INFO - socket.gaierror: [Errno -5] No address associated with hostname
[2026-05-05T21:41:53.475+0000] {subprocess.py:93} INFO - 
[2026-05-05T21:41:53.477+0000] {subprocess.py:93} INFO - During handling of the above exception, another exception occurred:
[2026-05-05T21:41:53.479+0000] {subprocess.py:93} INFO - 
[2026-05-05T21:41:53.482+0000] {subprocess.py:93} INFO - Traceback (most recent call last):
[2026-05-05T21:41:53.484+0000] {subprocess.py:93} INFO -   File "/home/***/.local/lib/python3.8/site-packages/urllib3/connectionpool.py", line 715, in urlopen
[2026-05-05T21:41:53.486+0000] {subprocess.py:93} INFO -     httplib_response = self._make_request(
[2026-05-05T21:41:53.489+0000] {subprocess.py:93} INFO -   File "/home/***/.local/lib/python3.8/site-packages/urllib3/connectionpool.py", line 404, in _make_request
[2026-05-05T21:41:53.492+0000] {subprocess.py:93} INFO -     self._validate_conn(conn)
[2026-05-05T21:41:53.494+0000] {subprocess.py:93} INFO -   File "/home/***/.local/lib/python3.8/site-packages/urllib3/connectionpool.py", line 1058, in _validate_conn
[2026-05-05T21:41:53.496+0000] {subprocess.py:93} INFO -     conn.connect()
[2026-05-05T21:41:53.498+0000] {subprocess.py:93} INFO -   File "/home/***/.local/lib/python3.8/site-packages/urllib3/connection.py", line 363, in connect
[2026-05-05T21:41:53.501+0000] {subprocess.py:93} INFO -     self.sock = conn = self._new_conn()
[2026-05-05T21:41:53.503+0000] {subprocess.py:93} INFO -   File "/home/***/.local/lib/python3.8/site-packages/urllib3/connection.py", line 186, in _new_conn
[2026-05-05T21:41:53.505+0000] {subprocess.py:93} INFO -     raise NewConnectionError(
[2026-05-05T21:41:53.508+0000] {subprocess.py:93} INFO - urllib3.exceptions.NewConnectionError: <urllib3.connection.HTTPSConnection object at 0x7d83f8d37580>: Failed to establish a new connection: [Errno -5] No address associated with hostname
[2026-05-05T21:41:53.510+0000] {subprocess.py:93} INFO - 
[2026-05-05T21:41:53.513+0000] {subprocess.py:93} INFO - During handling of the above exception, another exception occurred:
[2026-05-05T21:41:53.516+0000] {subprocess.py:93} INFO - 
[2026-05-05T21:41:53.518+0000] {subprocess.py:93} INFO - Traceback (most recent call last):
[2026-05-05T21:41:53.520+0000] {subprocess.py:93} INFO -   File "/home/***/.local/lib/python3.8/site-packages/requests/adapters.py", line 486, in send
[2026-05-05T21:41:53.522+0000] {subprocess.py:93} INFO -     resp = conn.urlopen(
[2026-05-05T21:41:53.524+0000] {subprocess.py:93} INFO -   File "/home/***/.local/lib/python3.8/site-packages/urllib3/connectionpool.py", line 799, in urlopen
[2026-05-05T21:41:53.526+0000] {subprocess.py:93} INFO -     retries = retries.increment(
[2026-05-05T21:41:53.529+0000] {subprocess.py:93} INFO -   File "/home/***/.local/lib/python3.8/site-packages/urllib3/util/retry.py", line 592, in increment
[2026-05-05T21:41:53.531+0000] {subprocess.py:93} INFO -     raise MaxRetryError(_pool, url, error or ResponseError(cause))
[2026-05-05T21:41:53.533+0000] {subprocess.py:93} INFO - urllib3.exceptions.MaxRetryError: HTTPSConnectionPool(host='chromedriver.storage.googleapis.com', port=443): Max retries exceeded with url: /LATEST_RELEASE (Caused by NewConnectionError('<urllib3.connection.HTTPSConnection object at 0x7d83f8d37580>: Failed to establish a new connection: [Errno -5] No address associated with hostname'))
[2026-05-05T21:41:53.535+0000] {subprocess.py:93} INFO - 
[2026-05-05T21:41:53.537+0000] {subprocess.py:93} INFO - During handling of the above exception, another exception occurred:
[2026-05-05T21:41:53.539+0000] {subprocess.py:93} INFO - 
[2026-05-05T21:41:53.541+0000] {subprocess.py:93} INFO - Traceback (most recent call last):
[2026-05-05T21:41:53.544+0000] {subprocess.py:93} INFO -   File "/home/***/.local/lib/python3.8/site-packages/webdriver_manager/core/http.py", line 32, in get
[2026-05-05T21:41:53.546+0000] {subprocess.py:93} INFO -     resp = requests.get(
[2026-05-05T21:41:53.548+0000] {subprocess.py:93} INFO -   File "/home/***/.local/lib/python3.8/site-packages/requests/api.py", line 73, in get
[2026-05-05T21:41:53.550+0000] {subprocess.py:93} INFO -     return request("get", url, params=params, **kwargs)
[2026-05-05T21:41:53.552+0000] {subprocess.py:93} INFO -   File "/home/***/.local/lib/python3.8/site-packages/requests/api.py", line 59, in request
[2026-05-05T21:41:53.554+0000] {subprocess.py:93} INFO -     return session.request(method=method, url=url, **kwargs)
[2026-05-05T21:41:53.556+0000] {subprocess.py:93} INFO -   File "/home/***/.local/lib/python3.8/site-packages/requests/sessions.py", line 589, in request
[2026-05-05T21:41:53.558+0000] {subprocess.py:93} INFO -     resp = self.send(prep, **send_kwargs)
[2026-05-05T21:41:53.560+0000] {subprocess.py:93} INFO -   File "/home/***/.local/lib/python3.8/site-packages/requests/sessions.py", line 703, in send
[2026-05-05T21:41:53.564+0000] {subprocess.py:93} INFO -     r = adapter.send(request, **kwargs)
[2026-05-05T21:41:53.566+0000] {subprocess.py:93} INFO -   File "/home/***/.local/lib/python3.8/site-packages/requests/adapters.py", line 519, in send
[2026-05-05T21:41:53.571+0000] {subprocess.py:93} INFO -     raise ConnectionError(e, request=request)
[2026-05-05T21:41:53.575+0000] {subprocess.py:93} INFO - requests.exceptions.ConnectionError: HTTPSConnectionPool(host='chromedriver.storage.googleapis.com', port=443): Max retries exceeded with url: /LATEST_RELEASE (Caused by NewConnectionError('<urllib3.connection.HTTPSConnection object at 0x7d83f8d37580>: Failed to establish a new connection: [Errno -5] No address associated with hostname'))
[2026-05-05T21:41:53.578+0000] {subprocess.py:93} INFO - 
[2026-05-05T21:41:53.580+0000] {subprocess.py:93} INFO - During handling of the above exception, another exception occurred:
[2026-05-05T21:41:53.583+0000] {subprocess.py:93} INFO - 
[2026-05-05T21:41:53.587+0000] {subprocess.py:93} INFO - Traceback (most recent call last):
[2026-05-05T21:41:53.590+0000] {subprocess.py:93} INFO -   File "scrapers/spiders/electroplanet_ma.py", line 162, in <module>
[2026-05-05T21:41:53.593+0000] {subprocess.py:93} INFO -     scrape_electroplanet()
[2026-05-05T21:41:53.595+0000] {subprocess.py:93} INFO -   File "scrapers/spiders/electroplanet_ma.py", line 73, in scrape_electroplanet
[2026-05-05T21:41:53.598+0000] {subprocess.py:93} INFO -     driver = get_driver()
[2026-05-05T21:41:53.599+0000] {subprocess.py:93} INFO -   File "scrapers/spiders/electroplanet_ma.py", line 63, in get_driver
[2026-05-05T21:41:53.603+0000] {subprocess.py:93} INFO -     return webdriver.Chrome(service=Service(ChromeDriverManager().install()), options=opts)
[2026-05-05T21:41:53.606+0000] {subprocess.py:93} INFO -   File "/home/***/.local/lib/python3.8/site-packages/webdriver_manager/chrome.py", line 40, in install
[2026-05-05T21:41:53.608+0000] {subprocess.py:93} INFO -     driver_path = self._get_driver_binary_path(self.driver)
[2026-05-05T21:41:53.611+0000] {subprocess.py:93} INFO -   File "/home/***/.local/lib/python3.8/site-packages/webdriver_manager/core/manager.py", line 40, in _get_driver_binary_path
[2026-05-05T21:41:53.614+0000] {subprocess.py:93} INFO -     file = self._download_manager.download_file(driver.get_driver_download_url(os_type))
[2026-05-05T21:41:53.616+0000] {subprocess.py:93} INFO -   File "/home/***/.local/lib/python3.8/site-packages/webdriver_manager/drivers/chrome.py", line 32, in get_driver_download_url
[2026-05-05T21:41:53.619+0000] {subprocess.py:93} INFO -     driver_version_to_download = self.get_driver_version_to_download()
[2026-05-05T21:41:53.626+0000] {subprocess.py:93} INFO -   File "/home/***/.local/lib/python3.8/site-packages/webdriver_manager/core/driver.py", line 48, in get_driver_version_to_download
[2026-05-05T21:41:53.629+0000] {subprocess.py:93} INFO -     return self.get_latest_release_version()
[2026-05-05T21:41:53.634+0000] {subprocess.py:93} INFO -   File "/home/***/.local/lib/python3.8/site-packages/webdriver_manager/drivers/chrome.py", line 70, in get_latest_release_version
[2026-05-05T21:41:53.636+0000] {subprocess.py:93} INFO -     resp = self._http_client.get(url=latest_release_url)
[2026-05-05T21:41:53.637+0000] {subprocess.py:93} INFO -   File "/home/***/.local/lib/python3.8/site-packages/webdriver_manager/core/http.py", line 35, in get
[2026-05-05T21:41:53.640+0000] {subprocess.py:93} INFO -     raise exceptions.ConnectionError(f"Could not reach host. Are you offline?")
[2026-05-05T21:41:53.641+0000] {subprocess.py:93} INFO - requests.exceptions.ConnectionError: Could not reach host. Are you offline?
[2026-05-05T21:41:53.642+0000] {subprocess.py:93} INFO - Electroplanet done with warnings
[2026-05-05T21:41:53.644+0000] {subprocess.py:97} INFO - Command exited with return code 0
[2026-05-05T21:41:53.730+0000] {taskinstance.py:1138} INFO - Marking task as SUCCESS. dag_id=price_intelligence_pipeline, task_id=scrape_electroplanet, execution_date=20260505T204712, start_date=20260505T214147, end_date=20260505T214153
[2026-05-05T21:41:53.784+0000] {local_task_job_runner.py:234} INFO - Task exited with return code 0
[2026-05-05T21:41:53.853+0000] {taskinstance.py:3280} INFO - 1 downstream tasks scheduled from follow-on schedule check
