[2026-05-17T15:02:07.078+0000] {taskinstance.py:1956} INFO - Dependencies all met for dep_context=non-requeueable deps ti=<TaskInstance: price_intelligence_pipeline.dbt_run scheduled__2026-05-17T14:00:00+00:00 [queued]>
[2026-05-17T15:02:07.110+0000] {taskinstance.py:1956} INFO - Dependencies all met for dep_context=requeueable deps ti=<TaskInstance: price_intelligence_pipeline.dbt_run scheduled__2026-05-17T14:00:00+00:00 [queued]>
[2026-05-17T15:02:07.112+0000] {taskinstance.py:2170} INFO - Starting attempt 1 of 2
[2026-05-17T15:02:07.180+0000] {taskinstance.py:2191} INFO - Executing <Task(BashOperator): dbt_run> on 2026-05-17 14:00:00+00:00
[2026-05-17T15:02:07.203+0000] {standard_task_runner.py:60} INFO - Started process 42158 to run task
[2026-05-17T15:02:07.230+0000] {standard_task_runner.py:87} INFO - Running: ['***', 'tasks', 'run', 'price_intelligence_pipeline', 'dbt_run', 'scheduled__2026-05-17T14:00:00+00:00', '--job-id', '1337', '--raw', '--subdir', 'DAGS_FOLDER/price_intelligence_dag.py', '--cfg-path', '/tmp/tmp2zr5esvh']
[2026-05-17T15:02:07.237+0000] {standard_task_runner.py:88} INFO - Job 1337: Subtask dbt_run
[2026-05-17T15:02:07.756+0000] {task_command.py:423} INFO - Running <TaskInstance: price_intelligence_pipeline.dbt_run scheduled__2026-05-17T14:00:00+00:00 [running]> on host 91e0d3a0a233
[2026-05-17T15:02:08.329+0000] {taskinstance.py:2480} INFO - Exporting env vars: AIRFLOW_CTX_DAG_OWNER='***' AIRFLOW_CTX_DAG_ID='price_intelligence_pipeline' AIRFLOW_CTX_TASK_ID='dbt_run' AIRFLOW_CTX_EXECUTION_DATE='2026-05-17T14:00:00+00:00' AIRFLOW_CTX_TRY_NUMBER='1' AIRFLOW_CTX_DAG_RUN_ID='scheduled__2026-05-17T14:00:00+00:00'
[2026-05-17T15:02:08.337+0000] {subprocess.py:63} INFO - Tmp dir root location: /tmp
[2026-05-17T15:02:08.344+0000] {subprocess.py:75} INFO - Running command: ['/usr/bin/bash', '-c', '\n            set -e\n            cd /opt/***/dbt\n            export GOOGLE_APPLICATION_CREDENTIALS=/opt/***/gcp-credentials-new.json\n            /home/***/.local/bin/dbt run --full-refresh --profiles-dir . --project-dir .\n            echo dbt done\n        ']
[2026-05-17T15:02:08.402+0000] {subprocess.py:86} INFO - Output:
[2026-05-17T15:02:19.386+0000] {subprocess.py:93} INFO - [0m15:02:19  Running with dbt=1.8.7
[2026-05-17T15:02:23.067+0000] {subprocess.py:93} INFO - [0m15:02:23  Registered adapter: bigquery=1.8.3
[2026-05-17T15:02:27.754+0000] {subprocess.py:93} INFO - [0m15:02:27  Found 3 models, 1 seed, 7 data tests, 1 source, 479 macros
[2026-05-17T15:02:27.793+0000] {subprocess.py:93} INFO - [0m15:02:27
[2026-05-17T15:02:31.229+0000] {subprocess.py:93} INFO - [0m15:02:31  Concurrency: 4 threads (target='dev')
[2026-05-17T15:02:31.236+0000] {subprocess.py:93} INFO - [0m15:02:31
[2026-05-17T15:02:31.278+0000] {subprocess.py:93} INFO - [0m15:02:31  1 of 3 START sql view model price_intelligence_dbt.stg_prices .................. [RUN]
[2026-05-17T15:02:34.332+0000] {subprocess.py:93} INFO - [0m15:02:34  1 of 3 OK created sql view model price_intelligence_dbt.stg_prices ............. [[32mCREATE VIEW (0 processed)[0m in 3.03s]
[2026-05-17T15:02:34.374+0000] {subprocess.py:93} INFO - [0m15:02:34  2 of 3 START sql table model price_intelligence_dbt.prices_cleaned ............. [RUN]
[2026-05-17T15:02:39.858+0000] {subprocess.py:93} INFO - [0m15:02:39  2 of 3 OK created sql table model price_intelligence_dbt.prices_cleaned ........ [[32mCREATE TABLE (5.0k rows, 2.6 MiB processed)[0m in 5.47s]
[2026-05-17T15:02:39.873+0000] {subprocess.py:93} INFO - [0m15:02:39  3 of 3 START sql table model price_intelligence_dbt.prices_aggregated .......... [RUN]
[2026-05-17T15:02:44.899+0000] {subprocess.py:93} INFO - [0m15:02:44  3 of 3 OK created sql table model price_intelligence_dbt.prices_aggregated ..... [[32mCREATE TABLE (11.0 rows, 231.8 KiB processed)[0m in 5.02s]
[2026-05-17T15:02:44.998+0000] {subprocess.py:93} INFO - [0m15:02:44
[2026-05-17T15:02:45.016+0000] {subprocess.py:93} INFO - [0m15:02:45  Finished running 1 view model, 2 table models in 0 hours 0 minutes and 17.17 seconds (17.17s).
[2026-05-17T15:02:45.517+0000] {subprocess.py:93} INFO - [0m15:02:45
[2026-05-17T15:02:45.519+0000] {subprocess.py:93} INFO - [0m15:02:45  [32mCompleted successfully[0m
[2026-05-17T15:02:45.524+0000] {subprocess.py:93} INFO - [0m15:02:45
[2026-05-17T15:02:45.529+0000] {subprocess.py:93} INFO - [0m15:02:45  Done. PASS=3 WARN=0 ERROR=0 SKIP=0 TOTAL=3
[2026-05-17T15:02:50.862+0000] {subprocess.py:93} INFO - dbt done
[2026-05-17T15:02:50.880+0000] {subprocess.py:97} INFO - Command exited with return code 0
[2026-05-17T15:02:51.022+0000] {taskinstance.py:1138} INFO - Marking task as SUCCESS. dag_id=price_intelligence_pipeline, task_id=dbt_run, execution_date=20260517T140000, start_date=20260517T150207, end_date=20260517T150251
[2026-05-17T15:02:51.143+0000] {local_task_job_runner.py:234} INFO - Task exited with return code 0
[2026-05-17T15:02:51.316+0000] {taskinstance.py:3280} INFO - 1 downstream tasks scheduled from follow-on schedule check
