[2026-05-08T16:58:21.643+0000] {taskinstance.py:1956} INFO - Dependencies all met for dep_context=non-requeueable deps ti=<TaskInstance: price_intelligence_pipeline.scrape_electroplanet manual__2026-05-08T16:52:15.066822+00:00 [queued]>
[2026-05-08T16:58:21.669+0000] {taskinstance.py:1956} INFO - Dependencies all met for dep_context=requeueable deps ti=<TaskInstance: price_intelligence_pipeline.scrape_electroplanet manual__2026-05-08T16:52:15.066822+00:00 [queued]>
[2026-05-08T16:58:21.670+0000] {taskinstance.py:2170} INFO - Starting attempt 1 of 2
[2026-05-08T16:58:21.733+0000] {taskinstance.py:2191} INFO - Executing <Task(BashOperator): scrape_electroplanet> on 2026-05-08 16:52:15.066822+00:00
[2026-05-08T16:58:21.754+0000] {standard_task_runner.py:60} INFO - Started process 5362 to run task
[2026-05-08T16:58:21.764+0000] {standard_task_runner.py:87} INFO - Running: ['***', 'tasks', 'run', 'price_intelligence_pipeline', 'scrape_electroplanet', 'manual__2026-05-08T16:52:15.066822+00:00', '--job-id', '786', '--raw', '--subdir', 'DAGS_FOLDER/price_intelligence_dag.py', '--cfg-path', '/tmp/tmpsihnu4hu']
[2026-05-08T16:58:21.779+0000] {standard_task_runner.py:88} INFO - Job 786: Subtask scrape_electroplanet
[2026-05-08T16:58:22.207+0000] {task_command.py:423} INFO - Running <TaskInstance: price_intelligence_pipeline.scrape_electroplanet manual__2026-05-08T16:52:15.066822+00:00 [running]> on host 25ef6dfa8bdc
[2026-05-08T16:58:22.776+0000] {taskinstance.py:2480} INFO - Exporting env vars: AIRFLOW_CTX_DAG_OWNER='***' AIRFLOW_CTX_DAG_ID='price_intelligence_pipeline' AIRFLOW_CTX_TASK_ID='scrape_electroplanet' AIRFLOW_CTX_EXECUTION_DATE='2026-05-08T16:52:15.066822+00:00' AIRFLOW_CTX_TRY_NUMBER='1' AIRFLOW_CTX_DAG_RUN_ID='manual__2026-05-08T16:52:15.066822+00:00'
[2026-05-08T16:58:22.780+0000] {subprocess.py:63} INFO - Tmp dir root location: /tmp
[2026-05-08T16:58:22.785+0000] {subprocess.py:75} INFO - Running command: ['/usr/bin/bash', '-c', '\n            cd /opt/***\n            mkdir -p data/raw\n            export DISPLAY=:99\n            python3 scrapers/spiders/electroplanet_ma.py || echo "Electroplanet done with warnings"\n        ']
[2026-05-08T16:58:22.824+0000] {subprocess.py:86} INFO - Output:
[2026-05-08T16:58:35.018+0000] {subprocess.py:93} INFO - 
[2026-05-08T16:58:35.036+0000] {subprocess.py:93} INFO - [Electroplanet] Scraping : smartphones
[2026-05-08T16:58:35.039+0000] {subprocess.py:93} INFO - Traceback (most recent call last):
[2026-05-08T16:58:35.042+0000] {subprocess.py:93} INFO -   File "scrapers/spiders/electroplanet_ma.py", line 162, in <module>
[2026-05-08T16:58:35.044+0000] {subprocess.py:93} INFO -     scrape_electroplanet()
[2026-05-08T16:58:35.046+0000] {subprocess.py:93} INFO -   File "scrapers/spiders/electroplanet_ma.py", line 73, in scrape_electroplanet
[2026-05-08T16:58:35.055+0000] {subprocess.py:93} INFO -     driver = get_driver()
[2026-05-08T16:58:35.059+0000] {subprocess.py:93} INFO -   File "scrapers/spiders/electroplanet_ma.py", line 63, in get_driver
[2026-05-08T16:58:35.069+0000] {subprocess.py:93} INFO -     return webdriver.Chrome(service=Service(ChromeDriverManager().install()), options=opts)
[2026-05-08T16:58:35.073+0000] {subprocess.py:93} INFO -   File "/home/***/.local/lib/python3.8/site-packages/selenium/webdriver/chrome/webdriver.py", line 45, in __init__
[2026-05-08T16:58:35.075+0000] {subprocess.py:93} INFO -     super().__init__(
[2026-05-08T16:58:35.078+0000] {subprocess.py:93} INFO -   File "/home/***/.local/lib/python3.8/site-packages/selenium/webdriver/chromium/webdriver.py", line 66, in __init__
[2026-05-08T16:58:35.082+0000] {subprocess.py:93} INFO -     super().__init__(command_executor=executor, options=options)
[2026-05-08T16:58:35.084+0000] {subprocess.py:93} INFO -   File "/home/***/.local/lib/python3.8/site-packages/selenium/webdriver/remote/webdriver.py", line 241, in __init__
[2026-05-08T16:58:35.087+0000] {subprocess.py:93} INFO -     self.start_session(capabilities)
[2026-05-08T16:58:35.090+0000] {subprocess.py:93} INFO -   File "/home/***/.local/lib/python3.8/site-packages/selenium/webdriver/remote/webdriver.py", line 329, in start_session
[2026-05-08T16:58:35.092+0000] {subprocess.py:93} INFO -     response = self.execute(Command.NEW_SESSION, caps)["value"]
[2026-05-08T16:58:35.099+0000] {subprocess.py:93} INFO -   File "/home/***/.local/lib/python3.8/site-packages/selenium/webdriver/remote/webdriver.py", line 384, in execute
[2026-05-08T16:58:35.110+0000] {subprocess.py:93} INFO -     self.error_handler.check_response(response)
[2026-05-08T16:58:35.114+0000] {subprocess.py:93} INFO -   File "/home/***/.local/lib/python3.8/site-packages/selenium/webdriver/remote/errorhandler.py", line 232, in check_response
[2026-05-08T16:58:35.117+0000] {subprocess.py:93} INFO -     raise exception_class(message, screen, stacktrace)
[2026-05-08T16:58:35.120+0000] {subprocess.py:93} INFO - selenium.common.exceptions.SessionNotCreatedException: Message: session not created: This version of ChromeDriver only supports Chrome version 114
[2026-05-08T16:58:35.121+0000] {subprocess.py:93} INFO - Current browser version is 147.0.7727.137 with binary path /usr/bin/chromium
[2026-05-08T16:58:35.124+0000] {subprocess.py:93} INFO - Stacktrace:
[2026-05-08T16:58:35.126+0000] {subprocess.py:93} INFO - #0 0x57f906c644e3 <unknown>
[2026-05-08T16:58:35.132+0000] {subprocess.py:93} INFO - #1 0x57f906993c76 <unknown>
[2026-05-08T16:58:35.137+0000] {subprocess.py:93} INFO - #2 0x57f9069c104a <unknown>
[2026-05-08T16:58:35.139+0000] {subprocess.py:93} INFO - #3 0x57f9069bc4a1 <unknown>
[2026-05-08T16:58:35.140+0000] {subprocess.py:93} INFO - #4 0x57f9069b9029 <unknown>
[2026-05-08T16:58:35.144+0000] {subprocess.py:93} INFO - #5 0x57f9069f7ccc <unknown>
[2026-05-08T16:58:35.148+0000] {subprocess.py:93} INFO - #6 0x57f9069f747f <unknown>
[2026-05-08T16:58:35.152+0000] {subprocess.py:93} INFO - #7 0x57f9069eede3 <unknown>
[2026-05-08T16:58:35.165+0000] {subprocess.py:93} INFO - #8 0x57f9069c42dd <unknown>
[2026-05-08T16:58:35.171+0000] {subprocess.py:93} INFO - #9 0x57f9069c534e <unknown>
[2026-05-08T16:58:35.182+0000] {subprocess.py:93} INFO - #10 0x57f906c243e4 <unknown>
[2026-05-08T16:58:35.185+0000] {subprocess.py:93} INFO - #11 0x57f906c283d7 <unknown>
[2026-05-08T16:58:35.187+0000] {subprocess.py:93} INFO - #12 0x57f906c32b20 <unknown>
[2026-05-08T16:58:35.190+0000] {subprocess.py:93} INFO - #13 0x57f906c29023 <unknown>
[2026-05-08T16:58:35.198+0000] {subprocess.py:93} INFO - #14 0x57f906bf71aa <unknown>
[2026-05-08T16:58:35.202+0000] {subprocess.py:93} INFO - #15 0x57f906c4d6b8 <unknown>
[2026-05-08T16:58:35.203+0000] {subprocess.py:93} INFO - #16 0x57f906c4d847 <unknown>
[2026-05-08T16:58:35.207+0000] {subprocess.py:93} INFO - #17 0x57f906c5d243 <unknown>
[2026-05-08T16:58:35.209+0000] {subprocess.py:93} INFO - #18 0x775b1f3e4134 <unknown>
[2026-05-08T16:58:35.215+0000] {subprocess.py:93} INFO - 
[2026-05-08T16:58:35.233+0000] {subprocess.py:93} INFO - Electroplanet done with warnings
[2026-05-08T16:58:35.236+0000] {subprocess.py:97} INFO - Command exited with return code 0
[2026-05-08T16:58:35.459+0000] {taskinstance.py:1138} INFO - Marking task as SUCCESS. dag_id=price_intelligence_pipeline, task_id=scrape_electroplanet, execution_date=20260508T165215, start_date=20260508T165821, end_date=20260508T165835
[2026-05-08T16:58:35.707+0000] {local_task_job_runner.py:234} INFO - Task exited with return code 0
[2026-05-08T16:58:35.936+0000] {taskinstance.py:3280} INFO - 0 downstream tasks scheduled from follow-on schedule check
