[2026-06-10T12:10:05.319+0000] {taskinstance.py:1956} INFO - Dependencies all met for dep_context=non-requeueable deps ti=<TaskInstance: price_intelligence_pipeline.dbt_run scheduled__2026-06-10T06:00:00+00:00 [queued]>
[2026-06-10T12:10:05.359+0000] {taskinstance.py:1956} INFO - Dependencies all met for dep_context=requeueable deps ti=<TaskInstance: price_intelligence_pipeline.dbt_run scheduled__2026-06-10T06:00:00+00:00 [queued]>
[2026-06-10T12:10:05.361+0000] {taskinstance.py:2170} INFO - Starting attempt 1 of 2
[2026-06-10T12:10:05.417+0000] {taskinstance.py:2191} INFO - Executing <Task(BashOperator): dbt_run> on 2026-06-10 06:00:00+00:00
[2026-06-10T12:10:05.433+0000] {standard_task_runner.py:60} INFO - Started process 894 to run task
[2026-06-10T12:10:05.451+0000] {standard_task_runner.py:87} INFO - Running: ['***', 'tasks', 'run', 'price_intelligence_pipeline', 'dbt_run', 'scheduled__2026-06-10T06:00:00+00:00', '--job-id', '1957', '--raw', '--subdir', 'DAGS_FOLDER/price_intelligence_dag.py', '--cfg-path', '/tmp/tmpus2vl5bl']
[2026-06-10T12:10:05.465+0000] {standard_task_runner.py:88} INFO - Job 1957: Subtask dbt_run
[2026-06-10T12:10:05.724+0000] {task_command.py:423} INFO - Running <TaskInstance: price_intelligence_pipeline.dbt_run scheduled__2026-06-10T06:00:00+00:00 [running]> on host 91e0d3a0a233
[2026-06-10T12:10:06.075+0000] {taskinstance.py:2480} INFO - Exporting env vars: AIRFLOW_CTX_DAG_OWNER='***' AIRFLOW_CTX_DAG_ID='price_intelligence_pipeline' AIRFLOW_CTX_TASK_ID='dbt_run' AIRFLOW_CTX_EXECUTION_DATE='2026-06-10T06:00:00+00:00' AIRFLOW_CTX_TRY_NUMBER='1' AIRFLOW_CTX_DAG_RUN_ID='scheduled__2026-06-10T06:00:00+00:00'
[2026-06-10T12:10:06.079+0000] {subprocess.py:63} INFO - Tmp dir root location: /tmp
[2026-06-10T12:10:06.081+0000] {subprocess.py:75} INFO - Running command: ['/usr/bin/bash', '-c', '\n            set -e\n            cd /opt/***/dbt\n            export GOOGLE_APPLICATION_CREDENTIALS=/opt/***/gcp-credentials-new.json\n            /home/***/.local/bin/dbt run --full-refresh --profiles-dir . --project-dir .\n            echo dbt done\n        ']
[2026-06-10T12:10:06.105+0000] {subprocess.py:86} INFO - Output:
[2026-06-10T12:10:12.444+0000] {subprocess.py:93} INFO - [0m12:10:12  Running with dbt=1.8.7
[2026-06-10T12:10:17.011+0000] {subprocess.py:93} INFO - [0m12:10:17  Registered adapter: bigquery=1.8.3
[2026-06-10T12:10:21.356+0000] {subprocess.py:93} INFO - [0m12:10:21  Found 3 models, 1 seed, 7 data tests, 1 source, 479 macros
[2026-06-10T12:10:21.372+0000] {subprocess.py:93} INFO - [0m12:10:21
[2026-06-10T12:10:27.653+0000] {subprocess.py:93} INFO - [0m12:10:27  Concurrency: 4 threads (target='dev')
[2026-06-10T12:10:27.654+0000] {subprocess.py:93} INFO - [0m12:10:27
[2026-06-10T12:10:27.689+0000] {subprocess.py:93} INFO - [0m12:10:27  1 of 3 START sql view model price_intelligence_dbt.stg_prices .................. [RUN]
[2026-06-10T12:10:31.023+0000] {subprocess.py:93} INFO - [0m12:10:31  1 of 3 OK created sql view model price_intelligence_dbt.stg_prices ............. [[32mCREATE VIEW (0 processed)[0m in 3.31s]
[2026-06-10T12:10:31.045+0000] {subprocess.py:93} INFO - [0m12:10:31  2 of 3 START sql table model price_intelligence_dbt.prices_cleaned ............. [RUN]
[2026-06-10T12:10:38.080+0000] {subprocess.py:93} INFO - [0m12:10:38  2 of 3 OK created sql table model price_intelligence_dbt.prices_cleaned ........ [[32mCREATE TABLE (10.5k rows, 4.2 MiB processed)[0m in 7.03s]
[2026-06-10T12:10:38.090+0000] {subprocess.py:93} INFO - [0m12:10:38  3 of 3 START sql table model price_intelligence_dbt.prices_aggregated .......... [RUN]
[2026-06-10T12:10:43.425+0000] {subprocess.py:93} INFO - [0m12:10:43  3 of 3 OK created sql table model price_intelligence_dbt.prices_aggregated ..... [[32mCREATE TABLE (11.0 rows, 483.8 KiB processed)[0m in 5.33s]
[2026-06-10T12:10:43.435+0000] {subprocess.py:93} INFO - [0m12:10:43
[2026-06-10T12:10:43.437+0000] {subprocess.py:93} INFO - [0m12:10:43  Finished running 1 view model, 2 table models in 0 hours 0 minutes and 22.05 seconds (22.05s).
[2026-06-10T12:10:43.566+0000] {subprocess.py:93} INFO - [0m12:10:43
[2026-06-10T12:10:43.567+0000] {subprocess.py:93} INFO - [0m12:10:43  [32mCompleted successfully[0m
[2026-06-10T12:10:43.568+0000] {subprocess.py:93} INFO - [0m12:10:43
[2026-06-10T12:10:43.570+0000] {subprocess.py:93} INFO - [0m12:10:43  Done. PASS=3 WARN=0 ERROR=0 SKIP=0 TOTAL=3
[2026-06-10T12:10:48.194+0000] {subprocess.py:93} INFO - dbt done
[2026-06-10T12:10:48.206+0000] {subprocess.py:97} INFO - Command exited with return code 0
[2026-06-10T12:10:48.282+0000] {taskinstance.py:1138} INFO - Marking task as SUCCESS. dag_id=price_intelligence_pipeline, task_id=dbt_run, execution_date=20260610T060000, start_date=20260610T121005, end_date=20260610T121048
[2026-06-10T12:10:48.377+0000] {local_task_job_runner.py:234} INFO - Task exited with return code 0
[2026-06-10T12:10:48.469+0000] {taskinstance.py:3280} INFO - 0 downstream tasks scheduled from follow-on schedule check
