[2026-05-06T15:02:26.814+0000] {taskinstance.py:1956} INFO - Dependencies all met for dep_context=non-requeueable deps ti=<TaskInstance: price_intelligence_pipeline.scrape_avito manual__2026-05-06T15:02:24+00:00 [queued]>
[2026-05-06T15:02:26.838+0000] {taskinstance.py:1956} INFO - Dependencies all met for dep_context=requeueable deps ti=<TaskInstance: price_intelligence_pipeline.scrape_avito manual__2026-05-06T15:02:24+00:00 [queued]>
[2026-05-06T15:02:26.839+0000] {taskinstance.py:2170} INFO - Starting attempt 1 of 2
[2026-05-06T15:02:26.874+0000] {taskinstance.py:2191} INFO - Executing <Task(BashOperator): scrape_avito> on 2026-05-06 15:02:24+00:00
[2026-05-06T15:02:26.886+0000] {standard_task_runner.py:60} INFO - Started process 18534 to run task
[2026-05-06T15:02:26.908+0000] {standard_task_runner.py:87} INFO - Running: ['***', 'tasks', 'run', 'price_intelligence_pipeline', 'scrape_avito', 'manual__2026-05-06T15:02:24+00:00', '--job-id', '578', '--raw', '--subdir', 'DAGS_FOLDER/price_intelligence_dag.py', '--cfg-path', '/tmp/tmp3moi448e']
[2026-05-06T15:02:26.920+0000] {standard_task_runner.py:88} INFO - Job 578: Subtask scrape_avito
[2026-05-06T15:02:27.136+0000] {task_command.py:423} INFO - Running <TaskInstance: price_intelligence_pipeline.scrape_avito manual__2026-05-06T15:02:24+00:00 [running]> on host 25ef6dfa8bdc
[2026-05-06T15:02:27.908+0000] {taskinstance.py:2480} INFO - Exporting env vars: AIRFLOW_CTX_DAG_OWNER='***' AIRFLOW_CTX_DAG_ID='price_intelligence_pipeline' AIRFLOW_CTX_TASK_ID='scrape_avito' AIRFLOW_CTX_EXECUTION_DATE='2026-05-06T15:02:24+00:00' AIRFLOW_CTX_TRY_NUMBER='1' AIRFLOW_CTX_DAG_RUN_ID='manual__2026-05-06T15:02:24+00:00'
[2026-05-06T15:02:27.920+0000] {subprocess.py:63} INFO - Tmp dir root location: /tmp
[2026-05-06T15:02:27.923+0000] {subprocess.py:75} INFO - Running command: ['/usr/bin/bash', '-c', '\n            cd /opt/***\n            mkdir -p data/raw\n            export DISPLAY=:99\n            python3 scrapers/spiders/avito_ma.py || echo "Avito done with warnings"\n        ']
[2026-05-06T15:02:27.964+0000] {subprocess.py:86} INFO - Output:
[2026-05-06T15:02:47.668+0000] {subprocess.py:93} INFO - Traceback (most recent call last):
[2026-05-06T15:02:47.671+0000] {subprocess.py:93} INFO -   File "scrapers/spiders/avito_ma.py", line 93, in <module>
[2026-05-06T15:02:47.673+0000] {subprocess.py:93} INFO -     scrape_avito()
[2026-05-06T15:02:47.674+0000] {subprocess.py:93} INFO -   File "scrapers/spiders/avito_ma.py", line 25, in scrape_avito
[2026-05-06T15:02:47.676+0000] {subprocess.py:93} INFO -     driver = webdriver.Chrome(service=Service(ChromeDriverManager().install()), options=options)
[2026-05-06T15:02:47.680+0000] {subprocess.py:93} INFO -   File "/home/***/.local/lib/python3.8/site-packages/selenium/webdriver/chrome/webdriver.py", line 45, in __init__
[2026-05-06T15:02:47.682+0000] {subprocess.py:93} INFO -     super().__init__(
[2026-05-06T15:02:47.685+0000] {subprocess.py:93} INFO -   File "/home/***/.local/lib/python3.8/site-packages/selenium/webdriver/chromium/webdriver.py", line 66, in __init__
[2026-05-06T15:02:47.687+0000] {subprocess.py:93} INFO -     super().__init__(command_executor=executor, options=options)
[2026-05-06T15:02:47.689+0000] {subprocess.py:93} INFO -   File "/home/***/.local/lib/python3.8/site-packages/selenium/webdriver/remote/webdriver.py", line 241, in __init__
[2026-05-06T15:02:47.690+0000] {subprocess.py:93} INFO -     self.start_session(capabilities)
[2026-05-06T15:02:47.692+0000] {subprocess.py:93} INFO -   File "/home/***/.local/lib/python3.8/site-packages/selenium/webdriver/remote/webdriver.py", line 329, in start_session
[2026-05-06T15:02:47.696+0000] {subprocess.py:93} INFO -     response = self.execute(Command.NEW_SESSION, caps)["value"]
[2026-05-06T15:02:47.699+0000] {subprocess.py:93} INFO -   File "/home/***/.local/lib/python3.8/site-packages/selenium/webdriver/remote/webdriver.py", line 384, in execute
[2026-05-06T15:02:47.701+0000] {subprocess.py:93} INFO -     self.error_handler.check_response(response)
[2026-05-06T15:02:47.702+0000] {subprocess.py:93} INFO -   File "/home/***/.local/lib/python3.8/site-packages/selenium/webdriver/remote/errorhandler.py", line 232, in check_response
[2026-05-06T15:02:47.705+0000] {subprocess.py:93} INFO -     raise exception_class(message, screen, stacktrace)
[2026-05-06T15:02:47.707+0000] {subprocess.py:93} INFO - selenium.common.exceptions.SessionNotCreatedException: Message: session not created: This version of ChromeDriver only supports Chrome version 114
[2026-05-06T15:02:47.721+0000] {subprocess.py:93} INFO - Current browser version is 147.0.7727.137 with binary path /usr/bin/chromium
[2026-05-06T15:02:47.726+0000] {subprocess.py:93} INFO - Stacktrace:
[2026-05-06T15:02:47.730+0000] {subprocess.py:93} INFO - #0 0x57e83da4d4e3 <unknown>
[2026-05-06T15:02:47.737+0000] {subprocess.py:93} INFO - #1 0x57e83d77cc76 <unknown>
[2026-05-06T15:02:47.744+0000] {subprocess.py:93} INFO - #2 0x57e83d7aa04a <unknown>
[2026-05-06T15:02:47.762+0000] {subprocess.py:93} INFO - #3 0x57e83d7a54a1 <unknown>
[2026-05-06T15:02:47.769+0000] {subprocess.py:93} INFO - #4 0x57e83d7a2029 <unknown>
[2026-05-06T15:02:47.771+0000] {subprocess.py:93} INFO - #5 0x57e83d7e0ccc <unknown>
[2026-05-06T15:02:47.792+0000] {subprocess.py:93} INFO - #6 0x57e83d7e047f <unknown>
[2026-05-06T15:02:47.807+0000] {subprocess.py:93} INFO - #7 0x57e83d7d7de3 <unknown>
[2026-05-06T15:02:47.812+0000] {subprocess.py:93} INFO - #8 0x57e83d7ad2dd <unknown>
[2026-05-06T15:02:47.815+0000] {subprocess.py:93} INFO - #9 0x57e83d7ae34e <unknown>
[2026-05-06T15:02:47.818+0000] {subprocess.py:93} INFO - #10 0x57e83da0d3e4 <unknown>
[2026-05-06T15:02:47.821+0000] {subprocess.py:93} INFO - #11 0x57e83da113d7 <unknown>
[2026-05-06T15:02:47.822+0000] {subprocess.py:93} INFO - #12 0x57e83da1bb20 <unknown>
[2026-05-06T15:02:47.823+0000] {subprocess.py:93} INFO - #13 0x57e83da12023 <unknown>
[2026-05-06T15:02:47.825+0000] {subprocess.py:93} INFO - #14 0x57e83d9e01aa <unknown>
[2026-05-06T15:02:47.827+0000] {subprocess.py:93} INFO - #15 0x57e83da366b8 <unknown>
[2026-05-06T15:02:47.831+0000] {subprocess.py:93} INFO - #16 0x57e83da36847 <unknown>
[2026-05-06T15:02:47.834+0000] {subprocess.py:93} INFO - #17 0x57e83da46243 <unknown>
[2026-05-06T15:02:47.836+0000] {subprocess.py:93} INFO - #18 0x7f2313b94134 <unknown>
[2026-05-06T15:02:47.837+0000] {subprocess.py:93} INFO - 
[2026-05-06T15:02:47.840+0000] {subprocess.py:93} INFO - Avito done with warnings
[2026-05-06T15:02:47.842+0000] {subprocess.py:97} INFO - Command exited with return code 0
[2026-05-06T15:02:47.986+0000] {taskinstance.py:1138} INFO - Marking task as SUCCESS. dag_id=price_intelligence_pipeline, task_id=scrape_avito, execution_date=20260506T150224, start_date=20260506T150226, end_date=20260506T150247
[2026-05-06T15:02:48.077+0000] {local_task_job_runner.py:234} INFO - Task exited with return code 0
[2026-05-06T15:02:48.218+0000] {taskinstance.py:3280} INFO - 1 downstream tasks scheduled from follow-on schedule check
