[2026-05-09T14:00:18.971+0000] {taskinstance.py:1956} INFO - Dependencies all met for dep_context=non-requeueable deps ti=<TaskInstance: price_intelligence_pipeline.dbt_run scheduled__2026-05-09T13:00:00+00:00 [queued]>
[2026-05-09T14:00:18.982+0000] {taskinstance.py:1956} INFO - Dependencies all met for dep_context=requeueable deps ti=<TaskInstance: price_intelligence_pipeline.dbt_run scheduled__2026-05-09T13:00:00+00:00 [queued]>
[2026-05-09T14:00:18.983+0000] {taskinstance.py:2170} INFO - Starting attempt 1 of 2
[2026-05-09T14:00:19.000+0000] {taskinstance.py:2191} INFO - Executing <Task(BashOperator): dbt_run> on 2026-05-09 13:00:00+00:00
[2026-05-09T14:00:19.006+0000] {standard_task_runner.py:60} INFO - Started process 2979 to run task
[2026-05-09T14:00:19.011+0000] {standard_task_runner.py:87} INFO - Running: ['***', 'tasks', 'run', 'price_intelligence_pipeline', 'dbt_run', 'scheduled__2026-05-09T13:00:00+00:00', '--job-id', '903', '--raw', '--subdir', 'DAGS_FOLDER/price_intelligence_dag.py', '--cfg-path', '/tmp/tmpyxxn3jjc']
[2026-05-09T14:00:19.014+0000] {standard_task_runner.py:88} INFO - Job 903: Subtask dbt_run
[2026-05-09T14:00:19.171+0000] {task_command.py:423} INFO - Running <TaskInstance: price_intelligence_pipeline.dbt_run scheduled__2026-05-09T13:00:00+00:00 [running]> on host 91e0d3a0a233
[2026-05-09T14:00:19.312+0000] {taskinstance.py:2480} INFO - Exporting env vars: AIRFLOW_CTX_DAG_OWNER='***' AIRFLOW_CTX_DAG_ID='price_intelligence_pipeline' AIRFLOW_CTX_TASK_ID='dbt_run' AIRFLOW_CTX_EXECUTION_DATE='2026-05-09T13:00:00+00:00' AIRFLOW_CTX_TRY_NUMBER='1' AIRFLOW_CTX_DAG_RUN_ID='scheduled__2026-05-09T13:00:00+00:00'
[2026-05-09T14:00:19.315+0000] {subprocess.py:63} INFO - Tmp dir root location: /tmp
[2026-05-09T14:00:19.317+0000] {subprocess.py:75} INFO - Running command: ['/usr/bin/bash', '-c', '\n            set -e\n            cd /opt/***/dbt\n            export GOOGLE_APPLICATION_CREDENTIALS=/opt/***/gcp-credentials-new.json\n            /home/***/.local/bin/dbt run --full-refresh --profiles-dir . --project-dir .\n            echo dbt done\n        ']
[2026-05-09T14:00:19.330+0000] {subprocess.py:86} INFO - Output:
[2026-05-09T14:00:22.396+0000] {subprocess.py:93} INFO - [0m14:00:22  Running with dbt=1.8.7
[2026-05-09T14:00:24.084+0000] {subprocess.py:93} INFO - [0m14:00:24  Registered adapter: bigquery=1.8.3
[2026-05-09T14:00:24.597+0000] {subprocess.py:93} INFO - [0m14:00:24  Unable to do partial parsing because of a version mismatch
[2026-05-09T14:00:31.050+0000] {subprocess.py:93} INFO - [0m14:00:31  [[33mWARNING[0m]: Deprecated functionality
[2026-05-09T14:00:31.051+0000] {subprocess.py:93} INFO - The `tests` config has been renamed to `data_tests`. Please see
[2026-05-09T14:00:31.053+0000] {subprocess.py:93} INFO - https://docs.getdbt.com/docs/build/data-tests#new-data_tests-syntax for more
[2026-05-09T14:00:31.054+0000] {subprocess.py:93} INFO - information.
[2026-05-09T14:00:33.174+0000] {subprocess.py:93} INFO - [0m14:00:33  Found 3 models, 1 seed, 7 data tests, 1 source, 479 macros
[2026-05-09T14:00:33.182+0000] {subprocess.py:93} INFO - [0m14:00:33
[2026-05-09T14:00:35.187+0000] {subprocess.py:93} INFO - [0m14:00:35  Concurrency: 4 threads (target='dev')
[2026-05-09T14:00:35.190+0000] {subprocess.py:93} INFO - [0m14:00:35
[2026-05-09T14:00:35.219+0000] {subprocess.py:93} INFO - [0m14:00:35  1 of 3 START sql view model price_intelligence_dbt.stg_prices .................. [RUN]
[2026-05-09T14:00:37.364+0000] {subprocess.py:93} INFO - [0m14:00:37  1 of 3 OK created sql view model price_intelligence_dbt.stg_prices ............. [[32mCREATE VIEW (0 processed)[0m in 2.13s]
[2026-05-09T14:00:37.380+0000] {subprocess.py:93} INFO - [0m14:00:37  2 of 3 START sql table model price_intelligence_dbt.prices_cleaned ............. [RUN]
[2026-05-09T14:00:41.895+0000] {subprocess.py:93} INFO - [0m14:00:41  2 of 3 OK created sql table model price_intelligence_dbt.prices_cleaned ........ [[32mCREATE TABLE (5.0k rows, 2.6 MiB processed)[0m in 4.51s]
[2026-05-09T14:00:41.906+0000] {subprocess.py:93} INFO - [0m14:00:41  3 of 3 START sql table model price_intelligence_dbt.prices_aggregated .......... [RUN]
[2026-05-09T14:00:45.460+0000] {subprocess.py:93} INFO - [0m14:00:45  3 of 3 OK created sql table model price_intelligence_dbt.prices_aggregated ..... [[32mCREATE TABLE (11.0 rows, 231.8 KiB processed)[0m in 3.55s]
[2026-05-09T14:00:45.476+0000] {subprocess.py:93} INFO - [0m14:00:45
[2026-05-09T14:00:45.477+0000] {subprocess.py:93} INFO - [0m14:00:45  Finished running 1 view model, 2 table models in 0 hours 0 minutes and 12.29 seconds (12.29s).
[2026-05-09T14:00:45.645+0000] {subprocess.py:93} INFO - [0m14:00:45
[2026-05-09T14:00:45.648+0000] {subprocess.py:93} INFO - [0m14:00:45  [32mCompleted successfully[0m
[2026-05-09T14:00:45.650+0000] {subprocess.py:93} INFO - [0m14:00:45
[2026-05-09T14:00:45.653+0000] {subprocess.py:93} INFO - [0m14:00:45  Done. PASS=3 WARN=0 ERROR=0 SKIP=0 TOTAL=3
[2026-05-09T14:00:47.071+0000] {subprocess.py:93} INFO - dbt done
[2026-05-09T14:00:47.086+0000] {subprocess.py:97} INFO - Command exited with return code 0
[2026-05-09T14:00:47.177+0000] {taskinstance.py:1138} INFO - Marking task as SUCCESS. dag_id=price_intelligence_pipeline, task_id=dbt_run, execution_date=20260509T130000, start_date=20260509T140018, end_date=20260509T140047
[2026-05-09T14:00:47.228+0000] {local_task_job_runner.py:234} INFO - Task exited with return code 0
[2026-05-09T14:00:47.307+0000] {taskinstance.py:3280} INFO - 1 downstream tasks scheduled from follow-on schedule check
