[2026-05-05T19:58:58.748+0000] {taskinstance.py:1956} INFO - Dependencies all met for dep_context=non-requeueable deps ti=<TaskInstance: price_intelligence_pipeline.load_bigquery manual__2026-05-05T19:53:55.504339+00:00 [queued]>
[2026-05-05T19:58:58.783+0000] {taskinstance.py:1956} INFO - Dependencies all met for dep_context=requeueable deps ti=<TaskInstance: price_intelligence_pipeline.load_bigquery manual__2026-05-05T19:53:55.504339+00:00 [queued]>
[2026-05-05T19:58:58.787+0000] {taskinstance.py:2170} INFO - Starting attempt 1 of 3
[2026-05-05T19:58:58.872+0000] {taskinstance.py:2191} INFO - Executing <Task(BashOperator): load_bigquery> on 2026-05-05 19:53:55.504339+00:00
[2026-05-05T19:58:58.887+0000] {standard_task_runner.py:60} INFO - Started process 1491 to run task
[2026-05-05T19:58:58.908+0000] {standard_task_runner.py:87} INFO - Running: ['***', 'tasks', 'run', 'price_intelligence_pipeline', 'load_bigquery', 'manual__2026-05-05T19:53:55.504339+00:00', '--job-id', '232', '--raw', '--subdir', 'DAGS_FOLDER/price_intelligence_dag.py', '--cfg-path', '/tmp/tmpv9zv0e_d']
[2026-05-05T19:58:58.915+0000] {standard_task_runner.py:88} INFO - Job 232: Subtask load_bigquery
[2026-05-05T19:58:59.235+0000] {task_command.py:423} INFO - Running <TaskInstance: price_intelligence_pipeline.load_bigquery manual__2026-05-05T19:53:55.504339+00:00 [running]> on host 25ef6dfa8bdc
[2026-05-05T19:58:59.907+0000] {taskinstance.py:2480} INFO - Exporting env vars: AIRFLOW_CTX_DAG_OWNER='***' AIRFLOW_CTX_DAG_ID='price_intelligence_pipeline' AIRFLOW_CTX_TASK_ID='load_bigquery' AIRFLOW_CTX_EXECUTION_DATE='2026-05-05T19:53:55.504339+00:00' AIRFLOW_CTX_TRY_NUMBER='1' AIRFLOW_CTX_DAG_RUN_ID='manual__2026-05-05T19:53:55.504339+00:00'
[2026-05-05T19:58:59.925+0000] {subprocess.py:63} INFO - Tmp dir root location: /tmp
[2026-05-05T19:58:59.939+0000] {subprocess.py:75} INFO - Running command: ['/usr/bin/bash', '-c', '\n            set -e\n            cd /opt/***\n            export GOOGLE_APPLICATION_CREDENTIALS=/opt/***/gcp-credentials-new.json\n            python3 bigquery_load.py\n            echo BigQuery done\n        ']
[2026-05-05T19:59:00.040+0000] {subprocess.py:86} INFO - Output:
[2026-05-05T19:59:51.673+0000] {local_task_job_runner.py:302} WARNING - State of this instance has been externally set to removed. Terminating instance.
[2026-05-05T19:59:51.711+0000] {process_utils.py:131} INFO - Sending 15 to group 1491. PIDs of all processes in the group: [1495, 1496, 1491]
[2026-05-05T19:59:51.718+0000] {process_utils.py:86} INFO - Sending the signal 15 to group 1491
[2026-05-05T19:59:51.727+0000] {taskinstance.py:2450} ERROR - Received SIGTERM. Terminating subprocesses.
[2026-05-05T19:59:51.729+0000] {subprocess.py:104} INFO - Sending SIGTERM signal to process group
[2026-05-05T19:59:52.101+0000] {process_utils.py:79} INFO - Process psutil.Process(pid=1496, status='terminated', started='19:59:00') (1496) terminated with exit code None
[2026-05-05T19:59:52.260+0000] {process_utils.py:79} INFO - Process psutil.Process(pid=1495, status='terminated', started='19:58:59') (1495) terminated with exit code None
[2026-05-05T19:59:52.290+0000] {process_utils.py:79} INFO - Process psutil.Process(pid=1491, status='terminated', exitcode=0, started='19:58:58') (1491) terminated with exit code 0
