[2026-05-07T14:00:03.011+0000] {taskinstance.py:1956} INFO - Dependencies all met for dep_context=non-requeueable deps ti=<TaskInstance: price_intelligence_pipeline.scrape_amazon scheduled__2026-05-07T13:00:00+00:00 [queued]>
[2026-05-07T14:00:03.073+0000] {taskinstance.py:1956} INFO - Dependencies all met for dep_context=requeueable deps ti=<TaskInstance: price_intelligence_pipeline.scrape_amazon scheduled__2026-05-07T13:00:00+00:00 [queued]>
[2026-05-07T14:00:03.085+0000] {taskinstance.py:2170} INFO - Starting attempt 1 of 2
[2026-05-07T14:00:03.199+0000] {taskinstance.py:2191} INFO - Executing <Task(BashOperator): scrape_amazon> on 2026-05-07 13:00:00+00:00
[2026-05-07T14:00:03.291+0000] {standard_task_runner.py:60} INFO - Started process 26354 to run task
[2026-05-07T14:00:03.337+0000] {standard_task_runner.py:87} INFO - Running: ['***', 'tasks', 'run', 'price_intelligence_pipeline', 'scrape_amazon', 'scheduled__2026-05-07T13:00:00+00:00', '--job-id', '664', '--raw', '--subdir', 'DAGS_FOLDER/price_intelligence_dag.py', '--cfg-path', '/tmp/tmp4qg1idjs']
[2026-05-07T14:00:03.385+0000] {standard_task_runner.py:88} INFO - Job 664: Subtask scrape_amazon
[2026-05-07T14:00:03.775+0000] {task_command.py:423} INFO - Running <TaskInstance: price_intelligence_pipeline.scrape_amazon scheduled__2026-05-07T13:00:00+00:00 [running]> on host 25ef6dfa8bdc
[2026-05-07T14:00:04.227+0000] {taskinstance.py:2480} INFO - Exporting env vars: AIRFLOW_CTX_DAG_OWNER='***' AIRFLOW_CTX_DAG_ID='price_intelligence_pipeline' AIRFLOW_CTX_TASK_ID='scrape_amazon' AIRFLOW_CTX_EXECUTION_DATE='2026-05-07T13:00:00+00:00' AIRFLOW_CTX_TRY_NUMBER='1' AIRFLOW_CTX_DAG_RUN_ID='scheduled__2026-05-07T13:00:00+00:00'
[2026-05-07T14:00:04.242+0000] {subprocess.py:63} INFO - Tmp dir root location: /tmp
[2026-05-07T14:00:04.245+0000] {subprocess.py:75} INFO - Running command: ['/usr/bin/bash', '-c', '\n            cd /opt/***\n            mkdir -p data/raw\n            export DISPLAY=:99\n            python3 scrapers/spiders/amazon_ma.py || echo "Amazon done with warnings"\n        ']
[2026-05-07T14:00:04.337+0000] {subprocess.py:86} INFO - Output:
[2026-05-07T14:00:10.721+0000] {subprocess.py:93} INFO - Traceback (most recent call last):
[2026-05-07T14:00:10.733+0000] {subprocess.py:93} INFO -   File "/home/***/.local/lib/python3.8/site-packages/urllib3/connection.py", line 174, in _new_conn
[2026-05-07T14:00:10.859+0000] {subprocess.py:93} INFO -     conn = connection.create_connection(
[2026-05-07T14:00:10.888+0000] {subprocess.py:93} INFO -   File "/home/***/.local/lib/python3.8/site-packages/urllib3/util/connection.py", line 72, in create_connection
[2026-05-07T14:00:10.904+0000] {subprocess.py:93} INFO -     for res in socket.getaddrinfo(host, port, family, socket.SOCK_STREAM):
[2026-05-07T14:00:10.937+0000] {subprocess.py:93} INFO -   File "/usr/local/lib/python3.8/socket.py", line 918, in getaddrinfo
[2026-05-07T14:00:10.992+0000] {subprocess.py:93} INFO -     for res in _socket.getaddrinfo(host, port, family, type, proto, flags):
[2026-05-07T14:00:11.025+0000] {subprocess.py:93} INFO - socket.gaierror: [Errno -5] No address associated with hostname
[2026-05-07T14:00:11.056+0000] {subprocess.py:93} INFO - 
[2026-05-07T14:00:11.069+0000] {subprocess.py:93} INFO - During handling of the above exception, another exception occurred:
[2026-05-07T14:00:11.104+0000] {subprocess.py:93} INFO - 
[2026-05-07T14:00:11.117+0000] {subprocess.py:93} INFO - Traceback (most recent call last):
[2026-05-07T14:00:11.133+0000] {subprocess.py:93} INFO -   File "/home/***/.local/lib/python3.8/site-packages/urllib3/connectionpool.py", line 715, in urlopen
[2026-05-07T14:00:11.167+0000] {subprocess.py:93} INFO -     httplib_response = self._make_request(
[2026-05-07T14:00:11.198+0000] {subprocess.py:93} INFO -   File "/home/***/.local/lib/python3.8/site-packages/urllib3/connectionpool.py", line 404, in _make_request
[2026-05-07T14:00:11.225+0000] {subprocess.py:93} INFO -     self._validate_conn(conn)
[2026-05-07T14:00:11.230+0000] {subprocess.py:93} INFO -   File "/home/***/.local/lib/python3.8/site-packages/urllib3/connectionpool.py", line 1058, in _validate_conn
[2026-05-07T14:00:11.242+0000] {subprocess.py:93} INFO -     conn.connect()
[2026-05-07T14:00:11.248+0000] {subprocess.py:93} INFO -   File "/home/***/.local/lib/python3.8/site-packages/urllib3/connection.py", line 363, in connect
[2026-05-07T14:00:11.249+0000] {subprocess.py:93} INFO -     self.sock = conn = self._new_conn()
[2026-05-07T14:00:11.250+0000] {subprocess.py:93} INFO -   File "/home/***/.local/lib/python3.8/site-packages/urllib3/connection.py", line 186, in _new_conn
[2026-05-07T14:00:11.261+0000] {subprocess.py:93} INFO -     raise NewConnectionError(
[2026-05-07T14:00:11.277+0000] {subprocess.py:93} INFO - urllib3.exceptions.NewConnectionError: <urllib3.connection.HTTPSConnection object at 0x7ab5c19733d0>: Failed to establish a new connection: [Errno -5] No address associated with hostname
[2026-05-07T14:00:11.284+0000] {subprocess.py:93} INFO - 
[2026-05-07T14:00:11.300+0000] {subprocess.py:93} INFO - During handling of the above exception, another exception occurred:
[2026-05-07T14:00:11.321+0000] {subprocess.py:93} INFO - 
[2026-05-07T14:00:11.323+0000] {subprocess.py:93} INFO - Traceback (most recent call last):
[2026-05-07T14:00:11.325+0000] {subprocess.py:93} INFO -   File "/home/***/.local/lib/python3.8/site-packages/requests/adapters.py", line 486, in send
[2026-05-07T14:00:11.332+0000] {subprocess.py:93} INFO -     resp = conn.urlopen(
[2026-05-07T14:00:11.341+0000] {subprocess.py:93} INFO -   File "/home/***/.local/lib/python3.8/site-packages/urllib3/connectionpool.py", line 799, in urlopen
[2026-05-07T14:00:11.342+0000] {subprocess.py:93} INFO -     retries = retries.increment(
[2026-05-07T14:00:11.344+0000] {subprocess.py:93} INFO -   File "/home/***/.local/lib/python3.8/site-packages/urllib3/util/retry.py", line 592, in increment
[2026-05-07T14:00:11.346+0000] {subprocess.py:93} INFO -     raise MaxRetryError(_pool, url, error or ResponseError(cause))
[2026-05-07T14:00:11.349+0000] {subprocess.py:93} INFO - urllib3.exceptions.MaxRetryError: HTTPSConnectionPool(host='chromedriver.storage.googleapis.com', port=443): Max retries exceeded with url: /LATEST_RELEASE (Caused by NewConnectionError('<urllib3.connection.HTTPSConnection object at 0x7ab5c19733d0>: Failed to establish a new connection: [Errno -5] No address associated with hostname'))
[2026-05-07T14:00:11.351+0000] {subprocess.py:93} INFO - 
[2026-05-07T14:00:11.353+0000] {subprocess.py:93} INFO - During handling of the above exception, another exception occurred:
[2026-05-07T14:00:11.354+0000] {subprocess.py:93} INFO - 
[2026-05-07T14:00:11.355+0000] {subprocess.py:93} INFO - Traceback (most recent call last):
[2026-05-07T14:00:11.356+0000] {subprocess.py:93} INFO -   File "/home/***/.local/lib/python3.8/site-packages/webdriver_manager/core/http.py", line 32, in get
[2026-05-07T14:00:11.372+0000] {subprocess.py:93} INFO -     resp = requests.get(
[2026-05-07T14:00:11.375+0000] {subprocess.py:93} INFO -   File "/home/***/.local/lib/python3.8/site-packages/requests/api.py", line 73, in get
[2026-05-07T14:00:11.382+0000] {subprocess.py:93} INFO -     return request("get", url, params=params, **kwargs)
[2026-05-07T14:00:11.414+0000] {subprocess.py:93} INFO -   File "/home/***/.local/lib/python3.8/site-packages/requests/api.py", line 59, in request
[2026-05-07T14:00:11.418+0000] {subprocess.py:93} INFO -     return session.request(method=method, url=url, **kwargs)
[2026-05-07T14:00:11.442+0000] {subprocess.py:93} INFO -   File "/home/***/.local/lib/python3.8/site-packages/requests/sessions.py", line 589, in request
[2026-05-07T14:00:11.444+0000] {subprocess.py:93} INFO -     resp = self.send(prep, **send_kwargs)
[2026-05-07T14:00:11.453+0000] {subprocess.py:93} INFO -   File "/home/***/.local/lib/python3.8/site-packages/requests/sessions.py", line 703, in send
[2026-05-07T14:00:11.466+0000] {subprocess.py:93} INFO -     r = adapter.send(request, **kwargs)
[2026-05-07T14:00:11.483+0000] {subprocess.py:93} INFO -   File "/home/***/.local/lib/python3.8/site-packages/requests/adapters.py", line 519, in send
[2026-05-07T14:00:11.500+0000] {subprocess.py:93} INFO -     raise ConnectionError(e, request=request)
[2026-05-07T14:00:11.514+0000] {subprocess.py:93} INFO - requests.exceptions.ConnectionError: HTTPSConnectionPool(host='chromedriver.storage.googleapis.com', port=443): Max retries exceeded with url: /LATEST_RELEASE (Caused by NewConnectionError('<urllib3.connection.HTTPSConnection object at 0x7ab5c19733d0>: Failed to establish a new connection: [Errno -5] No address associated with hostname'))
[2026-05-07T14:00:11.517+0000] {subprocess.py:93} INFO - 
[2026-05-07T14:00:11.519+0000] {subprocess.py:93} INFO - During handling of the above exception, another exception occurred:
[2026-05-07T14:00:11.531+0000] {subprocess.py:93} INFO - 
[2026-05-07T14:00:11.533+0000] {subprocess.py:93} INFO - Traceback (most recent call last):
[2026-05-07T14:00:11.542+0000] {subprocess.py:93} INFO -   File "scrapers/spiders/amazon_ma.py", line 147, in <module>
[2026-05-07T14:00:11.546+0000] {subprocess.py:93} INFO -     scrape_amazon()
[2026-05-07T14:00:11.558+0000] {subprocess.py:93} INFO -   File "scrapers/spiders/amazon_ma.py", line 55, in scrape_amazon
[2026-05-07T14:00:11.559+0000] {subprocess.py:93} INFO -     driver = get_driver()
[2026-05-07T14:00:11.560+0000] {subprocess.py:93} INFO -   File "scrapers/spiders/amazon_ma.py", line 47, in get_driver
[2026-05-07T14:00:11.573+0000] {subprocess.py:93} INFO -     driver = webdriver.Chrome(service=Service(ChromeDriverManager().install()), options=opts)
[2026-05-07T14:00:11.589+0000] {subprocess.py:93} INFO -   File "/home/***/.local/lib/python3.8/site-packages/webdriver_manager/chrome.py", line 40, in install
[2026-05-07T14:00:11.609+0000] {subprocess.py:93} INFO -     driver_path = self._get_driver_binary_path(self.driver)
[2026-05-07T14:00:11.625+0000] {subprocess.py:93} INFO -   File "/home/***/.local/lib/python3.8/site-packages/webdriver_manager/core/manager.py", line 40, in _get_driver_binary_path
[2026-05-07T14:00:11.641+0000] {subprocess.py:93} INFO -     file = self._download_manager.download_file(driver.get_driver_download_url(os_type))
[2026-05-07T14:00:11.643+0000] {subprocess.py:93} INFO -   File "/home/***/.local/lib/python3.8/site-packages/webdriver_manager/drivers/chrome.py", line 32, in get_driver_download_url
[2026-05-07T14:00:11.655+0000] {subprocess.py:93} INFO -     driver_version_to_download = self.get_driver_version_to_download()
[2026-05-07T14:00:11.657+0000] {subprocess.py:93} INFO -   File "/home/***/.local/lib/python3.8/site-packages/webdriver_manager/core/driver.py", line 48, in get_driver_version_to_download
[2026-05-07T14:00:11.659+0000] {subprocess.py:93} INFO -     return self.get_latest_release_version()
[2026-05-07T14:00:11.670+0000] {subprocess.py:93} INFO -   File "/home/***/.local/lib/python3.8/site-packages/webdriver_manager/drivers/chrome.py", line 70, in get_latest_release_version
[2026-05-07T14:00:11.672+0000] {subprocess.py:93} INFO -     resp = self._http_client.get(url=latest_release_url)
[2026-05-07T14:00:11.681+0000] {subprocess.py:93} INFO -   File "/home/***/.local/lib/python3.8/site-packages/webdriver_manager/core/http.py", line 35, in get
[2026-05-07T14:00:11.709+0000] {subprocess.py:93} INFO -     raise exceptions.ConnectionError(f"Could not reach host. Are you offline?")
[2026-05-07T14:00:11.728+0000] {subprocess.py:93} INFO - requests.exceptions.ConnectionError: Could not reach host. Are you offline?
[2026-05-07T14:00:11.744+0000] {subprocess.py:93} INFO - Amazon done with warnings
[2026-05-07T14:00:11.749+0000] {subprocess.py:97} INFO - Command exited with return code 0
[2026-05-07T14:00:11.975+0000] {taskinstance.py:1138} INFO - Marking task as SUCCESS. dag_id=price_intelligence_pipeline, task_id=scrape_amazon, execution_date=20260507T130000, start_date=20260507T140003, end_date=20260507T140011
[2026-05-07T14:00:12.244+0000] {local_task_job_runner.py:234} INFO - Task exited with return code 0
[2026-05-07T14:00:12.562+0000] {taskinstance.py:3280} INFO - 1 downstream tasks scheduled from follow-on schedule check
