[2026-05-05T22:21:30.670+0000] {taskinstance.py:1956} INFO - Dependencies all met for dep_context=non-requeueable deps ti=<TaskInstance: price_intelligence_pipeline.scrape_avito manual__2026-05-05T22:17:27+00:00 [queued]>
[2026-05-05T22:21:30.689+0000] {taskinstance.py:1956} INFO - Dependencies all met for dep_context=requeueable deps ti=<TaskInstance: price_intelligence_pipeline.scrape_avito manual__2026-05-05T22:17:27+00:00 [queued]>
[2026-05-05T22:21:30.690+0000] {taskinstance.py:2170} INFO - Starting attempt 1 of 2
[2026-05-05T22:21:30.725+0000] {taskinstance.py:2191} INFO - Executing <Task(BashOperator): scrape_avito> on 2026-05-05 22:17:27+00:00
[2026-05-05T22:21:30.735+0000] {standard_task_runner.py:60} INFO - Started process 10188 to run task
[2026-05-05T22:21:30.742+0000] {standard_task_runner.py:87} INFO - Running: ['***', 'tasks', 'run', 'price_intelligence_pipeline', 'scrape_avito', 'manual__2026-05-05T22:17:27+00:00', '--job-id', '478', '--raw', '--subdir', 'DAGS_FOLDER/price_intelligence_dag.py', '--cfg-path', '/tmp/tmpp795alp0']
[2026-05-05T22:21:30.747+0000] {standard_task_runner.py:88} INFO - Job 478: Subtask scrape_avito
[2026-05-05T22:21:30.920+0000] {task_command.py:423} INFO - Running <TaskInstance: price_intelligence_pipeline.scrape_avito manual__2026-05-05T22:17:27+00:00 [running]> on host 25ef6dfa8bdc
[2026-05-05T22:21:31.370+0000] {taskinstance.py:2480} INFO - Exporting env vars: AIRFLOW_CTX_DAG_OWNER='***' AIRFLOW_CTX_DAG_ID='price_intelligence_pipeline' AIRFLOW_CTX_TASK_ID='scrape_avito' AIRFLOW_CTX_EXECUTION_DATE='2026-05-05T22:17:27+00:00' AIRFLOW_CTX_TRY_NUMBER='1' AIRFLOW_CTX_DAG_RUN_ID='manual__2026-05-05T22:17:27+00:00'
[2026-05-05T22:21:31.385+0000] {subprocess.py:63} INFO - Tmp dir root location: /tmp
[2026-05-05T22:21:31.394+0000] {subprocess.py:75} INFO - Running command: ['/usr/bin/bash', '-c', '\n            cd /opt/***\n            mkdir -p data/raw\n            export DISPLAY=:99\n            python3 scrapers/spiders/avito_ma.py || echo "Avito done with warnings"\n        ']
[2026-05-05T22:21:31.453+0000] {subprocess.py:86} INFO - Output:
[2026-05-05T22:21:36.857+0000] {subprocess.py:93} INFO - Traceback (most recent call last):
[2026-05-05T22:21:36.859+0000] {subprocess.py:93} INFO -   File "/home/***/.local/lib/python3.8/site-packages/urllib3/connection.py", line 174, in _new_conn
[2026-05-05T22:21:36.861+0000] {subprocess.py:93} INFO -     conn = connection.create_connection(
[2026-05-05T22:21:36.863+0000] {subprocess.py:93} INFO -   File "/home/***/.local/lib/python3.8/site-packages/urllib3/util/connection.py", line 72, in create_connection
[2026-05-05T22:21:36.868+0000] {subprocess.py:93} INFO -     for res in socket.getaddrinfo(host, port, family, socket.SOCK_STREAM):
[2026-05-05T22:21:36.873+0000] {subprocess.py:93} INFO -   File "/usr/local/lib/python3.8/socket.py", line 918, in getaddrinfo
[2026-05-05T22:21:36.877+0000] {subprocess.py:93} INFO -     for res in _socket.getaddrinfo(host, port, family, type, proto, flags):
[2026-05-05T22:21:36.879+0000] {subprocess.py:93} INFO - socket.gaierror: [Errno -5] No address associated with hostname
[2026-05-05T22:21:36.881+0000] {subprocess.py:93} INFO - 
[2026-05-05T22:21:36.882+0000] {subprocess.py:93} INFO - During handling of the above exception, another exception occurred:
[2026-05-05T22:21:36.883+0000] {subprocess.py:93} INFO - 
[2026-05-05T22:21:36.884+0000] {subprocess.py:93} INFO - Traceback (most recent call last):
[2026-05-05T22:21:36.885+0000] {subprocess.py:93} INFO -   File "/home/***/.local/lib/python3.8/site-packages/urllib3/connectionpool.py", line 715, in urlopen
[2026-05-05T22:21:36.886+0000] {subprocess.py:93} INFO -     httplib_response = self._make_request(
[2026-05-05T22:21:36.888+0000] {subprocess.py:93} INFO -   File "/home/***/.local/lib/python3.8/site-packages/urllib3/connectionpool.py", line 404, in _make_request
[2026-05-05T22:21:36.889+0000] {subprocess.py:93} INFO -     self._validate_conn(conn)
[2026-05-05T22:21:36.890+0000] {subprocess.py:93} INFO -   File "/home/***/.local/lib/python3.8/site-packages/urllib3/connectionpool.py", line 1058, in _validate_conn
[2026-05-05T22:21:36.895+0000] {subprocess.py:93} INFO -     conn.connect()
[2026-05-05T22:21:36.896+0000] {subprocess.py:93} INFO -   File "/home/***/.local/lib/python3.8/site-packages/urllib3/connection.py", line 363, in connect
[2026-05-05T22:21:36.897+0000] {subprocess.py:93} INFO -     self.sock = conn = self._new_conn()
[2026-05-05T22:21:36.898+0000] {subprocess.py:93} INFO -   File "/home/***/.local/lib/python3.8/site-packages/urllib3/connection.py", line 186, in _new_conn
[2026-05-05T22:21:36.899+0000] {subprocess.py:93} INFO -     raise NewConnectionError(
[2026-05-05T22:21:36.900+0000] {subprocess.py:93} INFO - urllib3.exceptions.NewConnectionError: <urllib3.connection.HTTPSConnection object at 0x78489bd35fa0>: Failed to establish a new connection: [Errno -5] No address associated with hostname
[2026-05-05T22:21:36.900+0000] {subprocess.py:93} INFO - 
[2026-05-05T22:21:36.901+0000] {subprocess.py:93} INFO - During handling of the above exception, another exception occurred:
[2026-05-05T22:21:36.902+0000] {subprocess.py:93} INFO - 
[2026-05-05T22:21:36.903+0000] {subprocess.py:93} INFO - Traceback (most recent call last):
[2026-05-05T22:21:36.905+0000] {subprocess.py:93} INFO -   File "/home/***/.local/lib/python3.8/site-packages/requests/adapters.py", line 486, in send
[2026-05-05T22:21:36.906+0000] {subprocess.py:93} INFO -     resp = conn.urlopen(
[2026-05-05T22:21:36.907+0000] {subprocess.py:93} INFO -   File "/home/***/.local/lib/python3.8/site-packages/urllib3/connectionpool.py", line 799, in urlopen
[2026-05-05T22:21:36.908+0000] {subprocess.py:93} INFO -     retries = retries.increment(
[2026-05-05T22:21:36.909+0000] {subprocess.py:93} INFO -   File "/home/***/.local/lib/python3.8/site-packages/urllib3/util/retry.py", line 592, in increment
[2026-05-05T22:21:36.910+0000] {subprocess.py:93} INFO -     raise MaxRetryError(_pool, url, error or ResponseError(cause))
[2026-05-05T22:21:36.911+0000] {subprocess.py:93} INFO - urllib3.exceptions.MaxRetryError: HTTPSConnectionPool(host='chromedriver.storage.googleapis.com', port=443): Max retries exceeded with url: /LATEST_RELEASE (Caused by NewConnectionError('<urllib3.connection.HTTPSConnection object at 0x78489bd35fa0>: Failed to establish a new connection: [Errno -5] No address associated with hostname'))
[2026-05-05T22:21:36.912+0000] {subprocess.py:93} INFO - 
[2026-05-05T22:21:36.913+0000] {subprocess.py:93} INFO - During handling of the above exception, another exception occurred:
[2026-05-05T22:21:36.914+0000] {subprocess.py:93} INFO - 
[2026-05-05T22:21:36.916+0000] {subprocess.py:93} INFO - Traceback (most recent call last):
[2026-05-05T22:21:36.917+0000] {subprocess.py:93} INFO -   File "/home/***/.local/lib/python3.8/site-packages/webdriver_manager/core/http.py", line 32, in get
[2026-05-05T22:21:36.918+0000] {subprocess.py:93} INFO -     resp = requests.get(
[2026-05-05T22:21:36.919+0000] {subprocess.py:93} INFO -   File "/home/***/.local/lib/python3.8/site-packages/requests/api.py", line 73, in get
[2026-05-05T22:21:36.920+0000] {subprocess.py:93} INFO -     return request("get", url, params=params, **kwargs)
[2026-05-05T22:21:36.923+0000] {subprocess.py:93} INFO -   File "/home/***/.local/lib/python3.8/site-packages/requests/api.py", line 59, in request
[2026-05-05T22:21:36.925+0000] {subprocess.py:93} INFO -     return session.request(method=method, url=url, **kwargs)
[2026-05-05T22:21:36.927+0000] {subprocess.py:93} INFO -   File "/home/***/.local/lib/python3.8/site-packages/requests/sessions.py", line 589, in request
[2026-05-05T22:21:36.928+0000] {subprocess.py:93} INFO -     resp = self.send(prep, **send_kwargs)
[2026-05-05T22:21:36.930+0000] {subprocess.py:93} INFO -   File "/home/***/.local/lib/python3.8/site-packages/requests/sessions.py", line 703, in send
[2026-05-05T22:21:36.932+0000] {subprocess.py:93} INFO -     r = adapter.send(request, **kwargs)
[2026-05-05T22:21:36.934+0000] {subprocess.py:93} INFO -   File "/home/***/.local/lib/python3.8/site-packages/requests/adapters.py", line 519, in send
[2026-05-05T22:21:36.935+0000] {subprocess.py:93} INFO -     raise ConnectionError(e, request=request)
[2026-05-05T22:21:36.937+0000] {subprocess.py:93} INFO - requests.exceptions.ConnectionError: HTTPSConnectionPool(host='chromedriver.storage.googleapis.com', port=443): Max retries exceeded with url: /LATEST_RELEASE (Caused by NewConnectionError('<urllib3.connection.HTTPSConnection object at 0x78489bd35fa0>: Failed to establish a new connection: [Errno -5] No address associated with hostname'))
[2026-05-05T22:21:36.940+0000] {subprocess.py:93} INFO - 
[2026-05-05T22:21:36.941+0000] {subprocess.py:93} INFO - During handling of the above exception, another exception occurred:
[2026-05-05T22:21:36.943+0000] {subprocess.py:93} INFO - 
[2026-05-05T22:21:36.943+0000] {subprocess.py:93} INFO - Traceback (most recent call last):
[2026-05-05T22:21:36.944+0000] {subprocess.py:93} INFO -   File "scrapers/spiders/avito_ma.py", line 93, in <module>
[2026-05-05T22:21:36.945+0000] {subprocess.py:93} INFO -     scrape_avito()
[2026-05-05T22:21:36.946+0000] {subprocess.py:93} INFO -   File "scrapers/spiders/avito_ma.py", line 25, in scrape_avito
[2026-05-05T22:21:36.947+0000] {subprocess.py:93} INFO -     driver = webdriver.Chrome(service=Service(ChromeDriverManager().install()), options=options)
[2026-05-05T22:21:36.948+0000] {subprocess.py:93} INFO -   File "/home/***/.local/lib/python3.8/site-packages/webdriver_manager/chrome.py", line 40, in install
[2026-05-05T22:21:36.950+0000] {subprocess.py:93} INFO -     driver_path = self._get_driver_binary_path(self.driver)
[2026-05-05T22:21:36.954+0000] {subprocess.py:93} INFO -   File "/home/***/.local/lib/python3.8/site-packages/webdriver_manager/core/manager.py", line 40, in _get_driver_binary_path
[2026-05-05T22:21:36.955+0000] {subprocess.py:93} INFO -     file = self._download_manager.download_file(driver.get_driver_download_url(os_type))
[2026-05-05T22:21:36.957+0000] {subprocess.py:93} INFO -   File "/home/***/.local/lib/python3.8/site-packages/webdriver_manager/drivers/chrome.py", line 32, in get_driver_download_url
[2026-05-05T22:21:36.958+0000] {subprocess.py:93} INFO -     driver_version_to_download = self.get_driver_version_to_download()
[2026-05-05T22:21:36.959+0000] {subprocess.py:93} INFO -   File "/home/***/.local/lib/python3.8/site-packages/webdriver_manager/core/driver.py", line 48, in get_driver_version_to_download
[2026-05-05T22:21:36.960+0000] {subprocess.py:93} INFO -     return self.get_latest_release_version()
[2026-05-05T22:21:36.961+0000] {subprocess.py:93} INFO -   File "/home/***/.local/lib/python3.8/site-packages/webdriver_manager/drivers/chrome.py", line 70, in get_latest_release_version
[2026-05-05T22:21:36.962+0000] {subprocess.py:93} INFO -     resp = self._http_client.get(url=latest_release_url)
[2026-05-05T22:21:36.963+0000] {subprocess.py:93} INFO -   File "/home/***/.local/lib/python3.8/site-packages/webdriver_manager/core/http.py", line 35, in get
[2026-05-05T22:21:36.964+0000] {subprocess.py:93} INFO -     raise exceptions.ConnectionError(f"Could not reach host. Are you offline?")
[2026-05-05T22:21:36.964+0000] {subprocess.py:93} INFO - requests.exceptions.ConnectionError: Could not reach host. Are you offline?
[2026-05-05T22:21:36.966+0000] {subprocess.py:93} INFO - Avito done with warnings
[2026-05-05T22:21:36.968+0000] {subprocess.py:97} INFO - Command exited with return code 0
[2026-05-05T22:21:37.065+0000] {taskinstance.py:1138} INFO - Marking task as SUCCESS. dag_id=price_intelligence_pipeline, task_id=scrape_avito, execution_date=20260505T221727, start_date=20260505T222130, end_date=20260505T222137
[2026-05-05T22:21:37.143+0000] {local_task_job_runner.py:234} INFO - Task exited with return code 0
[2026-05-05T22:21:37.222+0000] {taskinstance.py:3280} INFO - 1 downstream tasks scheduled from follow-on schedule check
