[2026-05-19T11:00:27.216+0000] {taskinstance.py:1956} INFO - Dependencies all met for dep_context=non-requeueable deps ti=<TaskInstance: price_intelligence_pipeline.dbt_run scheduled__2026-05-19T10:00:00+00:00 [queued]>
[2026-05-19T11:00:27.233+0000] {taskinstance.py:1956} INFO - Dependencies all met for dep_context=requeueable deps ti=<TaskInstance: price_intelligence_pipeline.dbt_run scheduled__2026-05-19T10:00:00+00:00 [queued]>
[2026-05-19T11:00:27.234+0000] {taskinstance.py:2170} INFO - Starting attempt 1 of 2
[2026-05-19T11:00:27.263+0000] {taskinstance.py:2191} INFO - Executing <Task(BashOperator): dbt_run> on 2026-05-19 10:00:00+00:00
[2026-05-19T11:00:27.276+0000] {standard_task_runner.py:60} INFO - Started process 53810 to run task
[2026-05-19T11:00:27.284+0000] {standard_task_runner.py:87} INFO - Running: ['***', 'tasks', 'run', 'price_intelligence_pipeline', 'dbt_run', 'scheduled__2026-05-19T10:00:00+00:00', '--job-id', '1454', '--raw', '--subdir', 'DAGS_FOLDER/price_intelligence_dag.py', '--cfg-path', '/tmp/tmp0zlcthxz']
[2026-05-19T11:00:27.289+0000] {standard_task_runner.py:88} INFO - Job 1454: Subtask dbt_run
[2026-05-19T11:00:27.427+0000] {task_command.py:423} INFO - Running <TaskInstance: price_intelligence_pipeline.dbt_run scheduled__2026-05-19T10:00:00+00:00 [running]> on host 91e0d3a0a233
[2026-05-19T11:00:27.671+0000] {taskinstance.py:2480} INFO - Exporting env vars: AIRFLOW_CTX_DAG_OWNER='***' AIRFLOW_CTX_DAG_ID='price_intelligence_pipeline' AIRFLOW_CTX_TASK_ID='dbt_run' AIRFLOW_CTX_EXECUTION_DATE='2026-05-19T10:00:00+00:00' AIRFLOW_CTX_TRY_NUMBER='1' AIRFLOW_CTX_DAG_RUN_ID='scheduled__2026-05-19T10:00:00+00:00'
[2026-05-19T11:00:27.673+0000] {subprocess.py:63} INFO - Tmp dir root location: /tmp
[2026-05-19T11:00:27.675+0000] {subprocess.py:75} INFO - Running command: ['/usr/bin/bash', '-c', '\n            set -e\n            cd /opt/***/dbt\n            export GOOGLE_APPLICATION_CREDENTIALS=/opt/***/gcp-credentials-new.json\n            /home/***/.local/bin/dbt run --full-refresh --profiles-dir . --project-dir .\n            echo dbt done\n        ']
[2026-05-19T11:00:27.701+0000] {subprocess.py:86} INFO - Output:
[2026-05-19T11:00:34.399+0000] {subprocess.py:93} INFO - [0m11:00:34  Running with dbt=1.8.7
[2026-05-19T11:00:37.554+0000] {subprocess.py:93} INFO - [0m11:00:37  Registered adapter: bigquery=1.8.3
[2026-05-19T11:00:40.271+0000] {subprocess.py:93} INFO - [0m11:00:40  Found 3 models, 1 seed, 7 data tests, 1 source, 479 macros
[2026-05-19T11:00:40.282+0000] {subprocess.py:93} INFO - [0m11:00:40
[2026-05-19T11:00:42.562+0000] {subprocess.py:93} INFO - [0m11:00:42  Concurrency: 4 threads (target='dev')
[2026-05-19T11:00:42.566+0000] {subprocess.py:93} INFO - [0m11:00:42
[2026-05-19T11:00:42.586+0000] {subprocess.py:93} INFO - [0m11:00:42  1 of 3 START sql view model price_intelligence_dbt.stg_prices .................. [RUN]
[2026-05-19T11:00:44.887+0000] {subprocess.py:93} INFO - [0m11:00:44  1 of 3 OK created sql view model price_intelligence_dbt.stg_prices ............. [[32mCREATE VIEW (0 processed)[0m in 2.29s]
[2026-05-19T11:00:44.899+0000] {subprocess.py:93} INFO - [0m11:00:44  2 of 3 START sql table model price_intelligence_dbt.prices_cleaned ............. [RUN]
[2026-05-19T11:00:49.634+0000] {subprocess.py:93} INFO - [0m11:00:49  2 of 3 OK created sql table model price_intelligence_dbt.prices_cleaned ........ [[32mCREATE TABLE (5.0k rows, 2.6 MiB processed)[0m in 4.72s]
[2026-05-19T11:00:49.645+0000] {subprocess.py:93} INFO - [0m11:00:49  3 of 3 START sql table model price_intelligence_dbt.prices_aggregated .......... [RUN]
[2026-05-19T11:00:53.975+0000] {subprocess.py:93} INFO - [0m11:00:53  3 of 3 OK created sql table model price_intelligence_dbt.prices_aggregated ..... [[32mCREATE TABLE (11.0 rows, 231.8 KiB processed)[0m in 4.32s]
[2026-05-19T11:00:54.014+0000] {subprocess.py:93} INFO - [0m11:00:54
[2026-05-19T11:00:54.017+0000] {subprocess.py:93} INFO - [0m11:00:54  Finished running 1 view model, 2 table models in 0 hours 0 minutes and 13.72 seconds (13.72s).
[2026-05-19T11:00:54.315+0000] {subprocess.py:93} INFO - [0m11:00:54
[2026-05-19T11:00:54.318+0000] {subprocess.py:93} INFO - [0m11:00:54  [32mCompleted successfully[0m
[2026-05-19T11:00:54.320+0000] {subprocess.py:93} INFO - [0m11:00:54
[2026-05-19T11:00:54.323+0000] {subprocess.py:93} INFO - [0m11:00:54  Done. PASS=3 WARN=0 ERROR=0 SKIP=0 TOTAL=3
[2026-05-19T11:00:56.711+0000] {subprocess.py:93} INFO - dbt done
[2026-05-19T11:00:56.719+0000] {subprocess.py:97} INFO - Command exited with return code 0
[2026-05-19T11:00:56.803+0000] {taskinstance.py:1138} INFO - Marking task as SUCCESS. dag_id=price_intelligence_pipeline, task_id=dbt_run, execution_date=20260519T100000, start_date=20260519T110027, end_date=20260519T110056
[2026-05-19T11:00:56.876+0000] {local_task_job_runner.py:234} INFO - Task exited with return code 0
[2026-05-19T11:00:56.936+0000] {taskinstance.py:3280} INFO - 1 downstream tasks scheduled from follow-on schedule check
