[2026-05-19T10:12:44.563+0000] {taskinstance.py:1956} INFO - Dependencies all met for dep_context=non-requeueable deps ti=<TaskInstance: price_intelligence_pipeline.dbt_run scheduled__2026-05-19T09:00:00+00:00 [queued]>
[2026-05-19T10:12:44.619+0000] {taskinstance.py:1956} INFO - Dependencies all met for dep_context=requeueable deps ti=<TaskInstance: price_intelligence_pipeline.dbt_run scheduled__2026-05-19T09:00:00+00:00 [queued]>
[2026-05-19T10:12:44.623+0000] {taskinstance.py:2170} INFO - Starting attempt 1 of 2
[2026-05-19T10:12:44.749+0000] {taskinstance.py:2191} INFO - Executing <Task(BashOperator): dbt_run> on 2026-05-19 09:00:00+00:00
[2026-05-19T10:12:44.773+0000] {standard_task_runner.py:60} INFO - Started process 52652 to run task
[2026-05-19T10:12:44.796+0000] {standard_task_runner.py:87} INFO - Running: ['***', 'tasks', 'run', 'price_intelligence_pipeline', 'dbt_run', 'scheduled__2026-05-19T09:00:00+00:00', '--job-id', '1445', '--raw', '--subdir', 'DAGS_FOLDER/price_intelligence_dag.py', '--cfg-path', '/tmp/tmpq3v1a1zj']
[2026-05-19T10:12:44.826+0000] {standard_task_runner.py:88} INFO - Job 1445: Subtask dbt_run
[2026-05-19T10:12:45.508+0000] {task_command.py:423} INFO - Running <TaskInstance: price_intelligence_pipeline.dbt_run scheduled__2026-05-19T09:00:00+00:00 [running]> on host 91e0d3a0a233
[2026-05-19T10:12:46.177+0000] {taskinstance.py:2480} INFO - Exporting env vars: AIRFLOW_CTX_DAG_OWNER='***' AIRFLOW_CTX_DAG_ID='price_intelligence_pipeline' AIRFLOW_CTX_TASK_ID='dbt_run' AIRFLOW_CTX_EXECUTION_DATE='2026-05-19T09:00:00+00:00' AIRFLOW_CTX_TRY_NUMBER='1' AIRFLOW_CTX_DAG_RUN_ID='scheduled__2026-05-19T09:00:00+00:00'
[2026-05-19T10:12:46.182+0000] {subprocess.py:63} INFO - Tmp dir root location: /tmp
[2026-05-19T10:12:46.189+0000] {subprocess.py:75} INFO - Running command: ['/usr/bin/bash', '-c', '\n            set -e\n            cd /opt/***/dbt\n            export GOOGLE_APPLICATION_CREDENTIALS=/opt/***/gcp-credentials-new.json\n            /home/***/.local/bin/dbt run --full-refresh --profiles-dir . --project-dir .\n            echo dbt done\n        ']
[2026-05-19T10:12:46.217+0000] {subprocess.py:86} INFO - Output:
[2026-05-19T10:12:55.515+0000] {subprocess.py:93} INFO - [0m10:12:55  Running with dbt=1.8.7
[2026-05-19T10:13:00.896+0000] {subprocess.py:93} INFO - [0m10:13:00  Registered adapter: bigquery=1.8.3
[2026-05-19T10:13:06.549+0000] {subprocess.py:93} INFO - [0m10:13:06  Found 3 models, 1 seed, 7 data tests, 1 source, 479 macros
[2026-05-19T10:13:06.586+0000] {subprocess.py:93} INFO - [0m10:13:06
[2026-05-19T10:13:09.816+0000] {subprocess.py:93} INFO - [0m10:13:09  Concurrency: 4 threads (target='dev')
[2026-05-19T10:13:09.825+0000] {subprocess.py:93} INFO - [0m10:13:09
[2026-05-19T10:13:09.893+0000] {subprocess.py:93} INFO - [0m10:13:09  1 of 3 START sql view model price_intelligence_dbt.stg_prices .................. [RUN]
[2026-05-19T10:13:15.487+0000] {subprocess.py:93} INFO - [0m10:13:15  1 of 3 OK created sql view model price_intelligence_dbt.stg_prices ............. [[32mCREATE VIEW (0 processed)[0m in 5.58s]
[2026-05-19T10:13:15.522+0000] {subprocess.py:93} INFO - [0m10:13:15  2 of 3 START sql table model price_intelligence_dbt.prices_cleaned ............. [RUN]
[2026-05-19T10:13:21.047+0000] {subprocess.py:93} INFO - [0m10:13:21  2 of 3 OK created sql table model price_intelligence_dbt.prices_cleaned ........ [[32mCREATE TABLE (5.0k rows, 2.6 MiB processed)[0m in 5.50s]
[2026-05-19T10:13:21.116+0000] {subprocess.py:93} INFO - [0m10:13:21  3 of 3 START sql table model price_intelligence_dbt.prices_aggregated .......... [RUN]
[2026-05-19T10:13:26.874+0000] {subprocess.py:93} INFO - [0m10:13:26  3 of 3 OK created sql table model price_intelligence_dbt.prices_aggregated ..... [[32mCREATE TABLE (11.0 rows, 231.8 KiB processed)[0m in 5.73s]
[2026-05-19T10:13:26.977+0000] {subprocess.py:93} INFO - [0m10:13:26
[2026-05-19T10:13:26.984+0000] {subprocess.py:93} INFO - [0m10:13:26  Finished running 1 view model, 2 table models in 0 hours 0 minutes and 20.38 seconds (20.38s).
[2026-05-19T10:13:27.942+0000] {subprocess.py:93} INFO - [0m10:13:27
[2026-05-19T10:13:27.950+0000] {subprocess.py:93} INFO - [0m10:13:27  [32mCompleted successfully[0m
[2026-05-19T10:13:27.958+0000] {subprocess.py:93} INFO - [0m10:13:27
[2026-05-19T10:13:27.968+0000] {subprocess.py:93} INFO - [0m10:13:27  Done. PASS=3 WARN=0 ERROR=0 SKIP=0 TOTAL=3
[2026-05-19T10:13:31.116+0000] {subprocess.py:93} INFO - dbt done
[2026-05-19T10:13:31.134+0000] {subprocess.py:97} INFO - Command exited with return code 0
[2026-05-19T10:13:31.333+0000] {taskinstance.py:1138} INFO - Marking task as SUCCESS. dag_id=price_intelligence_pipeline, task_id=dbt_run, execution_date=20260519T090000, start_date=20260519T101244, end_date=20260519T101331
[2026-05-19T10:13:31.430+0000] {local_task_job_runner.py:234} INFO - Task exited with return code 0
[2026-05-19T10:13:31.542+0000] {taskinstance.py:3280} INFO - 0 downstream tasks scheduled from follow-on schedule check
