[2026-05-05T19:54:17.384+0000] {taskinstance.py:1956} INFO - Dependencies all met for dep_context=non-requeueable deps ti=<TaskInstance: price_intelligence_pipeline.load_bigtable manual__2026-05-05T19:54:13.084817+00:00 [queued]>
[2026-05-05T19:54:17.412+0000] {taskinstance.py:1956} INFO - Dependencies all met for dep_context=requeueable deps ti=<TaskInstance: price_intelligence_pipeline.load_bigtable manual__2026-05-05T19:54:13.084817+00:00 [queued]>
[2026-05-05T19:54:17.413+0000] {taskinstance.py:2170} INFO - Starting attempt 1 of 3
[2026-05-05T19:54:17.441+0000] {taskinstance.py:2191} INFO - Executing <Task(PythonOperator): load_bigtable> on 2026-05-05 19:54:13.084817+00:00
[2026-05-05T19:54:17.451+0000] {standard_task_runner.py:60} INFO - Started process 1103 to run task
[2026-05-05T19:54:17.458+0000] {standard_task_runner.py:87} INFO - Running: ['***', 'tasks', 'run', 'price_intelligence_pipeline', 'load_bigtable', 'manual__2026-05-05T19:54:13.084817+00:00', '--job-id', '209', '--raw', '--subdir', 'DAGS_FOLDER/price_intelligence_dag_BACKUP.py', '--cfg-path', '/tmp/tmp06dpm62e']
[2026-05-05T19:54:17.462+0000] {standard_task_runner.py:88} INFO - Job 209: Subtask load_bigtable
[2026-05-05T19:54:17.595+0000] {task_command.py:423} INFO - Running <TaskInstance: price_intelligence_pipeline.load_bigtable manual__2026-05-05T19:54:13.084817+00:00 [running]> on host 25ef6dfa8bdc
[2026-05-05T19:54:17.784+0000] {taskinstance.py:2480} INFO - Exporting env vars: AIRFLOW_CTX_DAG_OWNER='price_intelligence' AIRFLOW_CTX_DAG_ID='price_intelligence_pipeline' AIRFLOW_CTX_TASK_ID='load_bigtable' AIRFLOW_CTX_EXECUTION_DATE='2026-05-05T19:54:13.084817+00:00' AIRFLOW_CTX_TRY_NUMBER='1' AIRFLOW_CTX_DAG_RUN_ID='manual__2026-05-05T19:54:13.084817+00:00'
[2026-05-05T19:54:17.794+0000] {_default.py:683} WARNING - No project ID could be determined. Consider running `gcloud config set project` or setting the GOOGLE_CLOUD_PROJECT environment variable
[2026-05-05T19:54:17.901+0000] {logging_mixin.py:188} INFO - 📦 Traitement jumia_ma: 4803 produits...
[2026-05-05T19:54:42.910+0000] {logging_mixin.py:188} INFO -   ✅ Batch de 500 produits envoyé!
[2026-05-05T19:55:07.074+0000] {logging_mixin.py:188} INFO -   ✅ Batch de 500 produits envoyé!
[2026-05-05T19:55:31.324+0000] {logging_mixin.py:188} INFO -   ✅ Batch de 500 produits envoyé!
[2026-05-05T19:55:50.349+0000] {logging_mixin.py:188} INFO -   ✅ Batch de 500 produits envoyé!
[2026-05-05T19:56:07.124+0000] {logging_mixin.py:188} INFO -   ✅ Batch de 500 produits envoyé!
[2026-05-05T19:56:21.737+0000] {logging_mixin.py:188} INFO -   ✅ Batch de 500 produits envoyé!
[2026-05-05T19:56:38.533+0000] {logging_mixin.py:188} INFO -   ✅ Batch de 500 produits envoyé!
[2026-05-05T19:56:53.143+0000] {logging_mixin.py:188} INFO -   ✅ Batch de 500 produits envoyé!
[2026-05-05T19:57:18.672+0000] {logging_mixin.py:188} INFO -   ✅ Batch de 500 produits envoyé!
[2026-05-05T19:57:19.000+0000] {logging_mixin.py:188} INFO - 📦 Traitement avito_ma: 1710 produits...
[2026-05-05T19:57:36.030+0000] {logging_mixin.py:188} INFO -   ✅ Batch de 500 produits envoyé!
[2026-05-05T19:57:56.432+0000] {logging_mixin.py:188} INFO -   ✅ Batch de 500 produits envoyé!
[2026-05-05T19:58:20.861+0000] {logging_mixin.py:188} INFO -   ✅ Batch de 500 produits envoyé!
[2026-05-05T19:58:32.088+0000] {logging_mixin.py:188} INFO -   ✅ Batch de 500 produits envoyé!
[2026-05-05T19:58:32.209+0000] {logging_mixin.py:188} INFO - 📦 Traitement amazon_ma: 794 produits...
[2026-05-05T19:58:48.215+0000] {logging_mixin.py:188} INFO -   ✅ Batch de 500 produits envoyé!
[2026-05-05T19:58:48.925+0000] {logging_mixin.py:188} INFO - 📦 Traitement electroplanet_ma: 179 produits...
[2026-05-05T19:58:56.579+0000] {logging_mixin.py:188} INFO -   ✅ Batch de 486 produits envoyé!
[2026-05-05T19:58:56.586+0000] {logging_mixin.py:188} INFO - 
✅ TOTAL: 7486 produits chargés dans Bigtable!
[2026-05-05T19:58:56.588+0000] {logging_mixin.py:188} INFO -    Column families: price_cf ✅ metadata_cf ✅ agg_cf ✅
[2026-05-05T19:58:56.589+0000] {logging_mixin.py:188} INFO -    Row key format: product_id#timestamp ✅
[2026-05-05T19:58:56.604+0000] {python.py:201} INFO - Done. Returned value was: 7486
[2026-05-05T19:58:56.788+0000] {taskinstance.py:1138} INFO - Marking task as SUCCESS. dag_id=price_intelligence_pipeline, task_id=load_bigtable, execution_date=20260505T195413, start_date=20260505T195417, end_date=20260505T195856
[2026-05-05T19:58:56.927+0000] {local_task_job_runner.py:234} INFO - Task exited with return code 0
[2026-05-05T19:58:57.107+0000] {taskinstance.py:3280} INFO - 1 downstream tasks scheduled from follow-on schedule check
