[2026-05-05T21:17:06.978+0000] {taskinstance.py:1956} INFO - Dependencies all met for dep_context=non-requeueable deps ti=<TaskInstance: price_intelligence_pipeline.scrape_electroplanet manual__2026-05-05T20:29:52.900279+00:00 [queued]>
[2026-05-05T21:17:07.005+0000] {taskinstance.py:1956} INFO - Dependencies all met for dep_context=requeueable deps ti=<TaskInstance: price_intelligence_pipeline.scrape_electroplanet manual__2026-05-05T20:29:52.900279+00:00 [queued]>
[2026-05-05T21:17:07.012+0000] {taskinstance.py:2170} INFO - Starting attempt 2 of 3
[2026-05-05T21:17:07.064+0000] {taskinstance.py:2191} INFO - Executing <Task(BashOperator): scrape_electroplanet> on 2026-05-05 20:29:52.900279+00:00
[2026-05-05T21:17:07.082+0000] {standard_task_runner.py:60} INFO - Started process 5953 to run task
[2026-05-05T21:17:07.098+0000] {standard_task_runner.py:87} INFO - Running: ['***', 'tasks', 'run', 'price_intelligence_pipeline', 'scrape_electroplanet', 'manual__2026-05-05T20:29:52.900279+00:00', '--job-id', '352', '--raw', '--subdir', 'DAGS_FOLDER/price_intelligence_dag.py', '--cfg-path', '/tmp/tmpxwllf4tj']
[2026-05-05T21:17:07.106+0000] {standard_task_runner.py:88} INFO - Job 352: Subtask scrape_electroplanet
[2026-05-05T21:17:07.324+0000] {task_command.py:423} INFO - Running <TaskInstance: price_intelligence_pipeline.scrape_electroplanet manual__2026-05-05T20:29:52.900279+00:00 [running]> on host 25ef6dfa8bdc
[2026-05-05T21:17:07.609+0000] {taskinstance.py:2480} INFO - Exporting env vars: AIRFLOW_CTX_DAG_OWNER='***' AIRFLOW_CTX_DAG_ID='price_intelligence_pipeline' AIRFLOW_CTX_TASK_ID='scrape_electroplanet' AIRFLOW_CTX_EXECUTION_DATE='2026-05-05T20:29:52.900279+00:00' AIRFLOW_CTX_TRY_NUMBER='2' AIRFLOW_CTX_DAG_RUN_ID='manual__2026-05-05T20:29:52.900279+00:00'
[2026-05-05T21:17:07.615+0000] {subprocess.py:63} INFO - Tmp dir root location: /tmp
[2026-05-05T21:17:07.618+0000] {subprocess.py:75} INFO - Running command: ['/usr/bin/bash', '-c', '\n            set -e\n            cd /opt/***\n            mkdir -p data/raw\n            scrapy crawl electroplanet_ma -o data/raw/electroplanet_ma.json --overwrite-output -s LOG_LEVEL=WARNING -s ROBOTSTXT_OBEY=False -s DOWNLOAD_DELAY=2\n            echo Electroplanet done\n        ']
[2026-05-05T21:17:07.643+0000] {subprocess.py:86} INFO - Output:
[2026-05-05T21:17:09.720+0000] {subprocess.py:93} INFO - Usage
[2026-05-05T21:17:09.723+0000] {subprocess.py:93} INFO - =====
[2026-05-05T21:17:09.728+0000] {subprocess.py:93} INFO -   scrapy crawl [options] <spider>
[2026-05-05T21:17:09.735+0000] {subprocess.py:93} INFO - crawl: error: argument -O/--overwrite-output: expected one argument
[2026-05-05T21:17:09.884+0000] {subprocess.py:97} INFO - Command exited with return code 2
[2026-05-05T21:17:09.922+0000] {taskinstance.py:2698} ERROR - Task failed with exception
Traceback (most recent call last):
  File "/home/airflow/.local/lib/python3.8/site-packages/airflow/models/taskinstance.py", line 428, in _execute_task
    result = execute_callable(context=context, **execute_callable_kwargs)
  File "/home/airflow/.local/lib/python3.8/site-packages/airflow/operators/bash.py", line 212, in execute
    raise AirflowException(
airflow.exceptions.AirflowException: Bash command failed. The command returned a non-zero exit code 2.
[2026-05-05T21:17:09.930+0000] {taskinstance.py:1138} INFO - Marking task as UP_FOR_RETRY. dag_id=price_intelligence_pipeline, task_id=scrape_electroplanet, execution_date=20260505T202952, start_date=20260505T211706, end_date=20260505T211709
[2026-05-05T21:17:09.985+0000] {standard_task_runner.py:107} ERROR - Failed to execute job 352 for task scrape_electroplanet (Bash command failed. The command returned a non-zero exit code 2.; 5953)
[2026-05-05T21:17:10.050+0000] {local_task_job_runner.py:234} INFO - Task exited with return code 1
[2026-05-05T21:17:10.168+0000] {taskinstance.py:3280} INFO - 0 downstream tasks scheduled from follow-on schedule check
