[2026-05-05T21:12:02.348+0000] {taskinstance.py:1956} INFO - Dependencies all met for dep_context=non-requeueable deps ti=<TaskInstance: price_intelligence_pipeline.scrape_electroplanet manual__2026-05-05T20:29:52.900279+00:00 [queued]>
[2026-05-05T21:12:02.371+0000] {taskinstance.py:1956} INFO - Dependencies all met for dep_context=requeueable deps ti=<TaskInstance: price_intelligence_pipeline.scrape_electroplanet manual__2026-05-05T20:29:52.900279+00:00 [queued]>
[2026-05-05T21:12:02.373+0000] {taskinstance.py:2170} INFO - Starting attempt 1 of 3
[2026-05-05T21:12:02.427+0000] {taskinstance.py:2191} INFO - Executing <Task(BashOperator): scrape_electroplanet> on 2026-05-05 20:29:52.900279+00:00
[2026-05-05T21:12:02.454+0000] {standard_task_runner.py:60} INFO - Started process 5769 to run task
[2026-05-05T21:12:02.465+0000] {standard_task_runner.py:87} INFO - Running: ['***', 'tasks', 'run', 'price_intelligence_pipeline', 'scrape_electroplanet', 'manual__2026-05-05T20:29:52.900279+00:00', '--job-id', '348', '--raw', '--subdir', 'DAGS_FOLDER/price_intelligence_dag.py', '--cfg-path', '/tmp/tmprfd4frvw']
[2026-05-05T21:12:02.475+0000] {standard_task_runner.py:88} INFO - Job 348: Subtask scrape_electroplanet
[2026-05-05T21:12:03.630+0000] {task_command.py:423} INFO - Running <TaskInstance: price_intelligence_pipeline.scrape_electroplanet manual__2026-05-05T20:29:52.900279+00:00 [running]> on host 25ef6dfa8bdc
[2026-05-05T21:12:03.960+0000] {taskinstance.py:2480} INFO - Exporting env vars: AIRFLOW_CTX_DAG_OWNER='***' AIRFLOW_CTX_DAG_ID='price_intelligence_pipeline' AIRFLOW_CTX_TASK_ID='scrape_electroplanet' AIRFLOW_CTX_EXECUTION_DATE='2026-05-05T20:29:52.900279+00:00' AIRFLOW_CTX_TRY_NUMBER='1' AIRFLOW_CTX_DAG_RUN_ID='manual__2026-05-05T20:29:52.900279+00:00'
[2026-05-05T21:12:03.969+0000] {subprocess.py:63} INFO - Tmp dir root location: /tmp
[2026-05-05T21:12:03.974+0000] {subprocess.py:75} INFO - Running command: ['/usr/bin/bash', '-c', '\n            set -e\n            cd /opt/***\n            mkdir -p data/raw\n            scrapy crawl electroplanet_ma -o data/raw/electroplanet_ma.json --overwrite-output -s LOG_LEVEL=WARNING -s ROBOTSTXT_OBEY=False -s DOWNLOAD_DELAY=2\n            echo Electroplanet done\n        ']
[2026-05-05T21:12:04.018+0000] {subprocess.py:86} INFO - Output:
[2026-05-05T21:12:05.692+0000] {subprocess.py:93} INFO - Usage
[2026-05-05T21:12:05.694+0000] {subprocess.py:93} INFO - =====
[2026-05-05T21:12:05.697+0000] {subprocess.py:93} INFO -   scrapy crawl [options] <spider>
[2026-05-05T21:12:05.698+0000] {subprocess.py:93} INFO - crawl: error: argument -O/--overwrite-output: expected one argument
[2026-05-05T21:12:05.855+0000] {subprocess.py:97} INFO - Command exited with return code 2
[2026-05-05T21:12:05.892+0000] {taskinstance.py:2698} ERROR - Task failed with exception
Traceback (most recent call last):
  File "/home/airflow/.local/lib/python3.8/site-packages/airflow/models/taskinstance.py", line 428, in _execute_task
    result = execute_callable(context=context, **execute_callable_kwargs)
  File "/home/airflow/.local/lib/python3.8/site-packages/airflow/operators/bash.py", line 212, in execute
    raise AirflowException(
airflow.exceptions.AirflowException: Bash command failed. The command returned a non-zero exit code 2.
[2026-05-05T21:12:05.902+0000] {taskinstance.py:1138} INFO - Marking task as UP_FOR_RETRY. dag_id=price_intelligence_pipeline, task_id=scrape_electroplanet, execution_date=20260505T202952, start_date=20260505T211202, end_date=20260505T211205
[2026-05-05T21:12:05.934+0000] {standard_task_runner.py:107} ERROR - Failed to execute job 348 for task scrape_electroplanet (Bash command failed. The command returned a non-zero exit code 2.; 5769)
[2026-05-05T21:12:05.990+0000] {local_task_job_runner.py:234} INFO - Task exited with return code 1
[2026-05-05T21:12:06.095+0000] {taskinstance.py:3280} INFO - 0 downstream tasks scheduled from follow-on schedule check
