[2026-05-05T21:20:59.002+0000] {taskinstance.py:1956} INFO - Dependencies all met for dep_context=non-requeueable deps ti=<TaskInstance: price_intelligence_pipeline.scrape_electroplanet manual__2026-05-05T20:29:52.900279+00:00 [queued]>
[2026-05-05T21:20:59.024+0000] {taskinstance.py:1956} INFO - Dependencies all met for dep_context=requeueable deps ti=<TaskInstance: price_intelligence_pipeline.scrape_electroplanet manual__2026-05-05T20:29:52.900279+00:00 [queued]>
[2026-05-05T21:20:59.026+0000] {taskinstance.py:2170} INFO - Starting attempt 3 of 3
[2026-05-05T21:20:59.087+0000] {taskinstance.py:2191} INFO - Executing <Task(BashOperator): scrape_electroplanet> on 2026-05-05 20:29:52.900279+00:00
[2026-05-05T21:20:59.109+0000] {standard_task_runner.py:60} INFO - Started process 6066 to run task
[2026-05-05T21:20:59.117+0000] {standard_task_runner.py:87} INFO - Running: ['***', 'tasks', 'run', 'price_intelligence_pipeline', 'scrape_electroplanet', 'manual__2026-05-05T20:29:52.900279+00:00', '--job-id', '354', '--raw', '--subdir', 'DAGS_FOLDER/price_intelligence_dag.py', '--cfg-path', '/tmp/tmpozbr0k8l']
[2026-05-05T21:20:59.127+0000] {standard_task_runner.py:88} INFO - Job 354: Subtask scrape_electroplanet
[2026-05-05T21:20:59.500+0000] {task_command.py:423} INFO - Running <TaskInstance: price_intelligence_pipeline.scrape_electroplanet manual__2026-05-05T20:29:52.900279+00:00 [running]> on host 25ef6dfa8bdc
[2026-05-05T21:20:59.925+0000] {taskinstance.py:2480} INFO - Exporting env vars: AIRFLOW_CTX_DAG_OWNER='***' AIRFLOW_CTX_DAG_ID='price_intelligence_pipeline' AIRFLOW_CTX_TASK_ID='scrape_electroplanet' AIRFLOW_CTX_EXECUTION_DATE='2026-05-05T20:29:52.900279+00:00' AIRFLOW_CTX_TRY_NUMBER='3' AIRFLOW_CTX_DAG_RUN_ID='manual__2026-05-05T20:29:52.900279+00:00'
[2026-05-05T21:20:59.929+0000] {subprocess.py:63} INFO - Tmp dir root location: /tmp
[2026-05-05T21:20:59.933+0000] {subprocess.py:75} INFO - Running command: ['/usr/bin/bash', '-c', '\n            cd /opt/***\n            mkdir -p data/raw\n            export DISPLAY=:99\n            python3 scrapers/spiders/electroplanet_ma.py || echo "Electroplanet done with warnings"\n        ']
[2026-05-05T21:21:00.008+0000] {subprocess.py:86} INFO - Output:
[2026-05-05T21:21:05.657+0000] {subprocess.py:93} INFO - 
[2026-05-05T21:21:05.668+0000] {subprocess.py:93} INFO - [Electroplanet] Scraping : smartphones
[2026-05-05T21:21:05.680+0000] {subprocess.py:93} INFO - Traceback (most recent call last):
[2026-05-05T21:21:05.694+0000] {subprocess.py:93} INFO -   File "/home/***/.local/lib/python3.8/site-packages/urllib3/connection.py", line 174, in _new_conn
[2026-05-05T21:21:05.697+0000] {subprocess.py:93} INFO -     conn = connection.create_connection(
[2026-05-05T21:21:05.707+0000] {subprocess.py:93} INFO -   File "/home/***/.local/lib/python3.8/site-packages/urllib3/util/connection.py", line 72, in create_connection
[2026-05-05T21:21:05.710+0000] {subprocess.py:93} INFO -     for res in socket.getaddrinfo(host, port, family, socket.SOCK_STREAM):
[2026-05-05T21:21:05.722+0000] {subprocess.py:93} INFO -   File "/usr/local/lib/python3.8/socket.py", line 918, in getaddrinfo
[2026-05-05T21:21:05.726+0000] {subprocess.py:93} INFO -     for res in _socket.getaddrinfo(host, port, family, type, proto, flags):
[2026-05-05T21:21:05.727+0000] {subprocess.py:93} INFO - socket.gaierror: [Errno -5] No address associated with hostname
[2026-05-05T21:21:05.728+0000] {subprocess.py:93} INFO - 
[2026-05-05T21:21:05.729+0000] {subprocess.py:93} INFO - During handling of the above exception, another exception occurred:
[2026-05-05T21:21:05.735+0000] {subprocess.py:93} INFO - 
[2026-05-05T21:21:05.737+0000] {subprocess.py:93} INFO - Traceback (most recent call last):
[2026-05-05T21:21:05.738+0000] {subprocess.py:93} INFO -   File "/home/***/.local/lib/python3.8/site-packages/urllib3/connectionpool.py", line 715, in urlopen
[2026-05-05T21:21:05.739+0000] {subprocess.py:93} INFO -     httplib_response = self._make_request(
[2026-05-05T21:21:05.740+0000] {subprocess.py:93} INFO -   File "/home/***/.local/lib/python3.8/site-packages/urllib3/connectionpool.py", line 404, in _make_request
[2026-05-05T21:21:05.741+0000] {subprocess.py:93} INFO -     self._validate_conn(conn)
[2026-05-05T21:21:05.742+0000] {subprocess.py:93} INFO -   File "/home/***/.local/lib/python3.8/site-packages/urllib3/connectionpool.py", line 1058, in _validate_conn
[2026-05-05T21:21:05.743+0000] {subprocess.py:93} INFO -     conn.connect()
[2026-05-05T21:21:05.744+0000] {subprocess.py:93} INFO -   File "/home/***/.local/lib/python3.8/site-packages/urllib3/connection.py", line 363, in connect
[2026-05-05T21:21:05.745+0000] {subprocess.py:93} INFO -     self.sock = conn = self._new_conn()
[2026-05-05T21:21:05.746+0000] {subprocess.py:93} INFO -   File "/home/***/.local/lib/python3.8/site-packages/urllib3/connection.py", line 186, in _new_conn
[2026-05-05T21:21:05.747+0000] {subprocess.py:93} INFO -     raise NewConnectionError(
[2026-05-05T21:21:05.758+0000] {subprocess.py:93} INFO - urllib3.exceptions.NewConnectionError: <urllib3.connection.HTTPSConnection object at 0x73f71a6855b0>: Failed to establish a new connection: [Errno -5] No address associated with hostname
[2026-05-05T21:21:05.768+0000] {subprocess.py:93} INFO - 
[2026-05-05T21:21:05.773+0000] {subprocess.py:93} INFO - During handling of the above exception, another exception occurred:
[2026-05-05T21:21:05.774+0000] {subprocess.py:93} INFO - 
[2026-05-05T21:21:05.776+0000] {subprocess.py:93} INFO - Traceback (most recent call last):
[2026-05-05T21:21:05.778+0000] {subprocess.py:93} INFO -   File "/home/***/.local/lib/python3.8/site-packages/requests/adapters.py", line 486, in send
[2026-05-05T21:21:05.779+0000] {subprocess.py:93} INFO -     resp = conn.urlopen(
[2026-05-05T21:21:05.780+0000] {subprocess.py:93} INFO -   File "/home/***/.local/lib/python3.8/site-packages/urllib3/connectionpool.py", line 799, in urlopen
[2026-05-05T21:21:05.781+0000] {subprocess.py:93} INFO -     retries = retries.increment(
[2026-05-05T21:21:05.782+0000] {subprocess.py:93} INFO -   File "/home/***/.local/lib/python3.8/site-packages/urllib3/util/retry.py", line 592, in increment
[2026-05-05T21:21:05.783+0000] {subprocess.py:93} INFO -     raise MaxRetryError(_pool, url, error or ResponseError(cause))
[2026-05-05T21:21:05.784+0000] {subprocess.py:93} INFO - urllib3.exceptions.MaxRetryError: HTTPSConnectionPool(host='chromedriver.storage.googleapis.com', port=443): Max retries exceeded with url: /LATEST_RELEASE (Caused by NewConnectionError('<urllib3.connection.HTTPSConnection object at 0x73f71a6855b0>: Failed to establish a new connection: [Errno -5] No address associated with hostname'))
[2026-05-05T21:21:05.785+0000] {subprocess.py:93} INFO - 
[2026-05-05T21:21:05.796+0000] {subprocess.py:93} INFO - During handling of the above exception, another exception occurred:
[2026-05-05T21:21:05.798+0000] {subprocess.py:93} INFO - 
[2026-05-05T21:21:05.799+0000] {subprocess.py:93} INFO - Traceback (most recent call last):
[2026-05-05T21:21:05.800+0000] {subprocess.py:93} INFO -   File "/home/***/.local/lib/python3.8/site-packages/webdriver_manager/core/http.py", line 32, in get
[2026-05-05T21:21:05.812+0000] {subprocess.py:93} INFO -     resp = requests.get(
[2026-05-05T21:21:05.813+0000] {subprocess.py:93} INFO -   File "/home/***/.local/lib/python3.8/site-packages/requests/api.py", line 73, in get
[2026-05-05T21:21:05.815+0000] {subprocess.py:93} INFO -     return request("get", url, params=params, **kwargs)
[2026-05-05T21:21:05.816+0000] {subprocess.py:93} INFO -   File "/home/***/.local/lib/python3.8/site-packages/requests/api.py", line 59, in request
[2026-05-05T21:21:05.817+0000] {subprocess.py:93} INFO -     return session.request(method=method, url=url, **kwargs)
[2026-05-05T21:21:05.818+0000] {subprocess.py:93} INFO -   File "/home/***/.local/lib/python3.8/site-packages/requests/sessions.py", line 589, in request
[2026-05-05T21:21:05.836+0000] {subprocess.py:93} INFO -     resp = self.send(prep, **send_kwargs)
[2026-05-05T21:21:05.837+0000] {subprocess.py:93} INFO -   File "/home/***/.local/lib/python3.8/site-packages/requests/sessions.py", line 703, in send
[2026-05-05T21:21:05.838+0000] {subprocess.py:93} INFO -     r = adapter.send(request, **kwargs)
[2026-05-05T21:21:05.839+0000] {subprocess.py:93} INFO -   File "/home/***/.local/lib/python3.8/site-packages/requests/adapters.py", line 519, in send
[2026-05-05T21:21:05.851+0000] {subprocess.py:93} INFO -     raise ConnectionError(e, request=request)
[2026-05-05T21:21:05.853+0000] {subprocess.py:93} INFO - requests.exceptions.ConnectionError: HTTPSConnectionPool(host='chromedriver.storage.googleapis.com', port=443): Max retries exceeded with url: /LATEST_RELEASE (Caused by NewConnectionError('<urllib3.connection.HTTPSConnection object at 0x73f71a6855b0>: Failed to establish a new connection: [Errno -5] No address associated with hostname'))
[2026-05-05T21:21:05.854+0000] {subprocess.py:93} INFO - 
[2026-05-05T21:21:05.855+0000] {subprocess.py:93} INFO - During handling of the above exception, another exception occurred:
[2026-05-05T21:21:05.856+0000] {subprocess.py:93} INFO - 
[2026-05-05T21:21:05.857+0000] {subprocess.py:93} INFO - Traceback (most recent call last):
[2026-05-05T21:21:05.859+0000] {subprocess.py:93} INFO -   File "scrapers/spiders/electroplanet_ma.py", line 162, in <module>
[2026-05-05T21:21:05.870+0000] {subprocess.py:93} INFO -     scrape_electroplanet()
[2026-05-05T21:21:05.871+0000] {subprocess.py:93} INFO -   File "scrapers/spiders/electroplanet_ma.py", line 73, in scrape_electroplanet
[2026-05-05T21:21:05.872+0000] {subprocess.py:93} INFO -     driver = get_driver()
[2026-05-05T21:21:05.873+0000] {subprocess.py:93} INFO -   File "scrapers/spiders/electroplanet_ma.py", line 63, in get_driver
[2026-05-05T21:21:05.875+0000] {subprocess.py:93} INFO -     return webdriver.Chrome(service=Service(ChromeDriverManager().install()), options=opts)
[2026-05-05T21:21:05.897+0000] {subprocess.py:93} INFO -   File "/home/***/.local/lib/python3.8/site-packages/webdriver_manager/chrome.py", line 40, in install
[2026-05-05T21:21:05.911+0000] {subprocess.py:93} INFO -     driver_path = self._get_driver_binary_path(self.driver)
[2026-05-05T21:21:05.914+0000] {subprocess.py:93} INFO -   File "/home/***/.local/lib/python3.8/site-packages/webdriver_manager/core/manager.py", line 40, in _get_driver_binary_path
[2026-05-05T21:21:05.915+0000] {subprocess.py:93} INFO -     file = self._download_manager.download_file(driver.get_driver_download_url(os_type))
[2026-05-05T21:21:05.927+0000] {subprocess.py:93} INFO -   File "/home/***/.local/lib/python3.8/site-packages/webdriver_manager/drivers/chrome.py", line 32, in get_driver_download_url
[2026-05-05T21:21:05.937+0000] {subprocess.py:93} INFO -     driver_version_to_download = self.get_driver_version_to_download()
[2026-05-05T21:21:05.946+0000] {subprocess.py:93} INFO -   File "/home/***/.local/lib/python3.8/site-packages/webdriver_manager/core/driver.py", line 48, in get_driver_version_to_download
[2026-05-05T21:21:05.950+0000] {subprocess.py:93} INFO -     return self.get_latest_release_version()
[2026-05-05T21:21:05.952+0000] {subprocess.py:93} INFO -   File "/home/***/.local/lib/python3.8/site-packages/webdriver_manager/drivers/chrome.py", line 70, in get_latest_release_version
[2026-05-05T21:21:05.966+0000] {subprocess.py:93} INFO -     resp = self._http_client.get(url=latest_release_url)
[2026-05-05T21:21:05.969+0000] {subprocess.py:93} INFO -   File "/home/***/.local/lib/python3.8/site-packages/webdriver_manager/core/http.py", line 35, in get
[2026-05-05T21:21:05.970+0000] {subprocess.py:93} INFO -     raise exceptions.ConnectionError(f"Could not reach host. Are you offline?")
[2026-05-05T21:21:05.974+0000] {subprocess.py:93} INFO - requests.exceptions.ConnectionError: Could not reach host. Are you offline?
[2026-05-05T21:21:05.975+0000] {subprocess.py:93} INFO - Electroplanet done with warnings
[2026-05-05T21:21:05.977+0000] {subprocess.py:97} INFO - Command exited with return code 0
[2026-05-05T21:21:06.109+0000] {taskinstance.py:1138} INFO - Marking task as SUCCESS. dag_id=price_intelligence_pipeline, task_id=scrape_electroplanet, execution_date=20260505T202952, start_date=20260505T212059, end_date=20260505T212106
[2026-05-05T21:21:06.224+0000] {local_task_job_runner.py:234} INFO - Task exited with return code 0
[2026-05-05T21:21:06.318+0000] {taskinstance.py:3280} INFO - 1 downstream tasks scheduled from follow-on schedule check
