[2026-05-20T12:05:41.778+0000] {taskinstance.py:1956} INFO - Dependencies all met for dep_context=non-requeueable deps ti=<TaskInstance: price_intelligence_pipeline.dbt_run scheduled__2026-05-20T00:00:00+00:00 [queued]>
[2026-05-20T12:05:41.815+0000] {taskinstance.py:1956} INFO - Dependencies all met for dep_context=requeueable deps ti=<TaskInstance: price_intelligence_pipeline.dbt_run scheduled__2026-05-20T00:00:00+00:00 [queued]>
[2026-05-20T12:05:41.818+0000] {taskinstance.py:2170} INFO - Starting attempt 1 of 2
[2026-05-20T12:05:41.870+0000] {taskinstance.py:2191} INFO - Executing <Task(BashOperator): dbt_run> on 2026-05-20 00:00:00+00:00
[2026-05-20T12:05:41.888+0000] {standard_task_runner.py:60} INFO - Started process 59650 to run task
[2026-05-20T12:05:41.904+0000] {standard_task_runner.py:87} INFO - Running: ['***', 'tasks', 'run', 'price_intelligence_pipeline', 'dbt_run', 'scheduled__2026-05-20T00:00:00+00:00', '--job-id', '1526', '--raw', '--subdir', 'DAGS_FOLDER/price_intelligence_dag.py', '--cfg-path', '/tmp/tmpsghmykc9']
[2026-05-20T12:05:41.914+0000] {standard_task_runner.py:88} INFO - Job 1526: Subtask dbt_run
[2026-05-20T12:05:42.279+0000] {task_command.py:423} INFO - Running <TaskInstance: price_intelligence_pipeline.dbt_run scheduled__2026-05-20T00:00:00+00:00 [running]> on host 91e0d3a0a233
[2026-05-20T12:05:42.521+0000] {taskinstance.py:2480} INFO - Exporting env vars: AIRFLOW_CTX_DAG_OWNER='***' AIRFLOW_CTX_DAG_ID='price_intelligence_pipeline' AIRFLOW_CTX_TASK_ID='dbt_run' AIRFLOW_CTX_EXECUTION_DATE='2026-05-20T00:00:00+00:00' AIRFLOW_CTX_TRY_NUMBER='1' AIRFLOW_CTX_DAG_RUN_ID='scheduled__2026-05-20T00:00:00+00:00'
[2026-05-20T12:05:42.530+0000] {subprocess.py:63} INFO - Tmp dir root location: /tmp
[2026-05-20T12:05:42.533+0000] {subprocess.py:75} INFO - Running command: ['/usr/bin/bash', '-c', '\n            set -e\n            cd /opt/***/dbt\n            export GOOGLE_APPLICATION_CREDENTIALS=/opt/***/gcp-credentials-new.json\n            /home/***/.local/bin/dbt run --full-refresh --profiles-dir . --project-dir .\n            echo dbt done\n        ']
[2026-05-20T12:05:42.566+0000] {subprocess.py:86} INFO - Output:
[2026-05-20T12:05:53.530+0000] {subprocess.py:93} INFO - [0m12:05:53  Running with dbt=1.8.7
[2026-05-20T12:05:57.220+0000] {subprocess.py:93} INFO - [0m12:05:57  Registered adapter: bigquery=1.8.3
[2026-05-20T12:05:59.837+0000] {subprocess.py:93} INFO - [0m12:05:59  Found 3 models, 1 seed, 7 data tests, 1 source, 479 macros
[2026-05-20T12:05:59.846+0000] {subprocess.py:93} INFO - [0m12:05:59
[2026-05-20T12:06:01.847+0000] {subprocess.py:93} INFO - [0m12:06:01  Concurrency: 4 threads (target='dev')
[2026-05-20T12:06:01.849+0000] {subprocess.py:93} INFO - [0m12:06:01
[2026-05-20T12:06:01.867+0000] {subprocess.py:93} INFO - [0m12:06:01  1 of 3 START sql view model price_intelligence_dbt.stg_prices .................. [RUN]
[2026-05-20T12:06:03.896+0000] {subprocess.py:93} INFO - [0m12:06:03  1 of 3 OK created sql view model price_intelligence_dbt.stg_prices ............. [[32mCREATE VIEW (0 processed)[0m in 2.02s]
[2026-05-20T12:06:03.904+0000] {subprocess.py:93} INFO - [0m12:06:03  2 of 3 START sql table model price_intelligence_dbt.prices_cleaned ............. [RUN]
[2026-05-20T12:06:09.559+0000] {subprocess.py:93} INFO - [0m12:06:09  2 of 3 OK created sql table model price_intelligence_dbt.prices_cleaned ........ [[32mCREATE TABLE (5.0k rows, 2.6 MiB processed)[0m in 5.65s]
[2026-05-20T12:06:09.589+0000] {subprocess.py:93} INFO - [0m12:06:09  3 of 3 START sql table model price_intelligence_dbt.prices_aggregated .......... [RUN]
[2026-05-20T12:06:13.587+0000] {subprocess.py:93} INFO - [0m12:06:13  3 of 3 OK created sql table model price_intelligence_dbt.prices_aggregated ..... [[32mCREATE TABLE (11.0 rows, 231.8 KiB processed)[0m in 3.99s]
[2026-05-20T12:06:13.618+0000] {subprocess.py:93} INFO - [0m12:06:13
[2026-05-20T12:06:13.621+0000] {subprocess.py:93} INFO - [0m12:06:13  Finished running 1 view model, 2 table models in 0 hours 0 minutes and 13.77 seconds (13.77s).
[2026-05-20T12:06:14.002+0000] {subprocess.py:93} INFO - [0m12:06:14
[2026-05-20T12:06:14.004+0000] {subprocess.py:93} INFO - [0m12:06:14  [32mCompleted successfully[0m
[2026-05-20T12:06:14.006+0000] {subprocess.py:93} INFO - [0m12:06:14
[2026-05-20T12:06:14.008+0000] {subprocess.py:93} INFO - [0m12:06:14  Done. PASS=3 WARN=0 ERROR=0 SKIP=0 TOTAL=3
[2026-05-20T12:06:18.643+0000] {subprocess.py:93} INFO - dbt done
[2026-05-20T12:06:18.658+0000] {subprocess.py:97} INFO - Command exited with return code 0
[2026-05-20T12:06:18.732+0000] {taskinstance.py:1138} INFO - Marking task as SUCCESS. dag_id=price_intelligence_pipeline, task_id=dbt_run, execution_date=20260520T000000, start_date=20260520T120541, end_date=20260520T120618
[2026-05-20T12:06:18.813+0000] {local_task_job_runner.py:234} INFO - Task exited with return code 0
[2026-05-20T12:06:18.888+0000] {taskinstance.py:3280} INFO - 1 downstream tasks scheduled from follow-on schedule check
