[2026-05-06T20:42:51.223+0000] {taskinstance.py:1956} INFO - Dependencies all met for dep_context=non-requeueable deps ti=<TaskInstance: price_intelligence_pipeline.dbt_run scheduled__2026-05-06T17:00:00+00:00 [queued]>
[2026-05-06T20:42:51.255+0000] {taskinstance.py:1956} INFO - Dependencies all met for dep_context=requeueable deps ti=<TaskInstance: price_intelligence_pipeline.dbt_run scheduled__2026-05-06T17:00:00+00:00 [queued]>
[2026-05-06T20:42:51.256+0000] {taskinstance.py:2170} INFO - Starting attempt 1 of 2
[2026-05-06T20:42:51.300+0000] {taskinstance.py:2191} INFO - Executing <Task(BashOperator): dbt_run> on 2026-05-06 17:00:00+00:00
[2026-05-06T20:42:51.315+0000] {standard_task_runner.py:60} INFO - Started process 22339 to run task
[2026-05-06T20:42:51.324+0000] {standard_task_runner.py:87} INFO - Running: ['***', 'tasks', 'run', 'price_intelligence_pipeline', 'dbt_run', 'scheduled__2026-05-06T17:00:00+00:00', '--job-id', '617', '--raw', '--subdir', 'DAGS_FOLDER/price_intelligence_dag.py', '--cfg-path', '/tmp/tmpi6chh0au']
[2026-05-06T20:42:51.332+0000] {standard_task_runner.py:88} INFO - Job 617: Subtask dbt_run
[2026-05-06T20:42:51.559+0000] {task_command.py:423} INFO - Running <TaskInstance: price_intelligence_pipeline.dbt_run scheduled__2026-05-06T17:00:00+00:00 [running]> on host 25ef6dfa8bdc
[2026-05-06T20:42:52.055+0000] {taskinstance.py:2480} INFO - Exporting env vars: AIRFLOW_CTX_DAG_OWNER='***' AIRFLOW_CTX_DAG_ID='price_intelligence_pipeline' AIRFLOW_CTX_TASK_ID='dbt_run' AIRFLOW_CTX_EXECUTION_DATE='2026-05-06T17:00:00+00:00' AIRFLOW_CTX_TRY_NUMBER='1' AIRFLOW_CTX_DAG_RUN_ID='scheduled__2026-05-06T17:00:00+00:00'
[2026-05-06T20:42:52.063+0000] {subprocess.py:63} INFO - Tmp dir root location: /tmp
[2026-05-06T20:42:52.076+0000] {subprocess.py:75} INFO - Running command: ['/usr/bin/bash', '-c', '\n            set -e\n            cd /opt/***/dbt\n            export GOOGLE_APPLICATION_CREDENTIALS=/opt/***/gcp-credentials-new.json\n            /home/***/.local/bin/dbt run --select stg_prices --profiles-dir . --project-dir .\n            /home/***/.local/bin/dbt run --select prices_cleaned --profiles-dir . --project-dir .\n            /home/***/.local/bin/dbt run --select prices_aggregated --profiles-dir . --project-dir .\n            echo dbt done\n        ']
[2026-05-06T20:42:52.134+0000] {subprocess.py:86} INFO - Output:
[2026-05-06T20:43:02.861+0000] {subprocess.py:93} INFO - [0m20:43:02  Running with dbt=1.8.7
[2026-05-06T20:43:09.348+0000] {subprocess.py:93} INFO - [0m20:43:09  Registered adapter: bigquery=1.8.3
[2026-05-06T20:43:13.161+0000] {subprocess.py:93} INFO - [0m20:43:13  Found 3 models, 1 seed, 7 data tests, 1 source, 479 macros
[2026-05-06T20:43:13.171+0000] {subprocess.py:93} INFO - [0m20:43:13
[2026-05-06T20:43:23.556+0000] {subprocess.py:93} INFO - [0m20:43:23  Concurrency: 4 threads (target='dev')
[2026-05-06T20:43:23.570+0000] {subprocess.py:93} INFO - [0m20:43:23
[2026-05-06T20:43:23.622+0000] {subprocess.py:93} INFO - [0m20:43:23  1 of 1 START sql view model price_intelligence_dbt.stg_prices .................. [RUN]
[2026-05-06T20:43:26.677+0000] {subprocess.py:93} INFO - [0m20:43:26  BigQuery adapter: https://console.cloud.google.com/bigquery?project=project-32a82952-90fa-4dd7-b9c&j=bq:US:e6ff356b-540c-40ca-9759-324d61c19939&page=queryresults
[2026-05-06T20:43:26.745+0000] {subprocess.py:93} INFO - [0m20:43:26  1 of 1 ERROR creating sql view model price_intelligence_dbt.stg_prices ......... [[31mERROR[0m in 3.09s]
[2026-05-06T20:43:26.760+0000] {subprocess.py:93} INFO - [0m20:43:26
[2026-05-06T20:43:26.763+0000] {subprocess.py:93} INFO - [0m20:43:26  Finished running 1 view model in 0 hours 0 minutes and 13.59 seconds (13.59s).
[2026-05-06T20:43:26.927+0000] {subprocess.py:93} INFO - [0m20:43:26
[2026-05-06T20:43:26.928+0000] {subprocess.py:93} INFO - [0m20:43:26  [31mCompleted with 1 error and 0 warnings:[0m
[2026-05-06T20:43:26.930+0000] {subprocess.py:93} INFO - [0m20:43:26
[2026-05-06T20:43:26.931+0000] {subprocess.py:93} INFO - [0m20:43:26    Database Error in model stg_prices (models/staging/stg_prices.sql)
[2026-05-06T20:43:26.932+0000] {subprocess.py:93} INFO -   Unrecognized name: old_price at [11:10]
[2026-05-06T20:43:26.933+0000] {subprocess.py:93} INFO -   compiled code at target/run/price_intelligence/models/staging/stg_prices.sql
[2026-05-06T20:43:26.933+0000] {subprocess.py:93} INFO - [0m20:43:26
[2026-05-06T20:43:26.934+0000] {subprocess.py:93} INFO - [0m20:43:26  Done. PASS=0 WARN=0 ERROR=1 SKIP=0 TOTAL=1
[2026-05-06T20:43:31.572+0000] {subprocess.py:97} INFO - Command exited with return code 1
[2026-05-06T20:43:31.609+0000] {taskinstance.py:2698} ERROR - Task failed with exception
Traceback (most recent call last):
  File "/home/airflow/.local/lib/python3.8/site-packages/airflow/models/taskinstance.py", line 428, in _execute_task
    result = execute_callable(context=context, **execute_callable_kwargs)
  File "/home/airflow/.local/lib/python3.8/site-packages/airflow/operators/bash.py", line 212, in execute
    raise AirflowException(
airflow.exceptions.AirflowException: Bash command failed. The command returned a non-zero exit code 1.
[2026-05-06T20:43:31.622+0000] {taskinstance.py:1138} INFO - Marking task as UP_FOR_RETRY. dag_id=price_intelligence_pipeline, task_id=dbt_run, execution_date=20260506T170000, start_date=20260506T204251, end_date=20260506T204331
[2026-05-06T20:43:31.656+0000] {standard_task_runner.py:107} ERROR - Failed to execute job 617 for task dbt_run (Bash command failed. The command returned a non-zero exit code 1.; 22339)
[2026-05-06T20:43:31.693+0000] {local_task_job_runner.py:234} INFO - Task exited with return code 1
[2026-05-06T20:43:31.766+0000] {taskinstance.py:3280} INFO - 0 downstream tasks scheduled from follow-on schedule check
