[2026-05-15T09:20:53.601+0000] {taskinstance.py:1956} INFO - Dependencies all met for dep_context=non-requeueable deps ti=<TaskInstance: price_intelligence_pipeline.dbt_run scheduled__2026-05-15T08:00:00+00:00 [queued]>
[2026-05-15T09:20:53.623+0000] {taskinstance.py:1956} INFO - Dependencies all met for dep_context=requeueable deps ti=<TaskInstance: price_intelligence_pipeline.dbt_run scheduled__2026-05-15T08:00:00+00:00 [queued]>
[2026-05-15T09:20:53.625+0000] {taskinstance.py:2170} INFO - Starting attempt 1 of 2
[2026-05-15T09:20:53.661+0000] {taskinstance.py:2191} INFO - Executing <Task(BashOperator): dbt_run> on 2026-05-15 08:00:00+00:00
[2026-05-15T09:20:53.671+0000] {standard_task_runner.py:60} INFO - Started process 24656 to run task
[2026-05-15T09:20:53.680+0000] {standard_task_runner.py:87} INFO - Running: ['***', 'tasks', 'run', 'price_intelligence_pipeline', 'dbt_run', 'scheduled__2026-05-15T08:00:00+00:00', '--job-id', '1173', '--raw', '--subdir', 'DAGS_FOLDER/price_intelligence_dag.py', '--cfg-path', '/tmp/tmp82k_os3m']
[2026-05-15T09:20:53.685+0000] {standard_task_runner.py:88} INFO - Job 1173: Subtask dbt_run
[2026-05-15T09:20:53.862+0000] {task_command.py:423} INFO - Running <TaskInstance: price_intelligence_pipeline.dbt_run scheduled__2026-05-15T08:00:00+00:00 [running]> on host 91e0d3a0a233
[2026-05-15T09:20:54.207+0000] {taskinstance.py:2480} INFO - Exporting env vars: AIRFLOW_CTX_DAG_OWNER='***' AIRFLOW_CTX_DAG_ID='price_intelligence_pipeline' AIRFLOW_CTX_TASK_ID='dbt_run' AIRFLOW_CTX_EXECUTION_DATE='2026-05-15T08:00:00+00:00' AIRFLOW_CTX_TRY_NUMBER='1' AIRFLOW_CTX_DAG_RUN_ID='scheduled__2026-05-15T08:00:00+00:00'
[2026-05-15T09:20:54.212+0000] {subprocess.py:63} INFO - Tmp dir root location: /tmp
[2026-05-15T09:20:54.223+0000] {subprocess.py:75} INFO - Running command: ['/usr/bin/bash', '-c', '\n            set -e\n            cd /opt/***/dbt\n            export GOOGLE_APPLICATION_CREDENTIALS=/opt/***/gcp-credentials-new.json\n            /home/***/.local/bin/dbt run --full-refresh --profiles-dir . --project-dir .\n            echo dbt done\n        ']
[2026-05-15T09:20:54.253+0000] {subprocess.py:86} INFO - Output:
[2026-05-15T09:21:02.218+0000] {subprocess.py:93} INFO - [0m09:21:02  Running with dbt=1.8.7
[2026-05-15T09:21:06.335+0000] {subprocess.py:93} INFO - [0m09:21:06  Registered adapter: bigquery=1.8.3
[2026-05-15T09:21:09.114+0000] {subprocess.py:93} INFO - [0m09:21:09  Found 3 models, 1 seed, 7 data tests, 1 source, 479 macros
[2026-05-15T09:21:09.121+0000] {subprocess.py:93} INFO - [0m09:21:09
[2026-05-15T09:21:12.604+0000] {subprocess.py:93} INFO - [0m09:21:12  Concurrency: 4 threads (target='dev')
[2026-05-15T09:21:12.607+0000] {subprocess.py:93} INFO - [0m09:21:12
[2026-05-15T09:21:12.638+0000] {subprocess.py:93} INFO - [0m09:21:12  1 of 3 START sql view model price_intelligence_dbt.stg_prices .................. [RUN]
[2026-05-15T09:21:15.536+0000] {subprocess.py:93} INFO - [0m09:21:15  1 of 3 OK created sql view model price_intelligence_dbt.stg_prices ............. [[32mCREATE VIEW (0 processed)[0m in 2.88s]
[2026-05-15T09:21:15.560+0000] {subprocess.py:93} INFO - [0m09:21:15  2 of 3 START sql table model price_intelligence_dbt.prices_cleaned ............. [RUN]
[2026-05-15T09:21:20.688+0000] {subprocess.py:93} INFO - [0m09:21:20  2 of 3 OK created sql table model price_intelligence_dbt.prices_cleaned ........ [[32mCREATE TABLE (5.0k rows, 2.6 MiB processed)[0m in 5.10s]
[2026-05-15T09:21:20.766+0000] {subprocess.py:93} INFO - [0m09:21:20  3 of 3 START sql table model price_intelligence_dbt.prices_aggregated .......... [RUN]
[2026-05-15T09:21:27.356+0000] {subprocess.py:93} INFO - [0m09:21:27  3 of 3 OK created sql table model price_intelligence_dbt.prices_aggregated ..... [[32mCREATE TABLE (11.0 rows, 231.8 KiB processed)[0m in 6.56s]
[2026-05-15T09:21:27.438+0000] {subprocess.py:93} INFO - [0m09:21:27
[2026-05-15T09:21:27.441+0000] {subprocess.py:93} INFO - [0m09:21:27  Finished running 1 view model, 2 table models in 0 hours 0 minutes and 18.31 seconds (18.31s).
[2026-05-15T09:21:28.342+0000] {subprocess.py:93} INFO - [0m09:21:28
[2026-05-15T09:21:28.368+0000] {subprocess.py:93} INFO - [0m09:21:28  [32mCompleted successfully[0m
[2026-05-15T09:21:28.374+0000] {subprocess.py:93} INFO - [0m09:21:28
[2026-05-15T09:21:28.393+0000] {subprocess.py:93} INFO - [0m09:21:28  Done. PASS=3 WARN=0 ERROR=0 SKIP=0 TOTAL=3
[2026-05-15T09:21:34.286+0000] {subprocess.py:93} INFO - dbt done
[2026-05-15T09:21:34.319+0000] {subprocess.py:97} INFO - Command exited with return code 0
[2026-05-15T09:21:34.492+0000] {taskinstance.py:1138} INFO - Marking task as SUCCESS. dag_id=price_intelligence_pipeline, task_id=dbt_run, execution_date=20260515T080000, start_date=20260515T092053, end_date=20260515T092134
[2026-05-15T09:21:34.604+0000] {local_task_job_runner.py:234} INFO - Task exited with return code 0
[2026-05-15T09:21:34.755+0000] {taskinstance.py:3280} INFO - 1 downstream tasks scheduled from follow-on schedule check
