[2026-05-05T19:33:18.198+0000] {taskinstance.py:1956} INFO - Dependencies all met for dep_context=non-requeueable deps ti=<TaskInstance: price_intelligence_pipeline.scrape_amazon scheduled__2026-05-05T18:00:00+00:00 [queued]>
[2026-05-05T19:33:18.215+0000] {taskinstance.py:1956} INFO - Dependencies all met for dep_context=requeueable deps ti=<TaskInstance: price_intelligence_pipeline.scrape_amazon scheduled__2026-05-05T18:00:00+00:00 [queued]>
[2026-05-05T19:33:18.216+0000] {taskinstance.py:2170} INFO - Starting attempt 1 of 3
[2026-05-05T19:33:18.243+0000] {taskinstance.py:2191} INFO - Executing <Task(BashOperator): scrape_amazon> on 2026-05-05 18:00:00+00:00
[2026-05-05T19:33:18.255+0000] {standard_task_runner.py:60} INFO - Started process 216 to run task
[2026-05-05T19:33:18.263+0000] {standard_task_runner.py:87} INFO - Running: ['***', 'tasks', 'run', 'price_intelligence_pipeline', 'scrape_amazon', 'scheduled__2026-05-05T18:00:00+00:00', '--job-id', '179', '--raw', '--subdir', 'DAGS_FOLDER/price_intelligence_dag.py', '--cfg-path', '/tmp/tmpnuotjz92']
[2026-05-05T19:33:18.277+0000] {standard_task_runner.py:88} INFO - Job 179: Subtask scrape_amazon
[2026-05-05T19:33:18.459+0000] {task_command.py:423} INFO - Running <TaskInstance: price_intelligence_pipeline.scrape_amazon scheduled__2026-05-05T18:00:00+00:00 [running]> on host 25ef6dfa8bdc
[2026-05-05T19:33:18.754+0000] {taskinstance.py:2480} INFO - Exporting env vars: AIRFLOW_CTX_DAG_OWNER='***' AIRFLOW_CTX_DAG_ID='price_intelligence_pipeline' AIRFLOW_CTX_TASK_ID='scrape_amazon' AIRFLOW_CTX_EXECUTION_DATE='2026-05-05T18:00:00+00:00' AIRFLOW_CTX_TRY_NUMBER='1' AIRFLOW_CTX_DAG_RUN_ID='scheduled__2026-05-05T18:00:00+00:00'
[2026-05-05T19:33:18.763+0000] {subprocess.py:63} INFO - Tmp dir root location: /tmp
[2026-05-05T19:33:18.770+0000] {subprocess.py:75} INFO - Running command: ['/usr/bin/bash', '-c', '\n            set -e\n            cd /opt/***\n            mkdir -p data/raw\n            scrapy crawl amazon_ma -o data/raw/amazon_ma.json --overwrite-output -s LOG_LEVEL=WARNING -s ROBOTSTXT_OBEY=False -s DOWNLOAD_DELAY=3 -s RETRY_TIMES=5\n            echo Amazon done\n        ']
[2026-05-05T19:33:18.820+0000] {subprocess.py:86} INFO - Output:
[2026-05-05T19:33:18.853+0000] {subprocess.py:93} INFO - /usr/bin/bash: line 5: scrapy: command not found
[2026-05-05T19:33:18.861+0000] {subprocess.py:97} INFO - Command exited with return code 127
[2026-05-05T19:33:18.939+0000] {taskinstance.py:2698} ERROR - Task failed with exception
Traceback (most recent call last):
  File "/home/airflow/.local/lib/python3.8/site-packages/airflow/models/taskinstance.py", line 428, in _execute_task
    result = execute_callable(context=context, **execute_callable_kwargs)
  File "/home/airflow/.local/lib/python3.8/site-packages/airflow/operators/bash.py", line 212, in execute
    raise AirflowException(
airflow.exceptions.AirflowException: Bash command failed. The command returned a non-zero exit code 127.
[2026-05-05T19:33:18.951+0000] {taskinstance.py:1138} INFO - Marking task as UP_FOR_RETRY. dag_id=price_intelligence_pipeline, task_id=scrape_amazon, execution_date=20260505T180000, start_date=20260505T193318, end_date=20260505T193318
[2026-05-05T19:33:19.044+0000] {standard_task_runner.py:107} ERROR - Failed to execute job 179 for task scrape_amazon (Bash command failed. The command returned a non-zero exit code 127.; 216)
[2026-05-05T19:33:19.084+0000] {local_task_job_runner.py:234} INFO - Task exited with return code 1
[2026-05-05T19:33:19.318+0000] {taskinstance.py:3280} INFO - 0 downstream tasks scheduled from follow-on schedule check
