[2026-05-05T20:02:58.194+0000] {taskinstance.py:1956} INFO - Dependencies all met for dep_context=non-requeueable deps ti=<TaskInstance: price_intelligence_pipeline.load_bigtable manual__2026-05-05T20:02:11.709395+00:00 [queued]>
[2026-05-05T20:02:58.215+0000] {taskinstance.py:1956} INFO - Dependencies all met for dep_context=requeueable deps ti=<TaskInstance: price_intelligence_pipeline.load_bigtable manual__2026-05-05T20:02:11.709395+00:00 [queued]>
[2026-05-05T20:02:58.216+0000] {taskinstance.py:2170} INFO - Starting attempt 1 of 3
[2026-05-05T20:02:58.252+0000] {taskinstance.py:2191} INFO - Executing <Task(PythonOperator): load_bigtable> on 2026-05-05 20:02:11.709395+00:00
[2026-05-05T20:02:58.264+0000] {standard_task_runner.py:60} INFO - Started process 1822 to run task
[2026-05-05T20:02:58.274+0000] {standard_task_runner.py:87} INFO - Running: ['***', 'tasks', 'run', 'price_intelligence_pipeline', 'load_bigtable', 'manual__2026-05-05T20:02:11.709395+00:00', '--job-id', '261', '--raw', '--subdir', 'DAGS_FOLDER/price_intelligence_dag_BACKUP.py', '--cfg-path', '/tmp/tmpgnjazkys']
[2026-05-05T20:02:58.279+0000] {standard_task_runner.py:88} INFO - Job 261: Subtask load_bigtable
[2026-05-05T20:02:58.466+0000] {task_command.py:423} INFO - Running <TaskInstance: price_intelligence_pipeline.load_bigtable manual__2026-05-05T20:02:11.709395+00:00 [running]> on host 25ef6dfa8bdc
[2026-05-05T20:02:58.745+0000] {taskinstance.py:2480} INFO - Exporting env vars: AIRFLOW_CTX_DAG_OWNER='price_intelligence' AIRFLOW_CTX_DAG_ID='price_intelligence_pipeline' AIRFLOW_CTX_TASK_ID='load_bigtable' AIRFLOW_CTX_EXECUTION_DATE='2026-05-05T20:02:11.709395+00:00' AIRFLOW_CTX_TRY_NUMBER='1' AIRFLOW_CTX_DAG_RUN_ID='manual__2026-05-05T20:02:11.709395+00:00'
[2026-05-05T20:02:58.767+0000] {_default.py:683} WARNING - No project ID could be determined. Consider running `gcloud config set project` or setting the GOOGLE_CLOUD_PROJECT environment variable
[2026-05-05T20:02:58.947+0000] {logging_mixin.py:188} INFO - 📦 Traitement jumia_ma: 4803 produits...
[2026-05-05T20:03:34.882+0000] {logging_mixin.py:188} INFO -   ✅ Batch de 500 produits envoyé!
[2026-05-05T20:03:59.897+0000] {logging_mixin.py:188} INFO -   ✅ Batch de 500 produits envoyé!
[2026-05-05T20:04:16.549+0000] {logging_mixin.py:188} INFO -   ✅ Batch de 500 produits envoyé!
[2026-05-05T20:04:29.249+0000] {logging_mixin.py:188} INFO -   ✅ Batch de 500 produits envoyé!
[2026-05-05T20:04:47.658+0000] {logging_mixin.py:188} INFO -   ✅ Batch de 500 produits envoyé!
[2026-05-05T20:05:11.322+0000] {logging_mixin.py:188} INFO -   ✅ Batch de 500 produits envoyé!
[2026-05-05T20:05:35.745+0000] {logging_mixin.py:188} INFO -   ✅ Batch de 500 produits envoyé!
[2026-05-05T20:05:55.417+0000] {logging_mixin.py:188} INFO -   ✅ Batch de 500 produits envoyé!
[2026-05-05T20:06:07.333+0000] {logging_mixin.py:188} INFO -   ✅ Batch de 500 produits envoyé!
[2026-05-05T20:06:07.629+0000] {logging_mixin.py:188} INFO - 📦 Traitement avito_ma: 1710 produits...
[2026-05-05T20:06:18.876+0000] {logging_mixin.py:188} INFO -   ✅ Batch de 500 produits envoyé!
[2026-05-05T20:06:30.089+0000] {logging_mixin.py:188} INFO -   ✅ Batch de 500 produits envoyé!
[2026-05-05T20:06:40.404+0000] {logging_mixin.py:188} INFO -   ✅ Batch de 500 produits envoyé!
[2026-05-05T20:06:47.999+0000] {logging_mixin.py:188} INFO -   ✅ Batch de 500 produits envoyé!
[2026-05-05T20:06:48.027+0000] {logging_mixin.py:188} INFO - 📦 Traitement amazon_ma: 794 produits...
[2026-05-05T20:07:05.723+0000] {logging_mixin.py:188} INFO -   ✅ Batch de 500 produits envoyé!
[2026-05-05T20:07:06.034+0000] {logging_mixin.py:188} INFO - 📦 Traitement electroplanet_ma: 179 produits...
[2026-05-05T20:07:20.801+0000] {logging_mixin.py:188} INFO -   ✅ Batch de 486 produits envoyé!
[2026-05-05T20:07:20.801+0000] {logging_mixin.py:188} INFO - 
✅ TOTAL: 7486 produits chargés dans Bigtable!
[2026-05-05T20:07:20.802+0000] {logging_mixin.py:188} INFO -    Column families: price_cf ✅ metadata_cf ✅ agg_cf ✅
[2026-05-05T20:07:20.803+0000] {logging_mixin.py:188} INFO -    Row key format: product_id#timestamp ✅
[2026-05-05T20:07:20.807+0000] {python.py:201} INFO - Done. Returned value was: 7486
[2026-05-05T20:07:20.854+0000] {taskinstance.py:1138} INFO - Marking task as SUCCESS. dag_id=price_intelligence_pipeline, task_id=load_bigtable, execution_date=20260505T200211, start_date=20260505T200258, end_date=20260505T200720
[2026-05-05T20:07:20.903+0000] {local_task_job_runner.py:234} INFO - Task exited with return code 0
[2026-05-05T20:07:20.933+0000] {taskinstance.py:3280} INFO - 0 downstream tasks scheduled from follow-on schedule check
