[2026-05-07T16:00:04.736+0000] {taskinstance.py:1956} INFO - Dependencies all met for dep_context=non-requeueable deps ti=<TaskInstance: price_intelligence_pipeline.scrape_amazon scheduled__2026-05-07T15:00:00+00:00 [queued]>
[2026-05-07T16:00:04.858+0000] {taskinstance.py:1956} INFO - Dependencies all met for dep_context=requeueable deps ti=<TaskInstance: price_intelligence_pipeline.scrape_amazon scheduled__2026-05-07T15:00:00+00:00 [queued]>
[2026-05-07T16:00:04.863+0000] {taskinstance.py:2170} INFO - Starting attempt 1 of 2
[2026-05-07T16:00:04.982+0000] {taskinstance.py:2191} INFO - Executing <Task(BashOperator): scrape_amazon> on 2026-05-07 15:00:00+00:00
[2026-05-07T16:00:05.064+0000] {standard_task_runner.py:60} INFO - Started process 29253 to run task
[2026-05-07T16:00:05.070+0000] {standard_task_runner.py:87} INFO - Running: ['***', 'tasks', 'run', 'price_intelligence_pipeline', 'scrape_amazon', 'scheduled__2026-05-07T15:00:00+00:00', '--job-id', '680', '--raw', '--subdir', 'DAGS_FOLDER/price_intelligence_dag.py', '--cfg-path', '/tmp/tmpg5hi0yit']
[2026-05-07T16:00:05.086+0000] {standard_task_runner.py:88} INFO - Job 680: Subtask scrape_amazon
[2026-05-07T16:00:05.956+0000] {task_command.py:423} INFO - Running <TaskInstance: price_intelligence_pipeline.scrape_amazon scheduled__2026-05-07T15:00:00+00:00 [running]> on host 25ef6dfa8bdc
[2026-05-07T16:00:06.957+0000] {taskinstance.py:2480} INFO - Exporting env vars: AIRFLOW_CTX_DAG_OWNER='***' AIRFLOW_CTX_DAG_ID='price_intelligence_pipeline' AIRFLOW_CTX_TASK_ID='scrape_amazon' AIRFLOW_CTX_EXECUTION_DATE='2026-05-07T15:00:00+00:00' AIRFLOW_CTX_TRY_NUMBER='1' AIRFLOW_CTX_DAG_RUN_ID='scheduled__2026-05-07T15:00:00+00:00'
[2026-05-07T16:00:06.963+0000] {subprocess.py:63} INFO - Tmp dir root location: /tmp
[2026-05-07T16:00:06.976+0000] {subprocess.py:75} INFO - Running command: ['/usr/bin/bash', '-c', '\n            cd /opt/***\n            mkdir -p data/raw\n            export DISPLAY=:99\n            python3 scrapers/spiders/amazon_ma.py || echo "Amazon done with warnings"\n        ']
[2026-05-07T16:00:07.062+0000] {subprocess.py:86} INFO - Output:
[2026-05-07T16:00:15.425+0000] {subprocess.py:93} INFO - Traceback (most recent call last):
[2026-05-07T16:00:15.430+0000] {subprocess.py:93} INFO -   File "/home/***/.local/lib/python3.8/site-packages/urllib3/connection.py", line 174, in _new_conn
[2026-05-07T16:00:15.446+0000] {subprocess.py:93} INFO -     conn = connection.create_connection(
[2026-05-07T16:00:15.460+0000] {subprocess.py:93} INFO -   File "/home/***/.local/lib/python3.8/site-packages/urllib3/util/connection.py", line 72, in create_connection
[2026-05-07T16:00:15.463+0000] {subprocess.py:93} INFO -     for res in socket.getaddrinfo(host, port, family, socket.SOCK_STREAM):
[2026-05-07T16:00:15.477+0000] {subprocess.py:93} INFO -   File "/usr/local/lib/python3.8/socket.py", line 918, in getaddrinfo
[2026-05-07T16:00:15.494+0000] {subprocess.py:93} INFO -     for res in _socket.getaddrinfo(host, port, family, type, proto, flags):
[2026-05-07T16:00:15.508+0000] {subprocess.py:93} INFO - socket.gaierror: [Errno -5] No address associated with hostname
[2026-05-07T16:00:15.512+0000] {subprocess.py:93} INFO - 
[2026-05-07T16:00:15.514+0000] {subprocess.py:93} INFO - During handling of the above exception, another exception occurred:
[2026-05-07T16:00:15.541+0000] {subprocess.py:93} INFO - 
[2026-05-07T16:00:15.542+0000] {subprocess.py:93} INFO - Traceback (most recent call last):
[2026-05-07T16:00:15.554+0000] {subprocess.py:93} INFO -   File "/home/***/.local/lib/python3.8/site-packages/urllib3/connectionpool.py", line 715, in urlopen
[2026-05-07T16:00:15.578+0000] {subprocess.py:93} INFO -     httplib_response = self._make_request(
[2026-05-07T16:00:15.587+0000] {subprocess.py:93} INFO -   File "/home/***/.local/lib/python3.8/site-packages/urllib3/connectionpool.py", line 404, in _make_request
[2026-05-07T16:00:15.597+0000] {subprocess.py:93} INFO -     self._validate_conn(conn)
[2026-05-07T16:00:15.604+0000] {subprocess.py:93} INFO -   File "/home/***/.local/lib/python3.8/site-packages/urllib3/connectionpool.py", line 1058, in _validate_conn
[2026-05-07T16:00:15.611+0000] {subprocess.py:93} INFO -     conn.connect()
[2026-05-07T16:00:15.623+0000] {subprocess.py:93} INFO -   File "/home/***/.local/lib/python3.8/site-packages/urllib3/connection.py", line 363, in connect
[2026-05-07T16:00:15.637+0000] {subprocess.py:93} INFO -     self.sock = conn = self._new_conn()
[2026-05-07T16:00:15.644+0000] {subprocess.py:93} INFO -   File "/home/***/.local/lib/python3.8/site-packages/urllib3/connection.py", line 186, in _new_conn
[2026-05-07T16:00:15.645+0000] {subprocess.py:93} INFO -     raise NewConnectionError(
[2026-05-07T16:00:15.646+0000] {subprocess.py:93} INFO - urllib3.exceptions.NewConnectionError: <urllib3.connection.HTTPSConnection object at 0x732582df83d0>: Failed to establish a new connection: [Errno -5] No address associated with hostname
[2026-05-07T16:00:15.662+0000] {subprocess.py:93} INFO - 
[2026-05-07T16:00:15.676+0000] {subprocess.py:93} INFO - During handling of the above exception, another exception occurred:
[2026-05-07T16:00:15.682+0000] {subprocess.py:93} INFO - 
[2026-05-07T16:00:15.693+0000] {subprocess.py:93} INFO - Traceback (most recent call last):
[2026-05-07T16:00:15.696+0000] {subprocess.py:93} INFO -   File "/home/***/.local/lib/python3.8/site-packages/requests/adapters.py", line 486, in send
[2026-05-07T16:00:15.697+0000] {subprocess.py:93} INFO -     resp = conn.urlopen(
[2026-05-07T16:00:15.698+0000] {subprocess.py:93} INFO -   File "/home/***/.local/lib/python3.8/site-packages/urllib3/connectionpool.py", line 799, in urlopen
[2026-05-07T16:00:15.710+0000] {subprocess.py:93} INFO -     retries = retries.increment(
[2026-05-07T16:00:15.712+0000] {subprocess.py:93} INFO -   File "/home/***/.local/lib/python3.8/site-packages/urllib3/util/retry.py", line 592, in increment
[2026-05-07T16:00:15.730+0000] {subprocess.py:93} INFO -     raise MaxRetryError(_pool, url, error or ResponseError(cause))
[2026-05-07T16:00:15.742+0000] {subprocess.py:93} INFO - urllib3.exceptions.MaxRetryError: HTTPSConnectionPool(host='chromedriver.storage.googleapis.com', port=443): Max retries exceeded with url: /LATEST_RELEASE (Caused by NewConnectionError('<urllib3.connection.HTTPSConnection object at 0x732582df83d0>: Failed to establish a new connection: [Errno -5] No address associated with hostname'))
[2026-05-07T16:00:15.750+0000] {subprocess.py:93} INFO - 
[2026-05-07T16:00:15.763+0000] {subprocess.py:93} INFO - During handling of the above exception, another exception occurred:
[2026-05-07T16:00:15.765+0000] {subprocess.py:93} INFO - 
[2026-05-07T16:00:15.779+0000] {subprocess.py:93} INFO - Traceback (most recent call last):
[2026-05-07T16:00:15.781+0000] {subprocess.py:93} INFO -   File "/home/***/.local/lib/python3.8/site-packages/webdriver_manager/core/http.py", line 32, in get
[2026-05-07T16:00:15.782+0000] {subprocess.py:93} INFO -     resp = requests.get(
[2026-05-07T16:00:15.797+0000] {subprocess.py:93} INFO -   File "/home/***/.local/lib/python3.8/site-packages/requests/api.py", line 73, in get
[2026-05-07T16:00:15.803+0000] {subprocess.py:93} INFO -     return request("get", url, params=params, **kwargs)
[2026-05-07T16:00:15.814+0000] {subprocess.py:93} INFO -   File "/home/***/.local/lib/python3.8/site-packages/requests/api.py", line 59, in request
[2026-05-07T16:00:15.816+0000] {subprocess.py:93} INFO -     return session.request(method=method, url=url, **kwargs)
[2026-05-07T16:00:15.826+0000] {subprocess.py:93} INFO -   File "/home/***/.local/lib/python3.8/site-packages/requests/sessions.py", line 589, in request
[2026-05-07T16:00:15.829+0000] {subprocess.py:93} INFO -     resp = self.send(prep, **send_kwargs)
[2026-05-07T16:00:15.851+0000] {subprocess.py:93} INFO -   File "/home/***/.local/lib/python3.8/site-packages/requests/sessions.py", line 703, in send
[2026-05-07T16:00:15.868+0000] {subprocess.py:93} INFO -     r = adapter.send(request, **kwargs)
[2026-05-07T16:00:15.876+0000] {subprocess.py:93} INFO -   File "/home/***/.local/lib/python3.8/site-packages/requests/adapters.py", line 519, in send
[2026-05-07T16:00:15.889+0000] {subprocess.py:93} INFO -     raise ConnectionError(e, request=request)
[2026-05-07T16:00:15.894+0000] {subprocess.py:93} INFO - requests.exceptions.ConnectionError: HTTPSConnectionPool(host='chromedriver.storage.googleapis.com', port=443): Max retries exceeded with url: /LATEST_RELEASE (Caused by NewConnectionError('<urllib3.connection.HTTPSConnection object at 0x732582df83d0>: Failed to establish a new connection: [Errno -5] No address associated with hostname'))
[2026-05-07T16:00:15.896+0000] {subprocess.py:93} INFO - 
[2026-05-07T16:00:15.913+0000] {subprocess.py:93} INFO - During handling of the above exception, another exception occurred:
[2026-05-07T16:00:15.914+0000] {subprocess.py:93} INFO - 
[2026-05-07T16:00:15.916+0000] {subprocess.py:93} INFO - Traceback (most recent call last):
[2026-05-07T16:00:15.929+0000] {subprocess.py:93} INFO -   File "scrapers/spiders/amazon_ma.py", line 147, in <module>
[2026-05-07T16:00:15.931+0000] {subprocess.py:93} INFO -     scrape_amazon()
[2026-05-07T16:00:15.942+0000] {subprocess.py:93} INFO -   File "scrapers/spiders/amazon_ma.py", line 55, in scrape_amazon
[2026-05-07T16:00:15.945+0000] {subprocess.py:93} INFO -     driver = get_driver()
[2026-05-07T16:00:15.961+0000] {subprocess.py:93} INFO -   File "scrapers/spiders/amazon_ma.py", line 47, in get_driver
[2026-05-07T16:00:15.964+0000] {subprocess.py:93} INFO -     driver = webdriver.Chrome(service=Service(ChromeDriverManager().install()), options=opts)
[2026-05-07T16:00:15.967+0000] {subprocess.py:93} INFO -   File "/home/***/.local/lib/python3.8/site-packages/webdriver_manager/chrome.py", line 40, in install
[2026-05-07T16:00:15.982+0000] {subprocess.py:93} INFO -     driver_path = self._get_driver_binary_path(self.driver)
[2026-05-07T16:00:16.001+0000] {subprocess.py:93} INFO -   File "/home/***/.local/lib/python3.8/site-packages/webdriver_manager/core/manager.py", line 40, in _get_driver_binary_path
[2026-05-07T16:00:16.006+0000] {subprocess.py:93} INFO -     file = self._download_manager.download_file(driver.get_driver_download_url(os_type))
[2026-05-07T16:00:16.008+0000] {subprocess.py:93} INFO -   File "/home/***/.local/lib/python3.8/site-packages/webdriver_manager/drivers/chrome.py", line 32, in get_driver_download_url
[2026-05-07T16:00:16.014+0000] {subprocess.py:93} INFO -     driver_version_to_download = self.get_driver_version_to_download()
[2026-05-07T16:00:16.015+0000] {subprocess.py:93} INFO -   File "/home/***/.local/lib/python3.8/site-packages/webdriver_manager/core/driver.py", line 48, in get_driver_version_to_download
[2026-05-07T16:00:16.027+0000] {subprocess.py:93} INFO -     return self.get_latest_release_version()
[2026-05-07T16:00:16.029+0000] {subprocess.py:93} INFO -   File "/home/***/.local/lib/python3.8/site-packages/webdriver_manager/drivers/chrome.py", line 70, in get_latest_release_version
[2026-05-07T16:00:16.042+0000] {subprocess.py:93} INFO -     resp = self._http_client.get(url=latest_release_url)
[2026-05-07T16:00:16.047+0000] {subprocess.py:93} INFO -   File "/home/***/.local/lib/python3.8/site-packages/webdriver_manager/core/http.py", line 35, in get
[2026-05-07T16:00:16.050+0000] {subprocess.py:93} INFO -     raise exceptions.ConnectionError(f"Could not reach host. Are you offline?")
[2026-05-07T16:00:16.063+0000] {subprocess.py:93} INFO - requests.exceptions.ConnectionError: Could not reach host. Are you offline?
[2026-05-07T16:00:16.066+0000] {subprocess.py:93} INFO - Amazon done with warnings
[2026-05-07T16:00:16.079+0000] {subprocess.py:97} INFO - Command exited with return code 0
[2026-05-07T16:00:16.301+0000] {taskinstance.py:1138} INFO - Marking task as SUCCESS. dag_id=price_intelligence_pipeline, task_id=scrape_amazon, execution_date=20260507T150000, start_date=20260507T160004, end_date=20260507T160016
[2026-05-07T16:00:16.565+0000] {local_task_job_runner.py:234} INFO - Task exited with return code 0
[2026-05-07T16:00:16.782+0000] {taskinstance.py:3280} INFO - 0 downstream tasks scheduled from follow-on schedule check
