[2026-05-15T14:07:37.292+0000] {taskinstance.py:1956} INFO - Dependencies all met for dep_context=non-requeueable deps ti=<TaskInstance: price_intelligence_pipeline.dbt_run scheduled__2026-05-15T11:00:00+00:00 [queued]>
[2026-05-15T14:07:37.315+0000] {taskinstance.py:1956} INFO - Dependencies all met for dep_context=requeueable deps ti=<TaskInstance: price_intelligence_pipeline.dbt_run scheduled__2026-05-15T11:00:00+00:00 [queued]>
[2026-05-15T14:07:37.325+0000] {taskinstance.py:2170} INFO - Starting attempt 1 of 2
[2026-05-15T14:07:37.370+0000] {taskinstance.py:2191} INFO - Executing <Task(BashOperator): dbt_run> on 2026-05-15 11:00:00+00:00
[2026-05-15T14:07:37.382+0000] {standard_task_runner.py:60} INFO - Started process 27953 to run task
[2026-05-15T14:07:37.390+0000] {standard_task_runner.py:87} INFO - Running: ['***', 'tasks', 'run', 'price_intelligence_pipeline', 'dbt_run', 'scheduled__2026-05-15T11:00:00+00:00', '--job-id', '1200', '--raw', '--subdir', 'DAGS_FOLDER/price_intelligence_dag.py', '--cfg-path', '/tmp/tmp5o3l_2ge']
[2026-05-15T14:07:37.395+0000] {standard_task_runner.py:88} INFO - Job 1200: Subtask dbt_run
[2026-05-15T14:07:37.598+0000] {task_command.py:423} INFO - Running <TaskInstance: price_intelligence_pipeline.dbt_run scheduled__2026-05-15T11:00:00+00:00 [running]> on host 91e0d3a0a233
[2026-05-15T14:07:37.869+0000] {taskinstance.py:2480} INFO - Exporting env vars: AIRFLOW_CTX_DAG_OWNER='***' AIRFLOW_CTX_DAG_ID='price_intelligence_pipeline' AIRFLOW_CTX_TASK_ID='dbt_run' AIRFLOW_CTX_EXECUTION_DATE='2026-05-15T11:00:00+00:00' AIRFLOW_CTX_TRY_NUMBER='1' AIRFLOW_CTX_DAG_RUN_ID='scheduled__2026-05-15T11:00:00+00:00'
[2026-05-15T14:07:37.875+0000] {subprocess.py:63} INFO - Tmp dir root location: /tmp
[2026-05-15T14:07:37.878+0000] {subprocess.py:75} INFO - Running command: ['/usr/bin/bash', '-c', '\n            set -e\n            cd /opt/***/dbt\n            export GOOGLE_APPLICATION_CREDENTIALS=/opt/***/gcp-credentials-new.json\n            /home/***/.local/bin/dbt run --full-refresh --profiles-dir . --project-dir .\n            echo dbt done\n        ']
[2026-05-15T14:07:37.901+0000] {subprocess.py:86} INFO - Output:
[2026-05-15T14:07:45.177+0000] {subprocess.py:93} INFO - [0m14:07:45  Running with dbt=1.8.7
[2026-05-15T14:07:49.073+0000] {subprocess.py:93} INFO - [0m14:07:49  Registered adapter: bigquery=1.8.3
[2026-05-15T14:07:53.743+0000] {subprocess.py:93} INFO - [0m14:07:53  Found 3 models, 1 seed, 7 data tests, 1 source, 479 macros
[2026-05-15T14:07:53.768+0000] {subprocess.py:93} INFO - [0m14:07:53
[2026-05-15T14:07:56.957+0000] {subprocess.py:93} INFO - [0m14:07:56  Concurrency: 4 threads (target='dev')
[2026-05-15T14:07:56.964+0000] {subprocess.py:93} INFO - [0m14:07:56
[2026-05-15T14:07:57.067+0000] {subprocess.py:93} INFO - [0m14:07:57  1 of 3 START sql view model price_intelligence_dbt.stg_prices .................. [RUN]
[2026-05-15T14:08:02.525+0000] {subprocess.py:93} INFO - [0m14:08:02  1 of 3 OK created sql view model price_intelligence_dbt.stg_prices ............. [[32mCREATE VIEW (0 processed)[0m in 5.44s]
[2026-05-15T14:08:02.552+0000] {subprocess.py:93} INFO - [0m14:08:02  2 of 3 START sql table model price_intelligence_dbt.prices_cleaned ............. [RUN]
[2026-05-15T14:08:08.023+0000] {subprocess.py:93} INFO - [0m14:08:08  2 of 3 OK created sql table model price_intelligence_dbt.prices_cleaned ........ [[32mCREATE TABLE (5.0k rows, 2.6 MiB processed)[0m in 5.45s]
[2026-05-15T14:08:08.044+0000] {subprocess.py:93} INFO - [0m14:08:08  3 of 3 START sql table model price_intelligence_dbt.prices_aggregated .......... [RUN]
[2026-05-15T14:08:14.462+0000] {subprocess.py:93} INFO - [0m14:08:14  3 of 3 OK created sql table model price_intelligence_dbt.prices_aggregated ..... [[32mCREATE TABLE (11.0 rows, 231.8 KiB processed)[0m in 6.41s]
[2026-05-15T14:08:14.490+0000] {subprocess.py:93} INFO - [0m14:08:14
[2026-05-15T14:08:14.492+0000] {subprocess.py:93} INFO - [0m14:08:14  Finished running 1 view model, 2 table models in 0 hours 0 minutes and 20.71 seconds (20.71s).
[2026-05-15T14:08:14.824+0000] {subprocess.py:93} INFO - [0m14:08:14
[2026-05-15T14:08:14.833+0000] {subprocess.py:93} INFO - [0m14:08:14  [32mCompleted successfully[0m
[2026-05-15T14:08:14.836+0000] {subprocess.py:93} INFO - [0m14:08:14
[2026-05-15T14:08:14.838+0000] {subprocess.py:93} INFO - [0m14:08:14  Done. PASS=3 WARN=0 ERROR=0 SKIP=0 TOTAL=3
[2026-05-15T14:08:20.148+0000] {subprocess.py:93} INFO - dbt done
[2026-05-15T14:08:20.181+0000] {subprocess.py:97} INFO - Command exited with return code 0
[2026-05-15T14:08:20.306+0000] {taskinstance.py:1138} INFO - Marking task as SUCCESS. dag_id=price_intelligence_pipeline, task_id=dbt_run, execution_date=20260515T110000, start_date=20260515T140737, end_date=20260515T140820
[2026-05-15T14:08:20.418+0000] {local_task_job_runner.py:234} INFO - Task exited with return code 0
[2026-05-15T14:08:20.536+0000] {taskinstance.py:3280} INFO - 1 downstream tasks scheduled from follow-on schedule check
