[2026-05-07T14:00:03.051+0000] {taskinstance.py:1956} INFO - Dependencies all met for dep_context=non-requeueable deps ti=<TaskInstance: price_intelligence_pipeline.scrape_electroplanet scheduled__2026-05-07T13:00:00+00:00 [queued]>
[2026-05-07T14:00:03.106+0000] {taskinstance.py:1956} INFO - Dependencies all met for dep_context=requeueable deps ti=<TaskInstance: price_intelligence_pipeline.scrape_electroplanet scheduled__2026-05-07T13:00:00+00:00 [queued]>
[2026-05-07T14:00:03.109+0000] {taskinstance.py:2170} INFO - Starting attempt 1 of 2
[2026-05-07T14:00:03.201+0000] {taskinstance.py:2191} INFO - Executing <Task(BashOperator): scrape_electroplanet> on 2026-05-07 13:00:00+00:00
[2026-05-07T14:00:03.284+0000] {standard_task_runner.py:60} INFO - Started process 26353 to run task
[2026-05-07T14:00:03.402+0000] {standard_task_runner.py:87} INFO - Running: ['***', 'tasks', 'run', 'price_intelligence_pipeline', 'scrape_electroplanet', 'scheduled__2026-05-07T13:00:00+00:00', '--job-id', '663', '--raw', '--subdir', 'DAGS_FOLDER/price_intelligence_dag.py', '--cfg-path', '/tmp/tmpb1hbeqb_']
[2026-05-07T14:00:03.429+0000] {standard_task_runner.py:88} INFO - Job 663: Subtask scrape_electroplanet
[2026-05-07T14:00:03.795+0000] {task_command.py:423} INFO - Running <TaskInstance: price_intelligence_pipeline.scrape_electroplanet scheduled__2026-05-07T13:00:00+00:00 [running]> on host 25ef6dfa8bdc
[2026-05-07T14:00:04.225+0000] {taskinstance.py:2480} INFO - Exporting env vars: AIRFLOW_CTX_DAG_OWNER='***' AIRFLOW_CTX_DAG_ID='price_intelligence_pipeline' AIRFLOW_CTX_TASK_ID='scrape_electroplanet' AIRFLOW_CTX_EXECUTION_DATE='2026-05-07T13:00:00+00:00' AIRFLOW_CTX_TRY_NUMBER='1' AIRFLOW_CTX_DAG_RUN_ID='scheduled__2026-05-07T13:00:00+00:00'
[2026-05-07T14:00:04.229+0000] {subprocess.py:63} INFO - Tmp dir root location: /tmp
[2026-05-07T14:00:04.243+0000] {subprocess.py:75} INFO - Running command: ['/usr/bin/bash', '-c', '\n            cd /opt/***\n            mkdir -p data/raw\n            export DISPLAY=:99\n            python3 scrapers/spiders/electroplanet_ma.py || echo "Electroplanet done with warnings"\n        ']
[2026-05-07T14:00:04.291+0000] {subprocess.py:86} INFO - Output:
[2026-05-07T14:00:10.713+0000] {subprocess.py:93} INFO - 
[2026-05-07T14:00:10.740+0000] {subprocess.py:93} INFO - [Electroplanet] Scraping : smartphones
[2026-05-07T14:00:10.856+0000] {subprocess.py:93} INFO - Traceback (most recent call last):
[2026-05-07T14:00:10.888+0000] {subprocess.py:93} INFO -   File "/home/***/.local/lib/python3.8/site-packages/urllib3/connection.py", line 174, in _new_conn
[2026-05-07T14:00:10.904+0000] {subprocess.py:93} INFO -     conn = connection.create_connection(
[2026-05-07T14:00:10.951+0000] {subprocess.py:93} INFO -   File "/home/***/.local/lib/python3.8/site-packages/urllib3/util/connection.py", line 72, in create_connection
[2026-05-07T14:00:10.999+0000] {subprocess.py:93} INFO -     for res in socket.getaddrinfo(host, port, family, socket.SOCK_STREAM):
[2026-05-07T14:00:11.031+0000] {subprocess.py:93} INFO -   File "/usr/local/lib/python3.8/socket.py", line 918, in getaddrinfo
[2026-05-07T14:00:11.063+0000] {subprocess.py:93} INFO -     for res in _socket.getaddrinfo(host, port, family, type, proto, flags):
[2026-05-07T14:00:11.095+0000] {subprocess.py:93} INFO - socket.gaierror: [Errno -5] No address associated with hostname
[2026-05-07T14:00:11.121+0000] {subprocess.py:93} INFO - 
[2026-05-07T14:00:11.133+0000] {subprocess.py:93} INFO - During handling of the above exception, another exception occurred:
[2026-05-07T14:00:11.161+0000] {subprocess.py:93} INFO - 
[2026-05-07T14:00:11.170+0000] {subprocess.py:93} INFO - Traceback (most recent call last):
[2026-05-07T14:00:11.199+0000] {subprocess.py:93} INFO -   File "/home/***/.local/lib/python3.8/site-packages/urllib3/connectionpool.py", line 715, in urlopen
[2026-05-07T14:00:11.226+0000] {subprocess.py:93} INFO -     httplib_response = self._make_request(
[2026-05-07T14:00:11.229+0000] {subprocess.py:93} INFO -   File "/home/***/.local/lib/python3.8/site-packages/urllib3/connectionpool.py", line 404, in _make_request
[2026-05-07T14:00:11.241+0000] {subprocess.py:93} INFO -     self._validate_conn(conn)
[2026-05-07T14:00:11.247+0000] {subprocess.py:93} INFO -   File "/home/***/.local/lib/python3.8/site-packages/urllib3/connectionpool.py", line 1058, in _validate_conn
[2026-05-07T14:00:11.249+0000] {subprocess.py:93} INFO -     conn.connect()
[2026-05-07T14:00:11.251+0000] {subprocess.py:93} INFO -   File "/home/***/.local/lib/python3.8/site-packages/urllib3/connection.py", line 363, in connect
[2026-05-07T14:00:11.261+0000] {subprocess.py:93} INFO -     self.sock = conn = self._new_conn()
[2026-05-07T14:00:11.277+0000] {subprocess.py:93} INFO -   File "/home/***/.local/lib/python3.8/site-packages/urllib3/connection.py", line 186, in _new_conn
[2026-05-07T14:00:11.284+0000] {subprocess.py:93} INFO -     raise NewConnectionError(
[2026-05-07T14:00:11.287+0000] {subprocess.py:93} INFO - urllib3.exceptions.NewConnectionError: <urllib3.connection.HTTPSConnection object at 0x757d659c9580>: Failed to establish a new connection: [Errno -5] No address associated with hostname
[2026-05-07T14:00:11.289+0000] {subprocess.py:93} INFO - 
[2026-05-07T14:00:11.291+0000] {subprocess.py:93} INFO - During handling of the above exception, another exception occurred:
[2026-05-07T14:00:11.308+0000] {subprocess.py:93} INFO - 
[2026-05-07T14:00:11.314+0000] {subprocess.py:93} INFO - Traceback (most recent call last):
[2026-05-07T14:00:11.315+0000] {subprocess.py:93} INFO -   File "/home/***/.local/lib/python3.8/site-packages/requests/adapters.py", line 486, in send
[2026-05-07T14:00:11.317+0000] {subprocess.py:93} INFO -     resp = conn.urlopen(
[2026-05-07T14:00:11.321+0000] {subprocess.py:93} INFO -   File "/home/***/.local/lib/python3.8/site-packages/urllib3/connectionpool.py", line 799, in urlopen
[2026-05-07T14:00:11.325+0000] {subprocess.py:93} INFO -     retries = retries.increment(
[2026-05-07T14:00:11.326+0000] {subprocess.py:93} INFO -   File "/home/***/.local/lib/python3.8/site-packages/urllib3/util/retry.py", line 592, in increment
[2026-05-07T14:00:11.332+0000] {subprocess.py:93} INFO -     raise MaxRetryError(_pool, url, error or ResponseError(cause))
[2026-05-07T14:00:11.358+0000] {subprocess.py:93} INFO - urllib3.exceptions.MaxRetryError: HTTPSConnectionPool(host='chromedriver.storage.googleapis.com', port=443): Max retries exceeded with url: /LATEST_RELEASE (Caused by NewConnectionError('<urllib3.connection.HTTPSConnection object at 0x757d659c9580>: Failed to establish a new connection: [Errno -5] No address associated with hostname'))
[2026-05-07T14:00:11.365+0000] {subprocess.py:93} INFO - 
[2026-05-07T14:00:11.374+0000] {subprocess.py:93} INFO - During handling of the above exception, another exception occurred:
[2026-05-07T14:00:11.381+0000] {subprocess.py:93} INFO - 
[2026-05-07T14:00:11.413+0000] {subprocess.py:93} INFO - Traceback (most recent call last):
[2026-05-07T14:00:11.417+0000] {subprocess.py:93} INFO -   File "/home/***/.local/lib/python3.8/site-packages/webdriver_manager/core/http.py", line 32, in get
[2026-05-07T14:00:11.435+0000] {subprocess.py:93} INFO -     resp = requests.get(
[2026-05-07T14:00:11.443+0000] {subprocess.py:93} INFO -   File "/home/***/.local/lib/python3.8/site-packages/requests/api.py", line 73, in get
[2026-05-07T14:00:11.451+0000] {subprocess.py:93} INFO -     return request("get", url, params=params, **kwargs)
[2026-05-07T14:00:11.466+0000] {subprocess.py:93} INFO -   File "/home/***/.local/lib/python3.8/site-packages/requests/api.py", line 59, in request
[2026-05-07T14:00:11.482+0000] {subprocess.py:93} INFO -     return session.request(method=method, url=url, **kwargs)
[2026-05-07T14:00:11.498+0000] {subprocess.py:93} INFO -   File "/home/***/.local/lib/python3.8/site-packages/requests/sessions.py", line 589, in request
[2026-05-07T14:00:11.499+0000] {subprocess.py:93} INFO -     resp = self.send(prep, **send_kwargs)
[2026-05-07T14:00:11.500+0000] {subprocess.py:93} INFO -   File "/home/***/.local/lib/python3.8/site-packages/requests/sessions.py", line 703, in send
[2026-05-07T14:00:11.514+0000] {subprocess.py:93} INFO -     r = adapter.send(request, **kwargs)
[2026-05-07T14:00:11.518+0000] {subprocess.py:93} INFO -   File "/home/***/.local/lib/python3.8/site-packages/requests/adapters.py", line 519, in send
[2026-05-07T14:00:11.537+0000] {subprocess.py:93} INFO -     raise ConnectionError(e, request=request)
[2026-05-07T14:00:11.543+0000] {subprocess.py:93} INFO - requests.exceptions.ConnectionError: HTTPSConnectionPool(host='chromedriver.storage.googleapis.com', port=443): Max retries exceeded with url: /LATEST_RELEASE (Caused by NewConnectionError('<urllib3.connection.HTTPSConnection object at 0x757d659c9580>: Failed to establish a new connection: [Errno -5] No address associated with hostname'))
[2026-05-07T14:00:11.547+0000] {subprocess.py:93} INFO - 
[2026-05-07T14:00:11.588+0000] {subprocess.py:93} INFO - During handling of the above exception, another exception occurred:
[2026-05-07T14:00:11.608+0000] {subprocess.py:93} INFO - 
[2026-05-07T14:00:11.624+0000] {subprocess.py:93} INFO - Traceback (most recent call last):
[2026-05-07T14:00:11.640+0000] {subprocess.py:93} INFO -   File "scrapers/spiders/electroplanet_ma.py", line 162, in <module>
[2026-05-07T14:00:11.642+0000] {subprocess.py:93} INFO -     scrape_electroplanet()
[2026-05-07T14:00:11.655+0000] {subprocess.py:93} INFO -   File "scrapers/spiders/electroplanet_ma.py", line 73, in scrape_electroplanet
[2026-05-07T14:00:11.658+0000] {subprocess.py:93} INFO -     driver = get_driver()
[2026-05-07T14:00:11.659+0000] {subprocess.py:93} INFO -   File "scrapers/spiders/electroplanet_ma.py", line 63, in get_driver
[2026-05-07T14:00:11.671+0000] {subprocess.py:93} INFO -     return webdriver.Chrome(service=Service(ChromeDriverManager().install()), options=opts)
[2026-05-07T14:00:11.675+0000] {subprocess.py:93} INFO -   File "/home/***/.local/lib/python3.8/site-packages/webdriver_manager/chrome.py", line 40, in install
[2026-05-07T14:00:11.693+0000] {subprocess.py:93} INFO -     driver_path = self._get_driver_binary_path(self.driver)
[2026-05-07T14:00:11.708+0000] {subprocess.py:93} INFO -   File "/home/***/.local/lib/python3.8/site-packages/webdriver_manager/core/manager.py", line 40, in _get_driver_binary_path
[2026-05-07T14:00:11.711+0000] {subprocess.py:93} INFO -     file = self._download_manager.download_file(driver.get_driver_download_url(os_type))
[2026-05-07T14:00:11.724+0000] {subprocess.py:93} INFO -   File "/home/***/.local/lib/python3.8/site-packages/webdriver_manager/drivers/chrome.py", line 32, in get_driver_download_url
[2026-05-07T14:00:11.729+0000] {subprocess.py:93} INFO -     driver_version_to_download = self.get_driver_version_to_download()
[2026-05-07T14:00:11.730+0000] {subprocess.py:93} INFO -   File "/home/***/.local/lib/python3.8/site-packages/webdriver_manager/core/driver.py", line 48, in get_driver_version_to_download
[2026-05-07T14:00:11.741+0000] {subprocess.py:93} INFO -     return self.get_latest_release_version()
[2026-05-07T14:00:11.745+0000] {subprocess.py:93} INFO -   File "/home/***/.local/lib/python3.8/site-packages/webdriver_manager/drivers/chrome.py", line 70, in get_latest_release_version
[2026-05-07T14:00:11.746+0000] {subprocess.py:93} INFO -     resp = self._http_client.get(url=latest_release_url)
[2026-05-07T14:00:11.747+0000] {subprocess.py:93} INFO -   File "/home/***/.local/lib/python3.8/site-packages/webdriver_manager/core/http.py", line 35, in get
[2026-05-07T14:00:11.748+0000] {subprocess.py:93} INFO -     raise exceptions.ConnectionError(f"Could not reach host. Are you offline?")
[2026-05-07T14:00:11.749+0000] {subprocess.py:93} INFO - requests.exceptions.ConnectionError: Could not reach host. Are you offline?
[2026-05-07T14:00:11.751+0000] {subprocess.py:93} INFO - Electroplanet done with warnings
[2026-05-07T14:00:11.768+0000] {subprocess.py:97} INFO - Command exited with return code 0
[2026-05-07T14:00:12.121+0000] {taskinstance.py:1138} INFO - Marking task as SUCCESS. dag_id=price_intelligence_pipeline, task_id=scrape_electroplanet, execution_date=20260507T130000, start_date=20260507T140003, end_date=20260507T140012
[2026-05-07T14:00:12.344+0000] {local_task_job_runner.py:234} INFO - Task exited with return code 0
[2026-05-07T14:00:12.860+0000] {taskinstance.py:3280} INFO - 0 downstream tasks scheduled from follow-on schedule check
