[2026-05-07T21:57:22.146+0000] {taskinstance.py:1956} INFO - Dependencies all met for dep_context=non-requeueable deps ti=<TaskInstance: price_intelligence_pipeline.scrape_amazon scheduled__2026-05-07T20:00:00+00:00 [queued]>
[2026-05-07T21:57:22.173+0000] {taskinstance.py:1956} INFO - Dependencies all met for dep_context=requeueable deps ti=<TaskInstance: price_intelligence_pipeline.scrape_amazon scheduled__2026-05-07T20:00:00+00:00 [queued]>
[2026-05-07T21:57:22.175+0000] {taskinstance.py:2170} INFO - Starting attempt 1 of 2
[2026-05-07T21:57:22.330+0000] {taskinstance.py:2191} INFO - Executing <Task(BashOperator): scrape_amazon> on 2026-05-07 20:00:00+00:00
[2026-05-07T21:57:22.364+0000] {standard_task_runner.py:60} INFO - Started process 415 to run task
[2026-05-07T21:57:22.415+0000] {standard_task_runner.py:87} INFO - Running: ['***', 'tasks', 'run', 'price_intelligence_pipeline', 'scrape_amazon', 'scheduled__2026-05-07T20:00:00+00:00', '--job-id', '697', '--raw', '--subdir', 'DAGS_FOLDER/price_intelligence_dag.py', '--cfg-path', '/tmp/tmpzb7lmp56']
[2026-05-07T21:57:22.431+0000] {standard_task_runner.py:88} INFO - Job 697: Subtask scrape_amazon
[2026-05-07T21:57:22.935+0000] {task_command.py:423} INFO - Running <TaskInstance: price_intelligence_pipeline.scrape_amazon scheduled__2026-05-07T20:00:00+00:00 [running]> on host 25ef6dfa8bdc
[2026-05-07T21:57:23.768+0000] {taskinstance.py:2480} INFO - Exporting env vars: AIRFLOW_CTX_DAG_OWNER='***' AIRFLOW_CTX_DAG_ID='price_intelligence_pipeline' AIRFLOW_CTX_TASK_ID='scrape_amazon' AIRFLOW_CTX_EXECUTION_DATE='2026-05-07T20:00:00+00:00' AIRFLOW_CTX_TRY_NUMBER='1' AIRFLOW_CTX_DAG_RUN_ID='scheduled__2026-05-07T20:00:00+00:00'
[2026-05-07T21:57:23.775+0000] {subprocess.py:63} INFO - Tmp dir root location: /tmp
[2026-05-07T21:57:23.783+0000] {subprocess.py:75} INFO - Running command: ['/usr/bin/bash', '-c', '\n            cd /opt/***\n            mkdir -p data/raw\n            export DISPLAY=:99\n            python3 scrapers/spiders/amazon_ma.py || echo "Amazon done with warnings"\n        ']
[2026-05-07T21:57:23.836+0000] {subprocess.py:86} INFO - Output:
[2026-05-07T21:57:50.232+0000] {subprocess.py:93} INFO - Traceback (most recent call last):
[2026-05-07T21:57:50.244+0000] {subprocess.py:93} INFO -   File "/home/***/.local/lib/python3.8/site-packages/webdriver_manager/core/file_manager.py", line 65, in __extract_zip
[2026-05-07T21:57:50.257+0000] {subprocess.py:93} INFO -     archive.extractall(to_directory)
[2026-05-07T21:57:50.260+0000] {subprocess.py:93} INFO -   File "/usr/local/lib/python3.8/zipfile.py", line 1647, in extractall
[2026-05-07T21:57:50.261+0000] {subprocess.py:93} INFO -     self._extract_member(zipinfo, path, pwd)
[2026-05-07T21:57:50.273+0000] {subprocess.py:93} INFO -   File "/usr/local/lib/python3.8/zipfile.py", line 1702, in _extract_member
[2026-05-07T21:57:50.275+0000] {subprocess.py:93} INFO -     shutil.copyfileobj(source, target)
[2026-05-07T21:57:50.286+0000] {subprocess.py:93} INFO -   File "/usr/local/lib/python3.8/shutil.py", line 205, in copyfileobj
[2026-05-07T21:57:50.303+0000] {subprocess.py:93} INFO -     buf = fsrc_read(length)
[2026-05-07T21:57:50.343+0000] {subprocess.py:93} INFO -   File "/usr/local/lib/python3.8/zipfile.py", line 940, in read
[2026-05-07T21:57:50.345+0000] {subprocess.py:93} INFO -     data = self._read1(n)
[2026-05-07T21:57:50.352+0000] {subprocess.py:93} INFO -   File "/usr/local/lib/python3.8/zipfile.py", line 1008, in _read1
[2026-05-07T21:57:50.357+0000] {subprocess.py:93} INFO -     data += self._read2(n - len(data))
[2026-05-07T21:57:50.359+0000] {subprocess.py:93} INFO -   File "/usr/local/lib/python3.8/zipfile.py", line 1043, in _read2
[2026-05-07T21:57:50.364+0000] {subprocess.py:93} INFO -     raise EOFError
[2026-05-07T21:57:50.367+0000] {subprocess.py:93} INFO - EOFError
[2026-05-07T21:57:50.369+0000] {subprocess.py:93} INFO - 
[2026-05-07T21:57:50.385+0000] {subprocess.py:93} INFO - During handling of the above exception, another exception occurred:
[2026-05-07T21:57:50.388+0000] {subprocess.py:93} INFO - 
[2026-05-07T21:57:50.390+0000] {subprocess.py:93} INFO - Traceback (most recent call last):
[2026-05-07T21:57:50.391+0000] {subprocess.py:93} INFO -   File "scrapers/spiders/amazon_ma.py", line 147, in <module>
[2026-05-07T21:57:50.392+0000] {subprocess.py:93} INFO -     scrape_amazon()
[2026-05-07T21:57:50.393+0000] {subprocess.py:93} INFO -   File "scrapers/spiders/amazon_ma.py", line 55, in scrape_amazon
[2026-05-07T21:57:50.394+0000] {subprocess.py:93} INFO -     driver = get_driver()
[2026-05-07T21:57:50.395+0000] {subprocess.py:93} INFO -   File "scrapers/spiders/amazon_ma.py", line 47, in get_driver
[2026-05-07T21:57:50.396+0000] {subprocess.py:93} INFO -     driver = webdriver.Chrome(service=Service(ChromeDriverManager().install()), options=opts)
[2026-05-07T21:57:50.396+0000] {subprocess.py:93} INFO -   File "/home/***/.local/lib/python3.8/site-packages/webdriver_manager/chrome.py", line 40, in install
[2026-05-07T21:57:50.397+0000] {subprocess.py:93} INFO -     driver_path = self._get_driver_binary_path(self.driver)
[2026-05-07T21:57:50.398+0000] {subprocess.py:93} INFO -   File "/home/***/.local/lib/python3.8/site-packages/webdriver_manager/core/manager.py", line 41, in _get_driver_binary_path
[2026-05-07T21:57:50.404+0000] {subprocess.py:93} INFO -     binary_path = self._cache_manager.save_file_to_cache(driver, file)
[2026-05-07T21:57:50.405+0000] {subprocess.py:93} INFO -   File "/home/***/.local/lib/python3.8/site-packages/webdriver_manager/core/driver_cache.py", line 54, in save_file_to_cache
[2026-05-07T21:57:50.408+0000] {subprocess.py:93} INFO -     files = self.unpack_archive(archive, path)
[2026-05-07T21:57:50.409+0000] {subprocess.py:93} INFO -   File "/home/***/.local/lib/python3.8/site-packages/webdriver_manager/core/driver_cache.py", line 49, in unpack_archive
[2026-05-07T21:57:50.410+0000] {subprocess.py:93} INFO -     return self._file_manager.unpack_archive(archive, path)
[2026-05-07T21:57:50.412+0000] {subprocess.py:93} INFO -   File "/home/***/.local/lib/python3.8/site-packages/webdriver_manager/core/file_manager.py", line 57, in unpack_archive
[2026-05-07T21:57:50.422+0000] {subprocess.py:93} INFO -     return self.__extract_zip(archive_file, target_dir)
[2026-05-07T21:57:50.433+0000] {subprocess.py:93} INFO -   File "/home/***/.local/lib/python3.8/site-packages/webdriver_manager/core/file_manager.py", line 67, in __extract_zip
[2026-05-07T21:57:50.434+0000] {subprocess.py:93} INFO -     if e.args[0] not in [26, 13] and e.args[1] not in [
[2026-05-07T21:57:50.435+0000] {subprocess.py:93} INFO - IndexError: tuple index out of range
[2026-05-07T21:57:50.436+0000] {subprocess.py:93} INFO - Amazon done with warnings
[2026-05-07T21:57:50.437+0000] {subprocess.py:97} INFO - Command exited with return code 0
[2026-05-07T21:57:50.582+0000] {taskinstance.py:1138} INFO - Marking task as SUCCESS. dag_id=price_intelligence_pipeline, task_id=scrape_amazon, execution_date=20260507T200000, start_date=20260507T215722, end_date=20260507T215750
[2026-05-07T21:57:50.682+0000] {local_task_job_runner.py:234} INFO - Task exited with return code 0
[2026-05-07T21:57:50.852+0000] {taskinstance.py:3280} INFO - 0 downstream tasks scheduled from follow-on schedule check
