[2026-05-05T22:11:08.890+0000] {taskinstance.py:1956} INFO - Dependencies all met for dep_context=non-requeueable deps ti=<TaskInstance: price_intelligence_pipeline.scrape_amazon manual__2026-05-05T22:08:03.325769+00:00 [queued]>
[2026-05-05T22:11:08.919+0000] {taskinstance.py:1956} INFO - Dependencies all met for dep_context=requeueable deps ti=<TaskInstance: price_intelligence_pipeline.scrape_amazon manual__2026-05-05T22:08:03.325769+00:00 [queued]>
[2026-05-05T22:11:08.922+0000] {taskinstance.py:2170} INFO - Starting attempt 1 of 2
[2026-05-05T22:11:08.979+0000] {taskinstance.py:2191} INFO - Executing <Task(BashOperator): scrape_amazon> on 2026-05-05 22:08:03.325769+00:00
[2026-05-05T22:11:08.998+0000] {standard_task_runner.py:60} INFO - Started process 9177 to run task
[2026-05-05T22:11:09.017+0000] {standard_task_runner.py:87} INFO - Running: ['***', 'tasks', 'run', 'price_intelligence_pipeline', 'scrape_amazon', 'manual__2026-05-05T22:08:03.325769+00:00', '--job-id', '455', '--raw', '--subdir', 'DAGS_FOLDER/price_intelligence_dag.py', '--cfg-path', '/tmp/tmpa2wqtp0a']
[2026-05-05T22:11:09.026+0000] {standard_task_runner.py:88} INFO - Job 455: Subtask scrape_amazon
[2026-05-05T22:11:09.215+0000] {task_command.py:423} INFO - Running <TaskInstance: price_intelligence_pipeline.scrape_amazon manual__2026-05-05T22:08:03.325769+00:00 [running]> on host 25ef6dfa8bdc
[2026-05-05T22:11:09.436+0000] {taskinstance.py:2480} INFO - Exporting env vars: AIRFLOW_CTX_DAG_OWNER='***' AIRFLOW_CTX_DAG_ID='price_intelligence_pipeline' AIRFLOW_CTX_TASK_ID='scrape_amazon' AIRFLOW_CTX_EXECUTION_DATE='2026-05-05T22:08:03.325769+00:00' AIRFLOW_CTX_TRY_NUMBER='1' AIRFLOW_CTX_DAG_RUN_ID='manual__2026-05-05T22:08:03.325769+00:00'
[2026-05-05T22:11:09.440+0000] {subprocess.py:63} INFO - Tmp dir root location: /tmp
[2026-05-05T22:11:09.443+0000] {subprocess.py:75} INFO - Running command: ['/usr/bin/bash', '-c', '\n            cd /opt/***\n            mkdir -p data/raw\n            export DISPLAY=:99\n            python3 scrapers/spiders/amazon_ma.py || echo "Amazon done with warnings"\n        ']
[2026-05-05T22:11:09.470+0000] {subprocess.py:86} INFO - Output:
[2026-05-05T22:11:28.665+0000] {subprocess.py:93} INFO - Traceback (most recent call last):
[2026-05-05T22:11:28.669+0000] {subprocess.py:93} INFO -   File "scrapers/spiders/amazon_ma.py", line 147, in <module>
[2026-05-05T22:11:28.670+0000] {subprocess.py:93} INFO -     scrape_amazon()
[2026-05-05T22:11:28.672+0000] {subprocess.py:93} INFO -   File "scrapers/spiders/amazon_ma.py", line 55, in scrape_amazon
[2026-05-05T22:11:28.673+0000] {subprocess.py:93} INFO -     driver = get_driver()
[2026-05-05T22:11:28.674+0000] {subprocess.py:93} INFO -   File "scrapers/spiders/amazon_ma.py", line 47, in get_driver
[2026-05-05T22:11:28.675+0000] {subprocess.py:93} INFO -     driver = webdriver.Chrome(service=Service(ChromeDriverManager().install()), options=opts)
[2026-05-05T22:11:28.676+0000] {subprocess.py:93} INFO -   File "/home/***/.local/lib/python3.8/site-packages/selenium/webdriver/chrome/webdriver.py", line 45, in __init__
[2026-05-05T22:11:28.677+0000] {subprocess.py:93} INFO -     super().__init__(
[2026-05-05T22:11:28.678+0000] {subprocess.py:93} INFO -   File "/home/***/.local/lib/python3.8/site-packages/selenium/webdriver/chromium/webdriver.py", line 66, in __init__
[2026-05-05T22:11:28.679+0000] {subprocess.py:93} INFO -     super().__init__(command_executor=executor, options=options)
[2026-05-05T22:11:28.680+0000] {subprocess.py:93} INFO -   File "/home/***/.local/lib/python3.8/site-packages/selenium/webdriver/remote/webdriver.py", line 241, in __init__
[2026-05-05T22:11:28.681+0000] {subprocess.py:93} INFO -     self.start_session(capabilities)
[2026-05-05T22:11:28.681+0000] {subprocess.py:93} INFO -   File "/home/***/.local/lib/python3.8/site-packages/selenium/webdriver/remote/webdriver.py", line 329, in start_session
[2026-05-05T22:11:28.682+0000] {subprocess.py:93} INFO -     response = self.execute(Command.NEW_SESSION, caps)["value"]
[2026-05-05T22:11:28.683+0000] {subprocess.py:93} INFO -   File "/home/***/.local/lib/python3.8/site-packages/selenium/webdriver/remote/webdriver.py", line 384, in execute
[2026-05-05T22:11:28.684+0000] {subprocess.py:93} INFO -     self.error_handler.check_response(response)
[2026-05-05T22:11:28.685+0000] {subprocess.py:93} INFO -   File "/home/***/.local/lib/python3.8/site-packages/selenium/webdriver/remote/errorhandler.py", line 232, in check_response
[2026-05-05T22:11:28.686+0000] {subprocess.py:93} INFO -     raise exception_class(message, screen, stacktrace)
[2026-05-05T22:11:28.687+0000] {subprocess.py:93} INFO - selenium.common.exceptions.WebDriverException: Message: unknown error: Chrome failed to start: exited abnormally.
[2026-05-05T22:11:28.688+0000] {subprocess.py:93} INFO -   (unknown error: DevToolsActivePort file doesn't exist)
[2026-05-05T22:11:28.689+0000] {subprocess.py:93} INFO -   (The process started from chrome location /usr/bin/chromium is no longer running, so ChromeDriver is assuming that Chrome has crashed.)
[2026-05-05T22:11:28.690+0000] {subprocess.py:93} INFO - Stacktrace:
[2026-05-05T22:11:28.691+0000] {subprocess.py:93} INFO - #0 0x65385e1494e3 <unknown>
[2026-05-05T22:11:28.692+0000] {subprocess.py:93} INFO - #1 0x65385de78c76 <unknown>
[2026-05-05T22:11:28.693+0000] {subprocess.py:93} INFO - #2 0x65385dea1d78 <unknown>
[2026-05-05T22:11:28.693+0000] {subprocess.py:93} INFO - #3 0x65385de9e029 <unknown>
[2026-05-05T22:11:28.694+0000] {subprocess.py:93} INFO - #4 0x65385dedcccc <unknown>
[2026-05-05T22:11:28.695+0000] {subprocess.py:93} INFO - #5 0x65385dedc47f <unknown>
[2026-05-05T22:11:28.696+0000] {subprocess.py:93} INFO - #6 0x65385ded3de3 <unknown>
[2026-05-05T22:11:28.696+0000] {subprocess.py:93} INFO - #7 0x65385dea92dd <unknown>
[2026-05-05T22:11:28.697+0000] {subprocess.py:93} INFO - #8 0x65385deaa34e <unknown>
[2026-05-05T22:11:28.698+0000] {subprocess.py:93} INFO - #9 0x65385e1093e4 <unknown>
[2026-05-05T22:11:28.699+0000] {subprocess.py:93} INFO - #10 0x65385e10d3d7 <unknown>
[2026-05-05T22:11:28.700+0000] {subprocess.py:93} INFO - #11 0x65385e117b20 <unknown>
[2026-05-05T22:11:28.701+0000] {subprocess.py:93} INFO - #12 0x65385e10e023 <unknown>
[2026-05-05T22:11:28.702+0000] {subprocess.py:93} INFO - #13 0x65385e0dc1aa <unknown>
[2026-05-05T22:11:28.702+0000] {subprocess.py:93} INFO - #14 0x65385e1326b8 <unknown>
[2026-05-05T22:11:28.703+0000] {subprocess.py:93} INFO - #15 0x65385e132847 <unknown>
[2026-05-05T22:11:28.704+0000] {subprocess.py:93} INFO - #16 0x65385e142243 <unknown>
[2026-05-05T22:11:28.705+0000] {subprocess.py:93} INFO - #17 0x7cbbdce02134 <unknown>
[2026-05-05T22:11:28.706+0000] {subprocess.py:93} INFO - 
[2026-05-05T22:11:28.744+0000] {subprocess.py:93} INFO - Amazon done with warnings
[2026-05-05T22:11:28.745+0000] {subprocess.py:97} INFO - Command exited with return code 0
[2026-05-05T22:11:28.859+0000] {taskinstance.py:1138} INFO - Marking task as SUCCESS. dag_id=price_intelligence_pipeline, task_id=scrape_amazon, execution_date=20260505T220803, start_date=20260505T221108, end_date=20260505T221128
[2026-05-05T22:11:28.985+0000] {local_task_job_runner.py:234} INFO - Task exited with return code 0
[2026-05-05T22:11:29.060+0000] {taskinstance.py:3280} INFO - 0 downstream tasks scheduled from follow-on schedule check
