[2026-05-03T13:39:53.433+0000] {taskinstance.py:1956} INFO - Dependencies all met for dep_context=non-requeueable deps ti=<TaskInstance: price_intelligence_pipeline.transform_aggregate scheduled__2026-05-02T08:00:00+00:00 [queued]>
[2026-05-03T13:39:53.453+0000] {taskinstance.py:1956} INFO - Dependencies all met for dep_context=requeueable deps ti=<TaskInstance: price_intelligence_pipeline.transform_aggregate scheduled__2026-05-02T08:00:00+00:00 [queued]>
[2026-05-03T13:39:53.454+0000] {taskinstance.py:2170} INFO - Starting attempt 1 of 3
[2026-05-03T13:39:53.494+0000] {taskinstance.py:2191} INFO - Executing <Task(BashOperator): transform_aggregate> on 2026-05-02 08:00:00+00:00
[2026-05-03T13:39:53.505+0000] {standard_task_runner.py:60} INFO - Started process 12491 to run task
[2026-05-03T13:39:53.512+0000] {standard_task_runner.py:87} INFO - Running: ['***', 'tasks', 'run', 'price_intelligence_pipeline', 'transform_aggregate', 'scheduled__2026-05-02T08:00:00+00:00', '--job-id', '157', '--raw', '--subdir', 'DAGS_FOLDER/price_intelligence_dag.py', '--cfg-path', '/tmp/tmp1jui8idg']
[2026-05-03T13:39:53.517+0000] {standard_task_runner.py:88} INFO - Job 157: Subtask transform_aggregate
[2026-05-03T13:39:53.654+0000] {task_command.py:423} INFO - Running <TaskInstance: price_intelligence_pipeline.transform_aggregate scheduled__2026-05-02T08:00:00+00:00 [running]> on host 25ef6dfa8bdc
[2026-05-03T13:39:53.855+0000] {taskinstance.py:2480} INFO - Exporting env vars: AIRFLOW_CTX_DAG_OWNER='price_intelligence' AIRFLOW_CTX_DAG_ID='price_intelligence_pipeline' AIRFLOW_CTX_TASK_ID='transform_aggregate' AIRFLOW_CTX_EXECUTION_DATE='2026-05-02T08:00:00+00:00' AIRFLOW_CTX_TRY_NUMBER='1' AIRFLOW_CTX_DAG_RUN_ID='scheduled__2026-05-02T08:00:00+00:00'
[2026-05-03T13:39:53.857+0000] {subprocess.py:63} INFO - Tmp dir root location: /tmp
[2026-05-03T13:39:53.859+0000] {subprocess.py:75} INFO - Running command: ['/usr/bin/bash', '-c', '\n            python3 -c "\nimport json, os\nfrom collections import defaultdict\n\ndata = json.load(open(\'/opt/***/data/cleaned/products_cleaned.json\'))\n\nagg = defaultdict(lambda: {\'count\':0,\'prices\':[],\'discounts\':[]})\nfor p in data:\n    src = p[\'source\']\n    agg[src][\'count\']     += 1\n    agg[src][\'prices\'].append(p[\'price\'])\n    agg[src][\'discounts\'].append(p[\'discount_pct\'])\n\nresult = {}\nfor src, vals in agg.items():\n    prices = vals[\'prices\']\n    result[src] = {\n        \'total_products\' : vals[\'count\'],\n        \'avg_price\'      : round(sum(prices)/len(prices), 2),\n        \'min_price\'      : round(min(prices), 2),\n        \'max_price\'      : round(max(prices), 2),\n        \'avg_discount\'   : round(sum(vals[\'discounts\'])/len(vals[\'discounts\']), 2),\n    }\n    print(f\'  📊 {src}: {result[src]}\')\n\nos.makedirs(\'/opt/***/data/aggregated\', exist_ok=True)\njson.dump(result, open(\'/opt/***/data/aggregated/products_by_source.json\',\'w\'), ensure_ascii=False)\nprint(f\'✅ Agrégation terminée — {len(result)} sources\')\n"\n        ']
[2026-05-03T13:39:53.880+0000] {subprocess.py:86} INFO - Output:
[2026-05-03T13:39:54.072+0000] {subprocess.py:93} INFO -   📊 jumia.ma: {'total_products': 4795, 'avg_price': 4308.45, 'min_price': 28.0, 'max_price': 57864.0, 'avg_discount': 21.71}
[2026-05-03T13:39:54.073+0000] {subprocess.py:93} INFO -   📊 avito.ma: {'total_products': 1441, 'avg_price': 1449599.34, 'min_price': 9.0, 'max_price': 75000000.0, 'avg_discount': 0.0}
[2026-05-03T13:39:54.073+0000] {subprocess.py:93} INFO -   📊 amazon.com: {'total_products': 633, 'avg_price': 1447.37, 'min_price': 16.0, 'max_price': 27744.0, 'avg_discount': 0.0}
[2026-05-03T13:39:54.074+0000] {subprocess.py:93} INFO -   📊 electroplanet.ma: {'total_products': 67, 'avg_price': 455.3, 'min_price': 49.0, 'max_price': 999.0, 'avg_discount': 0.0}
[2026-05-03T13:39:54.074+0000] {subprocess.py:93} INFO - ✅ Agrégation terminée — 4 sources
[2026-05-03T13:39:54.084+0000] {subprocess.py:97} INFO - Command exited with return code 0
[2026-05-03T13:39:54.130+0000] {taskinstance.py:1138} INFO - Marking task as SUCCESS. dag_id=price_intelligence_pipeline, task_id=transform_aggregate, execution_date=20260502T080000, start_date=20260503T133953, end_date=20260503T133954
[2026-05-03T13:39:54.169+0000] {local_task_job_runner.py:234} INFO - Task exited with return code 0
[2026-05-03T13:39:54.208+0000] {taskinstance.py:3280} INFO - 1 downstream tasks scheduled from follow-on schedule check
