[2026-06-11T18:50:40.579+0000] {taskinstance.py:1956} INFO - Dependencies all met for dep_context=non-requeueable deps ti=<TaskInstance: price_intelligence_pipeline.load_bigquery manual__2026-06-11T18:49:18+00:00 [queued]>
[2026-06-11T18:50:40.592+0000] {taskinstance.py:1956} INFO - Dependencies all met for dep_context=requeueable deps ti=<TaskInstance: price_intelligence_pipeline.load_bigquery manual__2026-06-11T18:49:18+00:00 [queued]>
[2026-06-11T18:50:40.594+0000] {taskinstance.py:2170} INFO - Starting attempt 1 of 2
[2026-06-11T18:50:40.614+0000] {taskinstance.py:2191} INFO - Executing <Task(BashOperator): load_bigquery> on 2026-06-11 18:49:18+00:00
[2026-06-11T18:50:40.625+0000] {standard_task_runner.py:60} INFO - Started process 2115 to run task
[2026-06-11T18:50:40.630+0000] {standard_task_runner.py:87} INFO - Running: ['***', 'tasks', 'run', 'price_intelligence_pipeline', 'load_bigquery', 'manual__2026-06-11T18:49:18+00:00', '--job-id', '2009', '--raw', '--subdir', 'DAGS_FOLDER/price_intelligence_dag.py', '--cfg-path', '/tmp/tmpdcse0laz']
[2026-06-11T18:50:40.634+0000] {standard_task_runner.py:88} INFO - Job 2009: Subtask load_bigquery
[2026-06-11T18:50:40.743+0000] {task_command.py:423} INFO - Running <TaskInstance: price_intelligence_pipeline.load_bigquery manual__2026-06-11T18:49:18+00:00 [running]> on host 91e0d3a0a233
[2026-06-11T18:50:40.899+0000] {taskinstance.py:2480} INFO - Exporting env vars: AIRFLOW_CTX_DAG_OWNER='***' AIRFLOW_CTX_DAG_ID='price_intelligence_pipeline' AIRFLOW_CTX_TASK_ID='load_bigquery' AIRFLOW_CTX_EXECUTION_DATE='2026-06-11T18:49:18+00:00' AIRFLOW_CTX_TRY_NUMBER='1' AIRFLOW_CTX_DAG_RUN_ID='manual__2026-06-11T18:49:18+00:00'
[2026-06-11T18:50:40.902+0000] {subprocess.py:63} INFO - Tmp dir root location: /tmp
[2026-06-11T18:50:40.904+0000] {subprocess.py:75} INFO - Running command: ['/usr/bin/bash', '-c', '\n            set -e\n            cd /opt/***\n            export GOOGLE_APPLICATION_CREDENTIALS=/opt/***/gcp-credentials-new.json\n            python3 bigquery_load.py\n            echo BigQuery done\n        ']
[2026-06-11T18:50:40.920+0000] {subprocess.py:86} INFO - Output:
[2026-06-11T18:52:01.969+0000] {subprocess.py:93} INFO - [OK] jumia.ma: 7004 rows
[2026-06-11T18:52:01.972+0000] {subprocess.py:93} INFO - [OK] avito.ma: 1692 rows
[2026-06-11T18:52:01.979+0000] {subprocess.py:93} INFO - [OK] amazon.com: 897 rows
[2026-06-11T18:52:01.987+0000] {subprocess.py:93} INFO - [OK] connecto.ma: 3061 rows
[2026-06-11T18:52:01.990+0000] {subprocess.py:93} INFO - 
[2026-06-11T18:52:01.999+0000] {subprocess.py:93} INFO - TOTAL: 12654 rows
[2026-06-11T18:52:02.001+0000] {subprocess.py:93} INFO - 
[2026-06-11T18:52:02.014+0000] {subprocess.py:93} INFO - ✅ 12654 lignes chargees dans BigQuery
[2026-06-11T18:52:02.029+0000] {subprocess.py:93} INFO - 
[2026-06-11T18:52:02.045+0000] {subprocess.py:93} INFO - === BigQuery par source ===
[2026-06-11T18:52:02.049+0000] {subprocess.py:93} INFO -   jumia.ma: 7004 produits | moy: 2944.0 MAD
[2026-06-11T18:52:02.051+0000] {subprocess.py:93} INFO -   connecto.ma: 3061 produits | moy: 5670.0 MAD
[2026-06-11T18:52:02.053+0000] {subprocess.py:93} INFO -   avito.ma: 1692 produits | moy: 1179383.0 MAD
[2026-06-11T18:52:02.055+0000] {subprocess.py:93} INFO -   amazon.com: 897 produits | moy: 4478.0 MAD
[2026-06-11T18:52:02.062+0000] {subprocess.py:93} INFO -   TOTAL: 12654
[2026-06-11T18:52:02.521+0000] {subprocess.py:93} INFO - BigQuery done
[2026-06-11T18:52:02.524+0000] {subprocess.py:97} INFO - Command exited with return code 0
[2026-06-11T18:52:02.672+0000] {taskinstance.py:1138} INFO - Marking task as SUCCESS. dag_id=price_intelligence_pipeline, task_id=load_bigquery, execution_date=20260611T184918, start_date=20260611T185040, end_date=20260611T185202
[2026-06-11T18:52:02.847+0000] {local_task_job_runner.py:234} INFO - Task exited with return code 0
[2026-06-11T18:52:02.974+0000] {taskinstance.py:3280} INFO - 1 downstream tasks scheduled from follow-on schedule check
