[2026-05-05T20:13:12.444+0000] {taskinstance.py:1956} INFO - Dependencies all met for dep_context=non-requeueable deps ti=<TaskInstance: price_intelligence_pipeline.scrape_electroplanet scheduled__2026-05-05T19:00:00+00:00 [queued]>
[2026-05-05T20:13:12.464+0000] {taskinstance.py:1956} INFO - Dependencies all met for dep_context=requeueable deps ti=<TaskInstance: price_intelligence_pipeline.scrape_electroplanet scheduled__2026-05-05T19:00:00+00:00 [queued]>
[2026-05-05T20:13:12.466+0000] {taskinstance.py:2170} INFO - Starting attempt 2 of 3
[2026-05-05T20:13:12.497+0000] {taskinstance.py:2191} INFO - Executing <Task(BashOperator): scrape_electroplanet> on 2026-05-05 19:00:00+00:00
[2026-05-05T20:13:12.519+0000] {standard_task_runner.py:60} INFO - Started process 2410 to run task
[2026-05-05T20:13:12.529+0000] {standard_task_runner.py:87} INFO - Running: ['***', 'tasks', 'run', 'price_intelligence_pipeline', 'scrape_electroplanet', 'scheduled__2026-05-05T19:00:00+00:00', '--job-id', '290', '--raw', '--subdir', 'DAGS_FOLDER/price_intelligence_dag_BACKUP.py', '--cfg-path', '/tmp/tmp2sf468q1']
[2026-05-05T20:13:12.535+0000] {standard_task_runner.py:88} INFO - Job 290: Subtask scrape_electroplanet
[2026-05-05T20:13:12.717+0000] {task_command.py:423} INFO - Running <TaskInstance: price_intelligence_pipeline.scrape_electroplanet scheduled__2026-05-05T19:00:00+00:00 [running]> on host 25ef6dfa8bdc
[2026-05-05T20:13:12.975+0000] {taskinstance.py:2480} INFO - Exporting env vars: AIRFLOW_CTX_DAG_OWNER='price_intelligence' AIRFLOW_CTX_DAG_ID='price_intelligence_pipeline' AIRFLOW_CTX_TASK_ID='scrape_electroplanet' AIRFLOW_CTX_EXECUTION_DATE='2026-05-05T19:00:00+00:00' AIRFLOW_CTX_TRY_NUMBER='2' AIRFLOW_CTX_DAG_RUN_ID='scheduled__2026-05-05T19:00:00+00:00'
[2026-05-05T20:13:12.980+0000] {subprocess.py:63} INFO - Tmp dir root location: /tmp
[2026-05-05T20:13:12.983+0000] {subprocess.py:75} INFO - Running command: ['/usr/bin/bash', '-c', '\n            python3 -c "\nimport json\ndata = json.load(open(\'/opt/***/data/raw/electroplanet_ma.json\'))\nprint(f\'✅ Electroplanet: {len(data)} produits disponibles\')\n"\n        ']
[2026-05-05T20:13:13.007+0000] {subprocess.py:86} INFO - Output:
[2026-05-05T20:13:13.250+0000] {subprocess.py:93} INFO - ✅ Electroplanet: 179 produits disponibles
[2026-05-05T20:13:13.259+0000] {subprocess.py:97} INFO - Command exited with return code 0
[2026-05-05T20:13:13.383+0000] {taskinstance.py:1138} INFO - Marking task as SUCCESS. dag_id=price_intelligence_pipeline, task_id=scrape_electroplanet, execution_date=20260505T190000, start_date=20260505T201312, end_date=20260505T201313
[2026-05-05T20:13:13.491+0000] {local_task_job_runner.py:234} INFO - Task exited with return code 0
[2026-05-05T20:13:13.596+0000] {taskinstance.py:3280} INFO - 0 downstream tasks scheduled from follow-on schedule check
[2026-05-05T20:34:48.034+0000] {taskinstance.py:1956} INFO - Dependencies all met for dep_context=non-requeueable deps ti=<TaskInstance: price_intelligence_pipeline.scrape_electroplanet scheduled__2026-05-05T19:00:00+00:00 [queued]>
[2026-05-05T20:34:48.058+0000] {taskinstance.py:1956} INFO - Dependencies all met for dep_context=requeueable deps ti=<TaskInstance: price_intelligence_pipeline.scrape_electroplanet scheduled__2026-05-05T19:00:00+00:00 [queued]>
[2026-05-05T20:34:48.061+0000] {taskinstance.py:2170} INFO - Starting attempt 2 of 3
[2026-05-05T20:34:48.101+0000] {taskinstance.py:2191} INFO - Executing <Task(BashOperator): scrape_electroplanet> on 2026-05-05 19:00:00+00:00
[2026-05-05T20:34:48.112+0000] {standard_task_runner.py:60} INFO - Started process 332 to run task
[2026-05-05T20:34:48.121+0000] {standard_task_runner.py:87} INFO - Running: ['***', 'tasks', 'run', 'price_intelligence_pipeline', 'scrape_electroplanet', 'scheduled__2026-05-05T19:00:00+00:00', '--job-id', '315', '--raw', '--subdir', 'DAGS_FOLDER/price_intelligence_dag.py', '--cfg-path', '/tmp/tmp2wn21htj']
[2026-05-05T20:34:48.126+0000] {standard_task_runner.py:88} INFO - Job 315: Subtask scrape_electroplanet
[2026-05-05T20:34:48.299+0000] {task_command.py:423} INFO - Running <TaskInstance: price_intelligence_pipeline.scrape_electroplanet scheduled__2026-05-05T19:00:00+00:00 [running]> on host 25ef6dfa8bdc
[2026-05-05T20:34:48.551+0000] {taskinstance.py:2480} INFO - Exporting env vars: AIRFLOW_CTX_DAG_OWNER='***' AIRFLOW_CTX_DAG_ID='price_intelligence_pipeline' AIRFLOW_CTX_TASK_ID='scrape_electroplanet' AIRFLOW_CTX_EXECUTION_DATE='2026-05-05T19:00:00+00:00' AIRFLOW_CTX_TRY_NUMBER='2' AIRFLOW_CTX_DAG_RUN_ID='scheduled__2026-05-05T19:00:00+00:00'
[2026-05-05T20:34:48.555+0000] {subprocess.py:63} INFO - Tmp dir root location: /tmp
[2026-05-05T20:34:48.561+0000] {subprocess.py:75} INFO - Running command: ['/usr/bin/bash', '-c', '\n            set -e\n            cd /opt/***\n            mkdir -p data/raw\n            scrapy crawl electroplanet_ma -o data/raw/electroplanet_ma.json --overwrite-output -s LOG_LEVEL=WARNING -s ROBOTSTXT_OBEY=False -s DOWNLOAD_DELAY=2\n            echo Electroplanet done\n        ']
[2026-05-05T20:34:48.600+0000] {subprocess.py:86} INFO - Output:
[2026-05-05T20:34:48.627+0000] {subprocess.py:93} INFO - /usr/bin/bash: line 5: scrapy: command not found
[2026-05-05T20:34:48.629+0000] {subprocess.py:97} INFO - Command exited with return code 127
[2026-05-05T20:34:48.672+0000] {taskinstance.py:2698} ERROR - Task failed with exception
Traceback (most recent call last):
  File "/home/airflow/.local/lib/python3.8/site-packages/airflow/models/taskinstance.py", line 428, in _execute_task
    result = execute_callable(context=context, **execute_callable_kwargs)
  File "/home/airflow/.local/lib/python3.8/site-packages/airflow/operators/bash.py", line 212, in execute
    raise AirflowException(
airflow.exceptions.AirflowException: Bash command failed. The command returned a non-zero exit code 127.
[2026-05-05T20:34:48.679+0000] {taskinstance.py:1138} INFO - Marking task as UP_FOR_RETRY. dag_id=price_intelligence_pipeline, task_id=scrape_electroplanet, execution_date=20260505T190000, start_date=20260505T203448, end_date=20260505T203448
[2026-05-05T20:34:48.711+0000] {standard_task_runner.py:107} ERROR - Failed to execute job 315 for task scrape_electroplanet (Bash command failed. The command returned a non-zero exit code 127.; 332)
[2026-05-05T20:34:48.757+0000] {local_task_job_runner.py:234} INFO - Task exited with return code 1
[2026-05-05T20:34:48.863+0000] {taskinstance.py:3280} INFO - 0 downstream tasks scheduled from follow-on schedule check
