[2026-05-05T20:08:09.009+0000] {taskinstance.py:1956} INFO - Dependencies all met for dep_context=non-requeueable deps ti=<TaskInstance: price_intelligence_pipeline.scrape_electroplanet scheduled__2026-05-05T19:00:00+00:00 [queued]>
[2026-05-05T20:08:09.053+0000] {taskinstance.py:1956} INFO - Dependencies all met for dep_context=requeueable deps ti=<TaskInstance: price_intelligence_pipeline.scrape_electroplanet scheduled__2026-05-05T19:00:00+00:00 [queued]>
[2026-05-05T20:08:09.061+0000] {taskinstance.py:2170} INFO - Starting attempt 1 of 3
[2026-05-05T20:08:09.159+0000] {taskinstance.py:2191} INFO - Executing <Task(BashOperator): scrape_electroplanet> on 2026-05-05 19:00:00+00:00
[2026-05-05T20:08:09.172+0000] {standard_task_runner.py:60} INFO - Started process 2188 to run task
[2026-05-05T20:08:09.198+0000] {standard_task_runner.py:87} INFO - Running: ['***', 'tasks', 'run', 'price_intelligence_pipeline', 'scrape_electroplanet', 'scheduled__2026-05-05T19:00:00+00:00', '--job-id', '281', '--raw', '--subdir', 'DAGS_FOLDER/price_intelligence_dag.py', '--cfg-path', '/tmp/tmp18hj1hg1']
[2026-05-05T20:08:09.206+0000] {standard_task_runner.py:88} INFO - Job 281: Subtask scrape_electroplanet
[2026-05-05T20:08:09.492+0000] {task_command.py:423} INFO - Running <TaskInstance: price_intelligence_pipeline.scrape_electroplanet scheduled__2026-05-05T19:00:00+00:00 [running]> on host 25ef6dfa8bdc
[2026-05-05T20:08:09.897+0000] {taskinstance.py:2480} INFO - Exporting env vars: AIRFLOW_CTX_DAG_OWNER='***' AIRFLOW_CTX_DAG_ID='price_intelligence_pipeline' AIRFLOW_CTX_TASK_ID='scrape_electroplanet' AIRFLOW_CTX_EXECUTION_DATE='2026-05-05T19:00:00+00:00' AIRFLOW_CTX_TRY_NUMBER='1' AIRFLOW_CTX_DAG_RUN_ID='scheduled__2026-05-05T19:00:00+00:00'
[2026-05-05T20:08:09.903+0000] {subprocess.py:63} INFO - Tmp dir root location: /tmp
[2026-05-05T20:08:09.908+0000] {subprocess.py:75} INFO - Running command: ['/usr/bin/bash', '-c', '\n            set -e\n            cd /opt/***\n            mkdir -p data/raw\n            scrapy crawl electroplanet_ma -o data/raw/electroplanet_ma.json --overwrite-output -s LOG_LEVEL=WARNING -s ROBOTSTXT_OBEY=False -s DOWNLOAD_DELAY=2\n            echo Electroplanet done\n        ']
[2026-05-05T20:08:09.947+0000] {subprocess.py:86} INFO - Output:
[2026-05-05T20:08:09.972+0000] {subprocess.py:93} INFO - /usr/bin/bash: line 5: scrapy: command not found
[2026-05-05T20:08:09.975+0000] {subprocess.py:97} INFO - Command exited with return code 127
[2026-05-05T20:08:10.024+0000] {taskinstance.py:2698} ERROR - Task failed with exception
Traceback (most recent call last):
  File "/home/airflow/.local/lib/python3.8/site-packages/airflow/models/taskinstance.py", line 428, in _execute_task
    result = execute_callable(context=context, **execute_callable_kwargs)
  File "/home/airflow/.local/lib/python3.8/site-packages/airflow/operators/bash.py", line 212, in execute
    raise AirflowException(
airflow.exceptions.AirflowException: Bash command failed. The command returned a non-zero exit code 127.
[2026-05-05T20:08:10.037+0000] {taskinstance.py:1138} INFO - Marking task as UP_FOR_RETRY. dag_id=price_intelligence_pipeline, task_id=scrape_electroplanet, execution_date=20260505T190000, start_date=20260505T200809, end_date=20260505T200810
[2026-05-05T20:08:10.074+0000] {standard_task_runner.py:107} ERROR - Failed to execute job 281 for task scrape_electroplanet (Bash command failed. The command returned a non-zero exit code 127.; 2188)
[2026-05-05T20:08:10.125+0000] {local_task_job_runner.py:234} INFO - Task exited with return code 1
[2026-05-05T20:08:10.293+0000] {taskinstance.py:3280} INFO - 0 downstream tasks scheduled from follow-on schedule check
[2026-05-05T20:29:46.650+0000] {taskinstance.py:1956} INFO - Dependencies all met for dep_context=non-requeueable deps ti=<TaskInstance: price_intelligence_pipeline.scrape_electroplanet scheduled__2026-05-05T19:00:00+00:00 [queued]>
[2026-05-05T20:29:46.669+0000] {taskinstance.py:1956} INFO - Dependencies all met for dep_context=requeueable deps ti=<TaskInstance: price_intelligence_pipeline.scrape_electroplanet scheduled__2026-05-05T19:00:00+00:00 [queued]>
[2026-05-05T20:29:46.670+0000] {taskinstance.py:2170} INFO - Starting attempt 1 of 3
[2026-05-05T20:29:46.704+0000] {taskinstance.py:2191} INFO - Executing <Task(BashOperator): scrape_electroplanet> on 2026-05-05 19:00:00+00:00
[2026-05-05T20:29:46.717+0000] {standard_task_runner.py:60} INFO - Started process 197 to run task
[2026-05-05T20:29:46.726+0000] {standard_task_runner.py:87} INFO - Running: ['***', 'tasks', 'run', 'price_intelligence_pipeline', 'scrape_electroplanet', 'scheduled__2026-05-05T19:00:00+00:00', '--job-id', '311', '--raw', '--subdir', 'DAGS_FOLDER/price_intelligence_dag.py', '--cfg-path', '/tmp/tmpgb1psfhu']
[2026-05-05T20:29:46.732+0000] {standard_task_runner.py:88} INFO - Job 311: Subtask scrape_electroplanet
[2026-05-05T20:29:46.912+0000] {task_command.py:423} INFO - Running <TaskInstance: price_intelligence_pipeline.scrape_electroplanet scheduled__2026-05-05T19:00:00+00:00 [running]> on host 25ef6dfa8bdc
[2026-05-05T20:29:47.124+0000] {taskinstance.py:2480} INFO - Exporting env vars: AIRFLOW_CTX_DAG_OWNER='***' AIRFLOW_CTX_DAG_ID='price_intelligence_pipeline' AIRFLOW_CTX_TASK_ID='scrape_electroplanet' AIRFLOW_CTX_EXECUTION_DATE='2026-05-05T19:00:00+00:00' AIRFLOW_CTX_TRY_NUMBER='1' AIRFLOW_CTX_DAG_RUN_ID='scheduled__2026-05-05T19:00:00+00:00'
[2026-05-05T20:29:47.128+0000] {subprocess.py:63} INFO - Tmp dir root location: /tmp
[2026-05-05T20:29:47.130+0000] {subprocess.py:75} INFO - Running command: ['/usr/bin/bash', '-c', '\n            set -e\n            cd /opt/***\n            mkdir -p data/raw\n            scrapy crawl electroplanet_ma -o data/raw/electroplanet_ma.json --overwrite-output -s LOG_LEVEL=WARNING -s ROBOTSTXT_OBEY=False -s DOWNLOAD_DELAY=2\n            echo Electroplanet done\n        ']
[2026-05-05T20:29:47.154+0000] {subprocess.py:86} INFO - Output:
[2026-05-05T20:29:47.165+0000] {subprocess.py:93} INFO - /usr/bin/bash: line 5: scrapy: command not found
[2026-05-05T20:29:47.166+0000] {subprocess.py:97} INFO - Command exited with return code 127
[2026-05-05T20:29:47.201+0000] {taskinstance.py:2698} ERROR - Task failed with exception
Traceback (most recent call last):
  File "/home/airflow/.local/lib/python3.8/site-packages/airflow/models/taskinstance.py", line 428, in _execute_task
    result = execute_callable(context=context, **execute_callable_kwargs)
  File "/home/airflow/.local/lib/python3.8/site-packages/airflow/operators/bash.py", line 212, in execute
    raise AirflowException(
airflow.exceptions.AirflowException: Bash command failed. The command returned a non-zero exit code 127.
[2026-05-05T20:29:47.208+0000] {taskinstance.py:1138} INFO - Marking task as UP_FOR_RETRY. dag_id=price_intelligence_pipeline, task_id=scrape_electroplanet, execution_date=20260505T190000, start_date=20260505T202946, end_date=20260505T202947
[2026-05-05T20:29:47.236+0000] {standard_task_runner.py:107} ERROR - Failed to execute job 311 for task scrape_electroplanet (Bash command failed. The command returned a non-zero exit code 127.; 197)
[2026-05-05T20:29:47.268+0000] {local_task_job_runner.py:234} INFO - Task exited with return code 1
[2026-05-05T20:29:47.339+0000] {taskinstance.py:3280} INFO - 0 downstream tasks scheduled from follow-on schedule check
