[2026-05-20T16:01:29.947+0000] {taskinstance.py:1956} INFO - Dependencies all met for dep_context=non-requeueable deps ti=<TaskInstance: price_intelligence_pipeline.dbt_run scheduled__2026-05-20T15:00:00+00:00 [queued]>
[2026-05-20T16:01:29.967+0000] {taskinstance.py:1956} INFO - Dependencies all met for dep_context=requeueable deps ti=<TaskInstance: price_intelligence_pipeline.dbt_run scheduled__2026-05-20T15:00:00+00:00 [queued]>
[2026-05-20T16:01:29.968+0000] {taskinstance.py:2170} INFO - Starting attempt 1 of 2
[2026-05-20T16:01:29.999+0000] {taskinstance.py:2191} INFO - Executing <Task(BashOperator): dbt_run> on 2026-05-20 15:00:00+00:00
[2026-05-20T16:01:30.009+0000] {standard_task_runner.py:60} INFO - Started process 65509 to run task
[2026-05-20T16:01:30.017+0000] {standard_task_runner.py:87} INFO - Running: ['***', 'tasks', 'run', 'price_intelligence_pipeline', 'dbt_run', 'scheduled__2026-05-20T15:00:00+00:00', '--job-id', '1571', '--raw', '--subdir', 'DAGS_FOLDER/price_intelligence_dag.py', '--cfg-path', '/tmp/tmpkgr9uy8i']
[2026-05-20T16:01:30.025+0000] {standard_task_runner.py:88} INFO - Job 1571: Subtask dbt_run
[2026-05-20T16:01:30.187+0000] {task_command.py:423} INFO - Running <TaskInstance: price_intelligence_pipeline.dbt_run scheduled__2026-05-20T15:00:00+00:00 [running]> on host 91e0d3a0a233
[2026-05-20T16:01:30.525+0000] {taskinstance.py:2480} INFO - Exporting env vars: AIRFLOW_CTX_DAG_OWNER='***' AIRFLOW_CTX_DAG_ID='price_intelligence_pipeline' AIRFLOW_CTX_TASK_ID='dbt_run' AIRFLOW_CTX_EXECUTION_DATE='2026-05-20T15:00:00+00:00' AIRFLOW_CTX_TRY_NUMBER='1' AIRFLOW_CTX_DAG_RUN_ID='scheduled__2026-05-20T15:00:00+00:00'
[2026-05-20T16:01:30.531+0000] {subprocess.py:63} INFO - Tmp dir root location: /tmp
[2026-05-20T16:01:30.539+0000] {subprocess.py:75} INFO - Running command: ['/usr/bin/bash', '-c', '\n            set -e\n            cd /opt/***/dbt\n            export GOOGLE_APPLICATION_CREDENTIALS=/opt/***/gcp-credentials-new.json\n            /home/***/.local/bin/dbt run --full-refresh --profiles-dir . --project-dir .\n            echo dbt done\n        ']
[2026-05-20T16:01:30.565+0000] {subprocess.py:86} INFO - Output:
[2026-05-20T16:01:33.167+0000] {subprocess.py:93} INFO - [0m16:01:33  Running with dbt=1.8.7
[2026-05-20T16:01:34.561+0000] {subprocess.py:93} INFO - [0m16:01:34  Registered adapter: bigquery=1.8.3
[2026-05-20T16:01:35.665+0000] {subprocess.py:93} INFO - [0m16:01:35  Found 3 models, 1 seed, 7 data tests, 1 source, 479 macros
[2026-05-20T16:01:35.670+0000] {subprocess.py:93} INFO - [0m16:01:35
[2026-05-20T16:01:38.161+0000] {subprocess.py:93} INFO - [0m16:01:38  Concurrency: 4 threads (target='dev')
[2026-05-20T16:01:38.163+0000] {subprocess.py:93} INFO - [0m16:01:38
[2026-05-20T16:01:38.182+0000] {subprocess.py:93} INFO - [0m16:01:38  1 of 3 START sql view model price_intelligence_dbt.stg_prices .................. [RUN]
[2026-05-20T16:01:40.379+0000] {subprocess.py:93} INFO - [0m16:01:40  1 of 3 OK created sql view model price_intelligence_dbt.stg_prices ............. [[32mCREATE VIEW (0 processed)[0m in 2.19s]
[2026-05-20T16:01:40.402+0000] {subprocess.py:93} INFO - [0m16:01:40  2 of 3 START sql table model price_intelligence_dbt.prices_cleaned ............. [RUN]
[2026-05-20T16:01:46.210+0000] {subprocess.py:93} INFO - [0m16:01:46  2 of 3 OK created sql table model price_intelligence_dbt.prices_cleaned ........ [[32mCREATE TABLE (5.0k rows, 2.6 MiB processed)[0m in 5.80s]
[2026-05-20T16:01:46.222+0000] {subprocess.py:93} INFO - [0m16:01:46  3 of 3 START sql table model price_intelligence_dbt.prices_aggregated .......... [RUN]
[2026-05-20T16:01:49.992+0000] {subprocess.py:93} INFO - [0m16:01:49  3 of 3 OK created sql table model price_intelligence_dbt.prices_aggregated ..... [[32mCREATE TABLE (11.0 rows, 231.8 KiB processed)[0m in 3.77s]
[2026-05-20T16:01:50.003+0000] {subprocess.py:93} INFO - [0m16:01:50
[2026-05-20T16:01:50.004+0000] {subprocess.py:93} INFO - [0m16:01:50  Finished running 1 view model, 2 table models in 0 hours 0 minutes and 14.33 seconds (14.33s).
[2026-05-20T16:01:50.136+0000] {subprocess.py:93} INFO - [0m16:01:50
[2026-05-20T16:01:50.139+0000] {subprocess.py:93} INFO - [0m16:01:50  [32mCompleted successfully[0m
[2026-05-20T16:01:50.140+0000] {subprocess.py:93} INFO - [0m16:01:50
[2026-05-20T16:01:50.142+0000] {subprocess.py:93} INFO - [0m16:01:50  Done. PASS=3 WARN=0 ERROR=0 SKIP=0 TOTAL=3
[2026-05-20T16:01:54.763+0000] {subprocess.py:93} INFO - dbt done
[2026-05-20T16:01:54.774+0000] {subprocess.py:97} INFO - Command exited with return code 0
[2026-05-20T16:01:54.845+0000] {taskinstance.py:1138} INFO - Marking task as SUCCESS. dag_id=price_intelligence_pipeline, task_id=dbt_run, execution_date=20260520T150000, start_date=20260520T160129, end_date=20260520T160154
[2026-05-20T16:01:54.911+0000] {local_task_job_runner.py:234} INFO - Task exited with return code 0
[2026-05-20T16:01:54.979+0000] {taskinstance.py:3280} INFO - 1 downstream tasks scheduled from follow-on schedule check
