[2026-05-13T13:03:13.482+0000] {taskinstance.py:1956} INFO - Dependencies all met for dep_context=non-requeueable deps ti=<TaskInstance: price_intelligence_pipeline.dbt_run scheduled__2026-05-13T12:00:00+00:00 [queued]>
[2026-05-13T13:03:13.509+0000] {taskinstance.py:1956} INFO - Dependencies all met for dep_context=requeueable deps ti=<TaskInstance: price_intelligence_pipeline.dbt_run scheduled__2026-05-13T12:00:00+00:00 [queued]>
[2026-05-13T13:03:13.510+0000] {taskinstance.py:2170} INFO - Starting attempt 1 of 2
[2026-05-13T13:03:13.545+0000] {taskinstance.py:2191} INFO - Executing <Task(BashOperator): dbt_run> on 2026-05-13 12:00:00+00:00
[2026-05-13T13:03:13.557+0000] {standard_task_runner.py:60} INFO - Started process 14043 to run task
[2026-05-13T13:03:13.569+0000] {standard_task_runner.py:87} INFO - Running: ['***', 'tasks', 'run', 'price_intelligence_pipeline', 'dbt_run', 'scheduled__2026-05-13T12:00:00+00:00', '--job-id', '1065', '--raw', '--subdir', 'DAGS_FOLDER/price_intelligence_dag.py', '--cfg-path', '/tmp/tmp9p1vknvw']
[2026-05-13T13:03:13.575+0000] {standard_task_runner.py:88} INFO - Job 1065: Subtask dbt_run
[2026-05-13T13:03:13.780+0000] {task_command.py:423} INFO - Running <TaskInstance: price_intelligence_pipeline.dbt_run scheduled__2026-05-13T12:00:00+00:00 [running]> on host 91e0d3a0a233
[2026-05-13T13:03:14.037+0000] {taskinstance.py:2480} INFO - Exporting env vars: AIRFLOW_CTX_DAG_OWNER='***' AIRFLOW_CTX_DAG_ID='price_intelligence_pipeline' AIRFLOW_CTX_TASK_ID='dbt_run' AIRFLOW_CTX_EXECUTION_DATE='2026-05-13T12:00:00+00:00' AIRFLOW_CTX_TRY_NUMBER='1' AIRFLOW_CTX_DAG_RUN_ID='scheduled__2026-05-13T12:00:00+00:00'
[2026-05-13T13:03:14.040+0000] {subprocess.py:63} INFO - Tmp dir root location: /tmp
[2026-05-13T13:03:14.043+0000] {subprocess.py:75} INFO - Running command: ['/usr/bin/bash', '-c', '\n            set -e\n            cd /opt/***/dbt\n            export GOOGLE_APPLICATION_CREDENTIALS=/opt/***/gcp-credentials-new.json\n            /home/***/.local/bin/dbt run --full-refresh --profiles-dir . --project-dir .\n            echo dbt done\n        ']
[2026-05-13T13:03:14.067+0000] {subprocess.py:86} INFO - Output:
[2026-05-13T13:03:19.290+0000] {subprocess.py:93} INFO - [0m13:03:19  Running with dbt=1.8.7
[2026-05-13T13:03:22.372+0000] {subprocess.py:93} INFO - [0m13:03:22  Registered adapter: bigquery=1.8.3
[2026-05-13T13:03:23.991+0000] {subprocess.py:93} INFO - [0m13:03:23  Found 3 models, 1 seed, 7 data tests, 1 source, 479 macros
[2026-05-13T13:03:24.008+0000] {subprocess.py:93} INFO - [0m13:03:24
[2026-05-13T13:03:26.399+0000] {subprocess.py:93} INFO - [0m13:03:26  Concurrency: 4 threads (target='dev')
[2026-05-13T13:03:26.401+0000] {subprocess.py:93} INFO - [0m13:03:26
[2026-05-13T13:03:26.424+0000] {subprocess.py:93} INFO - [0m13:03:26  1 of 3 START sql view model price_intelligence_dbt.stg_prices .................. [RUN]
[2026-05-13T13:03:28.659+0000] {subprocess.py:93} INFO - [0m13:03:28  1 of 3 OK created sql view model price_intelligence_dbt.stg_prices ............. [[32mCREATE VIEW (0 processed)[0m in 2.23s]
[2026-05-13T13:03:28.665+0000] {subprocess.py:93} INFO - [0m13:03:28  2 of 3 START sql table model price_intelligence_dbt.prices_cleaned ............. [RUN]
[2026-05-13T13:03:33.413+0000] {subprocess.py:93} INFO - [0m13:03:33  2 of 3 OK created sql table model price_intelligence_dbt.prices_cleaned ........ [[32mCREATE TABLE (5.0k rows, 2.6 MiB processed)[0m in 4.74s]
[2026-05-13T13:03:33.425+0000] {subprocess.py:93} INFO - [0m13:03:33  3 of 3 START sql table model price_intelligence_dbt.prices_aggregated .......... [RUN]
[2026-05-13T13:03:39.255+0000] {subprocess.py:93} INFO - [0m13:03:39  3 of 3 OK created sql table model price_intelligence_dbt.prices_aggregated ..... [[32mCREATE TABLE (11.0 rows, 231.8 KiB processed)[0m in 5.82s]
[2026-05-13T13:03:39.288+0000] {subprocess.py:93} INFO - [0m13:03:39
[2026-05-13T13:03:39.298+0000] {subprocess.py:93} INFO - [0m13:03:39  Finished running 1 view model, 2 table models in 0 hours 0 minutes and 15.28 seconds (15.28s).
[2026-05-13T13:03:39.562+0000] {subprocess.py:93} INFO - [0m13:03:39
[2026-05-13T13:03:39.565+0000] {subprocess.py:93} INFO - [0m13:03:39  [32mCompleted successfully[0m
[2026-05-13T13:03:39.570+0000] {subprocess.py:93} INFO - [0m13:03:39
[2026-05-13T13:03:39.572+0000] {subprocess.py:93} INFO - [0m13:03:39  Done. PASS=3 WARN=0 ERROR=0 SKIP=0 TOTAL=3
[2026-05-13T13:03:44.562+0000] {subprocess.py:93} INFO - dbt done
[2026-05-13T13:03:44.575+0000] {subprocess.py:97} INFO - Command exited with return code 0
[2026-05-13T13:03:44.672+0000] {taskinstance.py:1138} INFO - Marking task as SUCCESS. dag_id=price_intelligence_pipeline, task_id=dbt_run, execution_date=20260513T120000, start_date=20260513T130313, end_date=20260513T130344
[2026-05-13T13:03:44.761+0000] {local_task_job_runner.py:234} INFO - Task exited with return code 0
[2026-05-13T13:03:44.856+0000] {taskinstance.py:3280} INFO - 1 downstream tasks scheduled from follow-on schedule check
