[2026-05-19T22:01:11.592+0000] {taskinstance.py:1956} INFO - Dependencies all met for dep_context=non-requeueable deps ti=<TaskInstance: price_intelligence_pipeline.dbt_run scheduled__2026-05-19T21:00:00+00:00 [queued]>
[2026-05-19T22:01:11.602+0000] {taskinstance.py:1956} INFO - Dependencies all met for dep_context=requeueable deps ti=<TaskInstance: price_intelligence_pipeline.dbt_run scheduled__2026-05-19T21:00:00+00:00 [queued]>
[2026-05-19T22:01:11.603+0000] {taskinstance.py:2170} INFO - Starting attempt 1 of 2
[2026-05-19T22:01:11.621+0000] {taskinstance.py:2191} INFO - Executing <Task(BashOperator): dbt_run> on 2026-05-19 21:00:00+00:00
[2026-05-19T22:01:11.627+0000] {standard_task_runner.py:60} INFO - Started process 55504 to run task
[2026-05-19T22:01:11.632+0000] {standard_task_runner.py:87} INFO - Running: ['***', 'tasks', 'run', 'price_intelligence_pipeline', 'dbt_run', 'scheduled__2026-05-19T21:00:00+00:00', '--job-id', '1499', '--raw', '--subdir', 'DAGS_FOLDER/price_intelligence_dag.py', '--cfg-path', '/tmp/tmpr86s5ank']
[2026-05-19T22:01:11.636+0000] {standard_task_runner.py:88} INFO - Job 1499: Subtask dbt_run
[2026-05-19T22:01:11.731+0000] {task_command.py:423} INFO - Running <TaskInstance: price_intelligence_pipeline.dbt_run scheduled__2026-05-19T21:00:00+00:00 [running]> on host 91e0d3a0a233
[2026-05-19T22:01:11.883+0000] {taskinstance.py:2480} INFO - Exporting env vars: AIRFLOW_CTX_DAG_OWNER='***' AIRFLOW_CTX_DAG_ID='price_intelligence_pipeline' AIRFLOW_CTX_TASK_ID='dbt_run' AIRFLOW_CTX_EXECUTION_DATE='2026-05-19T21:00:00+00:00' AIRFLOW_CTX_TRY_NUMBER='1' AIRFLOW_CTX_DAG_RUN_ID='scheduled__2026-05-19T21:00:00+00:00'
[2026-05-19T22:01:11.890+0000] {subprocess.py:63} INFO - Tmp dir root location: /tmp
[2026-05-19T22:01:11.892+0000] {subprocess.py:75} INFO - Running command: ['/usr/bin/bash', '-c', '\n            set -e\n            cd /opt/***/dbt\n            export GOOGLE_APPLICATION_CREDENTIALS=/opt/***/gcp-credentials-new.json\n            /home/***/.local/bin/dbt run --full-refresh --profiles-dir . --project-dir .\n            echo dbt done\n        ']
[2026-05-19T22:01:11.907+0000] {subprocess.py:86} INFO - Output:
[2026-05-19T22:01:14.465+0000] {subprocess.py:93} INFO - [0m22:01:14  Running with dbt=1.8.7
[2026-05-19T22:01:16.050+0000] {subprocess.py:93} INFO - [0m22:01:16  Registered adapter: bigquery=1.8.3
[2026-05-19T22:01:17.455+0000] {subprocess.py:93} INFO - [0m22:01:17  Found 3 models, 1 seed, 7 data tests, 1 source, 479 macros
[2026-05-19T22:01:17.468+0000] {subprocess.py:93} INFO - [0m22:01:17
[2026-05-19T22:01:28.231+0000] {subprocess.py:93} INFO - [0m22:01:28  Concurrency: 4 threads (target='dev')
[2026-05-19T22:01:28.233+0000] {subprocess.py:93} INFO - [0m22:01:28
[2026-05-19T22:01:28.253+0000] {subprocess.py:93} INFO - [0m22:01:28  1 of 3 START sql view model price_intelligence_dbt.stg_prices .................. [RUN]
[2026-05-19T22:01:31.365+0000] {subprocess.py:93} INFO - [0m22:01:31  1 of 3 OK created sql view model price_intelligence_dbt.stg_prices ............. [[32mCREATE VIEW (0 processed)[0m in 3.11s]
[2026-05-19T22:01:31.375+0000] {subprocess.py:93} INFO - [0m22:01:31  2 of 3 START sql table model price_intelligence_dbt.prices_cleaned ............. [RUN]
[2026-05-19T22:01:35.838+0000] {subprocess.py:93} INFO - [0m22:01:35  2 of 3 OK created sql table model price_intelligence_dbt.prices_cleaned ........ [[32mCREATE TABLE (5.0k rows, 2.6 MiB processed)[0m in 4.46s]
[2026-05-19T22:01:35.847+0000] {subprocess.py:93} INFO - [0m22:01:35  3 of 3 START sql table model price_intelligence_dbt.prices_aggregated .......... [RUN]
[2026-05-19T22:01:40.430+0000] {subprocess.py:93} INFO - [0m22:01:40  3 of 3 OK created sql table model price_intelligence_dbt.prices_aggregated ..... [[32mCREATE TABLE (11.0 rows, 231.8 KiB processed)[0m in 4.58s]
[2026-05-19T22:01:40.448+0000] {subprocess.py:93} INFO - [0m22:01:40
[2026-05-19T22:01:40.449+0000] {subprocess.py:93} INFO - [0m22:01:40  Finished running 1 view model, 2 table models in 0 hours 0 minutes and 22.98 seconds (22.98s).
[2026-05-19T22:01:40.534+0000] {subprocess.py:93} INFO - [0m22:01:40
[2026-05-19T22:01:40.535+0000] {subprocess.py:93} INFO - [0m22:01:40  [32mCompleted successfully[0m
[2026-05-19T22:01:40.536+0000] {subprocess.py:93} INFO - [0m22:01:40
[2026-05-19T22:01:40.538+0000] {subprocess.py:93} INFO - [0m22:01:40  Done. PASS=3 WARN=0 ERROR=0 SKIP=0 TOTAL=3
[2026-05-19T22:01:44.904+0000] {subprocess.py:93} INFO - dbt done
[2026-05-19T22:01:44.909+0000] {subprocess.py:97} INFO - Command exited with return code 0
[2026-05-19T22:01:44.952+0000] {taskinstance.py:1138} INFO - Marking task as SUCCESS. dag_id=price_intelligence_pipeline, task_id=dbt_run, execution_date=20260519T210000, start_date=20260519T220111, end_date=20260519T220144
[2026-05-19T22:01:45.011+0000] {local_task_job_runner.py:234} INFO - Task exited with return code 0
[2026-05-19T22:01:45.044+0000] {taskinstance.py:3280} INFO - 1 downstream tasks scheduled from follow-on schedule check
