[2026-05-05T21:41:57.545+0000] {taskinstance.py:1956} INFO - Dependencies all met for dep_context=non-requeueable deps ti=<TaskInstance: price_intelligence_pipeline.load_bigquery manual__2026-05-05T20:47:12.842845+00:00 [queued]>
[2026-05-05T21:41:57.560+0000] {taskinstance.py:1956} INFO - Dependencies all met for dep_context=requeueable deps ti=<TaskInstance: price_intelligence_pipeline.load_bigquery manual__2026-05-05T20:47:12.842845+00:00 [queued]>
[2026-05-05T21:41:57.561+0000] {taskinstance.py:2170} INFO - Starting attempt 1 of 3
[2026-05-05T21:41:57.586+0000] {taskinstance.py:2191} INFO - Executing <Task(BashOperator): load_bigquery> on 2026-05-05 20:47:12.842845+00:00
[2026-05-05T21:41:57.594+0000] {standard_task_runner.py:60} INFO - Started process 6945 to run task
[2026-05-05T21:41:57.600+0000] {standard_task_runner.py:87} INFO - Running: ['***', 'tasks', 'run', 'price_intelligence_pipeline', 'load_bigquery', 'manual__2026-05-05T20:47:12.842845+00:00', '--job-id', '394', '--raw', '--subdir', 'DAGS_FOLDER/price_intelligence_dag.py', '--cfg-path', '/tmp/tmp1vdigf34']
[2026-05-05T21:41:57.605+0000] {standard_task_runner.py:88} INFO - Job 394: Subtask load_bigquery
[2026-05-05T21:41:57.734+0000] {task_command.py:423} INFO - Running <TaskInstance: price_intelligence_pipeline.load_bigquery manual__2026-05-05T20:47:12.842845+00:00 [running]> on host 25ef6dfa8bdc
[2026-05-05T21:41:57.880+0000] {taskinstance.py:2480} INFO - Exporting env vars: AIRFLOW_CTX_DAG_OWNER='***' AIRFLOW_CTX_DAG_ID='price_intelligence_pipeline' AIRFLOW_CTX_TASK_ID='load_bigquery' AIRFLOW_CTX_EXECUTION_DATE='2026-05-05T20:47:12.842845+00:00' AIRFLOW_CTX_TRY_NUMBER='1' AIRFLOW_CTX_DAG_RUN_ID='manual__2026-05-05T20:47:12.842845+00:00'
[2026-05-05T21:41:57.882+0000] {subprocess.py:63} INFO - Tmp dir root location: /tmp
[2026-05-05T21:41:57.884+0000] {subprocess.py:75} INFO - Running command: ['/usr/bin/bash', '-c', '\n            set -e\n            cd /opt/***\n            export GOOGLE_APPLICATION_CREDENTIALS=/opt/***/gcp-credentials-new.json\n            python3 bigquery_load.py\n            echo BigQuery done\n        ']
[2026-05-05T21:41:57.900+0000] {subprocess.py:86} INFO - Output:
[2026-05-05T21:42:40.675+0000] {subprocess.py:93} INFO - /home/***/.local/lib/python3.8/site-packages/google/auth/_default.py:76: UserWarning: Your application has authenticated using end user credentials from Google Cloud SDK without a quota project. You might receive a "quota exceeded" or "API not enabled" error. See the following page for troubleshooting: https://cloud.google.com/docs/authentication/adc-troubleshooting/user-creds.
[2026-05-05T21:42:40.677+0000] {subprocess.py:93} INFO -   warnings.warn(_CLOUD_SDK_CREDENTIALS_WARNING)
[2026-05-05T21:42:40.682+0000] {subprocess.py:93} INFO - ✅ 7486 lignes chargées dans project-32a82952-90fa-4dd7-b9c.price_intelligence_dbt.prices_raw
[2026-05-05T21:42:40.956+0000] {subprocess.py:93} INFO - BigQuery done
[2026-05-05T21:42:40.958+0000] {subprocess.py:97} INFO - Command exited with return code 0
[2026-05-05T21:42:41.042+0000] {taskinstance.py:1138} INFO - Marking task as SUCCESS. dag_id=price_intelligence_pipeline, task_id=load_bigquery, execution_date=20260505T204712, start_date=20260505T214157, end_date=20260505T214241
[2026-05-05T21:42:41.111+0000] {local_task_job_runner.py:234} INFO - Task exited with return code 0
[2026-05-05T21:42:41.171+0000] {taskinstance.py:3280} INFO - 1 downstream tasks scheduled from follow-on schedule check
