[2026-05-17T14:01:13.925+0000] {taskinstance.py:1956} INFO - Dependencies all met for dep_context=non-requeueable deps ti=<TaskInstance: price_intelligence_pipeline.dbt_run scheduled__2026-05-17T13:00:00+00:00 [queued]>
[2026-05-17T14:01:14.037+0000] {taskinstance.py:1956} INFO - Dependencies all met for dep_context=requeueable deps ti=<TaskInstance: price_intelligence_pipeline.dbt_run scheduled__2026-05-17T13:00:00+00:00 [queued]>
[2026-05-17T14:01:14.040+0000] {taskinstance.py:2170} INFO - Starting attempt 1 of 2
[2026-05-17T14:01:14.106+0000] {taskinstance.py:2191} INFO - Executing <Task(BashOperator): dbt_run> on 2026-05-17 13:00:00+00:00
[2026-05-17T14:01:14.128+0000] {standard_task_runner.py:60} INFO - Started process 40726 to run task
[2026-05-17T14:01:14.154+0000] {standard_task_runner.py:87} INFO - Running: ['***', 'tasks', 'run', 'price_intelligence_pipeline', 'dbt_run', 'scheduled__2026-05-17T13:00:00+00:00', '--job-id', '1328', '--raw', '--subdir', 'DAGS_FOLDER/price_intelligence_dag.py', '--cfg-path', '/tmp/tmpd89yream']
[2026-05-17T14:01:14.167+0000] {standard_task_runner.py:88} INFO - Job 1328: Subtask dbt_run
[2026-05-17T14:01:14.592+0000] {task_command.py:423} INFO - Running <TaskInstance: price_intelligence_pipeline.dbt_run scheduled__2026-05-17T13:00:00+00:00 [running]> on host 91e0d3a0a233
[2026-05-17T14:01:14.929+0000] {taskinstance.py:2480} INFO - Exporting env vars: AIRFLOW_CTX_DAG_OWNER='***' AIRFLOW_CTX_DAG_ID='price_intelligence_pipeline' AIRFLOW_CTX_TASK_ID='dbt_run' AIRFLOW_CTX_EXECUTION_DATE='2026-05-17T13:00:00+00:00' AIRFLOW_CTX_TRY_NUMBER='1' AIRFLOW_CTX_DAG_RUN_ID='scheduled__2026-05-17T13:00:00+00:00'
[2026-05-17T14:01:14.933+0000] {subprocess.py:63} INFO - Tmp dir root location: /tmp
[2026-05-17T14:01:14.939+0000] {subprocess.py:75} INFO - Running command: ['/usr/bin/bash', '-c', '\n            set -e\n            cd /opt/***/dbt\n            export GOOGLE_APPLICATION_CREDENTIALS=/opt/***/gcp-credentials-new.json\n            /home/***/.local/bin/dbt run --full-refresh --profiles-dir . --project-dir .\n            echo dbt done\n        ']
[2026-05-17T14:01:14.972+0000] {subprocess.py:86} INFO - Output:
[2026-05-17T14:01:23.056+0000] {subprocess.py:93} INFO - [0m14:01:23  Running with dbt=1.8.7
[2026-05-17T14:01:27.856+0000] {subprocess.py:93} INFO - [0m14:01:27  Registered adapter: bigquery=1.8.3
[2026-05-17T14:01:31.086+0000] {subprocess.py:93} INFO - [0m14:01:31  Found 3 models, 1 seed, 7 data tests, 1 source, 479 macros
[2026-05-17T14:01:31.106+0000] {subprocess.py:93} INFO - [0m14:01:31
[2026-05-17T14:01:33.652+0000] {subprocess.py:93} INFO - [0m14:01:33  Concurrency: 4 threads (target='dev')
[2026-05-17T14:01:33.658+0000] {subprocess.py:93} INFO - [0m14:01:33
[2026-05-17T14:01:33.692+0000] {subprocess.py:93} INFO - [0m14:01:33  1 of 3 START sql view model price_intelligence_dbt.stg_prices .................. [RUN]
[2026-05-17T14:01:35.888+0000] {subprocess.py:93} INFO - [0m14:01:35  1 of 3 OK created sql view model price_intelligence_dbt.stg_prices ............. [[32mCREATE VIEW (0 processed)[0m in 2.18s]
[2026-05-17T14:01:35.904+0000] {subprocess.py:93} INFO - [0m14:01:35  2 of 3 START sql table model price_intelligence_dbt.prices_cleaned ............. [RUN]
[2026-05-17T14:01:40.201+0000] {subprocess.py:93} INFO - [0m14:01:40  2 of 3 OK created sql table model price_intelligence_dbt.prices_cleaned ........ [[32mCREATE TABLE (5.0k rows, 2.6 MiB processed)[0m in 4.29s]
[2026-05-17T14:01:40.222+0000] {subprocess.py:93} INFO - [0m14:01:40  3 of 3 START sql table model price_intelligence_dbt.prices_aggregated .......... [RUN]
[2026-05-17T14:01:44.360+0000] {subprocess.py:93} INFO - [0m14:01:44  3 of 3 OK created sql table model price_intelligence_dbt.prices_aggregated ..... [[32mCREATE TABLE (11.0 rows, 231.8 KiB processed)[0m in 4.13s]
[2026-05-17T14:01:44.424+0000] {subprocess.py:93} INFO - [0m14:01:44
[2026-05-17T14:01:44.427+0000] {subprocess.py:93} INFO - [0m14:01:44  Finished running 1 view model, 2 table models in 0 hours 0 minutes and 13.31 seconds (13.31s).
[2026-05-17T14:01:45.009+0000] {subprocess.py:93} INFO - [0m14:01:45
[2026-05-17T14:01:45.041+0000] {subprocess.py:93} INFO - [0m14:01:45  [32mCompleted successfully[0m
[2026-05-17T14:01:45.064+0000] {subprocess.py:93} INFO - [0m14:01:45
[2026-05-17T14:01:45.078+0000] {subprocess.py:93} INFO - [0m14:01:45  Done. PASS=3 WARN=0 ERROR=0 SKIP=0 TOTAL=3
[2026-05-17T14:01:49.778+0000] {subprocess.py:93} INFO - dbt done
[2026-05-17T14:01:49.795+0000] {subprocess.py:97} INFO - Command exited with return code 0
[2026-05-17T14:01:49.896+0000] {taskinstance.py:1138} INFO - Marking task as SUCCESS. dag_id=price_intelligence_pipeline, task_id=dbt_run, execution_date=20260517T130000, start_date=20260517T140113, end_date=20260517T140149
[2026-05-17T14:01:49.987+0000] {local_task_job_runner.py:234} INFO - Task exited with return code 0
[2026-05-17T14:01:50.076+0000] {taskinstance.py:3280} INFO - 1 downstream tasks scheduled from follow-on schedule check
