[2026-05-08T20:37:01.934+0000] {taskinstance.py:1956} INFO - Dependencies all met for dep_context=non-requeueable deps ti=<TaskInstance: price_intelligence_pipeline.dbt_run scheduled__2026-05-08T19:00:00+00:00 [queued]>
[2026-05-08T20:37:01.943+0000] {taskinstance.py:1956} INFO - Dependencies all met for dep_context=requeueable deps ti=<TaskInstance: price_intelligence_pipeline.dbt_run scheduled__2026-05-08T19:00:00+00:00 [queued]>
[2026-05-08T20:37:01.944+0000] {taskinstance.py:2170} INFO - Starting attempt 1 of 2
[2026-05-08T20:37:01.955+0000] {taskinstance.py:2191} INFO - Executing <Task(BashOperator): dbt_run> on 2026-05-08 19:00:00+00:00
[2026-05-08T20:37:01.962+0000] {standard_task_runner.py:60} INFO - Started process 2351 to run task
[2026-05-08T20:37:01.966+0000] {standard_task_runner.py:87} INFO - Running: ['***', 'tasks', 'run', 'price_intelligence_pipeline', 'dbt_run', 'scheduled__2026-05-08T19:00:00+00:00', '--job-id', '857', '--raw', '--subdir', 'DAGS_FOLDER/price_intelligence_dag.py', '--cfg-path', '/tmp/tmpx4zqjjnf']
[2026-05-08T20:37:01.969+0000] {standard_task_runner.py:88} INFO - Job 857: Subtask dbt_run
[2026-05-08T20:37:02.042+0000] {task_command.py:423} INFO - Running <TaskInstance: price_intelligence_pipeline.dbt_run scheduled__2026-05-08T19:00:00+00:00 [running]> on host 91e0d3a0a233
[2026-05-08T20:37:02.145+0000] {taskinstance.py:2480} INFO - Exporting env vars: AIRFLOW_CTX_DAG_OWNER='***' AIRFLOW_CTX_DAG_ID='price_intelligence_pipeline' AIRFLOW_CTX_TASK_ID='dbt_run' AIRFLOW_CTX_EXECUTION_DATE='2026-05-08T19:00:00+00:00' AIRFLOW_CTX_TRY_NUMBER='1' AIRFLOW_CTX_DAG_RUN_ID='scheduled__2026-05-08T19:00:00+00:00'
[2026-05-08T20:37:02.147+0000] {subprocess.py:63} INFO - Tmp dir root location: /tmp
[2026-05-08T20:37:02.148+0000] {subprocess.py:75} INFO - Running command: ['/usr/bin/bash', '-c', '\n            set -e\n            cd /opt/***/dbt\n            export GOOGLE_APPLICATION_CREDENTIALS=/opt/***/gcp-credentials-new.json\n            /home/***/.local/bin/dbt run --full-refresh --profiles-dir . --project-dir .\n            echo dbt done\n        ']
[2026-05-08T20:37:02.159+0000] {subprocess.py:86} INFO - Output:
[2026-05-08T20:37:03.956+0000] {subprocess.py:93} INFO - [0m20:37:03  Running with dbt=1.8.7
[2026-05-08T20:37:05.109+0000] {subprocess.py:93} INFO - [0m20:37:05  Registered adapter: bigquery=1.8.3
[2026-05-08T20:37:05.969+0000] {subprocess.py:93} INFO - [0m20:37:05  Found 3 models, 1 seed, 7 data tests, 1 source, 479 macros
[2026-05-08T20:37:05.973+0000] {subprocess.py:93} INFO - [0m20:37:05
[2026-05-08T20:37:07.449+0000] {subprocess.py:93} INFO - [0m20:37:07  Concurrency: 4 threads (target='dev')
[2026-05-08T20:37:07.450+0000] {subprocess.py:93} INFO - [0m20:37:07
[2026-05-08T20:37:07.464+0000] {subprocess.py:93} INFO - [0m20:37:07  1 of 3 START sql view model price_intelligence_dbt.stg_prices .................. [RUN]
[2026-05-08T20:37:09.171+0000] {subprocess.py:93} INFO - [0m20:37:09  1 of 3 OK created sql view model price_intelligence_dbt.stg_prices ............. [[32mCREATE VIEW (0 processed)[0m in 1.70s]
[2026-05-08T20:37:09.175+0000] {subprocess.py:93} INFO - [0m20:37:09  2 of 3 START sql table model price_intelligence_dbt.prices_cleaned ............. [RUN]
[2026-05-08T20:37:12.922+0000] {subprocess.py:93} INFO - [0m20:37:12  2 of 3 OK created sql table model price_intelligence_dbt.prices_cleaned ........ [[32mCREATE TABLE (5.0k rows, 2.6 MiB processed)[0m in 3.74s]
[2026-05-08T20:37:12.928+0000] {subprocess.py:93} INFO - [0m20:37:12  3 of 3 START sql table model price_intelligence_dbt.prices_aggregated .......... [RUN]
[2026-05-08T20:37:16.290+0000] {subprocess.py:93} INFO - [0m20:37:16  3 of 3 OK created sql table model price_intelligence_dbt.prices_aggregated ..... [[32mCREATE TABLE (11.0 rows, 231.8 KiB processed)[0m in 3.36s]
[2026-05-08T20:37:16.298+0000] {subprocess.py:93} INFO - [0m20:37:16
[2026-05-08T20:37:16.299+0000] {subprocess.py:93} INFO - [0m20:37:16  Finished running 1 view model, 2 table models in 0 hours 0 minutes and 10.32 seconds (10.32s).
[2026-05-08T20:37:16.383+0000] {subprocess.py:93} INFO - [0m20:37:16
[2026-05-08T20:37:16.384+0000] {subprocess.py:93} INFO - [0m20:37:16  [32mCompleted successfully[0m
[2026-05-08T20:37:16.385+0000] {subprocess.py:93} INFO - [0m20:37:16
[2026-05-08T20:37:16.386+0000] {subprocess.py:93} INFO - [0m20:37:16  Done. PASS=3 WARN=0 ERROR=0 SKIP=0 TOTAL=3
[2026-05-08T20:37:17.299+0000] {subprocess.py:93} INFO - dbt done
[2026-05-08T20:37:17.304+0000] {subprocess.py:97} INFO - Command exited with return code 0
[2026-05-08T20:37:17.340+0000] {taskinstance.py:1138} INFO - Marking task as SUCCESS. dag_id=price_intelligence_pipeline, task_id=dbt_run, execution_date=20260508T190000, start_date=20260508T203701, end_date=20260508T203717
[2026-05-08T20:37:17.385+0000] {local_task_job_runner.py:234} INFO - Task exited with return code 0
[2026-05-08T20:37:17.412+0000] {taskinstance.py:3280} INFO - 1 downstream tasks scheduled from follow-on schedule check
