[2026-04-27T18:52:53.906+0000] {taskinstance.py:1956} INFO - Dependencies all met for dep_context=non-requeueable deps ti=<TaskInstance: price_intelligence_pipeline.load_bigtable scheduled__2026-04-26T08:00:00+00:00 [queued]>
[2026-04-27T18:52:53.916+0000] {taskinstance.py:1956} INFO - Dependencies all met for dep_context=requeueable deps ti=<TaskInstance: price_intelligence_pipeline.load_bigtable scheduled__2026-04-26T08:00:00+00:00 [queued]>
[2026-04-27T18:52:53.917+0000] {taskinstance.py:2170} INFO - Starting attempt 2 of 3
[2026-04-27T18:52:53.932+0000] {taskinstance.py:2191} INFO - Executing <Task(PythonOperator): load_bigtable> on 2026-04-26 08:00:00+00:00
[2026-04-27T18:52:53.940+0000] {standard_task_runner.py:60} INFO - Started process 104648 to run task
[2026-04-27T18:52:53.944+0000] {standard_task_runner.py:87} INFO - Running: ['***', 'tasks', 'run', 'price_intelligence_pipeline', 'load_bigtable', 'scheduled__2026-04-26T08:00:00+00:00', '--job-id', '73', '--raw', '--subdir', 'DAGS_FOLDER/price_intelligence_dag.py', '--cfg-path', '/tmp/tmp622370pz']
[2026-04-27T18:52:53.948+0000] {standard_task_runner.py:88} INFO - Job 73: Subtask load_bigtable
[2026-04-27T18:52:54.034+0000] {task_command.py:423} INFO - Running <TaskInstance: price_intelligence_pipeline.load_bigtable scheduled__2026-04-26T08:00:00+00:00 [running]> on host f3ebc944c42b
[2026-04-27T18:52:54.151+0000] {taskinstance.py:2480} INFO - Exporting env vars: AIRFLOW_CTX_DAG_OWNER='price_intelligence' AIRFLOW_CTX_DAG_ID='price_intelligence_pipeline' AIRFLOW_CTX_TASK_ID='load_bigtable' AIRFLOW_CTX_EXECUTION_DATE='2026-04-26T08:00:00+00:00' AIRFLOW_CTX_TRY_NUMBER='2' AIRFLOW_CTX_DAG_RUN_ID='scheduled__2026-04-26T08:00:00+00:00'
[2026-04-27T18:52:54.157+0000] {_default.py:683} WARNING - No project ID could be determined. Consider running `gcloud config set project` or setting the GOOGLE_CLOUD_PROJECT environment variable
[2026-04-27T18:52:54.258+0000] {logging_mixin.py:188} INFO - 📦 Traitement jumia_ma: 4803 produits...
[2026-04-27T18:53:01.897+0000] {logging_mixin.py:188} INFO -   ✅ Batch de 500 produits envoyé!
[2026-04-27T18:53:09.004+0000] {logging_mixin.py:188} INFO -   ✅ Batch de 500 produits envoyé!
[2026-04-27T18:53:22.625+0000] {logging_mixin.py:188} INFO -   ✅ Batch de 500 produits envoyé!
[2026-04-27T18:53:31.103+0000] {logging_mixin.py:188} INFO -   ✅ Batch de 500 produits envoyé!
[2026-04-27T18:53:53.472+0000] {logging_mixin.py:188} INFO -   ✅ Batch de 500 produits envoyé!
[2026-04-27T18:54:05.924+0000] {logging_mixin.py:188} INFO -   ✅ Batch de 500 produits envoyé!
[2026-04-27T18:54:18.401+0000] {logging_mixin.py:188} INFO -   ✅ Batch de 500 produits envoyé!
[2026-04-27T18:54:29.564+0000] {logging_mixin.py:188} INFO -   ✅ Batch de 500 produits envoyé!
[2026-04-27T18:54:45.277+0000] {logging_mixin.py:188} INFO -   ✅ Batch de 500 produits envoyé!
[2026-04-27T18:54:45.700+0000] {logging_mixin.py:188} INFO - 📦 Traitement avito_ma: 1710 produits...
[2026-04-27T18:54:54.963+0000] {logging_mixin.py:188} INFO -   ✅ Batch de 500 produits envoyé!
[2026-04-27T18:55:03.980+0000] {logging_mixin.py:188} INFO -   ✅ Batch de 500 produits envoyé!
[2026-04-27T18:55:11.101+0000] {logging_mixin.py:188} INFO -   ✅ Batch de 500 produits envoyé!
[2026-04-27T18:55:18.328+0000] {logging_mixin.py:188} INFO -   ✅ Batch de 500 produits envoyé!
[2026-04-27T18:55:18.363+0000] {logging_mixin.py:188} INFO - 📦 Traitement amazon_ma: 794 produits...
[2026-04-27T18:55:30.104+0000] {logging_mixin.py:188} INFO -   ✅ Batch de 500 produits envoyé!
[2026-04-27T18:55:30.225+0000] {logging_mixin.py:188} INFO - 📦 Traitement electroplanet_ma: 179 produits...
[2026-04-27T18:55:41.131+0000] {logging_mixin.py:188} INFO -   ✅ Batch de 486 produits envoyé!
[2026-04-27T18:55:41.132+0000] {logging_mixin.py:188} INFO - 
✅ TOTAL: 7486 produits chargés dans Bigtable!
[2026-04-27T18:55:41.132+0000] {logging_mixin.py:188} INFO -    Column families: price_cf ✅ metadata_cf ✅ agg_cf ✅
[2026-04-27T18:55:41.133+0000] {logging_mixin.py:188} INFO -    Row key format: product_id#timestamp ✅
[2026-04-27T18:55:41.137+0000] {python.py:201} INFO - Done. Returned value was: 7486
[2026-04-27T18:55:41.169+0000] {taskinstance.py:1138} INFO - Marking task as SUCCESS. dag_id=price_intelligence_pipeline, task_id=load_bigtable, execution_date=20260426T080000, start_date=20260427T185253, end_date=20260427T185541
[2026-04-27T18:55:41.237+0000] {local_task_job_runner.py:234} INFO - Task exited with return code 0
[2026-04-27T18:55:41.274+0000] {taskinstance.py:3280} INFO - 1 downstream tasks scheduled from follow-on schedule check
