[2026-04-27T09:49:22.300+0000] {taskinstance.py:1956} INFO - Dependencies all met for dep_context=non-requeueable deps ti=<TaskInstance: price_intelligence_pipeline.load_bigtable scheduled__2026-04-26T08:00:00+00:00 [queued]>
[2026-04-27T09:49:22.367+0000] {taskinstance.py:1956} INFO - Dependencies all met for dep_context=requeueable deps ti=<TaskInstance: price_intelligence_pipeline.load_bigtable scheduled__2026-04-26T08:00:00+00:00 [queued]>
[2026-04-27T09:49:22.378+0000] {taskinstance.py:2170} INFO - Starting attempt 1 of 3
[2026-04-27T09:49:22.489+0000] {taskinstance.py:2191} INFO - Executing <Task(PythonOperator): load_bigtable> on 2026-04-26 08:00:00+00:00
[2026-04-27T09:49:22.526+0000] {standard_task_runner.py:60} INFO - Started process 104521 to run task
[2026-04-27T09:49:22.520+0000] {standard_task_runner.py:87} INFO - Running: ['***', 'tasks', 'run', 'price_intelligence_pipeline', 'load_bigtable', 'scheduled__2026-04-26T08:00:00+00:00', '--job-id', '72', '--raw', '--subdir', 'DAGS_FOLDER/price_intelligence_dag.py', '--cfg-path', '/tmp/tmpt936r3pt']
[2026-04-27T09:49:22.550+0000] {standard_task_runner.py:88} INFO - Job 72: Subtask load_bigtable
[2026-04-27T09:49:22.816+0000] {task_command.py:423} INFO - Running <TaskInstance: price_intelligence_pipeline.load_bigtable scheduled__2026-04-26T08:00:00+00:00 [running]> on host f3ebc944c42b
[2026-04-27T09:49:23.264+0000] {taskinstance.py:2480} INFO - Exporting env vars: AIRFLOW_CTX_DAG_OWNER='price_intelligence' AIRFLOW_CTX_DAG_ID='price_intelligence_pipeline' AIRFLOW_CTX_TASK_ID='load_bigtable' AIRFLOW_CTX_EXECUTION_DATE='2026-04-26T08:00:00+00:00' AIRFLOW_CTX_TRY_NUMBER='1' AIRFLOW_CTX_DAG_RUN_ID='scheduled__2026-04-26T08:00:00+00:00'
[2026-04-27T09:49:23.305+0000] {_default.py:683} WARNING - No project ID could be determined. Consider running `gcloud config set project` or setting the GOOGLE_CLOUD_PROJECT environment variable
[2026-04-27T09:49:23.983+0000] {logging_mixin.py:188} INFO - 📦 Traitement jumia_ma: 4803 produits...
[2026-04-27T18:47:35.890+0000] {local_task_job_runner.py:211} ERROR - Heartbeat time limit exceeded!
[2026-04-27T18:47:36.452+0000] {process_utils.py:131} INFO - Sending 15 to group 104521. PIDs of all processes in the group: [104521]
[2026-04-27T18:47:36.668+0000] {process_utils.py:86} INFO - Sending the signal 15 to group 104521
[2026-04-27T18:47:36.771+0000] {taskinstance.py:2450} ERROR - Received SIGTERM. Terminating subprocesses.
[2026-04-27T18:47:36.887+0000] {logging_mixin.py:188} INFO - ⚠️ Produit ignoré: Task received SIGTERM signal
[2026-04-27T18:52:09.288+0000] {process_utils.py:149} WARNING - process psutil.Process(pid=104521, name='airflow task ru', status='sleeping', started='09:49:22') did not respond to SIGTERM. Trying SIGKILL
[2026-04-27T18:52:09.295+0000] {process_utils.py:86} INFO - Sending the signal 9 to group 104521
[2026-04-27T18:52:09.405+0000] {process_utils.py:79} INFO - Process psutil.Process(pid=104521, name='airflow task ru', status='terminated', exitcode=<Negsignal.SIGKILL: -9>, started='09:49:22') (104521) terminated with exit code -9
[2026-04-27T18:52:09.407+0000] {standard_task_runner.py:175} ERROR - Job 72 was killed before it finished (likely due to running out of memory)
