[2026-06-11T18:01:24.288+0000] {taskinstance.py:1956} INFO - Dependencies all met for dep_context=non-requeueable deps ti=<TaskInstance: price_intelligence_pipeline.load_bigquery scheduled__2026-06-11T12:00:00+00:00 [queued]>
[2026-06-11T18:01:24.344+0000] {taskinstance.py:1956} INFO - Dependencies all met for dep_context=requeueable deps ti=<TaskInstance: price_intelligence_pipeline.load_bigquery scheduled__2026-06-11T12:00:00+00:00 [queued]>
[2026-06-11T18:01:24.356+0000] {taskinstance.py:2170} INFO - Starting attempt 1 of 2
[2026-06-11T18:01:24.441+0000] {taskinstance.py:2191} INFO - Executing <Task(BashOperator): load_bigquery> on 2026-06-11 12:00:00+00:00
[2026-06-11T18:01:24.462+0000] {standard_task_runner.py:60} INFO - Started process 852 to run task
[2026-06-11T18:01:24.522+0000] {standard_task_runner.py:87} INFO - Running: ['***', 'tasks', 'run', 'price_intelligence_pipeline', 'load_bigquery', 'scheduled__2026-06-11T12:00:00+00:00', '--job-id', '2002', '--raw', '--subdir', 'DAGS_FOLDER/price_intelligence_dag.py', '--cfg-path', '/tmp/tmppv2yuy04']
[2026-06-11T18:01:24.535+0000] {standard_task_runner.py:88} INFO - Job 2002: Subtask load_bigquery
[2026-06-11T18:01:24.922+0000] {task_command.py:423} INFO - Running <TaskInstance: price_intelligence_pipeline.load_bigquery scheduled__2026-06-11T12:00:00+00:00 [running]> on host 91e0d3a0a233
[2026-06-11T18:01:25.512+0000] {taskinstance.py:2480} INFO - Exporting env vars: AIRFLOW_CTX_DAG_OWNER='***' AIRFLOW_CTX_DAG_ID='price_intelligence_pipeline' AIRFLOW_CTX_TASK_ID='load_bigquery' AIRFLOW_CTX_EXECUTION_DATE='2026-06-11T12:00:00+00:00' AIRFLOW_CTX_TRY_NUMBER='1' AIRFLOW_CTX_DAG_RUN_ID='scheduled__2026-06-11T12:00:00+00:00'
[2026-06-11T18:01:25.527+0000] {subprocess.py:63} INFO - Tmp dir root location: /tmp
[2026-06-11T18:01:25.535+0000] {subprocess.py:75} INFO - Running command: ['/usr/bin/bash', '-c', '\n            set -e\n            cd /opt/***\n            export GOOGLE_APPLICATION_CREDENTIALS=/opt/***/gcp-credentials-new.json\n            python3 bigquery_load.py\n            echo BigQuery done\n        ']
[2026-06-11T18:01:25.585+0000] {subprocess.py:86} INFO - Output:
[2026-06-11T18:01:34.157+0000] {subprocess.py:93} INFO - /home/***/.local/lib/python3.8/site-packages/google/auth/_default.py:76: UserWarning: Your application has authenticated using end user credentials from Google Cloud SDK without a quota project. You might receive a "quota exceeded" or "API not enabled" error. See the following page for troubleshooting: https://cloud.google.com/docs/authentication/adc-troubleshooting/user-creds.
[2026-06-11T18:01:34.166+0000] {subprocess.py:93} INFO -   warnings.warn(_CLOUD_SDK_CREDENTIALS_WARNING)
[2026-06-11T18:01:34.170+0000] {subprocess.py:93} INFO - [OK] jumia.ma: 7004 rows
[2026-06-11T18:01:34.177+0000] {subprocess.py:93} INFO - [OK] avito.ma: 1692 rows
[2026-06-11T18:01:34.180+0000] {subprocess.py:93} INFO - [OK] amazon.com: 897 rows
[2026-06-11T18:01:34.189+0000] {subprocess.py:93} INFO - [OK] connecto.ma: 3061 rows
[2026-06-11T18:01:34.193+0000] {subprocess.py:93} INFO - 
[2026-06-11T18:01:34.211+0000] {subprocess.py:93} INFO - TOTAL: 12654 rows
[2026-06-11T18:01:34.227+0000] {subprocess.py:93} INFO - Traceback (most recent call last):
[2026-06-11T18:01:34.239+0000] {subprocess.py:93} INFO -   File "bigquery_load.py", line 106, in <module>
[2026-06-11T18:01:34.241+0000] {subprocess.py:93} INFO -     client.delete_table(TABLE_REF, not_found_ok=True)
[2026-06-11T18:01:34.244+0000] {subprocess.py:93} INFO -   File "/home/***/.local/lib/python3.8/site-packages/google/cloud/bigquery/client.py", line 1853, in delete_table
[2026-06-11T18:01:34.246+0000] {subprocess.py:93} INFO -     self._call_api(
[2026-06-11T18:01:34.248+0000] {subprocess.py:93} INFO -   File "/home/***/.local/lib/python3.8/site-packages/google/cloud/bigquery/client.py", line 818, in _call_api
[2026-06-11T18:01:34.256+0000] {subprocess.py:93} INFO -     return call()
[2026-06-11T18:01:34.259+0000] {subprocess.py:93} INFO -   File "/home/***/.local/lib/python3.8/site-packages/google/api_core/retry.py", line 372, in retry_wrapped_func
[2026-06-11T18:01:34.261+0000] {subprocess.py:93} INFO -     return retry_target(
[2026-06-11T18:01:34.265+0000] {subprocess.py:93} INFO -   File "/home/***/.local/lib/python3.8/site-packages/google/api_core/retry.py", line 207, in retry_target
[2026-06-11T18:01:34.275+0000] {subprocess.py:93} INFO -     result = target()
[2026-06-11T18:01:34.277+0000] {subprocess.py:93} INFO -   File "/home/***/.local/lib/python3.8/site-packages/google/cloud/_http/__init__.py", line 482, in api_request
[2026-06-11T18:01:34.290+0000] {subprocess.py:93} INFO -     response = self._make_request(
[2026-06-11T18:01:34.310+0000] {subprocess.py:93} INFO -   File "/home/***/.local/lib/python3.8/site-packages/google/cloud/_http/__init__.py", line 341, in _make_request
[2026-06-11T18:01:34.312+0000] {subprocess.py:93} INFO -     return self._do_request(
[2026-06-11T18:01:34.329+0000] {subprocess.py:93} INFO -   File "/home/***/.local/lib/python3.8/site-packages/google/cloud/_http/__init__.py", line 379, in _do_request
[2026-06-11T18:01:34.337+0000] {subprocess.py:93} INFO -     return self.http.request(
[2026-06-11T18:01:34.340+0000] {subprocess.py:93} INFO -   File "/home/***/.local/lib/python3.8/site-packages/google/auth/transport/requests.py", line 537, in request
[2026-06-11T18:01:34.345+0000] {subprocess.py:93} INFO -     self.credentials.before_request(auth_request, method, url, request_headers)
[2026-06-11T18:01:34.352+0000] {subprocess.py:93} INFO -   File "/home/***/.local/lib/python3.8/site-packages/google/auth/credentials.py", line 228, in before_request
[2026-06-11T18:01:34.361+0000] {subprocess.py:93} INFO -     self._blocking_refresh(request)
[2026-06-11T18:01:34.368+0000] {subprocess.py:93} INFO -   File "/home/***/.local/lib/python3.8/site-packages/google/auth/credentials.py", line 191, in _blocking_refresh
[2026-06-11T18:01:34.387+0000] {subprocess.py:93} INFO -     self.refresh(request)
[2026-06-11T18:01:34.435+0000] {subprocess.py:93} INFO -   File "/home/***/.local/lib/python3.8/site-packages/google/oauth2/credentials.py", line 390, in refresh
[2026-06-11T18:01:34.563+0000] {subprocess.py:93} INFO -     ) = reauth.refresh_grant(
[2026-06-11T18:01:34.670+0000] {subprocess.py:93} INFO -   File "/home/***/.local/lib/python3.8/site-packages/google/oauth2/reauth.py", line 365, in refresh_grant
[2026-06-11T18:01:34.702+0000] {subprocess.py:93} INFO -     _client._handle_error_response(response_data, retryable_error)
[2026-06-11T18:01:34.763+0000] {subprocess.py:93} INFO -   File "/home/***/.local/lib/python3.8/site-packages/google/oauth2/_client.py", line 72, in _handle_error_response
[2026-06-11T18:01:34.774+0000] {subprocess.py:93} INFO -     raise exceptions.RefreshError(
[2026-06-11T18:01:34.798+0000] {subprocess.py:93} INFO - google.auth.exceptions.RefreshError: ('invalid_grant: Token has been expired or revoked.', {'error': 'invalid_grant', 'error_description': 'Token has been expired or revoked.'})
[2026-06-11T18:01:35.014+0000] {subprocess.py:97} INFO - Command exited with return code 1
[2026-06-11T18:01:35.121+0000] {taskinstance.py:2698} ERROR - Task failed with exception
Traceback (most recent call last):
  File "/home/airflow/.local/lib/python3.8/site-packages/airflow/models/taskinstance.py", line 428, in _execute_task
    result = execute_callable(context=context, **execute_callable_kwargs)
  File "/home/airflow/.local/lib/python3.8/site-packages/airflow/operators/bash.py", line 212, in execute
    raise AirflowException(
airflow.exceptions.AirflowException: Bash command failed. The command returned a non-zero exit code 1.
[2026-06-11T18:01:35.148+0000] {taskinstance.py:1138} INFO - Marking task as UP_FOR_RETRY. dag_id=price_intelligence_pipeline, task_id=load_bigquery, execution_date=20260611T120000, start_date=20260611T180124, end_date=20260611T180135
[2026-06-11T18:01:35.246+0000] {standard_task_runner.py:107} ERROR - Failed to execute job 2002 for task load_bigquery (Bash command failed. The command returned a non-zero exit code 1.; 852)
[2026-06-11T18:01:35.332+0000] {local_task_job_runner.py:234} INFO - Task exited with return code 1
[2026-06-11T18:01:35.476+0000] {taskinstance.py:3280} INFO - 0 downstream tasks scheduled from follow-on schedule check
