[2026-05-11T19:01:26.735+0000] {taskinstance.py:1956} INFO - Dependencies all met for dep_context=non-requeueable deps ti=<TaskInstance: price_intelligence_pipeline.dbt_run scheduled__2026-05-11T18:00:00+00:00 [queued]>
[2026-05-11T19:01:26.766+0000] {taskinstance.py:1956} INFO - Dependencies all met for dep_context=requeueable deps ti=<TaskInstance: price_intelligence_pipeline.dbt_run scheduled__2026-05-11T18:00:00+00:00 [queued]>
[2026-05-11T19:01:26.769+0000] {taskinstance.py:2170} INFO - Starting attempt 1 of 2
[2026-05-11T19:01:26.827+0000] {taskinstance.py:2191} INFO - Executing <Task(BashOperator): dbt_run> on 2026-05-11 18:00:00+00:00
[2026-05-11T19:01:26.860+0000] {standard_task_runner.py:60} INFO - Started process 9433 to run task
[2026-05-11T19:01:26.871+0000] {standard_task_runner.py:87} INFO - Running: ['***', 'tasks', 'run', 'price_intelligence_pipeline', 'dbt_run', 'scheduled__2026-05-11T18:00:00+00:00', '--job-id', '984', '--raw', '--subdir', 'DAGS_FOLDER/price_intelligence_dag.py', '--cfg-path', '/tmp/tmpsq_vb9ym']
[2026-05-11T19:01:26.925+0000] {standard_task_runner.py:88} INFO - Job 984: Subtask dbt_run
[2026-05-11T19:01:27.313+0000] {task_command.py:423} INFO - Running <TaskInstance: price_intelligence_pipeline.dbt_run scheduled__2026-05-11T18:00:00+00:00 [running]> on host 91e0d3a0a233
[2026-05-11T19:01:27.715+0000] {taskinstance.py:2480} INFO - Exporting env vars: AIRFLOW_CTX_DAG_OWNER='***' AIRFLOW_CTX_DAG_ID='price_intelligence_pipeline' AIRFLOW_CTX_TASK_ID='dbt_run' AIRFLOW_CTX_EXECUTION_DATE='2026-05-11T18:00:00+00:00' AIRFLOW_CTX_TRY_NUMBER='1' AIRFLOW_CTX_DAG_RUN_ID='scheduled__2026-05-11T18:00:00+00:00'
[2026-05-11T19:01:27.718+0000] {subprocess.py:63} INFO - Tmp dir root location: /tmp
[2026-05-11T19:01:27.724+0000] {subprocess.py:75} INFO - Running command: ['/usr/bin/bash', '-c', '\n            set -e\n            cd /opt/***/dbt\n            export GOOGLE_APPLICATION_CREDENTIALS=/opt/***/gcp-credentials-new.json\n            /home/***/.local/bin/dbt run --full-refresh --profiles-dir . --project-dir .\n            echo dbt done\n        ']
[2026-05-11T19:01:27.759+0000] {subprocess.py:86} INFO - Output:
[2026-05-11T19:01:35.524+0000] {subprocess.py:93} INFO - [0m19:01:35  Running with dbt=1.8.7
[2026-05-11T19:01:37.986+0000] {subprocess.py:93} INFO - [0m19:01:37  Registered adapter: bigquery=1.8.3
[2026-05-11T19:01:39.759+0000] {subprocess.py:93} INFO - [0m19:01:39  Found 3 models, 1 seed, 7 data tests, 1 source, 479 macros
[2026-05-11T19:01:39.767+0000] {subprocess.py:93} INFO - [0m19:01:39
[2026-05-11T19:01:41.598+0000] {subprocess.py:93} INFO - [0m19:01:41  Concurrency: 4 threads (target='dev')
[2026-05-11T19:01:41.599+0000] {subprocess.py:93} INFO - [0m19:01:41
[2026-05-11T19:01:41.616+0000] {subprocess.py:93} INFO - [0m19:01:41  1 of 3 START sql view model price_intelligence_dbt.stg_prices .................. [RUN]
[2026-05-11T19:01:43.682+0000] {subprocess.py:93} INFO - [0m19:01:43  1 of 3 OK created sql view model price_intelligence_dbt.stg_prices ............. [[32mCREATE VIEW (0 processed)[0m in 2.05s]
[2026-05-11T19:01:43.695+0000] {subprocess.py:93} INFO - [0m19:01:43  2 of 3 START sql table model price_intelligence_dbt.prices_cleaned ............. [RUN]
[2026-05-11T19:01:49.221+0000] {subprocess.py:93} INFO - [0m19:01:49  2 of 3 OK created sql table model price_intelligence_dbt.prices_cleaned ........ [[32mCREATE TABLE (5.0k rows, 2.6 MiB processed)[0m in 5.52s]
[2026-05-11T19:01:49.231+0000] {subprocess.py:93} INFO - [0m19:01:49  3 of 3 START sql table model price_intelligence_dbt.prices_aggregated .......... [RUN]
[2026-05-11T19:01:53.369+0000] {subprocess.py:93} INFO - [0m19:01:53  3 of 3 OK created sql table model price_intelligence_dbt.prices_aggregated ..... [[32mCREATE TABLE (11.0 rows, 231.8 KiB processed)[0m in 4.13s]
[2026-05-11T19:01:53.391+0000] {subprocess.py:93} INFO - [0m19:01:53
[2026-05-11T19:01:53.394+0000] {subprocess.py:93} INFO - [0m19:01:53  Finished running 1 view model, 2 table models in 0 hours 0 minutes and 13.62 seconds (13.62s).
[2026-05-11T19:01:53.699+0000] {subprocess.py:93} INFO - [0m19:01:53
[2026-05-11T19:01:53.701+0000] {subprocess.py:93} INFO - [0m19:01:53  [32mCompleted successfully[0m
[2026-05-11T19:01:53.703+0000] {subprocess.py:93} INFO - [0m19:01:53
[2026-05-11T19:01:53.707+0000] {subprocess.py:93} INFO - [0m19:01:53  Done. PASS=3 WARN=0 ERROR=0 SKIP=0 TOTAL=3
[2026-05-11T19:01:58.534+0000] {subprocess.py:93} INFO - dbt done
[2026-05-11T19:01:58.548+0000] {subprocess.py:97} INFO - Command exited with return code 0
[2026-05-11T19:01:58.675+0000] {taskinstance.py:1138} INFO - Marking task as SUCCESS. dag_id=price_intelligence_pipeline, task_id=dbt_run, execution_date=20260511T180000, start_date=20260511T190126, end_date=20260511T190158
[2026-05-11T19:01:58.781+0000] {local_task_job_runner.py:234} INFO - Task exited with return code 0
[2026-05-11T19:01:58.888+0000] {taskinstance.py:3280} INFO - 0 downstream tasks scheduled from follow-on schedule check
