[2026-05-08T17:01:41.567+0000] {taskinstance.py:1956} INFO - Dependencies all met for dep_context=non-requeueable deps ti=<TaskInstance: price_intelligence_pipeline.scrape_avito manual__2026-05-08T16:52:18.551451+00:00 [queued]>
[2026-05-08T17:01:41.589+0000] {taskinstance.py:1956} INFO - Dependencies all met for dep_context=requeueable deps ti=<TaskInstance: price_intelligence_pipeline.scrape_avito manual__2026-05-08T16:52:18.551451+00:00 [queued]>
[2026-05-08T17:01:41.590+0000] {taskinstance.py:2170} INFO - Starting attempt 1 of 2
[2026-05-08T17:01:41.622+0000] {taskinstance.py:2191} INFO - Executing <Task(BashOperator): scrape_avito> on 2026-05-08 16:52:18.551451+00:00
[2026-05-08T17:01:41.631+0000] {standard_task_runner.py:60} INFO - Started process 5867 to run task
[2026-05-08T17:01:41.637+0000] {standard_task_runner.py:87} INFO - Running: ['***', 'tasks', 'run', 'price_intelligence_pipeline', 'scrape_avito', 'manual__2026-05-08T16:52:18.551451+00:00', '--job-id', '796', '--raw', '--subdir', 'DAGS_FOLDER/price_intelligence_dag.py', '--cfg-path', '/tmp/tmpenwzzudo']
[2026-05-08T17:01:41.644+0000] {standard_task_runner.py:88} INFO - Job 796: Subtask scrape_avito
[2026-05-08T17:01:41.877+0000] {task_command.py:423} INFO - Running <TaskInstance: price_intelligence_pipeline.scrape_avito manual__2026-05-08T16:52:18.551451+00:00 [running]> on host 25ef6dfa8bdc
[2026-05-08T17:01:42.266+0000] {taskinstance.py:2480} INFO - Exporting env vars: AIRFLOW_CTX_DAG_OWNER='***' AIRFLOW_CTX_DAG_ID='price_intelligence_pipeline' AIRFLOW_CTX_TASK_ID='scrape_avito' AIRFLOW_CTX_EXECUTION_DATE='2026-05-08T16:52:18.551451+00:00' AIRFLOW_CTX_TRY_NUMBER='1' AIRFLOW_CTX_DAG_RUN_ID='manual__2026-05-08T16:52:18.551451+00:00'
[2026-05-08T17:01:42.271+0000] {subprocess.py:63} INFO - Tmp dir root location: /tmp
[2026-05-08T17:01:42.275+0000] {subprocess.py:75} INFO - Running command: ['/usr/bin/bash', '-c', '\n            cd /opt/***\n            mkdir -p data/raw\n            export DISPLAY=:99\n            python3 scrapers/spiders/avito_ma.py || echo "Avito done with warnings"\n        ']
[2026-05-08T17:01:42.314+0000] {subprocess.py:86} INFO - Output:
[2026-05-08T17:01:58.539+0000] {subprocess.py:93} INFO - Traceback (most recent call last):
[2026-05-08T17:01:58.540+0000] {subprocess.py:93} INFO -   File "scrapers/spiders/avito_ma.py", line 93, in <module>
[2026-05-08T17:01:58.540+0000] {subprocess.py:93} INFO -     scrape_avito()
[2026-05-08T17:01:58.541+0000] {subprocess.py:93} INFO -   File "scrapers/spiders/avito_ma.py", line 25, in scrape_avito
[2026-05-08T17:01:58.541+0000] {subprocess.py:93} INFO -     driver = webdriver.Chrome(service=Service(ChromeDriverManager().install()), options=options)
[2026-05-08T17:01:58.542+0000] {subprocess.py:93} INFO -   File "/home/***/.local/lib/python3.8/site-packages/selenium/webdriver/chrome/webdriver.py", line 45, in __init__
[2026-05-08T17:01:58.542+0000] {subprocess.py:93} INFO -     super().__init__(
[2026-05-08T17:01:58.543+0000] {subprocess.py:93} INFO -   File "/home/***/.local/lib/python3.8/site-packages/selenium/webdriver/chromium/webdriver.py", line 66, in __init__
[2026-05-08T17:01:58.543+0000] {subprocess.py:93} INFO -     super().__init__(command_executor=executor, options=options)
[2026-05-08T17:01:58.544+0000] {subprocess.py:93} INFO -   File "/home/***/.local/lib/python3.8/site-packages/selenium/webdriver/remote/webdriver.py", line 241, in __init__
[2026-05-08T17:01:58.544+0000] {subprocess.py:93} INFO -     self.start_session(capabilities)
[2026-05-08T17:01:58.545+0000] {subprocess.py:93} INFO -   File "/home/***/.local/lib/python3.8/site-packages/selenium/webdriver/remote/webdriver.py", line 329, in start_session
[2026-05-08T17:01:58.546+0000] {subprocess.py:93} INFO -     response = self.execute(Command.NEW_SESSION, caps)["value"]
[2026-05-08T17:01:58.547+0000] {subprocess.py:93} INFO -   File "/home/***/.local/lib/python3.8/site-packages/selenium/webdriver/remote/webdriver.py", line 384, in execute
[2026-05-08T17:01:58.547+0000] {subprocess.py:93} INFO -     self.error_handler.check_response(response)
[2026-05-08T17:01:58.548+0000] {subprocess.py:93} INFO -   File "/home/***/.local/lib/python3.8/site-packages/selenium/webdriver/remote/errorhandler.py", line 232, in check_response
[2026-05-08T17:01:58.548+0000] {subprocess.py:93} INFO -     raise exception_class(message, screen, stacktrace)
[2026-05-08T17:01:58.549+0000] {subprocess.py:93} INFO - selenium.common.exceptions.SessionNotCreatedException: Message: session not created: This version of ChromeDriver only supports Chrome version 114
[2026-05-08T17:01:58.549+0000] {subprocess.py:93} INFO - Current browser version is 147.0.7727.137 with binary path /usr/bin/chromium
[2026-05-08T17:01:58.550+0000] {subprocess.py:93} INFO - Stacktrace:
[2026-05-08T17:01:58.550+0000] {subprocess.py:93} INFO - #0 0x63a3811244e3 <unknown>
[2026-05-08T17:01:58.551+0000] {subprocess.py:93} INFO - #1 0x63a380e53c76 <unknown>
[2026-05-08T17:01:58.551+0000] {subprocess.py:93} INFO - #2 0x63a380e8104a <unknown>
[2026-05-08T17:01:58.552+0000] {subprocess.py:93} INFO - #3 0x63a380e7c4a1 <unknown>
[2026-05-08T17:01:58.552+0000] {subprocess.py:93} INFO - #4 0x63a380e79029 <unknown>
[2026-05-08T17:01:58.553+0000] {subprocess.py:93} INFO - #5 0x63a380eb7ccc <unknown>
[2026-05-08T17:01:58.553+0000] {subprocess.py:93} INFO - #6 0x63a380eb747f <unknown>
[2026-05-08T17:01:58.553+0000] {subprocess.py:93} INFO - #7 0x63a380eaede3 <unknown>
[2026-05-08T17:01:58.554+0000] {subprocess.py:93} INFO - #8 0x63a380e842dd <unknown>
[2026-05-08T17:01:58.554+0000] {subprocess.py:93} INFO - #9 0x63a380e8534e <unknown>
[2026-05-08T17:01:58.555+0000] {subprocess.py:93} INFO - #10 0x63a3810e43e4 <unknown>
[2026-05-08T17:01:58.555+0000] {subprocess.py:93} INFO - #11 0x63a3810e83d7 <unknown>
[2026-05-08T17:01:58.556+0000] {subprocess.py:93} INFO - #12 0x63a3810f2b20 <unknown>
[2026-05-08T17:01:58.556+0000] {subprocess.py:93} INFO - #13 0x63a3810e9023 <unknown>
[2026-05-08T17:01:58.557+0000] {subprocess.py:93} INFO - #14 0x63a3810b71aa <unknown>
[2026-05-08T17:01:58.557+0000] {subprocess.py:93} INFO - #15 0x63a38110d6b8 <unknown>
[2026-05-08T17:01:58.557+0000] {subprocess.py:93} INFO - #16 0x63a38110d847 <unknown>
[2026-05-08T17:01:58.558+0000] {subprocess.py:93} INFO - #17 0x63a38111d243 <unknown>
[2026-05-08T17:01:58.558+0000] {subprocess.py:93} INFO - #18 0x76ab6b674134 <unknown>
[2026-05-08T17:01:58.559+0000] {subprocess.py:93} INFO - 
[2026-05-08T17:01:58.591+0000] {subprocess.py:93} INFO - Avito done with warnings
[2026-05-08T17:01:58.592+0000] {subprocess.py:97} INFO - Command exited with return code 0
[2026-05-08T17:01:58.638+0000] {taskinstance.py:1138} INFO - Marking task as SUCCESS. dag_id=price_intelligence_pipeline, task_id=scrape_avito, execution_date=20260508T165218, start_date=20260508T170141, end_date=20260508T170158
[2026-05-08T17:01:58.692+0000] {local_task_job_runner.py:234} INFO - Task exited with return code 0
[2026-05-08T17:01:58.727+0000] {taskinstance.py:3280} INFO - 1 downstream tasks scheduled from follow-on schedule check
