[2026-05-08T17:19:29.661+0000] {taskinstance.py:1956} INFO - Dependencies all met for dep_context=non-requeueable deps ti=<TaskInstance: price_intelligence_pipeline.load_bigquery manual__2026-05-08T17:19:22.694743+00:00 [queued]>
[2026-05-08T17:19:29.692+0000] {taskinstance.py:1956} INFO - Dependencies all met for dep_context=requeueable deps ti=<TaskInstance: price_intelligence_pipeline.load_bigquery manual__2026-05-08T17:19:22.694743+00:00 [queued]>
[2026-05-08T17:19:29.693+0000] {taskinstance.py:2170} INFO - Starting attempt 1 of 2
[2026-05-08T17:19:29.743+0000] {taskinstance.py:2191} INFO - Executing <Task(BashOperator): load_bigquery> on 2026-05-08 17:19:22.694743+00:00
[2026-05-08T17:19:29.753+0000] {standard_task_runner.py:60} INFO - Started process 438 to run task
[2026-05-08T17:19:29.768+0000] {standard_task_runner.py:87} INFO - Running: ['***', 'tasks', 'run', 'price_intelligence_pipeline', 'load_bigquery', 'manual__2026-05-08T17:19:22.694743+00:00', '--job-id', '822', '--raw', '--subdir', 'DAGS_FOLDER/price_intelligence_dag.py', '--cfg-path', '/tmp/tmp47kprpg7']
[2026-05-08T17:19:29.775+0000] {standard_task_runner.py:88} INFO - Job 822: Subtask load_bigquery
[2026-05-08T17:19:29.976+0000] {task_command.py:423} INFO - Running <TaskInstance: price_intelligence_pipeline.load_bigquery manual__2026-05-08T17:19:22.694743+00:00 [running]> on host 91e0d3a0a233
[2026-05-08T17:19:30.311+0000] {taskinstance.py:2480} INFO - Exporting env vars: AIRFLOW_CTX_DAG_OWNER='***' AIRFLOW_CTX_DAG_ID='price_intelligence_pipeline' AIRFLOW_CTX_TASK_ID='load_bigquery' AIRFLOW_CTX_EXECUTION_DATE='2026-05-08T17:19:22.694743+00:00' AIRFLOW_CTX_TRY_NUMBER='1' AIRFLOW_CTX_DAG_RUN_ID='manual__2026-05-08T17:19:22.694743+00:00'
[2026-05-08T17:19:30.314+0000] {subprocess.py:63} INFO - Tmp dir root location: /tmp
[2026-05-08T17:19:30.318+0000] {subprocess.py:75} INFO - Running command: ['/usr/bin/bash', '-c', '\n            set -e\n            cd /opt/***\n            export GOOGLE_APPLICATION_CREDENTIALS=/opt/***/gcp-credentials-new.json\n            python3 bigquery_load.py\n            echo BigQuery done\n        ']
[2026-05-08T17:19:30.337+0000] {subprocess.py:86} INFO - Output:
[2026-05-08T17:19:32.428+0000] {subprocess.py:93} INFO - Traceback (most recent call last):
[2026-05-08T17:19:32.432+0000] {subprocess.py:93} INFO -   File "bigquery_load.py", line 18, in <module>
[2026-05-08T17:19:32.433+0000] {subprocess.py:93} INFO -     client = bigquery.Client(project=PROJECT_ID)
[2026-05-08T17:19:32.434+0000] {subprocess.py:93} INFO -   File "/home/***/.local/lib/python3.8/site-packages/google/cloud/bigquery/client.py", line 237, in __init__
[2026-05-08T17:19:32.436+0000] {subprocess.py:93} INFO -     super(Client, self).__init__(
[2026-05-08T17:19:32.437+0000] {subprocess.py:93} INFO -   File "/home/***/.local/lib/python3.8/site-packages/google/cloud/client/__init__.py", line 321, in __init__
[2026-05-08T17:19:32.438+0000] {subprocess.py:93} INFO -     Client.__init__(
[2026-05-08T17:19:32.440+0000] {subprocess.py:93} INFO -   File "/home/***/.local/lib/python3.8/site-packages/google/cloud/client/__init__.py", line 178, in __init__
[2026-05-08T17:19:32.441+0000] {subprocess.py:93} INFO -     credentials, _ = google.auth.default(scopes=scopes)
[2026-05-08T17:19:32.442+0000] {subprocess.py:93} INFO -   File "/home/***/.local/lib/python3.8/site-packages/google/auth/_default.py", line 657, in default
[2026-05-08T17:19:32.444+0000] {subprocess.py:93} INFO -     credentials, project_id = checker()
[2026-05-08T17:19:32.448+0000] {subprocess.py:93} INFO -   File "/home/***/.local/lib/python3.8/site-packages/google/auth/_default.py", line 650, in <lambda>
[2026-05-08T17:19:32.452+0000] {subprocess.py:93} INFO -     lambda: _get_explicit_environ_credentials(quota_project_id=quota_project_id),
[2026-05-08T17:19:32.453+0000] {subprocess.py:93} INFO -   File "/home/***/.local/lib/python3.8/site-packages/google/auth/_default.py", line 270, in _get_explicit_environ_credentials
[2026-05-08T17:19:32.455+0000] {subprocess.py:93} INFO -     credentials, project_id = load_credentials_from_file(
[2026-05-08T17:19:32.456+0000] {subprocess.py:93} INFO -   File "/home/***/.local/lib/python3.8/site-packages/google/auth/_default.py", line 118, in load_credentials_from_file
[2026-05-08T17:19:32.457+0000] {subprocess.py:93} INFO -     with io.open(filename, "r") as file_obj:
[2026-05-08T17:19:32.458+0000] {subprocess.py:93} INFO - PermissionError: [Errno 13] Permission denied: '/opt/***/gcp-credentials-new.json'
[2026-05-08T17:19:32.653+0000] {subprocess.py:97} INFO - Command exited with return code 1
[2026-05-08T17:19:32.686+0000] {taskinstance.py:2698} ERROR - Task failed with exception
Traceback (most recent call last):
  File "/home/airflow/.local/lib/python3.8/site-packages/airflow/models/taskinstance.py", line 428, in _execute_task
    result = execute_callable(context=context, **execute_callable_kwargs)
  File "/home/airflow/.local/lib/python3.8/site-packages/airflow/operators/bash.py", line 212, in execute
    raise AirflowException(
airflow.exceptions.AirflowException: Bash command failed. The command returned a non-zero exit code 1.
[2026-05-08T17:19:32.692+0000] {taskinstance.py:1138} INFO - Marking task as UP_FOR_RETRY. dag_id=price_intelligence_pipeline, task_id=load_bigquery, execution_date=20260508T171922, start_date=20260508T171929, end_date=20260508T171932
[2026-05-08T17:19:32.718+0000] {standard_task_runner.py:107} ERROR - Failed to execute job 822 for task load_bigquery (Bash command failed. The command returned a non-zero exit code 1.; 438)
[2026-05-08T17:19:32.758+0000] {local_task_job_runner.py:234} INFO - Task exited with return code 1
[2026-05-08T17:19:32.816+0000] {taskinstance.py:3280} INFO - 0 downstream tasks scheduled from follow-on schedule check
