[2026-05-08T17:05:45.827+0000] {taskinstance.py:1956} INFO - Dependencies all met for dep_context=non-requeueable deps ti=<TaskInstance: price_intelligence_pipeline.dbt_run scheduled__2026-05-08T16:00:00+00:00 [queued]>
[2026-05-08T17:05:45.855+0000] {taskinstance.py:1956} INFO - Dependencies all met for dep_context=requeueable deps ti=<TaskInstance: price_intelligence_pipeline.dbt_run scheduled__2026-05-08T16:00:00+00:00 [queued]>
[2026-05-08T17:05:45.857+0000] {taskinstance.py:2170} INFO - Starting attempt 1 of 2
[2026-05-08T17:05:45.909+0000] {taskinstance.py:2191} INFO - Executing <Task(BashOperator): dbt_run> on 2026-05-08 16:00:00+00:00
[2026-05-08T17:05:45.924+0000] {standard_task_runner.py:60} INFO - Started process 6541 to run task
[2026-05-08T17:05:45.939+0000] {standard_task_runner.py:87} INFO - Running: ['***', 'tasks', 'run', 'price_intelligence_pipeline', 'dbt_run', 'scheduled__2026-05-08T16:00:00+00:00', '--job-id', '807', '--raw', '--subdir', 'DAGS_FOLDER/price_intelligence_dag.py', '--cfg-path', '/tmp/tmp6unhsd_k']
[2026-05-08T17:05:45.945+0000] {standard_task_runner.py:88} INFO - Job 807: Subtask dbt_run
[2026-05-08T17:05:46.130+0000] {task_command.py:423} INFO - Running <TaskInstance: price_intelligence_pipeline.dbt_run scheduled__2026-05-08T16:00:00+00:00 [running]> on host 25ef6dfa8bdc
[2026-05-08T17:05:46.551+0000] {taskinstance.py:2480} INFO - Exporting env vars: AIRFLOW_CTX_DAG_OWNER='***' AIRFLOW_CTX_DAG_ID='price_intelligence_pipeline' AIRFLOW_CTX_TASK_ID='dbt_run' AIRFLOW_CTX_EXECUTION_DATE='2026-05-08T16:00:00+00:00' AIRFLOW_CTX_TRY_NUMBER='1' AIRFLOW_CTX_DAG_RUN_ID='scheduled__2026-05-08T16:00:00+00:00'
[2026-05-08T17:05:46.555+0000] {subprocess.py:63} INFO - Tmp dir root location: /tmp
[2026-05-08T17:05:46.567+0000] {subprocess.py:75} INFO - Running command: ['/usr/bin/bash', '-c', '\n            set -e\n            cd /opt/***/dbt\n            export GOOGLE_APPLICATION_CREDENTIALS=/opt/***/gcp-credentials-new.json\n            /home/***/.local/bin/dbt run --full-refresh --profiles-dir . --project-dir .\n            echo dbt done\n        ']
[2026-05-08T17:05:46.611+0000] {subprocess.py:86} INFO - Output:
[2026-05-08T17:05:52.448+0000] {subprocess.py:93} INFO - [0m17:05:52  Running with dbt=1.8.7
[2026-05-08T17:05:56.037+0000] {subprocess.py:93} INFO - [0m17:05:56  Registered adapter: bigquery=1.8.3
[2026-05-08T17:05:58.874+0000] {subprocess.py:93} INFO - [0m17:05:58  Found 3 models, 1 seed, 7 data tests, 1 source, 479 macros
[2026-05-08T17:05:58.882+0000] {subprocess.py:93} INFO - [0m17:05:58
[2026-05-08T17:06:00.857+0000] {subprocess.py:93} INFO - [0m17:06:00  Concurrency: 4 threads (target='dev')
[2026-05-08T17:06:00.858+0000] {subprocess.py:93} INFO - [0m17:06:00
[2026-05-08T17:06:00.881+0000] {subprocess.py:93} INFO - [0m17:06:00  1 of 3 START sql view model price_intelligence_dbt.stg_prices .................. [RUN]
[2026-05-08T17:06:03.833+0000] {subprocess.py:93} INFO - [0m17:06:03  BigQuery adapter: https://console.cloud.google.com/bigquery?project=project-32a82952-90fa-4dd7-b9c&j=bq:US:7051c4fd-ae10-47fe-b922-9a95a6444996&page=queryresults
[2026-05-08T17:06:03.857+0000] {subprocess.py:93} INFO - [0m17:06:03  1 of 3 ERROR creating sql view model price_intelligence_dbt.stg_prices ......... [[31mERROR[0m in 2.97s]
[2026-05-08T17:06:03.880+0000] {subprocess.py:93} INFO - [0m17:06:03  2 of 3 SKIP relation price_intelligence_dbt.prices_cleaned ..................... [[33mSKIP[0m]
[2026-05-08T17:06:03.892+0000] {subprocess.py:93} INFO - [0m17:06:03  3 of 3 SKIP relation price_intelligence_dbt.prices_aggregated .................. [[33mSKIP[0m]
[2026-05-08T17:06:03.926+0000] {subprocess.py:93} INFO - [0m17:06:03
[2026-05-08T17:06:03.929+0000] {subprocess.py:93} INFO - [0m17:06:03  Finished running 1 view model, 2 table models in 0 hours 0 minutes and 5.03 seconds (5.03s).
[2026-05-08T17:06:04.059+0000] {subprocess.py:93} INFO - [0m17:06:04
[2026-05-08T17:06:04.066+0000] {subprocess.py:93} INFO - [0m17:06:04  [31mCompleted with 1 error and 0 warnings:[0m
[2026-05-08T17:06:04.072+0000] {subprocess.py:93} INFO - [0m17:06:04
[2026-05-08T17:06:04.074+0000] {subprocess.py:93} INFO - [0m17:06:04    Database Error in model stg_prices (models/staging/stg_prices.sql)
[2026-05-08T17:06:04.075+0000] {subprocess.py:93} INFO -   Unrecognized name: old_price at [11:10]
[2026-05-08T17:06:04.076+0000] {subprocess.py:93} INFO -   compiled code at target/run/price_intelligence/models/staging/stg_prices.sql
[2026-05-08T17:06:04.077+0000] {subprocess.py:93} INFO - [0m17:06:04
[2026-05-08T17:06:04.078+0000] {subprocess.py:93} INFO - [0m17:06:04  Done. PASS=0 WARN=0 ERROR=1 SKIP=2 TOTAL=3
[2026-05-08T17:06:05.503+0000] {subprocess.py:97} INFO - Command exited with return code 1
[2026-05-08T17:06:05.526+0000] {taskinstance.py:2698} ERROR - Task failed with exception
Traceback (most recent call last):
  File "/home/airflow/.local/lib/python3.8/site-packages/airflow/models/taskinstance.py", line 428, in _execute_task
    result = execute_callable(context=context, **execute_callable_kwargs)
  File "/home/airflow/.local/lib/python3.8/site-packages/airflow/operators/bash.py", line 212, in execute
    raise AirflowException(
airflow.exceptions.AirflowException: Bash command failed. The command returned a non-zero exit code 1.
[2026-05-08T17:06:05.532+0000] {taskinstance.py:1138} INFO - Marking task as UP_FOR_RETRY. dag_id=price_intelligence_pipeline, task_id=dbt_run, execution_date=20260508T160000, start_date=20260508T170545, end_date=20260508T170605
[2026-05-08T17:06:05.552+0000] {standard_task_runner.py:107} ERROR - Failed to execute job 807 for task dbt_run (Bash command failed. The command returned a non-zero exit code 1.; 6541)
[2026-05-08T17:06:05.571+0000] {local_task_job_runner.py:234} INFO - Task exited with return code 1
[2026-05-08T17:06:05.608+0000] {taskinstance.py:3280} INFO - 0 downstream tasks scheduled from follow-on schedule check
