[2026-05-08T17:08:07.043+0000] {taskinstance.py:1956} INFO - Dependencies all met for dep_context=non-requeueable deps ti=<TaskInstance: price_intelligence_pipeline.dbt_run scheduled__2026-05-08T16:00:00+00:00 [queued]>
[2026-05-08T17:08:07.065+0000] {taskinstance.py:1956} INFO - Dependencies all met for dep_context=requeueable deps ti=<TaskInstance: price_intelligence_pipeline.dbt_run scheduled__2026-05-08T16:00:00+00:00 [queued]>
[2026-05-08T17:08:07.067+0000] {taskinstance.py:2170} INFO - Starting attempt 2 of 2
[2026-05-08T17:08:07.150+0000] {taskinstance.py:2191} INFO - Executing <Task(BashOperator): dbt_run> on 2026-05-08 16:00:00+00:00
[2026-05-08T17:08:07.177+0000] {standard_task_runner.py:60} INFO - Started process 6608 to run task
[2026-05-08T17:08:07.187+0000] {standard_task_runner.py:87} INFO - Running: ['***', 'tasks', 'run', 'price_intelligence_pipeline', 'dbt_run', 'scheduled__2026-05-08T16:00:00+00:00', '--job-id', '808', '--raw', '--subdir', 'DAGS_FOLDER/price_intelligence_dag.py', '--cfg-path', '/tmp/tmpm_g3ebs_']
[2026-05-08T17:08:07.197+0000] {standard_task_runner.py:88} INFO - Job 808: Subtask dbt_run
[2026-05-08T17:08:07.434+0000] {task_command.py:423} INFO - Running <TaskInstance: price_intelligence_pipeline.dbt_run scheduled__2026-05-08T16:00:00+00:00 [running]> on host 25ef6dfa8bdc
[2026-05-08T17:08:07.841+0000] {taskinstance.py:2480} INFO - Exporting env vars: AIRFLOW_CTX_DAG_OWNER='***' AIRFLOW_CTX_DAG_ID='price_intelligence_pipeline' AIRFLOW_CTX_TASK_ID='dbt_run' AIRFLOW_CTX_EXECUTION_DATE='2026-05-08T16:00:00+00:00' AIRFLOW_CTX_TRY_NUMBER='2' AIRFLOW_CTX_DAG_RUN_ID='scheduled__2026-05-08T16:00:00+00:00'
[2026-05-08T17:08:07.844+0000] {subprocess.py:63} INFO - Tmp dir root location: /tmp
[2026-05-08T17:08:07.847+0000] {subprocess.py:75} INFO - Running command: ['/usr/bin/bash', '-c', '\n            set -e\n            cd /opt/***/dbt\n            export GOOGLE_APPLICATION_CREDENTIALS=/opt/***/gcp-credentials-new.json\n            /home/***/.local/bin/dbt run --full-refresh --profiles-dir . --project-dir .\n            echo dbt done\n        ']
[2026-05-08T17:08:07.878+0000] {subprocess.py:86} INFO - Output:
[2026-05-08T17:08:15.872+0000] {subprocess.py:93} INFO - [0m17:08:15  Running with dbt=1.8.7
[2026-05-08T17:08:20.659+0000] {subprocess.py:93} INFO - [0m17:08:20  Registered adapter: bigquery=1.8.3
[2026-05-08T17:08:24.258+0000] {subprocess.py:93} INFO - [0m17:08:24  [[33mWARNING[0m]: Deprecated functionality
[2026-05-08T17:08:24.259+0000] {subprocess.py:93} INFO - The `tests` config has been renamed to `data_tests`. Please see
[2026-05-08T17:08:24.261+0000] {subprocess.py:93} INFO - https://docs.getdbt.com/docs/build/data-tests#new-data_tests-syntax for more
[2026-05-08T17:08:24.263+0000] {subprocess.py:93} INFO - information.
[2026-05-08T17:08:27.116+0000] {subprocess.py:93} INFO - [0m17:08:27  Found 3 models, 1 seed, 7 data tests, 1 source, 479 macros
[2026-05-08T17:08:27.130+0000] {subprocess.py:93} INFO - [0m17:08:27
[2026-05-08T17:08:30.681+0000] {subprocess.py:93} INFO - [0m17:08:30  Concurrency: 4 threads (target='dev')
[2026-05-08T17:08:30.682+0000] {subprocess.py:93} INFO - [0m17:08:30
[2026-05-08T17:08:30.711+0000] {subprocess.py:93} INFO - [0m17:08:30  1 of 3 START sql view model price_intelligence_dbt.stg_prices .................. [RUN]
[2026-05-08T17:08:34.066+0000] {subprocess.py:93} INFO - [0m17:08:34  BigQuery adapter: https://console.cloud.google.com/bigquery?project=project-32a82952-90fa-4dd7-b9c&j=bq:US:1c1f1613-f928-4f6e-9160-d7a0b7f797d7&page=queryresults
[2026-05-08T17:08:34.090+0000] {subprocess.py:93} INFO - [0m17:08:34  1 of 3 ERROR creating sql view model price_intelligence_dbt.stg_prices ......... [[31mERROR[0m in 3.37s]
[2026-05-08T17:08:34.097+0000] {subprocess.py:93} INFO - [0m17:08:34  2 of 3 SKIP relation price_intelligence_dbt.prices_cleaned ..................... [[33mSKIP[0m]
[2026-05-08T17:08:34.108+0000] {subprocess.py:93} INFO - [0m17:08:34  3 of 3 SKIP relation price_intelligence_dbt.prices_aggregated .................. [[33mSKIP[0m]
[2026-05-08T17:08:34.125+0000] {subprocess.py:93} INFO - [0m17:08:34
[2026-05-08T17:08:34.126+0000] {subprocess.py:93} INFO - [0m17:08:34  Finished running 1 view model, 2 table models in 0 hours 0 minutes and 7.00 seconds (7.00s).
[2026-05-08T17:08:34.386+0000] {subprocess.py:93} INFO - [0m17:08:34
[2026-05-08T17:08:34.390+0000] {subprocess.py:93} INFO - [0m17:08:34  [31mCompleted with 1 error and 0 warnings:[0m
[2026-05-08T17:08:34.391+0000] {subprocess.py:93} INFO - [0m17:08:34
[2026-05-08T17:08:34.398+0000] {subprocess.py:93} INFO - [0m17:08:34    Database Error in model stg_prices (models/staging/stg_prices.sql)
[2026-05-08T17:08:34.399+0000] {subprocess.py:93} INFO -   Unrecognized name: old_price at [11:10]
[2026-05-08T17:08:34.400+0000] {subprocess.py:93} INFO -   compiled code at target/run/price_intelligence/models/staging/stg_prices.sql
[2026-05-08T17:08:34.402+0000] {subprocess.py:93} INFO - [0m17:08:34
[2026-05-08T17:08:34.403+0000] {subprocess.py:93} INFO - [0m17:08:34  Done. PASS=0 WARN=0 ERROR=1 SKIP=2 TOTAL=3
[2026-05-08T17:08:36.432+0000] {subprocess.py:97} INFO - Command exited with return code 1
[2026-05-08T17:08:36.498+0000] {taskinstance.py:2698} ERROR - Task failed with exception
Traceback (most recent call last):
  File "/home/airflow/.local/lib/python3.8/site-packages/airflow/models/taskinstance.py", line 428, in _execute_task
    result = execute_callable(context=context, **execute_callable_kwargs)
  File "/home/airflow/.local/lib/python3.8/site-packages/airflow/operators/bash.py", line 212, in execute
    raise AirflowException(
airflow.exceptions.AirflowException: Bash command failed. The command returned a non-zero exit code 1.
[2026-05-08T17:08:36.528+0000] {taskinstance.py:1138} INFO - Marking task as FAILED. dag_id=price_intelligence_pipeline, task_id=dbt_run, execution_date=20260508T160000, start_date=20260508T170807, end_date=20260508T170836
[2026-05-08T17:08:36.588+0000] {standard_task_runner.py:107} ERROR - Failed to execute job 808 for task dbt_run (Bash command failed. The command returned a non-zero exit code 1.; 6608)
[2026-05-08T17:08:36.626+0000] {local_task_job_runner.py:234} INFO - Task exited with return code 1
[2026-05-08T17:08:36.761+0000] {taskinstance.py:3280} INFO - 0 downstream tasks scheduled from follow-on schedule check
