[2026-05-12T09:54:11.462+0000] {processor.py:161} INFO - Started process (PID=12170) to work on /opt/airflow/dags/price_intelligence_dag.py
[2026-05-12T09:54:11.476+0000] {processor.py:830} INFO - Processing file /opt/airflow/dags/price_intelligence_dag.py for tasks to queue
[2026-05-12T09:54:11.479+0000] {logging_mixin.py:188} INFO - [2026-05-12T09:54:11.478+0000] {dagbag.py:538} INFO - Filling up the DagBag from /opt/airflow/dags/price_intelligence_dag.py
[2026-05-12T09:54:11.610+0000] {processor.py:840} INFO - DAG(s) 'price_intelligence_pipeline' retrieved from /opt/airflow/dags/price_intelligence_dag.py
[2026-05-12T09:54:11.800+0000] {logging_mixin.py:188} INFO - [2026-05-12T09:54:11.790+0000] {dag.py:3036} INFO - Sync 1 DAGs
[2026-05-12T09:54:12.541+0000] {processor.py:183} INFO - Processing /opt/airflow/dags/price_intelligence_dag.py took 1.096 seconds
[2026-05-12T09:55:13.942+0000] {processor.py:161} INFO - Started process (PID=12175) to work on /opt/airflow/dags/price_intelligence_dag.py
[2026-05-12T09:55:13.958+0000] {processor.py:830} INFO - Processing file /opt/airflow/dags/price_intelligence_dag.py for tasks to queue
[2026-05-12T09:55:13.989+0000] {logging_mixin.py:188} INFO - [2026-05-12T09:55:13.989+0000] {dagbag.py:538} INFO - Filling up the DagBag from /opt/airflow/dags/price_intelligence_dag.py
[2026-05-12T09:55:14.469+0000] {processor.py:840} INFO - DAG(s) 'price_intelligence_pipeline' retrieved from /opt/airflow/dags/price_intelligence_dag.py
[2026-05-12T09:55:14.672+0000] {logging_mixin.py:188} INFO - [2026-05-12T09:55:14.671+0000] {dag.py:3036} INFO - Sync 1 DAGs
[2026-05-12T09:55:15.594+0000] {processor.py:183} INFO - Processing /opt/airflow/dags/price_intelligence_dag.py took 1.663 seconds
[2026-05-12T09:55:46.471+0000] {processor.py:161} INFO - Started process (PID=12212) to work on /opt/airflow/dags/price_intelligence_dag.py
[2026-05-12T09:55:46.473+0000] {processor.py:830} INFO - Processing file /opt/airflow/dags/price_intelligence_dag.py for tasks to queue
[2026-05-12T09:55:46.475+0000] {logging_mixin.py:188} INFO - [2026-05-12T09:55:46.475+0000] {dagbag.py:538} INFO - Filling up the DagBag from /opt/airflow/dags/price_intelligence_dag.py
[2026-05-12T09:55:46.554+0000] {processor.py:840} INFO - DAG(s) 'price_intelligence_pipeline' retrieved from /opt/airflow/dags/price_intelligence_dag.py
[2026-05-12T09:55:46.702+0000] {logging_mixin.py:188} INFO - [2026-05-12T09:55:46.702+0000] {dag.py:3036} INFO - Sync 1 DAGs
[2026-05-12T09:55:46.944+0000] {processor.py:183} INFO - Processing /opt/airflow/dags/price_intelligence_dag.py took 0.484 seconds
[2026-05-12T09:56:17.454+0000] {processor.py:161} INFO - Started process (PID=12250) to work on /opt/airflow/dags/price_intelligence_dag.py
[2026-05-12T09:56:17.457+0000] {processor.py:830} INFO - Processing file /opt/airflow/dags/price_intelligence_dag.py for tasks to queue
[2026-05-12T09:56:17.459+0000] {logging_mixin.py:188} INFO - [2026-05-12T09:56:17.459+0000] {dagbag.py:538} INFO - Filling up the DagBag from /opt/airflow/dags/price_intelligence_dag.py
[2026-05-12T09:56:17.606+0000] {processor.py:840} INFO - DAG(s) 'price_intelligence_pipeline' retrieved from /opt/airflow/dags/price_intelligence_dag.py
[2026-05-12T09:56:17.733+0000] {logging_mixin.py:188} INFO - [2026-05-12T09:56:17.732+0000] {dag.py:3036} INFO - Sync 1 DAGs
[2026-05-12T09:56:17.868+0000] {logging_mixin.py:188} INFO - [2026-05-12T09:56:17.868+0000] {dag.py:3823} INFO - Setting next_dagrun for price_intelligence_pipeline to 2026-05-12 08:00:00+00:00, run_after=2026-05-12 09:00:00+00:00
[2026-05-12T09:56:17.913+0000] {processor.py:183} INFO - Processing /opt/airflow/dags/price_intelligence_dag.py took 0.476 seconds
[2026-05-12T09:56:48.245+0000] {processor.py:161} INFO - Started process (PID=12322) to work on /opt/airflow/dags/price_intelligence_dag.py
[2026-05-12T09:56:48.248+0000] {processor.py:830} INFO - Processing file /opt/airflow/dags/price_intelligence_dag.py for tasks to queue
[2026-05-12T09:56:48.251+0000] {logging_mixin.py:188} INFO - [2026-05-12T09:56:48.250+0000] {dagbag.py:538} INFO - Filling up the DagBag from /opt/airflow/dags/price_intelligence_dag.py
[2026-05-12T09:56:48.323+0000] {processor.py:840} INFO - DAG(s) 'price_intelligence_pipeline' retrieved from /opt/airflow/dags/price_intelligence_dag.py
[2026-05-12T09:56:48.421+0000] {logging_mixin.py:188} INFO - [2026-05-12T09:56:48.421+0000] {dag.py:3036} INFO - Sync 1 DAGs
[2026-05-12T09:56:48.532+0000] {processor.py:183} INFO - Processing /opt/airflow/dags/price_intelligence_dag.py took 0.295 seconds
[2026-05-12T09:57:18.679+0000] {processor.py:161} INFO - Started process (PID=12353) to work on /opt/airflow/dags/price_intelligence_dag.py
[2026-05-12T09:57:18.682+0000] {processor.py:830} INFO - Processing file /opt/airflow/dags/price_intelligence_dag.py for tasks to queue
[2026-05-12T09:57:18.684+0000] {logging_mixin.py:188} INFO - [2026-05-12T09:57:18.684+0000] {dagbag.py:538} INFO - Filling up the DagBag from /opt/airflow/dags/price_intelligence_dag.py
[2026-05-12T09:57:18.770+0000] {processor.py:840} INFO - DAG(s) 'price_intelligence_pipeline' retrieved from /opt/airflow/dags/price_intelligence_dag.py
[2026-05-12T09:57:18.847+0000] {logging_mixin.py:188} INFO - [2026-05-12T09:57:18.847+0000] {dag.py:3036} INFO - Sync 1 DAGs
[2026-05-12T09:57:18.931+0000] {processor.py:183} INFO - Processing /opt/airflow/dags/price_intelligence_dag.py took 0.264 seconds
[2026-05-12T09:57:49.161+0000] {processor.py:161} INFO - Started process (PID=12366) to work on /opt/airflow/dags/price_intelligence_dag.py
[2026-05-12T09:57:49.163+0000] {processor.py:830} INFO - Processing file /opt/airflow/dags/price_intelligence_dag.py for tasks to queue
[2026-05-12T09:57:49.165+0000] {logging_mixin.py:188} INFO - [2026-05-12T09:57:49.164+0000] {dagbag.py:538} INFO - Filling up the DagBag from /opt/airflow/dags/price_intelligence_dag.py
[2026-05-12T09:57:49.218+0000] {processor.py:840} INFO - DAG(s) 'price_intelligence_pipeline' retrieved from /opt/airflow/dags/price_intelligence_dag.py
[2026-05-12T09:57:49.276+0000] {logging_mixin.py:188} INFO - [2026-05-12T09:57:49.275+0000] {dag.py:3036} INFO - Sync 1 DAGs
[2026-05-12T09:57:49.314+0000] {logging_mixin.py:188} INFO - [2026-05-12T09:57:49.314+0000] {dag.py:3823} INFO - Setting next_dagrun for price_intelligence_pipeline to 2026-05-12 09:00:00+00:00, run_after=2026-05-12 10:00:00+00:00
[2026-05-12T09:57:49.354+0000] {processor.py:183} INFO - Processing /opt/airflow/dags/price_intelligence_dag.py took 0.200 seconds
[2026-05-12T09:58:19.641+0000] {processor.py:161} INFO - Started process (PID=12379) to work on /opt/airflow/dags/price_intelligence_dag.py
[2026-05-12T09:58:19.644+0000] {processor.py:830} INFO - Processing file /opt/airflow/dags/price_intelligence_dag.py for tasks to queue
[2026-05-12T09:58:19.647+0000] {logging_mixin.py:188} INFO - [2026-05-12T09:58:19.646+0000] {dagbag.py:538} INFO - Filling up the DagBag from /opt/airflow/dags/price_intelligence_dag.py
[2026-05-12T09:58:19.826+0000] {processor.py:840} INFO - DAG(s) 'price_intelligence_pipeline' retrieved from /opt/airflow/dags/price_intelligence_dag.py
[2026-05-12T09:58:20.026+0000] {logging_mixin.py:188} INFO - [2026-05-12T09:58:20.025+0000] {dag.py:3036} INFO - Sync 1 DAGs
[2026-05-12T09:58:20.104+0000] {logging_mixin.py:188} INFO - [2026-05-12T09:58:20.103+0000] {dag.py:3823} INFO - Setting next_dagrun for price_intelligence_pipeline to 2026-05-12 09:00:00+00:00, run_after=2026-05-12 10:00:00+00:00
[2026-05-12T09:58:20.424+0000] {processor.py:183} INFO - Processing /opt/airflow/dags/price_intelligence_dag.py took 0.814 seconds
[2026-05-12T09:58:50.994+0000] {processor.py:161} INFO - Started process (PID=12393) to work on /opt/airflow/dags/price_intelligence_dag.py
[2026-05-12T09:58:50.996+0000] {processor.py:830} INFO - Processing file /opt/airflow/dags/price_intelligence_dag.py for tasks to queue
[2026-05-12T09:58:50.999+0000] {logging_mixin.py:188} INFO - [2026-05-12T09:58:50.998+0000] {dagbag.py:538} INFO - Filling up the DagBag from /opt/airflow/dags/price_intelligence_dag.py
[2026-05-12T09:58:51.065+0000] {processor.py:840} INFO - DAG(s) 'price_intelligence_pipeline' retrieved from /opt/airflow/dags/price_intelligence_dag.py
[2026-05-12T09:58:51.151+0000] {logging_mixin.py:188} INFO - [2026-05-12T09:58:51.151+0000] {dag.py:3036} INFO - Sync 1 DAGs
[2026-05-12T09:58:51.238+0000] {logging_mixin.py:188} INFO - [2026-05-12T09:58:51.238+0000] {dag.py:3823} INFO - Setting next_dagrun for price_intelligence_pipeline to 2026-05-12 09:00:00+00:00, run_after=2026-05-12 10:00:00+00:00
[2026-05-12T09:58:51.301+0000] {processor.py:183} INFO - Processing /opt/airflow/dags/price_intelligence_dag.py took 0.321 seconds
[2026-05-12T09:59:21.446+0000] {processor.py:161} INFO - Started process (PID=12405) to work on /opt/airflow/dags/price_intelligence_dag.py
[2026-05-12T09:59:21.449+0000] {processor.py:830} INFO - Processing file /opt/airflow/dags/price_intelligence_dag.py for tasks to queue
[2026-05-12T09:59:21.451+0000] {logging_mixin.py:188} INFO - [2026-05-12T09:59:21.450+0000] {dagbag.py:538} INFO - Filling up the DagBag from /opt/airflow/dags/price_intelligence_dag.py
[2026-05-12T09:59:21.519+0000] {processor.py:840} INFO - DAG(s) 'price_intelligence_pipeline' retrieved from /opt/airflow/dags/price_intelligence_dag.py
[2026-05-12T09:59:21.618+0000] {logging_mixin.py:188} INFO - [2026-05-12T09:59:21.617+0000] {dag.py:3036} INFO - Sync 1 DAGs
[2026-05-12T09:59:21.694+0000] {logging_mixin.py:188} INFO - [2026-05-12T09:59:21.693+0000] {dag.py:3823} INFO - Setting next_dagrun for price_intelligence_pipeline to 2026-05-12 09:00:00+00:00, run_after=2026-05-12 10:00:00+00:00
[2026-05-12T09:59:21.746+0000] {processor.py:183} INFO - Processing /opt/airflow/dags/price_intelligence_dag.py took 0.309 seconds
[2026-05-12T09:59:52.052+0000] {processor.py:161} INFO - Started process (PID=12410) to work on /opt/airflow/dags/price_intelligence_dag.py
[2026-05-12T09:59:52.055+0000] {processor.py:830} INFO - Processing file /opt/airflow/dags/price_intelligence_dag.py for tasks to queue
[2026-05-12T09:59:52.057+0000] {logging_mixin.py:188} INFO - [2026-05-12T09:59:52.056+0000] {dagbag.py:538} INFO - Filling up the DagBag from /opt/airflow/dags/price_intelligence_dag.py
[2026-05-12T09:59:52.124+0000] {processor.py:840} INFO - DAG(s) 'price_intelligence_pipeline' retrieved from /opt/airflow/dags/price_intelligence_dag.py
[2026-05-12T09:59:52.202+0000] {logging_mixin.py:188} INFO - [2026-05-12T09:59:52.200+0000] {dag.py:3036} INFO - Sync 1 DAGs
[2026-05-12T09:59:52.257+0000] {logging_mixin.py:188} INFO - [2026-05-12T09:59:52.257+0000] {dag.py:3823} INFO - Setting next_dagrun for price_intelligence_pipeline to 2026-05-12 09:00:00+00:00, run_after=2026-05-12 10:00:00+00:00
[2026-05-12T09:59:52.309+0000] {processor.py:183} INFO - Processing /opt/airflow/dags/price_intelligence_dag.py took 0.266 seconds
[2026-05-12T10:00:22.618+0000] {processor.py:161} INFO - Started process (PID=12465) to work on /opt/airflow/dags/price_intelligence_dag.py
[2026-05-12T10:00:22.621+0000] {processor.py:830} INFO - Processing file /opt/airflow/dags/price_intelligence_dag.py for tasks to queue
[2026-05-12T10:00:22.623+0000] {logging_mixin.py:188} INFO - [2026-05-12T10:00:22.623+0000] {dagbag.py:538} INFO - Filling up the DagBag from /opt/airflow/dags/price_intelligence_dag.py
[2026-05-12T10:00:22.690+0000] {processor.py:840} INFO - DAG(s) 'price_intelligence_pipeline' retrieved from /opt/airflow/dags/price_intelligence_dag.py
[2026-05-12T10:00:22.782+0000] {logging_mixin.py:188} INFO - [2026-05-12T10:00:22.782+0000] {dag.py:3036} INFO - Sync 1 DAGs
[2026-05-12T10:00:22.919+0000] {processor.py:183} INFO - Processing /opt/airflow/dags/price_intelligence_dag.py took 0.313 seconds
[2026-05-12T10:00:53.164+0000] {processor.py:161} INFO - Started process (PID=12510) to work on /opt/airflow/dags/price_intelligence_dag.py
[2026-05-12T10:00:53.167+0000] {processor.py:830} INFO - Processing file /opt/airflow/dags/price_intelligence_dag.py for tasks to queue
[2026-05-12T10:00:53.171+0000] {logging_mixin.py:188} INFO - [2026-05-12T10:00:53.169+0000] {dagbag.py:538} INFO - Filling up the DagBag from /opt/airflow/dags/price_intelligence_dag.py
[2026-05-12T10:00:53.283+0000] {processor.py:840} INFO - DAG(s) 'price_intelligence_pipeline' retrieved from /opt/airflow/dags/price_intelligence_dag.py
[2026-05-12T10:00:53.429+0000] {logging_mixin.py:188} INFO - [2026-05-12T10:00:53.429+0000] {dag.py:3036} INFO - Sync 1 DAGs
[2026-05-12T10:00:54.052+0000] {processor.py:183} INFO - Processing /opt/airflow/dags/price_intelligence_dag.py took 0.903 seconds
[2026-05-12T10:01:24.526+0000] {processor.py:161} INFO - Started process (PID=12534) to work on /opt/airflow/dags/price_intelligence_dag.py
[2026-05-12T10:01:24.529+0000] {processor.py:830} INFO - Processing file /opt/airflow/dags/price_intelligence_dag.py for tasks to queue
[2026-05-12T10:01:24.531+0000] {logging_mixin.py:188} INFO - [2026-05-12T10:01:24.530+0000] {dagbag.py:538} INFO - Filling up the DagBag from /opt/airflow/dags/price_intelligence_dag.py
[2026-05-12T10:01:24.631+0000] {processor.py:840} INFO - DAG(s) 'price_intelligence_pipeline' retrieved from /opt/airflow/dags/price_intelligence_dag.py
[2026-05-12T10:01:24.743+0000] {logging_mixin.py:188} INFO - [2026-05-12T10:01:24.742+0000] {dag.py:3036} INFO - Sync 1 DAGs
[2026-05-12T10:01:24.820+0000] {logging_mixin.py:188} INFO - [2026-05-12T10:01:24.819+0000] {dag.py:3823} INFO - Setting next_dagrun for price_intelligence_pipeline to 2026-05-12 10:00:00+00:00, run_after=2026-05-12 11:00:00+00:00
[2026-05-12T10:01:24.883+0000] {processor.py:183} INFO - Processing /opt/airflow/dags/price_intelligence_dag.py took 0.371 seconds
[2026-05-12T10:01:55.043+0000] {processor.py:161} INFO - Started process (PID=12548) to work on /opt/airflow/dags/price_intelligence_dag.py
[2026-05-12T10:01:55.044+0000] {processor.py:830} INFO - Processing file /opt/airflow/dags/price_intelligence_dag.py for tasks to queue
[2026-05-12T10:01:55.046+0000] {logging_mixin.py:188} INFO - [2026-05-12T10:01:55.045+0000] {dagbag.py:538} INFO - Filling up the DagBag from /opt/airflow/dags/price_intelligence_dag.py
[2026-05-12T10:01:55.099+0000] {processor.py:840} INFO - DAG(s) 'price_intelligence_pipeline' retrieved from /opt/airflow/dags/price_intelligence_dag.py
[2026-05-12T10:01:55.180+0000] {logging_mixin.py:188} INFO - [2026-05-12T10:01:55.179+0000] {dag.py:3036} INFO - Sync 1 DAGs
[2026-05-12T10:01:55.242+0000] {logging_mixin.py:188} INFO - [2026-05-12T10:01:55.242+0000] {dag.py:3823} INFO - Setting next_dagrun for price_intelligence_pipeline to 2026-05-12 10:00:00+00:00, run_after=2026-05-12 11:00:00+00:00
[2026-05-12T10:01:55.305+0000] {processor.py:183} INFO - Processing /opt/airflow/dags/price_intelligence_dag.py took 0.268 seconds
[2026-05-12T10:02:25.687+0000] {processor.py:161} INFO - Started process (PID=12561) to work on /opt/airflow/dags/price_intelligence_dag.py
[2026-05-12T10:02:25.689+0000] {processor.py:830} INFO - Processing file /opt/airflow/dags/price_intelligence_dag.py for tasks to queue
[2026-05-12T10:02:25.691+0000] {logging_mixin.py:188} INFO - [2026-05-12T10:02:25.690+0000] {dagbag.py:538} INFO - Filling up the DagBag from /opt/airflow/dags/price_intelligence_dag.py
[2026-05-12T10:02:25.761+0000] {processor.py:840} INFO - DAG(s) 'price_intelligence_pipeline' retrieved from /opt/airflow/dags/price_intelligence_dag.py
[2026-05-12T10:02:25.851+0000] {logging_mixin.py:188} INFO - [2026-05-12T10:02:25.850+0000] {dag.py:3036} INFO - Sync 1 DAGs
[2026-05-12T10:02:25.910+0000] {logging_mixin.py:188} INFO - [2026-05-12T10:02:25.910+0000] {dag.py:3823} INFO - Setting next_dagrun for price_intelligence_pipeline to 2026-05-12 10:00:00+00:00, run_after=2026-05-12 11:00:00+00:00
[2026-05-12T10:02:25.955+0000] {processor.py:183} INFO - Processing /opt/airflow/dags/price_intelligence_dag.py took 0.278 seconds
[2026-05-12T10:02:56.263+0000] {processor.py:161} INFO - Started process (PID=12566) to work on /opt/airflow/dags/price_intelligence_dag.py
[2026-05-12T10:02:56.265+0000] {processor.py:830} INFO - Processing file /opt/airflow/dags/price_intelligence_dag.py for tasks to queue
[2026-05-12T10:02:56.269+0000] {logging_mixin.py:188} INFO - [2026-05-12T10:02:56.267+0000] {dagbag.py:538} INFO - Filling up the DagBag from /opt/airflow/dags/price_intelligence_dag.py
[2026-05-12T10:02:56.320+0000] {processor.py:840} INFO - DAG(s) 'price_intelligence_pipeline' retrieved from /opt/airflow/dags/price_intelligence_dag.py
[2026-05-12T10:02:56.378+0000] {logging_mixin.py:188} INFO - [2026-05-12T10:02:56.378+0000] {dag.py:3036} INFO - Sync 1 DAGs
[2026-05-12T10:02:56.421+0000] {logging_mixin.py:188} INFO - [2026-05-12T10:02:56.421+0000] {dag.py:3823} INFO - Setting next_dagrun for price_intelligence_pipeline to 2026-05-12 10:00:00+00:00, run_after=2026-05-12 11:00:00+00:00
[2026-05-12T10:02:56.453+0000] {processor.py:183} INFO - Processing /opt/airflow/dags/price_intelligence_dag.py took 0.195 seconds
[2026-05-12T10:03:26.657+0000] {processor.py:161} INFO - Started process (PID=12579) to work on /opt/airflow/dags/price_intelligence_dag.py
[2026-05-12T10:03:26.659+0000] {processor.py:830} INFO - Processing file /opt/airflow/dags/price_intelligence_dag.py for tasks to queue
[2026-05-12T10:03:26.662+0000] {logging_mixin.py:188} INFO - [2026-05-12T10:03:26.661+0000] {dagbag.py:538} INFO - Filling up the DagBag from /opt/airflow/dags/price_intelligence_dag.py
[2026-05-12T10:03:26.712+0000] {processor.py:840} INFO - DAG(s) 'price_intelligence_pipeline' retrieved from /opt/airflow/dags/price_intelligence_dag.py
[2026-05-12T10:03:26.766+0000] {logging_mixin.py:188} INFO - [2026-05-12T10:03:26.766+0000] {dag.py:3036} INFO - Sync 1 DAGs
[2026-05-12T10:03:26.806+0000] {logging_mixin.py:188} INFO - [2026-05-12T10:03:26.806+0000] {dag.py:3823} INFO - Setting next_dagrun for price_intelligence_pipeline to 2026-05-12 10:00:00+00:00, run_after=2026-05-12 11:00:00+00:00
[2026-05-12T10:03:26.838+0000] {processor.py:183} INFO - Processing /opt/airflow/dags/price_intelligence_dag.py took 0.190 seconds
[2026-05-12T10:03:57.291+0000] {processor.py:161} INFO - Started process (PID=12593) to work on /opt/airflow/dags/price_intelligence_dag.py
[2026-05-12T10:03:57.294+0000] {processor.py:830} INFO - Processing file /opt/airflow/dags/price_intelligence_dag.py for tasks to queue
[2026-05-12T10:03:57.296+0000] {logging_mixin.py:188} INFO - [2026-05-12T10:03:57.296+0000] {dagbag.py:538} INFO - Filling up the DagBag from /opt/airflow/dags/price_intelligence_dag.py
[2026-05-12T10:03:57.387+0000] {processor.py:840} INFO - DAG(s) 'price_intelligence_pipeline' retrieved from /opt/airflow/dags/price_intelligence_dag.py
[2026-05-12T10:03:57.490+0000] {logging_mixin.py:188} INFO - [2026-05-12T10:03:57.489+0000] {dag.py:3036} INFO - Sync 1 DAGs
[2026-05-12T10:03:58.032+0000] {logging_mixin.py:188} INFO - [2026-05-12T10:03:58.031+0000] {dag.py:3823} INFO - Setting next_dagrun for price_intelligence_pipeline to 2026-05-12 10:00:00+00:00, run_after=2026-05-12 11:00:00+00:00
[2026-05-12T10:03:58.154+0000] {processor.py:183} INFO - Processing /opt/airflow/dags/price_intelligence_dag.py took 0.874 seconds
[2026-05-12T10:04:28.563+0000] {processor.py:161} INFO - Started process (PID=12606) to work on /opt/airflow/dags/price_intelligence_dag.py
[2026-05-12T10:04:28.566+0000] {processor.py:830} INFO - Processing file /opt/airflow/dags/price_intelligence_dag.py for tasks to queue
[2026-05-12T10:04:28.568+0000] {logging_mixin.py:188} INFO - [2026-05-12T10:04:28.568+0000] {dagbag.py:538} INFO - Filling up the DagBag from /opt/airflow/dags/price_intelligence_dag.py
[2026-05-12T10:04:28.649+0000] {processor.py:840} INFO - DAG(s) 'price_intelligence_pipeline' retrieved from /opt/airflow/dags/price_intelligence_dag.py
[2026-05-12T10:04:28.728+0000] {logging_mixin.py:188} INFO - [2026-05-12T10:04:28.728+0000] {dag.py:3036} INFO - Sync 1 DAGs
[2026-05-12T10:04:28.786+0000] {logging_mixin.py:188} INFO - [2026-05-12T10:04:28.785+0000] {dag.py:3823} INFO - Setting next_dagrun for price_intelligence_pipeline to 2026-05-12 10:00:00+00:00, run_after=2026-05-12 11:00:00+00:00
[2026-05-12T10:04:28.834+0000] {processor.py:183} INFO - Processing /opt/airflow/dags/price_intelligence_dag.py took 0.279 seconds
[2026-05-12T10:04:59.213+0000] {processor.py:161} INFO - Started process (PID=12619) to work on /opt/airflow/dags/price_intelligence_dag.py
[2026-05-12T10:04:59.215+0000] {processor.py:830} INFO - Processing file /opt/airflow/dags/price_intelligence_dag.py for tasks to queue
[2026-05-12T10:04:59.218+0000] {logging_mixin.py:188} INFO - [2026-05-12T10:04:59.217+0000] {dagbag.py:538} INFO - Filling up the DagBag from /opt/airflow/dags/price_intelligence_dag.py
[2026-05-12T10:04:59.278+0000] {processor.py:840} INFO - DAG(s) 'price_intelligence_pipeline' retrieved from /opt/airflow/dags/price_intelligence_dag.py
[2026-05-12T10:04:59.354+0000] {logging_mixin.py:188} INFO - [2026-05-12T10:04:59.354+0000] {dag.py:3036} INFO - Sync 1 DAGs
[2026-05-12T10:04:59.426+0000] {logging_mixin.py:188} INFO - [2026-05-12T10:04:59.425+0000] {dag.py:3823} INFO - Setting next_dagrun for price_intelligence_pipeline to 2026-05-12 10:00:00+00:00, run_after=2026-05-12 11:00:00+00:00
[2026-05-12T10:04:59.475+0000] {processor.py:183} INFO - Processing /opt/airflow/dags/price_intelligence_dag.py took 0.270 seconds
[2026-05-12T10:05:29.878+0000] {processor.py:161} INFO - Started process (PID=12632) to work on /opt/airflow/dags/price_intelligence_dag.py
[2026-05-12T10:05:29.881+0000] {processor.py:830} INFO - Processing file /opt/airflow/dags/price_intelligence_dag.py for tasks to queue
[2026-05-12T10:05:29.883+0000] {logging_mixin.py:188} INFO - [2026-05-12T10:05:29.882+0000] {dagbag.py:538} INFO - Filling up the DagBag from /opt/airflow/dags/price_intelligence_dag.py
[2026-05-12T10:05:30.014+0000] {processor.py:840} INFO - DAG(s) 'price_intelligence_pipeline' retrieved from /opt/airflow/dags/price_intelligence_dag.py
[2026-05-12T10:05:30.155+0000] {logging_mixin.py:188} INFO - [2026-05-12T10:05:30.155+0000] {dag.py:3036} INFO - Sync 1 DAGs
[2026-05-12T10:05:30.297+0000] {logging_mixin.py:188} INFO - [2026-05-12T10:05:30.296+0000] {dag.py:3823} INFO - Setting next_dagrun for price_intelligence_pipeline to 2026-05-12 10:00:00+00:00, run_after=2026-05-12 11:00:00+00:00
[2026-05-12T10:05:30.369+0000] {processor.py:183} INFO - Processing /opt/airflow/dags/price_intelligence_dag.py took 0.503 seconds
[2026-05-12T10:06:00.841+0000] {processor.py:161} INFO - Started process (PID=12645) to work on /opt/airflow/dags/price_intelligence_dag.py
[2026-05-12T10:06:00.844+0000] {processor.py:830} INFO - Processing file /opt/airflow/dags/price_intelligence_dag.py for tasks to queue
[2026-05-12T10:06:00.858+0000] {logging_mixin.py:188} INFO - [2026-05-12T10:06:00.853+0000] {dagbag.py:538} INFO - Filling up the DagBag from /opt/airflow/dags/price_intelligence_dag.py
[2026-05-12T10:06:01.047+0000] {processor.py:840} INFO - DAG(s) 'price_intelligence_pipeline' retrieved from /opt/airflow/dags/price_intelligence_dag.py
[2026-05-12T10:06:01.160+0000] {logging_mixin.py:188} INFO - [2026-05-12T10:06:01.159+0000] {dag.py:3036} INFO - Sync 1 DAGs
[2026-05-12T10:06:01.238+0000] {logging_mixin.py:188} INFO - [2026-05-12T10:06:01.238+0000] {dag.py:3823} INFO - Setting next_dagrun for price_intelligence_pipeline to 2026-05-12 10:00:00+00:00, run_after=2026-05-12 11:00:00+00:00
[2026-05-12T10:06:01.307+0000] {processor.py:183} INFO - Processing /opt/airflow/dags/price_intelligence_dag.py took 0.486 seconds
[2026-05-12T10:06:31.499+0000] {processor.py:161} INFO - Started process (PID=12650) to work on /opt/airflow/dags/price_intelligence_dag.py
[2026-05-12T10:06:31.503+0000] {processor.py:830} INFO - Processing file /opt/airflow/dags/price_intelligence_dag.py for tasks to queue
[2026-05-12T10:06:31.506+0000] {logging_mixin.py:188} INFO - [2026-05-12T10:06:31.505+0000] {dagbag.py:538} INFO - Filling up the DagBag from /opt/airflow/dags/price_intelligence_dag.py
[2026-05-12T10:06:31.595+0000] {processor.py:840} INFO - DAG(s) 'price_intelligence_pipeline' retrieved from /opt/airflow/dags/price_intelligence_dag.py
[2026-05-12T10:06:31.683+0000] {logging_mixin.py:188} INFO - [2026-05-12T10:06:31.682+0000] {dag.py:3036} INFO - Sync 1 DAGs
[2026-05-12T10:06:31.751+0000] {logging_mixin.py:188} INFO - [2026-05-12T10:06:31.751+0000] {dag.py:3823} INFO - Setting next_dagrun for price_intelligence_pipeline to 2026-05-12 10:00:00+00:00, run_after=2026-05-12 11:00:00+00:00
[2026-05-12T10:06:32.021+0000] {processor.py:183} INFO - Processing /opt/airflow/dags/price_intelligence_dag.py took 0.536 seconds
[2026-05-12T10:07:02.427+0000] {processor.py:161} INFO - Started process (PID=12664) to work on /opt/airflow/dags/price_intelligence_dag.py
[2026-05-12T10:07:02.430+0000] {processor.py:830} INFO - Processing file /opt/airflow/dags/price_intelligence_dag.py for tasks to queue
[2026-05-12T10:07:02.435+0000] {logging_mixin.py:188} INFO - [2026-05-12T10:07:02.434+0000] {dagbag.py:538} INFO - Filling up the DagBag from /opt/airflow/dags/price_intelligence_dag.py
[2026-05-12T10:07:02.523+0000] {processor.py:840} INFO - DAG(s) 'price_intelligence_pipeline' retrieved from /opt/airflow/dags/price_intelligence_dag.py
[2026-05-12T10:07:02.632+0000] {logging_mixin.py:188} INFO - [2026-05-12T10:07:02.632+0000] {dag.py:3036} INFO - Sync 1 DAGs
[2026-05-12T10:07:03.019+0000] {logging_mixin.py:188} INFO - [2026-05-12T10:07:03.018+0000] {dag.py:3823} INFO - Setting next_dagrun for price_intelligence_pipeline to 2026-05-12 10:00:00+00:00, run_after=2026-05-12 11:00:00+00:00
[2026-05-12T10:07:03.069+0000] {processor.py:183} INFO - Processing /opt/airflow/dags/price_intelligence_dag.py took 0.655 seconds
[2026-05-12T10:07:33.260+0000] {processor.py:161} INFO - Started process (PID=12677) to work on /opt/airflow/dags/price_intelligence_dag.py
[2026-05-12T10:07:33.262+0000] {processor.py:830} INFO - Processing file /opt/airflow/dags/price_intelligence_dag.py for tasks to queue
[2026-05-12T10:07:33.263+0000] {logging_mixin.py:188} INFO - [2026-05-12T10:07:33.263+0000] {dagbag.py:538} INFO - Filling up the DagBag from /opt/airflow/dags/price_intelligence_dag.py
[2026-05-12T10:07:33.309+0000] {processor.py:840} INFO - DAG(s) 'price_intelligence_pipeline' retrieved from /opt/airflow/dags/price_intelligence_dag.py
[2026-05-12T10:07:33.364+0000] {logging_mixin.py:188} INFO - [2026-05-12T10:07:33.363+0000] {dag.py:3036} INFO - Sync 1 DAGs
[2026-05-12T10:07:33.404+0000] {logging_mixin.py:188} INFO - [2026-05-12T10:07:33.403+0000] {dag.py:3823} INFO - Setting next_dagrun for price_intelligence_pipeline to 2026-05-12 10:00:00+00:00, run_after=2026-05-12 11:00:00+00:00
[2026-05-12T10:07:33.430+0000] {processor.py:183} INFO - Processing /opt/airflow/dags/price_intelligence_dag.py took 0.175 seconds
[2026-05-12T10:08:03.799+0000] {processor.py:161} INFO - Started process (PID=12691) to work on /opt/airflow/dags/price_intelligence_dag.py
[2026-05-12T10:08:03.801+0000] {processor.py:830} INFO - Processing file /opt/airflow/dags/price_intelligence_dag.py for tasks to queue
[2026-05-12T10:08:03.803+0000] {logging_mixin.py:188} INFO - [2026-05-12T10:08:03.802+0000] {dagbag.py:538} INFO - Filling up the DagBag from /opt/airflow/dags/price_intelligence_dag.py
[2026-05-12T10:08:03.868+0000] {processor.py:840} INFO - DAG(s) 'price_intelligence_pipeline' retrieved from /opt/airflow/dags/price_intelligence_dag.py
[2026-05-12T10:08:03.937+0000] {logging_mixin.py:188} INFO - [2026-05-12T10:08:03.937+0000] {dag.py:3036} INFO - Sync 1 DAGs
[2026-05-12T10:08:03.985+0000] {logging_mixin.py:188} INFO - [2026-05-12T10:08:03.984+0000] {dag.py:3823} INFO - Setting next_dagrun for price_intelligence_pipeline to 2026-05-12 10:00:00+00:00, run_after=2026-05-12 11:00:00+00:00
[2026-05-12T10:08:04.023+0000] {processor.py:183} INFO - Processing /opt/airflow/dags/price_intelligence_dag.py took 0.235 seconds
[2026-05-12T10:08:34.386+0000] {processor.py:161} INFO - Started process (PID=12704) to work on /opt/airflow/dags/price_intelligence_dag.py
[2026-05-12T10:08:34.387+0000] {processor.py:830} INFO - Processing file /opt/airflow/dags/price_intelligence_dag.py for tasks to queue
[2026-05-12T10:08:34.389+0000] {logging_mixin.py:188} INFO - [2026-05-12T10:08:34.388+0000] {dagbag.py:538} INFO - Filling up the DagBag from /opt/airflow/dags/price_intelligence_dag.py
[2026-05-12T10:08:34.436+0000] {processor.py:840} INFO - DAG(s) 'price_intelligence_pipeline' retrieved from /opt/airflow/dags/price_intelligence_dag.py
[2026-05-12T10:08:34.483+0000] {logging_mixin.py:188} INFO - [2026-05-12T10:08:34.483+0000] {dag.py:3036} INFO - Sync 1 DAGs
[2026-05-12T10:08:34.516+0000] {logging_mixin.py:188} INFO - [2026-05-12T10:08:34.516+0000] {dag.py:3823} INFO - Setting next_dagrun for price_intelligence_pipeline to 2026-05-12 10:00:00+00:00, run_after=2026-05-12 11:00:00+00:00
[2026-05-12T10:08:34.544+0000] {processor.py:183} INFO - Processing /opt/airflow/dags/price_intelligence_dag.py took 0.163 seconds
[2026-05-12T10:09:04.713+0000] {processor.py:161} INFO - Started process (PID=12716) to work on /opt/airflow/dags/price_intelligence_dag.py
[2026-05-12T10:09:04.715+0000] {processor.py:830} INFO - Processing file /opt/airflow/dags/price_intelligence_dag.py for tasks to queue
[2026-05-12T10:09:04.717+0000] {logging_mixin.py:188} INFO - [2026-05-12T10:09:04.716+0000] {dagbag.py:538} INFO - Filling up the DagBag from /opt/airflow/dags/price_intelligence_dag.py
[2026-05-12T10:09:04.760+0000] {processor.py:840} INFO - DAG(s) 'price_intelligence_pipeline' retrieved from /opt/airflow/dags/price_intelligence_dag.py
[2026-05-12T10:09:04.809+0000] {logging_mixin.py:188} INFO - [2026-05-12T10:09:04.808+0000] {dag.py:3036} INFO - Sync 1 DAGs
[2026-05-12T10:09:04.845+0000] {logging_mixin.py:188} INFO - [2026-05-12T10:09:04.845+0000] {dag.py:3823} INFO - Setting next_dagrun for price_intelligence_pipeline to 2026-05-12 10:00:00+00:00, run_after=2026-05-12 11:00:00+00:00
[2026-05-12T10:09:05.033+0000] {processor.py:183} INFO - Processing /opt/airflow/dags/price_intelligence_dag.py took 0.325 seconds
[2026-05-12T10:09:35.144+0000] {processor.py:161} INFO - Started process (PID=12722) to work on /opt/airflow/dags/price_intelligence_dag.py
[2026-05-12T10:09:35.146+0000] {processor.py:830} INFO - Processing file /opt/airflow/dags/price_intelligence_dag.py for tasks to queue
[2026-05-12T10:09:35.147+0000] {logging_mixin.py:188} INFO - [2026-05-12T10:09:35.147+0000] {dagbag.py:538} INFO - Filling up the DagBag from /opt/airflow/dags/price_intelligence_dag.py
[2026-05-12T10:09:35.182+0000] {processor.py:840} INFO - DAG(s) 'price_intelligence_pipeline' retrieved from /opt/airflow/dags/price_intelligence_dag.py
[2026-05-12T10:09:35.222+0000] {logging_mixin.py:188} INFO - [2026-05-12T10:09:35.222+0000] {dag.py:3036} INFO - Sync 1 DAGs
[2026-05-12T10:09:35.396+0000] {logging_mixin.py:188} INFO - [2026-05-12T10:09:35.396+0000] {dag.py:3823} INFO - Setting next_dagrun for price_intelligence_pipeline to 2026-05-12 10:00:00+00:00, run_after=2026-05-12 11:00:00+00:00
[2026-05-12T10:09:35.421+0000] {processor.py:183} INFO - Processing /opt/airflow/dags/price_intelligence_dag.py took 0.281 seconds
[2026-05-12T10:10:05.658+0000] {processor.py:161} INFO - Started process (PID=12735) to work on /opt/airflow/dags/price_intelligence_dag.py
[2026-05-12T10:10:05.661+0000] {processor.py:830} INFO - Processing file /opt/airflow/dags/price_intelligence_dag.py for tasks to queue
[2026-05-12T10:10:05.668+0000] {logging_mixin.py:188} INFO - [2026-05-12T10:10:05.668+0000] {dagbag.py:538} INFO - Filling up the DagBag from /opt/airflow/dags/price_intelligence_dag.py
[2026-05-12T10:10:05.906+0000] {processor.py:840} INFO - DAG(s) 'price_intelligence_pipeline' retrieved from /opt/airflow/dags/price_intelligence_dag.py
[2026-05-12T10:10:06.093+0000] {logging_mixin.py:188} INFO - [2026-05-12T10:10:06.092+0000] {dag.py:3036} INFO - Sync 1 DAGs
[2026-05-12T10:10:06.175+0000] {logging_mixin.py:188} INFO - [2026-05-12T10:10:06.174+0000] {dag.py:3823} INFO - Setting next_dagrun for price_intelligence_pipeline to 2026-05-12 10:00:00+00:00, run_after=2026-05-12 11:00:00+00:00
[2026-05-12T10:10:06.251+0000] {processor.py:183} INFO - Processing /opt/airflow/dags/price_intelligence_dag.py took 0.603 seconds
[2026-05-12T10:10:36.735+0000] {processor.py:161} INFO - Started process (PID=12748) to work on /opt/airflow/dags/price_intelligence_dag.py
[2026-05-12T10:10:36.737+0000] {processor.py:830} INFO - Processing file /opt/airflow/dags/price_intelligence_dag.py for tasks to queue
[2026-05-12T10:10:36.740+0000] {logging_mixin.py:188} INFO - [2026-05-12T10:10:36.739+0000] {dagbag.py:538} INFO - Filling up the DagBag from /opt/airflow/dags/price_intelligence_dag.py
[2026-05-12T10:10:36.808+0000] {processor.py:840} INFO - DAG(s) 'price_intelligence_pipeline' retrieved from /opt/airflow/dags/price_intelligence_dag.py
[2026-05-12T10:10:36.895+0000] {logging_mixin.py:188} INFO - [2026-05-12T10:10:36.894+0000] {dag.py:3036} INFO - Sync 1 DAGs
[2026-05-12T10:10:36.950+0000] {logging_mixin.py:188} INFO - [2026-05-12T10:10:36.950+0000] {dag.py:3823} INFO - Setting next_dagrun for price_intelligence_pipeline to 2026-05-12 10:00:00+00:00, run_after=2026-05-12 11:00:00+00:00
[2026-05-12T10:10:36.996+0000] {processor.py:183} INFO - Processing /opt/airflow/dags/price_intelligence_dag.py took 0.268 seconds
[2026-05-12T10:11:07.360+0000] {processor.py:161} INFO - Started process (PID=12761) to work on /opt/airflow/dags/price_intelligence_dag.py
[2026-05-12T10:11:07.362+0000] {processor.py:830} INFO - Processing file /opt/airflow/dags/price_intelligence_dag.py for tasks to queue
[2026-05-12T10:11:07.364+0000] {logging_mixin.py:188} INFO - [2026-05-12T10:11:07.364+0000] {dagbag.py:538} INFO - Filling up the DagBag from /opt/airflow/dags/price_intelligence_dag.py
[2026-05-12T10:11:07.418+0000] {processor.py:840} INFO - DAG(s) 'price_intelligence_pipeline' retrieved from /opt/airflow/dags/price_intelligence_dag.py
[2026-05-12T10:11:07.479+0000] {logging_mixin.py:188} INFO - [2026-05-12T10:11:07.479+0000] {dag.py:3036} INFO - Sync 1 DAGs
[2026-05-12T10:11:07.514+0000] {logging_mixin.py:188} INFO - [2026-05-12T10:11:07.514+0000] {dag.py:3823} INFO - Setting next_dagrun for price_intelligence_pipeline to 2026-05-12 10:00:00+00:00, run_after=2026-05-12 11:00:00+00:00
[2026-05-12T10:11:07.551+0000] {processor.py:183} INFO - Processing /opt/airflow/dags/price_intelligence_dag.py took 0.197 seconds
[2026-05-12T10:11:37.943+0000] {processor.py:161} INFO - Started process (PID=12775) to work on /opt/airflow/dags/price_intelligence_dag.py
[2026-05-12T10:11:37.945+0000] {processor.py:830} INFO - Processing file /opt/airflow/dags/price_intelligence_dag.py for tasks to queue
[2026-05-12T10:11:37.946+0000] {logging_mixin.py:188} INFO - [2026-05-12T10:11:37.946+0000] {dagbag.py:538} INFO - Filling up the DagBag from /opt/airflow/dags/price_intelligence_dag.py
[2026-05-12T10:11:38.005+0000] {processor.py:840} INFO - DAG(s) 'price_intelligence_pipeline' retrieved from /opt/airflow/dags/price_intelligence_dag.py
[2026-05-12T10:11:38.123+0000] {logging_mixin.py:188} INFO - [2026-05-12T10:11:38.122+0000] {dag.py:3036} INFO - Sync 1 DAGs
[2026-05-12T10:11:38.217+0000] {logging_mixin.py:188} INFO - [2026-05-12T10:11:38.217+0000] {dag.py:3823} INFO - Setting next_dagrun for price_intelligence_pipeline to 2026-05-12 10:00:00+00:00, run_after=2026-05-12 11:00:00+00:00
[2026-05-12T10:11:38.280+0000] {processor.py:183} INFO - Processing /opt/airflow/dags/price_intelligence_dag.py took 0.343 seconds
[2026-05-12T10:12:08.651+0000] {processor.py:161} INFO - Started process (PID=12788) to work on /opt/airflow/dags/price_intelligence_dag.py
[2026-05-12T10:12:08.655+0000] {processor.py:830} INFO - Processing file /opt/airflow/dags/price_intelligence_dag.py for tasks to queue
[2026-05-12T10:12:08.657+0000] {logging_mixin.py:188} INFO - [2026-05-12T10:12:08.656+0000] {dagbag.py:538} INFO - Filling up the DagBag from /opt/airflow/dags/price_intelligence_dag.py
[2026-05-12T10:12:08.722+0000] {processor.py:840} INFO - DAG(s) 'price_intelligence_pipeline' retrieved from /opt/airflow/dags/price_intelligence_dag.py
[2026-05-12T10:12:08.790+0000] {logging_mixin.py:188} INFO - [2026-05-12T10:12:08.790+0000] {dag.py:3036} INFO - Sync 1 DAGs
[2026-05-12T10:12:09.086+0000] {logging_mixin.py:188} INFO - [2026-05-12T10:12:09.086+0000] {dag.py:3823} INFO - Setting next_dagrun for price_intelligence_pipeline to 2026-05-12 10:00:00+00:00, run_after=2026-05-12 11:00:00+00:00
[2026-05-12T10:12:09.118+0000] {processor.py:183} INFO - Processing /opt/airflow/dags/price_intelligence_dag.py took 0.474 seconds
[2026-05-12T10:12:39.459+0000] {processor.py:161} INFO - Started process (PID=12793) to work on /opt/airflow/dags/price_intelligence_dag.py
[2026-05-12T10:12:39.461+0000] {processor.py:830} INFO - Processing file /opt/airflow/dags/price_intelligence_dag.py for tasks to queue
[2026-05-12T10:12:39.463+0000] {logging_mixin.py:188} INFO - [2026-05-12T10:12:39.462+0000] {dagbag.py:538} INFO - Filling up the DagBag from /opt/airflow/dags/price_intelligence_dag.py
[2026-05-12T10:12:39.518+0000] {processor.py:840} INFO - DAG(s) 'price_intelligence_pipeline' retrieved from /opt/airflow/dags/price_intelligence_dag.py
[2026-05-12T10:12:39.582+0000] {logging_mixin.py:188} INFO - [2026-05-12T10:12:39.581+0000] {dag.py:3036} INFO - Sync 1 DAGs
[2026-05-12T10:12:39.817+0000] {logging_mixin.py:188} INFO - [2026-05-12T10:12:39.817+0000] {dag.py:3823} INFO - Setting next_dagrun for price_intelligence_pipeline to 2026-05-12 10:00:00+00:00, run_after=2026-05-12 11:00:00+00:00
[2026-05-12T10:12:39.846+0000] {processor.py:183} INFO - Processing /opt/airflow/dags/price_intelligence_dag.py took 0.393 seconds
[2026-05-12T10:13:10.197+0000] {processor.py:161} INFO - Started process (PID=12806) to work on /opt/airflow/dags/price_intelligence_dag.py
[2026-05-12T10:13:10.199+0000] {processor.py:830} INFO - Processing file /opt/airflow/dags/price_intelligence_dag.py for tasks to queue
[2026-05-12T10:13:10.202+0000] {logging_mixin.py:188} INFO - [2026-05-12T10:13:10.201+0000] {dagbag.py:538} INFO - Filling up the DagBag from /opt/airflow/dags/price_intelligence_dag.py
[2026-05-12T10:13:10.259+0000] {processor.py:840} INFO - DAG(s) 'price_intelligence_pipeline' retrieved from /opt/airflow/dags/price_intelligence_dag.py
[2026-05-12T10:13:10.348+0000] {logging_mixin.py:188} INFO - [2026-05-12T10:13:10.348+0000] {dag.py:3036} INFO - Sync 1 DAGs
[2026-05-12T10:13:10.465+0000] {logging_mixin.py:188} INFO - [2026-05-12T10:13:10.465+0000] {dag.py:3823} INFO - Setting next_dagrun for price_intelligence_pipeline to 2026-05-12 10:00:00+00:00, run_after=2026-05-12 11:00:00+00:00
[2026-05-12T10:13:10.501+0000] {processor.py:183} INFO - Processing /opt/airflow/dags/price_intelligence_dag.py took 0.309 seconds
[2026-05-12T10:13:41.163+0000] {processor.py:161} INFO - Started process (PID=12819) to work on /opt/airflow/dags/price_intelligence_dag.py
[2026-05-12T10:13:41.167+0000] {processor.py:830} INFO - Processing file /opt/airflow/dags/price_intelligence_dag.py for tasks to queue
[2026-05-12T10:13:41.179+0000] {logging_mixin.py:188} INFO - [2026-05-12T10:13:41.173+0000] {dagbag.py:538} INFO - Filling up the DagBag from /opt/airflow/dags/price_intelligence_dag.py
[2026-05-12T10:13:41.326+0000] {processor.py:840} INFO - DAG(s) 'price_intelligence_pipeline' retrieved from /opt/airflow/dags/price_intelligence_dag.py
[2026-05-12T10:13:41.483+0000] {logging_mixin.py:188} INFO - [2026-05-12T10:13:41.482+0000] {dag.py:3036} INFO - Sync 1 DAGs
[2026-05-12T10:13:41.625+0000] {logging_mixin.py:188} INFO - [2026-05-12T10:13:41.624+0000] {dag.py:3823} INFO - Setting next_dagrun for price_intelligence_pipeline to 2026-05-12 10:00:00+00:00, run_after=2026-05-12 11:00:00+00:00
[2026-05-12T10:13:41.849+0000] {processor.py:183} INFO - Processing /opt/airflow/dags/price_intelligence_dag.py took 0.704 seconds
[2026-05-12T10:14:12.271+0000] {processor.py:161} INFO - Started process (PID=12832) to work on /opt/airflow/dags/price_intelligence_dag.py
[2026-05-12T10:14:12.273+0000] {processor.py:830} INFO - Processing file /opt/airflow/dags/price_intelligence_dag.py for tasks to queue
[2026-05-12T10:14:12.275+0000] {logging_mixin.py:188} INFO - [2026-05-12T10:14:12.275+0000] {dagbag.py:538} INFO - Filling up the DagBag from /opt/airflow/dags/price_intelligence_dag.py
[2026-05-12T10:14:12.335+0000] {processor.py:840} INFO - DAG(s) 'price_intelligence_pipeline' retrieved from /opt/airflow/dags/price_intelligence_dag.py
[2026-05-12T10:14:12.421+0000] {logging_mixin.py:188} INFO - [2026-05-12T10:14:12.420+0000] {dag.py:3036} INFO - Sync 1 DAGs
[2026-05-12T10:14:12.478+0000] {logging_mixin.py:188} INFO - [2026-05-12T10:14:12.478+0000] {dag.py:3823} INFO - Setting next_dagrun for price_intelligence_pipeline to 2026-05-12 10:00:00+00:00, run_after=2026-05-12 11:00:00+00:00
[2026-05-12T10:14:12.522+0000] {processor.py:183} INFO - Processing /opt/airflow/dags/price_intelligence_dag.py took 0.262 seconds
[2026-05-12T10:14:42.695+0000] {processor.py:161} INFO - Started process (PID=12846) to work on /opt/airflow/dags/price_intelligence_dag.py
[2026-05-12T10:14:42.697+0000] {processor.py:830} INFO - Processing file /opt/airflow/dags/price_intelligence_dag.py for tasks to queue
[2026-05-12T10:14:42.700+0000] {logging_mixin.py:188} INFO - [2026-05-12T10:14:42.699+0000] {dagbag.py:538} INFO - Filling up the DagBag from /opt/airflow/dags/price_intelligence_dag.py
[2026-05-12T10:14:42.762+0000] {processor.py:840} INFO - DAG(s) 'price_intelligence_pipeline' retrieved from /opt/airflow/dags/price_intelligence_dag.py
[2026-05-12T10:14:42.843+0000] {logging_mixin.py:188} INFO - [2026-05-12T10:14:42.842+0000] {dag.py:3036} INFO - Sync 1 DAGs
[2026-05-12T10:14:42.912+0000] {logging_mixin.py:188} INFO - [2026-05-12T10:14:42.912+0000] {dag.py:3823} INFO - Setting next_dagrun for price_intelligence_pipeline to 2026-05-12 10:00:00+00:00, run_after=2026-05-12 11:00:00+00:00
[2026-05-12T10:14:43.206+0000] {processor.py:183} INFO - Processing /opt/airflow/dags/price_intelligence_dag.py took 0.522 seconds
[2026-05-12T10:15:13.555+0000] {processor.py:161} INFO - Started process (PID=12860) to work on /opt/airflow/dags/price_intelligence_dag.py
[2026-05-12T10:15:13.558+0000] {processor.py:830} INFO - Processing file /opt/airflow/dags/price_intelligence_dag.py for tasks to queue
[2026-05-12T10:15:13.560+0000] {logging_mixin.py:188} INFO - [2026-05-12T10:15:13.559+0000] {dagbag.py:538} INFO - Filling up the DagBag from /opt/airflow/dags/price_intelligence_dag.py
[2026-05-12T10:15:13.624+0000] {processor.py:840} INFO - DAG(s) 'price_intelligence_pipeline' retrieved from /opt/airflow/dags/price_intelligence_dag.py
[2026-05-12T10:15:13.709+0000] {logging_mixin.py:188} INFO - [2026-05-12T10:15:13.709+0000] {dag.py:3036} INFO - Sync 1 DAGs
[2026-05-12T10:15:14.055+0000] {logging_mixin.py:188} INFO - [2026-05-12T10:15:14.055+0000] {dag.py:3823} INFO - Setting next_dagrun for price_intelligence_pipeline to 2026-05-12 10:00:00+00:00, run_after=2026-05-12 11:00:00+00:00
[2026-05-12T10:15:14.112+0000] {processor.py:183} INFO - Processing /opt/airflow/dags/price_intelligence_dag.py took 0.567 seconds
[2026-05-12T10:15:44.364+0000] {processor.py:161} INFO - Started process (PID=12873) to work on /opt/airflow/dags/price_intelligence_dag.py
[2026-05-12T10:15:44.368+0000] {processor.py:830} INFO - Processing file /opt/airflow/dags/price_intelligence_dag.py for tasks to queue
[2026-05-12T10:15:44.370+0000] {logging_mixin.py:188} INFO - [2026-05-12T10:15:44.370+0000] {dagbag.py:538} INFO - Filling up the DagBag from /opt/airflow/dags/price_intelligence_dag.py
[2026-05-12T10:15:44.440+0000] {processor.py:840} INFO - DAG(s) 'price_intelligence_pipeline' retrieved from /opt/airflow/dags/price_intelligence_dag.py
[2026-05-12T10:15:44.506+0000] {logging_mixin.py:188} INFO - [2026-05-12T10:15:44.505+0000] {dag.py:3036} INFO - Sync 1 DAGs
[2026-05-12T10:15:44.555+0000] {logging_mixin.py:188} INFO - [2026-05-12T10:15:44.555+0000] {dag.py:3823} INFO - Setting next_dagrun for price_intelligence_pipeline to 2026-05-12 10:00:00+00:00, run_after=2026-05-12 11:00:00+00:00
[2026-05-12T10:15:44.596+0000] {processor.py:183} INFO - Processing /opt/airflow/dags/price_intelligence_dag.py took 0.239 seconds
[2026-05-12T10:16:14.727+0000] {processor.py:161} INFO - Started process (PID=12886) to work on /opt/airflow/dags/price_intelligence_dag.py
[2026-05-12T10:16:14.729+0000] {processor.py:830} INFO - Processing file /opt/airflow/dags/price_intelligence_dag.py for tasks to queue
[2026-05-12T10:16:14.732+0000] {logging_mixin.py:188} INFO - [2026-05-12T10:16:14.731+0000] {dagbag.py:538} INFO - Filling up the DagBag from /opt/airflow/dags/price_intelligence_dag.py
[2026-05-12T10:16:14.797+0000] {processor.py:840} INFO - DAG(s) 'price_intelligence_pipeline' retrieved from /opt/airflow/dags/price_intelligence_dag.py
[2026-05-12T10:16:14.873+0000] {logging_mixin.py:188} INFO - [2026-05-12T10:16:14.873+0000] {dag.py:3036} INFO - Sync 1 DAGs
[2026-05-12T10:16:14.968+0000] {logging_mixin.py:188} INFO - [2026-05-12T10:16:14.967+0000] {dag.py:3823} INFO - Setting next_dagrun for price_intelligence_pipeline to 2026-05-12 10:00:00+00:00, run_after=2026-05-12 11:00:00+00:00
[2026-05-12T10:16:15.031+0000] {processor.py:183} INFO - Processing /opt/airflow/dags/price_intelligence_dag.py took 0.314 seconds
[2026-05-12T10:16:45.152+0000] {processor.py:161} INFO - Started process (PID=12891) to work on /opt/airflow/dags/price_intelligence_dag.py
[2026-05-12T10:16:45.156+0000] {processor.py:830} INFO - Processing file /opt/airflow/dags/price_intelligence_dag.py for tasks to queue
[2026-05-12T10:16:45.159+0000] {logging_mixin.py:188} INFO - [2026-05-12T10:16:45.158+0000] {dagbag.py:538} INFO - Filling up the DagBag from /opt/airflow/dags/price_intelligence_dag.py
[2026-05-12T10:16:45.218+0000] {processor.py:840} INFO - DAG(s) 'price_intelligence_pipeline' retrieved from /opt/airflow/dags/price_intelligence_dag.py
[2026-05-12T10:16:45.295+0000] {logging_mixin.py:188} INFO - [2026-05-12T10:16:45.294+0000] {dag.py:3036} INFO - Sync 1 DAGs
[2026-05-12T10:16:45.361+0000] {logging_mixin.py:188} INFO - [2026-05-12T10:16:45.361+0000] {dag.py:3823} INFO - Setting next_dagrun for price_intelligence_pipeline to 2026-05-12 10:00:00+00:00, run_after=2026-05-12 11:00:00+00:00
[2026-05-12T10:16:45.403+0000] {processor.py:183} INFO - Processing /opt/airflow/dags/price_intelligence_dag.py took 0.258 seconds
[2026-05-12T10:17:15.641+0000] {processor.py:161} INFO - Started process (PID=12903) to work on /opt/airflow/dags/price_intelligence_dag.py
[2026-05-12T10:17:15.647+0000] {processor.py:830} INFO - Processing file /opt/airflow/dags/price_intelligence_dag.py for tasks to queue
[2026-05-12T10:17:15.651+0000] {logging_mixin.py:188} INFO - [2026-05-12T10:17:15.650+0000] {dagbag.py:538} INFO - Filling up the DagBag from /opt/airflow/dags/price_intelligence_dag.py
[2026-05-12T10:17:15.779+0000] {processor.py:840} INFO - DAG(s) 'price_intelligence_pipeline' retrieved from /opt/airflow/dags/price_intelligence_dag.py
[2026-05-12T10:17:15.870+0000] {logging_mixin.py:188} INFO - [2026-05-12T10:17:15.869+0000] {dag.py:3036} INFO - Sync 1 DAGs
[2026-05-12T10:17:15.929+0000] {logging_mixin.py:188} INFO - [2026-05-12T10:17:15.929+0000] {dag.py:3823} INFO - Setting next_dagrun for price_intelligence_pipeline to 2026-05-12 10:00:00+00:00, run_after=2026-05-12 11:00:00+00:00
[2026-05-12T10:17:16.225+0000] {processor.py:183} INFO - Processing /opt/airflow/dags/price_intelligence_dag.py took 0.592 seconds
