[2026-05-05T21:54:35.147+0000] {taskinstance.py:1956} INFO - Dependencies all met for dep_context=non-requeueable deps ti=<TaskInstance: price_intelligence_pipeline.dbt_run manual__2026-05-05T21:21:48.736912+00:00 [queued]>
[2026-05-05T21:54:35.175+0000] {taskinstance.py:1956} INFO - Dependencies all met for dep_context=requeueable deps ti=<TaskInstance: price_intelligence_pipeline.dbt_run manual__2026-05-05T21:21:48.736912+00:00 [queued]>
[2026-05-05T21:54:35.177+0000] {taskinstance.py:2170} INFO - Starting attempt 1 of 2
[2026-05-05T21:54:35.228+0000] {taskinstance.py:2191} INFO - Executing <Task(BashOperator): dbt_run> on 2026-05-05 21:21:48.736912+00:00
[2026-05-05T21:54:35.248+0000] {standard_task_runner.py:60} INFO - Started process 7878 to run task
[2026-05-05T21:54:35.262+0000] {standard_task_runner.py:87} INFO - Running: ['***', 'tasks', 'run', 'price_intelligence_pipeline', 'dbt_run', 'manual__2026-05-05T21:21:48.736912+00:00', '--job-id', '420', '--raw', '--subdir', 'DAGS_FOLDER/price_intelligence_dag.py', '--cfg-path', '/tmp/tmpvaun926h']
[2026-05-05T21:54:35.272+0000] {standard_task_runner.py:88} INFO - Job 420: Subtask dbt_run
[2026-05-05T21:54:35.401+0000] {task_command.py:423} INFO - Running <TaskInstance: price_intelligence_pipeline.dbt_run manual__2026-05-05T21:21:48.736912+00:00 [running]> on host 25ef6dfa8bdc
[2026-05-05T21:54:35.632+0000] {taskinstance.py:2480} INFO - Exporting env vars: AIRFLOW_CTX_DAG_OWNER='***' AIRFLOW_CTX_DAG_ID='price_intelligence_pipeline' AIRFLOW_CTX_TASK_ID='dbt_run' AIRFLOW_CTX_EXECUTION_DATE='2026-05-05T21:21:48.736912+00:00' AIRFLOW_CTX_TRY_NUMBER='1' AIRFLOW_CTX_DAG_RUN_ID='manual__2026-05-05T21:21:48.736912+00:00'
[2026-05-05T21:54:35.636+0000] {subprocess.py:63} INFO - Tmp dir root location: /tmp
[2026-05-05T21:54:35.644+0000] {subprocess.py:75} INFO - Running command: ['/usr/bin/bash', '-c', '\n            set -e\n            cd /opt/***/dbt\n            export GOOGLE_APPLICATION_CREDENTIALS=/opt/***/gcp-credentials-new.json\n            dbt run --select stg_prices --profiles-dir . --project-dir .\n            dbt run --select prices_cleaned --profiles-dir . --project-dir .\n            dbt run --select prices_aggregated --profiles-dir . --project-dir .\n            echo dbt done\n        ']
[2026-05-05T21:54:35.674+0000] {subprocess.py:86} INFO - Output:
[2026-05-05T21:54:39.072+0000] {subprocess.py:93} INFO - [0m21:54:39  Running with dbt=1.8.7
[2026-05-05T21:54:39.074+0000] {subprocess.py:93} INFO - [0m21:54:39  Encountered an error:
[2026-05-05T21:54:39.075+0000] {subprocess.py:93} INFO - Runtime Error
[2026-05-05T21:54:39.076+0000] {subprocess.py:93} INFO -   No dbt_project.yml found at expected path ./dbt_project.yml
[2026-05-05T21:54:39.077+0000] {subprocess.py:93} INFO -   Verify that each entry within packages.yml (and their transitive dependencies) contains a file named dbt_project.yml
[2026-05-05T21:54:39.078+0000] {subprocess.py:93} INFO - 
[2026-05-05T21:54:43.416+0000] {subprocess.py:97} INFO - Command exited with return code 2
[2026-05-05T21:54:43.463+0000] {taskinstance.py:2698} ERROR - Task failed with exception
Traceback (most recent call last):
  File "/home/airflow/.local/lib/python3.8/site-packages/airflow/models/taskinstance.py", line 428, in _execute_task
    result = execute_callable(context=context, **execute_callable_kwargs)
  File "/home/airflow/.local/lib/python3.8/site-packages/airflow/operators/bash.py", line 212, in execute
    raise AirflowException(
airflow.exceptions.AirflowException: Bash command failed. The command returned a non-zero exit code 2.
[2026-05-05T21:54:43.472+0000] {taskinstance.py:1138} INFO - Marking task as UP_FOR_RETRY. dag_id=price_intelligence_pipeline, task_id=dbt_run, execution_date=20260505T212148, start_date=20260505T215435, end_date=20260505T215443
[2026-05-05T21:54:43.505+0000] {standard_task_runner.py:107} ERROR - Failed to execute job 420 for task dbt_run (Bash command failed. The command returned a non-zero exit code 2.; 7878)
[2026-05-05T21:54:43.543+0000] {local_task_job_runner.py:234} INFO - Task exited with return code 1
[2026-05-05T21:54:43.620+0000] {taskinstance.py:3280} INFO - 0 downstream tasks scheduled from follow-on schedule check
