[2026-05-05T20:19:47.676+0000] {taskinstance.py:1956} INFO - Dependencies all met for dep_context=non-requeueable deps ti=<TaskInstance: price_intelligence_pipeline.dbt_run scheduled__2026-05-05T19:00:00+00:00 [queued]>
[2026-05-05T20:19:47.691+0000] {taskinstance.py:1956} INFO - Dependencies all met for dep_context=requeueable deps ti=<TaskInstance: price_intelligence_pipeline.dbt_run scheduled__2026-05-05T19:00:00+00:00 [queued]>
[2026-05-05T20:19:47.692+0000] {taskinstance.py:2170} INFO - Starting attempt 2 of 3
[2026-05-05T20:19:47.712+0000] {taskinstance.py:2191} INFO - Executing <Task(BashOperator): dbt_run> on 2026-05-05 19:00:00+00:00
[2026-05-05T20:19:47.719+0000] {standard_task_runner.py:60} INFO - Started process 2780 to run task
[2026-05-05T20:19:47.727+0000] {standard_task_runner.py:87} INFO - Running: ['***', 'tasks', 'run', 'price_intelligence_pipeline', 'dbt_run', 'scheduled__2026-05-05T19:00:00+00:00', '--job-id', '306', '--raw', '--subdir', 'DAGS_FOLDER/price_intelligence_dag.py', '--cfg-path', '/tmp/tmpxji5bg7z']
[2026-05-05T20:19:47.730+0000] {standard_task_runner.py:88} INFO - Job 306: Subtask dbt_run
[2026-05-05T20:19:47.852+0000] {task_command.py:423} INFO - Running <TaskInstance: price_intelligence_pipeline.dbt_run scheduled__2026-05-05T19:00:00+00:00 [running]> on host 25ef6dfa8bdc
[2026-05-05T20:19:48.019+0000] {taskinstance.py:2480} INFO - Exporting env vars: AIRFLOW_CTX_DAG_OWNER='***' AIRFLOW_CTX_DAG_ID='price_intelligence_pipeline' AIRFLOW_CTX_TASK_ID='dbt_run' AIRFLOW_CTX_EXECUTION_DATE='2026-05-05T19:00:00+00:00' AIRFLOW_CTX_TRY_NUMBER='2' AIRFLOW_CTX_DAG_RUN_ID='scheduled__2026-05-05T19:00:00+00:00'
[2026-05-05T20:19:48.022+0000] {subprocess.py:63} INFO - Tmp dir root location: /tmp
[2026-05-05T20:19:48.024+0000] {subprocess.py:75} INFO - Running command: ['/usr/bin/bash', '-c', '\n            set -e\n            cd /opt/***/dbt\n            export GOOGLE_APPLICATION_CREDENTIALS=/opt/***/gcp-credentials-new.json\n            dbt run --select stg_prices --profiles-dir . --project-dir .\n            dbt run --select prices_cleaned --profiles-dir . --project-dir .\n            dbt run --select prices_aggregated --profiles-dir . --project-dir .\n            echo dbt done\n        ']
[2026-05-05T20:19:48.042+0000] {subprocess.py:86} INFO - Output:
[2026-05-05T20:19:48.045+0000] {subprocess.py:93} INFO - /usr/bin/bash: line 3: cd: /opt/***/dbt: No such file or directory
[2026-05-05T20:19:48.046+0000] {subprocess.py:97} INFO - Command exited with return code 1
[2026-05-05T20:19:48.069+0000] {taskinstance.py:2698} ERROR - Task failed with exception
Traceback (most recent call last):
  File "/home/airflow/.local/lib/python3.8/site-packages/airflow/models/taskinstance.py", line 428, in _execute_task
    result = execute_callable(context=context, **execute_callable_kwargs)
  File "/home/airflow/.local/lib/python3.8/site-packages/airflow/operators/bash.py", line 212, in execute
    raise AirflowException(
airflow.exceptions.AirflowException: Bash command failed. The command returned a non-zero exit code 1.
[2026-05-05T20:19:48.075+0000] {taskinstance.py:1138} INFO - Marking task as UP_FOR_RETRY. dag_id=price_intelligence_pipeline, task_id=dbt_run, execution_date=20260505T190000, start_date=20260505T201947, end_date=20260505T201948
[2026-05-05T20:19:48.096+0000] {standard_task_runner.py:107} ERROR - Failed to execute job 306 for task dbt_run (Bash command failed. The command returned a non-zero exit code 1.; 2780)
[2026-05-05T20:19:48.139+0000] {local_task_job_runner.py:234} INFO - Task exited with return code 1
[2026-05-05T20:19:48.182+0000] {taskinstance.py:3280} INFO - 0 downstream tasks scheduled from follow-on schedule check
[2026-05-05T20:45:49.826+0000] {taskinstance.py:1956} INFO - Dependencies all met for dep_context=non-requeueable deps ti=<TaskInstance: price_intelligence_pipeline.dbt_run scheduled__2026-05-05T19:00:00+00:00 [queued]>
[2026-05-05T20:45:49.843+0000] {taskinstance.py:1956} INFO - Dependencies all met for dep_context=requeueable deps ti=<TaskInstance: price_intelligence_pipeline.dbt_run scheduled__2026-05-05T19:00:00+00:00 [queued]>
[2026-05-05T20:45:49.844+0000] {taskinstance.py:2170} INFO - Starting attempt 2 of 3
[2026-05-05T20:45:49.867+0000] {taskinstance.py:2191} INFO - Executing <Task(BashOperator): dbt_run> on 2026-05-05 19:00:00+00:00
[2026-05-05T20:45:49.876+0000] {standard_task_runner.py:60} INFO - Started process 405 to run task
[2026-05-05T20:45:49.885+0000] {standard_task_runner.py:87} INFO - Running: ['***', 'tasks', 'run', 'price_intelligence_pipeline', 'dbt_run', 'scheduled__2026-05-05T19:00:00+00:00', '--job-id', '326', '--raw', '--subdir', 'DAGS_FOLDER/price_intelligence_dag.py', '--cfg-path', '/tmp/tmp8g4c5tnm']
[2026-05-05T20:45:49.890+0000] {standard_task_runner.py:88} INFO - Job 326: Subtask dbt_run
[2026-05-05T20:45:50.011+0000] {task_command.py:423} INFO - Running <TaskInstance: price_intelligence_pipeline.dbt_run scheduled__2026-05-05T19:00:00+00:00 [running]> on host 25ef6dfa8bdc
[2026-05-05T20:45:50.159+0000] {taskinstance.py:2480} INFO - Exporting env vars: AIRFLOW_CTX_DAG_OWNER='***' AIRFLOW_CTX_DAG_ID='price_intelligence_pipeline' AIRFLOW_CTX_TASK_ID='dbt_run' AIRFLOW_CTX_EXECUTION_DATE='2026-05-05T19:00:00+00:00' AIRFLOW_CTX_TRY_NUMBER='2' AIRFLOW_CTX_DAG_RUN_ID='scheduled__2026-05-05T19:00:00+00:00'
[2026-05-05T20:45:50.161+0000] {subprocess.py:63} INFO - Tmp dir root location: /tmp
[2026-05-05T20:45:50.163+0000] {subprocess.py:75} INFO - Running command: ['/usr/bin/bash', '-c', '\n            set -e\n            cd /opt/***/dbt\n            export GOOGLE_APPLICATION_CREDENTIALS=/opt/***/gcp-credentials-new.json\n            dbt run --select stg_prices --profiles-dir . --project-dir .\n            dbt run --select prices_cleaned --profiles-dir . --project-dir .\n            dbt run --select prices_aggregated --profiles-dir . --project-dir .\n            echo dbt done\n        ']
[2026-05-05T20:45:50.177+0000] {subprocess.py:86} INFO - Output:
[2026-05-05T20:45:50.181+0000] {subprocess.py:93} INFO - /usr/bin/bash: line 3: cd: /opt/***/dbt: No such file or directory
[2026-05-05T20:45:50.182+0000] {subprocess.py:97} INFO - Command exited with return code 1
[2026-05-05T20:45:50.212+0000] {taskinstance.py:2698} ERROR - Task failed with exception
Traceback (most recent call last):
  File "/home/airflow/.local/lib/python3.8/site-packages/airflow/models/taskinstance.py", line 428, in _execute_task
    result = execute_callable(context=context, **execute_callable_kwargs)
  File "/home/airflow/.local/lib/python3.8/site-packages/airflow/operators/bash.py", line 212, in execute
    raise AirflowException(
airflow.exceptions.AirflowException: Bash command failed. The command returned a non-zero exit code 1.
[2026-05-05T20:45:50.218+0000] {taskinstance.py:1138} INFO - Marking task as UP_FOR_RETRY. dag_id=price_intelligence_pipeline, task_id=dbt_run, execution_date=20260505T190000, start_date=20260505T204549, end_date=20260505T204550
[2026-05-05T20:45:50.237+0000] {standard_task_runner.py:107} ERROR - Failed to execute job 326 for task dbt_run (Bash command failed. The command returned a non-zero exit code 1.; 405)
[2026-05-05T20:45:50.257+0000] {local_task_job_runner.py:234} INFO - Task exited with return code 1
[2026-05-05T20:45:50.299+0000] {taskinstance.py:3280} INFO - 0 downstream tasks scheduled from follow-on schedule check
