[2026-05-20T00:01:16.102+0000] {taskinstance.py:1956} INFO - Dependencies all met for dep_context=non-requeueable deps ti=<TaskInstance: price_intelligence_pipeline.dbt_run scheduled__2026-05-19T23:00:00+00:00 [queued]>
[2026-05-20T00:01:16.123+0000] {taskinstance.py:1956} INFO - Dependencies all met for dep_context=requeueable deps ti=<TaskInstance: price_intelligence_pipeline.dbt_run scheduled__2026-05-19T23:00:00+00:00 [queued]>
[2026-05-20T00:01:16.124+0000] {taskinstance.py:2170} INFO - Starting attempt 1 of 2
[2026-05-20T00:01:16.152+0000] {taskinstance.py:2191} INFO - Executing <Task(BashOperator): dbt_run> on 2026-05-19 23:00:00+00:00
[2026-05-20T00:01:16.166+0000] {standard_task_runner.py:60} INFO - Started process 58239 to run task
[2026-05-20T00:01:16.174+0000] {standard_task_runner.py:87} INFO - Running: ['***', 'tasks', 'run', 'price_intelligence_pipeline', 'dbt_run', 'scheduled__2026-05-19T23:00:00+00:00', '--job-id', '1517', '--raw', '--subdir', 'DAGS_FOLDER/price_intelligence_dag.py', '--cfg-path', '/tmp/tmp6sqtc5rk']
[2026-05-20T00:01:16.180+0000] {standard_task_runner.py:88} INFO - Job 1517: Subtask dbt_run
[2026-05-20T00:01:16.353+0000] {task_command.py:423} INFO - Running <TaskInstance: price_intelligence_pipeline.dbt_run scheduled__2026-05-19T23:00:00+00:00 [running]> on host 91e0d3a0a233
[2026-05-20T00:01:16.643+0000] {taskinstance.py:2480} INFO - Exporting env vars: AIRFLOW_CTX_DAG_OWNER='***' AIRFLOW_CTX_DAG_ID='price_intelligence_pipeline' AIRFLOW_CTX_TASK_ID='dbt_run' AIRFLOW_CTX_EXECUTION_DATE='2026-05-19T23:00:00+00:00' AIRFLOW_CTX_TRY_NUMBER='1' AIRFLOW_CTX_DAG_RUN_ID='scheduled__2026-05-19T23:00:00+00:00'
[2026-05-20T00:01:16.648+0000] {subprocess.py:63} INFO - Tmp dir root location: /tmp
[2026-05-20T00:01:16.651+0000] {subprocess.py:75} INFO - Running command: ['/usr/bin/bash', '-c', '\n            set -e\n            cd /opt/***/dbt\n            export GOOGLE_APPLICATION_CREDENTIALS=/opt/***/gcp-credentials-new.json\n            /home/***/.local/bin/dbt run --full-refresh --profiles-dir . --project-dir .\n            echo dbt done\n        ']
[2026-05-20T00:01:16.675+0000] {subprocess.py:86} INFO - Output:
[2026-05-20T00:01:21.590+0000] {subprocess.py:93} INFO - [0m00:01:21  Running with dbt=1.8.7
[2026-05-20T00:01:24.489+0000] {subprocess.py:93} INFO - [0m00:01:24  Registered adapter: bigquery=1.8.3
[2026-05-20T00:01:26.584+0000] {subprocess.py:93} INFO - [0m00:01:26  Found 3 models, 1 seed, 7 data tests, 1 source, 479 macros
[2026-05-20T00:01:26.597+0000] {subprocess.py:93} INFO - [0m00:01:26
[2026-05-20T00:01:31.412+0000] {subprocess.py:93} INFO - [0m00:01:31  Concurrency: 4 threads (target='dev')
[2026-05-20T00:01:31.415+0000] {subprocess.py:93} INFO - [0m00:01:31
[2026-05-20T00:01:31.448+0000] {subprocess.py:93} INFO - [0m00:01:31  1 of 3 START sql view model price_intelligence_dbt.stg_prices .................. [RUN]
[2026-05-20T00:01:33.615+0000] {subprocess.py:93} INFO - [0m00:01:33  1 of 3 OK created sql view model price_intelligence_dbt.stg_prices ............. [[32mCREATE VIEW (0 processed)[0m in 2.16s]
[2026-05-20T00:01:33.625+0000] {subprocess.py:93} INFO - [0m00:01:33  2 of 3 START sql table model price_intelligence_dbt.prices_cleaned ............. [RUN]
[2026-05-20T00:01:37.995+0000] {subprocess.py:93} INFO - [0m00:01:37  2 of 3 OK created sql table model price_intelligence_dbt.prices_cleaned ........ [[32mCREATE TABLE (5.0k rows, 2.6 MiB processed)[0m in 4.36s]
[2026-05-20T00:01:38.016+0000] {subprocess.py:93} INFO - [0m00:01:38  3 of 3 START sql table model price_intelligence_dbt.prices_aggregated .......... [RUN]
[2026-05-20T00:01:41.848+0000] {subprocess.py:93} INFO - [0m00:01:41  3 of 3 OK created sql table model price_intelligence_dbt.prices_aggregated ..... [[32mCREATE TABLE (11.0 rows, 231.8 KiB processed)[0m in 3.82s]
[2026-05-20T00:01:41.867+0000] {subprocess.py:93} INFO - [0m00:01:41
[2026-05-20T00:01:41.869+0000] {subprocess.py:93} INFO - [0m00:01:41  Finished running 1 view model, 2 table models in 0 hours 0 minutes and 15.27 seconds (15.27s).
[2026-05-20T00:01:42.123+0000] {subprocess.py:93} INFO - [0m00:01:42
[2026-05-20T00:01:42.126+0000] {subprocess.py:93} INFO - [0m00:01:42  [32mCompleted successfully[0m
[2026-05-20T00:01:42.128+0000] {subprocess.py:93} INFO - [0m00:01:42
[2026-05-20T00:01:42.131+0000] {subprocess.py:93} INFO - [0m00:01:42  Done. PASS=3 WARN=0 ERROR=0 SKIP=0 TOTAL=3
[2026-05-20T00:01:46.616+0000] {subprocess.py:93} INFO - dbt done
[2026-05-20T00:01:46.627+0000] {subprocess.py:97} INFO - Command exited with return code 0
[2026-05-20T00:01:46.699+0000] {taskinstance.py:1138} INFO - Marking task as SUCCESS. dag_id=price_intelligence_pipeline, task_id=dbt_run, execution_date=20260519T230000, start_date=20260520T000116, end_date=20260520T000146
[2026-05-20T00:01:46.757+0000] {local_task_job_runner.py:234} INFO - Task exited with return code 0
[2026-05-20T00:01:46.803+0000] {taskinstance.py:3280} INFO - 1 downstream tasks scheduled from follow-on schedule check
