[2026-05-08T16:45:47.086+0000] {taskinstance.py:1956} INFO - Dependencies all met for dep_context=non-requeueable deps ti=<TaskInstance: price_intelligence_pipeline.load_bigquery scheduled__2026-05-07T23:00:00+00:00 [queued]>
[2026-05-08T16:45:47.122+0000] {taskinstance.py:1956} INFO - Dependencies all met for dep_context=requeueable deps ti=<TaskInstance: price_intelligence_pipeline.load_bigquery scheduled__2026-05-07T23:00:00+00:00 [queued]>
[2026-05-08T16:45:47.123+0000] {taskinstance.py:2170} INFO - Starting attempt 1 of 2
[2026-05-08T16:45:47.192+0000] {taskinstance.py:2191} INFO - Executing <Task(BashOperator): load_bigquery> on 2026-05-07 23:00:00+00:00
[2026-05-08T16:45:47.209+0000] {standard_task_runner.py:60} INFO - Started process 4281 to run task
[2026-05-08T16:45:47.224+0000] {standard_task_runner.py:87} INFO - Running: ['***', 'tasks', 'run', 'price_intelligence_pipeline', 'load_bigquery', 'scheduled__2026-05-07T23:00:00+00:00', '--job-id', '765', '--raw', '--subdir', 'DAGS_FOLDER/price_intelligence_dag.py', '--cfg-path', '/tmp/tmpatp2h5cp']
[2026-05-08T16:45:47.232+0000] {standard_task_runner.py:88} INFO - Job 765: Subtask load_bigquery
[2026-05-08T16:45:47.428+0000] {task_command.py:423} INFO - Running <TaskInstance: price_intelligence_pipeline.load_bigquery scheduled__2026-05-07T23:00:00+00:00 [running]> on host 25ef6dfa8bdc
[2026-05-08T16:45:47.678+0000] {taskinstance.py:2480} INFO - Exporting env vars: AIRFLOW_CTX_DAG_OWNER='***' AIRFLOW_CTX_DAG_ID='price_intelligence_pipeline' AIRFLOW_CTX_TASK_ID='load_bigquery' AIRFLOW_CTX_EXECUTION_DATE='2026-05-07T23:00:00+00:00' AIRFLOW_CTX_TRY_NUMBER='1' AIRFLOW_CTX_DAG_RUN_ID='scheduled__2026-05-07T23:00:00+00:00'
[2026-05-08T16:45:47.683+0000] {subprocess.py:63} INFO - Tmp dir root location: /tmp
[2026-05-08T16:45:47.688+0000] {subprocess.py:75} INFO - Running command: ['/usr/bin/bash', '-c', '\n            set -e\n            cd /opt/***\n            export GOOGLE_APPLICATION_CREDENTIALS=/opt/***/gcp-credentials-new.json\n            python3 bigquery_load.py\n            echo BigQuery done\n        ']
[2026-05-08T16:45:47.718+0000] {subprocess.py:86} INFO - Output:
[2026-05-08T16:45:51.124+0000] {subprocess.py:93} INFO - /home/***/.local/lib/python3.8/site-packages/google/auth/_default.py:76: UserWarning: Your application has authenticated using end user credentials from Google Cloud SDK without a quota project. You might receive a "quota exceeded" or "API not enabled" error. See the following page for troubleshooting: https://cloud.google.com/docs/authentication/adc-troubleshooting/user-creds.
[2026-05-08T16:45:51.126+0000] {subprocess.py:93} INFO -   warnings.warn(_CLOUD_SDK_CREDENTIALS_WARNING)
[2026-05-08T16:45:51.142+0000] {subprocess.py:93} INFO - Traceback (most recent call last):
[2026-05-08T16:45:51.143+0000] {subprocess.py:93} INFO -   File "/home/***/.local/lib/python3.8/site-packages/urllib3/connection.py", line 174, in _new_conn
[2026-05-08T16:45:51.143+0000] {subprocess.py:93} INFO -     conn = connection.create_connection(
[2026-05-08T16:45:51.144+0000] {subprocess.py:93} INFO -   File "/home/***/.local/lib/python3.8/site-packages/urllib3/util/connection.py", line 72, in create_connection
[2026-05-08T16:45:51.145+0000] {subprocess.py:93} INFO -     for res in socket.getaddrinfo(host, port, family, socket.SOCK_STREAM):
[2026-05-08T16:45:51.146+0000] {subprocess.py:93} INFO -   File "/usr/local/lib/python3.8/socket.py", line 918, in getaddrinfo
[2026-05-08T16:45:51.146+0000] {subprocess.py:93} INFO -     for res in _socket.getaddrinfo(host, port, family, type, proto, flags):
[2026-05-08T16:45:51.147+0000] {subprocess.py:93} INFO - socket.gaierror: [Errno -2] Name or service not known
[2026-05-08T16:45:51.148+0000] {subprocess.py:93} INFO - 
[2026-05-08T16:45:51.150+0000] {subprocess.py:93} INFO - During handling of the above exception, another exception occurred:
[2026-05-08T16:45:51.151+0000] {subprocess.py:93} INFO - 
[2026-05-08T16:45:51.152+0000] {subprocess.py:93} INFO - Traceback (most recent call last):
[2026-05-08T16:45:51.153+0000] {subprocess.py:93} INFO -   File "/home/***/.local/lib/python3.8/site-packages/urllib3/connectionpool.py", line 715, in urlopen
[2026-05-08T16:45:51.155+0000] {subprocess.py:93} INFO -     httplib_response = self._make_request(
[2026-05-08T16:45:51.156+0000] {subprocess.py:93} INFO -   File "/home/***/.local/lib/python3.8/site-packages/urllib3/connectionpool.py", line 404, in _make_request
[2026-05-08T16:45:51.157+0000] {subprocess.py:93} INFO -     self._validate_conn(conn)
[2026-05-08T16:45:51.159+0000] {subprocess.py:93} INFO -   File "/home/***/.local/lib/python3.8/site-packages/urllib3/connectionpool.py", line 1058, in _validate_conn
[2026-05-08T16:45:51.160+0000] {subprocess.py:93} INFO -     conn.connect()
[2026-05-08T16:45:51.160+0000] {subprocess.py:93} INFO -   File "/home/***/.local/lib/python3.8/site-packages/urllib3/connection.py", line 363, in connect
[2026-05-08T16:45:51.161+0000] {subprocess.py:93} INFO -     self.sock = conn = self._new_conn()
[2026-05-08T16:45:51.162+0000] {subprocess.py:93} INFO -   File "/home/***/.local/lib/python3.8/site-packages/urllib3/connection.py", line 186, in _new_conn
[2026-05-08T16:45:51.163+0000] {subprocess.py:93} INFO -     raise NewConnectionError(
[2026-05-08T16:45:51.163+0000] {subprocess.py:93} INFO - urllib3.exceptions.NewConnectionError: <urllib3.connection.HTTPSConnection object at 0x7592095cb100>: Failed to establish a new connection: [Errno -2] Name or service not known
[2026-05-08T16:45:51.164+0000] {subprocess.py:93} INFO - 
[2026-05-08T16:45:51.165+0000] {subprocess.py:93} INFO - During handling of the above exception, another exception occurred:
[2026-05-08T16:45:51.166+0000] {subprocess.py:93} INFO - 
[2026-05-08T16:45:51.166+0000] {subprocess.py:93} INFO - Traceback (most recent call last):
[2026-05-08T16:45:51.167+0000] {subprocess.py:93} INFO -   File "/home/***/.local/lib/python3.8/site-packages/requests/adapters.py", line 486, in send
[2026-05-08T16:45:51.168+0000] {subprocess.py:93} INFO -     resp = conn.urlopen(
[2026-05-08T16:45:51.169+0000] {subprocess.py:93} INFO -   File "/home/***/.local/lib/python3.8/site-packages/urllib3/connectionpool.py", line 827, in urlopen
[2026-05-08T16:45:51.170+0000] {subprocess.py:93} INFO -     return self.urlopen(
[2026-05-08T16:45:51.171+0000] {subprocess.py:93} INFO -   File "/home/***/.local/lib/python3.8/site-packages/urllib3/connectionpool.py", line 827, in urlopen
[2026-05-08T16:45:51.171+0000] {subprocess.py:93} INFO -     return self.urlopen(
[2026-05-08T16:45:51.172+0000] {subprocess.py:93} INFO -   File "/home/***/.local/lib/python3.8/site-packages/urllib3/connectionpool.py", line 827, in urlopen
[2026-05-08T16:45:51.172+0000] {subprocess.py:93} INFO -     return self.urlopen(
[2026-05-08T16:45:51.173+0000] {subprocess.py:93} INFO -   File "/home/***/.local/lib/python3.8/site-packages/urllib3/connectionpool.py", line 799, in urlopen
[2026-05-08T16:45:51.173+0000] {subprocess.py:93} INFO -     retries = retries.increment(
[2026-05-08T16:45:51.174+0000] {subprocess.py:93} INFO -   File "/home/***/.local/lib/python3.8/site-packages/urllib3/util/retry.py", line 592, in increment
[2026-05-08T16:45:51.175+0000] {subprocess.py:93} INFO -     raise MaxRetryError(_pool, url, error or ResponseError(cause))
[2026-05-08T16:45:51.175+0000] {subprocess.py:93} INFO - urllib3.exceptions.MaxRetryError: HTTPSConnectionPool(host='oauth2.googleapis.com', port=443): Max retries exceeded with url: /token (Caused by NewConnectionError('<urllib3.connection.HTTPSConnection object at 0x7592095cb100>: Failed to establish a new connection: [Errno -2] Name or service not known'))
[2026-05-08T16:45:51.176+0000] {subprocess.py:93} INFO - 
[2026-05-08T16:45:51.176+0000] {subprocess.py:93} INFO - During handling of the above exception, another exception occurred:
[2026-05-08T16:45:51.177+0000] {subprocess.py:93} INFO - 
[2026-05-08T16:45:51.177+0000] {subprocess.py:93} INFO - Traceback (most recent call last):
[2026-05-08T16:45:51.178+0000] {subprocess.py:93} INFO -   File "/home/***/.local/lib/python3.8/site-packages/google/auth/transport/requests.py", line 186, in __call__
[2026-05-08T16:45:51.181+0000] {subprocess.py:93} INFO -     response = self.session.request(
[2026-05-08T16:45:51.182+0000] {subprocess.py:93} INFO -   File "/home/***/.local/lib/python3.8/site-packages/requests/sessions.py", line 589, in request
[2026-05-08T16:45:51.183+0000] {subprocess.py:93} INFO -     resp = self.send(prep, **send_kwargs)
[2026-05-08T16:45:51.184+0000] {subprocess.py:93} INFO -   File "/home/***/.local/lib/python3.8/site-packages/requests/sessions.py", line 703, in send
[2026-05-08T16:45:51.185+0000] {subprocess.py:93} INFO -     r = adapter.send(request, **kwargs)
[2026-05-08T16:45:51.186+0000] {subprocess.py:93} INFO -   File "/home/***/.local/lib/python3.8/site-packages/requests/adapters.py", line 519, in send
[2026-05-08T16:45:51.186+0000] {subprocess.py:93} INFO -     raise ConnectionError(e, request=request)
[2026-05-08T16:45:51.187+0000] {subprocess.py:93} INFO - requests.exceptions.ConnectionError: HTTPSConnectionPool(host='oauth2.googleapis.com', port=443): Max retries exceeded with url: /token (Caused by NewConnectionError('<urllib3.connection.HTTPSConnection object at 0x7592095cb100>: Failed to establish a new connection: [Errno -2] Name or service not known'))
[2026-05-08T16:45:51.188+0000] {subprocess.py:93} INFO - 
[2026-05-08T16:45:51.188+0000] {subprocess.py:93} INFO - The above exception was the direct cause of the following exception:
[2026-05-08T16:45:51.189+0000] {subprocess.py:93} INFO - 
[2026-05-08T16:45:51.189+0000] {subprocess.py:93} INFO - Traceback (most recent call last):
[2026-05-08T16:45:51.191+0000] {subprocess.py:93} INFO -   File "bigquery_load.py", line 75, in <module>
[2026-05-08T16:45:51.193+0000] {subprocess.py:93} INFO -     load_to_bigquery()
[2026-05-08T16:45:51.194+0000] {subprocess.py:93} INFO -   File "bigquery_load.py", line 69, in load_to_bigquery
[2026-05-08T16:45:51.194+0000] {subprocess.py:93} INFO -     job = client.load_table_from_file(f, table_ref, job_config=job_config)
[2026-05-08T16:45:51.195+0000] {subprocess.py:93} INFO -   File "/home/***/.local/lib/python3.8/site-packages/google/cloud/bigquery/client.py", line 2487, in load_table_from_file
[2026-05-08T16:45:51.196+0000] {subprocess.py:93} INFO -     response = self._do_resumable_upload(
[2026-05-08T16:45:51.196+0000] {subprocess.py:93} INFO -   File "/home/***/.local/lib/python3.8/site-packages/google/cloud/bigquery/client.py", line 2889, in _do_resumable_upload
[2026-05-08T16:45:51.197+0000] {subprocess.py:93} INFO -     upload, transport = self._initiate_resumable_upload(
[2026-05-08T16:45:51.199+0000] {subprocess.py:93} INFO -   File "/home/***/.local/lib/python3.8/site-packages/google/cloud/bigquery/client.py", line 2962, in _initiate_resumable_upload
[2026-05-08T16:45:51.200+0000] {subprocess.py:93} INFO -     upload.initiate(
[2026-05-08T16:45:51.201+0000] {subprocess.py:93} INFO -   File "/home/***/.local/lib/python3.8/site-packages/google/resumable_media/requests/upload.py", line 420, in initiate
[2026-05-08T16:45:51.202+0000] {subprocess.py:93} INFO -     return _request_helpers.wait_and_retry(
[2026-05-08T16:45:51.203+0000] {subprocess.py:93} INFO -   File "/home/***/.local/lib/python3.8/site-packages/google/resumable_media/requests/_request_helpers.py", line 155, in wait_and_retry
[2026-05-08T16:45:51.203+0000] {subprocess.py:93} INFO -     response = func()
[2026-05-08T16:45:51.204+0000] {subprocess.py:93} INFO -   File "/home/***/.local/lib/python3.8/site-packages/google/resumable_media/requests/upload.py", line 412, in retriable_request
[2026-05-08T16:45:51.205+0000] {subprocess.py:93} INFO -     result = transport.request(
[2026-05-08T16:45:51.205+0000] {subprocess.py:93} INFO -   File "/home/***/.local/lib/python3.8/site-packages/google/auth/transport/requests.py", line 537, in request
[2026-05-08T16:45:51.206+0000] {subprocess.py:93} INFO -     self.credentials.before_request(auth_request, method, url, request_headers)
[2026-05-08T16:45:51.207+0000] {subprocess.py:93} INFO -   File "/home/***/.local/lib/python3.8/site-packages/google/auth/credentials.py", line 228, in before_request
[2026-05-08T16:45:51.207+0000] {subprocess.py:93} INFO -     self._blocking_refresh(request)
[2026-05-08T16:45:51.208+0000] {subprocess.py:93} INFO -   File "/home/***/.local/lib/python3.8/site-packages/google/auth/credentials.py", line 191, in _blocking_refresh
[2026-05-08T16:45:51.208+0000] {subprocess.py:93} INFO -     self.refresh(request)
[2026-05-08T16:45:51.209+0000] {subprocess.py:93} INFO -   File "/home/***/.local/lib/python3.8/site-packages/google/oauth2/credentials.py", line 390, in refresh
[2026-05-08T16:45:51.210+0000] {subprocess.py:93} INFO -     ) = reauth.refresh_grant(
[2026-05-08T16:45:51.210+0000] {subprocess.py:93} INFO -   File "/home/***/.local/lib/python3.8/site-packages/google/oauth2/reauth.py", line 332, in refresh_grant
[2026-05-08T16:45:51.211+0000] {subprocess.py:93} INFO -     response_status_ok, response_data, retryable_error = _client._token_endpoint_request_no_throw(
[2026-05-08T16:45:51.212+0000] {subprocess.py:93} INFO -   File "/home/***/.local/lib/python3.8/site-packages/google/oauth2/_client.py", line 215, in _token_endpoint_request_no_throw
[2026-05-08T16:45:51.215+0000] {subprocess.py:93} INFO -     request_succeeded, response_data, retryable_error = _perform_request()
[2026-05-08T16:45:51.216+0000] {subprocess.py:93} INFO -   File "/home/***/.local/lib/python3.8/site-packages/google/oauth2/_client.py", line 191, in _perform_request
[2026-05-08T16:45:51.217+0000] {subprocess.py:93} INFO -     response = request(
[2026-05-08T16:45:51.218+0000] {subprocess.py:93} INFO -   File "/home/***/.local/lib/python3.8/site-packages/google/auth/transport/requests.py", line 192, in __call__
[2026-05-08T16:45:51.219+0000] {subprocess.py:93} INFO -     raise new_exc from caught_exc
[2026-05-08T16:45:51.220+0000] {subprocess.py:93} INFO - google.auth.exceptions.TransportError: HTTPSConnectionPool(host='oauth2.googleapis.com', port=443): Max retries exceeded with url: /token (Caused by NewConnectionError('<urllib3.connection.HTTPSConnection object at 0x7592095cb100>: Failed to establish a new connection: [Errno -2] Name or service not known'))
[2026-05-08T16:45:51.417+0000] {subprocess.py:97} INFO - Command exited with return code 1
[2026-05-08T16:45:51.475+0000] {taskinstance.py:2698} ERROR - Task failed with exception
Traceback (most recent call last):
  File "/home/airflow/.local/lib/python3.8/site-packages/airflow/models/taskinstance.py", line 428, in _execute_task
    result = execute_callable(context=context, **execute_callable_kwargs)
  File "/home/airflow/.local/lib/python3.8/site-packages/airflow/operators/bash.py", line 212, in execute
    raise AirflowException(
airflow.exceptions.AirflowException: Bash command failed. The command returned a non-zero exit code 1.
[2026-05-08T16:45:51.483+0000] {taskinstance.py:1138} INFO - Marking task as UP_FOR_RETRY. dag_id=price_intelligence_pipeline, task_id=load_bigquery, execution_date=20260507T230000, start_date=20260508T164547, end_date=20260508T164551
[2026-05-08T16:45:51.525+0000] {standard_task_runner.py:107} ERROR - Failed to execute job 765 for task load_bigquery (Bash command failed. The command returned a non-zero exit code 1.; 4281)
[2026-05-08T16:45:51.585+0000] {local_task_job_runner.py:234} INFO - Task exited with return code 1
[2026-05-08T16:45:51.665+0000] {taskinstance.py:3280} INFO - 0 downstream tasks scheduled from follow-on schedule check
