[2026-05-06T17:08:31.841+0000] {taskinstance.py:1956} INFO - Dependencies all met for dep_context=non-requeueable deps ti=<TaskInstance: price_intelligence_pipeline.scrape_electroplanet scheduled__2026-05-06T16:00:00+00:00 [queued]>
[2026-05-06T17:08:31.903+0000] {taskinstance.py:1956} INFO - Dependencies all met for dep_context=requeueable deps ti=<TaskInstance: price_intelligence_pipeline.scrape_electroplanet scheduled__2026-05-06T16:00:00+00:00 [queued]>
[2026-05-06T17:08:31.912+0000] {taskinstance.py:2170} INFO - Starting attempt 1 of 2
[2026-05-06T17:08:32.007+0000] {taskinstance.py:2191} INFO - Executing <Task(BashOperator): scrape_electroplanet> on 2026-05-06 16:00:00+00:00
[2026-05-06T17:08:32.060+0000] {standard_task_runner.py:60} INFO - Started process 21016 to run task
[2026-05-06T17:08:32.074+0000] {standard_task_runner.py:87} INFO - Running: ['***', 'tasks', 'run', 'price_intelligence_pipeline', 'scrape_electroplanet', 'scheduled__2026-05-06T16:00:00+00:00', '--job-id', '603', '--raw', '--subdir', 'DAGS_FOLDER/price_intelligence_dag.py', '--cfg-path', '/tmp/tmp5f6saa1t']
[2026-05-06T17:08:32.108+0000] {standard_task_runner.py:88} INFO - Job 603: Subtask scrape_electroplanet
[2026-05-06T17:08:32.586+0000] {task_command.py:423} INFO - Running <TaskInstance: price_intelligence_pipeline.scrape_electroplanet scheduled__2026-05-06T16:00:00+00:00 [running]> on host 25ef6dfa8bdc
[2026-05-06T17:08:33.843+0000] {taskinstance.py:2480} INFO - Exporting env vars: AIRFLOW_CTX_DAG_OWNER='***' AIRFLOW_CTX_DAG_ID='price_intelligence_pipeline' AIRFLOW_CTX_TASK_ID='scrape_electroplanet' AIRFLOW_CTX_EXECUTION_DATE='2026-05-06T16:00:00+00:00' AIRFLOW_CTX_TRY_NUMBER='1' AIRFLOW_CTX_DAG_RUN_ID='scheduled__2026-05-06T16:00:00+00:00'
[2026-05-06T17:08:33.859+0000] {subprocess.py:63} INFO - Tmp dir root location: /tmp
[2026-05-06T17:08:33.871+0000] {subprocess.py:75} INFO - Running command: ['/usr/bin/bash', '-c', '\n            cd /opt/***\n            mkdir -p data/raw\n            export DISPLAY=:99\n            python3 scrapers/spiders/electroplanet_ma.py || echo "Electroplanet done with warnings"\n        ']
[2026-05-06T17:08:33.926+0000] {subprocess.py:86} INFO - Output:
[2026-05-06T17:08:41.198+0000] {subprocess.py:93} INFO - 
[2026-05-06T17:08:41.216+0000] {subprocess.py:93} INFO - [Electroplanet] Scraping : smartphones
[2026-05-06T17:08:41.227+0000] {subprocess.py:93} INFO - Traceback (most recent call last):
[2026-05-06T17:08:41.243+0000] {subprocess.py:93} INFO -   File "/home/***/.local/lib/python3.8/site-packages/urllib3/connection.py", line 174, in _new_conn
[2026-05-06T17:08:41.259+0000] {subprocess.py:93} INFO -     conn = connection.create_connection(
[2026-05-06T17:08:41.275+0000] {subprocess.py:93} INFO -   File "/home/***/.local/lib/python3.8/site-packages/urllib3/util/connection.py", line 72, in create_connection
[2026-05-06T17:08:41.291+0000] {subprocess.py:93} INFO -     for res in socket.getaddrinfo(host, port, family, socket.SOCK_STREAM):
[2026-05-06T17:08:41.293+0000] {subprocess.py:93} INFO -   File "/usr/local/lib/python3.8/socket.py", line 918, in getaddrinfo
[2026-05-06T17:08:41.306+0000] {subprocess.py:93} INFO -     for res in _socket.getaddrinfo(host, port, family, type, proto, flags):
[2026-05-06T17:08:41.322+0000] {subprocess.py:93} INFO - socket.gaierror: [Errno -5] No address associated with hostname
[2026-05-06T17:08:41.325+0000] {subprocess.py:93} INFO - 
[2026-05-06T17:08:41.326+0000] {subprocess.py:93} INFO - During handling of the above exception, another exception occurred:
[2026-05-06T17:08:41.341+0000] {subprocess.py:93} INFO - 
[2026-05-06T17:08:41.342+0000] {subprocess.py:93} INFO - Traceback (most recent call last):
[2026-05-06T17:08:41.346+0000] {subprocess.py:93} INFO -   File "/home/***/.local/lib/python3.8/site-packages/urllib3/connectionpool.py", line 715, in urlopen
[2026-05-06T17:08:41.348+0000] {subprocess.py:93} INFO -     httplib_response = self._make_request(
[2026-05-06T17:08:41.355+0000] {subprocess.py:93} INFO -   File "/home/***/.local/lib/python3.8/site-packages/urllib3/connectionpool.py", line 404, in _make_request
[2026-05-06T17:08:41.360+0000] {subprocess.py:93} INFO -     self._validate_conn(conn)
[2026-05-06T17:08:41.370+0000] {subprocess.py:93} INFO -   File "/home/***/.local/lib/python3.8/site-packages/urllib3/connectionpool.py", line 1058, in _validate_conn
[2026-05-06T17:08:41.372+0000] {subprocess.py:93} INFO -     conn.connect()
[2026-05-06T17:08:41.373+0000] {subprocess.py:93} INFO -   File "/home/***/.local/lib/python3.8/site-packages/urllib3/connection.py", line 363, in connect
[2026-05-06T17:08:41.374+0000] {subprocess.py:93} INFO -     self.sock = conn = self._new_conn()
[2026-05-06T17:08:41.376+0000] {subprocess.py:93} INFO -   File "/home/***/.local/lib/python3.8/site-packages/urllib3/connection.py", line 186, in _new_conn
[2026-05-06T17:08:41.378+0000] {subprocess.py:93} INFO -     raise NewConnectionError(
[2026-05-06T17:08:41.380+0000] {subprocess.py:93} INFO - urllib3.exceptions.NewConnectionError: <urllib3.connection.HTTPSConnection object at 0x7651080ee580>: Failed to establish a new connection: [Errno -5] No address associated with hostname
[2026-05-06T17:08:41.386+0000] {subprocess.py:93} INFO - 
[2026-05-06T17:08:41.387+0000] {subprocess.py:93} INFO - During handling of the above exception, another exception occurred:
[2026-05-06T17:08:41.388+0000] {subprocess.py:93} INFO - 
[2026-05-06T17:08:41.391+0000] {subprocess.py:93} INFO - Traceback (most recent call last):
[2026-05-06T17:08:41.392+0000] {subprocess.py:93} INFO -   File "/home/***/.local/lib/python3.8/site-packages/requests/adapters.py", line 486, in send
[2026-05-06T17:08:41.394+0000] {subprocess.py:93} INFO -     resp = conn.urlopen(
[2026-05-06T17:08:41.396+0000] {subprocess.py:93} INFO -   File "/home/***/.local/lib/python3.8/site-packages/urllib3/connectionpool.py", line 799, in urlopen
[2026-05-06T17:08:41.402+0000] {subprocess.py:93} INFO -     retries = retries.increment(
[2026-05-06T17:08:41.403+0000] {subprocess.py:93} INFO -   File "/home/***/.local/lib/python3.8/site-packages/urllib3/util/retry.py", line 592, in increment
[2026-05-06T17:08:41.404+0000] {subprocess.py:93} INFO -     raise MaxRetryError(_pool, url, error or ResponseError(cause))
[2026-05-06T17:08:41.405+0000] {subprocess.py:93} INFO - urllib3.exceptions.MaxRetryError: HTTPSConnectionPool(host='chromedriver.storage.googleapis.com', port=443): Max retries exceeded with url: /LATEST_RELEASE (Caused by NewConnectionError('<urllib3.connection.HTTPSConnection object at 0x7651080ee580>: Failed to establish a new connection: [Errno -5] No address associated with hostname'))
[2026-05-06T17:08:41.406+0000] {subprocess.py:93} INFO - 
[2026-05-06T17:08:41.418+0000] {subprocess.py:93} INFO - During handling of the above exception, another exception occurred:
[2026-05-06T17:08:41.420+0000] {subprocess.py:93} INFO - 
[2026-05-06T17:08:41.421+0000] {subprocess.py:93} INFO - Traceback (most recent call last):
[2026-05-06T17:08:41.423+0000] {subprocess.py:93} INFO -   File "/home/***/.local/lib/python3.8/site-packages/webdriver_manager/core/http.py", line 32, in get
[2026-05-06T17:08:41.424+0000] {subprocess.py:93} INFO -     resp = requests.get(
[2026-05-06T17:08:41.427+0000] {subprocess.py:93} INFO -   File "/home/***/.local/lib/python3.8/site-packages/requests/api.py", line 73, in get
[2026-05-06T17:08:41.432+0000] {subprocess.py:93} INFO -     return request("get", url, params=params, **kwargs)
[2026-05-06T17:08:41.436+0000] {subprocess.py:93} INFO -   File "/home/***/.local/lib/python3.8/site-packages/requests/api.py", line 59, in request
[2026-05-06T17:08:41.438+0000] {subprocess.py:93} INFO -     return session.request(method=method, url=url, **kwargs)
[2026-05-06T17:08:41.440+0000] {subprocess.py:93} INFO -   File "/home/***/.local/lib/python3.8/site-packages/requests/sessions.py", line 589, in request
[2026-05-06T17:08:41.449+0000] {subprocess.py:93} INFO -     resp = self.send(prep, **send_kwargs)
[2026-05-06T17:08:41.450+0000] {subprocess.py:93} INFO -   File "/home/***/.local/lib/python3.8/site-packages/requests/sessions.py", line 703, in send
[2026-05-06T17:08:41.451+0000] {subprocess.py:93} INFO -     r = adapter.send(request, **kwargs)
[2026-05-06T17:08:41.452+0000] {subprocess.py:93} INFO -   File "/home/***/.local/lib/python3.8/site-packages/requests/adapters.py", line 519, in send
[2026-05-06T17:08:41.454+0000] {subprocess.py:93} INFO -     raise ConnectionError(e, request=request)
[2026-05-06T17:08:41.455+0000] {subprocess.py:93} INFO - requests.exceptions.ConnectionError: HTTPSConnectionPool(host='chromedriver.storage.googleapis.com', port=443): Max retries exceeded with url: /LATEST_RELEASE (Caused by NewConnectionError('<urllib3.connection.HTTPSConnection object at 0x7651080ee580>: Failed to establish a new connection: [Errno -5] No address associated with hostname'))
[2026-05-06T17:08:41.456+0000] {subprocess.py:93} INFO - 
[2026-05-06T17:08:41.466+0000] {subprocess.py:93} INFO - During handling of the above exception, another exception occurred:
[2026-05-06T17:08:41.486+0000] {subprocess.py:93} INFO - 
[2026-05-06T17:08:41.487+0000] {subprocess.py:93} INFO - Traceback (most recent call last):
[2026-05-06T17:08:41.488+0000] {subprocess.py:93} INFO -   File "scrapers/spiders/electroplanet_ma.py", line 162, in <module>
[2026-05-06T17:08:41.489+0000] {subprocess.py:93} INFO -     scrape_electroplanet()
[2026-05-06T17:08:41.490+0000] {subprocess.py:93} INFO -   File "scrapers/spiders/electroplanet_ma.py", line 73, in scrape_electroplanet
[2026-05-06T17:08:41.493+0000] {subprocess.py:93} INFO -     driver = get_driver()
[2026-05-06T17:08:41.498+0000] {subprocess.py:93} INFO -   File "scrapers/spiders/electroplanet_ma.py", line 63, in get_driver
[2026-05-06T17:08:41.500+0000] {subprocess.py:93} INFO -     return webdriver.Chrome(service=Service(ChromeDriverManager().install()), options=opts)
[2026-05-06T17:08:41.501+0000] {subprocess.py:93} INFO -   File "/home/***/.local/lib/python3.8/site-packages/webdriver_manager/chrome.py", line 40, in install
[2026-05-06T17:08:41.502+0000] {subprocess.py:93} INFO -     driver_path = self._get_driver_binary_path(self.driver)
[2026-05-06T17:08:41.503+0000] {subprocess.py:93} INFO -   File "/home/***/.local/lib/python3.8/site-packages/webdriver_manager/core/manager.py", line 40, in _get_driver_binary_path
[2026-05-06T17:08:41.503+0000] {subprocess.py:93} INFO -     file = self._download_manager.download_file(driver.get_driver_download_url(os_type))
[2026-05-06T17:08:41.504+0000] {subprocess.py:93} INFO -   File "/home/***/.local/lib/python3.8/site-packages/webdriver_manager/drivers/chrome.py", line 32, in get_driver_download_url
[2026-05-06T17:08:41.505+0000] {subprocess.py:93} INFO -     driver_version_to_download = self.get_driver_version_to_download()
[2026-05-06T17:08:41.506+0000] {subprocess.py:93} INFO -   File "/home/***/.local/lib/python3.8/site-packages/webdriver_manager/core/driver.py", line 48, in get_driver_version_to_download
[2026-05-06T17:08:41.514+0000] {subprocess.py:93} INFO -     return self.get_latest_release_version()
[2026-05-06T17:08:41.515+0000] {subprocess.py:93} INFO -   File "/home/***/.local/lib/python3.8/site-packages/webdriver_manager/drivers/chrome.py", line 70, in get_latest_release_version
[2026-05-06T17:08:41.516+0000] {subprocess.py:93} INFO -     resp = self._http_client.get(url=latest_release_url)
[2026-05-06T17:08:41.517+0000] {subprocess.py:93} INFO -   File "/home/***/.local/lib/python3.8/site-packages/webdriver_manager/core/http.py", line 35, in get
[2026-05-06T17:08:41.518+0000] {subprocess.py:93} INFO -     raise exceptions.ConnectionError(f"Could not reach host. Are you offline?")
[2026-05-06T17:08:41.519+0000] {subprocess.py:93} INFO - requests.exceptions.ConnectionError: Could not reach host. Are you offline?
[2026-05-06T17:08:41.520+0000] {subprocess.py:93} INFO - Electroplanet done with warnings
[2026-05-06T17:08:41.521+0000] {subprocess.py:97} INFO - Command exited with return code 0
[2026-05-06T17:08:41.686+0000] {taskinstance.py:1138} INFO - Marking task as SUCCESS. dag_id=price_intelligence_pipeline, task_id=scrape_electroplanet, execution_date=20260506T160000, start_date=20260506T170831, end_date=20260506T170841
[2026-05-06T17:08:41.891+0000] {local_task_job_runner.py:234} INFO - Task exited with return code 0
[2026-05-06T17:08:42.166+0000] {taskinstance.py:3280} INFO - 0 downstream tasks scheduled from follow-on schedule check
