[2026-05-24T12:21:09.592+0000] {taskinstance.py:1956} INFO - Dependencies all met for dep_context=non-requeueable deps ti=<TaskInstance: price_intelligence_pipeline.dbt_run scheduled__2026-05-24T06:00:00+00:00 [queued]>
[2026-05-24T12:21:09.603+0000] {taskinstance.py:1956} INFO - Dependencies all met for dep_context=requeueable deps ti=<TaskInstance: price_intelligence_pipeline.dbt_run scheduled__2026-05-24T06:00:00+00:00 [queued]>
[2026-05-24T12:21:09.604+0000] {taskinstance.py:2170} INFO - Starting attempt 1 of 2
[2026-05-24T12:21:09.624+0000] {taskinstance.py:2191} INFO - Executing <Task(BashOperator): dbt_run> on 2026-05-24 06:00:00+00:00
[2026-05-24T12:21:09.632+0000] {standard_task_runner.py:60} INFO - Started process 11757 to run task
[2026-05-24T12:21:09.636+0000] {standard_task_runner.py:87} INFO - Running: ['***', 'tasks', 'run', 'price_intelligence_pipeline', 'dbt_run', 'scheduled__2026-05-24T06:00:00+00:00', '--job-id', '1896', '--raw', '--subdir', 'DAGS_FOLDER/price_intelligence_dag.py', '--cfg-path', '/tmp/tmppnv2ebz6']
[2026-05-24T12:21:09.638+0000] {standard_task_runner.py:88} INFO - Job 1896: Subtask dbt_run
[2026-05-24T12:21:09.720+0000] {task_command.py:423} INFO - Running <TaskInstance: price_intelligence_pipeline.dbt_run scheduled__2026-05-24T06:00:00+00:00 [running]> on host 91e0d3a0a233
[2026-05-24T12:21:09.832+0000] {taskinstance.py:2480} INFO - Exporting env vars: AIRFLOW_CTX_DAG_OWNER='***' AIRFLOW_CTX_DAG_ID='price_intelligence_pipeline' AIRFLOW_CTX_TASK_ID='dbt_run' AIRFLOW_CTX_EXECUTION_DATE='2026-05-24T06:00:00+00:00' AIRFLOW_CTX_TRY_NUMBER='1' AIRFLOW_CTX_DAG_RUN_ID='scheduled__2026-05-24T06:00:00+00:00'
[2026-05-24T12:21:09.834+0000] {subprocess.py:63} INFO - Tmp dir root location: /tmp
[2026-05-24T12:21:09.836+0000] {subprocess.py:75} INFO - Running command: ['/usr/bin/bash', '-c', '\n            set -e\n            cd /opt/***/dbt\n            export GOOGLE_APPLICATION_CREDENTIALS=/opt/***/gcp-credentials-new.json\n            /home/***/.local/bin/dbt run --full-refresh --profiles-dir . --project-dir .\n            echo dbt done\n        ']
[2026-05-24T12:21:09.847+0000] {subprocess.py:86} INFO - Output:
[2026-05-24T12:21:11.616+0000] {subprocess.py:93} INFO - [0m12:21:11  Running with dbt=1.8.7
[2026-05-24T12:21:12.850+0000] {subprocess.py:93} INFO - [0m12:21:12  Registered adapter: bigquery=1.8.3
[2026-05-24T12:21:14.028+0000] {subprocess.py:93} INFO - [0m12:21:14  Found 3 models, 1 seed, 7 data tests, 1 source, 479 macros
[2026-05-24T12:21:14.032+0000] {subprocess.py:93} INFO - [0m12:21:14
[2026-05-24T12:21:15.876+0000] {subprocess.py:93} INFO - [0m12:21:15  Concurrency: 4 threads (target='dev')
[2026-05-24T12:21:15.877+0000] {subprocess.py:93} INFO - [0m12:21:15
[2026-05-24T12:21:15.896+0000] {subprocess.py:93} INFO - [0m12:21:15  1 of 3 START sql view model price_intelligence_dbt.stg_prices .................. [RUN]
[2026-05-24T12:21:17.594+0000] {subprocess.py:93} INFO - [0m12:21:17  1 of 3 OK created sql view model price_intelligence_dbt.stg_prices ............. [[32mCREATE VIEW (0 processed)[0m in 1.69s]
[2026-05-24T12:21:17.601+0000] {subprocess.py:93} INFO - [0m12:21:17  2 of 3 START sql table model price_intelligence_dbt.prices_cleaned ............. [RUN]
[2026-05-24T12:21:21.427+0000] {subprocess.py:93} INFO - [0m12:21:21  2 of 3 OK created sql table model price_intelligence_dbt.prices_cleaned ........ [[32mCREATE TABLE (10.5k rows, 4.2 MiB processed)[0m in 3.82s]
[2026-05-24T12:21:21.435+0000] {subprocess.py:93} INFO - [0m12:21:21  3 of 3 START sql table model price_intelligence_dbt.prices_aggregated .......... [RUN]
[2026-05-24T12:21:24.710+0000] {subprocess.py:93} INFO - [0m12:21:24  3 of 3 OK created sql table model price_intelligence_dbt.prices_aggregated ..... [[32mCREATE TABLE (11.0 rows, 483.8 KiB processed)[0m in 3.27s]
[2026-05-24T12:21:24.717+0000] {subprocess.py:93} INFO - [0m12:21:24
[2026-05-24T12:21:24.718+0000] {subprocess.py:93} INFO - [0m12:21:24  Finished running 1 view model, 2 table models in 0 hours 0 minutes and 10.68 seconds (10.68s).
[2026-05-24T12:21:24.810+0000] {subprocess.py:93} INFO - [0m12:21:24
[2026-05-24T12:21:24.812+0000] {subprocess.py:93} INFO - [0m12:21:24  [32mCompleted successfully[0m
[2026-05-24T12:21:24.813+0000] {subprocess.py:93} INFO - [0m12:21:24
[2026-05-24T12:21:24.813+0000] {subprocess.py:93} INFO - [0m12:21:24  Done. PASS=3 WARN=0 ERROR=0 SKIP=0 TOTAL=3
[2026-05-24T12:21:29.240+0000] {subprocess.py:93} INFO - dbt done
[2026-05-24T12:21:29.245+0000] {subprocess.py:97} INFO - Command exited with return code 0
[2026-05-24T12:21:29.284+0000] {taskinstance.py:1138} INFO - Marking task as SUCCESS. dag_id=price_intelligence_pipeline, task_id=dbt_run, execution_date=20260524T060000, start_date=20260524T122109, end_date=20260524T122129
[2026-05-24T12:21:29.340+0000] {local_task_job_runner.py:234} INFO - Task exited with return code 0
[2026-05-24T12:21:29.377+0000] {taskinstance.py:3280} INFO - 1 downstream tasks scheduled from follow-on schedule check
