[2026-05-15T10:01:05.755+0000] {taskinstance.py:1956} INFO - Dependencies all met for dep_context=non-requeueable deps ti=<TaskInstance: price_intelligence_pipeline.dbt_run scheduled__2026-05-15T09:00:00+00:00 [queued]>
[2026-05-15T10:01:05.769+0000] {taskinstance.py:1956} INFO - Dependencies all met for dep_context=requeueable deps ti=<TaskInstance: price_intelligence_pipeline.dbt_run scheduled__2026-05-15T09:00:00+00:00 [queued]>
[2026-05-15T10:01:05.770+0000] {taskinstance.py:2170} INFO - Starting attempt 1 of 2
[2026-05-15T10:01:05.797+0000] {taskinstance.py:2191} INFO - Executing <Task(BashOperator): dbt_run> on 2026-05-15 09:00:00+00:00
[2026-05-15T10:01:05.805+0000] {standard_task_runner.py:60} INFO - Started process 25659 to run task
[2026-05-15T10:01:05.811+0000] {standard_task_runner.py:87} INFO - Running: ['***', 'tasks', 'run', 'price_intelligence_pipeline', 'dbt_run', 'scheduled__2026-05-15T09:00:00+00:00', '--job-id', '1182', '--raw', '--subdir', 'DAGS_FOLDER/price_intelligence_dag.py', '--cfg-path', '/tmp/tmp3n28v73t']
[2026-05-15T10:01:05.815+0000] {standard_task_runner.py:88} INFO - Job 1182: Subtask dbt_run
[2026-05-15T10:01:05.921+0000] {task_command.py:423} INFO - Running <TaskInstance: price_intelligence_pipeline.dbt_run scheduled__2026-05-15T09:00:00+00:00 [running]> on host 91e0d3a0a233
[2026-05-15T10:01:06.074+0000] {taskinstance.py:2480} INFO - Exporting env vars: AIRFLOW_CTX_DAG_OWNER='***' AIRFLOW_CTX_DAG_ID='price_intelligence_pipeline' AIRFLOW_CTX_TASK_ID='dbt_run' AIRFLOW_CTX_EXECUTION_DATE='2026-05-15T09:00:00+00:00' AIRFLOW_CTX_TRY_NUMBER='1' AIRFLOW_CTX_DAG_RUN_ID='scheduled__2026-05-15T09:00:00+00:00'
[2026-05-15T10:01:06.078+0000] {subprocess.py:63} INFO - Tmp dir root location: /tmp
[2026-05-15T10:01:06.080+0000] {subprocess.py:75} INFO - Running command: ['/usr/bin/bash', '-c', '\n            set -e\n            cd /opt/***/dbt\n            export GOOGLE_APPLICATION_CREDENTIALS=/opt/***/gcp-credentials-new.json\n            /home/***/.local/bin/dbt run --full-refresh --profiles-dir . --project-dir .\n            echo dbt done\n        ']
[2026-05-15T10:01:06.095+0000] {subprocess.py:86} INFO - Output:
[2026-05-15T10:01:10.275+0000] {subprocess.py:93} INFO - [0m10:01:10  Running with dbt=1.8.7
[2026-05-15T10:01:12.437+0000] {subprocess.py:93} INFO - [0m10:01:12  Registered adapter: bigquery=1.8.3
[2026-05-15T10:01:14.275+0000] {subprocess.py:93} INFO - [0m10:01:14  Found 3 models, 1 seed, 7 data tests, 1 source, 479 macros
[2026-05-15T10:01:14.284+0000] {subprocess.py:93} INFO - [0m10:01:14
[2026-05-15T10:01:16.148+0000] {subprocess.py:93} INFO - [0m10:01:16  Concurrency: 4 threads (target='dev')
[2026-05-15T10:01:16.149+0000] {subprocess.py:93} INFO - [0m10:01:16
[2026-05-15T10:01:16.162+0000] {subprocess.py:93} INFO - [0m10:01:16  1 of 3 START sql view model price_intelligence_dbt.stg_prices .................. [RUN]
[2026-05-15T10:01:18.643+0000] {subprocess.py:93} INFO - [0m10:01:18  1 of 3 OK created sql view model price_intelligence_dbt.stg_prices ............. [[32mCREATE VIEW (0 processed)[0m in 2.48s]
[2026-05-15T10:01:18.649+0000] {subprocess.py:93} INFO - [0m10:01:18  2 of 3 START sql table model price_intelligence_dbt.prices_cleaned ............. [RUN]
[2026-05-15T10:01:23.145+0000] {subprocess.py:93} INFO - [0m10:01:23  2 of 3 OK created sql table model price_intelligence_dbt.prices_cleaned ........ [[32mCREATE TABLE (5.0k rows, 2.6 MiB processed)[0m in 4.49s]
[2026-05-15T10:01:23.157+0000] {subprocess.py:93} INFO - [0m10:01:23  3 of 3 START sql table model price_intelligence_dbt.prices_aggregated .......... [RUN]
[2026-05-15T10:01:26.966+0000] {subprocess.py:93} INFO - [0m10:01:26  3 of 3 OK created sql table model price_intelligence_dbt.prices_aggregated ..... [[32mCREATE TABLE (11.0 rows, 231.8 KiB processed)[0m in 3.80s]
[2026-05-15T10:01:26.979+0000] {subprocess.py:93} INFO - [0m10:01:26
[2026-05-15T10:01:26.981+0000] {subprocess.py:93} INFO - [0m10:01:26  Finished running 1 view model, 2 table models in 0 hours 0 minutes and 12.69 seconds (12.69s).
[2026-05-15T10:01:27.119+0000] {subprocess.py:93} INFO - [0m10:01:27
[2026-05-15T10:01:27.121+0000] {subprocess.py:93} INFO - [0m10:01:27  [32mCompleted successfully[0m
[2026-05-15T10:01:27.122+0000] {subprocess.py:93} INFO - [0m10:01:27
[2026-05-15T10:01:27.124+0000] {subprocess.py:93} INFO - [0m10:01:27  Done. PASS=3 WARN=0 ERROR=0 SKIP=0 TOTAL=3
[2026-05-15T10:01:31.838+0000] {subprocess.py:93} INFO - dbt done
[2026-05-15T10:01:31.849+0000] {subprocess.py:97} INFO - Command exited with return code 0
[2026-05-15T10:01:31.923+0000] {taskinstance.py:1138} INFO - Marking task as SUCCESS. dag_id=price_intelligence_pipeline, task_id=dbt_run, execution_date=20260515T090000, start_date=20260515T100105, end_date=20260515T100131
[2026-05-15T10:01:31.978+0000] {local_task_job_runner.py:234} INFO - Task exited with return code 0
[2026-05-15T10:01:32.037+0000] {taskinstance.py:3280} INFO - 1 downstream tasks scheduled from follow-on schedule check
