[2026-05-18T14:00:20.408+0000] {taskinstance.py:1956} INFO - Dependencies all met for dep_context=non-requeueable deps ti=<TaskInstance: price_intelligence_pipeline.dbt_run scheduled__2026-05-18T13:00:00+00:00 [queued]>
[2026-05-18T14:00:20.446+0000] {taskinstance.py:1956} INFO - Dependencies all met for dep_context=requeueable deps ti=<TaskInstance: price_intelligence_pipeline.dbt_run scheduled__2026-05-18T13:00:00+00:00 [queued]>
[2026-05-18T14:00:20.452+0000] {taskinstance.py:2170} INFO - Starting attempt 1 of 2
[2026-05-18T14:00:20.548+0000] {taskinstance.py:2191} INFO - Executing <Task(BashOperator): dbt_run> on 2026-05-18 13:00:00+00:00
[2026-05-18T14:00:20.574+0000] {standard_task_runner.py:60} INFO - Started process 51142 to run task
[2026-05-18T14:00:20.583+0000] {standard_task_runner.py:87} INFO - Running: ['***', 'tasks', 'run', 'price_intelligence_pipeline', 'dbt_run', 'scheduled__2026-05-18T13:00:00+00:00', '--job-id', '1427', '--raw', '--subdir', 'DAGS_FOLDER/price_intelligence_dag.py', '--cfg-path', '/tmp/tmp4_8ey6pl']
[2026-05-18T14:00:20.602+0000] {standard_task_runner.py:88} INFO - Job 1427: Subtask dbt_run
[2026-05-18T14:00:20.962+0000] {task_command.py:423} INFO - Running <TaskInstance: price_intelligence_pipeline.dbt_run scheduled__2026-05-18T13:00:00+00:00 [running]> on host 91e0d3a0a233
[2026-05-18T14:00:21.378+0000] {taskinstance.py:2480} INFO - Exporting env vars: AIRFLOW_CTX_DAG_OWNER='***' AIRFLOW_CTX_DAG_ID='price_intelligence_pipeline' AIRFLOW_CTX_TASK_ID='dbt_run' AIRFLOW_CTX_EXECUTION_DATE='2026-05-18T13:00:00+00:00' AIRFLOW_CTX_TRY_NUMBER='1' AIRFLOW_CTX_DAG_RUN_ID='scheduled__2026-05-18T13:00:00+00:00'
[2026-05-18T14:00:21.382+0000] {subprocess.py:63} INFO - Tmp dir root location: /tmp
[2026-05-18T14:00:21.389+0000] {subprocess.py:75} INFO - Running command: ['/usr/bin/bash', '-c', '\n            set -e\n            cd /opt/***/dbt\n            export GOOGLE_APPLICATION_CREDENTIALS=/opt/***/gcp-credentials-new.json\n            /home/***/.local/bin/dbt run --full-refresh --profiles-dir . --project-dir .\n            echo dbt done\n        ']
[2026-05-18T14:00:21.422+0000] {subprocess.py:86} INFO - Output:
[2026-05-18T14:00:26.371+0000] {subprocess.py:93} INFO - [0m14:00:26  Running with dbt=1.8.7
[2026-05-18T14:00:29.982+0000] {subprocess.py:93} INFO - [0m14:00:29  Registered adapter: bigquery=1.8.3
[2026-05-18T14:00:32.731+0000] {subprocess.py:93} INFO - [0m14:00:32  Found 3 models, 1 seed, 7 data tests, 1 source, 479 macros
[2026-05-18T14:00:32.744+0000] {subprocess.py:93} INFO - [0m14:00:32
[2026-05-18T14:00:34.523+0000] {subprocess.py:93} INFO - [0m14:00:34  Concurrency: 4 threads (target='dev')
[2026-05-18T14:00:34.533+0000] {subprocess.py:93} INFO - [0m14:00:34
[2026-05-18T14:00:34.591+0000] {subprocess.py:93} INFO - [0m14:00:34  1 of 3 START sql view model price_intelligence_dbt.stg_prices .................. [RUN]
[2026-05-18T14:00:36.418+0000] {subprocess.py:93} INFO - [0m14:00:36  1 of 3 OK created sql view model price_intelligence_dbt.stg_prices ............. [[32mCREATE VIEW (0 processed)[0m in 1.82s]
[2026-05-18T14:00:36.427+0000] {subprocess.py:93} INFO - [0m14:00:36  2 of 3 START sql table model price_intelligence_dbt.prices_cleaned ............. [RUN]
[2026-05-18T14:00:41.164+0000] {subprocess.py:93} INFO - [0m14:00:41  2 of 3 OK created sql table model price_intelligence_dbt.prices_cleaned ........ [[32mCREATE TABLE (5.0k rows, 2.6 MiB processed)[0m in 4.73s]
[2026-05-18T14:00:41.177+0000] {subprocess.py:93} INFO - [0m14:00:41  3 of 3 START sql table model price_intelligence_dbt.prices_aggregated .......... [RUN]
[2026-05-18T14:00:44.568+0000] {subprocess.py:93} INFO - [0m14:00:44  3 of 3 OK created sql table model price_intelligence_dbt.prices_aggregated ..... [[32mCREATE TABLE (11.0 rows, 231.8 KiB processed)[0m in 3.38s]
[2026-05-18T14:00:44.587+0000] {subprocess.py:93} INFO - [0m14:00:44
[2026-05-18T14:00:44.589+0000] {subprocess.py:93} INFO - [0m14:00:44  Finished running 1 view model, 2 table models in 0 hours 0 minutes and 11.84 seconds (11.84s).
[2026-05-18T14:00:44.860+0000] {subprocess.py:93} INFO - [0m14:00:44
[2026-05-18T14:00:44.868+0000] {subprocess.py:93} INFO - [0m14:00:44  [32mCompleted successfully[0m
[2026-05-18T14:00:44.869+0000] {subprocess.py:93} INFO - [0m14:00:44
[2026-05-18T14:00:44.876+0000] {subprocess.py:93} INFO - [0m14:00:44  Done. PASS=3 WARN=0 ERROR=0 SKIP=0 TOTAL=3
[2026-05-18T14:00:46.591+0000] {subprocess.py:93} INFO - dbt done
[2026-05-18T14:00:46.602+0000] {subprocess.py:97} INFO - Command exited with return code 0
[2026-05-18T14:00:46.689+0000] {taskinstance.py:1138} INFO - Marking task as SUCCESS. dag_id=price_intelligence_pipeline, task_id=dbt_run, execution_date=20260518T130000, start_date=20260518T140020, end_date=20260518T140046
[2026-05-18T14:00:46.776+0000] {local_task_job_runner.py:234} INFO - Task exited with return code 0
[2026-05-18T14:00:46.860+0000] {taskinstance.py:3280} INFO - 1 downstream tasks scheduled from follow-on schedule check
