[2026-05-22T17:01:13.393+0000] {taskinstance.py:1956} INFO - Dependencies all met for dep_context=non-requeueable deps ti=<TaskInstance: price_intelligence_pipeline.dbt_run scheduled__2026-05-22T16:00:00+00:00 [queued]>
[2026-05-22T17:01:13.405+0000] {taskinstance.py:1956} INFO - Dependencies all met for dep_context=requeueable deps ti=<TaskInstance: price_intelligence_pipeline.dbt_run scheduled__2026-05-22T16:00:00+00:00 [queued]>
[2026-05-22T17:01:13.406+0000] {taskinstance.py:2170} INFO - Starting attempt 1 of 2
[2026-05-22T17:01:13.424+0000] {taskinstance.py:2191} INFO - Executing <Task(BashOperator): dbt_run> on 2026-05-22 16:00:00+00:00
[2026-05-22T17:01:13.431+0000] {standard_task_runner.py:60} INFO - Started process 83102 to run task
[2026-05-22T17:01:13.436+0000] {standard_task_runner.py:87} INFO - Running: ['***', 'tasks', 'run', 'price_intelligence_pipeline', 'dbt_run', 'scheduled__2026-05-22T16:00:00+00:00', '--job-id', '1760', '--raw', '--subdir', 'DAGS_FOLDER/price_intelligence_dag.py', '--cfg-path', '/tmp/tmpb5ripmwn']
[2026-05-22T17:01:13.439+0000] {standard_task_runner.py:88} INFO - Job 1760: Subtask dbt_run
[2026-05-22T17:01:13.537+0000] {task_command.py:423} INFO - Running <TaskInstance: price_intelligence_pipeline.dbt_run scheduled__2026-05-22T16:00:00+00:00 [running]> on host 91e0d3a0a233
[2026-05-22T17:01:13.665+0000] {taskinstance.py:2480} INFO - Exporting env vars: AIRFLOW_CTX_DAG_OWNER='***' AIRFLOW_CTX_DAG_ID='price_intelligence_pipeline' AIRFLOW_CTX_TASK_ID='dbt_run' AIRFLOW_CTX_EXECUTION_DATE='2026-05-22T16:00:00+00:00' AIRFLOW_CTX_TRY_NUMBER='1' AIRFLOW_CTX_DAG_RUN_ID='scheduled__2026-05-22T16:00:00+00:00'
[2026-05-22T17:01:13.667+0000] {subprocess.py:63} INFO - Tmp dir root location: /tmp
[2026-05-22T17:01:13.669+0000] {subprocess.py:75} INFO - Running command: ['/usr/bin/bash', '-c', '\n            set -e\n            cd /opt/***/dbt\n            export GOOGLE_APPLICATION_CREDENTIALS=/opt/***/gcp-credentials-new.json\n            /home/***/.local/bin/dbt run --full-refresh --profiles-dir . --project-dir .\n            echo dbt done\n        ']
[2026-05-22T17:01:13.683+0000] {subprocess.py:86} INFO - Output:
[2026-05-22T17:01:16.326+0000] {subprocess.py:93} INFO - [0m17:01:16  Running with dbt=1.8.7
[2026-05-22T17:01:17.944+0000] {subprocess.py:93} INFO - [0m17:01:17  Registered adapter: bigquery=1.8.3
[2026-05-22T17:01:19.810+0000] {subprocess.py:93} INFO - [0m17:01:19  Found 3 models, 1 seed, 7 data tests, 1 source, 479 macros
[2026-05-22T17:01:19.819+0000] {subprocess.py:93} INFO - [0m17:01:19
[2026-05-22T17:01:21.967+0000] {subprocess.py:93} INFO - [0m17:01:21  Concurrency: 4 threads (target='dev')
[2026-05-22T17:01:21.968+0000] {subprocess.py:93} INFO - [0m17:01:21
[2026-05-22T17:01:21.988+0000] {subprocess.py:93} INFO - [0m17:01:21  1 of 3 START sql view model price_intelligence_dbt.stg_prices .................. [RUN]
[2026-05-22T17:01:23.991+0000] {subprocess.py:93} INFO - [0m17:01:23  1 of 3 OK created sql view model price_intelligence_dbt.stg_prices ............. [[32mCREATE VIEW (0 processed)[0m in 2.00s]
[2026-05-22T17:01:23.998+0000] {subprocess.py:93} INFO - [0m17:01:23  2 of 3 START sql table model price_intelligence_dbt.prices_cleaned ............. [RUN]
[2026-05-22T17:01:28.904+0000] {subprocess.py:93} INFO - [0m17:01:28  2 of 3 OK created sql table model price_intelligence_dbt.prices_cleaned ........ [[32mCREATE TABLE (5.0k rows, 2.6 MiB processed)[0m in 4.90s]
[2026-05-22T17:01:28.912+0000] {subprocess.py:93} INFO - [0m17:01:28  3 of 3 START sql table model price_intelligence_dbt.prices_aggregated .......... [RUN]
[2026-05-22T17:01:34.649+0000] {subprocess.py:93} INFO - [0m17:01:34  3 of 3 OK created sql table model price_intelligence_dbt.prices_aggregated ..... [[32mCREATE TABLE (11.0 rows, 231.8 KiB processed)[0m in 5.73s]
[2026-05-22T17:01:34.661+0000] {subprocess.py:93} INFO - [0m17:01:34
[2026-05-22T17:01:34.663+0000] {subprocess.py:93} INFO - [0m17:01:34  Finished running 1 view model, 2 table models in 0 hours 0 minutes and 14.84 seconds (14.84s).
[2026-05-22T17:01:34.794+0000] {subprocess.py:93} INFO - [0m17:01:34
[2026-05-22T17:01:34.796+0000] {subprocess.py:93} INFO - [0m17:01:34  [32mCompleted successfully[0m
[2026-05-22T17:01:34.797+0000] {subprocess.py:93} INFO - [0m17:01:34
[2026-05-22T17:01:34.799+0000] {subprocess.py:93} INFO - [0m17:01:34  Done. PASS=3 WARN=0 ERROR=0 SKIP=0 TOTAL=3
[2026-05-22T17:01:39.276+0000] {subprocess.py:93} INFO - dbt done
[2026-05-22T17:01:39.283+0000] {subprocess.py:97} INFO - Command exited with return code 0
[2026-05-22T17:01:39.337+0000] {taskinstance.py:1138} INFO - Marking task as SUCCESS. dag_id=price_intelligence_pipeline, task_id=dbt_run, execution_date=20260522T160000, start_date=20260522T170113, end_date=20260522T170139
[2026-05-22T17:01:39.372+0000] {local_task_job_runner.py:234} INFO - Task exited with return code 0
[2026-05-22T17:01:39.413+0000] {taskinstance.py:3280} INFO - 1 downstream tasks scheduled from follow-on schedule check
