[2026-05-08T16:48:15.733+0000] {taskinstance.py:1956} INFO - Dependencies all met for dep_context=non-requeueable deps ti=<TaskInstance: price_intelligence_pipeline.dbt_run scheduled__2026-05-07T23:00:00+00:00 [queued]>
[2026-05-08T16:48:15.806+0000] {taskinstance.py:1956} INFO - Dependencies all met for dep_context=requeueable deps ti=<TaskInstance: price_intelligence_pipeline.dbt_run scheduled__2026-05-07T23:00:00+00:00 [queued]>
[2026-05-08T16:48:15.823+0000] {taskinstance.py:2170} INFO - Starting attempt 1 of 2
[2026-05-08T16:48:15.916+0000] {taskinstance.py:2191} INFO - Executing <Task(BashOperator): dbt_run> on 2026-05-07 23:00:00+00:00
[2026-05-08T16:48:15.966+0000] {standard_task_runner.py:60} INFO - Started process 4358 to run task
[2026-05-08T16:48:15.996+0000] {standard_task_runner.py:87} INFO - Running: ['***', 'tasks', 'run', 'price_intelligence_pipeline', 'dbt_run', 'scheduled__2026-05-07T23:00:00+00:00', '--job-id', '767', '--raw', '--subdir', 'DAGS_FOLDER/price_intelligence_dag.py', '--cfg-path', '/tmp/tmpd7r8822e']
[2026-05-08T16:48:16.022+0000] {standard_task_runner.py:88} INFO - Job 767: Subtask dbt_run
[2026-05-08T16:48:16.687+0000] {task_command.py:423} INFO - Running <TaskInstance: price_intelligence_pipeline.dbt_run scheduled__2026-05-07T23:00:00+00:00 [running]> on host 25ef6dfa8bdc
[2026-05-08T16:48:17.573+0000] {taskinstance.py:2480} INFO - Exporting env vars: AIRFLOW_CTX_DAG_OWNER='***' AIRFLOW_CTX_DAG_ID='price_intelligence_pipeline' AIRFLOW_CTX_TASK_ID='dbt_run' AIRFLOW_CTX_EXECUTION_DATE='2026-05-07T23:00:00+00:00' AIRFLOW_CTX_TRY_NUMBER='1' AIRFLOW_CTX_DAG_RUN_ID='scheduled__2026-05-07T23:00:00+00:00'
[2026-05-08T16:48:17.583+0000] {subprocess.py:63} INFO - Tmp dir root location: /tmp
[2026-05-08T16:48:17.590+0000] {subprocess.py:75} INFO - Running command: ['/usr/bin/bash', '-c', '\n            set -e\n            cd /opt/***/dbt\n            export GOOGLE_APPLICATION_CREDENTIALS=/opt/***/gcp-credentials-new.json\n            /home/***/.local/bin/dbt run --full-refresh --profiles-dir . --project-dir .\n            echo dbt done\n        ']
[2026-05-08T16:48:17.636+0000] {subprocess.py:86} INFO - Output:
[2026-05-08T16:48:31.316+0000] {subprocess.py:93} INFO - [0m16:48:31  Running with dbt=1.8.7
[2026-05-08T16:48:38.684+0000] {subprocess.py:93} INFO - [0m16:48:38  Registered adapter: bigquery=1.8.3
[2026-05-08T16:48:43.083+0000] {subprocess.py:93} INFO - [0m16:48:43  Found 3 models, 1 seed, 7 data tests, 1 source, 479 macros
[2026-05-08T16:48:43.104+0000] {subprocess.py:93} INFO - [0m16:48:43
[2026-05-08T16:48:46.215+0000] {subprocess.py:93} INFO - [0m16:48:46  Concurrency: 4 threads (target='dev')
[2026-05-08T16:48:46.536+0000] {subprocess.py:93} INFO - [0m16:48:46
[2026-05-08T16:48:46.570+0000] {subprocess.py:93} INFO - [0m16:48:46  1 of 3 START sql view model price_intelligence_dbt.stg_prices .................. [RUN]
[2026-05-08T16:48:51.044+0000] {subprocess.py:93} INFO - [0m16:48:51  BigQuery adapter: https://console.cloud.google.com/bigquery?project=project-32a82952-90fa-4dd7-b9c&j=bq:US:357db1e3-5723-44b2-a9a1-d4209a23f27b&page=queryresults
[2026-05-08T16:48:51.114+0000] {subprocess.py:93} INFO - [0m16:48:51  1 of 3 ERROR creating sql view model price_intelligence_dbt.stg_prices ......... [[31mERROR[0m in 4.79s]
[2026-05-08T16:48:51.137+0000] {subprocess.py:93} INFO - [0m16:48:51  2 of 3 SKIP relation price_intelligence_dbt.prices_cleaned ..................... [[33mSKIP[0m]
[2026-05-08T16:48:51.252+0000] {subprocess.py:93} INFO - [0m16:48:51  3 of 3 SKIP relation price_intelligence_dbt.prices_aggregated .................. [[33mSKIP[0m]
[2026-05-08T16:48:51.280+0000] {subprocess.py:93} INFO - [0m16:48:51
[2026-05-08T16:48:51.302+0000] {subprocess.py:93} INFO - [0m16:48:51  Finished running 1 view model, 2 table models in 0 hours 0 minutes and 8.09 seconds (8.09s).
[2026-05-08T16:48:51.580+0000] {subprocess.py:93} INFO - [0m16:48:51
[2026-05-08T16:48:51.605+0000] {subprocess.py:93} INFO - [0m16:48:51  [31mCompleted with 1 error and 0 warnings:[0m
[2026-05-08T16:48:51.624+0000] {subprocess.py:93} INFO - [0m16:48:51
[2026-05-08T16:48:51.630+0000] {subprocess.py:93} INFO - [0m16:48:51    Database Error in model stg_prices (models/staging/stg_prices.sql)
[2026-05-08T16:48:51.642+0000] {subprocess.py:93} INFO -   Unrecognized name: old_price at [11:10]
[2026-05-08T16:48:51.673+0000] {subprocess.py:93} INFO -   compiled code at target/run/price_intelligence/models/staging/stg_prices.sql
[2026-05-08T16:48:51.698+0000] {subprocess.py:93} INFO - [0m16:48:51
[2026-05-08T16:48:51.711+0000] {subprocess.py:93} INFO - [0m16:48:51  Done. PASS=0 WARN=0 ERROR=1 SKIP=2 TOTAL=3
[2026-05-08T16:48:58.857+0000] {subprocess.py:97} INFO - Command exited with return code 1
[2026-05-08T16:48:58.902+0000] {taskinstance.py:2698} ERROR - Task failed with exception
Traceback (most recent call last):
  File "/home/airflow/.local/lib/python3.8/site-packages/airflow/models/taskinstance.py", line 428, in _execute_task
    result = execute_callable(context=context, **execute_callable_kwargs)
  File "/home/airflow/.local/lib/python3.8/site-packages/airflow/operators/bash.py", line 212, in execute
    raise AirflowException(
airflow.exceptions.AirflowException: Bash command failed. The command returned a non-zero exit code 1.
[2026-05-08T16:48:58.914+0000] {taskinstance.py:1138} INFO - Marking task as UP_FOR_RETRY. dag_id=price_intelligence_pipeline, task_id=dbt_run, execution_date=20260507T230000, start_date=20260508T164815, end_date=20260508T164858
[2026-05-08T16:48:58.953+0000] {standard_task_runner.py:107} ERROR - Failed to execute job 767 for task dbt_run (Bash command failed. The command returned a non-zero exit code 1.; 4358)
[2026-05-08T16:48:59.004+0000] {local_task_job_runner.py:234} INFO - Task exited with return code 1
[2026-05-08T16:48:59.057+0000] {taskinstance.py:3280} INFO - 0 downstream tasks scheduled from follow-on schedule check
