[2026-05-08T16:51:00.169+0000] {taskinstance.py:1956} INFO - Dependencies all met for dep_context=non-requeueable deps ti=<TaskInstance: price_intelligence_pipeline.dbt_run scheduled__2026-05-07T23:00:00+00:00 [queued]>
[2026-05-08T16:51:00.190+0000] {taskinstance.py:1956} INFO - Dependencies all met for dep_context=requeueable deps ti=<TaskInstance: price_intelligence_pipeline.dbt_run scheduled__2026-05-07T23:00:00+00:00 [queued]>
[2026-05-08T16:51:00.192+0000] {taskinstance.py:2170} INFO - Starting attempt 2 of 2
[2026-05-08T16:51:00.229+0000] {taskinstance.py:2191} INFO - Executing <Task(BashOperator): dbt_run> on 2026-05-07 23:00:00+00:00
[2026-05-08T16:51:00.240+0000] {standard_task_runner.py:60} INFO - Started process 4437 to run task
[2026-05-08T16:51:00.259+0000] {standard_task_runner.py:87} INFO - Running: ['***', 'tasks', 'run', 'price_intelligence_pipeline', 'dbt_run', 'scheduled__2026-05-07T23:00:00+00:00', '--job-id', '768', '--raw', '--subdir', 'DAGS_FOLDER/price_intelligence_dag.py', '--cfg-path', '/tmp/tmp4fn3b3rg']
[2026-05-08T16:51:00.276+0000] {standard_task_runner.py:88} INFO - Job 768: Subtask dbt_run
[2026-05-08T16:51:00.471+0000] {task_command.py:423} INFO - Running <TaskInstance: price_intelligence_pipeline.dbt_run scheduled__2026-05-07T23:00:00+00:00 [running]> on host 25ef6dfa8bdc
[2026-05-08T16:51:00.672+0000] {taskinstance.py:2480} INFO - Exporting env vars: AIRFLOW_CTX_DAG_OWNER='***' AIRFLOW_CTX_DAG_ID='price_intelligence_pipeline' AIRFLOW_CTX_TASK_ID='dbt_run' AIRFLOW_CTX_EXECUTION_DATE='2026-05-07T23:00:00+00:00' AIRFLOW_CTX_TRY_NUMBER='2' AIRFLOW_CTX_DAG_RUN_ID='scheduled__2026-05-07T23:00:00+00:00'
[2026-05-08T16:51:00.676+0000] {subprocess.py:63} INFO - Tmp dir root location: /tmp
[2026-05-08T16:51:00.680+0000] {subprocess.py:75} INFO - Running command: ['/usr/bin/bash', '-c', '\n            set -e\n            cd /opt/***/dbt\n            export GOOGLE_APPLICATION_CREDENTIALS=/opt/***/gcp-credentials-new.json\n            /home/***/.local/bin/dbt run --full-refresh --profiles-dir . --project-dir .\n            echo dbt done\n        ']
[2026-05-08T16:51:00.707+0000] {subprocess.py:86} INFO - Output:
[2026-05-08T16:51:06.763+0000] {subprocess.py:93} INFO - [0m16:51:06  Running with dbt=1.8.7
[2026-05-08T16:51:10.102+0000] {subprocess.py:93} INFO - [0m16:51:10  Registered adapter: bigquery=1.8.3
[2026-05-08T16:51:11.887+0000] {subprocess.py:93} INFO - [0m16:51:11  Found 3 models, 1 seed, 7 data tests, 1 source, 479 macros
[2026-05-08T16:51:11.899+0000] {subprocess.py:93} INFO - [0m16:51:11
[2026-05-08T16:51:14.193+0000] {subprocess.py:93} INFO - [0m16:51:14  Concurrency: 4 threads (target='dev')
[2026-05-08T16:51:14.196+0000] {subprocess.py:93} INFO - [0m16:51:14
[2026-05-08T16:51:14.259+0000] {subprocess.py:93} INFO - [0m16:51:14  1 of 3 START sql view model price_intelligence_dbt.stg_prices .................. [RUN]
[2026-05-08T16:51:19.114+0000] {subprocess.py:93} INFO - [0m16:51:19  BigQuery adapter: https://console.cloud.google.com/bigquery?project=project-32a82952-90fa-4dd7-b9c&j=bq:US:b2f5e807-34ce-4edb-97c1-e4490fa7e401&page=queryresults
[2026-05-08T16:51:19.138+0000] {subprocess.py:93} INFO - [0m16:51:19  1 of 3 ERROR creating sql view model price_intelligence_dbt.stg_prices ......... [[31mERROR[0m in 4.87s]
[2026-05-08T16:51:19.147+0000] {subprocess.py:93} INFO - [0m16:51:19  2 of 3 SKIP relation price_intelligence_dbt.prices_cleaned ..................... [[33mSKIP[0m]
[2026-05-08T16:51:19.157+0000] {subprocess.py:93} INFO - [0m16:51:19  3 of 3 SKIP relation price_intelligence_dbt.prices_aggregated .................. [[33mSKIP[0m]
[2026-05-08T16:51:19.169+0000] {subprocess.py:93} INFO - [0m16:51:19
[2026-05-08T16:51:19.171+0000] {subprocess.py:93} INFO - [0m16:51:19  Finished running 1 view model, 2 table models in 0 hours 0 minutes and 7.27 seconds (7.27s).
[2026-05-08T16:51:19.338+0000] {subprocess.py:93} INFO - [0m16:51:19
[2026-05-08T16:51:19.343+0000] {subprocess.py:93} INFO - [0m16:51:19  [31mCompleted with 1 error and 0 warnings:[0m
[2026-05-08T16:51:19.344+0000] {subprocess.py:93} INFO - [0m16:51:19
[2026-05-08T16:51:19.345+0000] {subprocess.py:93} INFO - [0m16:51:19    Database Error in model stg_prices (models/staging/stg_prices.sql)
[2026-05-08T16:51:19.347+0000] {subprocess.py:93} INFO -   Unrecognized name: old_price at [11:10]
[2026-05-08T16:51:19.348+0000] {subprocess.py:93} INFO -   compiled code at target/run/price_intelligence/models/staging/stg_prices.sql
[2026-05-08T16:51:19.350+0000] {subprocess.py:93} INFO - [0m16:51:19
[2026-05-08T16:51:19.351+0000] {subprocess.py:93} INFO - [0m16:51:19  Done. PASS=0 WARN=0 ERROR=1 SKIP=2 TOTAL=3
[2026-05-08T16:51:21.440+0000] {subprocess.py:97} INFO - Command exited with return code 1
[2026-05-08T16:51:21.543+0000] {taskinstance.py:2698} ERROR - Task failed with exception
Traceback (most recent call last):
  File "/home/airflow/.local/lib/python3.8/site-packages/airflow/models/taskinstance.py", line 428, in _execute_task
    result = execute_callable(context=context, **execute_callable_kwargs)
  File "/home/airflow/.local/lib/python3.8/site-packages/airflow/operators/bash.py", line 212, in execute
    raise AirflowException(
airflow.exceptions.AirflowException: Bash command failed. The command returned a non-zero exit code 1.
[2026-05-08T16:51:21.564+0000] {taskinstance.py:1138} INFO - Marking task as FAILED. dag_id=price_intelligence_pipeline, task_id=dbt_run, execution_date=20260507T230000, start_date=20260508T165100, end_date=20260508T165121
[2026-05-08T16:51:21.642+0000] {standard_task_runner.py:107} ERROR - Failed to execute job 768 for task dbt_run (Bash command failed. The command returned a non-zero exit code 1.; 4437)
[2026-05-08T16:51:21.685+0000] {local_task_job_runner.py:234} INFO - Task exited with return code 1
[2026-05-08T16:51:21.839+0000] {taskinstance.py:3280} INFO - 0 downstream tasks scheduled from follow-on schedule check
