[2026-05-07T22:15:24.545+0000] {taskinstance.py:1956} INFO - Dependencies all met for dep_context=non-requeueable deps ti=<TaskInstance: price_intelligence_pipeline.scrape_amazon manual__2026-05-07T22:15:22.791998+00:00 [queued]>
[2026-05-07T22:15:24.574+0000] {taskinstance.py:1956} INFO - Dependencies all met for dep_context=requeueable deps ti=<TaskInstance: price_intelligence_pipeline.scrape_amazon manual__2026-05-07T22:15:22.791998+00:00 [queued]>
[2026-05-07T22:15:24.575+0000] {taskinstance.py:2170} INFO - Starting attempt 1 of 2
[2026-05-07T22:15:24.627+0000] {taskinstance.py:2191} INFO - Executing <Task(BashOperator): scrape_amazon> on 2026-05-07 22:15:22.791998+00:00
[2026-05-07T22:15:24.639+0000] {standard_task_runner.py:60} INFO - Started process 1937 to run task
[2026-05-07T22:15:24.652+0000] {standard_task_runner.py:87} INFO - Running: ['***', 'tasks', 'run', 'price_intelligence_pipeline', 'scrape_amazon', 'manual__2026-05-07T22:15:22.791998+00:00', '--job-id', '731', '--raw', '--subdir', 'DAGS_FOLDER/price_intelligence_dag.py', '--cfg-path', '/tmp/tmp465gy70a']
[2026-05-07T22:15:24.662+0000] {standard_task_runner.py:88} INFO - Job 731: Subtask scrape_amazon
[2026-05-07T22:15:24.899+0000] {task_command.py:423} INFO - Running <TaskInstance: price_intelligence_pipeline.scrape_amazon manual__2026-05-07T22:15:22.791998+00:00 [running]> on host 25ef6dfa8bdc
[2026-05-07T22:15:25.217+0000] {taskinstance.py:2480} INFO - Exporting env vars: AIRFLOW_CTX_DAG_OWNER='***' AIRFLOW_CTX_DAG_ID='price_intelligence_pipeline' AIRFLOW_CTX_TASK_ID='scrape_amazon' AIRFLOW_CTX_EXECUTION_DATE='2026-05-07T22:15:22.791998+00:00' AIRFLOW_CTX_TRY_NUMBER='1' AIRFLOW_CTX_DAG_RUN_ID='manual__2026-05-07T22:15:22.791998+00:00'
[2026-05-07T22:15:25.225+0000] {subprocess.py:63} INFO - Tmp dir root location: /tmp
[2026-05-07T22:15:25.229+0000] {subprocess.py:75} INFO - Running command: ['/usr/bin/bash', '-c', '\n            cd /opt/***\n            mkdir -p data/raw\n            export DISPLAY=:99\n            python3 scrapers/spiders/amazon_ma.py || echo "Amazon done with warnings"\n        ']
[2026-05-07T22:15:25.268+0000] {subprocess.py:86} INFO - Output:
[2026-05-07T22:16:07.987+0000] {subprocess.py:93} INFO - Traceback (most recent call last):
[2026-05-07T22:16:07.990+0000] {subprocess.py:93} INFO -   File "scrapers/spiders/amazon_ma.py", line 147, in <module>
[2026-05-07T22:16:07.992+0000] {subprocess.py:93} INFO -     scrape_amazon()
[2026-05-07T22:16:07.994+0000] {subprocess.py:93} INFO -   File "scrapers/spiders/amazon_ma.py", line 55, in scrape_amazon
[2026-05-07T22:16:07.996+0000] {subprocess.py:93} INFO -     driver = get_driver()
[2026-05-07T22:16:07.999+0000] {subprocess.py:93} INFO -   File "scrapers/spiders/amazon_ma.py", line 47, in get_driver
[2026-05-07T22:16:08.001+0000] {subprocess.py:93} INFO -     driver = webdriver.Chrome(service=Service(ChromeDriverManager().install()), options=opts)
[2026-05-07T22:16:08.003+0000] {subprocess.py:93} INFO -   File "/home/***/.local/lib/python3.8/site-packages/selenium/webdriver/chrome/webdriver.py", line 45, in __init__
[2026-05-07T22:16:08.006+0000] {subprocess.py:93} INFO -     super().__init__(
[2026-05-07T22:16:08.008+0000] {subprocess.py:93} INFO -   File "/home/***/.local/lib/python3.8/site-packages/selenium/webdriver/chromium/webdriver.py", line 66, in __init__
[2026-05-07T22:16:08.010+0000] {subprocess.py:93} INFO -     super().__init__(command_executor=executor, options=options)
[2026-05-07T22:16:08.014+0000] {subprocess.py:93} INFO -   File "/home/***/.local/lib/python3.8/site-packages/selenium/webdriver/remote/webdriver.py", line 241, in __init__
[2026-05-07T22:16:08.017+0000] {subprocess.py:93} INFO -     self.start_session(capabilities)
[2026-05-07T22:16:08.020+0000] {subprocess.py:93} INFO -   File "/home/***/.local/lib/python3.8/site-packages/selenium/webdriver/remote/webdriver.py", line 329, in start_session
[2026-05-07T22:16:08.022+0000] {subprocess.py:93} INFO -     response = self.execute(Command.NEW_SESSION, caps)["value"]
[2026-05-07T22:16:08.023+0000] {subprocess.py:93} INFO -   File "/home/***/.local/lib/python3.8/site-packages/selenium/webdriver/remote/webdriver.py", line 384, in execute
[2026-05-07T22:16:08.025+0000] {subprocess.py:93} INFO -     self.error_handler.check_response(response)
[2026-05-07T22:16:08.026+0000] {subprocess.py:93} INFO -   File "/home/***/.local/lib/python3.8/site-packages/selenium/webdriver/remote/errorhandler.py", line 232, in check_response
[2026-05-07T22:16:08.028+0000] {subprocess.py:93} INFO -     raise exception_class(message, screen, stacktrace)
[2026-05-07T22:16:08.030+0000] {subprocess.py:93} INFO - selenium.common.exceptions.WebDriverException: Message: unknown error: Chrome failed to start: exited abnormally.
[2026-05-07T22:16:08.031+0000] {subprocess.py:93} INFO -   (unknown error: DevToolsActivePort file doesn't exist)
[2026-05-07T22:16:08.032+0000] {subprocess.py:93} INFO -   (The process started from chrome location /usr/bin/chromium is no longer running, so ChromeDriver is assuming that Chrome has crashed.)
[2026-05-07T22:16:08.033+0000] {subprocess.py:93} INFO - Stacktrace:
[2026-05-07T22:16:08.034+0000] {subprocess.py:93} INFO - #0 0x5b635289e4e3 <unknown>
[2026-05-07T22:16:08.035+0000] {subprocess.py:93} INFO - #1 0x5b63525cdc76 <unknown>
[2026-05-07T22:16:08.036+0000] {subprocess.py:93} INFO - #2 0x5b63525f6d78 <unknown>
[2026-05-07T22:16:08.037+0000] {subprocess.py:93} INFO - #3 0x5b63525f3029 <unknown>
[2026-05-07T22:16:08.037+0000] {subprocess.py:93} INFO - #4 0x5b6352631ccc <unknown>
[2026-05-07T22:16:08.038+0000] {subprocess.py:93} INFO - #5 0x5b635263147f <unknown>
[2026-05-07T22:16:08.039+0000] {subprocess.py:93} INFO - #6 0x5b6352628de3 <unknown>
[2026-05-07T22:16:08.040+0000] {subprocess.py:93} INFO - #7 0x5b63525fe2dd <unknown>
[2026-05-07T22:16:08.041+0000] {subprocess.py:93} INFO - #8 0x5b63525ff34e <unknown>
[2026-05-07T22:16:08.042+0000] {subprocess.py:93} INFO - #9 0x5b635285e3e4 <unknown>
[2026-05-07T22:16:08.043+0000] {subprocess.py:93} INFO - #10 0x5b63528623d7 <unknown>
[2026-05-07T22:16:08.044+0000] {subprocess.py:93} INFO - #11 0x5b635286cb20 <unknown>
[2026-05-07T22:16:08.044+0000] {subprocess.py:93} INFO - #12 0x5b6352863023 <unknown>
[2026-05-07T22:16:08.045+0000] {subprocess.py:93} INFO - #13 0x5b63528311aa <unknown>
[2026-05-07T22:16:08.046+0000] {subprocess.py:93} INFO - #14 0x5b63528876b8 <unknown>
[2026-05-07T22:16:08.047+0000] {subprocess.py:93} INFO - #15 0x5b6352887847 <unknown>
[2026-05-07T22:16:08.048+0000] {subprocess.py:93} INFO - #16 0x5b6352897243 <unknown>
[2026-05-07T22:16:08.049+0000] {subprocess.py:93} INFO - #17 0x754f35073134 <unknown>
[2026-05-07T22:16:08.050+0000] {subprocess.py:93} INFO - 
[2026-05-07T22:16:08.066+0000] {subprocess.py:93} INFO - Amazon done with warnings
[2026-05-07T22:16:08.067+0000] {subprocess.py:97} INFO - Command exited with return code 0
[2026-05-07T22:16:08.119+0000] {taskinstance.py:1138} INFO - Marking task as SUCCESS. dag_id=price_intelligence_pipeline, task_id=scrape_amazon, execution_date=20260507T221522, start_date=20260507T221524, end_date=20260507T221608
[2026-05-07T22:16:08.178+0000] {local_task_job_runner.py:234} INFO - Task exited with return code 0
[2026-05-07T22:16:08.241+0000] {taskinstance.py:3280} INFO - 0 downstream tasks scheduled from follow-on schedule check
