[2026-05-17T23:03:02.266+0000] {taskinstance.py:1956} INFO - Dependencies all met for dep_context=non-requeueable deps ti=<TaskInstance: price_intelligence_pipeline.dbt_run scheduled__2026-05-17T22:00:00+00:00 [queued]>
[2026-05-17T23:03:02.355+0000] {taskinstance.py:1956} INFO - Dependencies all met for dep_context=requeueable deps ti=<TaskInstance: price_intelligence_pipeline.dbt_run scheduled__2026-05-17T22:00:00+00:00 [queued]>
[2026-05-17T23:03:02.359+0000] {taskinstance.py:2170} INFO - Starting attempt 1 of 2
[2026-05-17T23:03:02.536+0000] {taskinstance.py:2191} INFO - Executing <Task(BashOperator): dbt_run> on 2026-05-17 22:00:00+00:00
[2026-05-17T23:03:02.569+0000] {standard_task_runner.py:60} INFO - Started process 46577 to run task
[2026-05-17T23:03:02.588+0000] {standard_task_runner.py:87} INFO - Running: ['***', 'tasks', 'run', 'price_intelligence_pipeline', 'dbt_run', 'scheduled__2026-05-17T22:00:00+00:00', '--job-id', '1382', '--raw', '--subdir', 'DAGS_FOLDER/price_intelligence_dag.py', '--cfg-path', '/tmp/tmptxn6ggtr']
[2026-05-17T23:03:02.603+0000] {standard_task_runner.py:88} INFO - Job 1382: Subtask dbt_run
[2026-05-17T23:03:02.879+0000] {task_command.py:423} INFO - Running <TaskInstance: price_intelligence_pipeline.dbt_run scheduled__2026-05-17T22:00:00+00:00 [running]> on host 91e0d3a0a233
[2026-05-17T23:03:03.216+0000] {taskinstance.py:2480} INFO - Exporting env vars: AIRFLOW_CTX_DAG_OWNER='***' AIRFLOW_CTX_DAG_ID='price_intelligence_pipeline' AIRFLOW_CTX_TASK_ID='dbt_run' AIRFLOW_CTX_EXECUTION_DATE='2026-05-17T22:00:00+00:00' AIRFLOW_CTX_TRY_NUMBER='1' AIRFLOW_CTX_DAG_RUN_ID='scheduled__2026-05-17T22:00:00+00:00'
[2026-05-17T23:03:03.221+0000] {subprocess.py:63} INFO - Tmp dir root location: /tmp
[2026-05-17T23:03:03.225+0000] {subprocess.py:75} INFO - Running command: ['/usr/bin/bash', '-c', '\n            set -e\n            cd /opt/***/dbt\n            export GOOGLE_APPLICATION_CREDENTIALS=/opt/***/gcp-credentials-new.json\n            /home/***/.local/bin/dbt run --full-refresh --profiles-dir . --project-dir .\n            echo dbt done\n        ']
[2026-05-17T23:03:03.262+0000] {subprocess.py:86} INFO - Output:
[2026-05-17T23:03:21.829+0000] {subprocess.py:93} INFO - [0m23:03:21  Running with dbt=1.8.7
[2026-05-17T23:03:30.699+0000] {subprocess.py:93} INFO - [0m23:03:30  Registered adapter: bigquery=1.8.3
[2026-05-17T23:03:40.986+0000] {subprocess.py:93} INFO - [0m23:03:40  Found 3 models, 1 seed, 7 data tests, 1 source, 479 macros
[2026-05-17T23:03:41.004+0000] {subprocess.py:93} INFO - [0m23:03:41
[2026-05-17T23:03:45.068+0000] {subprocess.py:93} INFO - [0m23:03:45  Concurrency: 4 threads (target='dev')
[2026-05-17T23:03:45.072+0000] {subprocess.py:93} INFO - [0m23:03:45
[2026-05-17T23:03:45.129+0000] {subprocess.py:93} INFO - [0m23:03:45  1 of 3 START sql view model price_intelligence_dbt.stg_prices .................. [RUN]
[2026-05-17T23:03:47.576+0000] {subprocess.py:93} INFO - [0m23:03:47  1 of 3 OK created sql view model price_intelligence_dbt.stg_prices ............. [[32mCREATE VIEW (0 processed)[0m in 2.44s]
[2026-05-17T23:03:47.593+0000] {subprocess.py:93} INFO - [0m23:03:47  2 of 3 START sql table model price_intelligence_dbt.prices_cleaned ............. [RUN]
[2026-05-17T23:03:51.425+0000] {subprocess.py:93} INFO - [0m23:03:51  2 of 3 OK created sql table model price_intelligence_dbt.prices_cleaned ........ [[32mCREATE TABLE (5.0k rows, 2.6 MiB processed)[0m in 3.83s]
[2026-05-17T23:03:51.436+0000] {subprocess.py:93} INFO - [0m23:03:51  3 of 3 START sql table model price_intelligence_dbt.prices_aggregated .......... [RUN]
[2026-05-17T23:03:55.255+0000] {subprocess.py:93} INFO - [0m23:03:55  3 of 3 OK created sql table model price_intelligence_dbt.prices_aggregated ..... [[32mCREATE TABLE (11.0 rows, 231.8 KiB processed)[0m in 3.81s]
[2026-05-17T23:03:55.279+0000] {subprocess.py:93} INFO - [0m23:03:55
[2026-05-17T23:03:55.281+0000] {subprocess.py:93} INFO - [0m23:03:55  Finished running 1 view model, 2 table models in 0 hours 0 minutes and 14.27 seconds (14.27s).
[2026-05-17T23:03:55.473+0000] {subprocess.py:93} INFO - [0m23:03:55
[2026-05-17T23:03:55.476+0000] {subprocess.py:93} INFO - [0m23:03:55  [32mCompleted successfully[0m
[2026-05-17T23:03:55.479+0000] {subprocess.py:93} INFO - [0m23:03:55
[2026-05-17T23:03:55.481+0000] {subprocess.py:93} INFO - [0m23:03:55  Done. PASS=3 WARN=0 ERROR=0 SKIP=0 TOTAL=3
[2026-05-17T23:04:00.268+0000] {subprocess.py:93} INFO - dbt done
[2026-05-17T23:04:00.281+0000] {subprocess.py:97} INFO - Command exited with return code 0
[2026-05-17T23:04:00.448+0000] {taskinstance.py:1138} INFO - Marking task as SUCCESS. dag_id=price_intelligence_pipeline, task_id=dbt_run, execution_date=20260517T220000, start_date=20260517T230302, end_date=20260517T230400
[2026-05-17T23:04:00.602+0000] {local_task_job_runner.py:234} INFO - Task exited with return code 0
[2026-05-17T23:04:00.713+0000] {taskinstance.py:3280} INFO - 1 downstream tasks scheduled from follow-on schedule check
