[2026-04-23T09:26:08.201+0000] {taskinstance.py:1956} INFO - Dependencies all met for dep_context=non-requeueable deps ti=<TaskInstance: price_intelligence_pipeline.load_bigtable scheduled__2026-04-22T08:00:00+00:00 [queued]>
[2026-04-23T09:26:08.210+0000] {taskinstance.py:1956} INFO - Dependencies all met for dep_context=requeueable deps ti=<TaskInstance: price_intelligence_pipeline.load_bigtable scheduled__2026-04-22T08:00:00+00:00 [queued]>
[2026-04-23T09:26:08.211+0000] {taskinstance.py:2170} INFO - Starting attempt 2 of 3
[2026-04-23T09:26:08.226+0000] {taskinstance.py:2191} INFO - Executing <Task(PythonOperator): load_bigtable> on 2026-04-22 08:00:00+00:00
[2026-04-23T09:26:08.232+0000] {standard_task_runner.py:60} INFO - Started process 8639 to run task
[2026-04-23T09:26:08.236+0000] {standard_task_runner.py:87} INFO - Running: ['***', 'tasks', 'run', 'price_intelligence_pipeline', 'load_bigtable', 'scheduled__2026-04-22T08:00:00+00:00', '--job-id', '21', '--raw', '--subdir', 'DAGS_FOLDER/price_intelligence_dag.py', '--cfg-path', '/tmp/tmpjq0_yxot']
[2026-04-23T09:26:08.240+0000] {standard_task_runner.py:88} INFO - Job 21: Subtask load_bigtable
[2026-04-23T09:26:08.329+0000] {task_command.py:423} INFO - Running <TaskInstance: price_intelligence_pipeline.load_bigtable scheduled__2026-04-22T08:00:00+00:00 [running]> on host f3ebc944c42b
[2026-04-23T09:26:08.443+0000] {taskinstance.py:2480} INFO - Exporting env vars: AIRFLOW_CTX_DAG_OWNER='price_intelligence' AIRFLOW_CTX_DAG_ID='price_intelligence_pipeline' AIRFLOW_CTX_TASK_ID='load_bigtable' AIRFLOW_CTX_EXECUTION_DATE='2026-04-22T08:00:00+00:00' AIRFLOW_CTX_TRY_NUMBER='2' AIRFLOW_CTX_DAG_RUN_ID='scheduled__2026-04-22T08:00:00+00:00'
[2026-04-23T09:26:08.448+0000] {_default.py:683} WARNING - No project ID could be determined. Consider running `gcloud config set project` or setting the GOOGLE_CLOUD_PROJECT environment variable
[2026-04-23T09:26:08.464+0000] {taskinstance.py:2698} ERROR - Task failed with exception
Traceback (most recent call last):
  File "/home/airflow/.local/lib/python3.8/site-packages/airflow/models/taskinstance.py", line 433, in _execute_task
    result = execute_callable(context=context, **execute_callable_kwargs)
  File "/home/airflow/.local/lib/python3.8/site-packages/airflow/operators/python.py", line 199, in execute
    return_value = self.execute_callable()
  File "/home/airflow/.local/lib/python3.8/site-packages/airflow/operators/python.py", line 216, in execute_callable
    return self.python_callable(*self.op_args, **self.op_kwargs)
  File "/opt/airflow/dags/load_bigtable.py", line 30, in load_to_bigtable
    timestamp = scraped_at.strftime('%Y%m%d%H%M%S') if scraped_at else datetime.datetime.now().strftime('%Y%m%d%H%M%S')
AttributeError: 'str' object has no attribute 'strftime'
[2026-04-23T09:26:08.483+0000] {taskinstance.py:1138} INFO - Marking task as UP_FOR_RETRY. dag_id=price_intelligence_pipeline, task_id=load_bigtable, execution_date=20260422T080000, start_date=20260423T092608, end_date=20260423T092608
[2026-04-23T09:26:08.495+0000] {standard_task_runner.py:107} ERROR - Failed to execute job 21 for task load_bigtable ('str' object has no attribute 'strftime'; 8639)
[2026-04-23T09:26:08.532+0000] {local_task_job_runner.py:234} INFO - Task exited with return code 1
[2026-04-23T09:26:08.562+0000] {taskinstance.py:3280} INFO - 0 downstream tasks scheduled from follow-on schedule check
