[2026-05-08T17:05:14.402+0000] {taskinstance.py:1956} INFO - Dependencies all met for dep_context=non-requeueable deps ti=<TaskInstance: price_intelligence_pipeline.scrape_amazon scheduled__2026-05-08T16:00:00+00:00 [queued]>
[2026-05-08T17:05:14.436+0000] {taskinstance.py:1956} INFO - Dependencies all met for dep_context=requeueable deps ti=<TaskInstance: price_intelligence_pipeline.scrape_amazon scheduled__2026-05-08T16:00:00+00:00 [queued]>
[2026-05-08T17:05:14.438+0000] {taskinstance.py:2170} INFO - Starting attempt 1 of 2
[2026-05-08T17:05:14.475+0000] {taskinstance.py:2191} INFO - Executing <Task(BashOperator): scrape_amazon> on 2026-05-08 16:00:00+00:00
[2026-05-08T17:05:14.494+0000] {standard_task_runner.py:60} INFO - Started process 6270 to run task
[2026-05-08T17:05:14.503+0000] {standard_task_runner.py:87} INFO - Running: ['***', 'tasks', 'run', 'price_intelligence_pipeline', 'scrape_amazon', 'scheduled__2026-05-08T16:00:00+00:00', '--job-id', '802', '--raw', '--subdir', 'DAGS_FOLDER/price_intelligence_dag.py', '--cfg-path', '/tmp/tmp2se_9_6b']
[2026-05-08T17:05:14.509+0000] {standard_task_runner.py:88} INFO - Job 802: Subtask scrape_amazon
[2026-05-08T17:05:14.883+0000] {task_command.py:423} INFO - Running <TaskInstance: price_intelligence_pipeline.scrape_amazon scheduled__2026-05-08T16:00:00+00:00 [running]> on host 25ef6dfa8bdc
[2026-05-08T17:05:15.345+0000] {taskinstance.py:2480} INFO - Exporting env vars: AIRFLOW_CTX_DAG_OWNER='***' AIRFLOW_CTX_DAG_ID='price_intelligence_pipeline' AIRFLOW_CTX_TASK_ID='scrape_amazon' AIRFLOW_CTX_EXECUTION_DATE='2026-05-08T16:00:00+00:00' AIRFLOW_CTX_TRY_NUMBER='1' AIRFLOW_CTX_DAG_RUN_ID='scheduled__2026-05-08T16:00:00+00:00'
[2026-05-08T17:05:15.364+0000] {subprocess.py:63} INFO - Tmp dir root location: /tmp
[2026-05-08T17:05:15.377+0000] {subprocess.py:75} INFO - Running command: ['/usr/bin/bash', '-c', '\n            cd /opt/***\n            mkdir -p data/raw\n            export DISPLAY=:99\n            python3 scrapers/spiders/amazon_ma.py || echo "Amazon done with warnings"\n        ']
[2026-05-08T17:05:15.421+0000] {subprocess.py:86} INFO - Output:
[2026-05-08T17:05:26.866+0000] {subprocess.py:93} INFO - Traceback (most recent call last):
[2026-05-08T17:05:26.867+0000] {subprocess.py:93} INFO -   File "scrapers/spiders/amazon_ma.py", line 147, in <module>
[2026-05-08T17:05:26.867+0000] {subprocess.py:93} INFO -     scrape_amazon()
[2026-05-08T17:05:26.868+0000] {subprocess.py:93} INFO -   File "scrapers/spiders/amazon_ma.py", line 55, in scrape_amazon
[2026-05-08T17:05:26.869+0000] {subprocess.py:93} INFO -     driver = get_driver()
[2026-05-08T17:05:26.871+0000] {subprocess.py:93} INFO -   File "scrapers/spiders/amazon_ma.py", line 47, in get_driver
[2026-05-08T17:05:26.873+0000] {subprocess.py:93} INFO -     driver = webdriver.Chrome(service=Service(ChromeDriverManager().install()), options=opts)
[2026-05-08T17:05:26.875+0000] {subprocess.py:93} INFO -   File "/home/***/.local/lib/python3.8/site-packages/selenium/webdriver/chrome/webdriver.py", line 45, in __init__
[2026-05-08T17:05:26.876+0000] {subprocess.py:93} INFO -     super().__init__(
[2026-05-08T17:05:26.877+0000] {subprocess.py:93} INFO -   File "/home/***/.local/lib/python3.8/site-packages/selenium/webdriver/chromium/webdriver.py", line 66, in __init__
[2026-05-08T17:05:26.880+0000] {subprocess.py:93} INFO -     super().__init__(command_executor=executor, options=options)
[2026-05-08T17:05:26.881+0000] {subprocess.py:93} INFO -   File "/home/***/.local/lib/python3.8/site-packages/selenium/webdriver/remote/webdriver.py", line 241, in __init__
[2026-05-08T17:05:26.882+0000] {subprocess.py:93} INFO -     self.start_session(capabilities)
[2026-05-08T17:05:26.882+0000] {subprocess.py:93} INFO -   File "/home/***/.local/lib/python3.8/site-packages/selenium/webdriver/remote/webdriver.py", line 329, in start_session
[2026-05-08T17:05:26.883+0000] {subprocess.py:93} INFO -     response = self.execute(Command.NEW_SESSION, caps)["value"]
[2026-05-08T17:05:26.883+0000] {subprocess.py:93} INFO -   File "/home/***/.local/lib/python3.8/site-packages/selenium/webdriver/remote/webdriver.py", line 384, in execute
[2026-05-08T17:05:26.884+0000] {subprocess.py:93} INFO -     self.error_handler.check_response(response)
[2026-05-08T17:05:26.885+0000] {subprocess.py:93} INFO -   File "/home/***/.local/lib/python3.8/site-packages/selenium/webdriver/remote/errorhandler.py", line 232, in check_response
[2026-05-08T17:05:26.885+0000] {subprocess.py:93} INFO -     raise exception_class(message, screen, stacktrace)
[2026-05-08T17:05:26.886+0000] {subprocess.py:93} INFO - selenium.common.exceptions.WebDriverException: Message: unknown error: Chrome failed to start: exited abnormally.
[2026-05-08T17:05:26.887+0000] {subprocess.py:93} INFO -   (unknown error: DevToolsActivePort file doesn't exist)
[2026-05-08T17:05:26.887+0000] {subprocess.py:93} INFO -   (The process started from chrome location /usr/bin/chromium is no longer running, so ChromeDriver is assuming that Chrome has crashed.)
[2026-05-08T17:05:26.888+0000] {subprocess.py:93} INFO - Stacktrace:
[2026-05-08T17:05:26.888+0000] {subprocess.py:93} INFO - #0 0x63acedf2d4e3 <unknown>
[2026-05-08T17:05:26.889+0000] {subprocess.py:93} INFO - #1 0x63acedc5cc76 <unknown>
[2026-05-08T17:05:26.890+0000] {subprocess.py:93} INFO - #2 0x63acedc85d78 <unknown>
[2026-05-08T17:05:26.890+0000] {subprocess.py:93} INFO - #3 0x63acedc82029 <unknown>
[2026-05-08T17:05:26.891+0000] {subprocess.py:93} INFO - #4 0x63acedcc0ccc <unknown>
[2026-05-08T17:05:26.892+0000] {subprocess.py:93} INFO - #5 0x63acedcc047f <unknown>
[2026-05-08T17:05:26.893+0000] {subprocess.py:93} INFO - #6 0x63acedcb7de3 <unknown>
[2026-05-08T17:05:26.893+0000] {subprocess.py:93} INFO - #7 0x63acedc8d2dd <unknown>
[2026-05-08T17:05:26.894+0000] {subprocess.py:93} INFO - #8 0x63acedc8e34e <unknown>
[2026-05-08T17:05:26.895+0000] {subprocess.py:93} INFO - #9 0x63acedeed3e4 <unknown>
[2026-05-08T17:05:26.895+0000] {subprocess.py:93} INFO - #10 0x63acedef13d7 <unknown>
[2026-05-08T17:05:26.896+0000] {subprocess.py:93} INFO - #11 0x63acedefbb20 <unknown>
[2026-05-08T17:05:26.896+0000] {subprocess.py:93} INFO - #12 0x63acedef2023 <unknown>
[2026-05-08T17:05:26.898+0000] {subprocess.py:93} INFO - #13 0x63acedec01aa <unknown>
[2026-05-08T17:05:26.899+0000] {subprocess.py:93} INFO - #14 0x63acedf166b8 <unknown>
[2026-05-08T17:05:26.900+0000] {subprocess.py:93} INFO - #15 0x63acedf16847 <unknown>
[2026-05-08T17:05:26.900+0000] {subprocess.py:93} INFO - #16 0x63acedf26243 <unknown>
[2026-05-08T17:05:26.901+0000] {subprocess.py:93} INFO - #17 0x7c98024e7134 <unknown>
[2026-05-08T17:05:26.902+0000] {subprocess.py:93} INFO - 
[2026-05-08T17:05:26.943+0000] {subprocess.py:93} INFO - Amazon done with warnings
[2026-05-08T17:05:26.944+0000] {subprocess.py:97} INFO - Command exited with return code 0
[2026-05-08T17:05:27.003+0000] {taskinstance.py:1138} INFO - Marking task as SUCCESS. dag_id=price_intelligence_pipeline, task_id=scrape_amazon, execution_date=20260508T160000, start_date=20260508T170514, end_date=20260508T170527
[2026-05-08T17:05:27.062+0000] {local_task_job_runner.py:234} INFO - Task exited with return code 0
[2026-05-08T17:05:27.126+0000] {taskinstance.py:3280} INFO - 0 downstream tasks scheduled from follow-on schedule check
