[2026-05-06T20:41:20.113+0000] {taskinstance.py:1956} INFO - Dependencies all met for dep_context=non-requeueable deps ti=<TaskInstance: price_intelligence_pipeline.scrape_electroplanet scheduled__2026-05-06T17:00:00+00:00 [queued]>
[2026-05-06T20:41:20.397+0000] {taskinstance.py:1956} INFO - Dependencies all met for dep_context=requeueable deps ti=<TaskInstance: price_intelligence_pipeline.scrape_electroplanet scheduled__2026-05-06T17:00:00+00:00 [queued]>
[2026-05-06T20:41:20.554+0000] {taskinstance.py:2170} INFO - Starting attempt 1 of 2
[2026-05-06T20:41:21.109+0000] {taskinstance.py:2191} INFO - Executing <Task(BashOperator): scrape_electroplanet> on 2026-05-06 17:00:00+00:00
[2026-05-06T20:41:21.255+0000] {standard_task_runner.py:60} INFO - Started process 22227 to run task
[2026-05-06T20:41:21.557+0000] {standard_task_runner.py:87} INFO - Running: ['***', 'tasks', 'run', 'price_intelligence_pipeline', 'scrape_electroplanet', 'scheduled__2026-05-06T17:00:00+00:00', '--job-id', '612', '--raw', '--subdir', 'DAGS_FOLDER/price_intelligence_dag.py', '--cfg-path', '/tmp/tmpgk0sek2f']
[2026-05-06T20:41:21.764+0000] {standard_task_runner.py:88} INFO - Job 612: Subtask scrape_electroplanet
[2026-05-06T20:41:25.113+0000] {task_command.py:423} INFO - Running <TaskInstance: price_intelligence_pipeline.scrape_electroplanet scheduled__2026-05-06T17:00:00+00:00 [running]> on host 25ef6dfa8bdc
[2026-05-06T20:41:29.634+0000] {taskinstance.py:2480} INFO - Exporting env vars: AIRFLOW_CTX_DAG_OWNER='***' AIRFLOW_CTX_DAG_ID='price_intelligence_pipeline' AIRFLOW_CTX_TASK_ID='scrape_electroplanet' AIRFLOW_CTX_EXECUTION_DATE='2026-05-06T17:00:00+00:00' AIRFLOW_CTX_TRY_NUMBER='1' AIRFLOW_CTX_DAG_RUN_ID='scheduled__2026-05-06T17:00:00+00:00'
[2026-05-06T20:41:29.791+0000] {subprocess.py:63} INFO - Tmp dir root location: /tmp
[2026-05-06T20:41:29.877+0000] {subprocess.py:75} INFO - Running command: ['/usr/bin/bash', '-c', '\n            cd /opt/***\n            mkdir -p data/raw\n            export DISPLAY=:99\n            python3 scrapers/spiders/electroplanet_ma.py || echo "Electroplanet done with warnings"\n        ']
[2026-05-06T20:41:30.032+0000] {subprocess.py:86} INFO - Output:
[2026-05-06T20:41:43.819+0000] {subprocess.py:93} INFO - 
[2026-05-06T20:41:43.823+0000] {subprocess.py:93} INFO - [Electroplanet] Scraping : smartphones
[2026-05-06T20:41:43.897+0000] {subprocess.py:93} INFO - Traceback (most recent call last):
[2026-05-06T20:41:43.936+0000] {subprocess.py:93} INFO -   File "/home/***/.local/lib/python3.8/site-packages/urllib3/connection.py", line 174, in _new_conn
[2026-05-06T20:41:43.952+0000] {subprocess.py:93} INFO -     conn = connection.create_connection(
[2026-05-06T20:41:43.962+0000] {subprocess.py:93} INFO -   File "/home/***/.local/lib/python3.8/site-packages/urllib3/util/connection.py", line 72, in create_connection
[2026-05-06T20:41:43.964+0000] {subprocess.py:93} INFO -     for res in socket.getaddrinfo(host, port, family, socket.SOCK_STREAM):
[2026-05-06T20:41:43.965+0000] {subprocess.py:93} INFO -   File "/usr/local/lib/python3.8/socket.py", line 918, in getaddrinfo
[2026-05-06T20:41:43.966+0000] {subprocess.py:93} INFO -     for res in _socket.getaddrinfo(host, port, family, type, proto, flags):
[2026-05-06T20:41:43.978+0000] {subprocess.py:93} INFO - socket.gaierror: [Errno -5] No address associated with hostname
[2026-05-06T20:41:43.979+0000] {subprocess.py:93} INFO - 
[2026-05-06T20:41:43.981+0000] {subprocess.py:93} INFO - During handling of the above exception, another exception occurred:
[2026-05-06T20:41:43.999+0000] {subprocess.py:93} INFO - 
[2026-05-06T20:41:44.000+0000] {subprocess.py:93} INFO - Traceback (most recent call last):
[2026-05-06T20:41:44.010+0000] {subprocess.py:93} INFO -   File "/home/***/.local/lib/python3.8/site-packages/urllib3/connectionpool.py", line 715, in urlopen
[2026-05-06T20:41:44.019+0000] {subprocess.py:93} INFO -     httplib_response = self._make_request(
[2026-05-06T20:41:44.078+0000] {subprocess.py:93} INFO -   File "/home/***/.local/lib/python3.8/site-packages/urllib3/connectionpool.py", line 404, in _make_request
[2026-05-06T20:41:44.080+0000] {subprocess.py:93} INFO -     self._validate_conn(conn)
[2026-05-06T20:41:44.081+0000] {subprocess.py:93} INFO -   File "/home/***/.local/lib/python3.8/site-packages/urllib3/connectionpool.py", line 1058, in _validate_conn
[2026-05-06T20:41:44.083+0000] {subprocess.py:93} INFO -     conn.connect()
[2026-05-06T20:41:44.125+0000] {subprocess.py:93} INFO -   File "/home/***/.local/lib/python3.8/site-packages/urllib3/connection.py", line 363, in connect
[2026-05-06T20:41:44.127+0000] {subprocess.py:93} INFO -     self.sock = conn = self._new_conn()
[2026-05-06T20:41:44.157+0000] {subprocess.py:93} INFO -   File "/home/***/.local/lib/python3.8/site-packages/urllib3/connection.py", line 186, in _new_conn
[2026-05-06T20:41:44.158+0000] {subprocess.py:93} INFO -     raise NewConnectionError(
[2026-05-06T20:41:44.169+0000] {subprocess.py:93} INFO - urllib3.exceptions.NewConnectionError: <urllib3.connection.HTTPSConnection object at 0x7272067b6580>: Failed to establish a new connection: [Errno -5] No address associated with hostname
[2026-05-06T20:41:44.170+0000] {subprocess.py:93} INFO - 
[2026-05-06T20:41:44.171+0000] {subprocess.py:93} INFO - During handling of the above exception, another exception occurred:
[2026-05-06T20:41:44.173+0000] {subprocess.py:93} INFO - 
[2026-05-06T20:41:44.189+0000] {subprocess.py:93} INFO - Traceback (most recent call last):
[2026-05-06T20:41:44.231+0000] {subprocess.py:93} INFO -   File "/home/***/.local/lib/python3.8/site-packages/requests/adapters.py", line 486, in send
[2026-05-06T20:41:44.233+0000] {subprocess.py:93} INFO -     resp = conn.urlopen(
[2026-05-06T20:41:44.235+0000] {subprocess.py:93} INFO -   File "/home/***/.local/lib/python3.8/site-packages/urllib3/connectionpool.py", line 799, in urlopen
[2026-05-06T20:41:44.236+0000] {subprocess.py:93} INFO -     retries = retries.increment(
[2026-05-06T20:41:44.264+0000] {subprocess.py:93} INFO -   File "/home/***/.local/lib/python3.8/site-packages/urllib3/util/retry.py", line 592, in increment
[2026-05-06T20:41:44.266+0000] {subprocess.py:93} INFO -     raise MaxRetryError(_pool, url, error or ResponseError(cause))
[2026-05-06T20:41:44.302+0000] {subprocess.py:93} INFO - urllib3.exceptions.MaxRetryError: HTTPSConnectionPool(host='chromedriver.storage.googleapis.com', port=443): Max retries exceeded with url: /LATEST_RELEASE (Caused by NewConnectionError('<urllib3.connection.HTTPSConnection object at 0x7272067b6580>: Failed to establish a new connection: [Errno -5] No address associated with hostname'))
[2026-05-06T20:41:44.317+0000] {subprocess.py:93} INFO - 
[2026-05-06T20:41:44.326+0000] {subprocess.py:93} INFO - During handling of the above exception, another exception occurred:
[2026-05-06T20:41:44.354+0000] {subprocess.py:93} INFO - 
[2026-05-06T20:41:44.359+0000] {subprocess.py:93} INFO - Traceback (most recent call last):
[2026-05-06T20:41:44.375+0000] {subprocess.py:93} INFO -   File "/home/***/.local/lib/python3.8/site-packages/webdriver_manager/core/http.py", line 32, in get
[2026-05-06T20:41:44.385+0000] {subprocess.py:93} INFO -     resp = requests.get(
[2026-05-06T20:41:44.393+0000] {subprocess.py:93} INFO -   File "/home/***/.local/lib/python3.8/site-packages/requests/api.py", line 73, in get
[2026-05-06T20:41:44.409+0000] {subprocess.py:93} INFO -     return request("get", url, params=params, **kwargs)
[2026-05-06T20:41:44.410+0000] {subprocess.py:93} INFO -   File "/home/***/.local/lib/python3.8/site-packages/requests/api.py", line 59, in request
[2026-05-06T20:41:44.425+0000] {subprocess.py:93} INFO -     return session.request(method=method, url=url, **kwargs)
[2026-05-06T20:41:44.441+0000] {subprocess.py:93} INFO -   File "/home/***/.local/lib/python3.8/site-packages/requests/sessions.py", line 589, in request
[2026-05-06T20:41:44.457+0000] {subprocess.py:93} INFO -     resp = self.send(prep, **send_kwargs)
[2026-05-06T20:41:44.475+0000] {subprocess.py:93} INFO -   File "/home/***/.local/lib/python3.8/site-packages/requests/sessions.py", line 703, in send
[2026-05-06T20:41:44.487+0000] {subprocess.py:93} INFO -     r = adapter.send(request, **kwargs)
[2026-05-06T20:41:44.490+0000] {subprocess.py:93} INFO -   File "/home/***/.local/lib/python3.8/site-packages/requests/adapters.py", line 519, in send
[2026-05-06T20:41:44.505+0000] {subprocess.py:93} INFO -     raise ConnectionError(e, request=request)
[2026-05-06T20:41:44.507+0000] {subprocess.py:93} INFO - requests.exceptions.ConnectionError: HTTPSConnectionPool(host='chromedriver.storage.googleapis.com', port=443): Max retries exceeded with url: /LATEST_RELEASE (Caused by NewConnectionError('<urllib3.connection.HTTPSConnection object at 0x7272067b6580>: Failed to establish a new connection: [Errno -5] No address associated with hostname'))
[2026-05-06T20:41:44.525+0000] {subprocess.py:93} INFO - 
[2026-05-06T20:41:44.541+0000] {subprocess.py:93} INFO - During handling of the above exception, another exception occurred:
[2026-05-06T20:41:44.551+0000] {subprocess.py:93} INFO - 
[2026-05-06T20:41:44.552+0000] {subprocess.py:93} INFO - Traceback (most recent call last):
[2026-05-06T20:41:44.553+0000] {subprocess.py:93} INFO -   File "scrapers/spiders/electroplanet_ma.py", line 162, in <module>
[2026-05-06T20:41:44.554+0000] {subprocess.py:93} INFO -     scrape_electroplanet()
[2026-05-06T20:41:44.556+0000] {subprocess.py:93} INFO -   File "scrapers/spiders/electroplanet_ma.py", line 73, in scrape_electroplanet
[2026-05-06T20:41:44.567+0000] {subprocess.py:93} INFO -     driver = get_driver()
[2026-05-06T20:41:44.583+0000] {subprocess.py:93} INFO -   File "scrapers/spiders/electroplanet_ma.py", line 63, in get_driver
[2026-05-06T20:41:44.603+0000] {subprocess.py:93} INFO -     return webdriver.Chrome(service=Service(ChromeDriverManager().install()), options=opts)
[2026-05-06T20:41:44.617+0000] {subprocess.py:93} INFO -   File "/home/***/.local/lib/python3.8/site-packages/webdriver_manager/chrome.py", line 40, in install
[2026-05-06T20:41:44.635+0000] {subprocess.py:93} INFO -     driver_path = self._get_driver_binary_path(self.driver)
[2026-05-06T20:41:44.647+0000] {subprocess.py:93} INFO -   File "/home/***/.local/lib/python3.8/site-packages/webdriver_manager/core/manager.py", line 40, in _get_driver_binary_path
[2026-05-06T20:41:44.663+0000] {subprocess.py:93} INFO -     file = self._download_manager.download_file(driver.get_driver_download_url(os_type))
[2026-05-06T20:41:44.679+0000] {subprocess.py:93} INFO -   File "/home/***/.local/lib/python3.8/site-packages/webdriver_manager/drivers/chrome.py", line 32, in get_driver_download_url
[2026-05-06T20:41:44.697+0000] {subprocess.py:93} INFO -     driver_version_to_download = self.get_driver_version_to_download()
[2026-05-06T20:41:44.730+0000] {subprocess.py:93} INFO -   File "/home/***/.local/lib/python3.8/site-packages/webdriver_manager/core/driver.py", line 48, in get_driver_version_to_download
[2026-05-06T20:41:44.747+0000] {subprocess.py:93} INFO -     return self.get_latest_release_version()
[2026-05-06T20:41:44.775+0000] {subprocess.py:93} INFO -   File "/home/***/.local/lib/python3.8/site-packages/webdriver_manager/drivers/chrome.py", line 70, in get_latest_release_version
[2026-05-06T20:41:44.777+0000] {subprocess.py:93} INFO -     resp = self._http_client.get(url=latest_release_url)
[2026-05-06T20:41:44.791+0000] {subprocess.py:93} INFO -   File "/home/***/.local/lib/python3.8/site-packages/webdriver_manager/core/http.py", line 35, in get
[2026-05-06T20:41:44.793+0000] {subprocess.py:93} INFO -     raise exceptions.ConnectionError(f"Could not reach host. Are you offline?")
[2026-05-06T20:41:44.807+0000] {subprocess.py:93} INFO - requests.exceptions.ConnectionError: Could not reach host. Are you offline?
[2026-05-06T20:41:44.823+0000] {subprocess.py:93} INFO - Electroplanet done with warnings
[2026-05-06T20:41:44.825+0000] {subprocess.py:97} INFO - Command exited with return code 0
[2026-05-06T20:41:45.116+0000] {taskinstance.py:1138} INFO - Marking task as SUCCESS. dag_id=price_intelligence_pipeline, task_id=scrape_electroplanet, execution_date=20260506T170000, start_date=20260506T204120, end_date=20260506T204145
[2026-05-06T20:41:45.537+0000] {local_task_job_runner.py:234} INFO - Task exited with return code 0
[2026-05-06T20:41:46.591+0000] {taskinstance.py:3280} INFO - 0 downstream tasks scheduled from follow-on schedule check
