[2026-05-05T21:46:51.523+0000] {taskinstance.py:1956} INFO - Dependencies all met for dep_context=non-requeueable deps ti=<TaskInstance: price_intelligence_pipeline.scrape_electroplanet manual__2026-05-05T21:21:16+00:00 [queued]>
[2026-05-05T21:46:51.561+0000] {taskinstance.py:1956} INFO - Dependencies all met for dep_context=requeueable deps ti=<TaskInstance: price_intelligence_pipeline.scrape_electroplanet manual__2026-05-05T21:21:16+00:00 [queued]>
[2026-05-05T21:46:51.564+0000] {taskinstance.py:2170} INFO - Starting attempt 1 of 2
[2026-05-05T21:46:51.651+0000] {taskinstance.py:2191} INFO - Executing <Task(BashOperator): scrape_electroplanet> on 2026-05-05 21:21:16+00:00
[2026-05-05T21:46:51.676+0000] {standard_task_runner.py:60} INFO - Started process 7087 to run task
[2026-05-05T21:46:51.698+0000] {standard_task_runner.py:87} INFO - Running: ['***', 'tasks', 'run', 'price_intelligence_pipeline', 'scrape_electroplanet', 'manual__2026-05-05T21:21:16+00:00', '--job-id', '399', '--raw', '--subdir', 'DAGS_FOLDER/price_intelligence_dag.py', '--cfg-path', '/tmp/tmpfwmf_lnr']
[2026-05-05T21:46:51.708+0000] {standard_task_runner.py:88} INFO - Job 399: Subtask scrape_electroplanet
[2026-05-05T21:46:51.960+0000] {task_command.py:423} INFO - Running <TaskInstance: price_intelligence_pipeline.scrape_electroplanet manual__2026-05-05T21:21:16+00:00 [running]> on host 25ef6dfa8bdc
[2026-05-05T21:46:52.167+0000] {taskinstance.py:2480} INFO - Exporting env vars: AIRFLOW_CTX_DAG_OWNER='***' AIRFLOW_CTX_DAG_ID='price_intelligence_pipeline' AIRFLOW_CTX_TASK_ID='scrape_electroplanet' AIRFLOW_CTX_EXECUTION_DATE='2026-05-05T21:21:16+00:00' AIRFLOW_CTX_TRY_NUMBER='1' AIRFLOW_CTX_DAG_RUN_ID='manual__2026-05-05T21:21:16+00:00'
[2026-05-05T21:46:52.170+0000] {subprocess.py:63} INFO - Tmp dir root location: /tmp
[2026-05-05T21:46:52.174+0000] {subprocess.py:75} INFO - Running command: ['/usr/bin/bash', '-c', '\n            cd /opt/***\n            mkdir -p data/raw\n            export DISPLAY=:99\n            python3 scrapers/spiders/electroplanet_ma.py || echo "Electroplanet done with warnings"\n        ']
[2026-05-05T21:46:52.193+0000] {subprocess.py:86} INFO - Output:
[2026-05-05T21:46:57.157+0000] {subprocess.py:93} INFO - 
[2026-05-05T21:46:57.159+0000] {subprocess.py:93} INFO - [Electroplanet] Scraping : smartphones
[2026-05-05T21:46:57.168+0000] {subprocess.py:93} INFO - Traceback (most recent call last):
[2026-05-05T21:46:57.170+0000] {subprocess.py:93} INFO -   File "/home/***/.local/lib/python3.8/site-packages/urllib3/connection.py", line 174, in _new_conn
[2026-05-05T21:46:57.171+0000] {subprocess.py:93} INFO -     conn = connection.create_connection(
[2026-05-05T21:46:57.172+0000] {subprocess.py:93} INFO -   File "/home/***/.local/lib/python3.8/site-packages/urllib3/util/connection.py", line 72, in create_connection
[2026-05-05T21:46:57.174+0000] {subprocess.py:93} INFO -     for res in socket.getaddrinfo(host, port, family, socket.SOCK_STREAM):
[2026-05-05T21:46:57.175+0000] {subprocess.py:93} INFO -   File "/usr/local/lib/python3.8/socket.py", line 918, in getaddrinfo
[2026-05-05T21:46:57.182+0000] {subprocess.py:93} INFO -     for res in _socket.getaddrinfo(host, port, family, type, proto, flags):
[2026-05-05T21:46:57.183+0000] {subprocess.py:93} INFO - socket.gaierror: [Errno -5] No address associated with hostname
[2026-05-05T21:46:57.185+0000] {subprocess.py:93} INFO - 
[2026-05-05T21:46:57.186+0000] {subprocess.py:93} INFO - During handling of the above exception, another exception occurred:
[2026-05-05T21:46:57.187+0000] {subprocess.py:93} INFO - 
[2026-05-05T21:46:57.188+0000] {subprocess.py:93} INFO - Traceback (most recent call last):
[2026-05-05T21:46:57.189+0000] {subprocess.py:93} INFO -   File "/home/***/.local/lib/python3.8/site-packages/urllib3/connectionpool.py", line 715, in urlopen
[2026-05-05T21:46:57.191+0000] {subprocess.py:93} INFO -     httplib_response = self._make_request(
[2026-05-05T21:46:57.192+0000] {subprocess.py:93} INFO -   File "/home/***/.local/lib/python3.8/site-packages/urllib3/connectionpool.py", line 404, in _make_request
[2026-05-05T21:46:57.193+0000] {subprocess.py:93} INFO -     self._validate_conn(conn)
[2026-05-05T21:46:57.195+0000] {subprocess.py:93} INFO -   File "/home/***/.local/lib/python3.8/site-packages/urllib3/connectionpool.py", line 1058, in _validate_conn
[2026-05-05T21:46:57.199+0000] {subprocess.py:93} INFO -     conn.connect()
[2026-05-05T21:46:57.201+0000] {subprocess.py:93} INFO -   File "/home/***/.local/lib/python3.8/site-packages/urllib3/connection.py", line 363, in connect
[2026-05-05T21:46:57.202+0000] {subprocess.py:93} INFO -     self.sock = conn = self._new_conn()
[2026-05-05T21:46:57.203+0000] {subprocess.py:93} INFO -   File "/home/***/.local/lib/python3.8/site-packages/urllib3/connection.py", line 186, in _new_conn
[2026-05-05T21:46:57.205+0000] {subprocess.py:93} INFO -     raise NewConnectionError(
[2026-05-05T21:46:57.206+0000] {subprocess.py:93} INFO - urllib3.exceptions.NewConnectionError: <urllib3.connection.HTTPSConnection object at 0x737be23b3580>: Failed to establish a new connection: [Errno -5] No address associated with hostname
[2026-05-05T21:46:57.214+0000] {subprocess.py:93} INFO - 
[2026-05-05T21:46:57.216+0000] {subprocess.py:93} INFO - During handling of the above exception, another exception occurred:
[2026-05-05T21:46:57.218+0000] {subprocess.py:93} INFO - 
[2026-05-05T21:46:57.219+0000] {subprocess.py:93} INFO - Traceback (most recent call last):
[2026-05-05T21:46:57.221+0000] {subprocess.py:93} INFO -   File "/home/***/.local/lib/python3.8/site-packages/requests/adapters.py", line 486, in send
[2026-05-05T21:46:57.223+0000] {subprocess.py:93} INFO -     resp = conn.urlopen(
[2026-05-05T21:46:57.225+0000] {subprocess.py:93} INFO -   File "/home/***/.local/lib/python3.8/site-packages/urllib3/connectionpool.py", line 799, in urlopen
[2026-05-05T21:46:57.226+0000] {subprocess.py:93} INFO -     retries = retries.increment(
[2026-05-05T21:46:57.230+0000] {subprocess.py:93} INFO -   File "/home/***/.local/lib/python3.8/site-packages/urllib3/util/retry.py", line 592, in increment
[2026-05-05T21:46:57.235+0000] {subprocess.py:93} INFO -     raise MaxRetryError(_pool, url, error or ResponseError(cause))
[2026-05-05T21:46:57.236+0000] {subprocess.py:93} INFO - urllib3.exceptions.MaxRetryError: HTTPSConnectionPool(host='chromedriver.storage.googleapis.com', port=443): Max retries exceeded with url: /LATEST_RELEASE (Caused by NewConnectionError('<urllib3.connection.HTTPSConnection object at 0x737be23b3580>: Failed to establish a new connection: [Errno -5] No address associated with hostname'))
[2026-05-05T21:46:57.238+0000] {subprocess.py:93} INFO - 
[2026-05-05T21:46:57.240+0000] {subprocess.py:93} INFO - During handling of the above exception, another exception occurred:
[2026-05-05T21:46:57.241+0000] {subprocess.py:93} INFO - 
[2026-05-05T21:46:57.243+0000] {subprocess.py:93} INFO - Traceback (most recent call last):
[2026-05-05T21:46:57.244+0000] {subprocess.py:93} INFO -   File "/home/***/.local/lib/python3.8/site-packages/webdriver_manager/core/http.py", line 32, in get
[2026-05-05T21:46:57.245+0000] {subprocess.py:93} INFO -     resp = requests.get(
[2026-05-05T21:46:57.249+0000] {subprocess.py:93} INFO -   File "/home/***/.local/lib/python3.8/site-packages/requests/api.py", line 73, in get
[2026-05-05T21:46:57.254+0000] {subprocess.py:93} INFO -     return request("get", url, params=params, **kwargs)
[2026-05-05T21:46:57.258+0000] {subprocess.py:93} INFO -   File "/home/***/.local/lib/python3.8/site-packages/requests/api.py", line 59, in request
[2026-05-05T21:46:57.261+0000] {subprocess.py:93} INFO -     return session.request(method=method, url=url, **kwargs)
[2026-05-05T21:46:57.262+0000] {subprocess.py:93} INFO -   File "/home/***/.local/lib/python3.8/site-packages/requests/sessions.py", line 589, in request
[2026-05-05T21:46:57.265+0000] {subprocess.py:93} INFO -     resp = self.send(prep, **send_kwargs)
[2026-05-05T21:46:57.269+0000] {subprocess.py:93} INFO -   File "/home/***/.local/lib/python3.8/site-packages/requests/sessions.py", line 703, in send
[2026-05-05T21:46:57.272+0000] {subprocess.py:93} INFO -     r = adapter.send(request, **kwargs)
[2026-05-05T21:46:57.274+0000] {subprocess.py:93} INFO -   File "/home/***/.local/lib/python3.8/site-packages/requests/adapters.py", line 519, in send
[2026-05-05T21:46:57.276+0000] {subprocess.py:93} INFO -     raise ConnectionError(e, request=request)
[2026-05-05T21:46:57.279+0000] {subprocess.py:93} INFO - requests.exceptions.ConnectionError: HTTPSConnectionPool(host='chromedriver.storage.googleapis.com', port=443): Max retries exceeded with url: /LATEST_RELEASE (Caused by NewConnectionError('<urllib3.connection.HTTPSConnection object at 0x737be23b3580>: Failed to establish a new connection: [Errno -5] No address associated with hostname'))
[2026-05-05T21:46:57.281+0000] {subprocess.py:93} INFO - 
[2026-05-05T21:46:57.282+0000] {subprocess.py:93} INFO - During handling of the above exception, another exception occurred:
[2026-05-05T21:46:57.284+0000] {subprocess.py:93} INFO - 
[2026-05-05T21:46:57.285+0000] {subprocess.py:93} INFO - Traceback (most recent call last):
[2026-05-05T21:46:57.286+0000] {subprocess.py:93} INFO -   File "scrapers/spiders/electroplanet_ma.py", line 162, in <module>
[2026-05-05T21:46:57.287+0000] {subprocess.py:93} INFO -     scrape_electroplanet()
[2026-05-05T21:46:57.288+0000] {subprocess.py:93} INFO -   File "scrapers/spiders/electroplanet_ma.py", line 73, in scrape_electroplanet
[2026-05-05T21:46:57.290+0000] {subprocess.py:93} INFO -     driver = get_driver()
[2026-05-05T21:46:57.292+0000] {subprocess.py:93} INFO -   File "scrapers/spiders/electroplanet_ma.py", line 63, in get_driver
[2026-05-05T21:46:57.294+0000] {subprocess.py:93} INFO -     return webdriver.Chrome(service=Service(ChromeDriverManager().install()), options=opts)
[2026-05-05T21:46:57.296+0000] {subprocess.py:93} INFO -   File "/home/***/.local/lib/python3.8/site-packages/webdriver_manager/chrome.py", line 40, in install
[2026-05-05T21:46:57.297+0000] {subprocess.py:93} INFO -     driver_path = self._get_driver_binary_path(self.driver)
[2026-05-05T21:46:57.298+0000] {subprocess.py:93} INFO -   File "/home/***/.local/lib/python3.8/site-packages/webdriver_manager/core/manager.py", line 40, in _get_driver_binary_path
[2026-05-05T21:46:57.300+0000] {subprocess.py:93} INFO -     file = self._download_manager.download_file(driver.get_driver_download_url(os_type))
[2026-05-05T21:46:57.301+0000] {subprocess.py:93} INFO -   File "/home/***/.local/lib/python3.8/site-packages/webdriver_manager/drivers/chrome.py", line 32, in get_driver_download_url
[2026-05-05T21:46:57.302+0000] {subprocess.py:93} INFO -     driver_version_to_download = self.get_driver_version_to_download()
[2026-05-05T21:46:57.303+0000] {subprocess.py:93} INFO -   File "/home/***/.local/lib/python3.8/site-packages/webdriver_manager/core/driver.py", line 48, in get_driver_version_to_download
[2026-05-05T21:46:57.305+0000] {subprocess.py:93} INFO -     return self.get_latest_release_version()
[2026-05-05T21:46:57.307+0000] {subprocess.py:93} INFO -   File "/home/***/.local/lib/python3.8/site-packages/webdriver_manager/drivers/chrome.py", line 70, in get_latest_release_version
[2026-05-05T21:46:57.309+0000] {subprocess.py:93} INFO -     resp = self._http_client.get(url=latest_release_url)
[2026-05-05T21:46:57.310+0000] {subprocess.py:93} INFO -   File "/home/***/.local/lib/python3.8/site-packages/webdriver_manager/core/http.py", line 35, in get
[2026-05-05T21:46:57.312+0000] {subprocess.py:93} INFO -     raise exceptions.ConnectionError(f"Could not reach host. Are you offline?")
[2026-05-05T21:46:57.313+0000] {subprocess.py:93} INFO - requests.exceptions.ConnectionError: Could not reach host. Are you offline?
[2026-05-05T21:46:57.315+0000] {subprocess.py:93} INFO - Electroplanet done with warnings
[2026-05-05T21:46:57.316+0000] {subprocess.py:97} INFO - Command exited with return code 0
[2026-05-05T21:46:57.453+0000] {taskinstance.py:1138} INFO - Marking task as SUCCESS. dag_id=price_intelligence_pipeline, task_id=scrape_electroplanet, execution_date=20260505T212116, start_date=20260505T214651, end_date=20260505T214657
[2026-05-05T21:46:57.574+0000] {local_task_job_runner.py:234} INFO - Task exited with return code 0
[2026-05-05T21:46:57.654+0000] {taskinstance.py:3280} INFO - 0 downstream tasks scheduled from follow-on schedule check
