[2026-06-11T22:17:24.529+0000] {taskinstance.py:1956} INFO - Dependencies all met for dep_context=non-requeueable deps ti=<TaskInstance: price_intelligence_pipeline.dbt_run manual__2026-06-11T22:03:45+00:00 [queued]>
[2026-06-11T22:17:24.556+0000] {taskinstance.py:1956} INFO - Dependencies all met for dep_context=requeueable deps ti=<TaskInstance: price_intelligence_pipeline.dbt_run manual__2026-06-11T22:03:45+00:00 [queued]>
[2026-06-11T22:17:24.558+0000] {taskinstance.py:2170} INFO - Starting attempt 1 of 3
[2026-06-11T22:17:24.591+0000] {taskinstance.py:2191} INFO - Executing <Task(BashOperator): dbt_run> on 2026-06-11 22:03:45+00:00
[2026-06-11T22:17:24.602+0000] {standard_task_runner.py:60} INFO - Started process 69751 to run task
[2026-06-11T22:17:24.610+0000] {standard_task_runner.py:87} INFO - Running: ['***', 'tasks', 'run', 'price_intelligence_pipeline', 'dbt_run', 'manual__2026-06-11T22:03:45+00:00', '--job-id', '2038', '--raw', '--subdir', 'DAGS_FOLDER/price_intelligence_dag.py', '--cfg-path', '/tmp/tmp7q1tzq29']
[2026-06-11T22:17:24.618+0000] {standard_task_runner.py:88} INFO - Job 2038: Subtask dbt_run
[2026-06-11T22:17:24.779+0000] {task_command.py:423} INFO - Running <TaskInstance: price_intelligence_pipeline.dbt_run manual__2026-06-11T22:03:45+00:00 [running]> on host 91e0d3a0a233
[2026-06-11T22:17:25.076+0000] {taskinstance.py:2480} INFO - Exporting env vars: AIRFLOW_CTX_DAG_OWNER='***' AIRFLOW_CTX_DAG_ID='price_intelligence_pipeline' AIRFLOW_CTX_TASK_ID='dbt_run' AIRFLOW_CTX_EXECUTION_DATE='2026-06-11T22:03:45+00:00' AIRFLOW_CTX_TRY_NUMBER='1' AIRFLOW_CTX_DAG_RUN_ID='manual__2026-06-11T22:03:45+00:00'
[2026-06-11T22:17:25.084+0000] {subprocess.py:63} INFO - Tmp dir root location: /tmp
[2026-06-11T22:17:25.089+0000] {subprocess.py:75} INFO - Running command: ['/usr/bin/bash', '-c', '\n            set -e\n            cd /opt/***/dbt\n            export GOOGLE_APPLICATION_CREDENTIALS=/opt/***/gcp-credentials-new.json\n            /home/***/.local/bin/dbt run --full-refresh --profiles-dir . --project-dir .\n            echo dbt done\n        ']
[2026-06-11T22:17:25.122+0000] {subprocess.py:86} INFO - Output:
[2026-06-11T22:17:31.195+0000] {subprocess.py:93} INFO - [0m22:17:31  Running with dbt=1.8.7
[2026-06-11T22:17:34.425+0000] {subprocess.py:93} INFO - [0m22:17:34  Registered adapter: bigquery=1.8.3
[2026-06-11T22:17:35.493+0000] {subprocess.py:93} INFO - [0m22:17:35  Unable to do partial parsing because profile has changed
[2026-06-11T22:17:41.514+0000] {subprocess.py:93} INFO - [0m22:17:41  [[33mWARNING[0m]: Deprecated functionality
[2026-06-11T22:17:41.517+0000] {subprocess.py:93} INFO - The `tests` config has been renamed to `data_tests`. Please see
[2026-06-11T22:17:41.519+0000] {subprocess.py:93} INFO - https://docs.getdbt.com/docs/build/data-tests#new-data_tests-syntax for more
[2026-06-11T22:17:41.521+0000] {subprocess.py:93} INFO - information.
[2026-06-11T22:17:43.836+0000] {subprocess.py:93} INFO - [0m22:17:43  Found 3 models, 1 seed, 7 data tests, 1 source, 479 macros
[2026-06-11T22:17:43.850+0000] {subprocess.py:93} INFO - [0m22:17:43
[2026-06-11T22:17:47.336+0000] {subprocess.py:93} INFO - [0m22:17:47  Concurrency: 4 threads (target='dev')
[2026-06-11T22:17:47.340+0000] {subprocess.py:93} INFO - [0m22:17:47
[2026-06-11T22:17:47.379+0000] {subprocess.py:93} INFO - [0m22:17:47  1 of 3 START sql view model price_intelligence_dbt.stg_prices .................. [RUN]
[2026-06-11T22:17:50.721+0000] {subprocess.py:93} INFO - [0m22:17:50  1 of 3 OK created sql view model price_intelligence_dbt.stg_prices ............. [[32mCREATE VIEW (0 processed)[0m in 3.32s]
[2026-06-11T22:17:50.752+0000] {subprocess.py:93} INFO - [0m22:17:50  2 of 3 START sql table model price_intelligence_dbt.prices_cleaned ............. [RUN]
[2026-06-11T22:17:55.330+0000] {subprocess.py:93} INFO - [0m22:17:55  2 of 3 OK created sql table model price_intelligence_dbt.prices_cleaned ........ [[32mCREATE TABLE (10.5k rows, 4.2 MiB processed)[0m in 4.56s]
[2026-06-11T22:17:55.362+0000] {subprocess.py:93} INFO - [0m22:17:55  3 of 3 START sql table model price_intelligence_dbt.prices_aggregated .......... [RUN]
[2026-06-11T22:17:59.300+0000] {subprocess.py:93} INFO - [0m22:17:59  3 of 3 OK created sql table model price_intelligence_dbt.prices_aggregated ..... [[32mCREATE TABLE (11.0 rows, 475.6 KiB processed)[0m in 3.93s]
[2026-06-11T22:17:59.334+0000] {subprocess.py:93} INFO - [0m22:17:59
[2026-06-11T22:17:59.339+0000] {subprocess.py:93} INFO - [0m22:17:59  Finished running 1 view model, 2 table models in 0 hours 0 minutes and 15.48 seconds (15.48s).
[2026-06-11T22:17:59.867+0000] {subprocess.py:93} INFO - [0m22:17:59
[2026-06-11T22:17:59.871+0000] {subprocess.py:93} INFO - [0m22:17:59  [32mCompleted successfully[0m
[2026-06-11T22:17:59.875+0000] {subprocess.py:93} INFO - [0m22:17:59
[2026-06-11T22:17:59.879+0000] {subprocess.py:93} INFO - [0m22:17:59  Done. PASS=3 WARN=0 ERROR=0 SKIP=0 TOTAL=3
[2026-06-11T22:18:04.740+0000] {subprocess.py:93} INFO - dbt done
[2026-06-11T22:18:04.750+0000] {subprocess.py:97} INFO - Command exited with return code 0
[2026-06-11T22:18:04.844+0000] {taskinstance.py:1138} INFO - Marking task as SUCCESS. dag_id=price_intelligence_pipeline, task_id=dbt_run, execution_date=20260611T220345, start_date=20260611T221724, end_date=20260611T221804
[2026-06-11T22:18:04.908+0000] {local_task_job_runner.py:234} INFO - Task exited with return code 0
[2026-06-11T22:18:04.982+0000] {taskinstance.py:3280} INFO - 1 downstream tasks scheduled from follow-on schedule check
