[2026-05-17T16:05:01.386+0000] {taskinstance.py:1956} INFO - Dependencies all met for dep_context=non-requeueable deps ti=<TaskInstance: price_intelligence_pipeline.dbt_run scheduled__2026-05-17T15:00:00+00:00 [queued]>
[2026-05-17T16:05:01.427+0000] {taskinstance.py:1956} INFO - Dependencies all met for dep_context=requeueable deps ti=<TaskInstance: price_intelligence_pipeline.dbt_run scheduled__2026-05-17T15:00:00+00:00 [queued]>
[2026-05-17T16:05:01.443+0000] {taskinstance.py:2170} INFO - Starting attempt 1 of 2
[2026-05-17T16:05:01.529+0000] {taskinstance.py:2191} INFO - Executing <Task(BashOperator): dbt_run> on 2026-05-17 15:00:00+00:00
[2026-05-17T16:05:01.546+0000] {standard_task_runner.py:60} INFO - Started process 43532 to run task
[2026-05-17T16:05:01.560+0000] {standard_task_runner.py:87} INFO - Running: ['***', 'tasks', 'run', 'price_intelligence_pipeline', 'dbt_run', 'scheduled__2026-05-17T15:00:00+00:00', '--job-id', '1346', '--raw', '--subdir', 'DAGS_FOLDER/price_intelligence_dag.py', '--cfg-path', '/tmp/tmp1iihbfny']
[2026-05-17T16:05:01.580+0000] {standard_task_runner.py:88} INFO - Job 1346: Subtask dbt_run
[2026-05-17T16:05:01.802+0000] {task_command.py:423} INFO - Running <TaskInstance: price_intelligence_pipeline.dbt_run scheduled__2026-05-17T15:00:00+00:00 [running]> on host 91e0d3a0a233
[2026-05-17T16:05:02.087+0000] {taskinstance.py:2480} INFO - Exporting env vars: AIRFLOW_CTX_DAG_OWNER='***' AIRFLOW_CTX_DAG_ID='price_intelligence_pipeline' AIRFLOW_CTX_TASK_ID='dbt_run' AIRFLOW_CTX_EXECUTION_DATE='2026-05-17T15:00:00+00:00' AIRFLOW_CTX_TRY_NUMBER='1' AIRFLOW_CTX_DAG_RUN_ID='scheduled__2026-05-17T15:00:00+00:00'
[2026-05-17T16:05:02.093+0000] {subprocess.py:63} INFO - Tmp dir root location: /tmp
[2026-05-17T16:05:02.095+0000] {subprocess.py:75} INFO - Running command: ['/usr/bin/bash', '-c', '\n            set -e\n            cd /opt/***/dbt\n            export GOOGLE_APPLICATION_CREDENTIALS=/opt/***/gcp-credentials-new.json\n            /home/***/.local/bin/dbt run --full-refresh --profiles-dir . --project-dir .\n            echo dbt done\n        ']
[2026-05-17T16:05:02.120+0000] {subprocess.py:86} INFO - Output:
[2026-05-17T16:05:10.210+0000] {subprocess.py:93} INFO - [0m16:05:10  Running with dbt=1.8.7
[2026-05-17T16:05:14.684+0000] {subprocess.py:93} INFO - [0m16:05:14  Registered adapter: bigquery=1.8.3
[2026-05-17T16:05:17.244+0000] {subprocess.py:93} INFO - [0m16:05:17  Found 3 models, 1 seed, 7 data tests, 1 source, 479 macros
[2026-05-17T16:05:17.260+0000] {subprocess.py:93} INFO - [0m16:05:17
[2026-05-17T16:05:19.498+0000] {subprocess.py:93} INFO - [0m16:05:19  Concurrency: 4 threads (target='dev')
[2026-05-17T16:05:19.502+0000] {subprocess.py:93} INFO - [0m16:05:19
[2026-05-17T16:05:19.539+0000] {subprocess.py:93} INFO - [0m16:05:19  1 of 3 START sql view model price_intelligence_dbt.stg_prices .................. [RUN]
[2026-05-17T16:05:22.601+0000] {subprocess.py:93} INFO - [0m16:05:22  1 of 3 OK created sql view model price_intelligence_dbt.stg_prices ............. [[32mCREATE VIEW (0 processed)[0m in 3.05s]
[2026-05-17T16:05:22.620+0000] {subprocess.py:93} INFO - [0m16:05:22  2 of 3 START sql table model price_intelligence_dbt.prices_cleaned ............. [RUN]
[2026-05-17T16:05:28.111+0000] {subprocess.py:93} INFO - [0m16:05:28  2 of 3 OK created sql table model price_intelligence_dbt.prices_cleaned ........ [[32mCREATE TABLE (5.0k rows, 2.6 MiB processed)[0m in 5.18s]
[2026-05-17T16:05:28.465+0000] {subprocess.py:93} INFO - [0m16:05:28  3 of 3 START sql table model price_intelligence_dbt.prices_aggregated .......... [RUN]
[2026-05-17T16:05:47.296+0000] {subprocess.py:93} INFO - [0m16:05:47  3 of 3 OK created sql table model price_intelligence_dbt.prices_aggregated ..... [[32mCREATE TABLE (11.0 rows, 231.8 KiB processed)[0m in 18.17s]
[2026-05-17T16:05:47.820+0000] {subprocess.py:93} INFO - [0m16:05:47
[2026-05-17T16:05:47.873+0000] {subprocess.py:93} INFO - [0m16:05:47  Finished running 1 view model, 2 table models in 0 hours 0 minutes and 30.55 seconds (30.55s).
[2026-05-17T16:05:52.814+0000] {subprocess.py:93} INFO - [0m16:05:52
[2026-05-17T16:05:52.862+0000] {subprocess.py:93} INFO - [0m16:05:52  [32mCompleted successfully[0m
[2026-05-17T16:05:52.881+0000] {subprocess.py:93} INFO - [0m16:05:52
[2026-05-17T16:05:52.916+0000] {subprocess.py:93} INFO - [0m16:05:52  Done. PASS=3 WARN=0 ERROR=0 SKIP=0 TOTAL=3
[2026-05-17T19:03:25.935+0000] {subprocess.py:93} INFO - dbt done
[2026-05-17T19:03:25.962+0000] {subprocess.py:97} INFO - Command exited with return code 0
[2026-05-17T19:03:26.178+0000] {taskinstance.py:1138} INFO - Marking task as SUCCESS. dag_id=price_intelligence_pipeline, task_id=dbt_run, execution_date=20260517T150000, start_date=20260517T160501, end_date=20260517T190326
[2026-05-17T19:03:26.329+0000] {local_task_job_runner.py:234} INFO - Task exited with return code 0
[2026-05-17T19:03:26.412+0000] {taskinstance.py:3280} INFO - 1 downstream tasks scheduled from follow-on schedule check
