[2026-05-08T17:01:21.844+0000] {taskinstance.py:1956} INFO - Dependencies all met for dep_context=non-requeueable deps ti=<TaskInstance: price_intelligence_pipeline.dbt_run manual__2026-05-08T16:52:15.066822+00:00 [queued]>
[2026-05-08T17:01:21.855+0000] {taskinstance.py:1956} INFO - Dependencies all met for dep_context=requeueable deps ti=<TaskInstance: price_intelligence_pipeline.dbt_run manual__2026-05-08T16:52:15.066822+00:00 [queued]>
[2026-05-08T17:01:21.856+0000] {taskinstance.py:2170} INFO - Starting attempt 2 of 2
[2026-05-08T17:01:21.871+0000] {taskinstance.py:2191} INFO - Executing <Task(BashOperator): dbt_run> on 2026-05-08 16:52:15.066822+00:00
[2026-05-08T17:01:21.878+0000] {standard_task_runner.py:60} INFO - Started process 5833 to run task
[2026-05-08T17:01:21.882+0000] {standard_task_runner.py:87} INFO - Running: ['***', 'tasks', 'run', 'price_intelligence_pipeline', 'dbt_run', 'manual__2026-05-08T16:52:15.066822+00:00', '--job-id', '792', '--raw', '--subdir', 'DAGS_FOLDER/price_intelligence_dag.py', '--cfg-path', '/tmp/tmpoj20duqc']
[2026-05-08T17:01:21.885+0000] {standard_task_runner.py:88} INFO - Job 792: Subtask dbt_run
[2026-05-08T17:01:21.984+0000] {task_command.py:423} INFO - Running <TaskInstance: price_intelligence_pipeline.dbt_run manual__2026-05-08T16:52:15.066822+00:00 [running]> on host 25ef6dfa8bdc
[2026-05-08T17:01:22.139+0000] {taskinstance.py:2480} INFO - Exporting env vars: AIRFLOW_CTX_DAG_OWNER='***' AIRFLOW_CTX_DAG_ID='price_intelligence_pipeline' AIRFLOW_CTX_TASK_ID='dbt_run' AIRFLOW_CTX_EXECUTION_DATE='2026-05-08T16:52:15.066822+00:00' AIRFLOW_CTX_TRY_NUMBER='2' AIRFLOW_CTX_DAG_RUN_ID='manual__2026-05-08T16:52:15.066822+00:00'
[2026-05-08T17:01:22.141+0000] {subprocess.py:63} INFO - Tmp dir root location: /tmp
[2026-05-08T17:01:22.143+0000] {subprocess.py:75} INFO - Running command: ['/usr/bin/bash', '-c', '\n            set -e\n            cd /opt/***/dbt\n            export GOOGLE_APPLICATION_CREDENTIALS=/opt/***/gcp-credentials-new.json\n            /home/***/.local/bin/dbt run --full-refresh --profiles-dir . --project-dir .\n            echo dbt done\n        ']
[2026-05-08T17:01:22.160+0000] {subprocess.py:86} INFO - Output:
[2026-05-08T17:01:25.491+0000] {subprocess.py:93} INFO - [0m17:01:25  Running with dbt=1.8.7
[2026-05-08T17:01:27.958+0000] {subprocess.py:93} INFO - [0m17:01:27  Registered adapter: bigquery=1.8.3
[2026-05-08T17:01:29.337+0000] {subprocess.py:93} INFO - [0m17:01:29  Found 3 models, 1 seed, 7 data tests, 1 source, 479 macros
[2026-05-08T17:01:29.343+0000] {subprocess.py:93} INFO - [0m17:01:29
[2026-05-08T17:01:31.365+0000] {subprocess.py:93} INFO - [0m17:01:31  Concurrency: 4 threads (target='dev')
[2026-05-08T17:01:31.366+0000] {subprocess.py:93} INFO - [0m17:01:31
[2026-05-08T17:01:31.397+0000] {subprocess.py:93} INFO - [0m17:01:31  1 of 3 START sql view model price_intelligence_dbt.stg_prices .................. [RUN]
[2026-05-08T17:01:35.561+0000] {subprocess.py:93} INFO - [0m17:01:35  BigQuery adapter: https://console.cloud.google.com/bigquery?project=project-32a82952-90fa-4dd7-b9c&j=bq:US:c0e3e477-c8d7-464c-abfe-32f709a4de47&page=queryresults
[2026-05-08T17:01:35.578+0000] {subprocess.py:93} INFO - [0m17:01:35  1 of 3 ERROR creating sql view model price_intelligence_dbt.stg_prices ......... [[31mERROR[0m in 4.18s]
[2026-05-08T17:01:35.583+0000] {subprocess.py:93} INFO - [0m17:01:35  2 of 3 SKIP relation price_intelligence_dbt.prices_cleaned ..................... [[33mSKIP[0m]
[2026-05-08T17:01:35.591+0000] {subprocess.py:93} INFO - [0m17:01:35  3 of 3 SKIP relation price_intelligence_dbt.prices_aggregated .................. [[33mSKIP[0m]
[2026-05-08T17:01:35.598+0000] {subprocess.py:93} INFO - [0m17:01:35
[2026-05-08T17:01:35.599+0000] {subprocess.py:93} INFO - [0m17:01:35  Finished running 1 view model, 2 table models in 0 hours 0 minutes and 6.25 seconds (6.25s).
[2026-05-08T17:01:35.745+0000] {subprocess.py:93} INFO - [0m17:01:35
[2026-05-08T17:01:35.755+0000] {subprocess.py:93} INFO - [0m17:01:35  [31mCompleted with 1 error and 0 warnings:[0m
[2026-05-08T17:01:35.758+0000] {subprocess.py:93} INFO - [0m17:01:35
[2026-05-08T17:01:35.760+0000] {subprocess.py:93} INFO - [0m17:01:35    Database Error in model stg_prices (models/staging/stg_prices.sql)
[2026-05-08T17:01:35.761+0000] {subprocess.py:93} INFO -   Unrecognized name: old_price at [11:10]
[2026-05-08T17:01:35.762+0000] {subprocess.py:93} INFO -   compiled code at target/run/price_intelligence/models/staging/stg_prices.sql
[2026-05-08T17:01:35.763+0000] {subprocess.py:93} INFO - [0m17:01:35
[2026-05-08T17:01:35.764+0000] {subprocess.py:93} INFO - [0m17:01:35  Done. PASS=0 WARN=0 ERROR=1 SKIP=2 TOTAL=3
[2026-05-08T17:01:38.009+0000] {subprocess.py:97} INFO - Command exited with return code 1
[2026-05-08T17:01:38.042+0000] {taskinstance.py:2698} ERROR - Task failed with exception
Traceback (most recent call last):
  File "/home/airflow/.local/lib/python3.8/site-packages/airflow/models/taskinstance.py", line 428, in _execute_task
    result = execute_callable(context=context, **execute_callable_kwargs)
  File "/home/airflow/.local/lib/python3.8/site-packages/airflow/operators/bash.py", line 212, in execute
    raise AirflowException(
airflow.exceptions.AirflowException: Bash command failed. The command returned a non-zero exit code 1.
[2026-05-08T17:01:38.049+0000] {taskinstance.py:1138} INFO - Marking task as FAILED. dag_id=price_intelligence_pipeline, task_id=dbt_run, execution_date=20260508T165215, start_date=20260508T170121, end_date=20260508T170138
[2026-05-08T17:01:38.075+0000] {standard_task_runner.py:107} ERROR - Failed to execute job 792 for task dbt_run (Bash command failed. The command returned a non-zero exit code 1.; 5833)
[2026-05-08T17:01:38.096+0000] {local_task_job_runner.py:234} INFO - Task exited with return code 1
[2026-05-08T17:01:38.162+0000] {taskinstance.py:3280} INFO - 0 downstream tasks scheduled from follow-on schedule check
