[2026-05-08T16:58:59.923+0000] {taskinstance.py:1956} INFO - Dependencies all met for dep_context=non-requeueable deps ti=<TaskInstance: price_intelligence_pipeline.dbt_run manual__2026-05-08T16:52:15.066822+00:00 [queued]>
[2026-05-08T16:58:59.962+0000] {taskinstance.py:1956} INFO - Dependencies all met for dep_context=requeueable deps ti=<TaskInstance: price_intelligence_pipeline.dbt_run manual__2026-05-08T16:52:15.066822+00:00 [queued]>
[2026-05-08T16:58:59.969+0000] {taskinstance.py:2170} INFO - Starting attempt 1 of 2
[2026-05-08T16:59:00.016+0000] {taskinstance.py:2191} INFO - Executing <Task(BashOperator): dbt_run> on 2026-05-08 16:52:15.066822+00:00
[2026-05-08T16:59:00.030+0000] {standard_task_runner.py:60} INFO - Started process 5753 to run task
[2026-05-08T16:59:00.048+0000] {standard_task_runner.py:87} INFO - Running: ['***', 'tasks', 'run', 'price_intelligence_pipeline', 'dbt_run', 'manual__2026-05-08T16:52:15.066822+00:00', '--job-id', '791', '--raw', '--subdir', 'DAGS_FOLDER/price_intelligence_dag.py', '--cfg-path', '/tmp/tmp5j0y978f']
[2026-05-08T16:59:00.056+0000] {standard_task_runner.py:88} INFO - Job 791: Subtask dbt_run
[2026-05-08T16:59:00.249+0000] {task_command.py:423} INFO - Running <TaskInstance: price_intelligence_pipeline.dbt_run manual__2026-05-08T16:52:15.066822+00:00 [running]> on host 25ef6dfa8bdc
[2026-05-08T16:59:00.538+0000] {taskinstance.py:2480} INFO - Exporting env vars: AIRFLOW_CTX_DAG_OWNER='***' AIRFLOW_CTX_DAG_ID='price_intelligence_pipeline' AIRFLOW_CTX_TASK_ID='dbt_run' AIRFLOW_CTX_EXECUTION_DATE='2026-05-08T16:52:15.066822+00:00' AIRFLOW_CTX_TRY_NUMBER='1' AIRFLOW_CTX_DAG_RUN_ID='manual__2026-05-08T16:52:15.066822+00:00'
[2026-05-08T16:59:00.546+0000] {subprocess.py:63} INFO - Tmp dir root location: /tmp
[2026-05-08T16:59:00.552+0000] {subprocess.py:75} INFO - Running command: ['/usr/bin/bash', '-c', '\n            set -e\n            cd /opt/***/dbt\n            export GOOGLE_APPLICATION_CREDENTIALS=/opt/***/gcp-credentials-new.json\n            /home/***/.local/bin/dbt run --full-refresh --profiles-dir . --project-dir .\n            echo dbt done\n        ']
[2026-05-08T16:59:00.603+0000] {subprocess.py:86} INFO - Output:
[2026-05-08T16:59:07.772+0000] {subprocess.py:93} INFO - [0m16:59:07  Running with dbt=1.8.7
[2026-05-08T16:59:10.398+0000] {subprocess.py:93} INFO - [0m16:59:10  Registered adapter: bigquery=1.8.3
[2026-05-08T16:59:12.078+0000] {subprocess.py:93} INFO - [0m16:59:12  Found 3 models, 1 seed, 7 data tests, 1 source, 479 macros
[2026-05-08T16:59:12.086+0000] {subprocess.py:93} INFO - [0m16:59:12
[2026-05-08T16:59:14.437+0000] {subprocess.py:93} INFO - [0m16:59:14  Concurrency: 4 threads (target='dev')
[2026-05-08T16:59:14.439+0000] {subprocess.py:93} INFO - [0m16:59:14
[2026-05-08T16:59:14.492+0000] {subprocess.py:93} INFO - [0m16:59:14  1 of 3 START sql view model price_intelligence_dbt.stg_prices .................. [RUN]
[2026-05-08T16:59:18.343+0000] {subprocess.py:93} INFO - [0m16:59:18  BigQuery adapter: https://console.cloud.google.com/bigquery?project=project-32a82952-90fa-4dd7-b9c&j=bq:US:a508fc78-2c75-4936-a8a5-f76e42643584&page=queryresults
[2026-05-08T16:59:18.389+0000] {subprocess.py:93} INFO - [0m16:59:18  1 of 3 ERROR creating sql view model price_intelligence_dbt.stg_prices ......... [[31mERROR[0m in 3.88s]
[2026-05-08T16:59:18.412+0000] {subprocess.py:93} INFO - [0m16:59:18  2 of 3 SKIP relation price_intelligence_dbt.prices_cleaned ..................... [[33mSKIP[0m]
[2026-05-08T16:59:18.434+0000] {subprocess.py:93} INFO - [0m16:59:18  3 of 3 SKIP relation price_intelligence_dbt.prices_aggregated .................. [[33mSKIP[0m]
[2026-05-08T16:59:18.470+0000] {subprocess.py:93} INFO - [0m16:59:18
[2026-05-08T16:59:18.481+0000] {subprocess.py:93} INFO - [0m16:59:18  Finished running 1 view model, 2 table models in 0 hours 0 minutes and 6.38 seconds (6.38s).
[2026-05-08T16:59:18.613+0000] {subprocess.py:93} INFO - [0m16:59:18
[2026-05-08T16:59:18.614+0000] {subprocess.py:93} INFO - [0m16:59:18  [31mCompleted with 1 error and 0 warnings:[0m
[2026-05-08T16:59:18.615+0000] {subprocess.py:93} INFO - [0m16:59:18
[2026-05-08T16:59:18.617+0000] {subprocess.py:93} INFO - [0m16:59:18    Database Error in model stg_prices (models/staging/stg_prices.sql)
[2026-05-08T16:59:18.618+0000] {subprocess.py:93} INFO -   Unrecognized name: old_price at [11:10]
[2026-05-08T16:59:18.619+0000] {subprocess.py:93} INFO -   compiled code at target/run/price_intelligence/models/staging/stg_prices.sql
[2026-05-08T16:59:18.620+0000] {subprocess.py:93} INFO - [0m16:59:18
[2026-05-08T16:59:18.621+0000] {subprocess.py:93} INFO - [0m16:59:18  Done. PASS=0 WARN=0 ERROR=1 SKIP=2 TOTAL=3
[2026-05-08T16:59:20.437+0000] {subprocess.py:97} INFO - Command exited with return code 1
[2026-05-08T16:59:20.481+0000] {taskinstance.py:2698} ERROR - Task failed with exception
Traceback (most recent call last):
  File "/home/airflow/.local/lib/python3.8/site-packages/airflow/models/taskinstance.py", line 428, in _execute_task
    result = execute_callable(context=context, **execute_callable_kwargs)
  File "/home/airflow/.local/lib/python3.8/site-packages/airflow/operators/bash.py", line 212, in execute
    raise AirflowException(
airflow.exceptions.AirflowException: Bash command failed. The command returned a non-zero exit code 1.
[2026-05-08T16:59:20.490+0000] {taskinstance.py:1138} INFO - Marking task as UP_FOR_RETRY. dag_id=price_intelligence_pipeline, task_id=dbt_run, execution_date=20260508T165215, start_date=20260508T165859, end_date=20260508T165920
[2026-05-08T16:59:20.526+0000] {standard_task_runner.py:107} ERROR - Failed to execute job 791 for task dbt_run (Bash command failed. The command returned a non-zero exit code 1.; 5753)
[2026-05-08T16:59:20.556+0000] {local_task_job_runner.py:234} INFO - Task exited with return code 1
[2026-05-08T16:59:20.617+0000] {taskinstance.py:3280} INFO - 0 downstream tasks scheduled from follow-on schedule check
