[2026-05-05T22:10:57.343+0000] {taskinstance.py:1956} INFO - Dependencies all met for dep_context=non-requeueable deps ti=<TaskInstance: price_intelligence_pipeline.dbt_run manual__2026-05-05T22:07:32+00:00 [queued]>
[2026-05-05T22:10:57.364+0000] {taskinstance.py:1956} INFO - Dependencies all met for dep_context=requeueable deps ti=<TaskInstance: price_intelligence_pipeline.dbt_run manual__2026-05-05T22:07:32+00:00 [queued]>
[2026-05-05T22:10:57.365+0000] {taskinstance.py:2170} INFO - Starting attempt 2 of 2
[2026-05-05T22:10:57.399+0000] {taskinstance.py:2191} INFO - Executing <Task(BashOperator): dbt_run> on 2026-05-05 22:07:32+00:00
[2026-05-05T22:10:57.409+0000] {standard_task_runner.py:60} INFO - Started process 9166 to run task
[2026-05-05T22:10:57.417+0000] {standard_task_runner.py:87} INFO - Running: ['***', 'tasks', 'run', 'price_intelligence_pipeline', 'dbt_run', 'manual__2026-05-05T22:07:32+00:00', '--job-id', '453', '--raw', '--subdir', 'DAGS_FOLDER/price_intelligence_dag.py', '--cfg-path', '/tmp/tmp2i4y_mh0']
[2026-05-05T22:10:57.423+0000] {standard_task_runner.py:88} INFO - Job 453: Subtask dbt_run
[2026-05-05T22:10:57.606+0000] {task_command.py:423} INFO - Running <TaskInstance: price_intelligence_pipeline.dbt_run manual__2026-05-05T22:07:32+00:00 [running]> on host 25ef6dfa8bdc
[2026-05-05T22:10:57.778+0000] {taskinstance.py:2480} INFO - Exporting env vars: AIRFLOW_CTX_DAG_OWNER='***' AIRFLOW_CTX_DAG_ID='price_intelligence_pipeline' AIRFLOW_CTX_TASK_ID='dbt_run' AIRFLOW_CTX_EXECUTION_DATE='2026-05-05T22:07:32+00:00' AIRFLOW_CTX_TRY_NUMBER='2' AIRFLOW_CTX_DAG_RUN_ID='manual__2026-05-05T22:07:32+00:00'
[2026-05-05T22:10:57.781+0000] {subprocess.py:63} INFO - Tmp dir root location: /tmp
[2026-05-05T22:10:57.788+0000] {subprocess.py:75} INFO - Running command: ['/usr/bin/bash', '-c', '\n            set -e\n            cd /opt/***/dbt\n            export GOOGLE_APPLICATION_CREDENTIALS=/opt/***/gcp-credentials-new.json\n            dbt run --select stg_prices --profiles-dir . --project-dir .\n            dbt run --select prices_cleaned --profiles-dir . --project-dir .\n            dbt run --select prices_aggregated --profiles-dir . --project-dir .\n            echo dbt done\n        ']
[2026-05-05T22:10:57.810+0000] {subprocess.py:86} INFO - Output:
[2026-05-05T22:11:01.352+0000] {subprocess.py:93} INFO - [0m22:11:01  Running with dbt=1.8.7
[2026-05-05T22:11:01.355+0000] {subprocess.py:93} INFO - [0m22:11:01  Encountered an error:
[2026-05-05T22:11:01.355+0000] {subprocess.py:93} INFO - Runtime Error
[2026-05-05T22:11:01.356+0000] {subprocess.py:93} INFO -   No dbt_project.yml found at expected path ./dbt_project.yml
[2026-05-05T22:11:01.357+0000] {subprocess.py:93} INFO -   Verify that each entry within packages.yml (and their transitive dependencies) contains a file named dbt_project.yml
[2026-05-05T22:11:01.358+0000] {subprocess.py:93} INFO - 
[2026-05-05T22:11:05.598+0000] {subprocess.py:97} INFO - Command exited with return code 2
[2026-05-05T22:11:05.629+0000] {taskinstance.py:2698} ERROR - Task failed with exception
Traceback (most recent call last):
  File "/home/airflow/.local/lib/python3.8/site-packages/airflow/models/taskinstance.py", line 428, in _execute_task
    result = execute_callable(context=context, **execute_callable_kwargs)
  File "/home/airflow/.local/lib/python3.8/site-packages/airflow/operators/bash.py", line 212, in execute
    raise AirflowException(
airflow.exceptions.AirflowException: Bash command failed. The command returned a non-zero exit code 2.
[2026-05-05T22:11:05.642+0000] {taskinstance.py:1138} INFO - Marking task as FAILED. dag_id=price_intelligence_pipeline, task_id=dbt_run, execution_date=20260505T220732, start_date=20260505T221057, end_date=20260505T221105
[2026-05-05T22:11:05.683+0000] {standard_task_runner.py:107} ERROR - Failed to execute job 453 for task dbt_run (Bash command failed. The command returned a non-zero exit code 2.; 9166)
[2026-05-05T22:11:05.712+0000] {local_task_job_runner.py:234} INFO - Task exited with return code 1
[2026-05-05T22:11:05.785+0000] {taskinstance.py:3280} INFO - 0 downstream tasks scheduled from follow-on schedule check
