[2026-05-06T16:03:26.480+0000] {taskinstance.py:1956} INFO - Dependencies all met for dep_context=non-requeueable deps ti=<TaskInstance: price_intelligence_pipeline.dbt_run scheduled__2026-05-06T15:00:00+00:00 [queued]>
[2026-05-06T16:03:26.506+0000] {taskinstance.py:1956} INFO - Dependencies all met for dep_context=requeueable deps ti=<TaskInstance: price_intelligence_pipeline.dbt_run scheduled__2026-05-06T15:00:00+00:00 [queued]>
[2026-05-06T16:03:26.507+0000] {taskinstance.py:2170} INFO - Starting attempt 2 of 2
[2026-05-06T16:03:26.529+0000] {taskinstance.py:2191} INFO - Executing <Task(BashOperator): dbt_run> on 2026-05-06 15:00:00+00:00
[2026-05-06T16:03:26.539+0000] {standard_task_runner.py:60} INFO - Started process 20873 to run task
[2026-05-06T16:03:26.548+0000] {standard_task_runner.py:87} INFO - Running: ['***', 'tasks', 'run', 'price_intelligence_pipeline', 'dbt_run', 'scheduled__2026-05-06T15:00:00+00:00', '--job-id', '600', '--raw', '--subdir', 'DAGS_FOLDER/price_intelligence_dag.py', '--cfg-path', '/tmp/tmpcvp9hcam']
[2026-05-06T16:03:26.554+0000] {standard_task_runner.py:88} INFO - Job 600: Subtask dbt_run
[2026-05-06T16:03:26.685+0000] {task_command.py:423} INFO - Running <TaskInstance: price_intelligence_pipeline.dbt_run scheduled__2026-05-06T15:00:00+00:00 [running]> on host 25ef6dfa8bdc
[2026-05-06T16:03:26.846+0000] {taskinstance.py:2480} INFO - Exporting env vars: AIRFLOW_CTX_DAG_OWNER='***' AIRFLOW_CTX_DAG_ID='price_intelligence_pipeline' AIRFLOW_CTX_TASK_ID='dbt_run' AIRFLOW_CTX_EXECUTION_DATE='2026-05-06T15:00:00+00:00' AIRFLOW_CTX_TRY_NUMBER='2' AIRFLOW_CTX_DAG_RUN_ID='scheduled__2026-05-06T15:00:00+00:00'
[2026-05-06T16:03:26.849+0000] {subprocess.py:63} INFO - Tmp dir root location: /tmp
[2026-05-06T16:03:26.851+0000] {subprocess.py:75} INFO - Running command: ['/usr/bin/bash', '-c', '\n            set -e\n            cd /opt/***/dbt\n            export GOOGLE_APPLICATION_CREDENTIALS=/opt/***/gcp-credentials-new.json\n            /home/***/.local/bin/dbt run --select stg_prices --profiles-dir . --project-dir .\n            /home/***/.local/bin/dbt run --select prices_cleaned --profiles-dir . --project-dir .\n            /home/***/.local/bin/dbt run --select prices_aggregated --profiles-dir . --project-dir .\n            echo dbt done\n        ']
[2026-05-06T16:03:26.868+0000] {subprocess.py:86} INFO - Output:
[2026-05-06T16:03:31.412+0000] {subprocess.py:93} INFO - [0m16:03:31  Running with dbt=1.8.7
[2026-05-06T16:03:33.963+0000] {subprocess.py:93} INFO - [0m16:03:33  Registered adapter: bigquery=1.8.3
[2026-05-06T16:03:35.402+0000] {subprocess.py:93} INFO - [0m16:03:35  Found 3 models, 1 seed, 7 data tests, 1 source, 479 macros
[2026-05-06T16:03:35.409+0000] {subprocess.py:93} INFO - [0m16:03:35
[2026-05-06T16:03:44.851+0000] {subprocess.py:93} INFO - [0m16:03:44  Concurrency: 4 threads (target='dev')
[2026-05-06T16:03:44.864+0000] {subprocess.py:93} INFO - [0m16:03:44
[2026-05-06T16:03:44.889+0000] {subprocess.py:93} INFO - [0m16:03:44  1 of 1 START sql view model price_intelligence_dbt.stg_prices .................. [RUN]
[2026-05-06T16:03:47.439+0000] {subprocess.py:93} INFO - [0m16:03:47  1 of 1 OK created sql view model price_intelligence_dbt.stg_prices ............. [[32mCREATE VIEW (0 processed)[0m in 2.54s]
[2026-05-06T16:03:47.453+0000] {subprocess.py:93} INFO - [0m16:03:47
[2026-05-06T16:03:47.456+0000] {subprocess.py:93} INFO - [0m16:03:47  Finished running 1 view model in 0 hours 0 minutes and 12.04 seconds (12.04s).
[2026-05-06T16:03:47.624+0000] {subprocess.py:93} INFO - [0m16:03:47
[2026-05-06T16:03:47.627+0000] {subprocess.py:93} INFO - [0m16:03:47  [32mCompleted successfully[0m
[2026-05-06T16:03:47.631+0000] {subprocess.py:93} INFO - [0m16:03:47
[2026-05-06T16:03:47.632+0000] {subprocess.py:93} INFO - [0m16:03:47  Done. PASS=1 WARN=0 ERROR=0 SKIP=0 TOTAL=1
[2026-05-06T16:03:57.203+0000] {subprocess.py:93} INFO - [0m16:03:57  Running with dbt=1.8.7
[2026-05-06T16:03:59.316+0000] {subprocess.py:93} INFO - [0m16:03:59  Registered adapter: bigquery=1.8.3
[2026-05-06T16:04:00.580+0000] {subprocess.py:93} INFO - [0m16:04:00  Found 3 models, 1 seed, 7 data tests, 1 source, 479 macros
[2026-05-06T16:04:00.592+0000] {subprocess.py:93} INFO - [0m16:04:00
[2026-05-06T16:04:02.728+0000] {subprocess.py:93} INFO - [0m16:04:02  Concurrency: 4 threads (target='dev')
[2026-05-06T16:04:02.729+0000] {subprocess.py:93} INFO - [0m16:04:02
[2026-05-06T16:04:02.752+0000] {subprocess.py:93} INFO - [0m16:04:02  1 of 1 START sql table model price_intelligence_dbt.prices_cleaned ............. [RUN]
[2026-05-06T16:04:07.277+0000] {subprocess.py:93} INFO - [0m16:04:07  1 of 1 OK created sql table model price_intelligence_dbt.prices_cleaned ........ [[32mCREATE TABLE (5.0k rows, 973.1 KiB processed)[0m in 4.52s]
[2026-05-06T16:04:07.291+0000] {subprocess.py:93} INFO - [0m16:04:07
[2026-05-06T16:04:07.293+0000] {subprocess.py:93} INFO - [0m16:04:07  Finished running 1 table model in 0 hours 0 minutes and 6.69 seconds (6.69s).
[2026-05-06T16:04:07.421+0000] {subprocess.py:93} INFO - [0m16:04:07
[2026-05-06T16:04:07.423+0000] {subprocess.py:93} INFO - [0m16:04:07  [32mCompleted successfully[0m
[2026-05-06T16:04:07.425+0000] {subprocess.py:93} INFO - [0m16:04:07
[2026-05-06T16:04:07.426+0000] {subprocess.py:93} INFO - [0m16:04:07  Done. PASS=1 WARN=0 ERROR=0 SKIP=0 TOTAL=1
[2026-05-06T16:04:15.184+0000] {subprocess.py:93} INFO - [0m16:04:15  Running with dbt=1.8.7
[2026-05-06T16:04:17.707+0000] {subprocess.py:93} INFO - [0m16:04:17  Registered adapter: bigquery=1.8.3
[2026-05-06T16:04:19.211+0000] {subprocess.py:93} INFO - [0m16:04:19  Found 3 models, 1 seed, 7 data tests, 1 source, 479 macros
[2026-05-06T16:04:19.217+0000] {subprocess.py:93} INFO - [0m16:04:19
[2026-05-06T16:04:20.936+0000] {subprocess.py:93} INFO - [0m16:04:20  Concurrency: 4 threads (target='dev')
[2026-05-06T16:04:20.942+0000] {subprocess.py:93} INFO - [0m16:04:20
[2026-05-06T16:04:20.997+0000] {subprocess.py:93} INFO - [0m16:04:20  1 of 1 START sql table model price_intelligence_dbt.prices_aggregated .......... [RUN]
[2026-05-06T16:04:26.092+0000] {subprocess.py:93} INFO - [0m16:04:26  1 of 1 OK created sql table model price_intelligence_dbt.prices_aggregated ..... [[32mCREATE TABLE (11.0 rows, 231.8 KiB processed)[0m in 5.09s]
[2026-05-06T16:04:26.100+0000] {subprocess.py:93} INFO - [0m16:04:26
[2026-05-06T16:04:26.101+0000] {subprocess.py:93} INFO - [0m16:04:26  Finished running 1 table model in 0 hours 0 minutes and 6.88 seconds (6.88s).
[2026-05-06T16:04:26.245+0000] {subprocess.py:93} INFO - [0m16:04:26
[2026-05-06T16:04:26.246+0000] {subprocess.py:93} INFO - [0m16:04:26  [32mCompleted successfully[0m
[2026-05-06T16:04:26.248+0000] {subprocess.py:93} INFO - [0m16:04:26
[2026-05-06T16:04:26.249+0000] {subprocess.py:93} INFO - [0m16:04:26  Done. PASS=1 WARN=0 ERROR=0 SKIP=0 TOTAL=1
[2026-05-06T16:04:28.586+0000] {subprocess.py:93} INFO - dbt done
[2026-05-06T16:04:28.599+0000] {subprocess.py:97} INFO - Command exited with return code 0
[2026-05-06T16:04:28.688+0000] {taskinstance.py:1138} INFO - Marking task as SUCCESS. dag_id=price_intelligence_pipeline, task_id=dbt_run, execution_date=20260506T150000, start_date=20260506T160326, end_date=20260506T160428
[2026-05-06T16:04:28.751+0000] {local_task_job_runner.py:234} INFO - Task exited with return code 0
[2026-05-06T16:04:28.817+0000] {taskinstance.py:3280} INFO - 1 downstream tasks scheduled from follow-on schedule check
