[2026-05-07T21:57:22.200+0000] {taskinstance.py:1956} INFO - Dependencies all met for dep_context=non-requeueable deps ti=<TaskInstance: price_intelligence_pipeline.scrape_electroplanet scheduled__2026-05-07T20:00:00+00:00 [queued]>
[2026-05-07T21:57:22.233+0000] {taskinstance.py:1956} INFO - Dependencies all met for dep_context=requeueable deps ti=<TaskInstance: price_intelligence_pipeline.scrape_electroplanet scheduled__2026-05-07T20:00:00+00:00 [queued]>
[2026-05-07T21:57:22.235+0000] {taskinstance.py:2170} INFO - Starting attempt 1 of 2
[2026-05-07T21:57:22.311+0000] {taskinstance.py:2191} INFO - Executing <Task(BashOperator): scrape_electroplanet> on 2026-05-07 20:00:00+00:00
[2026-05-07T21:57:22.345+0000] {standard_task_runner.py:60} INFO - Started process 414 to run task
[2026-05-07T21:57:22.392+0000] {standard_task_runner.py:87} INFO - Running: ['***', 'tasks', 'run', 'price_intelligence_pipeline', 'scrape_electroplanet', 'scheduled__2026-05-07T20:00:00+00:00', '--job-id', '696', '--raw', '--subdir', 'DAGS_FOLDER/price_intelligence_dag.py', '--cfg-path', '/tmp/tmplropylwi']
[2026-05-07T21:57:22.410+0000] {standard_task_runner.py:88} INFO - Job 696: Subtask scrape_electroplanet
[2026-05-07T21:57:22.871+0000] {task_command.py:423} INFO - Running <TaskInstance: price_intelligence_pipeline.scrape_electroplanet scheduled__2026-05-07T20:00:00+00:00 [running]> on host 25ef6dfa8bdc
[2026-05-07T21:57:23.811+0000] {taskinstance.py:2480} INFO - Exporting env vars: AIRFLOW_CTX_DAG_OWNER='***' AIRFLOW_CTX_DAG_ID='price_intelligence_pipeline' AIRFLOW_CTX_TASK_ID='scrape_electroplanet' AIRFLOW_CTX_EXECUTION_DATE='2026-05-07T20:00:00+00:00' AIRFLOW_CTX_TRY_NUMBER='1' AIRFLOW_CTX_DAG_RUN_ID='scheduled__2026-05-07T20:00:00+00:00'
[2026-05-07T21:57:23.828+0000] {subprocess.py:63} INFO - Tmp dir root location: /tmp
[2026-05-07T21:57:23.831+0000] {subprocess.py:75} INFO - Running command: ['/usr/bin/bash', '-c', '\n            cd /opt/***\n            mkdir -p data/raw\n            export DISPLAY=:99\n            python3 scrapers/spiders/electroplanet_ma.py || echo "Electroplanet done with warnings"\n        ']
[2026-05-07T21:57:23.877+0000] {subprocess.py:86} INFO - Output:
[2026-05-07T21:57:53.986+0000] {subprocess.py:93} INFO - 
[2026-05-07T21:57:53.988+0000] {subprocess.py:93} INFO - [Electroplanet] Scraping : smartphones
[2026-05-07T21:57:53.992+0000] {subprocess.py:93} INFO - Traceback (most recent call last):
[2026-05-07T21:57:53.996+0000] {subprocess.py:93} INFO -   File "scrapers/spiders/electroplanet_ma.py", line 162, in <module>
[2026-05-07T21:57:53.998+0000] {subprocess.py:93} INFO -     scrape_electroplanet()
[2026-05-07T21:57:53.999+0000] {subprocess.py:93} INFO -   File "scrapers/spiders/electroplanet_ma.py", line 73, in scrape_electroplanet
[2026-05-07T21:57:54.000+0000] {subprocess.py:93} INFO -     driver = get_driver()
[2026-05-07T21:57:54.001+0000] {subprocess.py:93} INFO -   File "scrapers/spiders/electroplanet_ma.py", line 63, in get_driver
[2026-05-07T21:57:54.002+0000] {subprocess.py:93} INFO -     return webdriver.Chrome(service=Service(ChromeDriverManager().install()), options=opts)
[2026-05-07T21:57:54.004+0000] {subprocess.py:93} INFO -   File "/home/***/.local/lib/python3.8/site-packages/selenium/webdriver/chrome/webdriver.py", line 45, in __init__
[2026-05-07T21:57:54.005+0000] {subprocess.py:93} INFO -     super().__init__(
[2026-05-07T21:57:54.006+0000] {subprocess.py:93} INFO -   File "/home/***/.local/lib/python3.8/site-packages/selenium/webdriver/chromium/webdriver.py", line 66, in __init__
[2026-05-07T21:57:54.007+0000] {subprocess.py:93} INFO -     super().__init__(command_executor=executor, options=options)
[2026-05-07T21:57:54.009+0000] {subprocess.py:93} INFO -   File "/home/***/.local/lib/python3.8/site-packages/selenium/webdriver/remote/webdriver.py", line 241, in __init__
[2026-05-07T21:57:54.010+0000] {subprocess.py:93} INFO -     self.start_session(capabilities)
[2026-05-07T21:57:54.011+0000] {subprocess.py:93} INFO -   File "/home/***/.local/lib/python3.8/site-packages/selenium/webdriver/remote/webdriver.py", line 329, in start_session
[2026-05-07T21:57:54.013+0000] {subprocess.py:93} INFO -     response = self.execute(Command.NEW_SESSION, caps)["value"]
[2026-05-07T21:57:54.014+0000] {subprocess.py:93} INFO -   File "/home/***/.local/lib/python3.8/site-packages/selenium/webdriver/remote/webdriver.py", line 384, in execute
[2026-05-07T21:57:54.015+0000] {subprocess.py:93} INFO -     self.error_handler.check_response(response)
[2026-05-07T21:57:54.016+0000] {subprocess.py:93} INFO -   File "/home/***/.local/lib/python3.8/site-packages/selenium/webdriver/remote/errorhandler.py", line 232, in check_response
[2026-05-07T21:57:54.017+0000] {subprocess.py:93} INFO -     raise exception_class(message, screen, stacktrace)
[2026-05-07T21:57:54.018+0000] {subprocess.py:93} INFO - selenium.common.exceptions.SessionNotCreatedException: Message: session not created: This version of ChromeDriver only supports Chrome version 114
[2026-05-07T21:57:54.019+0000] {subprocess.py:93} INFO - Current browser version is 147.0.7727.137 with binary path /usr/bin/chromium
[2026-05-07T21:57:54.020+0000] {subprocess.py:93} INFO - Stacktrace:
[2026-05-07T21:57:54.021+0000] {subprocess.py:93} INFO - #0 0x5740991de4e3 <unknown>
[2026-05-07T21:57:54.022+0000] {subprocess.py:93} INFO - #1 0x574098f0dc76 <unknown>
[2026-05-07T21:57:54.023+0000] {subprocess.py:93} INFO - #2 0x574098f3b04a <unknown>
[2026-05-07T21:57:54.024+0000] {subprocess.py:93} INFO - #3 0x574098f364a1 <unknown>
[2026-05-07T21:57:54.025+0000] {subprocess.py:93} INFO - #4 0x574098f33029 <unknown>
[2026-05-07T21:57:54.026+0000] {subprocess.py:93} INFO - #5 0x574098f71ccc <unknown>
[2026-05-07T21:57:54.027+0000] {subprocess.py:93} INFO - #6 0x574098f7147f <unknown>
[2026-05-07T21:57:54.029+0000] {subprocess.py:93} INFO - #7 0x574098f68de3 <unknown>
[2026-05-07T21:57:54.033+0000] {subprocess.py:93} INFO - #8 0x574098f3e2dd <unknown>
[2026-05-07T21:57:54.036+0000] {subprocess.py:93} INFO - #9 0x574098f3f34e <unknown>
[2026-05-07T21:57:54.038+0000] {subprocess.py:93} INFO - #10 0x57409919e3e4 <unknown>
[2026-05-07T21:57:54.039+0000] {subprocess.py:93} INFO - #11 0x5740991a23d7 <unknown>
[2026-05-07T21:57:54.042+0000] {subprocess.py:93} INFO - #12 0x5740991acb20 <unknown>
[2026-05-07T21:57:54.043+0000] {subprocess.py:93} INFO - #13 0x5740991a3023 <unknown>
[2026-05-07T21:57:54.045+0000] {subprocess.py:93} INFO - #14 0x5740991711aa <unknown>
[2026-05-07T21:57:54.046+0000] {subprocess.py:93} INFO - #15 0x5740991c76b8 <unknown>
[2026-05-07T21:57:54.047+0000] {subprocess.py:93} INFO - #16 0x5740991c7847 <unknown>
[2026-05-07T21:57:54.048+0000] {subprocess.py:93} INFO - #17 0x5740991d7243 <unknown>
[2026-05-07T21:57:54.050+0000] {subprocess.py:93} INFO - #18 0x7be8cbbae134 <unknown>
[2026-05-07T21:57:54.052+0000] {subprocess.py:93} INFO - 
[2026-05-07T21:57:54.142+0000] {subprocess.py:93} INFO - Electroplanet done with warnings
[2026-05-07T21:57:54.145+0000] {subprocess.py:97} INFO - Command exited with return code 0
[2026-05-07T21:57:54.302+0000] {taskinstance.py:1138} INFO - Marking task as SUCCESS. dag_id=price_intelligence_pipeline, task_id=scrape_electroplanet, execution_date=20260507T200000, start_date=20260507T215722, end_date=20260507T215754
[2026-05-07T21:57:54.414+0000] {local_task_job_runner.py:234} INFO - Task exited with return code 0
[2026-05-07T21:57:54.529+0000] {taskinstance.py:3280} INFO - 1 downstream tasks scheduled from follow-on schedule check
