[2026-05-05T20:08:08.924+0000] {taskinstance.py:1956} INFO - Dependencies all met for dep_context=non-requeueable deps ti=<TaskInstance: price_intelligence_pipeline.scrape_amazon scheduled__2026-05-05T19:00:00+00:00 [queued]>
[2026-05-05T20:08:08.981+0000] {taskinstance.py:1956} INFO - Dependencies all met for dep_context=requeueable deps ti=<TaskInstance: price_intelligence_pipeline.scrape_amazon scheduled__2026-05-05T19:00:00+00:00 [queued]>
[2026-05-05T20:08:09.000+0000] {taskinstance.py:2170} INFO - Starting attempt 1 of 3
[2026-05-05T20:08:09.059+0000] {taskinstance.py:2191} INFO - Executing <Task(BashOperator): scrape_amazon> on 2026-05-05 19:00:00+00:00
[2026-05-05T20:08:09.078+0000] {standard_task_runner.py:60} INFO - Started process 2187 to run task
[2026-05-05T20:08:09.088+0000] {standard_task_runner.py:87} INFO - Running: ['***', 'tasks', 'run', 'price_intelligence_pipeline', 'scrape_amazon', 'scheduled__2026-05-05T19:00:00+00:00', '--job-id', '279', '--raw', '--subdir', 'DAGS_FOLDER/price_intelligence_dag.py', '--cfg-path', '/tmp/tmp5kydhhck']
[2026-05-05T20:08:09.097+0000] {standard_task_runner.py:88} INFO - Job 279: Subtask scrape_amazon
[2026-05-05T20:08:09.412+0000] {task_command.py:423} INFO - Running <TaskInstance: price_intelligence_pipeline.scrape_amazon scheduled__2026-05-05T19:00:00+00:00 [running]> on host 25ef6dfa8bdc
[2026-05-05T20:08:09.815+0000] {taskinstance.py:2480} INFO - Exporting env vars: AIRFLOW_CTX_DAG_OWNER='***' AIRFLOW_CTX_DAG_ID='price_intelligence_pipeline' AIRFLOW_CTX_TASK_ID='scrape_amazon' AIRFLOW_CTX_EXECUTION_DATE='2026-05-05T19:00:00+00:00' AIRFLOW_CTX_TRY_NUMBER='1' AIRFLOW_CTX_DAG_RUN_ID='scheduled__2026-05-05T19:00:00+00:00'
[2026-05-05T20:08:09.825+0000] {subprocess.py:63} INFO - Tmp dir root location: /tmp
[2026-05-05T20:08:09.828+0000] {subprocess.py:75} INFO - Running command: ['/usr/bin/bash', '-c', '\n            set -e\n            cd /opt/***\n            mkdir -p data/raw\n            scrapy crawl amazon_ma -o data/raw/amazon_ma.json --overwrite-output -s LOG_LEVEL=WARNING -s ROBOTSTXT_OBEY=False -s DOWNLOAD_DELAY=3 -s RETRY_TIMES=5\n            echo Amazon done\n        ']
[2026-05-05T20:08:09.859+0000] {subprocess.py:86} INFO - Output:
[2026-05-05T20:08:09.899+0000] {subprocess.py:93} INFO - /usr/bin/bash: line 5: scrapy: command not found
[2026-05-05T20:08:09.901+0000] {subprocess.py:97} INFO - Command exited with return code 127
[2026-05-05T20:08:09.954+0000] {taskinstance.py:2698} ERROR - Task failed with exception
Traceback (most recent call last):
  File "/home/airflow/.local/lib/python3.8/site-packages/airflow/models/taskinstance.py", line 428, in _execute_task
    result = execute_callable(context=context, **execute_callable_kwargs)
  File "/home/airflow/.local/lib/python3.8/site-packages/airflow/operators/bash.py", line 212, in execute
    raise AirflowException(
airflow.exceptions.AirflowException: Bash command failed. The command returned a non-zero exit code 127.
[2026-05-05T20:08:09.976+0000] {taskinstance.py:1138} INFO - Marking task as UP_FOR_RETRY. dag_id=price_intelligence_pipeline, task_id=scrape_amazon, execution_date=20260505T190000, start_date=20260505T200808, end_date=20260505T200809
[2026-05-05T20:08:10.023+0000] {standard_task_runner.py:107} ERROR - Failed to execute job 279 for task scrape_amazon (Bash command failed. The command returned a non-zero exit code 127.; 2187)
[2026-05-05T20:08:10.102+0000] {local_task_job_runner.py:234} INFO - Task exited with return code 1
[2026-05-05T20:08:10.224+0000] {taskinstance.py:3280} INFO - 0 downstream tasks scheduled from follow-on schedule check
[2026-05-05T20:29:46.682+0000] {taskinstance.py:1956} INFO - Dependencies all met for dep_context=non-requeueable deps ti=<TaskInstance: price_intelligence_pipeline.scrape_amazon scheduled__2026-05-05T19:00:00+00:00 [queued]>
[2026-05-05T20:29:46.702+0000] {taskinstance.py:1956} INFO - Dependencies all met for dep_context=requeueable deps ti=<TaskInstance: price_intelligence_pipeline.scrape_amazon scheduled__2026-05-05T19:00:00+00:00 [queued]>
[2026-05-05T20:29:46.707+0000] {taskinstance.py:2170} INFO - Starting attempt 1 of 3
[2026-05-05T20:29:46.745+0000] {taskinstance.py:2191} INFO - Executing <Task(BashOperator): scrape_amazon> on 2026-05-05 19:00:00+00:00
[2026-05-05T20:29:46.759+0000] {standard_task_runner.py:60} INFO - Started process 199 to run task
[2026-05-05T20:29:46.767+0000] {standard_task_runner.py:87} INFO - Running: ['***', 'tasks', 'run', 'price_intelligence_pipeline', 'scrape_amazon', 'scheduled__2026-05-05T19:00:00+00:00', '--job-id', '312', '--raw', '--subdir', 'DAGS_FOLDER/price_intelligence_dag.py', '--cfg-path', '/tmp/tmpjo5eooq3']
[2026-05-05T20:29:46.773+0000] {standard_task_runner.py:88} INFO - Job 312: Subtask scrape_amazon
[2026-05-05T20:29:46.942+0000] {task_command.py:423} INFO - Running <TaskInstance: price_intelligence_pipeline.scrape_amazon scheduled__2026-05-05T19:00:00+00:00 [running]> on host 25ef6dfa8bdc
[2026-05-05T20:29:47.151+0000] {taskinstance.py:2480} INFO - Exporting env vars: AIRFLOW_CTX_DAG_OWNER='***' AIRFLOW_CTX_DAG_ID='price_intelligence_pipeline' AIRFLOW_CTX_TASK_ID='scrape_amazon' AIRFLOW_CTX_EXECUTION_DATE='2026-05-05T19:00:00+00:00' AIRFLOW_CTX_TRY_NUMBER='1' AIRFLOW_CTX_DAG_RUN_ID='scheduled__2026-05-05T19:00:00+00:00'
[2026-05-05T20:29:47.154+0000] {subprocess.py:63} INFO - Tmp dir root location: /tmp
[2026-05-05T20:29:47.158+0000] {subprocess.py:75} INFO - Running command: ['/usr/bin/bash', '-c', '\n            set -e\n            cd /opt/***\n            mkdir -p data/raw\n            scrapy crawl amazon_ma -o data/raw/amazon_ma.json --overwrite-output -s LOG_LEVEL=WARNING -s ROBOTSTXT_OBEY=False -s DOWNLOAD_DELAY=3 -s RETRY_TIMES=5\n            echo Amazon done\n        ']
[2026-05-05T20:29:47.181+0000] {subprocess.py:86} INFO - Output:
[2026-05-05T20:29:47.198+0000] {subprocess.py:93} INFO - /usr/bin/bash: line 5: scrapy: command not found
[2026-05-05T20:29:47.199+0000] {subprocess.py:97} INFO - Command exited with return code 127
[2026-05-05T20:29:47.232+0000] {taskinstance.py:2698} ERROR - Task failed with exception
Traceback (most recent call last):
  File "/home/airflow/.local/lib/python3.8/site-packages/airflow/models/taskinstance.py", line 428, in _execute_task
    result = execute_callable(context=context, **execute_callable_kwargs)
  File "/home/airflow/.local/lib/python3.8/site-packages/airflow/operators/bash.py", line 212, in execute
    raise AirflowException(
airflow.exceptions.AirflowException: Bash command failed. The command returned a non-zero exit code 127.
[2026-05-05T20:29:47.240+0000] {taskinstance.py:1138} INFO - Marking task as UP_FOR_RETRY. dag_id=price_intelligence_pipeline, task_id=scrape_amazon, execution_date=20260505T190000, start_date=20260505T202946, end_date=20260505T202947
[2026-05-05T20:29:47.267+0000] {standard_task_runner.py:107} ERROR - Failed to execute job 312 for task scrape_amazon (Bash command failed. The command returned a non-zero exit code 127.; 199)
[2026-05-05T20:29:47.306+0000] {local_task_job_runner.py:234} INFO - Task exited with return code 1
[2026-05-05T20:29:47.409+0000] {taskinstance.py:3280} INFO - 0 downstream tasks scheduled from follow-on schedule check
