[2026-05-05T20:13:12.360+0000] {taskinstance.py:1956} INFO - Dependencies all met for dep_context=non-requeueable deps ti=<TaskInstance: price_intelligence_pipeline.scrape_amazon scheduled__2026-05-05T19:00:00+00:00 [queued]>
[2026-05-05T20:13:12.380+0000] {taskinstance.py:1956} INFO - Dependencies all met for dep_context=requeueable deps ti=<TaskInstance: price_intelligence_pipeline.scrape_amazon scheduled__2026-05-05T19:00:00+00:00 [queued]>
[2026-05-05T20:13:12.381+0000] {taskinstance.py:2170} INFO - Starting attempt 2 of 3
[2026-05-05T20:13:12.411+0000] {taskinstance.py:2191} INFO - Executing <Task(BashOperator): scrape_amazon> on 2026-05-05 19:00:00+00:00
[2026-05-05T20:13:12.423+0000] {standard_task_runner.py:60} INFO - Started process 2408 to run task
[2026-05-05T20:13:12.431+0000] {standard_task_runner.py:87} INFO - Running: ['***', 'tasks', 'run', 'price_intelligence_pipeline', 'scrape_amazon', 'scheduled__2026-05-05T19:00:00+00:00', '--job-id', '288', '--raw', '--subdir', 'DAGS_FOLDER/price_intelligence_dag_BACKUP.py', '--cfg-path', '/tmp/tmpcvvaiszl']
[2026-05-05T20:13:12.438+0000] {standard_task_runner.py:88} INFO - Job 288: Subtask scrape_amazon
[2026-05-05T20:13:12.636+0000] {task_command.py:423} INFO - Running <TaskInstance: price_intelligence_pipeline.scrape_amazon scheduled__2026-05-05T19:00:00+00:00 [running]> on host 25ef6dfa8bdc
[2026-05-05T20:13:12.893+0000] {taskinstance.py:2480} INFO - Exporting env vars: AIRFLOW_CTX_DAG_OWNER='price_intelligence' AIRFLOW_CTX_DAG_ID='price_intelligence_pipeline' AIRFLOW_CTX_TASK_ID='scrape_amazon' AIRFLOW_CTX_EXECUTION_DATE='2026-05-05T19:00:00+00:00' AIRFLOW_CTX_TRY_NUMBER='2' AIRFLOW_CTX_DAG_RUN_ID='scheduled__2026-05-05T19:00:00+00:00'
[2026-05-05T20:13:12.897+0000] {subprocess.py:63} INFO - Tmp dir root location: /tmp
[2026-05-05T20:13:12.899+0000] {subprocess.py:75} INFO - Running command: ['/usr/bin/bash', '-c', '\n            python3 -c "\nimport json\ndata = json.load(open(\'/opt/***/data/raw/amazon_ma.json\'))\nprint(f\'✅ Amazon: {len(data)} produits disponibles\')\n"\n        ']
[2026-05-05T20:13:12.923+0000] {subprocess.py:86} INFO - Output:
[2026-05-05T20:13:13.118+0000] {subprocess.py:93} INFO - ✅ Amazon: 794 produits disponibles
[2026-05-05T20:13:13.136+0000] {subprocess.py:97} INFO - Command exited with return code 0
[2026-05-05T20:13:13.273+0000] {taskinstance.py:1138} INFO - Marking task as SUCCESS. dag_id=price_intelligence_pipeline, task_id=scrape_amazon, execution_date=20260505T190000, start_date=20260505T201312, end_date=20260505T201313
[2026-05-05T20:13:13.329+0000] {local_task_job_runner.py:234} INFO - Task exited with return code 0
[2026-05-05T20:13:13.417+0000] {dagrun.py:822} ERROR - Failed to get task for ti <TaskInstance: price_intelligence_pipeline.load_bigquery scheduled__2026-05-05T19:00:00+00:00 [None]>. Marking it as removed.
[2026-05-05T20:13:13.442+0000] {dagrun.py:822} ERROR - Failed to get task for ti <TaskInstance: price_intelligence_pipeline.dbt_run scheduled__2026-05-05T19:00:00+00:00 [None]>. Marking it as removed.
[2026-05-05T20:13:13.447+0000] {dagrun.py:822} ERROR - Failed to get task for ti <TaskInstance: price_intelligence_pipeline.dbt_test scheduled__2026-05-05T19:00:00+00:00 [None]>. Marking it as removed.
[2026-05-05T20:13:13.456+0000] {dagrun.py:822} ERROR - Failed to get task for ti <TaskInstance: price_intelligence_pipeline.validate_pipeline scheduled__2026-05-05T19:00:00+00:00 [None]>. Marking it as removed.
[2026-05-05T20:13:13.494+0000] {taskinstance.py:3280} INFO - 0 downstream tasks scheduled from follow-on schedule check
[2026-05-05T20:34:48.017+0000] {taskinstance.py:1956} INFO - Dependencies all met for dep_context=non-requeueable deps ti=<TaskInstance: price_intelligence_pipeline.scrape_amazon scheduled__2026-05-05T19:00:00+00:00 [queued]>
[2026-05-05T20:34:48.038+0000] {taskinstance.py:1956} INFO - Dependencies all met for dep_context=requeueable deps ti=<TaskInstance: price_intelligence_pipeline.scrape_amazon scheduled__2026-05-05T19:00:00+00:00 [queued]>
[2026-05-05T20:34:48.044+0000] {taskinstance.py:2170} INFO - Starting attempt 2 of 3
[2026-05-05T20:34:48.084+0000] {taskinstance.py:2191} INFO - Executing <Task(BashOperator): scrape_amazon> on 2026-05-05 19:00:00+00:00
[2026-05-05T20:34:48.098+0000] {standard_task_runner.py:60} INFO - Started process 331 to run task
[2026-05-05T20:34:48.109+0000] {standard_task_runner.py:87} INFO - Running: ['***', 'tasks', 'run', 'price_intelligence_pipeline', 'scrape_amazon', 'scheduled__2026-05-05T19:00:00+00:00', '--job-id', '314', '--raw', '--subdir', 'DAGS_FOLDER/price_intelligence_dag.py', '--cfg-path', '/tmp/tmprbjkf62i']
[2026-05-05T20:34:48.114+0000] {standard_task_runner.py:88} INFO - Job 314: Subtask scrape_amazon
[2026-05-05T20:34:48.305+0000] {task_command.py:423} INFO - Running <TaskInstance: price_intelligence_pipeline.scrape_amazon scheduled__2026-05-05T19:00:00+00:00 [running]> on host 25ef6dfa8bdc
[2026-05-05T20:34:48.546+0000] {taskinstance.py:2480} INFO - Exporting env vars: AIRFLOW_CTX_DAG_OWNER='***' AIRFLOW_CTX_DAG_ID='price_intelligence_pipeline' AIRFLOW_CTX_TASK_ID='scrape_amazon' AIRFLOW_CTX_EXECUTION_DATE='2026-05-05T19:00:00+00:00' AIRFLOW_CTX_TRY_NUMBER='2' AIRFLOW_CTX_DAG_RUN_ID='scheduled__2026-05-05T19:00:00+00:00'
[2026-05-05T20:34:48.552+0000] {subprocess.py:63} INFO - Tmp dir root location: /tmp
[2026-05-05T20:34:48.559+0000] {subprocess.py:75} INFO - Running command: ['/usr/bin/bash', '-c', '\n            set -e\n            cd /opt/***\n            mkdir -p data/raw\n            scrapy crawl amazon_ma -o data/raw/amazon_ma.json --overwrite-output -s LOG_LEVEL=WARNING -s ROBOTSTXT_OBEY=False -s DOWNLOAD_DELAY=3 -s RETRY_TIMES=5\n            echo Amazon done\n        ']
[2026-05-05T20:34:48.598+0000] {subprocess.py:86} INFO - Output:
[2026-05-05T20:34:48.620+0000] {subprocess.py:93} INFO - /usr/bin/bash: line 5: scrapy: command not found
[2026-05-05T20:34:48.625+0000] {subprocess.py:97} INFO - Command exited with return code 127
[2026-05-05T20:34:48.669+0000] {taskinstance.py:2698} ERROR - Task failed with exception
Traceback (most recent call last):
  File "/home/airflow/.local/lib/python3.8/site-packages/airflow/models/taskinstance.py", line 428, in _execute_task
    result = execute_callable(context=context, **execute_callable_kwargs)
  File "/home/airflow/.local/lib/python3.8/site-packages/airflow/operators/bash.py", line 212, in execute
    raise AirflowException(
airflow.exceptions.AirflowException: Bash command failed. The command returned a non-zero exit code 127.
[2026-05-05T20:34:48.679+0000] {taskinstance.py:1138} INFO - Marking task as UP_FOR_RETRY. dag_id=price_intelligence_pipeline, task_id=scrape_amazon, execution_date=20260505T190000, start_date=20260505T203448, end_date=20260505T203448
[2026-05-05T20:34:48.710+0000] {standard_task_runner.py:107} ERROR - Failed to execute job 314 for task scrape_amazon (Bash command failed. The command returned a non-zero exit code 127.; 331)
[2026-05-05T20:34:48.733+0000] {local_task_job_runner.py:234} INFO - Task exited with return code 1
[2026-05-05T20:34:48.826+0000] {taskinstance.py:3280} INFO - 0 downstream tasks scheduled from follow-on schedule check
