[2026-05-05T21:20:58.986+0000] {taskinstance.py:1956} INFO - Dependencies all met for dep_context=non-requeueable deps ti=<TaskInstance: price_intelligence_pipeline.scrape_amazon manual__2026-05-05T20:29:52.900279+00:00 [queued]>
[2026-05-05T21:20:59.013+0000] {taskinstance.py:1956} INFO - Dependencies all met for dep_context=requeueable deps ti=<TaskInstance: price_intelligence_pipeline.scrape_amazon manual__2026-05-05T20:29:52.900279+00:00 [queued]>
[2026-05-05T21:20:59.016+0000] {taskinstance.py:2170} INFO - Starting attempt 3 of 3
[2026-05-05T21:20:59.078+0000] {taskinstance.py:2191} INFO - Executing <Task(BashOperator): scrape_amazon> on 2026-05-05 20:29:52.900279+00:00
[2026-05-05T21:20:59.122+0000] {standard_task_runner.py:60} INFO - Started process 6067 to run task
[2026-05-05T21:20:59.133+0000] {standard_task_runner.py:87} INFO - Running: ['***', 'tasks', 'run', 'price_intelligence_pipeline', 'scrape_amazon', 'manual__2026-05-05T20:29:52.900279+00:00', '--job-id', '353', '--raw', '--subdir', 'DAGS_FOLDER/price_intelligence_dag.py', '--cfg-path', '/tmp/tmpvxonpqev']
[2026-05-05T21:20:59.145+0000] {standard_task_runner.py:88} INFO - Job 353: Subtask scrape_amazon
[2026-05-05T21:20:59.432+0000] {task_command.py:423} INFO - Running <TaskInstance: price_intelligence_pipeline.scrape_amazon manual__2026-05-05T20:29:52.900279+00:00 [running]> on host 25ef6dfa8bdc
[2026-05-05T21:21:00.007+0000] {taskinstance.py:2480} INFO - Exporting env vars: AIRFLOW_CTX_DAG_OWNER='***' AIRFLOW_CTX_DAG_ID='price_intelligence_pipeline' AIRFLOW_CTX_TASK_ID='scrape_amazon' AIRFLOW_CTX_EXECUTION_DATE='2026-05-05T20:29:52.900279+00:00' AIRFLOW_CTX_TRY_NUMBER='3' AIRFLOW_CTX_DAG_RUN_ID='manual__2026-05-05T20:29:52.900279+00:00'
[2026-05-05T21:21:00.030+0000] {subprocess.py:63} INFO - Tmp dir root location: /tmp
[2026-05-05T21:21:00.036+0000] {subprocess.py:75} INFO - Running command: ['/usr/bin/bash', '-c', '\n            cd /opt/***\n            mkdir -p data/raw\n            export DISPLAY=:99\n            python3 scrapers/spiders/amazon_ma.py || echo "Amazon done with warnings"\n        ']
[2026-05-05T21:21:00.084+0000] {subprocess.py:86} INFO - Output:
[2026-05-05T21:21:05.750+0000] {subprocess.py:93} INFO - Traceback (most recent call last):
[2026-05-05T21:21:05.757+0000] {subprocess.py:93} INFO -   File "/home/***/.local/lib/python3.8/site-packages/urllib3/connection.py", line 174, in _new_conn
[2026-05-05T21:21:05.768+0000] {subprocess.py:93} INFO -     conn = connection.create_connection(
[2026-05-05T21:21:05.778+0000] {subprocess.py:93} INFO -   File "/home/***/.local/lib/python3.8/site-packages/urllib3/util/connection.py", line 72, in create_connection
[2026-05-05T21:21:05.779+0000] {subprocess.py:93} INFO -     for res in socket.getaddrinfo(host, port, family, socket.SOCK_STREAM):
[2026-05-05T21:21:05.780+0000] {subprocess.py:93} INFO -   File "/usr/local/lib/python3.8/socket.py", line 918, in getaddrinfo
[2026-05-05T21:21:05.786+0000] {subprocess.py:93} INFO -     for res in _socket.getaddrinfo(host, port, family, type, proto, flags):
[2026-05-05T21:21:05.795+0000] {subprocess.py:93} INFO - socket.gaierror: [Errno -5] No address associated with hostname
[2026-05-05T21:21:05.798+0000] {subprocess.py:93} INFO - 
[2026-05-05T21:21:05.800+0000] {subprocess.py:93} INFO - During handling of the above exception, another exception occurred:
[2026-05-05T21:21:05.805+0000] {subprocess.py:93} INFO - 
[2026-05-05T21:21:05.807+0000] {subprocess.py:93} INFO - Traceback (most recent call last):
[2026-05-05T21:21:05.820+0000] {subprocess.py:93} INFO -   File "/home/***/.local/lib/python3.8/site-packages/urllib3/connectionpool.py", line 715, in urlopen
[2026-05-05T21:21:05.831+0000] {subprocess.py:93} INFO -     httplib_response = self._make_request(
[2026-05-05T21:21:05.835+0000] {subprocess.py:93} INFO -   File "/home/***/.local/lib/python3.8/site-packages/urllib3/connectionpool.py", line 404, in _make_request
[2026-05-05T21:21:05.836+0000] {subprocess.py:93} INFO -     self._validate_conn(conn)
[2026-05-05T21:21:05.839+0000] {subprocess.py:93} INFO -   File "/home/***/.local/lib/python3.8/site-packages/urllib3/connectionpool.py", line 1058, in _validate_conn
[2026-05-05T21:21:05.848+0000] {subprocess.py:93} INFO -     conn.connect()
[2026-05-05T21:21:05.851+0000] {subprocess.py:93} INFO -   File "/home/***/.local/lib/python3.8/site-packages/urllib3/connection.py", line 363, in connect
[2026-05-05T21:21:05.858+0000] {subprocess.py:93} INFO -     self.sock = conn = self._new_conn()
[2026-05-05T21:21:05.867+0000] {subprocess.py:93} INFO -   File "/home/***/.local/lib/python3.8/site-packages/urllib3/connection.py", line 186, in _new_conn
[2026-05-05T21:21:05.874+0000] {subprocess.py:93} INFO -     raise NewConnectionError(
[2026-05-05T21:21:05.880+0000] {subprocess.py:93} INFO - urllib3.exceptions.NewConnectionError: <urllib3.connection.HTTPSConnection object at 0x77fc91b4e400>: Failed to establish a new connection: [Errno -5] No address associated with hostname
[2026-05-05T21:21:05.881+0000] {subprocess.py:93} INFO - 
[2026-05-05T21:21:05.886+0000] {subprocess.py:93} INFO - During handling of the above exception, another exception occurred:
[2026-05-05T21:21:05.891+0000] {subprocess.py:93} INFO - 
[2026-05-05T21:21:05.893+0000] {subprocess.py:93} INFO - Traceback (most recent call last):
[2026-05-05T21:21:05.895+0000] {subprocess.py:93} INFO -   File "/home/***/.local/lib/python3.8/site-packages/requests/adapters.py", line 486, in send
[2026-05-05T21:21:05.897+0000] {subprocess.py:93} INFO -     resp = conn.urlopen(
[2026-05-05T21:21:05.899+0000] {subprocess.py:93} INFO -   File "/home/***/.local/lib/python3.8/site-packages/urllib3/connectionpool.py", line 799, in urlopen
[2026-05-05T21:21:05.912+0000] {subprocess.py:93} INFO -     retries = retries.increment(
[2026-05-05T21:21:05.922+0000] {subprocess.py:93} INFO -   File "/home/***/.local/lib/python3.8/site-packages/urllib3/util/retry.py", line 592, in increment
[2026-05-05T21:21:05.928+0000] {subprocess.py:93} INFO -     raise MaxRetryError(_pool, url, error or ResponseError(cause))
[2026-05-05T21:21:05.939+0000] {subprocess.py:93} INFO - urllib3.exceptions.MaxRetryError: HTTPSConnectionPool(host='chromedriver.storage.googleapis.com', port=443): Max retries exceeded with url: /LATEST_RELEASE (Caused by NewConnectionError('<urllib3.connection.HTTPSConnection object at 0x77fc91b4e400>: Failed to establish a new connection: [Errno -5] No address associated with hostname'))
[2026-05-05T21:21:05.944+0000] {subprocess.py:93} INFO - 
[2026-05-05T21:21:05.949+0000] {subprocess.py:93} INFO - During handling of the above exception, another exception occurred:
[2026-05-05T21:21:05.951+0000] {subprocess.py:93} INFO - 
[2026-05-05T21:21:05.965+0000] {subprocess.py:93} INFO - Traceback (most recent call last):
[2026-05-05T21:21:05.967+0000] {subprocess.py:93} INFO -   File "/home/***/.local/lib/python3.8/site-packages/webdriver_manager/core/http.py", line 32, in get
[2026-05-05T21:21:05.969+0000] {subprocess.py:93} INFO -     resp = requests.get(
[2026-05-05T21:21:05.973+0000] {subprocess.py:93} INFO -   File "/home/***/.local/lib/python3.8/site-packages/requests/api.py", line 73, in get
[2026-05-05T21:21:05.986+0000] {subprocess.py:93} INFO -     return request("get", url, params=params, **kwargs)
[2026-05-05T21:21:05.987+0000] {subprocess.py:93} INFO -   File "/home/***/.local/lib/python3.8/site-packages/requests/api.py", line 59, in request
[2026-05-05T21:21:05.996+0000] {subprocess.py:93} INFO -     return session.request(method=method, url=url, **kwargs)
[2026-05-05T21:21:05.998+0000] {subprocess.py:93} INFO -   File "/home/***/.local/lib/python3.8/site-packages/requests/sessions.py", line 589, in request
[2026-05-05T21:21:06.000+0000] {subprocess.py:93} INFO -     resp = self.send(prep, **send_kwargs)
[2026-05-05T21:21:06.002+0000] {subprocess.py:93} INFO -   File "/home/***/.local/lib/python3.8/site-packages/requests/sessions.py", line 703, in send
[2026-05-05T21:21:06.003+0000] {subprocess.py:93} INFO -     r = adapter.send(request, **kwargs)
[2026-05-05T21:21:06.005+0000] {subprocess.py:93} INFO -   File "/home/***/.local/lib/python3.8/site-packages/requests/adapters.py", line 519, in send
[2026-05-05T21:21:06.011+0000] {subprocess.py:93} INFO -     raise ConnectionError(e, request=request)
[2026-05-05T21:21:06.013+0000] {subprocess.py:93} INFO - requests.exceptions.ConnectionError: HTTPSConnectionPool(host='chromedriver.storage.googleapis.com', port=443): Max retries exceeded with url: /LATEST_RELEASE (Caused by NewConnectionError('<urllib3.connection.HTTPSConnection object at 0x77fc91b4e400>: Failed to establish a new connection: [Errno -5] No address associated with hostname'))
[2026-05-05T21:21:06.014+0000] {subprocess.py:93} INFO - 
[2026-05-05T21:21:06.015+0000] {subprocess.py:93} INFO - During handling of the above exception, another exception occurred:
[2026-05-05T21:21:06.016+0000] {subprocess.py:93} INFO - 
[2026-05-05T21:21:06.017+0000] {subprocess.py:93} INFO - Traceback (most recent call last):
[2026-05-05T21:21:06.019+0000] {subprocess.py:93} INFO -   File "scrapers/spiders/amazon_ma.py", line 147, in <module>
[2026-05-05T21:21:06.020+0000] {subprocess.py:93} INFO -     scrape_amazon()
[2026-05-05T21:21:06.022+0000] {subprocess.py:93} INFO -   File "scrapers/spiders/amazon_ma.py", line 55, in scrape_amazon
[2026-05-05T21:21:06.026+0000] {subprocess.py:93} INFO -     driver = get_driver()
[2026-05-05T21:21:06.028+0000] {subprocess.py:93} INFO -   File "scrapers/spiders/amazon_ma.py", line 47, in get_driver
[2026-05-05T21:21:06.029+0000] {subprocess.py:93} INFO -     driver = webdriver.Chrome(service=Service(ChromeDriverManager().install()), options=opts)
[2026-05-05T21:21:06.031+0000] {subprocess.py:93} INFO -   File "/home/***/.local/lib/python3.8/site-packages/webdriver_manager/chrome.py", line 40, in install
[2026-05-05T21:21:06.035+0000] {subprocess.py:93} INFO -     driver_path = self._get_driver_binary_path(self.driver)
[2026-05-05T21:21:06.037+0000] {subprocess.py:93} INFO -   File "/home/***/.local/lib/python3.8/site-packages/webdriver_manager/core/manager.py", line 40, in _get_driver_binary_path
[2026-05-05T21:21:06.038+0000] {subprocess.py:93} INFO -     file = self._download_manager.download_file(driver.get_driver_download_url(os_type))
[2026-05-05T21:21:06.039+0000] {subprocess.py:93} INFO -   File "/home/***/.local/lib/python3.8/site-packages/webdriver_manager/drivers/chrome.py", line 32, in get_driver_download_url
[2026-05-05T21:21:06.040+0000] {subprocess.py:93} INFO -     driver_version_to_download = self.get_driver_version_to_download()
[2026-05-05T21:21:06.041+0000] {subprocess.py:93} INFO -   File "/home/***/.local/lib/python3.8/site-packages/webdriver_manager/core/driver.py", line 48, in get_driver_version_to_download
[2026-05-05T21:21:06.047+0000] {subprocess.py:93} INFO -     return self.get_latest_release_version()
[2026-05-05T21:21:06.048+0000] {subprocess.py:93} INFO -   File "/home/***/.local/lib/python3.8/site-packages/webdriver_manager/drivers/chrome.py", line 70, in get_latest_release_version
[2026-05-05T21:21:06.049+0000] {subprocess.py:93} INFO -     resp = self._http_client.get(url=latest_release_url)
[2026-05-05T21:21:06.050+0000] {subprocess.py:93} INFO -   File "/home/***/.local/lib/python3.8/site-packages/webdriver_manager/core/http.py", line 35, in get
[2026-05-05T21:21:06.054+0000] {subprocess.py:93} INFO -     raise exceptions.ConnectionError(f"Could not reach host. Are you offline?")
[2026-05-05T21:21:06.062+0000] {subprocess.py:93} INFO - requests.exceptions.ConnectionError: Could not reach host. Are you offline?
[2026-05-05T21:21:06.063+0000] {subprocess.py:93} INFO - Amazon done with warnings
[2026-05-05T21:21:06.064+0000] {subprocess.py:97} INFO - Command exited with return code 0
[2026-05-05T21:21:06.193+0000] {taskinstance.py:1138} INFO - Marking task as SUCCESS. dag_id=price_intelligence_pipeline, task_id=scrape_amazon, execution_date=20260505T202952, start_date=20260505T212058, end_date=20260505T212106
[2026-05-05T21:21:06.283+0000] {local_task_job_runner.py:234} INFO - Task exited with return code 0
[2026-05-05T21:21:06.436+0000] {taskinstance.py:3280} INFO - 0 downstream tasks scheduled from follow-on schedule check
