[2026-05-22T16:01:40.685+0000] {taskinstance.py:1956} INFO - Dependencies all met for dep_context=non-requeueable deps ti=<TaskInstance: price_intelligence_pipeline.dbt_run scheduled__2026-05-22T15:00:00+00:00 [queued]>
[2026-05-22T16:01:40.704+0000] {taskinstance.py:1956} INFO - Dependencies all met for dep_context=requeueable deps ti=<TaskInstance: price_intelligence_pipeline.dbt_run scheduled__2026-05-22T15:00:00+00:00 [queued]>
[2026-05-22T16:01:40.705+0000] {taskinstance.py:2170} INFO - Starting attempt 1 of 2
[2026-05-22T16:01:40.736+0000] {taskinstance.py:2191} INFO - Executing <Task(BashOperator): dbt_run> on 2026-05-22 15:00:00+00:00
[2026-05-22T16:01:40.747+0000] {standard_task_runner.py:60} INFO - Started process 81619 to run task
[2026-05-22T16:01:40.755+0000] {standard_task_runner.py:87} INFO - Running: ['***', 'tasks', 'run', 'price_intelligence_pipeline', 'dbt_run', 'scheduled__2026-05-22T15:00:00+00:00', '--job-id', '1751', '--raw', '--subdir', 'DAGS_FOLDER/price_intelligence_dag.py', '--cfg-path', '/tmp/tmpe0truneb']
[2026-05-22T16:01:40.761+0000] {standard_task_runner.py:88} INFO - Job 1751: Subtask dbt_run
[2026-05-22T16:01:40.914+0000] {task_command.py:423} INFO - Running <TaskInstance: price_intelligence_pipeline.dbt_run scheduled__2026-05-22T15:00:00+00:00 [running]> on host 91e0d3a0a233
[2026-05-22T16:01:41.141+0000] {taskinstance.py:2480} INFO - Exporting env vars: AIRFLOW_CTX_DAG_OWNER='***' AIRFLOW_CTX_DAG_ID='price_intelligence_pipeline' AIRFLOW_CTX_TASK_ID='dbt_run' AIRFLOW_CTX_EXECUTION_DATE='2026-05-22T15:00:00+00:00' AIRFLOW_CTX_TRY_NUMBER='1' AIRFLOW_CTX_DAG_RUN_ID='scheduled__2026-05-22T15:00:00+00:00'
[2026-05-22T16:01:41.144+0000] {subprocess.py:63} INFO - Tmp dir root location: /tmp
[2026-05-22T16:01:41.146+0000] {subprocess.py:75} INFO - Running command: ['/usr/bin/bash', '-c', '\n            set -e\n            cd /opt/***/dbt\n            export GOOGLE_APPLICATION_CREDENTIALS=/opt/***/gcp-credentials-new.json\n            /home/***/.local/bin/dbt run --full-refresh --profiles-dir . --project-dir .\n            echo dbt done\n        ']
[2026-05-22T16:01:41.161+0000] {subprocess.py:86} INFO - Output:
[2026-05-22T16:01:44.610+0000] {subprocess.py:93} INFO - [0m16:01:44  Running with dbt=1.8.7
[2026-05-22T16:01:46.478+0000] {subprocess.py:93} INFO - [0m16:01:46  Registered adapter: bigquery=1.8.3
[2026-05-22T16:01:47.770+0000] {subprocess.py:93} INFO - [0m16:01:47  Found 3 models, 1 seed, 7 data tests, 1 source, 479 macros
[2026-05-22T16:01:47.775+0000] {subprocess.py:93} INFO - [0m16:01:47
[2026-05-22T16:01:57.100+0000] {subprocess.py:93} INFO - [0m16:01:57  Concurrency: 4 threads (target='dev')
[2026-05-22T16:01:57.101+0000] {subprocess.py:93} INFO - [0m16:01:57
[2026-05-22T16:01:57.112+0000] {subprocess.py:93} INFO - [0m16:01:57  1 of 3 START sql view model price_intelligence_dbt.stg_prices .................. [RUN]
[2026-05-22T16:01:59.451+0000] {subprocess.py:93} INFO - [0m16:01:59  1 of 3 OK created sql view model price_intelligence_dbt.stg_prices ............. [[32mCREATE VIEW (0 processed)[0m in 2.34s]
[2026-05-22T16:01:59.456+0000] {subprocess.py:93} INFO - [0m16:01:59  2 of 3 START sql table model price_intelligence_dbt.prices_cleaned ............. [RUN]
[2026-05-22T16:02:03.571+0000] {subprocess.py:93} INFO - [0m16:02:03  2 of 3 OK created sql table model price_intelligence_dbt.prices_cleaned ........ [[32mCREATE TABLE (5.0k rows, 2.6 MiB processed)[0m in 4.11s]
[2026-05-22T16:02:03.591+0000] {subprocess.py:93} INFO - [0m16:02:03  3 of 3 START sql table model price_intelligence_dbt.prices_aggregated .......... [RUN]
[2026-05-22T16:02:08.281+0000] {subprocess.py:93} INFO - [0m16:02:08  3 of 3 OK created sql table model price_intelligence_dbt.prices_aggregated ..... [[32mCREATE TABLE (11.0 rows, 231.8 KiB processed)[0m in 4.68s]
[2026-05-22T16:02:08.306+0000] {subprocess.py:93} INFO - [0m16:02:08
[2026-05-22T16:02:08.311+0000] {subprocess.py:93} INFO - [0m16:02:08  Finished running 1 view model, 2 table models in 0 hours 0 minutes and 20.53 seconds (20.53s).
[2026-05-22T16:02:08.576+0000] {subprocess.py:93} INFO - [0m16:02:08
[2026-05-22T16:02:08.579+0000] {subprocess.py:93} INFO - [0m16:02:08  [32mCompleted successfully[0m
[2026-05-22T16:02:08.581+0000] {subprocess.py:93} INFO - [0m16:02:08
[2026-05-22T16:02:08.584+0000] {subprocess.py:93} INFO - [0m16:02:08  Done. PASS=3 WARN=0 ERROR=0 SKIP=0 TOTAL=3
[2026-05-22T16:02:13.193+0000] {subprocess.py:93} INFO - dbt done
[2026-05-22T16:02:13.205+0000] {subprocess.py:97} INFO - Command exited with return code 0
[2026-05-22T16:02:13.281+0000] {taskinstance.py:1138} INFO - Marking task as SUCCESS. dag_id=price_intelligence_pipeline, task_id=dbt_run, execution_date=20260522T150000, start_date=20260522T160140, end_date=20260522T160213
[2026-05-22T16:02:13.369+0000] {local_task_job_runner.py:234} INFO - Task exited with return code 0
[2026-05-22T16:02:13.467+0000] {taskinstance.py:3280} INFO - 1 downstream tasks scheduled from follow-on schedule check
