[2026-05-09T13:07:23.452+0000] {taskinstance.py:1956} INFO - Dependencies all met for dep_context=non-requeueable deps ti=<TaskInstance: price_intelligence_pipeline.dbt_run scheduled__2026-05-08T22:00:00+00:00 [queued]>
[2026-05-09T13:07:23.502+0000] {taskinstance.py:1956} INFO - Dependencies all met for dep_context=requeueable deps ti=<TaskInstance: price_intelligence_pipeline.dbt_run scheduled__2026-05-08T22:00:00+00:00 [queued]>
[2026-05-09T13:07:23.508+0000] {taskinstance.py:2170} INFO - Starting attempt 1 of 2
[2026-05-09T13:07:23.614+0000] {taskinstance.py:2191} INFO - Executing <Task(BashOperator): dbt_run> on 2026-05-08 22:00:00+00:00
[2026-05-09T13:07:23.628+0000] {standard_task_runner.py:60} INFO - Started process 1597 to run task
[2026-05-09T13:07:23.645+0000] {standard_task_runner.py:87} INFO - Running: ['***', 'tasks', 'run', 'price_intelligence_pipeline', 'dbt_run', 'scheduled__2026-05-08T22:00:00+00:00', '--job-id', '885', '--raw', '--subdir', 'DAGS_FOLDER/price_intelligence_dag.py', '--cfg-path', '/tmp/tmp4ad92l8o']
[2026-05-09T13:07:23.661+0000] {standard_task_runner.py:88} INFO - Job 885: Subtask dbt_run
[2026-05-09T13:07:24.070+0000] {task_command.py:423} INFO - Running <TaskInstance: price_intelligence_pipeline.dbt_run scheduled__2026-05-08T22:00:00+00:00 [running]> on host 91e0d3a0a233
[2026-05-09T13:07:24.563+0000] {taskinstance.py:2480} INFO - Exporting env vars: AIRFLOW_CTX_DAG_OWNER='***' AIRFLOW_CTX_DAG_ID='price_intelligence_pipeline' AIRFLOW_CTX_TASK_ID='dbt_run' AIRFLOW_CTX_EXECUTION_DATE='2026-05-08T22:00:00+00:00' AIRFLOW_CTX_TRY_NUMBER='1' AIRFLOW_CTX_DAG_RUN_ID='scheduled__2026-05-08T22:00:00+00:00'
[2026-05-09T13:07:24.566+0000] {subprocess.py:63} INFO - Tmp dir root location: /tmp
[2026-05-09T13:07:24.570+0000] {subprocess.py:75} INFO - Running command: ['/usr/bin/bash', '-c', '\n            set -e\n            cd /opt/***/dbt\n            export GOOGLE_APPLICATION_CREDENTIALS=/opt/***/gcp-credentials-new.json\n            /home/***/.local/bin/dbt run --full-refresh --profiles-dir . --project-dir .\n            echo dbt done\n        ']
[2026-05-09T13:07:24.605+0000] {subprocess.py:86} INFO - Output:
[2026-05-09T13:07:39.532+0000] {subprocess.py:93} INFO - [0m13:07:39  Running with dbt=1.8.7
[2026-05-09T13:07:47.566+0000] {subprocess.py:93} INFO - [0m13:07:47  Registered adapter: bigquery=1.8.3
[2026-05-09T13:07:52.839+0000] {subprocess.py:93} INFO - [0m13:07:52  Found 3 models, 1 seed, 7 data tests, 1 source, 479 macros
[2026-05-09T13:07:52.862+0000] {subprocess.py:93} INFO - [0m13:07:52
[2026-05-09T13:07:55.607+0000] {subprocess.py:93} INFO - [0m13:07:55  Concurrency: 4 threads (target='dev')
[2026-05-09T13:07:55.611+0000] {subprocess.py:93} INFO - [0m13:07:55
[2026-05-09T13:07:55.646+0000] {subprocess.py:93} INFO - [0m13:07:55  1 of 3 START sql view model price_intelligence_dbt.stg_prices .................. [RUN]
[2026-05-09T13:07:58.237+0000] {subprocess.py:93} INFO - [0m13:07:58  1 of 3 OK created sql view model price_intelligence_dbt.stg_prices ............. [[32mCREATE VIEW (0 processed)[0m in 2.54s]
[2026-05-09T13:07:58.268+0000] {subprocess.py:93} INFO - [0m13:07:58  2 of 3 START sql table model price_intelligence_dbt.prices_cleaned ............. [RUN]
[2026-05-09T13:08:03.066+0000] {subprocess.py:93} INFO - [0m13:08:03  2 of 3 OK created sql table model price_intelligence_dbt.prices_cleaned ........ [[32mCREATE TABLE (5.0k rows, 2.6 MiB processed)[0m in 4.78s]
[2026-05-09T13:08:03.076+0000] {subprocess.py:93} INFO - [0m13:08:03  3 of 3 START sql table model price_intelligence_dbt.prices_aggregated .......... [RUN]
[2026-05-09T13:08:07.260+0000] {subprocess.py:93} INFO - [0m13:08:07  3 of 3 OK created sql table model price_intelligence_dbt.prices_aggregated ..... [[32mCREATE TABLE (11.0 rows, 231.8 KiB processed)[0m in 4.17s]
[2026-05-09T13:08:07.323+0000] {subprocess.py:93} INFO - [0m13:08:07
[2026-05-09T13:08:07.325+0000] {subprocess.py:93} INFO - [0m13:08:07  Finished running 1 view model, 2 table models in 0 hours 0 minutes and 14.48 seconds (14.48s).
[2026-05-09T13:08:07.980+0000] {subprocess.py:93} INFO - [0m13:08:07
[2026-05-09T13:08:07.996+0000] {subprocess.py:93} INFO - [0m13:08:07  [32mCompleted successfully[0m
[2026-05-09T13:08:08.011+0000] {subprocess.py:93} INFO - [0m13:08:08
[2026-05-09T13:08:08.016+0000] {subprocess.py:93} INFO - [0m13:08:08  Done. PASS=3 WARN=0 ERROR=0 SKIP=0 TOTAL=3
[2026-05-09T13:08:10.774+0000] {subprocess.py:93} INFO - dbt done
[2026-05-09T13:08:10.796+0000] {subprocess.py:97} INFO - Command exited with return code 0
[2026-05-09T13:08:11.006+0000] {taskinstance.py:1138} INFO - Marking task as SUCCESS. dag_id=price_intelligence_pipeline, task_id=dbt_run, execution_date=20260508T220000, start_date=20260509T130723, end_date=20260509T130811
[2026-05-09T13:08:11.127+0000] {local_task_job_runner.py:234} INFO - Task exited with return code 0
[2026-05-09T13:08:11.250+0000] {taskinstance.py:3280} INFO - 1 downstream tasks scheduled from follow-on schedule check
