[2026-05-05T22:07:56.470+0000] {taskinstance.py:1956} INFO - Dependencies all met for dep_context=non-requeueable deps ti=<TaskInstance: price_intelligence_pipeline.scrape_avito manual__2026-05-05T22:07:32+00:00 [queued]>
[2026-05-05T22:07:56.537+0000] {taskinstance.py:1956} INFO - Dependencies all met for dep_context=requeueable deps ti=<TaskInstance: price_intelligence_pipeline.scrape_avito manual__2026-05-05T22:07:32+00:00 [queued]>
[2026-05-05T22:07:56.538+0000] {taskinstance.py:2170} INFO - Starting attempt 1 of 2
[2026-05-05T22:07:56.647+0000] {taskinstance.py:2191} INFO - Executing <Task(BashOperator): scrape_avito> on 2026-05-05 22:07:32+00:00
[2026-05-05T22:07:56.667+0000] {standard_task_runner.py:60} INFO - Started process 9020 to run task
[2026-05-05T22:07:56.686+0000] {standard_task_runner.py:87} INFO - Running: ['***', 'tasks', 'run', 'price_intelligence_pipeline', 'scrape_avito', 'manual__2026-05-05T22:07:32+00:00', '--job-id', '447', '--raw', '--subdir', 'DAGS_FOLDER/price_intelligence_dag.py', '--cfg-path', '/tmp/tmpyuj5me9i']
[2026-05-05T22:07:56.698+0000] {standard_task_runner.py:88} INFO - Job 447: Subtask scrape_avito
[2026-05-05T22:07:57.150+0000] {task_command.py:423} INFO - Running <TaskInstance: price_intelligence_pipeline.scrape_avito manual__2026-05-05T22:07:32+00:00 [running]> on host 25ef6dfa8bdc
[2026-05-05T22:07:57.555+0000] {taskinstance.py:2480} INFO - Exporting env vars: AIRFLOW_CTX_DAG_OWNER='***' AIRFLOW_CTX_DAG_ID='price_intelligence_pipeline' AIRFLOW_CTX_TASK_ID='scrape_avito' AIRFLOW_CTX_EXECUTION_DATE='2026-05-05T22:07:32+00:00' AIRFLOW_CTX_TRY_NUMBER='1' AIRFLOW_CTX_DAG_RUN_ID='manual__2026-05-05T22:07:32+00:00'
[2026-05-05T22:07:57.562+0000] {subprocess.py:63} INFO - Tmp dir root location: /tmp
[2026-05-05T22:07:57.566+0000] {subprocess.py:75} INFO - Running command: ['/usr/bin/bash', '-c', '\n            cd /opt/***\n            mkdir -p data/raw\n            export DISPLAY=:99\n            python3 scrapers/spiders/avito_ma.py || echo "Avito done with warnings"\n        ']
[2026-05-05T22:07:57.610+0000] {subprocess.py:86} INFO - Output:
[2026-05-05T22:08:04.592+0000] {subprocess.py:93} INFO - Traceback (most recent call last):
[2026-05-05T22:08:04.594+0000] {subprocess.py:93} INFO -   File "/home/***/.local/lib/python3.8/site-packages/urllib3/connection.py", line 174, in _new_conn
[2026-05-05T22:08:04.595+0000] {subprocess.py:93} INFO -     conn = connection.create_connection(
[2026-05-05T22:08:04.597+0000] {subprocess.py:93} INFO -   File "/home/***/.local/lib/python3.8/site-packages/urllib3/util/connection.py", line 72, in create_connection
[2026-05-05T22:08:04.599+0000] {subprocess.py:93} INFO -     for res in socket.getaddrinfo(host, port, family, socket.SOCK_STREAM):
[2026-05-05T22:08:04.601+0000] {subprocess.py:93} INFO -   File "/usr/local/lib/python3.8/socket.py", line 918, in getaddrinfo
[2026-05-05T22:08:04.603+0000] {subprocess.py:93} INFO -     for res in _socket.getaddrinfo(host, port, family, type, proto, flags):
[2026-05-05T22:08:04.607+0000] {subprocess.py:93} INFO - socket.gaierror: [Errno -5] No address associated with hostname
[2026-05-05T22:08:04.612+0000] {subprocess.py:93} INFO - 
[2026-05-05T22:08:04.618+0000] {subprocess.py:93} INFO - During handling of the above exception, another exception occurred:
[2026-05-05T22:08:04.620+0000] {subprocess.py:93} INFO - 
[2026-05-05T22:08:04.622+0000] {subprocess.py:93} INFO - Traceback (most recent call last):
[2026-05-05T22:08:04.623+0000] {subprocess.py:93} INFO -   File "/home/***/.local/lib/python3.8/site-packages/urllib3/connectionpool.py", line 715, in urlopen
[2026-05-05T22:08:04.624+0000] {subprocess.py:93} INFO -     httplib_response = self._make_request(
[2026-05-05T22:08:04.626+0000] {subprocess.py:93} INFO -   File "/home/***/.local/lib/python3.8/site-packages/urllib3/connectionpool.py", line 404, in _make_request
[2026-05-05T22:08:04.627+0000] {subprocess.py:93} INFO -     self._validate_conn(conn)
[2026-05-05T22:08:04.629+0000] {subprocess.py:93} INFO -   File "/home/***/.local/lib/python3.8/site-packages/urllib3/connectionpool.py", line 1058, in _validate_conn
[2026-05-05T22:08:04.631+0000] {subprocess.py:93} INFO -     conn.connect()
[2026-05-05T22:08:04.635+0000] {subprocess.py:93} INFO -   File "/home/***/.local/lib/python3.8/site-packages/urllib3/connection.py", line 363, in connect
[2026-05-05T22:08:04.637+0000] {subprocess.py:93} INFO -     self.sock = conn = self._new_conn()
[2026-05-05T22:08:04.638+0000] {subprocess.py:93} INFO -   File "/home/***/.local/lib/python3.8/site-packages/urllib3/connection.py", line 186, in _new_conn
[2026-05-05T22:08:04.640+0000] {subprocess.py:93} INFO -     raise NewConnectionError(
[2026-05-05T22:08:04.641+0000] {subprocess.py:93} INFO - urllib3.exceptions.NewConnectionError: <urllib3.connection.HTTPSConnection object at 0x705abc5bffa0>: Failed to establish a new connection: [Errno -5] No address associated with hostname
[2026-05-05T22:08:04.643+0000] {subprocess.py:93} INFO - 
[2026-05-05T22:08:04.644+0000] {subprocess.py:93} INFO - During handling of the above exception, another exception occurred:
[2026-05-05T22:08:04.647+0000] {subprocess.py:93} INFO - 
[2026-05-05T22:08:04.649+0000] {subprocess.py:93} INFO - Traceback (most recent call last):
[2026-05-05T22:08:04.651+0000] {subprocess.py:93} INFO -   File "/home/***/.local/lib/python3.8/site-packages/requests/adapters.py", line 486, in send
[2026-05-05T22:08:04.653+0000] {subprocess.py:93} INFO -     resp = conn.urlopen(
[2026-05-05T22:08:04.655+0000] {subprocess.py:93} INFO -   File "/home/***/.local/lib/python3.8/site-packages/urllib3/connectionpool.py", line 799, in urlopen
[2026-05-05T22:08:04.662+0000] {subprocess.py:93} INFO -     retries = retries.increment(
[2026-05-05T22:08:04.665+0000] {subprocess.py:93} INFO -   File "/home/***/.local/lib/python3.8/site-packages/urllib3/util/retry.py", line 592, in increment
[2026-05-05T22:08:04.667+0000] {subprocess.py:93} INFO -     raise MaxRetryError(_pool, url, error or ResponseError(cause))
[2026-05-05T22:08:04.669+0000] {subprocess.py:93} INFO - urllib3.exceptions.MaxRetryError: HTTPSConnectionPool(host='chromedriver.storage.googleapis.com', port=443): Max retries exceeded with url: /LATEST_RELEASE (Caused by NewConnectionError('<urllib3.connection.HTTPSConnection object at 0x705abc5bffa0>: Failed to establish a new connection: [Errno -5] No address associated with hostname'))
[2026-05-05T22:08:04.673+0000] {subprocess.py:93} INFO - 
[2026-05-05T22:08:04.676+0000] {subprocess.py:93} INFO - During handling of the above exception, another exception occurred:
[2026-05-05T22:08:04.679+0000] {subprocess.py:93} INFO - 
[2026-05-05T22:08:04.683+0000] {subprocess.py:93} INFO - Traceback (most recent call last):
[2026-05-05T22:08:04.685+0000] {subprocess.py:93} INFO -   File "/home/***/.local/lib/python3.8/site-packages/webdriver_manager/core/http.py", line 32, in get
[2026-05-05T22:08:04.687+0000] {subprocess.py:93} INFO -     resp = requests.get(
[2026-05-05T22:08:04.688+0000] {subprocess.py:93} INFO -   File "/home/***/.local/lib/python3.8/site-packages/requests/api.py", line 73, in get
[2026-05-05T22:08:04.693+0000] {subprocess.py:93} INFO -     return request("get", url, params=params, **kwargs)
[2026-05-05T22:08:04.696+0000] {subprocess.py:93} INFO -   File "/home/***/.local/lib/python3.8/site-packages/requests/api.py", line 59, in request
[2026-05-05T22:08:04.702+0000] {subprocess.py:93} INFO -     return session.request(method=method, url=url, **kwargs)
[2026-05-05T22:08:04.703+0000] {subprocess.py:93} INFO -   File "/home/***/.local/lib/python3.8/site-packages/requests/sessions.py", line 589, in request
[2026-05-05T22:08:04.705+0000] {subprocess.py:93} INFO -     resp = self.send(prep, **send_kwargs)
[2026-05-05T22:08:04.707+0000] {subprocess.py:93} INFO -   File "/home/***/.local/lib/python3.8/site-packages/requests/sessions.py", line 703, in send
[2026-05-05T22:08:04.711+0000] {subprocess.py:93} INFO -     r = adapter.send(request, **kwargs)
[2026-05-05T22:08:04.713+0000] {subprocess.py:93} INFO -   File "/home/***/.local/lib/python3.8/site-packages/requests/adapters.py", line 519, in send
[2026-05-05T22:08:04.715+0000] {subprocess.py:93} INFO -     raise ConnectionError(e, request=request)
[2026-05-05T22:08:04.717+0000] {subprocess.py:93} INFO - requests.exceptions.ConnectionError: HTTPSConnectionPool(host='chromedriver.storage.googleapis.com', port=443): Max retries exceeded with url: /LATEST_RELEASE (Caused by NewConnectionError('<urllib3.connection.HTTPSConnection object at 0x705abc5bffa0>: Failed to establish a new connection: [Errno -5] No address associated with hostname'))
[2026-05-05T22:08:04.718+0000] {subprocess.py:93} INFO - 
[2026-05-05T22:08:04.720+0000] {subprocess.py:93} INFO - During handling of the above exception, another exception occurred:
[2026-05-05T22:08:04.722+0000] {subprocess.py:93} INFO - 
[2026-05-05T22:08:04.727+0000] {subprocess.py:93} INFO - Traceback (most recent call last):
[2026-05-05T22:08:04.733+0000] {subprocess.py:93} INFO -   File "scrapers/spiders/avito_ma.py", line 93, in <module>
[2026-05-05T22:08:04.735+0000] {subprocess.py:93} INFO -     scrape_avito()
[2026-05-05T22:08:04.737+0000] {subprocess.py:93} INFO -   File "scrapers/spiders/avito_ma.py", line 25, in scrape_avito
[2026-05-05T22:08:04.741+0000] {subprocess.py:93} INFO -     driver = webdriver.Chrome(service=Service(ChromeDriverManager().install()), options=options)
[2026-05-05T22:08:04.747+0000] {subprocess.py:93} INFO -   File "/home/***/.local/lib/python3.8/site-packages/webdriver_manager/chrome.py", line 40, in install
[2026-05-05T22:08:04.750+0000] {subprocess.py:93} INFO -     driver_path = self._get_driver_binary_path(self.driver)
[2026-05-05T22:08:04.752+0000] {subprocess.py:93} INFO -   File "/home/***/.local/lib/python3.8/site-packages/webdriver_manager/core/manager.py", line 40, in _get_driver_binary_path
[2026-05-05T22:08:04.754+0000] {subprocess.py:93} INFO -     file = self._download_manager.download_file(driver.get_driver_download_url(os_type))
[2026-05-05T22:08:04.766+0000] {subprocess.py:93} INFO -   File "/home/***/.local/lib/python3.8/site-packages/webdriver_manager/drivers/chrome.py", line 32, in get_driver_download_url
[2026-05-05T22:08:04.770+0000] {subprocess.py:93} INFO -     driver_version_to_download = self.get_driver_version_to_download()
[2026-05-05T22:08:04.771+0000] {subprocess.py:93} INFO -   File "/home/***/.local/lib/python3.8/site-packages/webdriver_manager/core/driver.py", line 48, in get_driver_version_to_download
[2026-05-05T22:08:04.773+0000] {subprocess.py:93} INFO -     return self.get_latest_release_version()
[2026-05-05T22:08:04.777+0000] {subprocess.py:93} INFO -   File "/home/***/.local/lib/python3.8/site-packages/webdriver_manager/drivers/chrome.py", line 70, in get_latest_release_version
[2026-05-05T22:08:04.779+0000] {subprocess.py:93} INFO -     resp = self._http_client.get(url=latest_release_url)
[2026-05-05T22:08:04.780+0000] {subprocess.py:93} INFO -   File "/home/***/.local/lib/python3.8/site-packages/webdriver_manager/core/http.py", line 35, in get
[2026-05-05T22:08:04.781+0000] {subprocess.py:93} INFO -     raise exceptions.ConnectionError(f"Could not reach host. Are you offline?")
[2026-05-05T22:08:04.788+0000] {subprocess.py:93} INFO - requests.exceptions.ConnectionError: Could not reach host. Are you offline?
[2026-05-05T22:08:04.790+0000] {subprocess.py:93} INFO - Avito done with warnings
[2026-05-05T22:08:04.794+0000] {subprocess.py:97} INFO - Command exited with return code 0
[2026-05-05T22:08:04.949+0000] {taskinstance.py:1138} INFO - Marking task as SUCCESS. dag_id=price_intelligence_pipeline, task_id=scrape_avito, execution_date=20260505T220732, start_date=20260505T220756, end_date=20260505T220804
[2026-05-05T22:08:05.055+0000] {local_task_job_runner.py:234} INFO - Task exited with return code 0
[2026-05-05T22:08:05.156+0000] {taskinstance.py:3280} INFO - 0 downstream tasks scheduled from follow-on schedule check
