[2026-05-07T21:57:22.110+0000] {taskinstance.py:1956} INFO - Dependencies all met for dep_context=non-requeueable deps ti=<TaskInstance: price_intelligence_pipeline.scrape_avito scheduled__2026-05-07T20:00:00+00:00 [queued]>
[2026-05-07T21:57:22.145+0000] {taskinstance.py:1956} INFO - Dependencies all met for dep_context=requeueable deps ti=<TaskInstance: price_intelligence_pipeline.scrape_avito scheduled__2026-05-07T20:00:00+00:00 [queued]>
[2026-05-07T21:57:22.147+0000] {taskinstance.py:2170} INFO - Starting attempt 1 of 2
[2026-05-07T21:57:22.221+0000] {taskinstance.py:2191} INFO - Executing <Task(BashOperator): scrape_avito> on 2026-05-07 20:00:00+00:00
[2026-05-07T21:57:22.256+0000] {standard_task_runner.py:60} INFO - Started process 412 to run task
[2026-05-07T21:57:22.293+0000] {standard_task_runner.py:87} INFO - Running: ['***', 'tasks', 'run', 'price_intelligence_pipeline', 'scrape_avito', 'scheduled__2026-05-07T20:00:00+00:00', '--job-id', '695', '--raw', '--subdir', 'DAGS_FOLDER/price_intelligence_dag.py', '--cfg-path', '/tmp/tmphzb1bl_j']
[2026-05-07T21:57:22.329+0000] {standard_task_runner.py:88} INFO - Job 695: Subtask scrape_avito
[2026-05-07T21:57:22.871+0000] {task_command.py:423} INFO - Running <TaskInstance: price_intelligence_pipeline.scrape_avito scheduled__2026-05-07T20:00:00+00:00 [running]> on host 25ef6dfa8bdc
[2026-05-07T21:57:23.615+0000] {taskinstance.py:2480} INFO - Exporting env vars: AIRFLOW_CTX_DAG_OWNER='***' AIRFLOW_CTX_DAG_ID='price_intelligence_pipeline' AIRFLOW_CTX_TASK_ID='scrape_avito' AIRFLOW_CTX_EXECUTION_DATE='2026-05-07T20:00:00+00:00' AIRFLOW_CTX_TRY_NUMBER='1' AIRFLOW_CTX_DAG_RUN_ID='scheduled__2026-05-07T20:00:00+00:00'
[2026-05-07T21:57:23.636+0000] {subprocess.py:63} INFO - Tmp dir root location: /tmp
[2026-05-07T21:57:23.650+0000] {subprocess.py:75} INFO - Running command: ['/usr/bin/bash', '-c', '\n            cd /opt/***\n            mkdir -p data/raw\n            export DISPLAY=:99\n            python3 scrapers/spiders/avito_ma.py || echo "Avito done with warnings"\n        ']
[2026-05-07T21:57:23.697+0000] {subprocess.py:86} INFO - Output:
[2026-05-07T21:57:54.043+0000] {subprocess.py:93} INFO - Traceback (most recent call last):
[2026-05-07T21:57:54.044+0000] {subprocess.py:93} INFO -   File "scrapers/spiders/avito_ma.py", line 93, in <module>
[2026-05-07T21:57:54.046+0000] {subprocess.py:93} INFO -     scrape_avito()
[2026-05-07T21:57:54.047+0000] {subprocess.py:93} INFO -   File "scrapers/spiders/avito_ma.py", line 25, in scrape_avito
[2026-05-07T21:57:54.048+0000] {subprocess.py:93} INFO -     driver = webdriver.Chrome(service=Service(ChromeDriverManager().install()), options=options)
[2026-05-07T21:57:54.049+0000] {subprocess.py:93} INFO -   File "/home/***/.local/lib/python3.8/site-packages/selenium/webdriver/chrome/webdriver.py", line 45, in __init__
[2026-05-07T21:57:54.050+0000] {subprocess.py:93} INFO -     super().__init__(
[2026-05-07T21:57:54.051+0000] {subprocess.py:93} INFO -   File "/home/***/.local/lib/python3.8/site-packages/selenium/webdriver/chromium/webdriver.py", line 66, in __init__
[2026-05-07T21:57:54.052+0000] {subprocess.py:93} INFO -     super().__init__(command_executor=executor, options=options)
[2026-05-07T21:57:54.053+0000] {subprocess.py:93} INFO -   File "/home/***/.local/lib/python3.8/site-packages/selenium/webdriver/remote/webdriver.py", line 241, in __init__
[2026-05-07T21:57:54.055+0000] {subprocess.py:93} INFO -     self.start_session(capabilities)
[2026-05-07T21:57:54.056+0000] {subprocess.py:93} INFO -   File "/home/***/.local/lib/python3.8/site-packages/selenium/webdriver/remote/webdriver.py", line 329, in start_session
[2026-05-07T21:57:54.059+0000] {subprocess.py:93} INFO -     response = self.execute(Command.NEW_SESSION, caps)["value"]
[2026-05-07T21:57:54.062+0000] {subprocess.py:93} INFO -   File "/home/***/.local/lib/python3.8/site-packages/selenium/webdriver/remote/webdriver.py", line 384, in execute
[2026-05-07T21:57:54.063+0000] {subprocess.py:93} INFO -     self.error_handler.check_response(response)
[2026-05-07T21:57:54.065+0000] {subprocess.py:93} INFO -   File "/home/***/.local/lib/python3.8/site-packages/selenium/webdriver/remote/errorhandler.py", line 232, in check_response
[2026-05-07T21:57:54.067+0000] {subprocess.py:93} INFO -     raise exception_class(message, screen, stacktrace)
[2026-05-07T21:57:54.069+0000] {subprocess.py:93} INFO - selenium.common.exceptions.SessionNotCreatedException: Message: session not created: This version of ChromeDriver only supports Chrome version 114
[2026-05-07T21:57:54.071+0000] {subprocess.py:93} INFO - Current browser version is 147.0.7727.137 with binary path /usr/bin/chromium
[2026-05-07T21:57:54.077+0000] {subprocess.py:93} INFO - Stacktrace:
[2026-05-07T21:57:54.080+0000] {subprocess.py:93} INFO - #0 0x594f218db4e3 <unknown>
[2026-05-07T21:57:54.083+0000] {subprocess.py:93} INFO - #1 0x594f2160ac76 <unknown>
[2026-05-07T21:57:54.087+0000] {subprocess.py:93} INFO - #2 0x594f2163804a <unknown>
[2026-05-07T21:57:54.100+0000] {subprocess.py:93} INFO - #3 0x594f216334a1 <unknown>
[2026-05-07T21:57:54.101+0000] {subprocess.py:93} INFO - #4 0x594f21630029 <unknown>
[2026-05-07T21:57:54.103+0000] {subprocess.py:93} INFO - #5 0x594f2166eccc <unknown>
[2026-05-07T21:57:54.104+0000] {subprocess.py:93} INFO - #6 0x594f2166e47f <unknown>
[2026-05-07T21:57:54.106+0000] {subprocess.py:93} INFO - #7 0x594f21665de3 <unknown>
[2026-05-07T21:57:54.111+0000] {subprocess.py:93} INFO - #8 0x594f2163b2dd <unknown>
[2026-05-07T21:57:54.113+0000] {subprocess.py:93} INFO - #9 0x594f2163c34e <unknown>
[2026-05-07T21:57:54.114+0000] {subprocess.py:93} INFO - #10 0x594f2189b3e4 <unknown>
[2026-05-07T21:57:54.115+0000] {subprocess.py:93} INFO - #11 0x594f2189f3d7 <unknown>
[2026-05-07T21:57:54.122+0000] {subprocess.py:93} INFO - #12 0x594f218a9b20 <unknown>
[2026-05-07T21:57:54.123+0000] {subprocess.py:93} INFO - #13 0x594f218a0023 <unknown>
[2026-05-07T21:57:54.126+0000] {subprocess.py:93} INFO - #14 0x594f2186e1aa <unknown>
[2026-05-07T21:57:54.127+0000] {subprocess.py:93} INFO - #15 0x594f218c46b8 <unknown>
[2026-05-07T21:57:54.128+0000] {subprocess.py:93} INFO - #16 0x594f218c4847 <unknown>
[2026-05-07T21:57:54.130+0000] {subprocess.py:93} INFO - #17 0x594f218d4243 <unknown>
[2026-05-07T21:57:54.131+0000] {subprocess.py:93} INFO - #18 0x7b1d42bd1134 <unknown>
[2026-05-07T21:57:54.132+0000] {subprocess.py:93} INFO - 
[2026-05-07T21:57:54.226+0000] {subprocess.py:93} INFO - Avito done with warnings
[2026-05-07T21:57:54.228+0000] {subprocess.py:97} INFO - Command exited with return code 0
[2026-05-07T21:57:54.356+0000] {taskinstance.py:1138} INFO - Marking task as SUCCESS. dag_id=price_intelligence_pipeline, task_id=scrape_avito, execution_date=20260507T200000, start_date=20260507T215722, end_date=20260507T215754
[2026-05-07T21:57:54.451+0000] {local_task_job_runner.py:234} INFO - Task exited with return code 0
[2026-05-07T21:57:54.597+0000] {taskinstance.py:3280} INFO - 0 downstream tasks scheduled from follow-on schedule check
