[2026-05-05T23:09:47.596+0000] {taskinstance.py:1956} INFO - Dependencies all met for dep_context=non-requeueable deps ti=<TaskInstance: price_intelligence_pipeline.scrape_jumia manual__2026-05-05T22:17:56.089527+00:00 [queued]>
[2026-05-05T23:09:47.616+0000] {taskinstance.py:1956} INFO - Dependencies all met for dep_context=requeueable deps ti=<TaskInstance: price_intelligence_pipeline.scrape_jumia manual__2026-05-05T22:17:56.089527+00:00 [queued]>
[2026-05-05T23:09:47.617+0000] {taskinstance.py:2170} INFO - Starting attempt 1 of 2
[2026-05-05T23:09:47.655+0000] {taskinstance.py:2191} INFO - Executing <Task(BashOperator): scrape_jumia> on 2026-05-05 22:17:56.089527+00:00
[2026-05-05T23:09:47.666+0000] {standard_task_runner.py:60} INFO - Started process 10519 to run task
[2026-05-05T23:09:47.678+0000] {standard_task_runner.py:87} INFO - Running: ['***', 'tasks', 'run', 'price_intelligence_pipeline', 'scrape_jumia', 'manual__2026-05-05T22:17:56.089527+00:00', '--job-id', '496', '--raw', '--subdir', 'DAGS_FOLDER/price_intelligence_dag.py', '--cfg-path', '/tmp/tmpbdaeu3n0']
[2026-05-05T23:09:47.686+0000] {standard_task_runner.py:88} INFO - Job 496: Subtask scrape_jumia
[2026-05-05T23:09:47.851+0000] {task_command.py:423} INFO - Running <TaskInstance: price_intelligence_pipeline.scrape_jumia manual__2026-05-05T22:17:56.089527+00:00 [running]> on host 25ef6dfa8bdc
[2026-05-05T23:09:48.089+0000] {taskinstance.py:2480} INFO - Exporting env vars: AIRFLOW_CTX_DAG_OWNER='***' AIRFLOW_CTX_DAG_ID='price_intelligence_pipeline' AIRFLOW_CTX_TASK_ID='scrape_jumia' AIRFLOW_CTX_EXECUTION_DATE='2026-05-05T22:17:56.089527+00:00' AIRFLOW_CTX_TRY_NUMBER='1' AIRFLOW_CTX_DAG_RUN_ID='manual__2026-05-05T22:17:56.089527+00:00'
[2026-05-05T23:09:48.092+0000] {subprocess.py:63} INFO - Tmp dir root location: /tmp
[2026-05-05T23:09:48.095+0000] {subprocess.py:75} INFO - Running command: ['/usr/bin/bash', '-c', '\n            cd /opt/***\n            mkdir -p data/raw\n            scrapy crawl jumia_ma -o data/raw/jumia_ma.json --overwrite-output -s LOG_LEVEL=WARNING -s ROBOTSTXT_OBEY=False -s DOWNLOAD_DELAY=1.5 -s CONCURRENT_REQUESTS=4 || echo "Jumia done with warnings"\n        ']
[2026-05-05T23:09:48.119+0000] {subprocess.py:86} INFO - Output:
[2026-05-05T23:09:49.679+0000] {subprocess.py:93} INFO - Usage
[2026-05-05T23:09:49.680+0000] {subprocess.py:93} INFO - =====
[2026-05-05T23:09:49.681+0000] {subprocess.py:93} INFO -   scrapy crawl [options] <spider>
[2026-05-05T23:09:49.681+0000] {subprocess.py:93} INFO - crawl: error: argument -O/--overwrite-output: expected one argument
[2026-05-05T23:09:49.767+0000] {subprocess.py:93} INFO - Jumia done with warnings
[2026-05-05T23:09:49.768+0000] {subprocess.py:97} INFO - Command exited with return code 0
[2026-05-05T23:09:49.835+0000] {taskinstance.py:1138} INFO - Marking task as SUCCESS. dag_id=price_intelligence_pipeline, task_id=scrape_jumia, execution_date=20260505T221756, start_date=20260505T230947, end_date=20260505T230949
[2026-05-05T23:09:49.921+0000] {local_task_job_runner.py:234} INFO - Task exited with return code 0
[2026-05-05T23:09:49.994+0000] {taskinstance.py:3280} INFO - 0 downstream tasks scheduled from follow-on schedule check
