[2026-05-07T21:57:22.064+0000] {taskinstance.py:1956} INFO - Dependencies all met for dep_context=non-requeueable deps ti=<TaskInstance: price_intelligence_pipeline.scrape_jumia scheduled__2026-05-07T20:00:00+00:00 [queued]>
[2026-05-07T21:57:22.133+0000] {taskinstance.py:1956} INFO - Dependencies all met for dep_context=requeueable deps ti=<TaskInstance: price_intelligence_pipeline.scrape_jumia scheduled__2026-05-07T20:00:00+00:00 [queued]>
[2026-05-07T21:57:22.147+0000] {taskinstance.py:2170} INFO - Starting attempt 1 of 2
[2026-05-07T21:57:22.258+0000] {taskinstance.py:2191} INFO - Executing <Task(BashOperator): scrape_jumia> on 2026-05-07 20:00:00+00:00
[2026-05-07T21:57:22.282+0000] {standard_task_runner.py:60} INFO - Started process 413 to run task
[2026-05-07T21:57:22.329+0000] {standard_task_runner.py:87} INFO - Running: ['***', 'tasks', 'run', 'price_intelligence_pipeline', 'scrape_jumia', 'scheduled__2026-05-07T20:00:00+00:00', '--job-id', '694', '--raw', '--subdir', 'DAGS_FOLDER/price_intelligence_dag.py', '--cfg-path', '/tmp/tmpeuoh15re']
[2026-05-07T21:57:22.337+0000] {standard_task_runner.py:88} INFO - Job 694: Subtask scrape_jumia
[2026-05-07T21:57:22.762+0000] {task_command.py:423} INFO - Running <TaskInstance: price_intelligence_pipeline.scrape_jumia scheduled__2026-05-07T20:00:00+00:00 [running]> on host 25ef6dfa8bdc
[2026-05-07T21:57:23.418+0000] {taskinstance.py:2480} INFO - Exporting env vars: AIRFLOW_CTX_DAG_OWNER='***' AIRFLOW_CTX_DAG_ID='price_intelligence_pipeline' AIRFLOW_CTX_TASK_ID='scrape_jumia' AIRFLOW_CTX_EXECUTION_DATE='2026-05-07T20:00:00+00:00' AIRFLOW_CTX_TRY_NUMBER='1' AIRFLOW_CTX_DAG_RUN_ID='scheduled__2026-05-07T20:00:00+00:00'
[2026-05-07T21:57:23.445+0000] {subprocess.py:63} INFO - Tmp dir root location: /tmp
[2026-05-07T21:57:23.460+0000] {subprocess.py:75} INFO - Running command: ['/usr/bin/bash', '-c', '\n            cd /opt/***\n            mkdir -p data/raw\n            scrapy crawl jumia_ma -o data/raw/jumia_ma.json --overwrite-output -s LOG_LEVEL=WARNING -s ROBOTSTXT_OBEY=False -s DOWNLOAD_DELAY=1.5 -s CONCURRENT_REQUESTS=4 || echo "Jumia done with warnings"\n        ']
[2026-05-07T21:57:23.572+0000] {subprocess.py:86} INFO - Output:
[2026-05-07T21:57:28.520+0000] {subprocess.py:93} INFO - Usage
[2026-05-07T21:57:28.521+0000] {subprocess.py:93} INFO - =====
[2026-05-07T21:57:28.524+0000] {subprocess.py:93} INFO -   scrapy crawl [options] <spider>
[2026-05-07T21:57:28.527+0000] {subprocess.py:93} INFO - crawl: error: argument -O/--overwrite-output: expected one argument
[2026-05-07T21:57:28.838+0000] {subprocess.py:93} INFO - Jumia done with warnings
[2026-05-07T21:57:28.841+0000] {subprocess.py:97} INFO - Command exited with return code 0
[2026-05-07T21:57:28.971+0000] {taskinstance.py:1138} INFO - Marking task as SUCCESS. dag_id=price_intelligence_pipeline, task_id=scrape_jumia, execution_date=20260507T200000, start_date=20260507T215722, end_date=20260507T215728
[2026-05-07T21:57:29.086+0000] {local_task_job_runner.py:234} INFO - Task exited with return code 0
[2026-05-07T21:57:29.202+0000] {taskinstance.py:3280} INFO - 0 downstream tasks scheduled from follow-on schedule check
