[2026-05-22T19:01:26.720+0000] {taskinstance.py:1956} INFO - Dependencies all met for dep_context=non-requeueable deps ti=<TaskInstance: price_intelligence_pipeline.dbt_run scheduled__2026-05-22T18:00:00+00:00 [queued]>
[2026-05-22T19:01:26.731+0000] {taskinstance.py:1956} INFO - Dependencies all met for dep_context=requeueable deps ti=<TaskInstance: price_intelligence_pipeline.dbt_run scheduled__2026-05-22T18:00:00+00:00 [queued]>
[2026-05-22T19:01:26.732+0000] {taskinstance.py:2170} INFO - Starting attempt 1 of 2
[2026-05-22T19:01:26.748+0000] {taskinstance.py:2191} INFO - Executing <Task(BashOperator): dbt_run> on 2026-05-22 18:00:00+00:00
[2026-05-22T19:01:26.754+0000] {standard_task_runner.py:60} INFO - Started process 86141 to run task
[2026-05-22T19:01:26.758+0000] {standard_task_runner.py:87} INFO - Running: ['***', 'tasks', 'run', 'price_intelligence_pipeline', 'dbt_run', 'scheduled__2026-05-22T18:00:00+00:00', '--job-id', '1778', '--raw', '--subdir', 'DAGS_FOLDER/price_intelligence_dag.py', '--cfg-path', '/tmp/tmpuchliyfw']
[2026-05-22T19:01:26.761+0000] {standard_task_runner.py:88} INFO - Job 1778: Subtask dbt_run
[2026-05-22T19:01:26.844+0000] {task_command.py:423} INFO - Running <TaskInstance: price_intelligence_pipeline.dbt_run scheduled__2026-05-22T18:00:00+00:00 [running]> on host 91e0d3a0a233
[2026-05-22T19:01:26.965+0000] {taskinstance.py:2480} INFO - Exporting env vars: AIRFLOW_CTX_DAG_OWNER='***' AIRFLOW_CTX_DAG_ID='price_intelligence_pipeline' AIRFLOW_CTX_TASK_ID='dbt_run' AIRFLOW_CTX_EXECUTION_DATE='2026-05-22T18:00:00+00:00' AIRFLOW_CTX_TRY_NUMBER='1' AIRFLOW_CTX_DAG_RUN_ID='scheduled__2026-05-22T18:00:00+00:00'
[2026-05-22T19:01:26.967+0000] {subprocess.py:63} INFO - Tmp dir root location: /tmp
[2026-05-22T19:01:26.969+0000] {subprocess.py:75} INFO - Running command: ['/usr/bin/bash', '-c', '\n            set -e\n            cd /opt/***/dbt\n            export GOOGLE_APPLICATION_CREDENTIALS=/opt/***/gcp-credentials-new.json\n            /home/***/.local/bin/dbt run --full-refresh --profiles-dir . --project-dir .\n            echo dbt done\n        ']
[2026-05-22T19:01:26.983+0000] {subprocess.py:86} INFO - Output:
[2026-05-22T19:01:28.893+0000] {subprocess.py:93} INFO - [0m19:01:28  Running with dbt=1.8.7
[2026-05-22T19:01:30.000+0000] {subprocess.py:93} INFO - [0m19:01:30  Registered adapter: bigquery=1.8.3
[2026-05-22T19:01:30.814+0000] {subprocess.py:93} INFO - [0m19:01:30  Found 3 models, 1 seed, 7 data tests, 1 source, 479 macros
[2026-05-22T19:01:30.817+0000] {subprocess.py:93} INFO - [0m19:01:30
[2026-05-22T19:01:32.723+0000] {subprocess.py:93} INFO - [0m19:01:32  Concurrency: 4 threads (target='dev')
[2026-05-22T19:01:32.724+0000] {subprocess.py:93} INFO - [0m19:01:32
[2026-05-22T19:01:32.744+0000] {subprocess.py:93} INFO - [0m19:01:32  1 of 3 START sql view model price_intelligence_dbt.stg_prices .................. [RUN]
[2026-05-22T19:01:34.538+0000] {subprocess.py:93} INFO - [0m19:01:34  1 of 3 OK created sql view model price_intelligence_dbt.stg_prices ............. [[32mCREATE VIEW (0 processed)[0m in 1.79s]
[2026-05-22T19:01:34.542+0000] {subprocess.py:93} INFO - [0m19:01:34  2 of 3 START sql table model price_intelligence_dbt.prices_cleaned ............. [RUN]
[2026-05-22T19:01:38.901+0000] {subprocess.py:93} INFO - [0m19:01:38  2 of 3 OK created sql table model price_intelligence_dbt.prices_cleaned ........ [[32mCREATE TABLE (5.0k rows, 2.6 MiB processed)[0m in 4.36s]
[2026-05-22T19:01:38.905+0000] {subprocess.py:93} INFO - [0m19:01:38  3 of 3 START sql table model price_intelligence_dbt.prices_aggregated .......... [RUN]
[2026-05-22T19:01:42.531+0000] {subprocess.py:93} INFO - [0m19:01:42  3 of 3 OK created sql table model price_intelligence_dbt.prices_aggregated ..... [[32mCREATE TABLE (11.0 rows, 231.8 KiB processed)[0m in 3.62s]
[2026-05-22T19:01:42.545+0000] {subprocess.py:93} INFO - [0m19:01:42
[2026-05-22T19:01:42.547+0000] {subprocess.py:93} INFO - [0m19:01:42  Finished running 1 view model, 2 table models in 0 hours 0 minutes and 11.73 seconds (11.73s).
[2026-05-22T19:01:42.640+0000] {subprocess.py:93} INFO - [0m19:01:42
[2026-05-22T19:01:42.641+0000] {subprocess.py:93} INFO - [0m19:01:42  [32mCompleted successfully[0m
[2026-05-22T19:01:42.642+0000] {subprocess.py:93} INFO - [0m19:01:42
[2026-05-22T19:01:42.643+0000] {subprocess.py:93} INFO - [0m19:01:42  Done. PASS=3 WARN=0 ERROR=0 SKIP=0 TOTAL=3
[2026-05-22T19:01:47.191+0000] {subprocess.py:93} INFO - dbt done
[2026-05-22T19:01:47.202+0000] {subprocess.py:97} INFO - Command exited with return code 0
[2026-05-22T19:01:47.267+0000] {taskinstance.py:1138} INFO - Marking task as SUCCESS. dag_id=price_intelligence_pipeline, task_id=dbt_run, execution_date=20260522T180000, start_date=20260522T190126, end_date=20260522T190147
[2026-05-22T19:01:47.312+0000] {local_task_job_runner.py:234} INFO - Task exited with return code 0
[2026-05-22T19:01:47.367+0000] {taskinstance.py:3280} INFO - 1 downstream tasks scheduled from follow-on schedule check
