[2026-05-08T16:54:29.147+0000] {taskinstance.py:1956} INFO - Dependencies all met for dep_context=non-requeueable deps ti=<TaskInstance: price_intelligence_pipeline.dbt_run scheduled__2026-05-08T15:00:00+00:00 [queued]>
[2026-05-08T16:54:29.179+0000] {taskinstance.py:1956} INFO - Dependencies all met for dep_context=requeueable deps ti=<TaskInstance: price_intelligence_pipeline.dbt_run scheduled__2026-05-08T15:00:00+00:00 [queued]>
[2026-05-08T16:54:29.181+0000] {taskinstance.py:2170} INFO - Starting attempt 2 of 2
[2026-05-08T16:54:29.221+0000] {taskinstance.py:2191} INFO - Executing <Task(BashOperator): dbt_run> on 2026-05-08 15:00:00+00:00
[2026-05-08T16:54:29.236+0000] {standard_task_runner.py:60} INFO - Started process 4943 to run task
[2026-05-08T16:54:29.245+0000] {standard_task_runner.py:87} INFO - Running: ['***', 'tasks', 'run', 'price_intelligence_pipeline', 'dbt_run', 'scheduled__2026-05-08T15:00:00+00:00', '--job-id', '776', '--raw', '--subdir', 'DAGS_FOLDER/price_intelligence_dag.py', '--cfg-path', '/tmp/tmp4uld9q8_']
[2026-05-08T16:54:29.253+0000] {standard_task_runner.py:88} INFO - Job 776: Subtask dbt_run
[2026-05-08T16:54:29.476+0000] {task_command.py:423} INFO - Running <TaskInstance: price_intelligence_pipeline.dbt_run scheduled__2026-05-08T15:00:00+00:00 [running]> on host 25ef6dfa8bdc
[2026-05-08T16:54:29.891+0000] {taskinstance.py:2480} INFO - Exporting env vars: AIRFLOW_CTX_DAG_OWNER='***' AIRFLOW_CTX_DAG_ID='price_intelligence_pipeline' AIRFLOW_CTX_TASK_ID='dbt_run' AIRFLOW_CTX_EXECUTION_DATE='2026-05-08T15:00:00+00:00' AIRFLOW_CTX_TRY_NUMBER='2' AIRFLOW_CTX_DAG_RUN_ID='scheduled__2026-05-08T15:00:00+00:00'
[2026-05-08T16:54:29.908+0000] {subprocess.py:63} INFO - Tmp dir root location: /tmp
[2026-05-08T16:54:29.926+0000] {subprocess.py:75} INFO - Running command: ['/usr/bin/bash', '-c', '\n            set -e\n            cd /opt/***/dbt\n            export GOOGLE_APPLICATION_CREDENTIALS=/opt/***/gcp-credentials-new.json\n            /home/***/.local/bin/dbt run --full-refresh --profiles-dir . --project-dir .\n            echo dbt done\n        ']
[2026-05-08T16:54:29.976+0000] {subprocess.py:86} INFO - Output:
[2026-05-08T16:54:36.707+0000] {subprocess.py:93} INFO - [0m16:54:36  Running with dbt=1.8.7
[2026-05-08T16:54:43.395+0000] {subprocess.py:93} INFO - [0m16:54:43  Registered adapter: bigquery=1.8.3
[2026-05-08T16:54:46.624+0000] {subprocess.py:93} INFO - [0m16:54:46  Found 3 models, 1 seed, 7 data tests, 1 source, 479 macros
[2026-05-08T16:54:46.645+0000] {subprocess.py:93} INFO - [0m16:54:46
[2026-05-08T16:54:49.143+0000] {subprocess.py:93} INFO - [0m16:54:49  Concurrency: 4 threads (target='dev')
[2026-05-08T16:54:49.144+0000] {subprocess.py:93} INFO - [0m16:54:49
[2026-05-08T16:54:49.179+0000] {subprocess.py:93} INFO - [0m16:54:49  1 of 3 START sql view model price_intelligence_dbt.stg_prices .................. [RUN]
[2026-05-08T16:54:52.364+0000] {subprocess.py:93} INFO - [0m16:54:52  BigQuery adapter: https://console.cloud.google.com/bigquery?project=project-32a82952-90fa-4dd7-b9c&j=bq:US:2b283956-1df4-4cf7-97c1-472bda1e0ccf&page=queryresults
[2026-05-08T16:54:52.411+0000] {subprocess.py:93} INFO - [0m16:54:52  1 of 3 ERROR creating sql view model price_intelligence_dbt.stg_prices ......... [[31mERROR[0m in 3.22s]
[2026-05-08T16:54:52.426+0000] {subprocess.py:93} INFO - [0m16:54:52  2 of 3 SKIP relation price_intelligence_dbt.prices_cleaned ..................... [[33mSKIP[0m]
[2026-05-08T16:54:52.438+0000] {subprocess.py:93} INFO - [0m16:54:52  3 of 3 SKIP relation price_intelligence_dbt.prices_aggregated .................. [[33mSKIP[0m]
[2026-05-08T16:54:52.476+0000] {subprocess.py:93} INFO - [0m16:54:52
[2026-05-08T16:54:52.489+0000] {subprocess.py:93} INFO - [0m16:54:52  Finished running 1 view model, 2 table models in 0 hours 0 minutes and 5.83 seconds (5.83s).
[2026-05-08T16:54:52.651+0000] {subprocess.py:93} INFO - [0m16:54:52
[2026-05-08T16:54:52.653+0000] {subprocess.py:93} INFO - [0m16:54:52  [31mCompleted with 1 error and 0 warnings:[0m
[2026-05-08T16:54:52.654+0000] {subprocess.py:93} INFO - [0m16:54:52
[2026-05-08T16:54:52.656+0000] {subprocess.py:93} INFO - [0m16:54:52    Database Error in model stg_prices (models/staging/stg_prices.sql)
[2026-05-08T16:54:52.657+0000] {subprocess.py:93} INFO -   Unrecognized name: old_price at [11:10]
[2026-05-08T16:54:52.658+0000] {subprocess.py:93} INFO -   compiled code at target/run/price_intelligence/models/staging/stg_prices.sql
[2026-05-08T16:54:52.659+0000] {subprocess.py:93} INFO - [0m16:54:52
[2026-05-08T16:54:52.661+0000] {subprocess.py:93} INFO - [0m16:54:52  Done. PASS=0 WARN=0 ERROR=1 SKIP=2 TOTAL=3
[2026-05-08T16:54:54.724+0000] {subprocess.py:97} INFO - Command exited with return code 1
[2026-05-08T16:54:54.797+0000] {taskinstance.py:2698} ERROR - Task failed with exception
Traceback (most recent call last):
  File "/home/airflow/.local/lib/python3.8/site-packages/airflow/models/taskinstance.py", line 428, in _execute_task
    result = execute_callable(context=context, **execute_callable_kwargs)
  File "/home/airflow/.local/lib/python3.8/site-packages/airflow/operators/bash.py", line 212, in execute
    raise AirflowException(
airflow.exceptions.AirflowException: Bash command failed. The command returned a non-zero exit code 1.
[2026-05-08T16:54:54.817+0000] {taskinstance.py:1138} INFO - Marking task as FAILED. dag_id=price_intelligence_pipeline, task_id=dbt_run, execution_date=20260508T150000, start_date=20260508T165429, end_date=20260508T165454
[2026-05-08T16:54:54.884+0000] {standard_task_runner.py:107} ERROR - Failed to execute job 776 for task dbt_run (Bash command failed. The command returned a non-zero exit code 1.; 4943)
[2026-05-08T16:54:55.013+0000] {local_task_job_runner.py:234} INFO - Task exited with return code 1
[2026-05-08T16:54:55.094+0000] {taskinstance.py:3280} INFO - 0 downstream tasks scheduled from follow-on schedule check
