[2026-05-08T16:52:07.032+0000] {taskinstance.py:1956} INFO - Dependencies all met for dep_context=non-requeueable deps ti=<TaskInstance: price_intelligence_pipeline.dbt_run scheduled__2026-05-08T15:00:00+00:00 [queued]>
[2026-05-08T16:52:07.064+0000] {taskinstance.py:1956} INFO - Dependencies all met for dep_context=requeueable deps ti=<TaskInstance: price_intelligence_pipeline.dbt_run scheduled__2026-05-08T15:00:00+00:00 [queued]>
[2026-05-08T16:52:07.066+0000] {taskinstance.py:2170} INFO - Starting attempt 1 of 2
[2026-05-08T16:52:07.125+0000] {taskinstance.py:2191} INFO - Executing <Task(BashOperator): dbt_run> on 2026-05-08 15:00:00+00:00
[2026-05-08T16:52:07.148+0000] {standard_task_runner.py:60} INFO - Started process 4870 to run task
[2026-05-08T16:52:07.164+0000] {standard_task_runner.py:87} INFO - Running: ['***', 'tasks', 'run', 'price_intelligence_pipeline', 'dbt_run', 'scheduled__2026-05-08T15:00:00+00:00', '--job-id', '775', '--raw', '--subdir', 'DAGS_FOLDER/price_intelligence_dag.py', '--cfg-path', '/tmp/tmp9bffl4hl']
[2026-05-08T16:52:07.172+0000] {standard_task_runner.py:88} INFO - Job 775: Subtask dbt_run
[2026-05-08T16:52:07.400+0000] {task_command.py:423} INFO - Running <TaskInstance: price_intelligence_pipeline.dbt_run scheduled__2026-05-08T15:00:00+00:00 [running]> on host 25ef6dfa8bdc
[2026-05-08T16:52:07.798+0000] {taskinstance.py:2480} INFO - Exporting env vars: AIRFLOW_CTX_DAG_OWNER='***' AIRFLOW_CTX_DAG_ID='price_intelligence_pipeline' AIRFLOW_CTX_TASK_ID='dbt_run' AIRFLOW_CTX_EXECUTION_DATE='2026-05-08T15:00:00+00:00' AIRFLOW_CTX_TRY_NUMBER='1' AIRFLOW_CTX_DAG_RUN_ID='scheduled__2026-05-08T15:00:00+00:00'
[2026-05-08T16:52:07.802+0000] {subprocess.py:63} INFO - Tmp dir root location: /tmp
[2026-05-08T16:52:07.809+0000] {subprocess.py:75} INFO - Running command: ['/usr/bin/bash', '-c', '\n            set -e\n            cd /opt/***/dbt\n            export GOOGLE_APPLICATION_CREDENTIALS=/opt/***/gcp-credentials-new.json\n            /home/***/.local/bin/dbt run --full-refresh --profiles-dir . --project-dir .\n            echo dbt done\n        ']
[2026-05-08T16:52:07.837+0000] {subprocess.py:86} INFO - Output:
[2026-05-08T16:52:12.980+0000] {subprocess.py:93} INFO - [0m16:52:12  Running with dbt=1.8.7
[2026-05-08T16:52:16.899+0000] {subprocess.py:93} INFO - [0m16:52:16  Registered adapter: bigquery=1.8.3
[2026-05-08T16:52:18.468+0000] {subprocess.py:93} INFO - [0m16:52:18  Found 3 models, 1 seed, 7 data tests, 1 source, 479 macros
[2026-05-08T16:52:18.476+0000] {subprocess.py:93} INFO - [0m16:52:18
[2026-05-08T16:52:21.781+0000] {subprocess.py:93} INFO - [0m16:52:21  Concurrency: 4 threads (target='dev')
[2026-05-08T16:52:21.783+0000] {subprocess.py:93} INFO - [0m16:52:21
[2026-05-08T16:52:21.805+0000] {subprocess.py:93} INFO - [0m16:52:21  1 of 3 START sql view model price_intelligence_dbt.stg_prices .................. [RUN]
[2026-05-08T16:52:25.698+0000] {subprocess.py:93} INFO - [0m16:52:25  BigQuery adapter: https://console.cloud.google.com/bigquery?project=project-32a82952-90fa-4dd7-b9c&j=bq:US:94d7b1e8-6518-4baf-acdf-9f1131deff39&page=queryresults
[2026-05-08T16:52:25.727+0000] {subprocess.py:93} INFO - [0m16:52:25  1 of 3 ERROR creating sql view model price_intelligence_dbt.stg_prices ......... [[31mERROR[0m in 3.91s]
[2026-05-08T16:52:25.740+0000] {subprocess.py:93} INFO - [0m16:52:25  2 of 3 SKIP relation price_intelligence_dbt.prices_cleaned ..................... [[33mSKIP[0m]
[2026-05-08T16:52:25.749+0000] {subprocess.py:93} INFO - [0m16:52:25  3 of 3 SKIP relation price_intelligence_dbt.prices_aggregated .................. [[33mSKIP[0m]
[2026-05-08T16:52:25.764+0000] {subprocess.py:93} INFO - [0m16:52:25
[2026-05-08T16:52:25.766+0000] {subprocess.py:93} INFO - [0m16:52:25  Finished running 1 view model, 2 table models in 0 hours 0 minutes and 7.28 seconds (7.28s).
[2026-05-08T16:52:25.976+0000] {subprocess.py:93} INFO - [0m16:52:25
[2026-05-08T16:52:25.981+0000] {subprocess.py:93} INFO - [0m16:52:25  [31mCompleted with 1 error and 0 warnings:[0m
[2026-05-08T16:52:25.983+0000] {subprocess.py:93} INFO - [0m16:52:25
[2026-05-08T16:52:25.986+0000] {subprocess.py:93} INFO - [0m16:52:25    Database Error in model stg_prices (models/staging/stg_prices.sql)
[2026-05-08T16:52:25.989+0000] {subprocess.py:93} INFO -   Unrecognized name: old_price at [11:10]
[2026-05-08T16:52:25.991+0000] {subprocess.py:93} INFO -   compiled code at target/run/price_intelligence/models/staging/stg_prices.sql
[2026-05-08T16:52:25.992+0000] {subprocess.py:93} INFO - [0m16:52:25
[2026-05-08T16:52:25.994+0000] {subprocess.py:93} INFO - [0m16:52:25  Done. PASS=0 WARN=0 ERROR=1 SKIP=2 TOTAL=3
[2026-05-08T16:52:27.918+0000] {subprocess.py:97} INFO - Command exited with return code 1
[2026-05-08T16:52:27.965+0000] {taskinstance.py:2698} ERROR - Task failed with exception
Traceback (most recent call last):
  File "/home/airflow/.local/lib/python3.8/site-packages/airflow/models/taskinstance.py", line 428, in _execute_task
    result = execute_callable(context=context, **execute_callable_kwargs)
  File "/home/airflow/.local/lib/python3.8/site-packages/airflow/operators/bash.py", line 212, in execute
    raise AirflowException(
airflow.exceptions.AirflowException: Bash command failed. The command returned a non-zero exit code 1.
[2026-05-08T16:52:27.975+0000] {taskinstance.py:1138} INFO - Marking task as UP_FOR_RETRY. dag_id=price_intelligence_pipeline, task_id=dbt_run, execution_date=20260508T150000, start_date=20260508T165207, end_date=20260508T165227
[2026-05-08T16:52:28.017+0000] {standard_task_runner.py:107} ERROR - Failed to execute job 775 for task dbt_run (Bash command failed. The command returned a non-zero exit code 1.; 4870)
[2026-05-08T16:52:28.050+0000] {local_task_job_runner.py:234} INFO - Task exited with return code 1
[2026-05-08T16:52:28.142+0000] {taskinstance.py:3280} INFO - 0 downstream tasks scheduled from follow-on schedule check
