[2026-05-05T21:36:35.567+0000] {taskinstance.py:1956} INFO - Dependencies all met for dep_context=non-requeueable deps ti=<TaskInstance: price_intelligence_pipeline.scrape_avito manual__2026-05-05T20:46:42+00:00 [queued]>
[2026-05-05T21:36:35.602+0000] {taskinstance.py:1956} INFO - Dependencies all met for dep_context=requeueable deps ti=<TaskInstance: price_intelligence_pipeline.scrape_avito manual__2026-05-05T20:46:42+00:00 [queued]>
[2026-05-05T21:36:35.605+0000] {taskinstance.py:2170} INFO - Starting attempt 1 of 3
[2026-05-05T21:36:35.659+0000] {taskinstance.py:2191} INFO - Executing <Task(BashOperator): scrape_avito> on 2026-05-05 20:46:42+00:00
[2026-05-05T21:36:35.673+0000] {standard_task_runner.py:60} INFO - Started process 6683 to run task
[2026-05-05T21:36:35.685+0000] {standard_task_runner.py:87} INFO - Running: ['***', 'tasks', 'run', 'price_intelligence_pipeline', 'scrape_avito', 'manual__2026-05-05T20:46:42+00:00', '--job-id', '380', '--raw', '--subdir', 'DAGS_FOLDER/price_intelligence_dag.py', '--cfg-path', '/tmp/tmpr0q7z05y']
[2026-05-05T21:36:35.692+0000] {standard_task_runner.py:88} INFO - Job 380: Subtask scrape_avito
[2026-05-05T21:36:35.956+0000] {task_command.py:423} INFO - Running <TaskInstance: price_intelligence_pipeline.scrape_avito manual__2026-05-05T20:46:42+00:00 [running]> on host 25ef6dfa8bdc
[2026-05-05T21:36:36.408+0000] {taskinstance.py:2480} INFO - Exporting env vars: AIRFLOW_CTX_DAG_OWNER='***' AIRFLOW_CTX_DAG_ID='price_intelligence_pipeline' AIRFLOW_CTX_TASK_ID='scrape_avito' AIRFLOW_CTX_EXECUTION_DATE='2026-05-05T20:46:42+00:00' AIRFLOW_CTX_TRY_NUMBER='1' AIRFLOW_CTX_DAG_RUN_ID='manual__2026-05-05T20:46:42+00:00'
[2026-05-05T21:36:36.414+0000] {subprocess.py:63} INFO - Tmp dir root location: /tmp
[2026-05-05T21:36:36.422+0000] {subprocess.py:75} INFO - Running command: ['/usr/bin/bash', '-c', '\n            cd /opt/***\n            mkdir -p data/raw\n            export DISPLAY=:99\n            python3 scrapers/spiders/avito_ma.py || echo "Avito done with warnings"\n        ']
[2026-05-05T21:36:36.457+0000] {subprocess.py:86} INFO - Output:
[2026-05-05T21:36:42.118+0000] {subprocess.py:93} INFO - Traceback (most recent call last):
[2026-05-05T21:36:42.122+0000] {subprocess.py:93} INFO -   File "/home/***/.local/lib/python3.8/site-packages/urllib3/connection.py", line 174, in _new_conn
[2026-05-05T21:36:42.130+0000] {subprocess.py:93} INFO -     conn = connection.create_connection(
[2026-05-05T21:36:42.133+0000] {subprocess.py:93} INFO -   File "/home/***/.local/lib/python3.8/site-packages/urllib3/util/connection.py", line 72, in create_connection
[2026-05-05T21:36:42.138+0000] {subprocess.py:93} INFO -     for res in socket.getaddrinfo(host, port, family, socket.SOCK_STREAM):
[2026-05-05T21:36:42.141+0000] {subprocess.py:93} INFO -   File "/usr/local/lib/python3.8/socket.py", line 918, in getaddrinfo
[2026-05-05T21:36:42.145+0000] {subprocess.py:93} INFO -     for res in _socket.getaddrinfo(host, port, family, type, proto, flags):
[2026-05-05T21:36:42.148+0000] {subprocess.py:93} INFO - socket.gaierror: [Errno -5] No address associated with hostname
[2026-05-05T21:36:42.150+0000] {subprocess.py:93} INFO - 
[2026-05-05T21:36:42.151+0000] {subprocess.py:93} INFO - During handling of the above exception, another exception occurred:
[2026-05-05T21:36:42.167+0000] {subprocess.py:93} INFO - 
[2026-05-05T21:36:42.170+0000] {subprocess.py:93} INFO - Traceback (most recent call last):
[2026-05-05T21:36:42.182+0000] {subprocess.py:93} INFO -   File "/home/***/.local/lib/python3.8/site-packages/urllib3/connectionpool.py", line 715, in urlopen
[2026-05-05T21:36:42.188+0000] {subprocess.py:93} INFO -     httplib_response = self._make_request(
[2026-05-05T21:36:42.189+0000] {subprocess.py:93} INFO -   File "/home/***/.local/lib/python3.8/site-packages/urllib3/connectionpool.py", line 404, in _make_request
[2026-05-05T21:36:42.192+0000] {subprocess.py:93} INFO -     self._validate_conn(conn)
[2026-05-05T21:36:42.195+0000] {subprocess.py:93} INFO -   File "/home/***/.local/lib/python3.8/site-packages/urllib3/connectionpool.py", line 1058, in _validate_conn
[2026-05-05T21:36:42.196+0000] {subprocess.py:93} INFO -     conn.connect()
[2026-05-05T21:36:42.205+0000] {subprocess.py:93} INFO -   File "/home/***/.local/lib/python3.8/site-packages/urllib3/connection.py", line 363, in connect
[2026-05-05T21:36:42.206+0000] {subprocess.py:93} INFO -     self.sock = conn = self._new_conn()
[2026-05-05T21:36:42.209+0000] {subprocess.py:93} INFO -   File "/home/***/.local/lib/python3.8/site-packages/urllib3/connection.py", line 186, in _new_conn
[2026-05-05T21:36:42.216+0000] {subprocess.py:93} INFO -     raise NewConnectionError(
[2026-05-05T21:36:42.217+0000] {subprocess.py:93} INFO - urllib3.exceptions.NewConnectionError: <urllib3.connection.HTTPSConnection object at 0x75cb8d8a3fa0>: Failed to establish a new connection: [Errno -5] No address associated with hostname
[2026-05-05T21:36:42.219+0000] {subprocess.py:93} INFO - 
[2026-05-05T21:36:42.227+0000] {subprocess.py:93} INFO - During handling of the above exception, another exception occurred:
[2026-05-05T21:36:42.237+0000] {subprocess.py:93} INFO - 
[2026-05-05T21:36:42.238+0000] {subprocess.py:93} INFO - Traceback (most recent call last):
[2026-05-05T21:36:42.240+0000] {subprocess.py:93} INFO -   File "/home/***/.local/lib/python3.8/site-packages/requests/adapters.py", line 486, in send
[2026-05-05T21:36:42.242+0000] {subprocess.py:93} INFO -     resp = conn.urlopen(
[2026-05-05T21:36:42.242+0000] {subprocess.py:93} INFO -   File "/home/***/.local/lib/python3.8/site-packages/urllib3/connectionpool.py", line 799, in urlopen
[2026-05-05T21:36:42.243+0000] {subprocess.py:93} INFO -     retries = retries.increment(
[2026-05-05T21:36:42.244+0000] {subprocess.py:93} INFO -   File "/home/***/.local/lib/python3.8/site-packages/urllib3/util/retry.py", line 592, in increment
[2026-05-05T21:36:42.252+0000] {subprocess.py:93} INFO -     raise MaxRetryError(_pool, url, error or ResponseError(cause))
[2026-05-05T21:36:42.256+0000] {subprocess.py:93} INFO - urllib3.exceptions.MaxRetryError: HTTPSConnectionPool(host='chromedriver.storage.googleapis.com', port=443): Max retries exceeded with url: /LATEST_RELEASE (Caused by NewConnectionError('<urllib3.connection.HTTPSConnection object at 0x75cb8d8a3fa0>: Failed to establish a new connection: [Errno -5] No address associated with hostname'))
[2026-05-05T21:36:42.258+0000] {subprocess.py:93} INFO - 
[2026-05-05T21:36:42.271+0000] {subprocess.py:93} INFO - During handling of the above exception, another exception occurred:
[2026-05-05T21:36:42.275+0000] {subprocess.py:93} INFO - 
[2026-05-05T21:36:42.276+0000] {subprocess.py:93} INFO - Traceback (most recent call last):
[2026-05-05T21:36:42.286+0000] {subprocess.py:93} INFO -   File "/home/***/.local/lib/python3.8/site-packages/webdriver_manager/core/http.py", line 32, in get
[2026-05-05T21:36:42.288+0000] {subprocess.py:93} INFO -     resp = requests.get(
[2026-05-05T21:36:42.289+0000] {subprocess.py:93} INFO -   File "/home/***/.local/lib/python3.8/site-packages/requests/api.py", line 73, in get
[2026-05-05T21:36:42.290+0000] {subprocess.py:93} INFO -     return request("get", url, params=params, **kwargs)
[2026-05-05T21:36:42.295+0000] {subprocess.py:93} INFO -   File "/home/***/.local/lib/python3.8/site-packages/requests/api.py", line 59, in request
[2026-05-05T21:36:42.296+0000] {subprocess.py:93} INFO -     return session.request(method=method, url=url, **kwargs)
[2026-05-05T21:36:42.301+0000] {subprocess.py:93} INFO -   File "/home/***/.local/lib/python3.8/site-packages/requests/sessions.py", line 589, in request
[2026-05-05T21:36:42.304+0000] {subprocess.py:93} INFO -     resp = self.send(prep, **send_kwargs)
[2026-05-05T21:36:42.305+0000] {subprocess.py:93} INFO -   File "/home/***/.local/lib/python3.8/site-packages/requests/sessions.py", line 703, in send
[2026-05-05T21:36:42.307+0000] {subprocess.py:93} INFO -     r = adapter.send(request, **kwargs)
[2026-05-05T21:36:42.313+0000] {subprocess.py:93} INFO -   File "/home/***/.local/lib/python3.8/site-packages/requests/adapters.py", line 519, in send
[2026-05-05T21:36:42.315+0000] {subprocess.py:93} INFO -     raise ConnectionError(e, request=request)
[2026-05-05T21:36:42.319+0000] {subprocess.py:93} INFO - requests.exceptions.ConnectionError: HTTPSConnectionPool(host='chromedriver.storage.googleapis.com', port=443): Max retries exceeded with url: /LATEST_RELEASE (Caused by NewConnectionError('<urllib3.connection.HTTPSConnection object at 0x75cb8d8a3fa0>: Failed to establish a new connection: [Errno -5] No address associated with hostname'))
[2026-05-05T21:36:42.320+0000] {subprocess.py:93} INFO - 
[2026-05-05T21:36:42.322+0000] {subprocess.py:93} INFO - During handling of the above exception, another exception occurred:
[2026-05-05T21:36:42.323+0000] {subprocess.py:93} INFO - 
[2026-05-05T21:36:42.325+0000] {subprocess.py:93} INFO - Traceback (most recent call last):
[2026-05-05T21:36:42.326+0000] {subprocess.py:93} INFO -   File "scrapers/spiders/avito_ma.py", line 93, in <module>
[2026-05-05T21:36:42.327+0000] {subprocess.py:93} INFO -     scrape_avito()
[2026-05-05T21:36:42.329+0000] {subprocess.py:93} INFO -   File "scrapers/spiders/avito_ma.py", line 25, in scrape_avito
[2026-05-05T21:36:42.330+0000] {subprocess.py:93} INFO -     driver = webdriver.Chrome(service=Service(ChromeDriverManager().install()), options=options)
[2026-05-05T21:36:42.331+0000] {subprocess.py:93} INFO -   File "/home/***/.local/lib/python3.8/site-packages/webdriver_manager/chrome.py", line 40, in install
[2026-05-05T21:36:42.332+0000] {subprocess.py:93} INFO -     driver_path = self._get_driver_binary_path(self.driver)
[2026-05-05T21:36:42.333+0000] {subprocess.py:93} INFO -   File "/home/***/.local/lib/python3.8/site-packages/webdriver_manager/core/manager.py", line 40, in _get_driver_binary_path
[2026-05-05T21:36:42.334+0000] {subprocess.py:93} INFO -     file = self._download_manager.download_file(driver.get_driver_download_url(os_type))
[2026-05-05T21:36:42.335+0000] {subprocess.py:93} INFO -   File "/home/***/.local/lib/python3.8/site-packages/webdriver_manager/drivers/chrome.py", line 32, in get_driver_download_url
[2026-05-05T21:36:42.340+0000] {subprocess.py:93} INFO -     driver_version_to_download = self.get_driver_version_to_download()
[2026-05-05T21:36:42.342+0000] {subprocess.py:93} INFO -   File "/home/***/.local/lib/python3.8/site-packages/webdriver_manager/core/driver.py", line 48, in get_driver_version_to_download
[2026-05-05T21:36:42.343+0000] {subprocess.py:93} INFO -     return self.get_latest_release_version()
[2026-05-05T21:36:42.344+0000] {subprocess.py:93} INFO -   File "/home/***/.local/lib/python3.8/site-packages/webdriver_manager/drivers/chrome.py", line 70, in get_latest_release_version
[2026-05-05T21:36:42.345+0000] {subprocess.py:93} INFO -     resp = self._http_client.get(url=latest_release_url)
[2026-05-05T21:36:42.349+0000] {subprocess.py:93} INFO -   File "/home/***/.local/lib/python3.8/site-packages/webdriver_manager/core/http.py", line 35, in get
[2026-05-05T21:36:42.350+0000] {subprocess.py:93} INFO -     raise exceptions.ConnectionError(f"Could not reach host. Are you offline?")
[2026-05-05T21:36:42.351+0000] {subprocess.py:93} INFO - requests.exceptions.ConnectionError: Could not reach host. Are you offline?
[2026-05-05T21:36:42.353+0000] {subprocess.py:93} INFO - Avito done with warnings
[2026-05-05T21:36:42.354+0000] {subprocess.py:97} INFO - Command exited with return code 0
[2026-05-05T21:36:42.452+0000] {taskinstance.py:1138} INFO - Marking task as SUCCESS. dag_id=price_intelligence_pipeline, task_id=scrape_avito, execution_date=20260505T204642, start_date=20260505T213635, end_date=20260505T213642
[2026-05-05T21:36:42.524+0000] {local_task_job_runner.py:234} INFO - Task exited with return code 0
[2026-05-05T21:36:42.595+0000] {taskinstance.py:3280} INFO - 1 downstream tasks scheduled from follow-on schedule check
