[2026-06-10T22:10:10.342+0000] {taskinstance.py:1956} INFO - Dependencies all met for dep_context=non-requeueable deps ti=<TaskInstance: price_intelligence_pipeline.load_bigquery scheduled__2026-06-10T12:00:00+00:00 [queued]>
[2026-06-10T22:10:10.454+0000] {taskinstance.py:1956} INFO - Dependencies all met for dep_context=requeueable deps ti=<TaskInstance: price_intelligence_pipeline.load_bigquery scheduled__2026-06-10T12:00:00+00:00 [queued]>
[2026-06-10T22:10:10.474+0000] {taskinstance.py:2170} INFO - Starting attempt 1 of 2
[2026-06-10T22:10:10.630+0000] {taskinstance.py:2191} INFO - Executing <Task(BashOperator): load_bigquery> on 2026-06-10 12:00:00+00:00
[2026-06-10T22:10:10.696+0000] {standard_task_runner.py:60} INFO - Started process 6461 to run task
[2026-06-10T22:10:10.747+0000] {standard_task_runner.py:87} INFO - Running: ['***', 'tasks', 'run', 'price_intelligence_pipeline', 'load_bigquery', 'scheduled__2026-06-10T12:00:00+00:00', '--job-id', '1965', '--raw', '--subdir', 'DAGS_FOLDER/price_intelligence_dag.py', '--cfg-path', '/tmp/tmpvcgwn6j0']
[2026-06-10T22:10:10.775+0000] {standard_task_runner.py:88} INFO - Job 1965: Subtask load_bigquery
[2026-06-10T22:10:11.327+0000] {task_command.py:423} INFO - Running <TaskInstance: price_intelligence_pipeline.load_bigquery scheduled__2026-06-10T12:00:00+00:00 [running]> on host 91e0d3a0a233
[2026-06-10T22:10:11.840+0000] {taskinstance.py:2480} INFO - Exporting env vars: AIRFLOW_CTX_DAG_OWNER='***' AIRFLOW_CTX_DAG_ID='price_intelligence_pipeline' AIRFLOW_CTX_TASK_ID='load_bigquery' AIRFLOW_CTX_EXECUTION_DATE='2026-06-10T12:00:00+00:00' AIRFLOW_CTX_TRY_NUMBER='1' AIRFLOW_CTX_DAG_RUN_ID='scheduled__2026-06-10T12:00:00+00:00'
[2026-06-10T22:10:11.844+0000] {subprocess.py:63} INFO - Tmp dir root location: /tmp
[2026-06-10T22:10:11.847+0000] {subprocess.py:75} INFO - Running command: ['/usr/bin/bash', '-c', '\n            set -e\n            cd /opt/***\n            export GOOGLE_APPLICATION_CREDENTIALS=/opt/***/gcp-credentials-new.json\n            python3 bigquery_load.py\n            echo BigQuery done\n        ']
[2026-06-10T22:10:11.881+0000] {subprocess.py:86} INFO - Output:
[2026-06-10T22:13:25.209+0000] {subprocess.py:93} INFO - /home/***/.local/lib/python3.8/site-packages/google/auth/_default.py:76: UserWarning: Your application has authenticated using end user credentials from Google Cloud SDK without a quota project. You might receive a "quota exceeded" or "API not enabled" error. See the following page for troubleshooting: https://cloud.google.com/docs/authentication/adc-troubleshooting/user-creds.
[2026-06-10T22:13:25.211+0000] {subprocess.py:93} INFO -   warnings.warn(_CLOUD_SDK_CREDENTIALS_WARNING)
[2026-06-10T22:13:25.219+0000] {subprocess.py:93} INFO - [OK] jumia.ma: 7004 rows
[2026-06-10T22:13:25.221+0000] {subprocess.py:93} INFO - [OK] avito.ma: 1692 rows
[2026-06-10T22:13:25.223+0000] {subprocess.py:93} INFO - [OK] amazon.com: 897 rows
[2026-06-10T22:13:25.225+0000] {subprocess.py:93} INFO - [OK] connecto.ma: 3061 rows
[2026-06-10T22:13:25.226+0000] {subprocess.py:93} INFO - 
[2026-06-10T22:13:25.231+0000] {subprocess.py:93} INFO - TOTAL: 12654 rows
[2026-06-10T22:13:25.236+0000] {subprocess.py:93} INFO - 
[2026-06-10T22:13:25.237+0000] {subprocess.py:93} INFO - ✅ 12654 lignes chargees dans BigQuery
[2026-06-10T22:13:25.238+0000] {subprocess.py:93} INFO - 
[2026-06-10T22:13:25.244+0000] {subprocess.py:93} INFO - === BigQuery par source ===
[2026-06-10T22:13:25.247+0000] {subprocess.py:93} INFO -   jumia.ma: 7004 produits | moy: 2944.0 MAD
[2026-06-10T22:13:25.260+0000] {subprocess.py:93} INFO -   connecto.ma: 3061 produits | moy: 5640.0 MAD
[2026-06-10T22:13:25.261+0000] {subprocess.py:93} INFO -   avito.ma: 1692 produits | moy: 1179383.0 MAD
[2026-06-10T22:13:25.272+0000] {subprocess.py:93} INFO -   amazon.com: 897 produits | moy: 4478.0 MAD
[2026-06-10T22:13:25.277+0000] {subprocess.py:93} INFO -   TOTAL: 12654
[2026-06-10T22:13:25.905+0000] {subprocess.py:93} INFO - BigQuery done
[2026-06-10T22:13:25.907+0000] {subprocess.py:97} INFO - Command exited with return code 0
[2026-06-10T22:13:26.111+0000] {taskinstance.py:1138} INFO - Marking task as SUCCESS. dag_id=price_intelligence_pipeline, task_id=load_bigquery, execution_date=20260610T120000, start_date=20260610T221010, end_date=20260610T221326
[2026-06-10T22:13:26.256+0000] {local_task_job_runner.py:234} INFO - Task exited with return code 0
[2026-06-10T22:13:26.444+0000] {taskinstance.py:3280} INFO - 0 downstream tasks scheduled from follow-on schedule check
