[2026-06-11T18:52:05.018+0000] {taskinstance.py:1956} INFO - Dependencies all met for dep_context=non-requeueable deps ti=<TaskInstance: price_intelligence_pipeline.dbt_run manual__2026-06-11T18:49:18+00:00 [queued]>
[2026-06-11T18:52:05.139+0000] {taskinstance.py:1956} INFO - Dependencies all met for dep_context=requeueable deps ti=<TaskInstance: price_intelligence_pipeline.dbt_run manual__2026-06-11T18:49:18+00:00 [queued]>
[2026-06-11T18:52:05.168+0000] {taskinstance.py:2170} INFO - Starting attempt 1 of 2
[2026-06-11T18:52:05.225+0000] {taskinstance.py:2191} INFO - Executing <Task(BashOperator): dbt_run> on 2026-06-11 18:49:18+00:00
[2026-06-11T18:52:05.243+0000] {standard_task_runner.py:60} INFO - Started process 2163 to run task
[2026-06-11T18:52:05.253+0000] {standard_task_runner.py:87} INFO - Running: ['***', 'tasks', 'run', 'price_intelligence_pipeline', 'dbt_run', 'manual__2026-06-11T18:49:18+00:00', '--job-id', '2010', '--raw', '--subdir', 'DAGS_FOLDER/price_intelligence_dag.py', '--cfg-path', '/tmp/tmp25a1o8eo']
[2026-06-11T18:52:05.260+0000] {standard_task_runner.py:88} INFO - Job 2010: Subtask dbt_run
[2026-06-11T18:52:05.399+0000] {task_command.py:423} INFO - Running <TaskInstance: price_intelligence_pipeline.dbt_run manual__2026-06-11T18:49:18+00:00 [running]> on host 91e0d3a0a233
[2026-06-11T18:52:05.688+0000] {taskinstance.py:2480} INFO - Exporting env vars: AIRFLOW_CTX_DAG_OWNER='***' AIRFLOW_CTX_DAG_ID='price_intelligence_pipeline' AIRFLOW_CTX_TASK_ID='dbt_run' AIRFLOW_CTX_EXECUTION_DATE='2026-06-11T18:49:18+00:00' AIRFLOW_CTX_TRY_NUMBER='1' AIRFLOW_CTX_DAG_RUN_ID='manual__2026-06-11T18:49:18+00:00'
[2026-06-11T18:52:05.695+0000] {subprocess.py:63} INFO - Tmp dir root location: /tmp
[2026-06-11T18:52:05.705+0000] {subprocess.py:75} INFO - Running command: ['/usr/bin/bash', '-c', '\n            set -e\n            cd /opt/***/dbt\n            export GOOGLE_APPLICATION_CREDENTIALS=/opt/***/gcp-credentials-new.json\n            /home/***/.local/bin/dbt run --full-refresh --profiles-dir . --project-dir .\n            echo dbt done\n        ']
[2026-06-11T18:52:05.740+0000] {subprocess.py:86} INFO - Output:
[2026-06-11T18:52:14.973+0000] {subprocess.py:93} INFO - [0m18:52:14  Running with dbt=1.8.7
[2026-06-11T18:52:18.834+0000] {subprocess.py:93} INFO - [0m18:52:18  Registered adapter: bigquery=1.8.3
[2026-06-11T18:52:21.341+0000] {subprocess.py:93} INFO - [0m18:52:21  Found 3 models, 1 seed, 7 data tests, 1 source, 479 macros
[2026-06-11T18:52:21.350+0000] {subprocess.py:93} INFO - [0m18:52:21
[2026-06-11T18:52:21.684+0000] {subprocess.py:93} INFO - [0m18:52:21
[2026-06-11T18:52:21.686+0000] {subprocess.py:93} INFO - [0m18:52:21  Finished running  in 0 hours 0 minutes and 0.33 seconds (0.33s).
[2026-06-11T18:52:21.693+0000] {subprocess.py:93} INFO - [0m18:52:21  Encountered an error:
[2026-06-11T18:52:21.695+0000] {subprocess.py:93} INFO - Runtime Error
[2026-06-11T18:52:21.697+0000] {subprocess.py:93} INFO -   Unable to generate access token, if you're using impersonate_service_account, make sure your initial account has the "roles/iam.serviceAccountTokenCreator" role on the account you are trying to impersonate.
[2026-06-11T18:52:21.699+0000] {subprocess.py:93} INFO - 
[2026-06-11T18:52:21.700+0000] {subprocess.py:93} INFO -   ('invalid_grant: Token has been expired or revoked.', {'error': 'invalid_grant', 'error_description': 'Token has been expired or revoked.'})
[2026-06-11T18:52:26.364+0000] {subprocess.py:97} INFO - Command exited with return code 2
[2026-06-11T18:52:26.405+0000] {taskinstance.py:2698} ERROR - Task failed with exception
Traceback (most recent call last):
  File "/home/airflow/.local/lib/python3.8/site-packages/airflow/models/taskinstance.py", line 428, in _execute_task
    result = execute_callable(context=context, **execute_callable_kwargs)
  File "/home/airflow/.local/lib/python3.8/site-packages/airflow/operators/bash.py", line 212, in execute
    raise AirflowException(
airflow.exceptions.AirflowException: Bash command failed. The command returned a non-zero exit code 2.
[2026-06-11T18:52:26.418+0000] {taskinstance.py:1138} INFO - Marking task as UP_FOR_RETRY. dag_id=price_intelligence_pipeline, task_id=dbt_run, execution_date=20260611T184918, start_date=20260611T185205, end_date=20260611T185226
[2026-06-11T18:52:26.457+0000] {standard_task_runner.py:107} ERROR - Failed to execute job 2010 for task dbt_run (Bash command failed. The command returned a non-zero exit code 2.; 2163)
[2026-06-11T18:52:26.493+0000] {local_task_job_runner.py:234} INFO - Task exited with return code 1
[2026-06-11T18:52:26.550+0000] {taskinstance.py:3280} INFO - 0 downstream tasks scheduled from follow-on schedule check
