[2026-05-07T13:09:09.747+0000] {taskinstance.py:1956} INFO - Dependencies all met for dep_context=non-requeueable deps ti=<TaskInstance: price_intelligence_pipeline.scrape_avito scheduled__2026-05-06T22:00:00+00:00 [queued]>
[2026-05-07T13:09:10.004+0000] {taskinstance.py:1956} INFO - Dependencies all met for dep_context=requeueable deps ti=<TaskInstance: price_intelligence_pipeline.scrape_avito scheduled__2026-05-06T22:00:00+00:00 [queued]>
[2026-05-07T13:09:10.031+0000] {taskinstance.py:2170} INFO - Starting attempt 1 of 2
[2026-05-07T13:09:10.470+0000] {taskinstance.py:2191} INFO - Executing <Task(BashOperator): scrape_avito> on 2026-05-06 22:00:00+00:00
[2026-05-07T13:09:10.564+0000] {standard_task_runner.py:60} INFO - Started process 24952 to run task
[2026-05-07T13:09:10.647+0000] {standard_task_runner.py:87} INFO - Running: ['***', 'tasks', 'run', 'price_intelligence_pipeline', 'scrape_avito', 'scheduled__2026-05-06T22:00:00+00:00', '--job-id', '646', '--raw', '--subdir', 'DAGS_FOLDER/price_intelligence_dag.py', '--cfg-path', '/tmp/tmp9t0hs9_z']
[2026-05-07T13:09:10.779+0000] {standard_task_runner.py:88} INFO - Job 646: Subtask scrape_avito
[2026-05-07T13:09:12.744+0000] {task_command.py:423} INFO - Running <TaskInstance: price_intelligence_pipeline.scrape_avito scheduled__2026-05-06T22:00:00+00:00 [running]> on host 25ef6dfa8bdc
[2026-05-07T13:09:16.295+0000] {taskinstance.py:2480} INFO - Exporting env vars: AIRFLOW_CTX_DAG_OWNER='***' AIRFLOW_CTX_DAG_ID='price_intelligence_pipeline' AIRFLOW_CTX_TASK_ID='scrape_avito' AIRFLOW_CTX_EXECUTION_DATE='2026-05-06T22:00:00+00:00' AIRFLOW_CTX_TRY_NUMBER='1' AIRFLOW_CTX_DAG_RUN_ID='scheduled__2026-05-06T22:00:00+00:00'
[2026-05-07T13:09:16.454+0000] {subprocess.py:63} INFO - Tmp dir root location: /tmp
[2026-05-07T13:09:16.567+0000] {subprocess.py:75} INFO - Running command: ['/usr/bin/bash', '-c', '\n            cd /opt/***\n            mkdir -p data/raw\n            export DISPLAY=:99\n            python3 scrapers/spiders/avito_ma.py || echo "Avito done with warnings"\n        ']
[2026-05-07T13:09:17.217+0000] {subprocess.py:86} INFO - Output:
[2026-05-07T13:09:34.820+0000] {subprocess.py:93} INFO - Traceback (most recent call last):
[2026-05-07T13:09:34.822+0000] {subprocess.py:93} INFO -   File "/home/***/.local/lib/python3.8/site-packages/urllib3/connection.py", line 174, in _new_conn
[2026-05-07T13:09:34.835+0000] {subprocess.py:93} INFO -     conn = connection.create_connection(
[2026-05-07T13:09:34.839+0000] {subprocess.py:93} INFO -   File "/home/***/.local/lib/python3.8/site-packages/urllib3/util/connection.py", line 72, in create_connection
[2026-05-07T13:09:34.840+0000] {subprocess.py:93} INFO -     for res in socket.getaddrinfo(host, port, family, socket.SOCK_STREAM):
[2026-05-07T13:09:34.843+0000] {subprocess.py:93} INFO -   File "/usr/local/lib/python3.8/socket.py", line 918, in getaddrinfo
[2026-05-07T13:09:34.844+0000] {subprocess.py:93} INFO -     for res in _socket.getaddrinfo(host, port, family, type, proto, flags):
[2026-05-07T13:09:34.855+0000] {subprocess.py:93} INFO - socket.gaierror: [Errno -5] No address associated with hostname
[2026-05-07T13:09:34.857+0000] {subprocess.py:93} INFO - 
[2026-05-07T13:09:34.858+0000] {subprocess.py:93} INFO - During handling of the above exception, another exception occurred:
[2026-05-07T13:09:34.859+0000] {subprocess.py:93} INFO - 
[2026-05-07T13:09:34.871+0000] {subprocess.py:93} INFO - Traceback (most recent call last):
[2026-05-07T13:09:34.873+0000] {subprocess.py:93} INFO -   File "/home/***/.local/lib/python3.8/site-packages/urllib3/connectionpool.py", line 715, in urlopen
[2026-05-07T13:09:34.886+0000] {subprocess.py:93} INFO -     httplib_response = self._make_request(
[2026-05-07T13:09:34.888+0000] {subprocess.py:93} INFO -   File "/home/***/.local/lib/python3.8/site-packages/urllib3/connectionpool.py", line 404, in _make_request
[2026-05-07T13:09:34.889+0000] {subprocess.py:93} INFO -     self._validate_conn(conn)
[2026-05-07T13:09:34.890+0000] {subprocess.py:93} INFO -   File "/home/***/.local/lib/python3.8/site-packages/urllib3/connectionpool.py", line 1058, in _validate_conn
[2026-05-07T13:09:34.903+0000] {subprocess.py:93} INFO -     conn.connect()
[2026-05-07T13:09:34.908+0000] {subprocess.py:93} INFO -   File "/home/***/.local/lib/python3.8/site-packages/urllib3/connection.py", line 363, in connect
[2026-05-07T13:09:34.921+0000] {subprocess.py:93} INFO -     self.sock = conn = self._new_conn()
[2026-05-07T13:09:34.923+0000] {subprocess.py:93} INFO -   File "/home/***/.local/lib/python3.8/site-packages/urllib3/connection.py", line 186, in _new_conn
[2026-05-07T13:09:34.924+0000] {subprocess.py:93} INFO -     raise NewConnectionError(
[2026-05-07T13:09:34.948+0000] {subprocess.py:93} INFO - urllib3.exceptions.NewConnectionError: <urllib3.connection.HTTPSConnection object at 0x7fc8f4943fa0>: Failed to establish a new connection: [Errno -5] No address associated with hostname
[2026-05-07T13:09:34.963+0000] {subprocess.py:93} INFO - 
[2026-05-07T13:09:34.967+0000] {subprocess.py:93} INFO - During handling of the above exception, another exception occurred:
[2026-05-07T13:09:34.968+0000] {subprocess.py:93} INFO - 
[2026-05-07T13:09:34.970+0000] {subprocess.py:93} INFO - Traceback (most recent call last):
[2026-05-07T13:09:34.973+0000] {subprocess.py:93} INFO -   File "/home/***/.local/lib/python3.8/site-packages/requests/adapters.py", line 486, in send
[2026-05-07T13:09:34.983+0000] {subprocess.py:93} INFO -     resp = conn.urlopen(
[2026-05-07T13:09:34.987+0000] {subprocess.py:93} INFO -   File "/home/***/.local/lib/python3.8/site-packages/urllib3/connectionpool.py", line 799, in urlopen
[2026-05-07T13:09:35.000+0000] {subprocess.py:93} INFO -     retries = retries.increment(
[2026-05-07T13:09:35.004+0000] {subprocess.py:93} INFO -   File "/home/***/.local/lib/python3.8/site-packages/urllib3/util/retry.py", line 592, in increment
[2026-05-07T13:09:35.015+0000] {subprocess.py:93} INFO -     raise MaxRetryError(_pool, url, error or ResponseError(cause))
[2026-05-07T13:09:35.041+0000] {subprocess.py:93} INFO - urllib3.exceptions.MaxRetryError: HTTPSConnectionPool(host='chromedriver.storage.googleapis.com', port=443): Max retries exceeded with url: /LATEST_RELEASE (Caused by NewConnectionError('<urllib3.connection.HTTPSConnection object at 0x7fc8f4943fa0>: Failed to establish a new connection: [Errno -5] No address associated with hostname'))
[2026-05-07T13:09:35.047+0000] {subprocess.py:93} INFO - 
[2026-05-07T13:09:35.057+0000] {subprocess.py:93} INFO - During handling of the above exception, another exception occurred:
[2026-05-07T13:09:35.063+0000] {subprocess.py:93} INFO - 
[2026-05-07T13:09:35.065+0000] {subprocess.py:93} INFO - Traceback (most recent call last):
[2026-05-07T13:09:35.068+0000] {subprocess.py:93} INFO -   File "/home/***/.local/lib/python3.8/site-packages/webdriver_manager/core/http.py", line 32, in get
[2026-05-07T13:09:35.080+0000] {subprocess.py:93} INFO -     resp = requests.get(
[2026-05-07T13:09:35.103+0000] {subprocess.py:93} INFO -   File "/home/***/.local/lib/python3.8/site-packages/requests/api.py", line 73, in get
[2026-05-07T13:09:35.112+0000] {subprocess.py:93} INFO -     return request("get", url, params=params, **kwargs)
[2026-05-07T13:09:35.113+0000] {subprocess.py:93} INFO -   File "/home/***/.local/lib/python3.8/site-packages/requests/api.py", line 59, in request
[2026-05-07T13:09:35.115+0000] {subprocess.py:93} INFO -     return session.request(method=method, url=url, **kwargs)
[2026-05-07T13:09:35.116+0000] {subprocess.py:93} INFO -   File "/home/***/.local/lib/python3.8/site-packages/requests/sessions.py", line 589, in request
[2026-05-07T13:09:35.128+0000] {subprocess.py:93} INFO -     resp = self.send(prep, **send_kwargs)
[2026-05-07T13:09:35.129+0000] {subprocess.py:93} INFO -   File "/home/***/.local/lib/python3.8/site-packages/requests/sessions.py", line 703, in send
[2026-05-07T13:09:35.130+0000] {subprocess.py:93} INFO -     r = adapter.send(request, **kwargs)
[2026-05-07T13:09:35.131+0000] {subprocess.py:93} INFO -   File "/home/***/.local/lib/python3.8/site-packages/requests/adapters.py", line 519, in send
[2026-05-07T13:09:35.132+0000] {subprocess.py:93} INFO -     raise ConnectionError(e, request=request)
[2026-05-07T13:09:35.144+0000] {subprocess.py:93} INFO - requests.exceptions.ConnectionError: HTTPSConnectionPool(host='chromedriver.storage.googleapis.com', port=443): Max retries exceeded with url: /LATEST_RELEASE (Caused by NewConnectionError('<urllib3.connection.HTTPSConnection object at 0x7fc8f4943fa0>: Failed to establish a new connection: [Errno -5] No address associated with hostname'))
[2026-05-07T13:09:35.164+0000] {subprocess.py:93} INFO - 
[2026-05-07T13:09:35.176+0000] {subprocess.py:93} INFO - During handling of the above exception, another exception occurred:
[2026-05-07T13:09:35.177+0000] {subprocess.py:93} INFO - 
[2026-05-07T13:09:35.178+0000] {subprocess.py:93} INFO - Traceback (most recent call last):
[2026-05-07T13:09:35.180+0000] {subprocess.py:93} INFO -   File "scrapers/spiders/avito_ma.py", line 93, in <module>
[2026-05-07T13:09:35.196+0000] {subprocess.py:93} INFO -     scrape_avito()
[2026-05-07T13:09:35.208+0000] {subprocess.py:93} INFO -   File "scrapers/spiders/avito_ma.py", line 25, in scrape_avito
[2026-05-07T13:09:35.212+0000] {subprocess.py:93} INFO -     driver = webdriver.Chrome(service=Service(ChromeDriverManager().install()), options=options)
[2026-05-07T13:09:35.224+0000] {subprocess.py:93} INFO -   File "/home/***/.local/lib/python3.8/site-packages/webdriver_manager/chrome.py", line 40, in install
[2026-05-07T13:09:35.225+0000] {subprocess.py:93} INFO -     driver_path = self._get_driver_binary_path(self.driver)
[2026-05-07T13:09:35.226+0000] {subprocess.py:93} INFO -   File "/home/***/.local/lib/python3.8/site-packages/webdriver_manager/core/manager.py", line 40, in _get_driver_binary_path
[2026-05-07T13:09:35.227+0000] {subprocess.py:93} INFO -     file = self._download_manager.download_file(driver.get_driver_download_url(os_type))
[2026-05-07T13:09:35.240+0000] {subprocess.py:93} INFO -   File "/home/***/.local/lib/python3.8/site-packages/webdriver_manager/drivers/chrome.py", line 32, in get_driver_download_url
[2026-05-07T13:09:35.242+0000] {subprocess.py:93} INFO -     driver_version_to_download = self.get_driver_version_to_download()
[2026-05-07T13:09:35.244+0000] {subprocess.py:93} INFO -   File "/home/***/.local/lib/python3.8/site-packages/webdriver_manager/core/driver.py", line 48, in get_driver_version_to_download
[2026-05-07T13:09:35.246+0000] {subprocess.py:93} INFO -     return self.get_latest_release_version()
[2026-05-07T13:09:35.247+0000] {subprocess.py:93} INFO -   File "/home/***/.local/lib/python3.8/site-packages/webdriver_manager/drivers/chrome.py", line 70, in get_latest_release_version
[2026-05-07T13:09:35.257+0000] {subprocess.py:93} INFO -     resp = self._http_client.get(url=latest_release_url)
[2026-05-07T13:09:35.258+0000] {subprocess.py:93} INFO -   File "/home/***/.local/lib/python3.8/site-packages/webdriver_manager/core/http.py", line 35, in get
[2026-05-07T13:09:35.259+0000] {subprocess.py:93} INFO -     raise exceptions.ConnectionError(f"Could not reach host. Are you offline?")
[2026-05-07T13:09:35.274+0000] {subprocess.py:93} INFO - requests.exceptions.ConnectionError: Could not reach host. Are you offline?
[2026-05-07T13:09:35.275+0000] {subprocess.py:93} INFO - Avito done with warnings
[2026-05-07T13:09:35.277+0000] {subprocess.py:97} INFO - Command exited with return code 0
[2026-05-07T13:09:35.578+0000] {taskinstance.py:1138} INFO - Marking task as SUCCESS. dag_id=price_intelligence_pipeline, task_id=scrape_avito, execution_date=20260506T220000, start_date=20260507T130909, end_date=20260507T130935
[2026-05-07T13:09:35.718+0000] {local_task_job_runner.py:234} INFO - Task exited with return code 0
[2026-05-07T13:09:35.924+0000] {taskinstance.py:3280} INFO - 0 downstream tasks scheduled from follow-on schedule check
