[2026-05-05T22:17:49.208+0000] {taskinstance.py:1956} INFO - Dependencies all met for dep_context=non-requeueable deps ti=<TaskInstance: price_intelligence_pipeline.scrape_electroplanet manual__2026-05-05T22:08:19.235661+00:00 [queued]>
[2026-05-05T22:17:49.268+0000] {taskinstance.py:1956} INFO - Dependencies all met for dep_context=requeueable deps ti=<TaskInstance: price_intelligence_pipeline.scrape_electroplanet manual__2026-05-05T22:08:19.235661+00:00 [queued]>
[2026-05-05T22:17:49.276+0000] {taskinstance.py:2170} INFO - Starting attempt 1 of 2
[2026-05-05T22:17:49.328+0000] {taskinstance.py:2191} INFO - Executing <Task(BashOperator): scrape_electroplanet> on 2026-05-05 22:08:19.235661+00:00
[2026-05-05T22:17:49.372+0000] {standard_task_runner.py:60} INFO - Started process 9716 to run task
[2026-05-05T22:17:49.387+0000] {standard_task_runner.py:87} INFO - Running: ['***', 'tasks', 'run', 'price_intelligence_pipeline', 'scrape_electroplanet', 'manual__2026-05-05T22:08:19.235661+00:00', '--job-id', '473', '--raw', '--subdir', 'DAGS_FOLDER/price_intelligence_dag.py', '--cfg-path', '/tmp/tmp7xy9_7yw']
[2026-05-05T22:17:49.391+0000] {standard_task_runner.py:88} INFO - Job 473: Subtask scrape_electroplanet
[2026-05-05T22:17:49.692+0000] {task_command.py:423} INFO - Running <TaskInstance: price_intelligence_pipeline.scrape_electroplanet manual__2026-05-05T22:08:19.235661+00:00 [running]> on host 25ef6dfa8bdc
[2026-05-05T22:17:50.046+0000] {taskinstance.py:2480} INFO - Exporting env vars: AIRFLOW_CTX_DAG_OWNER='***' AIRFLOW_CTX_DAG_ID='price_intelligence_pipeline' AIRFLOW_CTX_TASK_ID='scrape_electroplanet' AIRFLOW_CTX_EXECUTION_DATE='2026-05-05T22:08:19.235661+00:00' AIRFLOW_CTX_TRY_NUMBER='1' AIRFLOW_CTX_DAG_RUN_ID='manual__2026-05-05T22:08:19.235661+00:00'
[2026-05-05T22:17:50.050+0000] {subprocess.py:63} INFO - Tmp dir root location: /tmp
[2026-05-05T22:17:50.053+0000] {subprocess.py:75} INFO - Running command: ['/usr/bin/bash', '-c', '\n            cd /opt/***\n            mkdir -p data/raw\n            export DISPLAY=:99\n            python3 scrapers/spiders/electroplanet_ma.py || echo "Electroplanet done with warnings"\n        ']
[2026-05-05T22:17:50.120+0000] {subprocess.py:86} INFO - Output:
[2026-05-05T22:18:09.474+0000] {subprocess.py:93} INFO - 
[2026-05-05T22:18:09.475+0000] {subprocess.py:93} INFO - [Electroplanet] Scraping : smartphones
[2026-05-05T22:18:09.477+0000] {subprocess.py:93} INFO - Traceback (most recent call last):
[2026-05-05T22:18:09.481+0000] {subprocess.py:93} INFO -   File "scrapers/spiders/electroplanet_ma.py", line 162, in <module>
[2026-05-05T22:18:09.482+0000] {subprocess.py:93} INFO -     scrape_electroplanet()
[2026-05-05T22:18:09.483+0000] {subprocess.py:93} INFO -   File "scrapers/spiders/electroplanet_ma.py", line 73, in scrape_electroplanet
[2026-05-05T22:18:09.484+0000] {subprocess.py:93} INFO -     driver = get_driver()
[2026-05-05T22:18:09.485+0000] {subprocess.py:93} INFO -   File "scrapers/spiders/electroplanet_ma.py", line 63, in get_driver
[2026-05-05T22:18:09.486+0000] {subprocess.py:93} INFO -     return webdriver.Chrome(service=Service(ChromeDriverManager().install()), options=opts)
[2026-05-05T22:18:09.487+0000] {subprocess.py:93} INFO -   File "/home/***/.local/lib/python3.8/site-packages/selenium/webdriver/chrome/webdriver.py", line 45, in __init__
[2026-05-05T22:18:09.489+0000] {subprocess.py:93} INFO -     super().__init__(
[2026-05-05T22:18:09.490+0000] {subprocess.py:93} INFO -   File "/home/***/.local/lib/python3.8/site-packages/selenium/webdriver/chromium/webdriver.py", line 66, in __init__
[2026-05-05T22:18:09.493+0000] {subprocess.py:93} INFO -     super().__init__(command_executor=executor, options=options)
[2026-05-05T22:18:09.494+0000] {subprocess.py:93} INFO -   File "/home/***/.local/lib/python3.8/site-packages/selenium/webdriver/remote/webdriver.py", line 241, in __init__
[2026-05-05T22:18:09.495+0000] {subprocess.py:93} INFO -     self.start_session(capabilities)
[2026-05-05T22:18:09.496+0000] {subprocess.py:93} INFO -   File "/home/***/.local/lib/python3.8/site-packages/selenium/webdriver/remote/webdriver.py", line 329, in start_session
[2026-05-05T22:18:09.497+0000] {subprocess.py:93} INFO -     response = self.execute(Command.NEW_SESSION, caps)["value"]
[2026-05-05T22:18:09.500+0000] {subprocess.py:93} INFO -   File "/home/***/.local/lib/python3.8/site-packages/selenium/webdriver/remote/webdriver.py", line 384, in execute
[2026-05-05T22:18:09.501+0000] {subprocess.py:93} INFO -     self.error_handler.check_response(response)
[2026-05-05T22:18:09.503+0000] {subprocess.py:93} INFO -   File "/home/***/.local/lib/python3.8/site-packages/selenium/webdriver/remote/errorhandler.py", line 232, in check_response
[2026-05-05T22:18:09.504+0000] {subprocess.py:93} INFO -     raise exception_class(message, screen, stacktrace)
[2026-05-05T22:18:09.505+0000] {subprocess.py:93} INFO - selenium.common.exceptions.SessionNotCreatedException: Message: session not created: This version of ChromeDriver only supports Chrome version 114
[2026-05-05T22:18:09.506+0000] {subprocess.py:93} INFO - Current browser version is 147.0.7727.137 with binary path /usr/bin/chromium
[2026-05-05T22:18:09.507+0000] {subprocess.py:93} INFO - Stacktrace:
[2026-05-05T22:18:09.508+0000] {subprocess.py:93} INFO - #0 0x5b8c3465f4e3 <unknown>
[2026-05-05T22:18:09.509+0000] {subprocess.py:93} INFO - #1 0x5b8c3438ec76 <unknown>
[2026-05-05T22:18:09.510+0000] {subprocess.py:93} INFO - #2 0x5b8c343bc04a <unknown>
[2026-05-05T22:18:09.511+0000] {subprocess.py:93} INFO - #3 0x5b8c343b74a1 <unknown>
[2026-05-05T22:18:09.512+0000] {subprocess.py:93} INFO - #4 0x5b8c343b4029 <unknown>
[2026-05-05T22:18:09.513+0000] {subprocess.py:93} INFO - #5 0x5b8c343f2ccc <unknown>
[2026-05-05T22:18:09.515+0000] {subprocess.py:93} INFO - #6 0x5b8c343f247f <unknown>
[2026-05-05T22:18:09.516+0000] {subprocess.py:93} INFO - #7 0x5b8c343e9de3 <unknown>
[2026-05-05T22:18:09.517+0000] {subprocess.py:93} INFO - #8 0x5b8c343bf2dd <unknown>
[2026-05-05T22:18:09.519+0000] {subprocess.py:93} INFO - #9 0x5b8c343c034e <unknown>
[2026-05-05T22:18:09.520+0000] {subprocess.py:93} INFO - #10 0x5b8c3461f3e4 <unknown>
[2026-05-05T22:18:09.521+0000] {subprocess.py:93} INFO - #11 0x5b8c346233d7 <unknown>
[2026-05-05T22:18:09.522+0000] {subprocess.py:93} INFO - #12 0x5b8c3462db20 <unknown>
[2026-05-05T22:18:09.522+0000] {subprocess.py:93} INFO - #13 0x5b8c34624023 <unknown>
[2026-05-05T22:18:09.523+0000] {subprocess.py:93} INFO - #14 0x5b8c345f21aa <unknown>
[2026-05-05T22:18:09.524+0000] {subprocess.py:93} INFO - #15 0x5b8c346486b8 <unknown>
[2026-05-05T22:18:09.525+0000] {subprocess.py:93} INFO - #16 0x5b8c34648847 <unknown>
[2026-05-05T22:18:09.526+0000] {subprocess.py:93} INFO - #17 0x5b8c34658243 <unknown>
[2026-05-05T22:18:09.526+0000] {subprocess.py:93} INFO - #18 0x71aeb8283134 <unknown>
[2026-05-05T22:18:09.527+0000] {subprocess.py:93} INFO - 
[2026-05-05T22:18:09.557+0000] {subprocess.py:93} INFO - Electroplanet done with warnings
[2026-05-05T22:18:09.558+0000] {subprocess.py:97} INFO - Command exited with return code 0
[2026-05-05T22:18:09.652+0000] {taskinstance.py:1138} INFO - Marking task as SUCCESS. dag_id=price_intelligence_pipeline, task_id=scrape_electroplanet, execution_date=20260505T220819, start_date=20260505T221749, end_date=20260505T221809
[2026-05-05T22:18:09.701+0000] {local_task_job_runner.py:234} INFO - Task exited with return code 0
[2026-05-05T22:18:09.777+0000] {taskinstance.py:3280} INFO - 0 downstream tasks scheduled from follow-on schedule check
