[2026-04-25T13:03:53.443+0000] {taskinstance.py:1956} INFO - Dependencies all met for dep_context=non-requeueable deps ti=<TaskInstance: price_intelligence_pipeline.load_bigtable manual__2026-04-25T13:03:49+00:00 [queued]>
[2026-04-25T13:03:53.454+0000] {taskinstance.py:1956} INFO - Dependencies all met for dep_context=requeueable deps ti=<TaskInstance: price_intelligence_pipeline.load_bigtable manual__2026-04-25T13:03:49+00:00 [queued]>
[2026-04-25T13:03:53.455+0000] {taskinstance.py:2170} INFO - Starting attempt 1 of 3
[2026-04-25T13:03:53.472+0000] {taskinstance.py:2191} INFO - Executing <Task(PythonOperator): load_bigtable> on 2026-04-25 13:03:49+00:00
[2026-04-25T13:03:53.478+0000] {standard_task_runner.py:60} INFO - Started process 88162 to run task
[2026-04-25T13:03:53.484+0000] {standard_task_runner.py:87} INFO - Running: ['***', 'tasks', 'run', 'price_intelligence_pipeline', 'load_bigtable', 'manual__2026-04-25T13:03:49+00:00', '--job-id', '56', '--raw', '--subdir', 'DAGS_FOLDER/price_intelligence_dag.py', '--cfg-path', '/tmp/tmp_ni84ele']
[2026-04-25T13:03:53.487+0000] {standard_task_runner.py:88} INFO - Job 56: Subtask load_bigtable
[2026-04-25T13:03:53.590+0000] {task_command.py:423} INFO - Running <TaskInstance: price_intelligence_pipeline.load_bigtable manual__2026-04-25T13:03:49+00:00 [running]> on host f3ebc944c42b
[2026-04-25T13:03:53.720+0000] {taskinstance.py:2480} INFO - Exporting env vars: AIRFLOW_CTX_DAG_OWNER='price_intelligence' AIRFLOW_CTX_DAG_ID='price_intelligence_pipeline' AIRFLOW_CTX_TASK_ID='load_bigtable' AIRFLOW_CTX_EXECUTION_DATE='2026-04-25T13:03:49+00:00' AIRFLOW_CTX_TRY_NUMBER='1' AIRFLOW_CTX_DAG_RUN_ID='manual__2026-04-25T13:03:49+00:00'
[2026-04-25T13:03:53.726+0000] {_default.py:683} WARNING - No project ID could be determined. Consider running `gcloud config set project` or setting the GOOGLE_CLOUD_PROJECT environment variable
[2026-04-25T13:03:53.815+0000] {logging_mixin.py:188} INFO - 📦 Traitement jumia_ma: 4803 produits...
[2026-04-25T13:04:07.902+0000] {logging_mixin.py:188} INFO -   ✅ Batch de 500 produits envoyé!
[2026-04-25T13:04:13.065+0000] {logging_mixin.py:188} INFO -   ✅ Batch de 500 produits envoyé!
[2026-04-25T13:04:18.043+0000] {logging_mixin.py:188} INFO -   ✅ Batch de 500 produits envoyé!
[2026-04-25T13:04:25.239+0000] {logging_mixin.py:188} INFO -   ✅ Batch de 500 produits envoyé!
[2026-04-25T13:04:30.094+0000] {logging_mixin.py:188} INFO -   ✅ Batch de 500 produits envoyé!
[2026-04-25T13:04:35.375+0000] {logging_mixin.py:188} INFO -   ✅ Batch de 500 produits envoyé!
[2026-04-25T13:04:41.214+0000] {logging_mixin.py:188} INFO -   ✅ Batch de 500 produits envoyé!
[2026-04-25T13:04:45.525+0000] {logging_mixin.py:188} INFO -   ✅ Batch de 500 produits envoyé!
[2026-04-25T13:04:51.451+0000] {logging_mixin.py:188} INFO -   ✅ Batch de 500 produits envoyé!
[2026-04-25T13:04:51.671+0000] {logging_mixin.py:188} INFO - 📦 Traitement avito_ma: 1710 produits...
[2026-04-25T13:04:55.970+0000] {logging_mixin.py:188} INFO -   ✅ Batch de 500 produits envoyé!
[2026-04-25T13:05:00.605+0000] {logging_mixin.py:188} INFO -   ✅ Batch de 500 produits envoyé!
[2026-04-25T13:05:04.676+0000] {logging_mixin.py:188} INFO -   ✅ Batch de 500 produits envoyé!
[2026-04-25T13:05:09.086+0000] {logging_mixin.py:188} INFO -   ✅ Batch de 500 produits envoyé!
[2026-04-25T13:05:09.137+0000] {logging_mixin.py:188} INFO - 📦 Traitement amazon_ma: 2227 produits...
[2026-04-25T13:05:15.263+0000] {logging_mixin.py:188} INFO -   ✅ Batch de 500 produits envoyé!
[2026-04-25T13:05:22.901+0000] {logging_mixin.py:188} INFO -   ✅ Batch de 500 produits envoyé!
[2026-04-25T13:05:30.152+0000] {logging_mixin.py:188} INFO -   ✅ Batch de 500 produits envoyé!
[2026-04-25T13:05:36.919+0000] {logging_mixin.py:188} INFO -   ✅ Batch de 500 produits envoyé!
[2026-04-25T13:05:37.202+0000] {logging_mixin.py:188} INFO - 📦 Traitement electroplanet_ma: 179 produits...
[2026-04-25T13:05:43.088+0000] {logging_mixin.py:188} INFO -   ✅ Batch de 419 produits envoyé!
[2026-04-25T13:05:43.089+0000] {logging_mixin.py:188} INFO - 
✅ TOTAL: 8919 produits chargés dans Bigtable!
[2026-04-25T13:05:43.090+0000] {logging_mixin.py:188} INFO -    Column families: price_cf ✅ metadata_cf ✅ agg_cf ✅
[2026-04-25T13:05:43.090+0000] {logging_mixin.py:188} INFO -    Row key format: product_id#timestamp ✅
[2026-04-25T13:05:43.096+0000] {python.py:201} INFO - Done. Returned value was: 8919
[2026-04-25T13:05:43.140+0000] {taskinstance.py:1138} INFO - Marking task as SUCCESS. dag_id=price_intelligence_pipeline, task_id=load_bigtable, execution_date=20260425T130349, start_date=20260425T130353, end_date=20260425T130543
[2026-04-25T13:05:43.206+0000] {local_task_job_runner.py:234} INFO - Task exited with return code 0
[2026-04-25T13:05:43.248+0000] {taskinstance.py:3280} INFO - 1 downstream tasks scheduled from follow-on schedule check
