[2026-05-16T12:11:58.616+0000] {taskinstance.py:1956} INFO - Dependencies all met for dep_context=non-requeueable deps ti=<TaskInstance: price_intelligence_pipeline.dbt_run scheduled__2026-05-16T11:00:00+00:00 [queued]>
[2026-05-16T12:11:58.648+0000] {taskinstance.py:1956} INFO - Dependencies all met for dep_context=requeueable deps ti=<TaskInstance: price_intelligence_pipeline.dbt_run scheduled__2026-05-16T11:00:00+00:00 [queued]>
[2026-05-16T12:11:58.651+0000] {taskinstance.py:2170} INFO - Starting attempt 1 of 2
[2026-05-16T12:11:58.700+0000] {taskinstance.py:2191} INFO - Executing <Task(BashOperator): dbt_run> on 2026-05-16 11:00:00+00:00
[2026-05-16T12:11:58.714+0000] {standard_task_runner.py:60} INFO - Started process 28848 to run task
[2026-05-16T12:11:58.731+0000] {standard_task_runner.py:87} INFO - Running: ['***', 'tasks', 'run', 'price_intelligence_pipeline', 'dbt_run', 'scheduled__2026-05-16T11:00:00+00:00', '--job-id', '1236', '--raw', '--subdir', 'DAGS_FOLDER/price_intelligence_dag.py', '--cfg-path', '/tmp/tmpi0z4sihi']
[2026-05-16T12:11:58.739+0000] {standard_task_runner.py:88} INFO - Job 1236: Subtask dbt_run
[2026-05-16T12:11:59.000+0000] {task_command.py:423} INFO - Running <TaskInstance: price_intelligence_pipeline.dbt_run scheduled__2026-05-16T11:00:00+00:00 [running]> on host 91e0d3a0a233
[2026-05-16T12:11:59.222+0000] {taskinstance.py:2480} INFO - Exporting env vars: AIRFLOW_CTX_DAG_OWNER='***' AIRFLOW_CTX_DAG_ID='price_intelligence_pipeline' AIRFLOW_CTX_TASK_ID='dbt_run' AIRFLOW_CTX_EXECUTION_DATE='2026-05-16T11:00:00+00:00' AIRFLOW_CTX_TRY_NUMBER='1' AIRFLOW_CTX_DAG_RUN_ID='scheduled__2026-05-16T11:00:00+00:00'
[2026-05-16T12:11:59.226+0000] {subprocess.py:63} INFO - Tmp dir root location: /tmp
[2026-05-16T12:11:59.229+0000] {subprocess.py:75} INFO - Running command: ['/usr/bin/bash', '-c', '\n            set -e\n            cd /opt/***/dbt\n            export GOOGLE_APPLICATION_CREDENTIALS=/opt/***/gcp-credentials-new.json\n            /home/***/.local/bin/dbt run --full-refresh --profiles-dir . --project-dir .\n            echo dbt done\n        ']
[2026-05-16T12:11:59.251+0000] {subprocess.py:86} INFO - Output:
[2026-05-16T12:12:07.505+0000] {subprocess.py:93} INFO - [0m12:12:07  Running with dbt=1.8.7
[2026-05-16T12:12:11.223+0000] {subprocess.py:93} INFO - [0m12:12:11  Registered adapter: bigquery=1.8.3
[2026-05-16T12:12:14.195+0000] {subprocess.py:93} INFO - [0m12:12:14  Found 3 models, 1 seed, 7 data tests, 1 source, 479 macros
[2026-05-16T12:12:14.204+0000] {subprocess.py:93} INFO - [0m12:12:14
[2026-05-16T12:12:16.535+0000] {subprocess.py:93} INFO - [0m12:12:16  Concurrency: 4 threads (target='dev')
[2026-05-16T12:12:16.536+0000] {subprocess.py:93} INFO - [0m12:12:16
[2026-05-16T12:12:16.557+0000] {subprocess.py:93} INFO - [0m12:12:16  1 of 3 START sql view model price_intelligence_dbt.stg_prices .................. [RUN]
[2026-05-16T12:12:19.370+0000] {subprocess.py:93} INFO - [0m12:12:19  1 of 3 OK created sql view model price_intelligence_dbt.stg_prices ............. [[32mCREATE VIEW (0 processed)[0m in 2.79s]
[2026-05-16T12:12:19.397+0000] {subprocess.py:93} INFO - [0m12:12:19  2 of 3 START sql table model price_intelligence_dbt.prices_cleaned ............. [RUN]
[2026-05-16T12:12:26.861+0000] {subprocess.py:93} INFO - [0m12:12:26  2 of 3 OK created sql table model price_intelligence_dbt.prices_cleaned ........ [[32mCREATE TABLE (5.0k rows, 2.6 MiB processed)[0m in 7.46s]
[2026-05-16T12:12:26.875+0000] {subprocess.py:93} INFO - [0m12:12:26  3 of 3 START sql table model price_intelligence_dbt.prices_aggregated .......... [RUN]
[2026-05-16T12:12:32.104+0000] {subprocess.py:93} INFO - [0m12:12:32  3 of 3 OK created sql table model price_intelligence_dbt.prices_aggregated ..... [[32mCREATE TABLE (11.0 rows, 231.8 KiB processed)[0m in 5.22s]
[2026-05-16T12:12:32.118+0000] {subprocess.py:93} INFO - [0m12:12:32
[2026-05-16T12:12:32.119+0000] {subprocess.py:93} INFO - [0m12:12:32  Finished running 1 view model, 2 table models in 0 hours 0 minutes and 17.91 seconds (17.91s).
[2026-05-16T12:12:32.207+0000] {subprocess.py:93} INFO - [0m12:12:32
[2026-05-16T12:12:32.208+0000] {subprocess.py:93} INFO - [0m12:12:32  [32mCompleted successfully[0m
[2026-05-16T12:12:32.209+0000] {subprocess.py:93} INFO - [0m12:12:32
[2026-05-16T12:12:32.210+0000] {subprocess.py:93} INFO - [0m12:12:32  Done. PASS=3 WARN=0 ERROR=0 SKIP=0 TOTAL=3
[2026-05-16T12:12:36.712+0000] {subprocess.py:93} INFO - dbt done
[2026-05-16T12:12:36.728+0000] {subprocess.py:97} INFO - Command exited with return code 0
[2026-05-16T12:12:36.811+0000] {taskinstance.py:1138} INFO - Marking task as SUCCESS. dag_id=price_intelligence_pipeline, task_id=dbt_run, execution_date=20260516T110000, start_date=20260516T121158, end_date=20260516T121236
[2026-05-16T12:12:36.853+0000] {local_task_job_runner.py:234} INFO - Task exited with return code 0
[2026-05-16T12:12:36.936+0000] {taskinstance.py:3280} INFO - 1 downstream tasks scheduled from follow-on schedule check
