[2026-05-08T16:58:21.659+0000] {taskinstance.py:1956} INFO - Dependencies all met for dep_context=non-requeueable deps ti=<TaskInstance: price_intelligence_pipeline.scrape_amazon manual__2026-05-08T16:52:15.066822+00:00 [queued]>
[2026-05-08T16:58:21.694+0000] {taskinstance.py:1956} INFO - Dependencies all met for dep_context=requeueable deps ti=<TaskInstance: price_intelligence_pipeline.scrape_amazon manual__2026-05-08T16:52:15.066822+00:00 [queued]>
[2026-05-08T16:58:21.696+0000] {taskinstance.py:2170} INFO - Starting attempt 1 of 2
[2026-05-08T16:58:21.775+0000] {taskinstance.py:2191} INFO - Executing <Task(BashOperator): scrape_amazon> on 2026-05-08 16:52:15.066822+00:00
[2026-05-08T16:58:21.799+0000] {standard_task_runner.py:60} INFO - Started process 5364 to run task
[2026-05-08T16:58:21.813+0000] {standard_task_runner.py:87} INFO - Running: ['***', 'tasks', 'run', 'price_intelligence_pipeline', 'scrape_amazon', 'manual__2026-05-08T16:52:15.066822+00:00', '--job-id', '788', '--raw', '--subdir', 'DAGS_FOLDER/price_intelligence_dag.py', '--cfg-path', '/tmp/tmpufu6vt_3']
[2026-05-08T16:58:21.828+0000] {standard_task_runner.py:88} INFO - Job 788: Subtask scrape_amazon
[2026-05-08T16:58:22.336+0000] {task_command.py:423} INFO - Running <TaskInstance: price_intelligence_pipeline.scrape_amazon manual__2026-05-08T16:52:15.066822+00:00 [running]> on host 25ef6dfa8bdc
[2026-05-08T16:58:22.900+0000] {taskinstance.py:2480} INFO - Exporting env vars: AIRFLOW_CTX_DAG_OWNER='***' AIRFLOW_CTX_DAG_ID='price_intelligence_pipeline' AIRFLOW_CTX_TASK_ID='scrape_amazon' AIRFLOW_CTX_EXECUTION_DATE='2026-05-08T16:52:15.066822+00:00' AIRFLOW_CTX_TRY_NUMBER='1' AIRFLOW_CTX_DAG_RUN_ID='manual__2026-05-08T16:52:15.066822+00:00'
[2026-05-08T16:58:22.910+0000] {subprocess.py:63} INFO - Tmp dir root location: /tmp
[2026-05-08T16:58:22.917+0000] {subprocess.py:75} INFO - Running command: ['/usr/bin/bash', '-c', '\n            cd /opt/***\n            mkdir -p data/raw\n            export DISPLAY=:99\n            python3 scrapers/spiders/amazon_ma.py || echo "Amazon done with warnings"\n        ']
[2026-05-08T16:58:22.956+0000] {subprocess.py:86} INFO - Output:
[2026-05-08T16:58:36.333+0000] {subprocess.py:93} INFO - Traceback (most recent call last):
[2026-05-08T16:58:36.336+0000] {subprocess.py:93} INFO -   File "scrapers/spiders/amazon_ma.py", line 147, in <module>
[2026-05-08T16:58:36.338+0000] {subprocess.py:93} INFO -     scrape_amazon()
[2026-05-08T16:58:36.340+0000] {subprocess.py:93} INFO -   File "scrapers/spiders/amazon_ma.py", line 55, in scrape_amazon
[2026-05-08T16:58:36.346+0000] {subprocess.py:93} INFO -     driver = get_driver()
[2026-05-08T16:58:36.347+0000] {subprocess.py:93} INFO -   File "scrapers/spiders/amazon_ma.py", line 47, in get_driver
[2026-05-08T16:58:36.349+0000] {subprocess.py:93} INFO -     driver = webdriver.Chrome(service=Service(ChromeDriverManager().install()), options=opts)
[2026-05-08T16:58:36.350+0000] {subprocess.py:93} INFO -   File "/home/***/.local/lib/python3.8/site-packages/selenium/webdriver/chrome/webdriver.py", line 45, in __init__
[2026-05-08T16:58:36.352+0000] {subprocess.py:93} INFO -     super().__init__(
[2026-05-08T16:58:36.354+0000] {subprocess.py:93} INFO -   File "/home/***/.local/lib/python3.8/site-packages/selenium/webdriver/chromium/webdriver.py", line 66, in __init__
[2026-05-08T16:58:36.359+0000] {subprocess.py:93} INFO -     super().__init__(command_executor=executor, options=options)
[2026-05-08T16:58:36.361+0000] {subprocess.py:93} INFO -   File "/home/***/.local/lib/python3.8/site-packages/selenium/webdriver/remote/webdriver.py", line 241, in __init__
[2026-05-08T16:58:36.365+0000] {subprocess.py:93} INFO -     self.start_session(capabilities)
[2026-05-08T16:58:36.377+0000] {subprocess.py:93} INFO -   File "/home/***/.local/lib/python3.8/site-packages/selenium/webdriver/remote/webdriver.py", line 329, in start_session
[2026-05-08T16:58:36.380+0000] {subprocess.py:93} INFO -     response = self.execute(Command.NEW_SESSION, caps)["value"]
[2026-05-08T16:58:36.381+0000] {subprocess.py:93} INFO -   File "/home/***/.local/lib/python3.8/site-packages/selenium/webdriver/remote/webdriver.py", line 384, in execute
[2026-05-08T16:58:36.388+0000] {subprocess.py:93} INFO -     self.error_handler.check_response(response)
[2026-05-08T16:58:36.390+0000] {subprocess.py:93} INFO -   File "/home/***/.local/lib/python3.8/site-packages/selenium/webdriver/remote/errorhandler.py", line 232, in check_response
[2026-05-08T16:58:36.393+0000] {subprocess.py:93} INFO -     raise exception_class(message, screen, stacktrace)
[2026-05-08T16:58:36.395+0000] {subprocess.py:93} INFO - selenium.common.exceptions.WebDriverException: Message: unknown error: Chrome failed to start: exited abnormally.
[2026-05-08T16:58:36.398+0000] {subprocess.py:93} INFO -   (unknown error: DevToolsActivePort file doesn't exist)
[2026-05-08T16:58:36.400+0000] {subprocess.py:93} INFO -   (The process started from chrome location /usr/bin/chromium is no longer running, so ChromeDriver is assuming that Chrome has crashed.)
[2026-05-08T16:58:36.404+0000] {subprocess.py:93} INFO - Stacktrace:
[2026-05-08T16:58:36.406+0000] {subprocess.py:93} INFO - #0 0x60a411cad4e3 <unknown>
[2026-05-08T16:58:36.408+0000] {subprocess.py:93} INFO - #1 0x60a4119dcc76 <unknown>
[2026-05-08T16:58:36.409+0000] {subprocess.py:93} INFO - #2 0x60a411a05d78 <unknown>
[2026-05-08T16:58:36.411+0000] {subprocess.py:93} INFO - #3 0x60a411a02029 <unknown>
[2026-05-08T16:58:36.414+0000] {subprocess.py:93} INFO - #4 0x60a411a40ccc <unknown>
[2026-05-08T16:58:36.415+0000] {subprocess.py:93} INFO - #5 0x60a411a4047f <unknown>
[2026-05-08T16:58:36.422+0000] {subprocess.py:93} INFO - #6 0x60a411a37de3 <unknown>
[2026-05-08T16:58:36.425+0000] {subprocess.py:93} INFO - #7 0x60a411a0d2dd <unknown>
[2026-05-08T16:58:36.427+0000] {subprocess.py:93} INFO - #8 0x60a411a0e34e <unknown>
[2026-05-08T16:58:36.431+0000] {subprocess.py:93} INFO - #9 0x60a411c6d3e4 <unknown>
[2026-05-08T16:58:36.441+0000] {subprocess.py:93} INFO - #10 0x60a411c713d7 <unknown>
[2026-05-08T16:58:36.459+0000] {subprocess.py:93} INFO - #11 0x60a411c7bb20 <unknown>
[2026-05-08T16:58:36.463+0000] {subprocess.py:93} INFO - #12 0x60a411c72023 <unknown>
[2026-05-08T16:58:36.475+0000] {subprocess.py:93} INFO - #13 0x60a411c401aa <unknown>
[2026-05-08T16:58:36.491+0000] {subprocess.py:93} INFO - #14 0x60a411c966b8 <unknown>
[2026-05-08T16:58:36.503+0000] {subprocess.py:93} INFO - #15 0x60a411c96847 <unknown>
[2026-05-08T16:58:36.510+0000] {subprocess.py:93} INFO - #16 0x60a411ca6243 <unknown>
[2026-05-08T16:58:36.518+0000] {subprocess.py:93} INFO - #17 0x7f2398371134 <unknown>
[2026-05-08T16:58:36.525+0000] {subprocess.py:93} INFO - 
[2026-05-08T16:58:36.543+0000] {subprocess.py:93} INFO - Amazon done with warnings
[2026-05-08T16:58:36.557+0000] {subprocess.py:97} INFO - Command exited with return code 0
[2026-05-08T16:58:36.807+0000] {taskinstance.py:1138} INFO - Marking task as SUCCESS. dag_id=price_intelligence_pipeline, task_id=scrape_amazon, execution_date=20260508T165215, start_date=20260508T165821, end_date=20260508T165836
[2026-05-08T16:58:36.912+0000] {local_task_job_runner.py:234} INFO - Task exited with return code 0
[2026-05-08T16:58:37.036+0000] {taskinstance.py:3280} INFO - 0 downstream tasks scheduled from follow-on schedule check
