[2026-05-24T11:33:17.200+0000] {taskinstance.py:1956} INFO - Dependencies all met for dep_context=non-requeueable deps ti=<TaskInstance: price_intelligence_pipeline.load_bigquery scheduled__2026-05-24T00:00:00+00:00 [queued]>
[2026-05-24T11:33:17.222+0000] {taskinstance.py:1956} INFO - Dependencies all met for dep_context=requeueable deps ti=<TaskInstance: price_intelligence_pipeline.load_bigquery scheduled__2026-05-24T00:00:00+00:00 [queued]>
[2026-05-24T11:33:17.223+0000] {taskinstance.py:2170} INFO - Starting attempt 1 of 2
[2026-05-24T11:33:17.266+0000] {taskinstance.py:2191} INFO - Executing <Task(BashOperator): load_bigquery> on 2026-05-24 00:00:00+00:00
[2026-05-24T11:33:17.278+0000] {standard_task_runner.py:60} INFO - Started process 11056 to run task
[2026-05-24T11:33:17.287+0000] {standard_task_runner.py:87} INFO - Running: ['***', 'tasks', 'run', 'price_intelligence_pipeline', 'load_bigquery', 'scheduled__2026-05-24T00:00:00+00:00', '--job-id', '1885', '--raw', '--subdir', 'DAGS_FOLDER/price_intelligence_dag.py', '--cfg-path', '/tmp/tmp8j0yafq4']
[2026-05-24T11:33:17.294+0000] {standard_task_runner.py:88} INFO - Job 1885: Subtask load_bigquery
[2026-05-24T11:33:17.565+0000] {task_command.py:423} INFO - Running <TaskInstance: price_intelligence_pipeline.load_bigquery scheduled__2026-05-24T00:00:00+00:00 [running]> on host 91e0d3a0a233
[2026-05-24T11:33:17.872+0000] {taskinstance.py:2480} INFO - Exporting env vars: AIRFLOW_CTX_DAG_OWNER='***' AIRFLOW_CTX_DAG_ID='price_intelligence_pipeline' AIRFLOW_CTX_TASK_ID='load_bigquery' AIRFLOW_CTX_EXECUTION_DATE='2026-05-24T00:00:00+00:00' AIRFLOW_CTX_TRY_NUMBER='1' AIRFLOW_CTX_DAG_RUN_ID='scheduled__2026-05-24T00:00:00+00:00'
[2026-05-24T11:33:17.877+0000] {subprocess.py:63} INFO - Tmp dir root location: /tmp
[2026-05-24T11:33:17.880+0000] {subprocess.py:75} INFO - Running command: ['/usr/bin/bash', '-c', '\n            set -e\n            cd /opt/***\n            export GOOGLE_APPLICATION_CREDENTIALS=/opt/***/gcp-credentials-new.json\n            python3 bigquery_load.py\n            echo BigQuery done\n        ']
[2026-05-24T11:33:17.912+0000] {subprocess.py:86} INFO - Output:
[2026-05-24T11:34:39.791+0000] {subprocess.py:93} INFO - /home/***/.local/lib/python3.8/site-packages/google/auth/_default.py:76: UserWarning: Your application has authenticated using end user credentials from Google Cloud SDK without a quota project. You might receive a "quota exceeded" or "API not enabled" error. See the following page for troubleshooting: https://cloud.google.com/docs/authentication/adc-troubleshooting/user-creds.
[2026-05-24T11:34:39.794+0000] {subprocess.py:93} INFO -   warnings.warn(_CLOUD_SDK_CREDENTIALS_WARNING)
[2026-05-24T11:34:39.796+0000] {subprocess.py:93} INFO - [OK] /opt/***/data/raw/jumia_ma.json: 7004 rows
[2026-05-24T11:34:39.797+0000] {subprocess.py:93} INFO - [ERR] /opt/***/data/raw/avito_ma.json: Extra data: line 24013 column 2 (char 834809)
[2026-05-24T11:34:39.799+0000] {subprocess.py:93} INFO - [OK] /opt/***/data/raw/amazon_ma.json: 0 rows
[2026-05-24T11:34:39.800+0000] {subprocess.py:93} INFO - [OK] /opt/***/data/raw/electroplanet_ma.json: 0 rows
[2026-05-24T11:34:39.801+0000] {subprocess.py:93} INFO - 
[2026-05-24T11:34:39.803+0000] {subprocess.py:93} INFO - TOTAL: 7004 rows a charger
[2026-05-24T11:34:39.805+0000] {subprocess.py:93} INFO - Table supprimee, recreation...
[2026-05-24T11:34:39.807+0000] {subprocess.py:93} INFO - 
[2026-05-24T11:34:39.809+0000] {subprocess.py:93} INFO - ✅ 7004 lignes chargees dans project-32a82952-90fa-4dd7-b9c.price_intelligence_dbt.prices_raw
[2026-05-24T11:34:39.811+0000] {subprocess.py:93} INFO - 
[2026-05-24T11:34:39.812+0000] {subprocess.py:93} INFO - === BigQuery par source ===
[2026-05-24T11:34:39.813+0000] {subprocess.py:93} INFO -   jumia.ma: 7004
[2026-05-24T11:34:39.815+0000] {subprocess.py:93} INFO -   TOTAL: 7004
[2026-05-24T11:34:40.182+0000] {subprocess.py:93} INFO - BigQuery done
[2026-05-24T11:34:40.184+0000] {subprocess.py:97} INFO - Command exited with return code 0
[2026-05-24T11:34:40.314+0000] {taskinstance.py:1138} INFO - Marking task as SUCCESS. dag_id=price_intelligence_pipeline, task_id=load_bigquery, execution_date=20260524T000000, start_date=20260524T113317, end_date=20260524T113440
[2026-05-24T11:34:40.419+0000] {local_task_job_runner.py:234} INFO - Task exited with return code 0
[2026-05-24T11:34:40.501+0000] {taskinstance.py:3280} INFO - 1 downstream tasks scheduled from follow-on schedule check
