[2026-05-09T18:00:19.237+0000] {taskinstance.py:1956} INFO - Dependencies all met for dep_context=non-requeueable deps ti=<TaskInstance: price_intelligence_pipeline.dbt_run scheduled__2026-05-09T17:00:00+00:00 [queued]>
[2026-05-09T18:00:19.255+0000] {taskinstance.py:1956} INFO - Dependencies all met for dep_context=requeueable deps ti=<TaskInstance: price_intelligence_pipeline.dbt_run scheduled__2026-05-09T17:00:00+00:00 [queued]>
[2026-05-09T18:00:19.256+0000] {taskinstance.py:2170} INFO - Starting attempt 1 of 2
[2026-05-09T18:00:19.281+0000] {taskinstance.py:2191} INFO - Executing <Task(BashOperator): dbt_run> on 2026-05-09 17:00:00+00:00
[2026-05-09T18:00:19.290+0000] {standard_task_runner.py:60} INFO - Started process 6428 to run task
[2026-05-09T18:00:19.296+0000] {standard_task_runner.py:87} INFO - Running: ['***', 'tasks', 'run', 'price_intelligence_pipeline', 'dbt_run', 'scheduled__2026-05-09T17:00:00+00:00', '--job-id', '939', '--raw', '--subdir', 'DAGS_FOLDER/price_intelligence_dag.py', '--cfg-path', '/tmp/tmpffqknvte']
[2026-05-09T18:00:19.300+0000] {standard_task_runner.py:88} INFO - Job 939: Subtask dbt_run
[2026-05-09T18:00:19.449+0000] {task_command.py:423} INFO - Running <TaskInstance: price_intelligence_pipeline.dbt_run scheduled__2026-05-09T17:00:00+00:00 [running]> on host 91e0d3a0a233
[2026-05-09T18:00:19.665+0000] {taskinstance.py:2480} INFO - Exporting env vars: AIRFLOW_CTX_DAG_OWNER='***' AIRFLOW_CTX_DAG_ID='price_intelligence_pipeline' AIRFLOW_CTX_TASK_ID='dbt_run' AIRFLOW_CTX_EXECUTION_DATE='2026-05-09T17:00:00+00:00' AIRFLOW_CTX_TRY_NUMBER='1' AIRFLOW_CTX_DAG_RUN_ID='scheduled__2026-05-09T17:00:00+00:00'
[2026-05-09T18:00:19.667+0000] {subprocess.py:63} INFO - Tmp dir root location: /tmp
[2026-05-09T18:00:19.670+0000] {subprocess.py:75} INFO - Running command: ['/usr/bin/bash', '-c', '\n            set -e\n            cd /opt/***/dbt\n            export GOOGLE_APPLICATION_CREDENTIALS=/opt/***/gcp-credentials-new.json\n            /home/***/.local/bin/dbt run --full-refresh --profiles-dir . --project-dir .\n            echo dbt done\n        ']
[2026-05-09T18:00:19.828+0000] {subprocess.py:86} INFO - Output:
[2026-05-09T18:00:24.454+0000] {subprocess.py:93} INFO - [0m18:00:24  Running with dbt=1.8.7
[2026-05-09T18:00:27.095+0000] {subprocess.py:93} INFO - [0m18:00:27  Registered adapter: bigquery=1.8.3
[2026-05-09T18:00:28.995+0000] {subprocess.py:93} INFO - [0m18:00:28  Found 3 models, 1 seed, 7 data tests, 1 source, 479 macros
[2026-05-09T18:00:29.010+0000] {subprocess.py:93} INFO - [0m18:00:29
[2026-05-09T18:00:31.955+0000] {subprocess.py:93} INFO - [0m18:00:31  Concurrency: 4 threads (target='dev')
[2026-05-09T18:00:31.957+0000] {subprocess.py:93} INFO - [0m18:00:31
[2026-05-09T18:00:31.978+0000] {subprocess.py:93} INFO - [0m18:00:31  1 of 3 START sql view model price_intelligence_dbt.stg_prices .................. [RUN]
[2026-05-09T18:00:33.852+0000] {subprocess.py:93} INFO - [0m18:00:33  1 of 3 OK created sql view model price_intelligence_dbt.stg_prices ............. [[32mCREATE VIEW (0 processed)[0m in 1.86s]
[2026-05-09T18:00:33.864+0000] {subprocess.py:93} INFO - [0m18:00:33  2 of 3 START sql table model price_intelligence_dbt.prices_cleaned ............. [RUN]
[2026-05-09T18:00:37.939+0000] {subprocess.py:93} INFO - [0m18:00:37  2 of 3 OK created sql table model price_intelligence_dbt.prices_cleaned ........ [[32mCREATE TABLE (5.0k rows, 2.6 MiB processed)[0m in 4.07s]
[2026-05-09T18:00:37.948+0000] {subprocess.py:93} INFO - [0m18:00:37  3 of 3 START sql table model price_intelligence_dbt.prices_aggregated .......... [RUN]
[2026-05-09T18:00:41.531+0000] {subprocess.py:93} INFO - [0m18:00:41  3 of 3 OK created sql table model price_intelligence_dbt.prices_aggregated ..... [[32mCREATE TABLE (11.0 rows, 231.8 KiB processed)[0m in 3.58s]
[2026-05-09T18:00:41.557+0000] {subprocess.py:93} INFO - [0m18:00:41
[2026-05-09T18:00:41.559+0000] {subprocess.py:93} INFO - [0m18:00:41  Finished running 1 view model, 2 table models in 0 hours 0 minutes and 12.54 seconds (12.54s).
[2026-05-09T18:00:41.770+0000] {subprocess.py:93} INFO - [0m18:00:41
[2026-05-09T18:00:41.772+0000] {subprocess.py:93} INFO - [0m18:00:41  [32mCompleted successfully[0m
[2026-05-09T18:00:41.774+0000] {subprocess.py:93} INFO - [0m18:00:41
[2026-05-09T18:00:41.776+0000] {subprocess.py:93} INFO - [0m18:00:41  Done. PASS=3 WARN=0 ERROR=0 SKIP=0 TOTAL=3
[2026-05-09T18:00:43.383+0000] {subprocess.py:93} INFO - dbt done
[2026-05-09T18:00:43.397+0000] {subprocess.py:97} INFO - Command exited with return code 0
[2026-05-09T18:00:43.493+0000] {taskinstance.py:1138} INFO - Marking task as SUCCESS. dag_id=price_intelligence_pipeline, task_id=dbt_run, execution_date=20260509T170000, start_date=20260509T180019, end_date=20260509T180043
[2026-05-09T18:00:43.606+0000] {local_task_job_runner.py:234} INFO - Task exited with return code 0
[2026-05-09T18:00:43.746+0000] {taskinstance.py:3280} INFO - 1 downstream tasks scheduled from follow-on schedule check
