[2026-05-05T20:04:30.744+0000] {taskinstance.py:1956} INFO - Dependencies all met for dep_context=non-requeueable deps ti=<TaskInstance: price_intelligence_pipeline.quality_check manual__2026-05-05T19:58:30.057837+00:00 [queued]>
[2026-05-05T20:04:30.776+0000] {taskinstance.py:1956} INFO - Dependencies all met for dep_context=requeueable deps ti=<TaskInstance: price_intelligence_pipeline.quality_check manual__2026-05-05T19:58:30.057837+00:00 [queued]>
[2026-05-05T20:04:30.779+0000] {taskinstance.py:2170} INFO - Starting attempt 1 of 3
[2026-05-05T20:04:30.863+0000] {taskinstance.py:2191} INFO - Executing <Task(BashOperator): quality_check> on 2026-05-05 19:58:30.057837+00:00
[2026-05-05T20:04:30.894+0000] {standard_task_runner.py:60} INFO - Started process 1981 to run task
[2026-05-05T20:04:30.927+0000] {standard_task_runner.py:87} INFO - Running: ['***', 'tasks', 'run', 'price_intelligence_pipeline', 'quality_check', 'manual__2026-05-05T19:58:30.057837+00:00', '--job-id', '268', '--raw', '--subdir', 'DAGS_FOLDER/price_intelligence_dag_BACKUP.py', '--cfg-path', '/tmp/tmp5u7rof85']
[2026-05-05T20:04:30.942+0000] {standard_task_runner.py:88} INFO - Job 268: Subtask quality_check
[2026-05-05T20:04:31.167+0000] {task_command.py:423} INFO - Running <TaskInstance: price_intelligence_pipeline.quality_check manual__2026-05-05T19:58:30.057837+00:00 [running]> on host 25ef6dfa8bdc
[2026-05-05T20:04:31.502+0000] {taskinstance.py:2480} INFO - Exporting env vars: AIRFLOW_CTX_DAG_OWNER='price_intelligence' AIRFLOW_CTX_DAG_ID='price_intelligence_pipeline' AIRFLOW_CTX_TASK_ID='quality_check' AIRFLOW_CTX_EXECUTION_DATE='2026-05-05T19:58:30.057837+00:00' AIRFLOW_CTX_TRY_NUMBER='1' AIRFLOW_CTX_DAG_RUN_ID='manual__2026-05-05T19:58:30.057837+00:00'
[2026-05-05T20:04:31.505+0000] {subprocess.py:63} INFO - Tmp dir root location: /tmp
[2026-05-05T20:04:31.508+0000] {subprocess.py:75} INFO - Running command: ['/usr/bin/bash', '-c', '\n            python3 -c "\nimport json\n\ndata = json.load(open(\'/opt/***/data/cleaned/products_cleaned.json\'))\ntotal        = len(data)\nwith_price   = sum(1 for p in data if p.get(\'price\',0) > 0)\nwith_rating  = sum(1 for p in data if p.get(\'rating\',\'\'))\nwith_cat     = sum(1 for p in data if p.get(\'category\',\'\'))\ncompleteness = round(100.0 * with_price / total, 1) if total else 0\n\nprint(f\'╔══════════════════════════════════════╗\')\nprint(f\'║        QUALITY REPORT                ║\')\nprint(f\'║  Total produits   : {total:<6}           ║\')\nprint(f\'║  Avec prix        : {with_price:<6}           ║\')\nprint(f\'║  Avec rating      : {with_rating:<6}           ║\')\nprint(f\'║  Avec catégorie   : {with_cat:<6}           ║\')\nprint(f\'║  Price completeness: {completeness}%          ║\')\nprint(f\'╚══════════════════════════════════════╝\')\n\nassert completeness >= 80, f\'❌ Price completeness trop basse: {completeness}%\'\nprint(\'✅ Quality check PASSED!\')\n"\n        ']
[2026-05-05T20:04:31.537+0000] {subprocess.py:86} INFO - Output:
[2026-05-05T20:04:31.815+0000] {subprocess.py:93} INFO - ╔══════════════════════════════════════╗
[2026-05-05T20:04:31.817+0000] {subprocess.py:93} INFO - ║        QUALITY REPORT                ║
[2026-05-05T20:04:31.818+0000] {subprocess.py:93} INFO - ║  Total produits   : 6936             ║
[2026-05-05T20:04:31.819+0000] {subprocess.py:93} INFO - ║  Avec prix        : 6936             ║
[2026-05-05T20:04:31.820+0000] {subprocess.py:93} INFO - ║  Avec rating      : 6936             ║
[2026-05-05T20:04:31.821+0000] {subprocess.py:93} INFO - ║  Avec catégorie   : 6936             ║
[2026-05-05T20:04:31.822+0000] {subprocess.py:93} INFO - ║  Price completeness: 100.0%          ║
[2026-05-05T20:04:31.824+0000] {subprocess.py:93} INFO - ╚══════════════════════════════════════╝
[2026-05-05T20:04:31.825+0000] {subprocess.py:93} INFO - ✅ Quality check PASSED!
[2026-05-05T20:04:31.832+0000] {subprocess.py:97} INFO - Command exited with return code 0
[2026-05-05T20:04:31.921+0000] {taskinstance.py:1138} INFO - Marking task as SUCCESS. dag_id=price_intelligence_pipeline, task_id=quality_check, execution_date=20260505T195830, start_date=20260505T200430, end_date=20260505T200431
[2026-05-05T20:04:31.970+0000] {local_task_job_runner.py:234} INFO - Task exited with return code 0
[2026-05-05T20:04:32.016+0000] {taskinstance.py:3280} INFO - 0 downstream tasks scheduled from follow-on schedule check
