[2026-05-05T23:09:47.595+0000] {taskinstance.py:1956} INFO - Dependencies all met for dep_context=non-requeueable deps ti=<TaskInstance: price_intelligence_pipeline.scrape_electroplanet manual__2026-05-05T22:17:56.089527+00:00 [queued]>
[2026-05-05T23:09:47.615+0000] {taskinstance.py:1956} INFO - Dependencies all met for dep_context=requeueable deps ti=<TaskInstance: price_intelligence_pipeline.scrape_electroplanet manual__2026-05-05T22:17:56.089527+00:00 [queued]>
[2026-05-05T23:09:47.616+0000] {taskinstance.py:2170} INFO - Starting attempt 1 of 2
[2026-05-05T23:09:47.656+0000] {taskinstance.py:2191} INFO - Executing <Task(BashOperator): scrape_electroplanet> on 2026-05-05 22:17:56.089527+00:00
[2026-05-05T23:09:47.667+0000] {standard_task_runner.py:60} INFO - Started process 10520 to run task
[2026-05-05T23:09:47.688+0000] {standard_task_runner.py:87} INFO - Running: ['***', 'tasks', 'run', 'price_intelligence_pipeline', 'scrape_electroplanet', 'manual__2026-05-05T22:17:56.089527+00:00', '--job-id', '497', '--raw', '--subdir', 'DAGS_FOLDER/price_intelligence_dag.py', '--cfg-path', '/tmp/tmp8bd7w99h']
[2026-05-05T23:09:47.693+0000] {standard_task_runner.py:88} INFO - Job 497: Subtask scrape_electroplanet
[2026-05-05T23:09:47.854+0000] {task_command.py:423} INFO - Running <TaskInstance: price_intelligence_pipeline.scrape_electroplanet manual__2026-05-05T22:17:56.089527+00:00 [running]> on host 25ef6dfa8bdc
[2026-05-05T23:09:48.076+0000] {taskinstance.py:2480} INFO - Exporting env vars: AIRFLOW_CTX_DAG_OWNER='***' AIRFLOW_CTX_DAG_ID='price_intelligence_pipeline' AIRFLOW_CTX_TASK_ID='scrape_electroplanet' AIRFLOW_CTX_EXECUTION_DATE='2026-05-05T22:17:56.089527+00:00' AIRFLOW_CTX_TRY_NUMBER='1' AIRFLOW_CTX_DAG_RUN_ID='manual__2026-05-05T22:17:56.089527+00:00'
[2026-05-05T23:09:48.082+0000] {subprocess.py:63} INFO - Tmp dir root location: /tmp
[2026-05-05T23:09:48.085+0000] {subprocess.py:75} INFO - Running command: ['/usr/bin/bash', '-c', '\n            cd /opt/***\n            mkdir -p data/raw\n            export DISPLAY=:99\n            python3 scrapers/spiders/electroplanet_ma.py || echo "Electroplanet done with warnings"\n        ']
[2026-05-05T23:09:48.114+0000] {subprocess.py:86} INFO - Output:
[2026-05-05T23:10:14.666+0000] {subprocess.py:93} INFO - 
[2026-05-05T23:10:14.667+0000] {subprocess.py:93} INFO - [Electroplanet] Scraping : smartphones
[2026-05-05T23:10:14.668+0000] {subprocess.py:93} INFO - Traceback (most recent call last):
[2026-05-05T23:10:14.669+0000] {subprocess.py:93} INFO -   File "scrapers/spiders/electroplanet_ma.py", line 162, in <module>
[2026-05-05T23:10:14.671+0000] {subprocess.py:93} INFO -     scrape_electroplanet()
[2026-05-05T23:10:14.671+0000] {subprocess.py:93} INFO -   File "scrapers/spiders/electroplanet_ma.py", line 73, in scrape_electroplanet
[2026-05-05T23:10:14.672+0000] {subprocess.py:93} INFO -     driver = get_driver()
[2026-05-05T23:10:14.673+0000] {subprocess.py:93} INFO -   File "scrapers/spiders/electroplanet_ma.py", line 63, in get_driver
[2026-05-05T23:10:14.674+0000] {subprocess.py:93} INFO -     return webdriver.Chrome(service=Service(ChromeDriverManager().install()), options=opts)
[2026-05-05T23:10:14.675+0000] {subprocess.py:93} INFO -   File "/home/***/.local/lib/python3.8/site-packages/selenium/webdriver/chrome/webdriver.py", line 45, in __init__
[2026-05-05T23:10:14.676+0000] {subprocess.py:93} INFO -     super().__init__(
[2026-05-05T23:10:14.677+0000] {subprocess.py:93} INFO -   File "/home/***/.local/lib/python3.8/site-packages/selenium/webdriver/chromium/webdriver.py", line 66, in __init__
[2026-05-05T23:10:14.678+0000] {subprocess.py:93} INFO -     super().__init__(command_executor=executor, options=options)
[2026-05-05T23:10:14.679+0000] {subprocess.py:93} INFO -   File "/home/***/.local/lib/python3.8/site-packages/selenium/webdriver/remote/webdriver.py", line 241, in __init__
[2026-05-05T23:10:14.680+0000] {subprocess.py:93} INFO -     self.start_session(capabilities)
[2026-05-05T23:10:14.681+0000] {subprocess.py:93} INFO -   File "/home/***/.local/lib/python3.8/site-packages/selenium/webdriver/remote/webdriver.py", line 329, in start_session
[2026-05-05T23:10:14.682+0000] {subprocess.py:93} INFO -     response = self.execute(Command.NEW_SESSION, caps)["value"]
[2026-05-05T23:10:14.683+0000] {subprocess.py:93} INFO -   File "/home/***/.local/lib/python3.8/site-packages/selenium/webdriver/remote/webdriver.py", line 384, in execute
[2026-05-05T23:10:14.684+0000] {subprocess.py:93} INFO -     self.error_handler.check_response(response)
[2026-05-05T23:10:14.685+0000] {subprocess.py:93} INFO -   File "/home/***/.local/lib/python3.8/site-packages/selenium/webdriver/remote/errorhandler.py", line 232, in check_response
[2026-05-05T23:10:14.686+0000] {subprocess.py:93} INFO -     raise exception_class(message, screen, stacktrace)
[2026-05-05T23:10:14.687+0000] {subprocess.py:93} INFO - selenium.common.exceptions.SessionNotCreatedException: Message: session not created: This version of ChromeDriver only supports Chrome version 114
[2026-05-05T23:10:14.688+0000] {subprocess.py:93} INFO - Current browser version is 147.0.7727.137 with binary path /usr/bin/chromium
[2026-05-05T23:10:14.689+0000] {subprocess.py:93} INFO - Stacktrace:
[2026-05-05T23:10:14.690+0000] {subprocess.py:93} INFO - #0 0x5a8872d3f4e3 <unknown>
[2026-05-05T23:10:14.691+0000] {subprocess.py:93} INFO - #1 0x5a8872a6ec76 <unknown>
[2026-05-05T23:10:14.692+0000] {subprocess.py:93} INFO - #2 0x5a8872a9c04a <unknown>
[2026-05-05T23:10:14.693+0000] {subprocess.py:93} INFO - #3 0x5a8872a974a1 <unknown>
[2026-05-05T23:10:14.693+0000] {subprocess.py:93} INFO - #4 0x5a8872a94029 <unknown>
[2026-05-05T23:10:14.694+0000] {subprocess.py:93} INFO - #5 0x5a8872ad2ccc <unknown>
[2026-05-05T23:10:14.695+0000] {subprocess.py:93} INFO - #6 0x5a8872ad247f <unknown>
[2026-05-05T23:10:14.695+0000] {subprocess.py:93} INFO - #7 0x5a8872ac9de3 <unknown>
[2026-05-05T23:10:14.696+0000] {subprocess.py:93} INFO - #8 0x5a8872a9f2dd <unknown>
[2026-05-05T23:10:14.697+0000] {subprocess.py:93} INFO - #9 0x5a8872aa034e <unknown>
[2026-05-05T23:10:14.698+0000] {subprocess.py:93} INFO - #10 0x5a8872cff3e4 <unknown>
[2026-05-05T23:10:14.698+0000] {subprocess.py:93} INFO - #11 0x5a8872d033d7 <unknown>
[2026-05-05T23:10:14.699+0000] {subprocess.py:93} INFO - #12 0x5a8872d0db20 <unknown>
[2026-05-05T23:10:14.700+0000] {subprocess.py:93} INFO - #13 0x5a8872d04023 <unknown>
[2026-05-05T23:10:14.700+0000] {subprocess.py:93} INFO - #14 0x5a8872cd21aa <unknown>
[2026-05-05T23:10:14.701+0000] {subprocess.py:93} INFO - #15 0x5a8872d286b8 <unknown>
[2026-05-05T23:10:14.702+0000] {subprocess.py:93} INFO - #16 0x5a8872d28847 <unknown>
[2026-05-05T23:10:14.703+0000] {subprocess.py:93} INFO - #17 0x5a8872d38243 <unknown>
[2026-05-05T23:10:14.704+0000] {subprocess.py:93} INFO - #18 0x799247192134 <unknown>
[2026-05-05T23:10:14.705+0000] {subprocess.py:93} INFO - 
[2026-05-05T23:10:14.729+0000] {subprocess.py:93} INFO - Electroplanet done with warnings
[2026-05-05T23:10:14.731+0000] {subprocess.py:97} INFO - Command exited with return code 0
[2026-05-05T23:10:14.810+0000] {taskinstance.py:1138} INFO - Marking task as SUCCESS. dag_id=price_intelligence_pipeline, task_id=scrape_electroplanet, execution_date=20260505T221756, start_date=20260505T230947, end_date=20260505T231014
[2026-05-05T23:10:14.849+0000] {local_task_job_runner.py:234} INFO - Task exited with return code 0
[2026-05-05T23:10:14.899+0000] {taskinstance.py:3280} INFO - 1 downstream tasks scheduled from follow-on schedule check
