[2026-05-08T16:45:24.978+0000] {taskinstance.py:1956} INFO - Dependencies all met for dep_context=non-requeueable deps ti=<TaskInstance: price_intelligence_pipeline.scrape_amazon scheduled__2026-05-07T23:00:00+00:00 [queued]>
[2026-05-08T16:45:25.090+0000] {taskinstance.py:1956} INFO - Dependencies all met for dep_context=requeueable deps ti=<TaskInstance: price_intelligence_pipeline.scrape_amazon scheduled__2026-05-07T23:00:00+00:00 [queued]>
[2026-05-08T16:45:25.156+0000] {taskinstance.py:2170} INFO - Starting attempt 1 of 2
[2026-05-08T16:45:25.393+0000] {taskinstance.py:2191} INFO - Executing <Task(BashOperator): scrape_amazon> on 2026-05-07 23:00:00+00:00
[2026-05-08T16:45:25.431+0000] {standard_task_runner.py:60} INFO - Started process 4210 to run task
[2026-05-08T16:45:25.452+0000] {standard_task_runner.py:87} INFO - Running: ['***', 'tasks', 'run', 'price_intelligence_pipeline', 'scrape_amazon', 'scheduled__2026-05-07T23:00:00+00:00', '--job-id', '763', '--raw', '--subdir', 'DAGS_FOLDER/price_intelligence_dag.py', '--cfg-path', '/tmp/tmpk548rysn']
[2026-05-08T16:45:25.615+0000] {standard_task_runner.py:88} INFO - Job 763: Subtask scrape_amazon
[2026-05-08T16:45:26.197+0000] {task_command.py:423} INFO - Running <TaskInstance: price_intelligence_pipeline.scrape_amazon scheduled__2026-05-07T23:00:00+00:00 [running]> on host 25ef6dfa8bdc
[2026-05-08T16:45:26.992+0000] {taskinstance.py:2480} INFO - Exporting env vars: AIRFLOW_CTX_DAG_OWNER='***' AIRFLOW_CTX_DAG_ID='price_intelligence_pipeline' AIRFLOW_CTX_TASK_ID='scrape_amazon' AIRFLOW_CTX_EXECUTION_DATE='2026-05-07T23:00:00+00:00' AIRFLOW_CTX_TRY_NUMBER='1' AIRFLOW_CTX_DAG_RUN_ID='scheduled__2026-05-07T23:00:00+00:00'
[2026-05-08T16:45:27.052+0000] {subprocess.py:63} INFO - Tmp dir root location: /tmp
[2026-05-08T16:45:27.078+0000] {subprocess.py:75} INFO - Running command: ['/usr/bin/bash', '-c', '\n            cd /opt/***\n            mkdir -p data/raw\n            export DISPLAY=:99\n            python3 scrapers/spiders/amazon_ma.py || echo "Amazon done with warnings"\n        ']
[2026-05-08T16:45:27.189+0000] {subprocess.py:86} INFO - Output:
[2026-05-08T16:45:32.429+0000] {subprocess.py:93} INFO - Traceback (most recent call last):
[2026-05-08T16:45:32.435+0000] {subprocess.py:93} INFO -   File "/home/***/.local/lib/python3.8/site-packages/urllib3/connection.py", line 174, in _new_conn
[2026-05-08T16:45:32.444+0000] {subprocess.py:93} INFO -     conn = connection.create_connection(
[2026-05-08T16:45:32.445+0000] {subprocess.py:93} INFO -   File "/home/***/.local/lib/python3.8/site-packages/urllib3/util/connection.py", line 72, in create_connection
[2026-05-08T16:45:32.454+0000] {subprocess.py:93} INFO -     for res in socket.getaddrinfo(host, port, family, socket.SOCK_STREAM):
[2026-05-08T16:45:32.486+0000] {subprocess.py:93} INFO -   File "/usr/local/lib/python3.8/socket.py", line 918, in getaddrinfo
[2026-05-08T16:45:32.487+0000] {subprocess.py:93} INFO -     for res in _socket.getaddrinfo(host, port, family, type, proto, flags):
[2026-05-08T16:45:32.502+0000] {subprocess.py:93} INFO - socket.gaierror: [Errno -2] Name or service not known
[2026-05-08T16:45:32.505+0000] {subprocess.py:93} INFO - 
[2026-05-08T16:45:32.507+0000] {subprocess.py:93} INFO - During handling of the above exception, another exception occurred:
[2026-05-08T16:45:32.532+0000] {subprocess.py:93} INFO - 
[2026-05-08T16:45:32.534+0000] {subprocess.py:93} INFO - Traceback (most recent call last):
[2026-05-08T16:45:32.547+0000] {subprocess.py:93} INFO -   File "/home/***/.local/lib/python3.8/site-packages/urllib3/connectionpool.py", line 715, in urlopen
[2026-05-08T16:45:32.550+0000] {subprocess.py:93} INFO -     httplib_response = self._make_request(
[2026-05-08T16:45:32.562+0000] {subprocess.py:93} INFO -   File "/home/***/.local/lib/python3.8/site-packages/urllib3/connectionpool.py", line 404, in _make_request
[2026-05-08T16:45:32.563+0000] {subprocess.py:93} INFO -     self._validate_conn(conn)
[2026-05-08T16:45:32.577+0000] {subprocess.py:93} INFO -   File "/home/***/.local/lib/python3.8/site-packages/urllib3/connectionpool.py", line 1058, in _validate_conn
[2026-05-08T16:45:32.579+0000] {subprocess.py:93} INFO -     conn.connect()
[2026-05-08T16:45:32.580+0000] {subprocess.py:93} INFO -   File "/home/***/.local/lib/python3.8/site-packages/urllib3/connection.py", line 363, in connect
[2026-05-08T16:45:32.592+0000] {subprocess.py:93} INFO -     self.sock = conn = self._new_conn()
[2026-05-08T16:45:32.608+0000] {subprocess.py:93} INFO -   File "/home/***/.local/lib/python3.8/site-packages/urllib3/connection.py", line 186, in _new_conn
[2026-05-08T16:45:32.623+0000] {subprocess.py:93} INFO -     raise NewConnectionError(
[2026-05-08T16:45:32.626+0000] {subprocess.py:93} INFO - urllib3.exceptions.NewConnectionError: <urllib3.connection.HTTPSConnection object at 0x7842e3cf83d0>: Failed to establish a new connection: [Errno -2] Name or service not known
[2026-05-08T16:45:32.640+0000] {subprocess.py:93} INFO - 
[2026-05-08T16:45:32.641+0000] {subprocess.py:93} INFO - During handling of the above exception, another exception occurred:
[2026-05-08T16:45:32.653+0000] {subprocess.py:93} INFO - 
[2026-05-08T16:45:32.655+0000] {subprocess.py:93} INFO - Traceback (most recent call last):
[2026-05-08T16:45:32.659+0000] {subprocess.py:93} INFO -   File "/home/***/.local/lib/python3.8/site-packages/requests/adapters.py", line 486, in send
[2026-05-08T16:45:32.669+0000] {subprocess.py:93} INFO -     resp = conn.urlopen(
[2026-05-08T16:45:32.673+0000] {subprocess.py:93} INFO -   File "/home/***/.local/lib/python3.8/site-packages/urllib3/connectionpool.py", line 799, in urlopen
[2026-05-08T16:45:32.692+0000] {subprocess.py:93} INFO -     retries = retries.increment(
[2026-05-08T16:45:32.700+0000] {subprocess.py:93} INFO -   File "/home/***/.local/lib/python3.8/site-packages/urllib3/util/retry.py", line 592, in increment
[2026-05-08T16:45:32.702+0000] {subprocess.py:93} INFO -     raise MaxRetryError(_pool, url, error or ResponseError(cause))
[2026-05-08T16:45:32.704+0000] {subprocess.py:93} INFO - urllib3.exceptions.MaxRetryError: HTTPSConnectionPool(host='chromedriver.storage.googleapis.com', port=443): Max retries exceeded with url: /LATEST_RELEASE (Caused by NewConnectionError('<urllib3.connection.HTTPSConnection object at 0x7842e3cf83d0>: Failed to establish a new connection: [Errno -2] Name or service not known'))
[2026-05-08T16:45:32.717+0000] {subprocess.py:93} INFO - 
[2026-05-08T16:45:32.730+0000] {subprocess.py:93} INFO - During handling of the above exception, another exception occurred:
[2026-05-08T16:45:32.733+0000] {subprocess.py:93} INFO - 
[2026-05-08T16:45:32.735+0000] {subprocess.py:93} INFO - Traceback (most recent call last):
[2026-05-08T16:45:32.746+0000] {subprocess.py:93} INFO -   File "/home/***/.local/lib/python3.8/site-packages/webdriver_manager/core/http.py", line 32, in get
[2026-05-08T16:45:32.752+0000] {subprocess.py:93} INFO -     resp = requests.get(
[2026-05-08T16:45:32.762+0000] {subprocess.py:93} INFO -   File "/home/***/.local/lib/python3.8/site-packages/requests/api.py", line 73, in get
[2026-05-08T16:45:32.771+0000] {subprocess.py:93} INFO -     return request("get", url, params=params, **kwargs)
[2026-05-08T16:45:32.776+0000] {subprocess.py:93} INFO -   File "/home/***/.local/lib/python3.8/site-packages/requests/api.py", line 59, in request
[2026-05-08T16:45:32.792+0000] {subprocess.py:93} INFO -     return session.request(method=method, url=url, **kwargs)
[2026-05-08T16:45:32.807+0000] {subprocess.py:93} INFO -   File "/home/***/.local/lib/python3.8/site-packages/requests/sessions.py", line 589, in request
[2026-05-08T16:45:32.822+0000] {subprocess.py:93} INFO -     resp = self.send(prep, **send_kwargs)
[2026-05-08T16:45:32.826+0000] {subprocess.py:93} INFO -   File "/home/***/.local/lib/python3.8/site-packages/requests/sessions.py", line 703, in send
[2026-05-08T16:45:32.837+0000] {subprocess.py:93} INFO -     r = adapter.send(request, **kwargs)
[2026-05-08T16:45:32.860+0000] {subprocess.py:93} INFO -   File "/home/***/.local/lib/python3.8/site-packages/requests/adapters.py", line 519, in send
[2026-05-08T16:45:32.873+0000] {subprocess.py:93} INFO -     raise ConnectionError(e, request=request)
[2026-05-08T16:45:32.876+0000] {subprocess.py:93} INFO - requests.exceptions.ConnectionError: HTTPSConnectionPool(host='chromedriver.storage.googleapis.com', port=443): Max retries exceeded with url: /LATEST_RELEASE (Caused by NewConnectionError('<urllib3.connection.HTTPSConnection object at 0x7842e3cf83d0>: Failed to establish a new connection: [Errno -2] Name or service not known'))
[2026-05-08T16:45:32.886+0000] {subprocess.py:93} INFO - 
[2026-05-08T16:45:32.892+0000] {subprocess.py:93} INFO - During handling of the above exception, another exception occurred:
[2026-05-08T16:45:32.900+0000] {subprocess.py:93} INFO - 
[2026-05-08T16:45:32.914+0000] {subprocess.py:93} INFO - Traceback (most recent call last):
[2026-05-08T16:45:32.915+0000] {subprocess.py:93} INFO -   File "scrapers/spiders/amazon_ma.py", line 147, in <module>
[2026-05-08T16:45:32.925+0000] {subprocess.py:93} INFO -     scrape_amazon()
[2026-05-08T16:45:32.932+0000] {subprocess.py:93} INFO -   File "scrapers/spiders/amazon_ma.py", line 55, in scrape_amazon
[2026-05-08T16:45:32.945+0000] {subprocess.py:93} INFO -     driver = get_driver()
[2026-05-08T16:45:32.946+0000] {subprocess.py:93} INFO -   File "scrapers/spiders/amazon_ma.py", line 47, in get_driver
[2026-05-08T16:45:32.948+0000] {subprocess.py:93} INFO -     driver = webdriver.Chrome(service=Service(ChromeDriverManager().install()), options=opts)
[2026-05-08T16:45:32.954+0000] {subprocess.py:93} INFO -   File "/home/***/.local/lib/python3.8/site-packages/webdriver_manager/chrome.py", line 40, in install
[2026-05-08T16:45:32.956+0000] {subprocess.py:93} INFO -     driver_path = self._get_driver_binary_path(self.driver)
[2026-05-08T16:45:32.958+0000] {subprocess.py:93} INFO -   File "/home/***/.local/lib/python3.8/site-packages/webdriver_manager/core/manager.py", line 40, in _get_driver_binary_path
[2026-05-08T16:45:32.959+0000] {subprocess.py:93} INFO -     file = self._download_manager.download_file(driver.get_driver_download_url(os_type))
[2026-05-08T16:45:32.961+0000] {subprocess.py:93} INFO -   File "/home/***/.local/lib/python3.8/site-packages/webdriver_manager/drivers/chrome.py", line 32, in get_driver_download_url
[2026-05-08T16:45:32.963+0000] {subprocess.py:93} INFO -     driver_version_to_download = self.get_driver_version_to_download()
[2026-05-08T16:45:32.966+0000] {subprocess.py:93} INFO -   File "/home/***/.local/lib/python3.8/site-packages/webdriver_manager/core/driver.py", line 48, in get_driver_version_to_download
[2026-05-08T16:45:32.969+0000] {subprocess.py:93} INFO -     return self.get_latest_release_version()
[2026-05-08T16:45:32.970+0000] {subprocess.py:93} INFO -   File "/home/***/.local/lib/python3.8/site-packages/webdriver_manager/drivers/chrome.py", line 70, in get_latest_release_version
[2026-05-08T16:45:32.974+0000] {subprocess.py:93} INFO -     resp = self._http_client.get(url=latest_release_url)
[2026-05-08T16:45:32.977+0000] {subprocess.py:93} INFO -   File "/home/***/.local/lib/python3.8/site-packages/webdriver_manager/core/http.py", line 35, in get
[2026-05-08T16:45:32.978+0000] {subprocess.py:93} INFO -     raise exceptions.ConnectionError(f"Could not reach host. Are you offline?")
[2026-05-08T16:45:32.980+0000] {subprocess.py:93} INFO - requests.exceptions.ConnectionError: Could not reach host. Are you offline?
[2026-05-08T16:45:32.982+0000] {subprocess.py:93} INFO - Amazon done with warnings
[2026-05-08T16:45:32.984+0000] {subprocess.py:97} INFO - Command exited with return code 0
[2026-05-08T16:45:33.230+0000] {taskinstance.py:1138} INFO - Marking task as SUCCESS. dag_id=price_intelligence_pipeline, task_id=scrape_amazon, execution_date=20260507T230000, start_date=20260508T164525, end_date=20260508T164533
[2026-05-08T16:45:33.378+0000] {local_task_job_runner.py:234} INFO - Task exited with return code 0
[2026-05-08T16:45:33.509+0000] {taskinstance.py:3280} INFO - 0 downstream tasks scheduled from follow-on schedule check
