[2026-05-05T20:14:18.106+0000] {taskinstance.py:1956} INFO - Dependencies all met for dep_context=non-requeueable deps ti=<TaskInstance: price_intelligence_pipeline.load_bigquery manual__2026-05-05T20:11:52.493765+00:00 [queued]>
[2026-05-05T20:14:18.133+0000] {taskinstance.py:1956} INFO - Dependencies all met for dep_context=requeueable deps ti=<TaskInstance: price_intelligence_pipeline.load_bigquery manual__2026-05-05T20:11:52.493765+00:00 [queued]>
[2026-05-05T20:14:18.135+0000] {taskinstance.py:2170} INFO - Starting attempt 2 of 3
[2026-05-05T20:14:18.178+0000] {taskinstance.py:2191} INFO - Executing <Task(BashOperator): load_bigquery> on 2026-05-05 20:11:52.493765+00:00
[2026-05-05T20:14:18.195+0000] {standard_task_runner.py:60} INFO - Started process 2503 to run task
[2026-05-05T20:14:18.207+0000] {standard_task_runner.py:87} INFO - Running: ['***', 'tasks', 'run', 'price_intelligence_pipeline', 'load_bigquery', 'manual__2026-05-05T20:11:52.493765+00:00', '--job-id', '295', '--raw', '--subdir', 'DAGS_FOLDER/price_intelligence_dag.py', '--cfg-path', '/tmp/tmpq0p81a8t']
[2026-05-05T20:14:18.214+0000] {standard_task_runner.py:88} INFO - Job 295: Subtask load_bigquery
[2026-05-05T20:14:18.420+0000] {task_command.py:423} INFO - Running <TaskInstance: price_intelligence_pipeline.load_bigquery manual__2026-05-05T20:11:52.493765+00:00 [running]> on host 25ef6dfa8bdc
[2026-05-05T20:14:18.639+0000] {taskinstance.py:2480} INFO - Exporting env vars: AIRFLOW_CTX_DAG_OWNER='***' AIRFLOW_CTX_DAG_ID='price_intelligence_pipeline' AIRFLOW_CTX_TASK_ID='load_bigquery' AIRFLOW_CTX_EXECUTION_DATE='2026-05-05T20:11:52.493765+00:00' AIRFLOW_CTX_TRY_NUMBER='2' AIRFLOW_CTX_DAG_RUN_ID='manual__2026-05-05T20:11:52.493765+00:00'
[2026-05-05T20:14:18.642+0000] {subprocess.py:63} INFO - Tmp dir root location: /tmp
[2026-05-05T20:14:18.645+0000] {subprocess.py:75} INFO - Running command: ['/usr/bin/bash', '-c', '\n            set -e\n            cd /opt/***\n            export GOOGLE_APPLICATION_CREDENTIALS=/opt/***/gcp-credentials-new.json\n            python3 bigquery_load.py\n            echo BigQuery done\n        ']
[2026-05-05T20:14:18.668+0000] {subprocess.py:86} INFO - Output:
[2026-05-05T20:15:21.257+0000] {local_task_job_runner.py:302} WARNING - State of this instance has been externally set to removed. Terminating instance.
[2026-05-05T20:15:21.264+0000] {process_utils.py:131} INFO - Sending 15 to group 2503. PIDs of all processes in the group: [2504, 2505, 2503]
[2026-05-05T20:15:21.265+0000] {process_utils.py:86} INFO - Sending the signal 15 to group 2503
[2026-05-05T20:15:21.266+0000] {taskinstance.py:2450} ERROR - Received SIGTERM. Terminating subprocesses.
[2026-05-05T20:15:21.267+0000] {subprocess.py:104} INFO - Sending SIGTERM signal to process group
[2026-05-05T20:15:21.305+0000] {process_utils.py:79} INFO - Process psutil.Process(pid=2505, status='terminated', started='20:14:18') (2505) terminated with exit code None
[2026-05-05T20:15:21.364+0000] {process_utils.py:79} INFO - Process psutil.Process(pid=2503, status='terminated', exitcode=0, started='20:14:18') (2503) terminated with exit code 0
[2026-05-05T20:15:21.368+0000] {process_utils.py:79} INFO - Process psutil.Process(pid=2504, status='terminated', started='20:14:18') (2504) terminated with exit code None
