[2026-05-17T12:49:48.829+0000] {taskinstance.py:1956} INFO - Dependencies all met for dep_context=non-requeueable deps ti=<TaskInstance: price_intelligence_pipeline.dbt_run scheduled__2026-05-17T11:00:00+00:00 [queued]>
[2026-05-17T12:49:48.872+0000] {taskinstance.py:1956} INFO - Dependencies all met for dep_context=requeueable deps ti=<TaskInstance: price_intelligence_pipeline.dbt_run scheduled__2026-05-17T11:00:00+00:00 [queued]>
[2026-05-17T12:49:48.873+0000] {taskinstance.py:2170} INFO - Starting attempt 1 of 2
[2026-05-17T12:49:48.923+0000] {taskinstance.py:2191} INFO - Executing <Task(BashOperator): dbt_run> on 2026-05-17 11:00:00+00:00
[2026-05-17T12:49:48.943+0000] {standard_task_runner.py:60} INFO - Started process 38967 to run task
[2026-05-17T12:49:48.968+0000] {standard_task_runner.py:87} INFO - Running: ['***', 'tasks', 'run', 'price_intelligence_pipeline', 'dbt_run', 'scheduled__2026-05-17T11:00:00+00:00', '--job-id', '1310', '--raw', '--subdir', 'DAGS_FOLDER/price_intelligence_dag.py', '--cfg-path', '/tmp/tmp7iewey8a']
[2026-05-17T12:49:48.980+0000] {standard_task_runner.py:88} INFO - Job 1310: Subtask dbt_run
[2026-05-17T12:49:49.340+0000] {task_command.py:423} INFO - Running <TaskInstance: price_intelligence_pipeline.dbt_run scheduled__2026-05-17T11:00:00+00:00 [running]> on host 91e0d3a0a233
[2026-05-17T12:49:49.807+0000] {taskinstance.py:2480} INFO - Exporting env vars: AIRFLOW_CTX_DAG_OWNER='***' AIRFLOW_CTX_DAG_ID='price_intelligence_pipeline' AIRFLOW_CTX_TASK_ID='dbt_run' AIRFLOW_CTX_EXECUTION_DATE='2026-05-17T11:00:00+00:00' AIRFLOW_CTX_TRY_NUMBER='1' AIRFLOW_CTX_DAG_RUN_ID='scheduled__2026-05-17T11:00:00+00:00'
[2026-05-17T12:49:49.811+0000] {subprocess.py:63} INFO - Tmp dir root location: /tmp
[2026-05-17T12:49:49.821+0000] {subprocess.py:75} INFO - Running command: ['/usr/bin/bash', '-c', '\n            set -e\n            cd /opt/***/dbt\n            export GOOGLE_APPLICATION_CREDENTIALS=/opt/***/gcp-credentials-new.json\n            /home/***/.local/bin/dbt run --full-refresh --profiles-dir . --project-dir .\n            echo dbt done\n        ']
[2026-05-17T12:49:49.845+0000] {subprocess.py:86} INFO - Output:
[2026-05-17T12:49:56.664+0000] {subprocess.py:93} INFO - [0m12:49:56  Running with dbt=1.8.7
[2026-05-17T12:50:00.514+0000] {subprocess.py:93} INFO - [0m12:50:00  Registered adapter: bigquery=1.8.3
[2026-05-17T12:50:04.037+0000] {subprocess.py:93} INFO - [0m12:50:04  Found 3 models, 1 seed, 7 data tests, 1 source, 479 macros
[2026-05-17T12:50:04.047+0000] {subprocess.py:93} INFO - [0m12:50:04
[2026-05-17T12:50:07.870+0000] {subprocess.py:93} INFO - [0m12:50:07  Concurrency: 4 threads (target='dev')
[2026-05-17T12:50:07.871+0000] {subprocess.py:93} INFO - [0m12:50:07
[2026-05-17T12:50:07.885+0000] {subprocess.py:93} INFO - [0m12:50:07  1 of 3 START sql view model price_intelligence_dbt.stg_prices .................. [RUN]
[2026-05-17T12:50:18.945+0000] {subprocess.py:93} INFO - [0m12:50:18  1 of 3 OK created sql view model price_intelligence_dbt.stg_prices ............. [[32mCREATE VIEW (0 processed)[0m in 11.05s]
[2026-05-17T12:50:18.958+0000] {subprocess.py:93} INFO - [0m12:50:18  2 of 3 START sql table model price_intelligence_dbt.prices_cleaned ............. [RUN]
[2026-05-17T12:50:24.458+0000] {subprocess.py:93} INFO - [0m12:50:24  2 of 3 OK created sql table model price_intelligence_dbt.prices_cleaned ........ [[32mCREATE TABLE (5.0k rows, 2.6 MiB processed)[0m in 5.49s]
[2026-05-17T12:50:24.468+0000] {subprocess.py:93} INFO - [0m12:50:24  3 of 3 START sql table model price_intelligence_dbt.prices_aggregated .......... [RUN]
[2026-05-17T12:50:29.987+0000] {subprocess.py:93} INFO - [0m12:50:29  3 of 3 OK created sql table model price_intelligence_dbt.prices_aggregated ..... [[32mCREATE TABLE (11.0 rows, 231.8 KiB processed)[0m in 5.51s]
[2026-05-17T12:50:30.004+0000] {subprocess.py:93} INFO - [0m12:50:30
[2026-05-17T12:50:30.007+0000] {subprocess.py:93} INFO - [0m12:50:30  Finished running 1 view model, 2 table models in 0 hours 0 minutes and 25.95 seconds (25.95s).
[2026-05-17T12:50:30.254+0000] {subprocess.py:93} INFO - [0m12:50:30
[2026-05-17T12:50:30.262+0000] {subprocess.py:93} INFO - [0m12:50:30  [32mCompleted successfully[0m
[2026-05-17T12:50:30.265+0000] {subprocess.py:93} INFO - [0m12:50:30
[2026-05-17T12:50:30.270+0000] {subprocess.py:93} INFO - [0m12:50:30  Done. PASS=3 WARN=0 ERROR=0 SKIP=0 TOTAL=3
[2026-05-17T12:50:34.042+0000] {subprocess.py:93} INFO - dbt done
[2026-05-17T12:50:34.050+0000] {subprocess.py:97} INFO - Command exited with return code 0
[2026-05-17T12:50:34.099+0000] {taskinstance.py:1138} INFO - Marking task as SUCCESS. dag_id=price_intelligence_pipeline, task_id=dbt_run, execution_date=20260517T110000, start_date=20260517T124948, end_date=20260517T125034
[2026-05-17T12:50:34.164+0000] {local_task_job_runner.py:234} INFO - Task exited with return code 0
[2026-05-17T12:50:34.213+0000] {taskinstance.py:3280} INFO - 1 downstream tasks scheduled from follow-on schedule check
