[2026-05-17T20:02:05.361+0000] {taskinstance.py:1956} INFO - Dependencies all met for dep_context=non-requeueable deps ti=<TaskInstance: price_intelligence_pipeline.dbt_run scheduled__2026-05-17T19:00:00+00:00 [queued]>
[2026-05-17T20:02:05.418+0000] {taskinstance.py:1956} INFO - Dependencies all met for dep_context=requeueable deps ti=<TaskInstance: price_intelligence_pipeline.dbt_run scheduled__2026-05-17T19:00:00+00:00 [queued]>
[2026-05-17T20:02:05.420+0000] {taskinstance.py:2170} INFO - Starting attempt 1 of 2
[2026-05-17T20:02:05.491+0000] {taskinstance.py:2191} INFO - Executing <Task(BashOperator): dbt_run> on 2026-05-17 19:00:00+00:00
[2026-05-17T20:02:05.505+0000] {standard_task_runner.py:60} INFO - Started process 45036 to run task
[2026-05-17T20:02:05.523+0000] {standard_task_runner.py:87} INFO - Running: ['***', 'tasks', 'run', 'price_intelligence_pipeline', 'dbt_run', 'scheduled__2026-05-17T19:00:00+00:00', '--job-id', '1364', '--raw', '--subdir', 'DAGS_FOLDER/price_intelligence_dag.py', '--cfg-path', '/tmp/tmpf8nco4b_']
[2026-05-17T20:02:05.542+0000] {standard_task_runner.py:88} INFO - Job 1364: Subtask dbt_run
[2026-05-17T20:02:05.867+0000] {task_command.py:423} INFO - Running <TaskInstance: price_intelligence_pipeline.dbt_run scheduled__2026-05-17T19:00:00+00:00 [running]> on host 91e0d3a0a233
[2026-05-17T20:02:06.116+0000] {taskinstance.py:2480} INFO - Exporting env vars: AIRFLOW_CTX_DAG_OWNER='***' AIRFLOW_CTX_DAG_ID='price_intelligence_pipeline' AIRFLOW_CTX_TASK_ID='dbt_run' AIRFLOW_CTX_EXECUTION_DATE='2026-05-17T19:00:00+00:00' AIRFLOW_CTX_TRY_NUMBER='1' AIRFLOW_CTX_DAG_RUN_ID='scheduled__2026-05-17T19:00:00+00:00'
[2026-05-17T20:02:06.119+0000] {subprocess.py:63} INFO - Tmp dir root location: /tmp
[2026-05-17T20:02:06.122+0000] {subprocess.py:75} INFO - Running command: ['/usr/bin/bash', '-c', '\n            set -e\n            cd /opt/***/dbt\n            export GOOGLE_APPLICATION_CREDENTIALS=/opt/***/gcp-credentials-new.json\n            /home/***/.local/bin/dbt run --full-refresh --profiles-dir . --project-dir .\n            echo dbt done\n        ']
[2026-05-17T20:02:06.140+0000] {subprocess.py:86} INFO - Output:
[2026-05-17T20:02:10.152+0000] {subprocess.py:93} INFO - [0m20:02:10  Running with dbt=1.8.7
[2026-05-17T20:02:12.827+0000] {subprocess.py:93} INFO - [0m20:02:12  Registered adapter: bigquery=1.8.3
[2026-05-17T20:02:14.698+0000] {subprocess.py:93} INFO - [0m20:02:14  Found 3 models, 1 seed, 7 data tests, 1 source, 479 macros
[2026-05-17T20:02:14.708+0000] {subprocess.py:93} INFO - [0m20:02:14
[2026-05-17T20:02:17.615+0000] {subprocess.py:93} INFO - [0m20:02:17  Concurrency: 4 threads (target='dev')
[2026-05-17T20:02:17.621+0000] {subprocess.py:93} INFO - [0m20:02:17
[2026-05-17T20:02:17.697+0000] {subprocess.py:93} INFO - [0m20:02:17  1 of 3 START sql view model price_intelligence_dbt.stg_prices .................. [RUN]
[2026-05-17T20:02:21.219+0000] {subprocess.py:93} INFO - [0m20:02:21  1 of 3 OK created sql view model price_intelligence_dbt.stg_prices ............. [[32mCREATE VIEW (0 processed)[0m in 3.51s]
[2026-05-17T20:02:21.228+0000] {subprocess.py:93} INFO - [0m20:02:21  2 of 3 START sql table model price_intelligence_dbt.prices_cleaned ............. [RUN]
[2026-05-17T20:02:25.828+0000] {subprocess.py:93} INFO - [0m20:02:25  2 of 3 OK created sql table model price_intelligence_dbt.prices_cleaned ........ [[32mCREATE TABLE (5.0k rows, 2.6 MiB processed)[0m in 4.59s]
[2026-05-17T20:02:25.846+0000] {subprocess.py:93} INFO - [0m20:02:25  3 of 3 START sql table model price_intelligence_dbt.prices_aggregated .......... [RUN]
[2026-05-17T20:02:29.942+0000] {subprocess.py:93} INFO - [0m20:02:29  3 of 3 OK created sql table model price_intelligence_dbt.prices_aggregated ..... [[32mCREATE TABLE (11.0 rows, 231.8 KiB processed)[0m in 4.08s]
[2026-05-17T20:02:29.987+0000] {subprocess.py:93} INFO - [0m20:02:29
[2026-05-17T20:02:29.991+0000] {subprocess.py:93} INFO - [0m20:02:29  Finished running 1 view model, 2 table models in 0 hours 0 minutes and 15.27 seconds (15.27s).
[2026-05-17T20:02:30.427+0000] {subprocess.py:93} INFO - [0m20:02:30
[2026-05-17T20:02:30.434+0000] {subprocess.py:93} INFO - [0m20:02:30  [32mCompleted successfully[0m
[2026-05-17T20:02:30.438+0000] {subprocess.py:93} INFO - [0m20:02:30
[2026-05-17T20:02:30.443+0000] {subprocess.py:93} INFO - [0m20:02:30  Done. PASS=3 WARN=0 ERROR=0 SKIP=0 TOTAL=3
[2026-05-17T20:02:35.428+0000] {subprocess.py:93} INFO - dbt done
[2026-05-17T20:02:35.446+0000] {subprocess.py:97} INFO - Command exited with return code 0
[2026-05-17T20:02:35.595+0000] {taskinstance.py:1138} INFO - Marking task as SUCCESS. dag_id=price_intelligence_pipeline, task_id=dbt_run, execution_date=20260517T190000, start_date=20260517T200205, end_date=20260517T200235
[2026-05-17T20:02:35.695+0000] {local_task_job_runner.py:234} INFO - Task exited with return code 0
[2026-05-17T20:02:35.796+0000] {taskinstance.py:3280} INFO - 1 downstream tasks scheduled from follow-on schedule check
