[2026-05-07T22:55:23.612+0000] {taskinstance.py:1956} INFO - Dependencies all met for dep_context=non-requeueable deps ti=<TaskInstance: price_intelligence_pipeline.scrape_electroplanet manual__2026-05-07T22:55:21.001274+00:00 [queued]>
[2026-05-07T22:55:23.634+0000] {taskinstance.py:1956} INFO - Dependencies all met for dep_context=requeueable deps ti=<TaskInstance: price_intelligence_pipeline.scrape_electroplanet manual__2026-05-07T22:55:21.001274+00:00 [queued]>
[2026-05-07T22:55:23.638+0000] {taskinstance.py:2170} INFO - Starting attempt 1 of 2
[2026-05-07T22:55:23.689+0000] {taskinstance.py:2191} INFO - Executing <Task(BashOperator): scrape_electroplanet> on 2026-05-07 22:55:21.001274+00:00
[2026-05-07T22:55:23.705+0000] {standard_task_runner.py:60} INFO - Started process 3269 to run task
[2026-05-07T22:55:23.735+0000] {standard_task_runner.py:87} INFO - Running: ['***', 'tasks', 'run', 'price_intelligence_pipeline', 'scrape_electroplanet', 'manual__2026-05-07T22:55:21.001274+00:00', '--job-id', '746', '--raw', '--subdir', 'DAGS_FOLDER/price_intelligence_dag.py', '--cfg-path', '/tmp/tmpq8pml1z8']
[2026-05-07T22:55:23.751+0000] {standard_task_runner.py:88} INFO - Job 746: Subtask scrape_electroplanet
[2026-05-07T22:55:24.012+0000] {task_command.py:423} INFO - Running <TaskInstance: price_intelligence_pipeline.scrape_electroplanet manual__2026-05-07T22:55:21.001274+00:00 [running]> on host 25ef6dfa8bdc
[2026-05-07T22:55:24.371+0000] {taskinstance.py:2480} INFO - Exporting env vars: AIRFLOW_CTX_DAG_OWNER='***' AIRFLOW_CTX_DAG_ID='price_intelligence_pipeline' AIRFLOW_CTX_TASK_ID='scrape_electroplanet' AIRFLOW_CTX_EXECUTION_DATE='2026-05-07T22:55:21.001274+00:00' AIRFLOW_CTX_TRY_NUMBER='1' AIRFLOW_CTX_DAG_RUN_ID='manual__2026-05-07T22:55:21.001274+00:00'
[2026-05-07T22:55:24.374+0000] {subprocess.py:63} INFO - Tmp dir root location: /tmp
[2026-05-07T22:55:24.382+0000] {subprocess.py:75} INFO - Running command: ['/usr/bin/bash', '-c', '\n            cd /opt/***\n            mkdir -p data/raw\n            export DISPLAY=:99\n            python3 scrapers/spiders/electroplanet_ma.py || echo "Electroplanet done with warnings"\n        ']
[2026-05-07T22:55:24.456+0000] {subprocess.py:86} INFO - Output:
[2026-05-07T22:55:30.651+0000] {subprocess.py:93} INFO - 
[2026-05-07T22:55:30.657+0000] {subprocess.py:93} INFO - [Electroplanet] Scraping : smartphones
[2026-05-07T22:55:30.661+0000] {subprocess.py:93} INFO - Traceback (most recent call last):
[2026-05-07T22:55:30.662+0000] {subprocess.py:93} INFO -   File "/home/***/.local/lib/python3.8/site-packages/urllib3/connection.py", line 174, in _new_conn
[2026-05-07T22:55:30.663+0000] {subprocess.py:93} INFO -     conn = connection.create_connection(
[2026-05-07T22:55:30.664+0000] {subprocess.py:93} INFO -   File "/home/***/.local/lib/python3.8/site-packages/urllib3/util/connection.py", line 72, in create_connection
[2026-05-07T22:55:30.665+0000] {subprocess.py:93} INFO -     for res in socket.getaddrinfo(host, port, family, socket.SOCK_STREAM):
[2026-05-07T22:55:30.666+0000] {subprocess.py:93} INFO -   File "/usr/local/lib/python3.8/socket.py", line 918, in getaddrinfo
[2026-05-07T22:55:30.667+0000] {subprocess.py:93} INFO -     for res in _socket.getaddrinfo(host, port, family, type, proto, flags):
[2026-05-07T22:55:30.674+0000] {subprocess.py:93} INFO - socket.gaierror: [Errno -5] No address associated with hostname
[2026-05-07T22:55:30.677+0000] {subprocess.py:93} INFO - 
[2026-05-07T22:55:30.678+0000] {subprocess.py:93} INFO - During handling of the above exception, another exception occurred:
[2026-05-07T22:55:30.679+0000] {subprocess.py:93} INFO - 
[2026-05-07T22:55:30.680+0000] {subprocess.py:93} INFO - Traceback (most recent call last):
[2026-05-07T22:55:30.681+0000] {subprocess.py:93} INFO -   File "/home/***/.local/lib/python3.8/site-packages/urllib3/connectionpool.py", line 715, in urlopen
[2026-05-07T22:55:30.682+0000] {subprocess.py:93} INFO -     httplib_response = self._make_request(
[2026-05-07T22:55:30.691+0000] {subprocess.py:93} INFO -   File "/home/***/.local/lib/python3.8/site-packages/urllib3/connectionpool.py", line 404, in _make_request
[2026-05-07T22:55:30.694+0000] {subprocess.py:93} INFO -     self._validate_conn(conn)
[2026-05-07T22:55:30.695+0000] {subprocess.py:93} INFO -   File "/home/***/.local/lib/python3.8/site-packages/urllib3/connectionpool.py", line 1058, in _validate_conn
[2026-05-07T22:55:30.696+0000] {subprocess.py:93} INFO -     conn.connect()
[2026-05-07T22:55:30.697+0000] {subprocess.py:93} INFO -   File "/home/***/.local/lib/python3.8/site-packages/urllib3/connection.py", line 363, in connect
[2026-05-07T22:55:30.698+0000] {subprocess.py:93} INFO -     self.sock = conn = self._new_conn()
[2026-05-07T22:55:30.699+0000] {subprocess.py:93} INFO -   File "/home/***/.local/lib/python3.8/site-packages/urllib3/connection.py", line 186, in _new_conn
[2026-05-07T22:55:30.700+0000] {subprocess.py:93} INFO -     raise NewConnectionError(
[2026-05-07T22:55:30.702+0000] {subprocess.py:93} INFO - urllib3.exceptions.NewConnectionError: <urllib3.connection.HTTPSConnection object at 0x7b27ff671580>: Failed to establish a new connection: [Errno -5] No address associated with hostname
[2026-05-07T22:55:30.706+0000] {subprocess.py:93} INFO - 
[2026-05-07T22:55:30.708+0000] {subprocess.py:93} INFO - During handling of the above exception, another exception occurred:
[2026-05-07T22:55:30.713+0000] {subprocess.py:93} INFO - 
[2026-05-07T22:55:30.715+0000] {subprocess.py:93} INFO - Traceback (most recent call last):
[2026-05-07T22:55:30.716+0000] {subprocess.py:93} INFO -   File "/home/***/.local/lib/python3.8/site-packages/requests/adapters.py", line 486, in send
[2026-05-07T22:55:30.718+0000] {subprocess.py:93} INFO -     resp = conn.urlopen(
[2026-05-07T22:55:30.719+0000] {subprocess.py:93} INFO -   File "/home/***/.local/lib/python3.8/site-packages/urllib3/connectionpool.py", line 799, in urlopen
[2026-05-07T22:55:30.721+0000] {subprocess.py:93} INFO -     retries = retries.increment(
[2026-05-07T22:55:30.723+0000] {subprocess.py:93} INFO -   File "/home/***/.local/lib/python3.8/site-packages/urllib3/util/retry.py", line 592, in increment
[2026-05-07T22:55:30.724+0000] {subprocess.py:93} INFO -     raise MaxRetryError(_pool, url, error or ResponseError(cause))
[2026-05-07T22:55:30.725+0000] {subprocess.py:93} INFO - urllib3.exceptions.MaxRetryError: HTTPSConnectionPool(host='chromedriver.storage.googleapis.com', port=443): Max retries exceeded with url: /LATEST_RELEASE (Caused by NewConnectionError('<urllib3.connection.HTTPSConnection object at 0x7b27ff671580>: Failed to establish a new connection: [Errno -5] No address associated with hostname'))
[2026-05-07T22:55:30.726+0000] {subprocess.py:93} INFO - 
[2026-05-07T22:55:30.728+0000] {subprocess.py:93} INFO - During handling of the above exception, another exception occurred:
[2026-05-07T22:55:30.735+0000] {subprocess.py:93} INFO - 
[2026-05-07T22:55:30.739+0000] {subprocess.py:93} INFO - Traceback (most recent call last):
[2026-05-07T22:55:30.741+0000] {subprocess.py:93} INFO -   File "/home/***/.local/lib/python3.8/site-packages/webdriver_manager/core/http.py", line 32, in get
[2026-05-07T22:55:30.742+0000] {subprocess.py:93} INFO -     resp = requests.get(
[2026-05-07T22:55:30.743+0000] {subprocess.py:93} INFO -   File "/home/***/.local/lib/python3.8/site-packages/requests/api.py", line 73, in get
[2026-05-07T22:55:30.744+0000] {subprocess.py:93} INFO -     return request("get", url, params=params, **kwargs)
[2026-05-07T22:55:30.745+0000] {subprocess.py:93} INFO -   File "/home/***/.local/lib/python3.8/site-packages/requests/api.py", line 59, in request
[2026-05-07T22:55:30.746+0000] {subprocess.py:93} INFO -     return session.request(method=method, url=url, **kwargs)
[2026-05-07T22:55:30.747+0000] {subprocess.py:93} INFO -   File "/home/***/.local/lib/python3.8/site-packages/requests/sessions.py", line 589, in request
[2026-05-07T22:55:30.749+0000] {subprocess.py:93} INFO -     resp = self.send(prep, **send_kwargs)
[2026-05-07T22:55:30.751+0000] {subprocess.py:93} INFO -   File "/home/***/.local/lib/python3.8/site-packages/requests/sessions.py", line 703, in send
[2026-05-07T22:55:30.758+0000] {subprocess.py:93} INFO -     r = adapter.send(request, **kwargs)
[2026-05-07T22:55:30.759+0000] {subprocess.py:93} INFO -   File "/home/***/.local/lib/python3.8/site-packages/requests/adapters.py", line 519, in send
[2026-05-07T22:55:30.760+0000] {subprocess.py:93} INFO -     raise ConnectionError(e, request=request)
[2026-05-07T22:55:30.761+0000] {subprocess.py:93} INFO - requests.exceptions.ConnectionError: HTTPSConnectionPool(host='chromedriver.storage.googleapis.com', port=443): Max retries exceeded with url: /LATEST_RELEASE (Caused by NewConnectionError('<urllib3.connection.HTTPSConnection object at 0x7b27ff671580>: Failed to establish a new connection: [Errno -5] No address associated with hostname'))
[2026-05-07T22:55:30.762+0000] {subprocess.py:93} INFO - 
[2026-05-07T22:55:30.763+0000] {subprocess.py:93} INFO - During handling of the above exception, another exception occurred:
[2026-05-07T22:55:30.765+0000] {subprocess.py:93} INFO - 
[2026-05-07T22:55:30.766+0000] {subprocess.py:93} INFO - Traceback (most recent call last):
[2026-05-07T22:55:30.778+0000] {subprocess.py:93} INFO -   File "scrapers/spiders/electroplanet_ma.py", line 162, in <module>
[2026-05-07T22:55:30.778+0000] {subprocess.py:93} INFO -     scrape_electroplanet()
[2026-05-07T22:55:30.780+0000] {subprocess.py:93} INFO -   File "scrapers/spiders/electroplanet_ma.py", line 73, in scrape_electroplanet
[2026-05-07T22:55:30.781+0000] {subprocess.py:93} INFO -     driver = get_driver()
[2026-05-07T22:55:30.782+0000] {subprocess.py:93} INFO -   File "scrapers/spiders/electroplanet_ma.py", line 63, in get_driver
[2026-05-07T22:55:30.783+0000] {subprocess.py:93} INFO -     return webdriver.Chrome(service=Service(ChromeDriverManager().install()), options=opts)
[2026-05-07T22:55:30.784+0000] {subprocess.py:93} INFO -   File "/home/***/.local/lib/python3.8/site-packages/webdriver_manager/chrome.py", line 40, in install
[2026-05-07T22:55:30.791+0000] {subprocess.py:93} INFO -     driver_path = self._get_driver_binary_path(self.driver)
[2026-05-07T22:55:30.792+0000] {subprocess.py:93} INFO -   File "/home/***/.local/lib/python3.8/site-packages/webdriver_manager/core/manager.py", line 40, in _get_driver_binary_path
[2026-05-07T22:55:30.802+0000] {subprocess.py:93} INFO -     file = self._download_manager.download_file(driver.get_driver_download_url(os_type))
[2026-05-07T22:55:30.805+0000] {subprocess.py:93} INFO -   File "/home/***/.local/lib/python3.8/site-packages/webdriver_manager/drivers/chrome.py", line 32, in get_driver_download_url
[2026-05-07T22:55:30.807+0000] {subprocess.py:93} INFO -     driver_version_to_download = self.get_driver_version_to_download()
[2026-05-07T22:55:30.809+0000] {subprocess.py:93} INFO -   File "/home/***/.local/lib/python3.8/site-packages/webdriver_manager/core/driver.py", line 48, in get_driver_version_to_download
[2026-05-07T22:55:30.811+0000] {subprocess.py:93} INFO -     return self.get_latest_release_version()
[2026-05-07T22:55:30.814+0000] {subprocess.py:93} INFO -   File "/home/***/.local/lib/python3.8/site-packages/webdriver_manager/drivers/chrome.py", line 70, in get_latest_release_version
[2026-05-07T22:55:30.816+0000] {subprocess.py:93} INFO -     resp = self._http_client.get(url=latest_release_url)
[2026-05-07T22:55:30.823+0000] {subprocess.py:93} INFO -   File "/home/***/.local/lib/python3.8/site-packages/webdriver_manager/core/http.py", line 35, in get
[2026-05-07T22:55:30.826+0000] {subprocess.py:93} INFO -     raise exceptions.ConnectionError(f"Could not reach host. Are you offline?")
[2026-05-07T22:55:30.836+0000] {subprocess.py:93} INFO - requests.exceptions.ConnectionError: Could not reach host. Are you offline?
[2026-05-07T22:55:30.838+0000] {subprocess.py:93} INFO - Electroplanet done with warnings
[2026-05-07T22:55:30.843+0000] {subprocess.py:97} INFO - Command exited with return code 0
[2026-05-07T22:55:30.978+0000] {taskinstance.py:1138} INFO - Marking task as SUCCESS. dag_id=price_intelligence_pipeline, task_id=scrape_electroplanet, execution_date=20260507T225521, start_date=20260507T225523, end_date=20260507T225530
[2026-05-07T22:55:31.064+0000] {local_task_job_runner.py:234} INFO - Task exited with return code 0
[2026-05-07T22:55:31.175+0000] {taskinstance.py:3280} INFO - 0 downstream tasks scheduled from follow-on schedule check
