[2026-05-23T14:00:23.563+0000] {taskinstance.py:1956} INFO - Dependencies all met for dep_context=non-requeueable deps ti=<TaskInstance: price_intelligence_pipeline.dbt_run scheduled__2026-05-23T13:00:00+00:00 [queued]>
[2026-05-23T14:00:23.575+0000] {taskinstance.py:1956} INFO - Dependencies all met for dep_context=requeueable deps ti=<TaskInstance: price_intelligence_pipeline.dbt_run scheduled__2026-05-23T13:00:00+00:00 [queued]>
[2026-05-23T14:00:23.576+0000] {taskinstance.py:2170} INFO - Starting attempt 1 of 2
[2026-05-23T14:00:23.595+0000] {taskinstance.py:2191} INFO - Executing <Task(BashOperator): dbt_run> on 2026-05-23 13:00:00+00:00
[2026-05-23T14:00:23.601+0000] {standard_task_runner.py:60} INFO - Started process 94851 to run task
[2026-05-23T14:00:23.607+0000] {standard_task_runner.py:87} INFO - Running: ['***', 'tasks', 'run', 'price_intelligence_pipeline', 'dbt_run', 'scheduled__2026-05-23T13:00:00+00:00', '--job-id', '1859', '--raw', '--subdir', 'DAGS_FOLDER/price_intelligence_dag.py', '--cfg-path', '/tmp/tmpzyx1lpod']
[2026-05-23T14:00:23.610+0000] {standard_task_runner.py:88} INFO - Job 1859: Subtask dbt_run
[2026-05-23T14:00:23.694+0000] {task_command.py:423} INFO - Running <TaskInstance: price_intelligence_pipeline.dbt_run scheduled__2026-05-23T13:00:00+00:00 [running]> on host 91e0d3a0a233
[2026-05-23T14:00:23.815+0000] {taskinstance.py:2480} INFO - Exporting env vars: AIRFLOW_CTX_DAG_OWNER='***' AIRFLOW_CTX_DAG_ID='price_intelligence_pipeline' AIRFLOW_CTX_TASK_ID='dbt_run' AIRFLOW_CTX_EXECUTION_DATE='2026-05-23T13:00:00+00:00' AIRFLOW_CTX_TRY_NUMBER='1' AIRFLOW_CTX_DAG_RUN_ID='scheduled__2026-05-23T13:00:00+00:00'
[2026-05-23T14:00:23.817+0000] {subprocess.py:63} INFO - Tmp dir root location: /tmp
[2026-05-23T14:00:23.819+0000] {subprocess.py:75} INFO - Running command: ['/usr/bin/bash', '-c', '\n            set -e\n            cd /opt/***/dbt\n            export GOOGLE_APPLICATION_CREDENTIALS=/opt/***/gcp-credentials-new.json\n            /home/***/.local/bin/dbt run --full-refresh --profiles-dir . --project-dir .\n            echo dbt done\n        ']
[2026-05-23T14:00:23.832+0000] {subprocess.py:86} INFO - Output:
[2026-05-23T14:00:25.925+0000] {subprocess.py:93} INFO - [0m14:00:25  Running with dbt=1.8.7
[2026-05-23T14:00:27.286+0000] {subprocess.py:93} INFO - [0m14:00:27  Registered adapter: bigquery=1.8.3
[2026-05-23T14:00:28.296+0000] {subprocess.py:93} INFO - [0m14:00:28  Found 3 models, 1 seed, 7 data tests, 1 source, 479 macros
[2026-05-23T14:00:28.299+0000] {subprocess.py:93} INFO - [0m14:00:28
[2026-05-23T14:00:38.895+0000] {subprocess.py:93} INFO - [0m14:00:38  Concurrency: 4 threads (target='dev')
[2026-05-23T14:00:38.897+0000] {subprocess.py:93} INFO - [0m14:00:38
[2026-05-23T14:00:38.916+0000] {subprocess.py:93} INFO - [0m14:00:38  1 of 3 START sql view model price_intelligence_dbt.stg_prices .................. [RUN]
[2026-05-23T14:00:41.100+0000] {subprocess.py:93} INFO - [0m14:00:41  1 of 3 OK created sql view model price_intelligence_dbt.stg_prices ............. [[32mCREATE VIEW (0 processed)[0m in 2.18s]
[2026-05-23T14:00:41.104+0000] {subprocess.py:93} INFO - [0m14:00:41  2 of 3 START sql table model price_intelligence_dbt.prices_cleaned ............. [RUN]
[2026-05-23T14:00:45.383+0000] {subprocess.py:93} INFO - [0m14:00:45  2 of 3 OK created sql table model price_intelligence_dbt.prices_cleaned ........ [[32mCREATE TABLE (879.0 rows, 655.9 KiB processed)[0m in 4.27s]
[2026-05-23T14:00:45.391+0000] {subprocess.py:93} INFO - [0m14:00:45  3 of 3 START sql table model price_intelligence_dbt.prices_aggregated .......... [RUN]
[2026-05-23T14:00:50.422+0000] {subprocess.py:93} INFO - [0m14:00:50  3 of 3 OK created sql table model price_intelligence_dbt.prices_aggregated ..... [[32mCREATE TABLE (6.0 rows, 41.1 KiB processed)[0m in 5.03s]
[2026-05-23T14:00:50.436+0000] {subprocess.py:93} INFO - [0m14:00:50
[2026-05-23T14:00:50.437+0000] {subprocess.py:93} INFO - [0m14:00:50  Finished running 1 view model, 2 table models in 0 hours 0 minutes and 22.14 seconds (22.14s).
[2026-05-23T14:00:50.526+0000] {subprocess.py:93} INFO - [0m14:00:50
[2026-05-23T14:00:50.527+0000] {subprocess.py:93} INFO - [0m14:00:50  [32mCompleted successfully[0m
[2026-05-23T14:00:50.528+0000] {subprocess.py:93} INFO - [0m14:00:50
[2026-05-23T14:00:50.529+0000] {subprocess.py:93} INFO - [0m14:00:50  Done. PASS=3 WARN=0 ERROR=0 SKIP=0 TOTAL=3
[2026-05-23T14:00:54.888+0000] {subprocess.py:93} INFO - dbt done
[2026-05-23T14:00:54.893+0000] {subprocess.py:97} INFO - Command exited with return code 0
[2026-05-23T14:00:54.928+0000] {taskinstance.py:1138} INFO - Marking task as SUCCESS. dag_id=price_intelligence_pipeline, task_id=dbt_run, execution_date=20260523T130000, start_date=20260523T140023, end_date=20260523T140054
[2026-05-23T14:00:54.975+0000] {local_task_job_runner.py:234} INFO - Task exited with return code 0
[2026-05-23T14:00:55.024+0000] {taskinstance.py:3280} INFO - 1 downstream tasks scheduled from follow-on schedule check
