[2026-05-08T16:51:27.938+0000] {taskinstance.py:1956} INFO - Dependencies all met for dep_context=non-requeueable deps ti=<TaskInstance: price_intelligence_pipeline.scrape_electroplanet scheduled__2026-05-08T15:00:00+00:00 [queued]>
[2026-05-08T16:51:27.987+0000] {taskinstance.py:1956} INFO - Dependencies all met for dep_context=requeueable deps ti=<TaskInstance: price_intelligence_pipeline.scrape_electroplanet scheduled__2026-05-08T15:00:00+00:00 [queued]>
[2026-05-08T16:51:27.994+0000] {taskinstance.py:2170} INFO - Starting attempt 1 of 2
[2026-05-08T16:51:28.067+0000] {taskinstance.py:2191} INFO - Executing <Task(BashOperator): scrape_electroplanet> on 2026-05-08 15:00:00+00:00
[2026-05-08T16:51:28.090+0000] {standard_task_runner.py:60} INFO - Started process 4477 to run task
[2026-05-08T16:51:28.109+0000] {standard_task_runner.py:87} INFO - Running: ['***', 'tasks', 'run', 'price_intelligence_pipeline', 'scrape_electroplanet', 'scheduled__2026-05-08T15:00:00+00:00', '--job-id', '770', '--raw', '--subdir', 'DAGS_FOLDER/price_intelligence_dag.py', '--cfg-path', '/tmp/tmpt5rulq_y']
[2026-05-08T16:51:28.126+0000] {standard_task_runner.py:88} INFO - Job 770: Subtask scrape_electroplanet
[2026-05-08T16:51:28.450+0000] {task_command.py:423} INFO - Running <TaskInstance: price_intelligence_pipeline.scrape_electroplanet scheduled__2026-05-08T15:00:00+00:00 [running]> on host 25ef6dfa8bdc
[2026-05-08T16:51:29.063+0000] {taskinstance.py:2480} INFO - Exporting env vars: AIRFLOW_CTX_DAG_OWNER='***' AIRFLOW_CTX_DAG_ID='price_intelligence_pipeline' AIRFLOW_CTX_TASK_ID='scrape_electroplanet' AIRFLOW_CTX_EXECUTION_DATE='2026-05-08T15:00:00+00:00' AIRFLOW_CTX_TRY_NUMBER='1' AIRFLOW_CTX_DAG_RUN_ID='scheduled__2026-05-08T15:00:00+00:00'
[2026-05-08T16:51:29.067+0000] {subprocess.py:63} INFO - Tmp dir root location: /tmp
[2026-05-08T16:51:29.076+0000] {subprocess.py:75} INFO - Running command: ['/usr/bin/bash', '-c', '\n            cd /opt/***\n            mkdir -p data/raw\n            export DISPLAY=:99\n            python3 scrapers/spiders/electroplanet_ma.py || echo "Electroplanet done with warnings"\n        ']
[2026-05-08T16:51:29.142+0000] {subprocess.py:86} INFO - Output:
[2026-05-08T16:51:45.568+0000] {subprocess.py:93} INFO - 
[2026-05-08T16:51:45.572+0000] {subprocess.py:93} INFO - [Electroplanet] Scraping : smartphones
[2026-05-08T16:51:45.573+0000] {subprocess.py:93} INFO - Traceback (most recent call last):
[2026-05-08T16:51:45.575+0000] {subprocess.py:93} INFO -   File "scrapers/spiders/electroplanet_ma.py", line 162, in <module>
[2026-05-08T16:51:45.576+0000] {subprocess.py:93} INFO -     scrape_electroplanet()
[2026-05-08T16:51:45.578+0000] {subprocess.py:93} INFO -   File "scrapers/spiders/electroplanet_ma.py", line 73, in scrape_electroplanet
[2026-05-08T16:51:45.579+0000] {subprocess.py:93} INFO -     driver = get_driver()
[2026-05-08T16:51:45.580+0000] {subprocess.py:93} INFO -   File "scrapers/spiders/electroplanet_ma.py", line 63, in get_driver
[2026-05-08T16:51:45.582+0000] {subprocess.py:93} INFO -     return webdriver.Chrome(service=Service(ChromeDriverManager().install()), options=opts)
[2026-05-08T16:51:45.583+0000] {subprocess.py:93} INFO -   File "/home/***/.local/lib/python3.8/site-packages/selenium/webdriver/chrome/webdriver.py", line 45, in __init__
[2026-05-08T16:51:45.585+0000] {subprocess.py:93} INFO -     super().__init__(
[2026-05-08T16:51:45.586+0000] {subprocess.py:93} INFO -   File "/home/***/.local/lib/python3.8/site-packages/selenium/webdriver/chromium/webdriver.py", line 66, in __init__
[2026-05-08T16:51:45.592+0000] {subprocess.py:93} INFO -     super().__init__(command_executor=executor, options=options)
[2026-05-08T16:51:45.594+0000] {subprocess.py:93} INFO -   File "/home/***/.local/lib/python3.8/site-packages/selenium/webdriver/remote/webdriver.py", line 241, in __init__
[2026-05-08T16:51:45.596+0000] {subprocess.py:93} INFO -     self.start_session(capabilities)
[2026-05-08T16:51:45.600+0000] {subprocess.py:93} INFO -   File "/home/***/.local/lib/python3.8/site-packages/selenium/webdriver/remote/webdriver.py", line 329, in start_session
[2026-05-08T16:51:45.601+0000] {subprocess.py:93} INFO -     response = self.execute(Command.NEW_SESSION, caps)["value"]
[2026-05-08T16:51:45.603+0000] {subprocess.py:93} INFO -   File "/home/***/.local/lib/python3.8/site-packages/selenium/webdriver/remote/webdriver.py", line 384, in execute
[2026-05-08T16:51:45.608+0000] {subprocess.py:93} INFO -     self.error_handler.check_response(response)
[2026-05-08T16:51:45.615+0000] {subprocess.py:93} INFO -   File "/home/***/.local/lib/python3.8/site-packages/selenium/webdriver/remote/errorhandler.py", line 232, in check_response
[2026-05-08T16:51:45.619+0000] {subprocess.py:93} INFO -     raise exception_class(message, screen, stacktrace)
[2026-05-08T16:51:45.623+0000] {subprocess.py:93} INFO - selenium.common.exceptions.SessionNotCreatedException: Message: session not created: This version of ChromeDriver only supports Chrome version 114
[2026-05-08T16:51:45.626+0000] {subprocess.py:93} INFO - Current browser version is 147.0.7727.137 with binary path /usr/bin/chromium
[2026-05-08T16:51:45.629+0000] {subprocess.py:93} INFO - Stacktrace:
[2026-05-08T16:51:45.631+0000] {subprocess.py:93} INFO - #0 0x5b2e933a64e3 <unknown>
[2026-05-08T16:51:45.634+0000] {subprocess.py:93} INFO - #1 0x5b2e930d5c76 <unknown>
[2026-05-08T16:51:45.638+0000] {subprocess.py:93} INFO - #2 0x5b2e9310304a <unknown>
[2026-05-08T16:51:45.659+0000] {subprocess.py:93} INFO - #3 0x5b2e930fe4a1 <unknown>
[2026-05-08T16:51:45.668+0000] {subprocess.py:93} INFO - #4 0x5b2e930fb029 <unknown>
[2026-05-08T16:51:45.671+0000] {subprocess.py:93} INFO - #5 0x5b2e93139ccc <unknown>
[2026-05-08T16:51:45.672+0000] {subprocess.py:93} INFO - #6 0x5b2e9313947f <unknown>
[2026-05-08T16:51:45.674+0000] {subprocess.py:93} INFO - #7 0x5b2e93130de3 <unknown>
[2026-05-08T16:51:45.676+0000] {subprocess.py:93} INFO - #8 0x5b2e931062dd <unknown>
[2026-05-08T16:51:45.688+0000] {subprocess.py:93} INFO - #9 0x5b2e9310734e <unknown>
[2026-05-08T16:51:45.691+0000] {subprocess.py:93} INFO - #10 0x5b2e933663e4 <unknown>
[2026-05-08T16:51:45.699+0000] {subprocess.py:93} INFO - #11 0x5b2e9336a3d7 <unknown>
[2026-05-08T16:51:45.702+0000] {subprocess.py:93} INFO - #12 0x5b2e93374b20 <unknown>
[2026-05-08T16:51:45.704+0000] {subprocess.py:93} INFO - #13 0x5b2e9336b023 <unknown>
[2026-05-08T16:51:45.706+0000] {subprocess.py:93} INFO - #14 0x5b2e933391aa <unknown>
[2026-05-08T16:51:45.708+0000] {subprocess.py:93} INFO - #15 0x5b2e9338f6b8 <unknown>
[2026-05-08T16:51:45.709+0000] {subprocess.py:93} INFO - #16 0x5b2e9338f847 <unknown>
[2026-05-08T16:51:45.710+0000] {subprocess.py:93} INFO - #17 0x5b2e9339f243 <unknown>
[2026-05-08T16:51:45.714+0000] {subprocess.py:93} INFO - #18 0x77f05b048134 <unknown>
[2026-05-08T16:51:45.719+0000] {subprocess.py:93} INFO - 
[2026-05-08T16:51:45.756+0000] {subprocess.py:93} INFO - Electroplanet done with warnings
[2026-05-08T16:51:45.758+0000] {subprocess.py:97} INFO - Command exited with return code 0
[2026-05-08T16:51:45.898+0000] {taskinstance.py:1138} INFO - Marking task as SUCCESS. dag_id=price_intelligence_pipeline, task_id=scrape_electroplanet, execution_date=20260508T150000, start_date=20260508T165127, end_date=20260508T165145
[2026-05-08T16:51:45.982+0000] {local_task_job_runner.py:234} INFO - Task exited with return code 0
[2026-05-08T16:51:46.114+0000] {taskinstance.py:3280} INFO - 1 downstream tasks scheduled from follow-on schedule check
