[2026-05-06T21:01:09.956+0000] {taskinstance.py:1956} INFO - Dependencies all met for dep_context=non-requeueable deps ti=<TaskInstance: price_intelligence_pipeline.dbt_run scheduled__2026-05-06T20:00:00+00:00 [queued]>
[2026-05-06T21:01:10.043+0000] {taskinstance.py:1956} INFO - Dependencies all met for dep_context=requeueable deps ti=<TaskInstance: price_intelligence_pipeline.dbt_run scheduled__2026-05-06T20:00:00+00:00 [queued]>
[2026-05-06T21:01:10.049+0000] {taskinstance.py:2170} INFO - Starting attempt 1 of 2
[2026-05-06T21:01:10.153+0000] {taskinstance.py:2191} INFO - Executing <Task(BashOperator): dbt_run> on 2026-05-06 20:00:00+00:00
[2026-05-06T21:01:10.168+0000] {standard_task_runner.py:60} INFO - Started process 23343 to run task
[2026-05-06T21:01:10.180+0000] {standard_task_runner.py:87} INFO - Running: ['***', 'tasks', 'run', 'price_intelligence_pipeline', 'dbt_run', 'scheduled__2026-05-06T20:00:00+00:00', '--job-id', '635', '--raw', '--subdir', 'DAGS_FOLDER/price_intelligence_dag.py', '--cfg-path', '/tmp/tmpjst8ig8w']
[2026-05-06T21:01:10.189+0000] {standard_task_runner.py:88} INFO - Job 635: Subtask dbt_run
[2026-05-06T21:01:10.506+0000] {task_command.py:423} INFO - Running <TaskInstance: price_intelligence_pipeline.dbt_run scheduled__2026-05-06T20:00:00+00:00 [running]> on host 25ef6dfa8bdc
[2026-05-06T21:01:10.966+0000] {taskinstance.py:2480} INFO - Exporting env vars: AIRFLOW_CTX_DAG_OWNER='***' AIRFLOW_CTX_DAG_ID='price_intelligence_pipeline' AIRFLOW_CTX_TASK_ID='dbt_run' AIRFLOW_CTX_EXECUTION_DATE='2026-05-06T20:00:00+00:00' AIRFLOW_CTX_TRY_NUMBER='1' AIRFLOW_CTX_DAG_RUN_ID='scheduled__2026-05-06T20:00:00+00:00'
[2026-05-06T21:01:10.972+0000] {subprocess.py:63} INFO - Tmp dir root location: /tmp
[2026-05-06T21:01:10.975+0000] {subprocess.py:75} INFO - Running command: ['/usr/bin/bash', '-c', '\n            set -e\n            cd /opt/***/dbt\n            export GOOGLE_APPLICATION_CREDENTIALS=/opt/***/gcp-credentials-new.json\n            /home/***/.local/bin/dbt run --select stg_prices --profiles-dir . --project-dir .\n            /home/***/.local/bin/dbt run --select prices_cleaned --profiles-dir . --project-dir .\n            /home/***/.local/bin/dbt run --select prices_aggregated --profiles-dir . --project-dir .\n            echo dbt done\n        ']
[2026-05-06T21:01:11.062+0000] {subprocess.py:86} INFO - Output:
[2026-05-06T21:01:22.842+0000] {subprocess.py:93} INFO - [0m21:01:22  Running with dbt=1.8.7
[2026-05-06T21:01:26.557+0000] {subprocess.py:93} INFO - [0m21:01:26  Registered adapter: bigquery=1.8.3
[2026-05-06T21:01:29.995+0000] {subprocess.py:93} INFO - [0m21:01:29  Found 3 models, 1 seed, 7 data tests, 1 source, 479 macros
[2026-05-06T21:01:30.005+0000] {subprocess.py:93} INFO - [0m21:01:30
[2026-05-06T21:01:32.418+0000] {subprocess.py:93} INFO - [0m21:01:32  Concurrency: 4 threads (target='dev')
[2026-05-06T21:01:32.431+0000] {subprocess.py:93} INFO - [0m21:01:32
[2026-05-06T21:01:32.485+0000] {subprocess.py:93} INFO - [0m21:01:32  1 of 1 START sql view model price_intelligence_dbt.stg_prices .................. [RUN]
[2026-05-06T21:01:36.284+0000] {subprocess.py:93} INFO - [0m21:01:36  BigQuery adapter: https://console.cloud.google.com/bigquery?project=project-32a82952-90fa-4dd7-b9c&j=bq:US:001d62a6-4e17-4c75-a5a2-44132010fb25&page=queryresults
[2026-05-06T21:01:36.302+0000] {subprocess.py:93} INFO - [0m21:01:36  1 of 1 ERROR creating sql view model price_intelligence_dbt.stg_prices ......... [[31mERROR[0m in 3.81s]
[2026-05-06T21:01:36.316+0000] {subprocess.py:93} INFO - [0m21:01:36
[2026-05-06T21:01:36.318+0000] {subprocess.py:93} INFO - [0m21:01:36  Finished running 1 view model in 0 hours 0 minutes and 6.31 seconds (6.31s).
[2026-05-06T21:01:36.463+0000] {subprocess.py:93} INFO - [0m21:01:36
[2026-05-06T21:01:36.466+0000] {subprocess.py:93} INFO - [0m21:01:36  [31mCompleted with 1 error and 0 warnings:[0m
[2026-05-06T21:01:36.468+0000] {subprocess.py:93} INFO - [0m21:01:36
[2026-05-06T21:01:36.470+0000] {subprocess.py:93} INFO - [0m21:01:36    Database Error in model stg_prices (models/staging/stg_prices.sql)
[2026-05-06T21:01:36.471+0000] {subprocess.py:93} INFO -   Unrecognized name: old_price at [11:10]
[2026-05-06T21:01:36.472+0000] {subprocess.py:93} INFO -   compiled code at target/run/price_intelligence/models/staging/stg_prices.sql
[2026-05-06T21:01:36.474+0000] {subprocess.py:93} INFO - [0m21:01:36
[2026-05-06T21:01:36.477+0000] {subprocess.py:93} INFO - [0m21:01:36  Done. PASS=0 WARN=0 ERROR=1 SKIP=0 TOTAL=1
[2026-05-06T21:01:41.216+0000] {subprocess.py:97} INFO - Command exited with return code 1
[2026-05-06T21:01:41.264+0000] {taskinstance.py:2698} ERROR - Task failed with exception
Traceback (most recent call last):
  File "/home/airflow/.local/lib/python3.8/site-packages/airflow/models/taskinstance.py", line 428, in _execute_task
    result = execute_callable(context=context, **execute_callable_kwargs)
  File "/home/airflow/.local/lib/python3.8/site-packages/airflow/operators/bash.py", line 212, in execute
    raise AirflowException(
airflow.exceptions.AirflowException: Bash command failed. The command returned a non-zero exit code 1.
[2026-05-06T21:01:41.282+0000] {taskinstance.py:1138} INFO - Marking task as UP_FOR_RETRY. dag_id=price_intelligence_pipeline, task_id=dbt_run, execution_date=20260506T200000, start_date=20260506T210109, end_date=20260506T210141
[2026-05-06T21:01:41.327+0000] {standard_task_runner.py:107} ERROR - Failed to execute job 635 for task dbt_run (Bash command failed. The command returned a non-zero exit code 1.; 23343)
[2026-05-06T21:01:41.358+0000] {local_task_job_runner.py:234} INFO - Task exited with return code 1
[2026-05-06T21:01:41.454+0000] {taskinstance.py:3280} INFO - 0 downstream tasks scheduled from follow-on schedule check
