[2026-05-06T21:03:42.498+0000] {taskinstance.py:1956} INFO - Dependencies all met for dep_context=non-requeueable deps ti=<TaskInstance: price_intelligence_pipeline.dbt_run scheduled__2026-05-06T20:00:00+00:00 [queued]>
[2026-05-06T21:03:42.517+0000] {taskinstance.py:1956} INFO - Dependencies all met for dep_context=requeueable deps ti=<TaskInstance: price_intelligence_pipeline.dbt_run scheduled__2026-05-06T20:00:00+00:00 [queued]>
[2026-05-06T21:03:42.518+0000] {taskinstance.py:2170} INFO - Starting attempt 2 of 2
[2026-05-06T21:03:42.547+0000] {taskinstance.py:2191} INFO - Executing <Task(BashOperator): dbt_run> on 2026-05-06 20:00:00+00:00
[2026-05-06T21:03:42.564+0000] {standard_task_runner.py:60} INFO - Started process 23415 to run task
[2026-05-06T21:03:42.573+0000] {standard_task_runner.py:87} INFO - Running: ['***', 'tasks', 'run', 'price_intelligence_pipeline', 'dbt_run', 'scheduled__2026-05-06T20:00:00+00:00', '--job-id', '636', '--raw', '--subdir', 'DAGS_FOLDER/price_intelligence_dag.py', '--cfg-path', '/tmp/tmp4nzulv99']
[2026-05-06T21:03:42.580+0000] {standard_task_runner.py:88} INFO - Job 636: Subtask dbt_run
[2026-05-06T21:03:42.822+0000] {task_command.py:423} INFO - Running <TaskInstance: price_intelligence_pipeline.dbt_run scheduled__2026-05-06T20:00:00+00:00 [running]> on host 25ef6dfa8bdc
[2026-05-06T21:03:43.275+0000] {taskinstance.py:2480} INFO - Exporting env vars: AIRFLOW_CTX_DAG_OWNER='***' AIRFLOW_CTX_DAG_ID='price_intelligence_pipeline' AIRFLOW_CTX_TASK_ID='dbt_run' AIRFLOW_CTX_EXECUTION_DATE='2026-05-06T20:00:00+00:00' AIRFLOW_CTX_TRY_NUMBER='2' AIRFLOW_CTX_DAG_RUN_ID='scheduled__2026-05-06T20:00:00+00:00'
[2026-05-06T21:03:43.289+0000] {subprocess.py:63} INFO - Tmp dir root location: /tmp
[2026-05-06T21:03:43.293+0000] {subprocess.py:75} INFO - Running command: ['/usr/bin/bash', '-c', '\n            set -e\n            cd /opt/***/dbt\n            export GOOGLE_APPLICATION_CREDENTIALS=/opt/***/gcp-credentials-new.json\n            /home/***/.local/bin/dbt run --select stg_prices --profiles-dir . --project-dir .\n            /home/***/.local/bin/dbt run --select prices_cleaned --profiles-dir . --project-dir .\n            /home/***/.local/bin/dbt run --select prices_aggregated --profiles-dir . --project-dir .\n            echo dbt done\n        ']
[2026-05-06T21:03:43.380+0000] {subprocess.py:86} INFO - Output:
[2026-05-06T21:03:54.858+0000] {subprocess.py:93} INFO - [0m21:03:54  Running with dbt=1.8.7
[2026-05-06T21:04:00.664+0000] {subprocess.py:93} INFO - [0m21:04:00  Registered adapter: bigquery=1.8.3
[2026-05-06T21:04:02.548+0000] {subprocess.py:93} INFO - [0m21:04:02  Found 3 models, 1 seed, 7 data tests, 1 source, 479 macros
[2026-05-06T21:04:02.555+0000] {subprocess.py:93} INFO - [0m21:04:02
[2026-05-06T21:04:05.447+0000] {subprocess.py:93} INFO - [0m21:04:05  Concurrency: 4 threads (target='dev')
[2026-05-06T21:04:05.449+0000] {subprocess.py:93} INFO - [0m21:04:05
[2026-05-06T21:04:05.477+0000] {subprocess.py:93} INFO - [0m21:04:05  1 of 1 START sql view model price_intelligence_dbt.stg_prices .................. [RUN]
[2026-05-06T21:04:09.775+0000] {subprocess.py:93} INFO - [0m21:04:09  BigQuery adapter: https://console.cloud.google.com/bigquery?project=project-32a82952-90fa-4dd7-b9c&j=bq:US:6234f45a-04a8-4b81-b363-8ea151966fe2&page=queryresults
[2026-05-06T21:04:09.797+0000] {subprocess.py:93} INFO - [0m21:04:09  1 of 1 ERROR creating sql view model price_intelligence_dbt.stg_prices ......... [[31mERROR[0m in 4.31s]
[2026-05-06T21:04:09.812+0000] {subprocess.py:93} INFO - [0m21:04:09
[2026-05-06T21:04:09.815+0000] {subprocess.py:93} INFO - [0m21:04:09  Finished running 1 view model in 0 hours 0 minutes and 7.26 seconds (7.26s).
[2026-05-06T21:04:09.950+0000] {subprocess.py:93} INFO - [0m21:04:09
[2026-05-06T21:04:09.954+0000] {subprocess.py:93} INFO - [0m21:04:09  [31mCompleted with 1 error and 0 warnings:[0m
[2026-05-06T21:04:09.955+0000] {subprocess.py:93} INFO - [0m21:04:09
[2026-05-06T21:04:09.957+0000] {subprocess.py:93} INFO - [0m21:04:09    Database Error in model stg_prices (models/staging/stg_prices.sql)
[2026-05-06T21:04:09.959+0000] {subprocess.py:93} INFO -   Unrecognized name: old_price at [11:10]
[2026-05-06T21:04:09.960+0000] {subprocess.py:93} INFO -   compiled code at target/run/price_intelligence/models/staging/stg_prices.sql
[2026-05-06T21:04:09.962+0000] {subprocess.py:93} INFO - [0m21:04:09
[2026-05-06T21:04:09.963+0000] {subprocess.py:93} INFO - [0m21:04:09  Done. PASS=0 WARN=0 ERROR=1 SKIP=0 TOTAL=1
[2026-05-06T21:04:14.770+0000] {subprocess.py:97} INFO - Command exited with return code 1
[2026-05-06T21:04:14.814+0000] {taskinstance.py:2698} ERROR - Task failed with exception
Traceback (most recent call last):
  File "/home/airflow/.local/lib/python3.8/site-packages/airflow/models/taskinstance.py", line 428, in _execute_task
    result = execute_callable(context=context, **execute_callable_kwargs)
  File "/home/airflow/.local/lib/python3.8/site-packages/airflow/operators/bash.py", line 212, in execute
    raise AirflowException(
airflow.exceptions.AirflowException: Bash command failed. The command returned a non-zero exit code 1.
[2026-05-06T21:04:14.824+0000] {taskinstance.py:1138} INFO - Marking task as FAILED. dag_id=price_intelligence_pipeline, task_id=dbt_run, execution_date=20260506T200000, start_date=20260506T210342, end_date=20260506T210414
[2026-05-06T21:04:14.878+0000] {standard_task_runner.py:107} ERROR - Failed to execute job 636 for task dbt_run (Bash command failed. The command returned a non-zero exit code 1.; 23415)
[2026-05-06T21:04:14.939+0000] {local_task_job_runner.py:234} INFO - Task exited with return code 1
[2026-05-06T21:04:15.033+0000] {taskinstance.py:3280} INFO - 0 downstream tasks scheduled from follow-on schedule check
