[2026-05-04T11:54:07.007+0000] {taskinstance.py:1956} INFO - Dependencies all met for dep_context=non-requeueable deps ti=<TaskInstance: price_intelligence_pipeline.load_bigtable scheduled__2026-05-03T08:00:00+00:00 [queued]>
[2026-05-04T11:54:07.089+0000] {taskinstance.py:1956} INFO - Dependencies all met for dep_context=requeueable deps ti=<TaskInstance: price_intelligence_pipeline.load_bigtable scheduled__2026-05-03T08:00:00+00:00 [queued]>
[2026-05-04T11:54:07.109+0000] {taskinstance.py:2170} INFO - Starting attempt 1 of 3
[2026-05-04T11:54:07.232+0000] {taskinstance.py:2191} INFO - Executing <Task(PythonOperator): load_bigtable> on 2026-05-03 08:00:00+00:00
[2026-05-04T11:54:07.267+0000] {standard_task_runner.py:60} INFO - Started process 21350 to run task
[2026-05-04T11:54:07.280+0000] {standard_task_runner.py:87} INFO - Running: ['***', 'tasks', 'run', 'price_intelligence_pipeline', 'load_bigtable', 'scheduled__2026-05-03T08:00:00+00:00', '--job-id', '163', '--raw', '--subdir', 'DAGS_FOLDER/price_intelligence_dag.py', '--cfg-path', '/tmp/tmp281h7bmr']
[2026-05-04T11:54:07.290+0000] {standard_task_runner.py:88} INFO - Job 163: Subtask load_bigtable
[2026-05-04T11:54:07.654+0000] {task_command.py:423} INFO - Running <TaskInstance: price_intelligence_pipeline.load_bigtable scheduled__2026-05-03T08:00:00+00:00 [running]> on host 25ef6dfa8bdc
[2026-05-04T11:54:08.013+0000] {taskinstance.py:2480} INFO - Exporting env vars: AIRFLOW_CTX_DAG_OWNER='price_intelligence' AIRFLOW_CTX_DAG_ID='price_intelligence_pipeline' AIRFLOW_CTX_TASK_ID='load_bigtable' AIRFLOW_CTX_EXECUTION_DATE='2026-05-03T08:00:00+00:00' AIRFLOW_CTX_TRY_NUMBER='1' AIRFLOW_CTX_DAG_RUN_ID='scheduled__2026-05-03T08:00:00+00:00'
[2026-05-04T11:54:08.071+0000] {_default.py:683} WARNING - No project ID could be determined. Consider running `gcloud config set project` or setting the GOOGLE_CLOUD_PROJECT environment variable
[2026-05-04T11:54:08.271+0000] {logging_mixin.py:188} INFO - 📦 Traitement jumia_ma: 4803 produits...
[2026-05-04T11:54:26.574+0000] {logging_mixin.py:188} INFO -   ✅ Batch de 500 produits envoyé!
[2026-05-04T11:54:32.219+0000] {logging_mixin.py:188} INFO -   ✅ Batch de 500 produits envoyé!
[2026-05-04T11:54:46.530+0000] {logging_mixin.py:188} INFO -   ✅ Batch de 500 produits envoyé!
[2026-05-04T11:54:56.549+0000] {logging_mixin.py:188} INFO -   ✅ Batch de 500 produits envoyé!
[2026-05-04T11:55:10.336+0000] {logging_mixin.py:188} INFO -   ✅ Batch de 500 produits envoyé!
[2026-05-04T11:55:23.007+0000] {logging_mixin.py:188} INFO -   ✅ Batch de 500 produits envoyé!
[2026-05-04T11:55:29.102+0000] {logging_mixin.py:188} INFO -   ✅ Batch de 500 produits envoyé!
[2026-05-04T11:55:36.131+0000] {logging_mixin.py:188} INFO -   ✅ Batch de 500 produits envoyé!
[2026-05-04T11:55:43.766+0000] {logging_mixin.py:188} INFO -   ✅ Batch de 500 produits envoyé!
[2026-05-04T11:55:43.918+0000] {logging_mixin.py:188} INFO - 📦 Traitement avito_ma: 1710 produits...
[2026-05-04T11:55:49.225+0000] {logging_mixin.py:188} INFO -   ✅ Batch de 500 produits envoyé!
[2026-05-04T11:55:53.686+0000] {logging_mixin.py:188} INFO -   ✅ Batch de 500 produits envoyé!
[2026-05-04T11:55:57.865+0000] {logging_mixin.py:188} INFO -   ✅ Batch de 500 produits envoyé!
[2026-05-04T11:56:02.427+0000] {logging_mixin.py:188} INFO -   ✅ Batch de 500 produits envoyé!
[2026-05-04T11:56:02.462+0000] {logging_mixin.py:188} INFO - 📦 Traitement amazon_ma: 794 produits...
[2026-05-04T11:56:09.543+0000] {logging_mixin.py:188} INFO -   ✅ Batch de 500 produits envoyé!
[2026-05-04T11:56:09.848+0000] {logging_mixin.py:188} INFO - 📦 Traitement electroplanet_ma: 179 produits...
[2026-05-04T11:56:16.209+0000] {logging_mixin.py:188} INFO -   ✅ Batch de 486 produits envoyé!
[2026-05-04T11:56:16.210+0000] {logging_mixin.py:188} INFO - 
✅ TOTAL: 7486 produits chargés dans Bigtable!
[2026-05-04T11:56:16.212+0000] {logging_mixin.py:188} INFO -    Column families: price_cf ✅ metadata_cf ✅ agg_cf ✅
[2026-05-04T11:56:16.213+0000] {logging_mixin.py:188} INFO -    Row key format: product_id#timestamp ✅
[2026-05-04T11:56:16.219+0000] {python.py:201} INFO - Done. Returned value was: 7486
[2026-05-04T11:56:16.297+0000] {taskinstance.py:1138} INFO - Marking task as SUCCESS. dag_id=price_intelligence_pipeline, task_id=load_bigtable, execution_date=20260503T080000, start_date=20260504T115407, end_date=20260504T115616
[2026-05-04T11:56:16.367+0000] {local_task_job_runner.py:234} INFO - Task exited with return code 0
[2026-05-04T11:56:16.421+0000] {taskinstance.py:3280} INFO - 1 downstream tasks scheduled from follow-on schedule check
