[2026-05-05T21:49:58.329+0000] {taskinstance.py:1956} INFO - Dependencies all met for dep_context=non-requeueable deps ti=<TaskInstance: price_intelligence_pipeline.scrape_avito manual__2026-05-05T21:21:43.597100+00:00 [queued]>
[2026-05-05T21:49:58.383+0000] {taskinstance.py:1956} INFO - Dependencies all met for dep_context=requeueable deps ti=<TaskInstance: price_intelligence_pipeline.scrape_avito manual__2026-05-05T21:21:43.597100+00:00 [queued]>
[2026-05-05T21:49:58.388+0000] {taskinstance.py:2170} INFO - Starting attempt 1 of 2
[2026-05-05T21:49:58.474+0000] {taskinstance.py:2191} INFO - Executing <Task(BashOperator): scrape_avito> on 2026-05-05 21:21:43.597100+00:00
[2026-05-05T21:49:58.513+0000] {standard_task_runner.py:60} INFO - Started process 7296 to run task
[2026-05-05T21:49:58.522+0000] {standard_task_runner.py:87} INFO - Running: ['***', 'tasks', 'run', 'price_intelligence_pipeline', 'scrape_avito', 'manual__2026-05-05T21:21:43.597100+00:00', '--job-id', '409', '--raw', '--subdir', 'DAGS_FOLDER/price_intelligence_dag.py', '--cfg-path', '/tmp/tmpcs72rjx4']
[2026-05-05T21:49:58.540+0000] {standard_task_runner.py:88} INFO - Job 409: Subtask scrape_avito
[2026-05-05T21:49:58.842+0000] {task_command.py:423} INFO - Running <TaskInstance: price_intelligence_pipeline.scrape_avito manual__2026-05-05T21:21:43.597100+00:00 [running]> on host 25ef6dfa8bdc
[2026-05-05T21:49:59.247+0000] {taskinstance.py:2480} INFO - Exporting env vars: AIRFLOW_CTX_DAG_OWNER='***' AIRFLOW_CTX_DAG_ID='price_intelligence_pipeline' AIRFLOW_CTX_TASK_ID='scrape_avito' AIRFLOW_CTX_EXECUTION_DATE='2026-05-05T21:21:43.597100+00:00' AIRFLOW_CTX_TRY_NUMBER='1' AIRFLOW_CTX_DAG_RUN_ID='manual__2026-05-05T21:21:43.597100+00:00'
[2026-05-05T21:49:59.253+0000] {subprocess.py:63} INFO - Tmp dir root location: /tmp
[2026-05-05T21:49:59.257+0000] {subprocess.py:75} INFO - Running command: ['/usr/bin/bash', '-c', '\n            cd /opt/***\n            mkdir -p data/raw\n            export DISPLAY=:99\n            python3 scrapers/spiders/avito_ma.py || echo "Avito done with warnings"\n        ']
[2026-05-05T21:49:59.297+0000] {subprocess.py:86} INFO - Output:
[2026-05-05T21:50:32.948+0000] {subprocess.py:93} INFO - Traceback (most recent call last):
[2026-05-05T21:50:32.949+0000] {subprocess.py:93} INFO -   File "scrapers/spiders/avito_ma.py", line 93, in <module>
[2026-05-05T21:50:32.950+0000] {subprocess.py:93} INFO -     scrape_avito()
[2026-05-05T21:50:32.951+0000] {subprocess.py:93} INFO -   File "scrapers/spiders/avito_ma.py", line 25, in scrape_avito
[2026-05-05T21:50:32.952+0000] {subprocess.py:93} INFO -     driver = webdriver.Chrome(service=Service(ChromeDriverManager().install()), options=options)
[2026-05-05T21:50:32.953+0000] {subprocess.py:93} INFO -   File "/home/***/.local/lib/python3.8/site-packages/selenium/webdriver/chrome/webdriver.py", line 45, in __init__
[2026-05-05T21:50:32.954+0000] {subprocess.py:93} INFO -     super().__init__(
[2026-05-05T21:50:32.955+0000] {subprocess.py:93} INFO -   File "/home/***/.local/lib/python3.8/site-packages/selenium/webdriver/chromium/webdriver.py", line 66, in __init__
[2026-05-05T21:50:32.956+0000] {subprocess.py:93} INFO -     super().__init__(command_executor=executor, options=options)
[2026-05-05T21:50:32.957+0000] {subprocess.py:93} INFO -   File "/home/***/.local/lib/python3.8/site-packages/selenium/webdriver/remote/webdriver.py", line 241, in __init__
[2026-05-05T21:50:32.959+0000] {subprocess.py:93} INFO -     self.start_session(capabilities)
[2026-05-05T21:50:32.960+0000] {subprocess.py:93} INFO -   File "/home/***/.local/lib/python3.8/site-packages/selenium/webdriver/remote/webdriver.py", line 329, in start_session
[2026-05-05T21:50:32.960+0000] {subprocess.py:93} INFO -     response = self.execute(Command.NEW_SESSION, caps)["value"]
[2026-05-05T21:50:32.961+0000] {subprocess.py:93} INFO -   File "/home/***/.local/lib/python3.8/site-packages/selenium/webdriver/remote/webdriver.py", line 384, in execute
[2026-05-05T21:50:32.962+0000] {subprocess.py:93} INFO -     self.error_handler.check_response(response)
[2026-05-05T21:50:32.963+0000] {subprocess.py:93} INFO -   File "/home/***/.local/lib/python3.8/site-packages/selenium/webdriver/remote/errorhandler.py", line 232, in check_response
[2026-05-05T21:50:32.964+0000] {subprocess.py:93} INFO -     raise exception_class(message, screen, stacktrace)
[2026-05-05T21:50:32.965+0000] {subprocess.py:93} INFO - selenium.common.exceptions.SessionNotCreatedException: Message: session not created: This version of ChromeDriver only supports Chrome version 114
[2026-05-05T21:50:32.966+0000] {subprocess.py:93} INFO - Current browser version is 147.0.7727.137 with binary path /usr/bin/chromium
[2026-05-05T21:50:32.968+0000] {subprocess.py:93} INFO - Stacktrace:
[2026-05-05T21:50:32.969+0000] {subprocess.py:93} INFO - #0 0x5ead522424e3 <unknown>
[2026-05-05T21:50:32.970+0000] {subprocess.py:93} INFO - #1 0x5ead51f71c76 <unknown>
[2026-05-05T21:50:32.971+0000] {subprocess.py:93} INFO - #2 0x5ead51f9f04a <unknown>
[2026-05-05T21:50:32.972+0000] {subprocess.py:93} INFO - #3 0x5ead51f9a4a1 <unknown>
[2026-05-05T21:50:32.973+0000] {subprocess.py:93} INFO - #4 0x5ead51f97029 <unknown>
[2026-05-05T21:50:32.974+0000] {subprocess.py:93} INFO - #5 0x5ead51fd5ccc <unknown>
[2026-05-05T21:50:32.975+0000] {subprocess.py:93} INFO - #6 0x5ead51fd547f <unknown>
[2026-05-05T21:50:32.976+0000] {subprocess.py:93} INFO - #7 0x5ead51fccde3 <unknown>
[2026-05-05T21:50:32.978+0000] {subprocess.py:93} INFO - #8 0x5ead51fa22dd <unknown>
[2026-05-05T21:50:32.978+0000] {subprocess.py:93} INFO - #9 0x5ead51fa334e <unknown>
[2026-05-05T21:50:32.980+0000] {subprocess.py:93} INFO - #10 0x5ead522023e4 <unknown>
[2026-05-05T21:50:32.981+0000] {subprocess.py:93} INFO - #11 0x5ead522063d7 <unknown>
[2026-05-05T21:50:32.982+0000] {subprocess.py:93} INFO - #12 0x5ead52210b20 <unknown>
[2026-05-05T21:50:32.983+0000] {subprocess.py:93} INFO - #13 0x5ead52207023 <unknown>
[2026-05-05T21:50:32.984+0000] {subprocess.py:93} INFO - #14 0x5ead521d51aa <unknown>
[2026-05-05T21:50:32.986+0000] {subprocess.py:93} INFO - #15 0x5ead5222b6b8 <unknown>
[2026-05-05T21:50:32.988+0000] {subprocess.py:93} INFO - #16 0x5ead5222b847 <unknown>
[2026-05-05T21:50:32.989+0000] {subprocess.py:93} INFO - #17 0x5ead5223b243 <unknown>
[2026-05-05T21:50:32.991+0000] {subprocess.py:93} INFO - #18 0x7997ea92b134 <unknown>
[2026-05-05T21:50:32.992+0000] {subprocess.py:93} INFO - 
[2026-05-05T21:50:33.060+0000] {subprocess.py:93} INFO - Avito done with warnings
[2026-05-05T21:50:33.062+0000] {subprocess.py:97} INFO - Command exited with return code 0
[2026-05-05T21:50:33.151+0000] {taskinstance.py:1138} INFO - Marking task as SUCCESS. dag_id=price_intelligence_pipeline, task_id=scrape_avito, execution_date=20260505T212143, start_date=20260505T214958, end_date=20260505T215033
[2026-05-05T21:50:33.230+0000] {local_task_job_runner.py:234} INFO - Task exited with return code 0
[2026-05-05T21:50:33.313+0000] {taskinstance.py:3280} INFO - 1 downstream tasks scheduled from follow-on schedule check
