[2026-05-13T14:01:43.453+0000] {taskinstance.py:1956} INFO - Dependencies all met for dep_context=non-requeueable deps ti=<TaskInstance: price_intelligence_pipeline.dbt_run scheduled__2026-05-13T13:00:00+00:00 [queued]>
[2026-05-13T14:01:43.506+0000] {taskinstance.py:1956} INFO - Dependencies all met for dep_context=requeueable deps ti=<TaskInstance: price_intelligence_pipeline.dbt_run scheduled__2026-05-13T13:00:00+00:00 [queued]>
[2026-05-13T14:01:43.507+0000] {taskinstance.py:2170} INFO - Starting attempt 1 of 2
[2026-05-13T14:01:43.607+0000] {taskinstance.py:2191} INFO - Executing <Task(BashOperator): dbt_run> on 2026-05-13 13:00:00+00:00
[2026-05-13T14:01:43.618+0000] {standard_task_runner.py:60} INFO - Started process 15419 to run task
[2026-05-13T14:01:43.636+0000] {standard_task_runner.py:87} INFO - Running: ['***', 'tasks', 'run', 'price_intelligence_pipeline', 'dbt_run', 'scheduled__2026-05-13T13:00:00+00:00', '--job-id', '1074', '--raw', '--subdir', 'DAGS_FOLDER/price_intelligence_dag.py', '--cfg-path', '/tmp/tmpn615i3ez']
[2026-05-13T14:01:43.648+0000] {standard_task_runner.py:88} INFO - Job 1074: Subtask dbt_run
[2026-05-13T14:01:43.869+0000] {task_command.py:423} INFO - Running <TaskInstance: price_intelligence_pipeline.dbt_run scheduled__2026-05-13T13:00:00+00:00 [running]> on host 91e0d3a0a233
[2026-05-13T14:01:44.249+0000] {taskinstance.py:2480} INFO - Exporting env vars: AIRFLOW_CTX_DAG_OWNER='***' AIRFLOW_CTX_DAG_ID='price_intelligence_pipeline' AIRFLOW_CTX_TASK_ID='dbt_run' AIRFLOW_CTX_EXECUTION_DATE='2026-05-13T13:00:00+00:00' AIRFLOW_CTX_TRY_NUMBER='1' AIRFLOW_CTX_DAG_RUN_ID='scheduled__2026-05-13T13:00:00+00:00'
[2026-05-13T14:01:44.252+0000] {subprocess.py:63} INFO - Tmp dir root location: /tmp
[2026-05-13T14:01:44.257+0000] {subprocess.py:75} INFO - Running command: ['/usr/bin/bash', '-c', '\n            set -e\n            cd /opt/***/dbt\n            export GOOGLE_APPLICATION_CREDENTIALS=/opt/***/gcp-credentials-new.json\n            /home/***/.local/bin/dbt run --full-refresh --profiles-dir . --project-dir .\n            echo dbt done\n        ']
[2026-05-13T14:01:44.289+0000] {subprocess.py:86} INFO - Output:
[2026-05-13T14:01:49.200+0000] {subprocess.py:93} INFO - [0m14:01:49  Running with dbt=1.8.7
[2026-05-13T14:01:52.309+0000] {subprocess.py:93} INFO - [0m14:01:52  Registered adapter: bigquery=1.8.3
[2026-05-13T14:01:54.109+0000] {subprocess.py:93} INFO - [0m14:01:54  Found 3 models, 1 seed, 7 data tests, 1 source, 479 macros
[2026-05-13T14:01:54.115+0000] {subprocess.py:93} INFO - [0m14:01:54
[2026-05-13T14:01:56.158+0000] {subprocess.py:93} INFO - [0m14:01:56  Concurrency: 4 threads (target='dev')
[2026-05-13T14:01:56.159+0000] {subprocess.py:93} INFO - [0m14:01:56
[2026-05-13T14:01:56.177+0000] {subprocess.py:93} INFO - [0m14:01:56  1 of 3 START sql view model price_intelligence_dbt.stg_prices .................. [RUN]
[2026-05-13T14:01:57.957+0000] {subprocess.py:93} INFO - [0m14:01:57  1 of 3 OK created sql view model price_intelligence_dbt.stg_prices ............. [[32mCREATE VIEW (0 processed)[0m in 1.77s]
[2026-05-13T14:01:57.967+0000] {subprocess.py:93} INFO - [0m14:01:57  2 of 3 START sql table model price_intelligence_dbt.prices_cleaned ............. [RUN]
[2026-05-13T14:02:02.436+0000] {subprocess.py:93} INFO - [0m14:02:02  2 of 3 OK created sql table model price_intelligence_dbt.prices_cleaned ........ [[32mCREATE TABLE (5.0k rows, 2.6 MiB processed)[0m in 4.46s]
[2026-05-13T14:02:02.459+0000] {subprocess.py:93} INFO - [0m14:02:02  3 of 3 START sql table model price_intelligence_dbt.prices_aggregated .......... [RUN]
[2026-05-13T14:02:07.098+0000] {subprocess.py:93} INFO - [0m14:02:07  3 of 3 OK created sql table model price_intelligence_dbt.prices_aggregated ..... [[32mCREATE TABLE (11.0 rows, 231.8 KiB processed)[0m in 4.63s]
[2026-05-13T14:02:07.117+0000] {subprocess.py:93} INFO - [0m14:02:07
[2026-05-13T14:02:07.120+0000] {subprocess.py:93} INFO - [0m14:02:07  Finished running 1 view model, 2 table models in 0 hours 0 minutes and 13.00 seconds (13.00s).
[2026-05-13T14:02:07.322+0000] {subprocess.py:93} INFO - [0m14:02:07
[2026-05-13T14:02:07.326+0000] {subprocess.py:93} INFO - [0m14:02:07  [32mCompleted successfully[0m
[2026-05-13T14:02:07.328+0000] {subprocess.py:93} INFO - [0m14:02:07
[2026-05-13T14:02:07.331+0000] {subprocess.py:93} INFO - [0m14:02:07  Done. PASS=3 WARN=0 ERROR=0 SKIP=0 TOTAL=3
[2026-05-13T14:02:12.012+0000] {subprocess.py:93} INFO - dbt done
[2026-05-13T14:02:12.024+0000] {subprocess.py:97} INFO - Command exited with return code 0
[2026-05-13T14:02:12.104+0000] {taskinstance.py:1138} INFO - Marking task as SUCCESS. dag_id=price_intelligence_pipeline, task_id=dbt_run, execution_date=20260513T130000, start_date=20260513T140143, end_date=20260513T140212
[2026-05-13T14:02:12.161+0000] {local_task_job_runner.py:234} INFO - Task exited with return code 0
[2026-05-13T14:02:12.235+0000] {taskinstance.py:3280} INFO - 1 downstream tasks scheduled from follow-on schedule check
