[2026-05-05T21:31:22.609+0000] {taskinstance.py:1956} INFO - Dependencies all met for dep_context=non-requeueable deps ti=<TaskInstance: price_intelligence_pipeline.scrape_avito manual__2026-05-05T20:39:16.558602+00:00 [queued]>
[2026-05-05T21:31:22.649+0000] {taskinstance.py:1956} INFO - Dependencies all met for dep_context=requeueable deps ti=<TaskInstance: price_intelligence_pipeline.scrape_avito manual__2026-05-05T20:39:16.558602+00:00 [queued]>
[2026-05-05T21:31:22.655+0000] {taskinstance.py:2170} INFO - Starting attempt 1 of 3
[2026-05-05T21:31:22.711+0000] {taskinstance.py:2191} INFO - Executing <Task(BashOperator): scrape_avito> on 2026-05-05 20:39:16.558602+00:00
[2026-05-05T21:31:22.732+0000] {standard_task_runner.py:60} INFO - Started process 6477 to run task
[2026-05-05T21:31:22.745+0000] {standard_task_runner.py:87} INFO - Running: ['***', 'tasks', 'run', 'price_intelligence_pipeline', 'scrape_avito', 'manual__2026-05-05T20:39:16.558602+00:00', '--job-id', '373', '--raw', '--subdir', 'DAGS_FOLDER/price_intelligence_dag.py', '--cfg-path', '/tmp/tmpuvy295s3']
[2026-05-05T21:31:22.752+0000] {standard_task_runner.py:88} INFO - Job 373: Subtask scrape_avito
[2026-05-05T21:31:22.972+0000] {task_command.py:423} INFO - Running <TaskInstance: price_intelligence_pipeline.scrape_avito manual__2026-05-05T20:39:16.558602+00:00 [running]> on host 25ef6dfa8bdc
[2026-05-05T21:31:23.250+0000] {taskinstance.py:2480} INFO - Exporting env vars: AIRFLOW_CTX_DAG_OWNER='***' AIRFLOW_CTX_DAG_ID='price_intelligence_pipeline' AIRFLOW_CTX_TASK_ID='scrape_avito' AIRFLOW_CTX_EXECUTION_DATE='2026-05-05T20:39:16.558602+00:00' AIRFLOW_CTX_TRY_NUMBER='1' AIRFLOW_CTX_DAG_RUN_ID='manual__2026-05-05T20:39:16.558602+00:00'
[2026-05-05T21:31:23.259+0000] {subprocess.py:63} INFO - Tmp dir root location: /tmp
[2026-05-05T21:31:23.263+0000] {subprocess.py:75} INFO - Running command: ['/usr/bin/bash', '-c', '\n            cd /opt/***\n            mkdir -p data/raw\n            export DISPLAY=:99\n            python3 scrapers/spiders/avito_ma.py || echo "Avito done with warnings"\n        ']
[2026-05-05T21:31:23.300+0000] {subprocess.py:86} INFO - Output:
[2026-05-05T21:31:28.966+0000] {subprocess.py:93} INFO - Traceback (most recent call last):
[2026-05-05T21:31:28.967+0000] {subprocess.py:93} INFO -   File "/home/***/.local/lib/python3.8/site-packages/urllib3/connection.py", line 174, in _new_conn
[2026-05-05T21:31:28.969+0000] {subprocess.py:93} INFO -     conn = connection.create_connection(
[2026-05-05T21:31:28.970+0000] {subprocess.py:93} INFO -   File "/home/***/.local/lib/python3.8/site-packages/urllib3/util/connection.py", line 72, in create_connection
[2026-05-05T21:31:28.971+0000] {subprocess.py:93} INFO -     for res in socket.getaddrinfo(host, port, family, socket.SOCK_STREAM):
[2026-05-05T21:31:28.972+0000] {subprocess.py:93} INFO -   File "/usr/local/lib/python3.8/socket.py", line 918, in getaddrinfo
[2026-05-05T21:31:28.973+0000] {subprocess.py:93} INFO -     for res in _socket.getaddrinfo(host, port, family, type, proto, flags):
[2026-05-05T21:31:28.974+0000] {subprocess.py:93} INFO - socket.gaierror: [Errno -5] No address associated with hostname
[2026-05-05T21:31:28.975+0000] {subprocess.py:93} INFO - 
[2026-05-05T21:31:28.976+0000] {subprocess.py:93} INFO - During handling of the above exception, another exception occurred:
[2026-05-05T21:31:28.977+0000] {subprocess.py:93} INFO - 
[2026-05-05T21:31:28.978+0000] {subprocess.py:93} INFO - Traceback (most recent call last):
[2026-05-05T21:31:28.980+0000] {subprocess.py:93} INFO -   File "/home/***/.local/lib/python3.8/site-packages/urllib3/connectionpool.py", line 715, in urlopen
[2026-05-05T21:31:28.982+0000] {subprocess.py:93} INFO -     httplib_response = self._make_request(
[2026-05-05T21:31:28.982+0000] {subprocess.py:93} INFO -   File "/home/***/.local/lib/python3.8/site-packages/urllib3/connectionpool.py", line 404, in _make_request
[2026-05-05T21:31:28.983+0000] {subprocess.py:93} INFO -     self._validate_conn(conn)
[2026-05-05T21:31:28.984+0000] {subprocess.py:93} INFO -   File "/home/***/.local/lib/python3.8/site-packages/urllib3/connectionpool.py", line 1058, in _validate_conn
[2026-05-05T21:31:28.985+0000] {subprocess.py:93} INFO -     conn.connect()
[2026-05-05T21:31:28.986+0000] {subprocess.py:93} INFO -   File "/home/***/.local/lib/python3.8/site-packages/urllib3/connection.py", line 363, in connect
[2026-05-05T21:31:28.987+0000] {subprocess.py:93} INFO -     self.sock = conn = self._new_conn()
[2026-05-05T21:31:28.988+0000] {subprocess.py:93} INFO -   File "/home/***/.local/lib/python3.8/site-packages/urllib3/connection.py", line 186, in _new_conn
[2026-05-05T21:31:28.989+0000] {subprocess.py:93} INFO -     raise NewConnectionError(
[2026-05-05T21:31:28.989+0000] {subprocess.py:93} INFO - urllib3.exceptions.NewConnectionError: <urllib3.connection.HTTPSConnection object at 0x7f9337942fa0>: Failed to establish a new connection: [Errno -5] No address associated with hostname
[2026-05-05T21:31:28.990+0000] {subprocess.py:93} INFO - 
[2026-05-05T21:31:28.991+0000] {subprocess.py:93} INFO - During handling of the above exception, another exception occurred:
[2026-05-05T21:31:28.992+0000] {subprocess.py:93} INFO - 
[2026-05-05T21:31:28.993+0000] {subprocess.py:93} INFO - Traceback (most recent call last):
[2026-05-05T21:31:28.994+0000] {subprocess.py:93} INFO -   File "/home/***/.local/lib/python3.8/site-packages/requests/adapters.py", line 486, in send
[2026-05-05T21:31:28.996+0000] {subprocess.py:93} INFO -     resp = conn.urlopen(
[2026-05-05T21:31:28.997+0000] {subprocess.py:93} INFO -   File "/home/***/.local/lib/python3.8/site-packages/urllib3/connectionpool.py", line 799, in urlopen
[2026-05-05T21:31:28.998+0000] {subprocess.py:93} INFO -     retries = retries.increment(
[2026-05-05T21:31:28.998+0000] {subprocess.py:93} INFO -   File "/home/***/.local/lib/python3.8/site-packages/urllib3/util/retry.py", line 592, in increment
[2026-05-05T21:31:28.999+0000] {subprocess.py:93} INFO -     raise MaxRetryError(_pool, url, error or ResponseError(cause))
[2026-05-05T21:31:29.000+0000] {subprocess.py:93} INFO - urllib3.exceptions.MaxRetryError: HTTPSConnectionPool(host='chromedriver.storage.googleapis.com', port=443): Max retries exceeded with url: /LATEST_RELEASE (Caused by NewConnectionError('<urllib3.connection.HTTPSConnection object at 0x7f9337942fa0>: Failed to establish a new connection: [Errno -5] No address associated with hostname'))
[2026-05-05T21:31:29.002+0000] {subprocess.py:93} INFO - 
[2026-05-05T21:31:29.003+0000] {subprocess.py:93} INFO - During handling of the above exception, another exception occurred:
[2026-05-05T21:31:29.004+0000] {subprocess.py:93} INFO - 
[2026-05-05T21:31:29.004+0000] {subprocess.py:93} INFO - Traceback (most recent call last):
[2026-05-05T21:31:29.005+0000] {subprocess.py:93} INFO -   File "/home/***/.local/lib/python3.8/site-packages/webdriver_manager/core/http.py", line 32, in get
[2026-05-05T21:31:29.008+0000] {subprocess.py:93} INFO -     resp = requests.get(
[2026-05-05T21:31:29.009+0000] {subprocess.py:93} INFO -   File "/home/***/.local/lib/python3.8/site-packages/requests/api.py", line 73, in get
[2026-05-05T21:31:29.010+0000] {subprocess.py:93} INFO -     return request("get", url, params=params, **kwargs)
[2026-05-05T21:31:29.011+0000] {subprocess.py:93} INFO -   File "/home/***/.local/lib/python3.8/site-packages/requests/api.py", line 59, in request
[2026-05-05T21:31:29.012+0000] {subprocess.py:93} INFO -     return session.request(method=method, url=url, **kwargs)
[2026-05-05T21:31:29.013+0000] {subprocess.py:93} INFO -   File "/home/***/.local/lib/python3.8/site-packages/requests/sessions.py", line 589, in request
[2026-05-05T21:31:29.014+0000] {subprocess.py:93} INFO -     resp = self.send(prep, **send_kwargs)
[2026-05-05T21:31:29.015+0000] {subprocess.py:93} INFO -   File "/home/***/.local/lib/python3.8/site-packages/requests/sessions.py", line 703, in send
[2026-05-05T21:31:29.016+0000] {subprocess.py:93} INFO -     r = adapter.send(request, **kwargs)
[2026-05-05T21:31:29.017+0000] {subprocess.py:93} INFO -   File "/home/***/.local/lib/python3.8/site-packages/requests/adapters.py", line 519, in send
[2026-05-05T21:31:29.019+0000] {subprocess.py:93} INFO -     raise ConnectionError(e, request=request)
[2026-05-05T21:31:29.020+0000] {subprocess.py:93} INFO - requests.exceptions.ConnectionError: HTTPSConnectionPool(host='chromedriver.storage.googleapis.com', port=443): Max retries exceeded with url: /LATEST_RELEASE (Caused by NewConnectionError('<urllib3.connection.HTTPSConnection object at 0x7f9337942fa0>: Failed to establish a new connection: [Errno -5] No address associated with hostname'))
[2026-05-05T21:31:29.021+0000] {subprocess.py:93} INFO - 
[2026-05-05T21:31:29.022+0000] {subprocess.py:93} INFO - During handling of the above exception, another exception occurred:
[2026-05-05T21:31:29.023+0000] {subprocess.py:93} INFO - 
[2026-05-05T21:31:29.024+0000] {subprocess.py:93} INFO - Traceback (most recent call last):
[2026-05-05T21:31:29.027+0000] {subprocess.py:93} INFO -   File "scrapers/spiders/avito_ma.py", line 93, in <module>
[2026-05-05T21:31:29.028+0000] {subprocess.py:93} INFO -     scrape_avito()
[2026-05-05T21:31:29.028+0000] {subprocess.py:93} INFO -   File "scrapers/spiders/avito_ma.py", line 25, in scrape_avito
[2026-05-05T21:31:29.029+0000] {subprocess.py:93} INFO -     driver = webdriver.Chrome(service=Service(ChromeDriverManager().install()), options=options)
[2026-05-05T21:31:29.030+0000] {subprocess.py:93} INFO -   File "/home/***/.local/lib/python3.8/site-packages/webdriver_manager/chrome.py", line 40, in install
[2026-05-05T21:31:29.033+0000] {subprocess.py:93} INFO -     driver_path = self._get_driver_binary_path(self.driver)
[2026-05-05T21:31:29.035+0000] {subprocess.py:93} INFO -   File "/home/***/.local/lib/python3.8/site-packages/webdriver_manager/core/manager.py", line 40, in _get_driver_binary_path
[2026-05-05T21:31:29.036+0000] {subprocess.py:93} INFO -     file = self._download_manager.download_file(driver.get_driver_download_url(os_type))
[2026-05-05T21:31:29.041+0000] {subprocess.py:93} INFO -   File "/home/***/.local/lib/python3.8/site-packages/webdriver_manager/drivers/chrome.py", line 32, in get_driver_download_url
[2026-05-05T21:31:29.044+0000] {subprocess.py:93} INFO -     driver_version_to_download = self.get_driver_version_to_download()
[2026-05-05T21:31:29.045+0000] {subprocess.py:93} INFO -   File "/home/***/.local/lib/python3.8/site-packages/webdriver_manager/core/driver.py", line 48, in get_driver_version_to_download
[2026-05-05T21:31:29.046+0000] {subprocess.py:93} INFO -     return self.get_latest_release_version()
[2026-05-05T21:31:29.047+0000] {subprocess.py:93} INFO -   File "/home/***/.local/lib/python3.8/site-packages/webdriver_manager/drivers/chrome.py", line 70, in get_latest_release_version
[2026-05-05T21:31:29.049+0000] {subprocess.py:93} INFO -     resp = self._http_client.get(url=latest_release_url)
[2026-05-05T21:31:29.052+0000] {subprocess.py:93} INFO -   File "/home/***/.local/lib/python3.8/site-packages/webdriver_manager/core/http.py", line 35, in get
[2026-05-05T21:31:29.053+0000] {subprocess.py:93} INFO -     raise exceptions.ConnectionError(f"Could not reach host. Are you offline?")
[2026-05-05T21:31:29.054+0000] {subprocess.py:93} INFO - requests.exceptions.ConnectionError: Could not reach host. Are you offline?
[2026-05-05T21:31:29.055+0000] {subprocess.py:93} INFO - Avito done with warnings
[2026-05-05T21:31:29.056+0000] {subprocess.py:97} INFO - Command exited with return code 0
[2026-05-05T21:31:29.157+0000] {taskinstance.py:1138} INFO - Marking task as SUCCESS. dag_id=price_intelligence_pipeline, task_id=scrape_avito, execution_date=20260505T203916, start_date=20260505T213122, end_date=20260505T213129
[2026-05-05T21:31:29.222+0000] {local_task_job_runner.py:234} INFO - Task exited with return code 0
[2026-05-05T21:31:29.283+0000] {taskinstance.py:3280} INFO - 1 downstream tasks scheduled from follow-on schedule check
