[2026-05-06T20:41:24.550+0000] {taskinstance.py:1956} INFO - Dependencies all met for dep_context=non-requeueable deps ti=<TaskInstance: price_intelligence_pipeline.scrape_avito scheduled__2026-05-06T17:00:00+00:00 [queued]>
[2026-05-06T20:41:24.933+0000] {taskinstance.py:1956} INFO - Dependencies all met for dep_context=requeueable deps ti=<TaskInstance: price_intelligence_pipeline.scrape_avito scheduled__2026-05-06T17:00:00+00:00 [queued]>
[2026-05-06T20:41:24.942+0000] {taskinstance.py:2170} INFO - Starting attempt 1 of 2
[2026-05-06T20:41:25.415+0000] {taskinstance.py:2191} INFO - Executing <Task(BashOperator): scrape_avito> on 2026-05-06 17:00:00+00:00
[2026-05-06T20:41:25.545+0000] {standard_task_runner.py:60} INFO - Started process 22234 to run task
[2026-05-06T20:41:25.647+0000] {standard_task_runner.py:87} INFO - Running: ['***', 'tasks', 'run', 'price_intelligence_pipeline', 'scrape_avito', 'scheduled__2026-05-06T17:00:00+00:00', '--job-id', '614', '--raw', '--subdir', 'DAGS_FOLDER/price_intelligence_dag.py', '--cfg-path', '/tmp/tmpxlat8lc8']
[2026-05-06T20:41:25.799+0000] {standard_task_runner.py:88} INFO - Job 614: Subtask scrape_avito
[2026-05-06T20:41:28.559+0000] {task_command.py:423} INFO - Running <TaskInstance: price_intelligence_pipeline.scrape_avito scheduled__2026-05-06T17:00:00+00:00 [running]> on host 25ef6dfa8bdc
[2026-05-06T20:41:31.287+0000] {taskinstance.py:2480} INFO - Exporting env vars: AIRFLOW_CTX_DAG_OWNER='***' AIRFLOW_CTX_DAG_ID='price_intelligence_pipeline' AIRFLOW_CTX_TASK_ID='scrape_avito' AIRFLOW_CTX_EXECUTION_DATE='2026-05-06T17:00:00+00:00' AIRFLOW_CTX_TRY_NUMBER='1' AIRFLOW_CTX_DAG_RUN_ID='scheduled__2026-05-06T17:00:00+00:00'
[2026-05-06T20:41:31.341+0000] {subprocess.py:63} INFO - Tmp dir root location: /tmp
[2026-05-06T20:41:31.371+0000] {subprocess.py:75} INFO - Running command: ['/usr/bin/bash', '-c', '\n            cd /opt/***\n            mkdir -p data/raw\n            export DISPLAY=:99\n            python3 scrapers/spiders/avito_ma.py || echo "Avito done with warnings"\n        ']
[2026-05-06T20:41:31.597+0000] {subprocess.py:86} INFO - Output:
[2026-05-06T20:41:46.814+0000] {subprocess.py:93} INFO - Traceback (most recent call last):
[2026-05-06T20:41:46.825+0000] {subprocess.py:93} INFO -   File "/home/***/.local/lib/python3.8/site-packages/urllib3/connection.py", line 174, in _new_conn
[2026-05-06T20:41:46.828+0000] {subprocess.py:93} INFO -     conn = connection.create_connection(
[2026-05-06T20:41:46.858+0000] {subprocess.py:93} INFO -   File "/home/***/.local/lib/python3.8/site-packages/urllib3/util/connection.py", line 72, in create_connection
[2026-05-06T20:41:46.875+0000] {subprocess.py:93} INFO -     for res in socket.getaddrinfo(host, port, family, socket.SOCK_STREAM):
[2026-05-06T20:41:46.905+0000] {subprocess.py:93} INFO -   File "/usr/local/lib/python3.8/socket.py", line 918, in getaddrinfo
[2026-05-06T20:41:46.909+0000] {subprocess.py:93} INFO -     for res in _socket.getaddrinfo(host, port, family, type, proto, flags):
[2026-05-06T20:41:46.910+0000] {subprocess.py:93} INFO - socket.gaierror: [Errno -5] No address associated with hostname
[2026-05-06T20:41:46.939+0000] {subprocess.py:93} INFO - 
[2026-05-06T20:41:46.943+0000] {subprocess.py:93} INFO - During handling of the above exception, another exception occurred:
[2026-05-06T20:41:46.955+0000] {subprocess.py:93} INFO - 
[2026-05-06T20:41:46.969+0000] {subprocess.py:93} INFO - Traceback (most recent call last):
[2026-05-06T20:41:46.971+0000] {subprocess.py:93} INFO -   File "/home/***/.local/lib/python3.8/site-packages/urllib3/connectionpool.py", line 715, in urlopen
[2026-05-06T20:41:46.997+0000] {subprocess.py:93} INFO -     httplib_response = self._make_request(
[2026-05-06T20:41:46.999+0000] {subprocess.py:93} INFO -   File "/home/***/.local/lib/python3.8/site-packages/urllib3/connectionpool.py", line 404, in _make_request
[2026-05-06T20:41:47.002+0000] {subprocess.py:93} INFO -     self._validate_conn(conn)
[2026-05-06T20:41:47.017+0000] {subprocess.py:93} INFO -   File "/home/***/.local/lib/python3.8/site-packages/urllib3/connectionpool.py", line 1058, in _validate_conn
[2026-05-06T20:41:47.021+0000] {subprocess.py:93} INFO -     conn.connect()
[2026-05-06T20:41:47.034+0000] {subprocess.py:93} INFO -   File "/home/***/.local/lib/python3.8/site-packages/urllib3/connection.py", line 363, in connect
[2026-05-06T20:41:47.052+0000] {subprocess.py:93} INFO -     self.sock = conn = self._new_conn()
[2026-05-06T20:41:47.066+0000] {subprocess.py:93} INFO -   File "/home/***/.local/lib/python3.8/site-packages/urllib3/connection.py", line 186, in _new_conn
[2026-05-06T20:41:47.067+0000] {subprocess.py:93} INFO -     raise NewConnectionError(
[2026-05-06T20:41:47.081+0000] {subprocess.py:93} INFO - urllib3.exceptions.NewConnectionError: <urllib3.connection.HTTPSConnection object at 0x7bbf44c93fa0>: Failed to establish a new connection: [Errno -5] No address associated with hostname
[2026-05-06T20:41:47.085+0000] {subprocess.py:93} INFO - 
[2026-05-06T20:41:47.114+0000] {subprocess.py:93} INFO - During handling of the above exception, another exception occurred:
[2026-05-06T20:41:47.130+0000] {subprocess.py:93} INFO - 
[2026-05-06T20:41:47.133+0000] {subprocess.py:93} INFO - Traceback (most recent call last):
[2026-05-06T20:41:47.178+0000] {subprocess.py:93} INFO -   File "/home/***/.local/lib/python3.8/site-packages/requests/adapters.py", line 486, in send
[2026-05-06T20:41:47.180+0000] {subprocess.py:93} INFO -     resp = conn.urlopen(
[2026-05-06T20:41:47.181+0000] {subprocess.py:93} INFO -   File "/home/***/.local/lib/python3.8/site-packages/urllib3/connectionpool.py", line 799, in urlopen
[2026-05-06T20:41:47.272+0000] {subprocess.py:93} INFO -     retries = retries.increment(
[2026-05-06T20:41:47.275+0000] {subprocess.py:93} INFO -   File "/home/***/.local/lib/python3.8/site-packages/urllib3/util/retry.py", line 592, in increment
[2026-05-06T20:41:47.276+0000] {subprocess.py:93} INFO -     raise MaxRetryError(_pool, url, error or ResponseError(cause))
[2026-05-06T20:41:47.288+0000] {subprocess.py:93} INFO - urllib3.exceptions.MaxRetryError: HTTPSConnectionPool(host='chromedriver.storage.googleapis.com', port=443): Max retries exceeded with url: /LATEST_RELEASE (Caused by NewConnectionError('<urllib3.connection.HTTPSConnection object at 0x7bbf44c93fa0>: Failed to establish a new connection: [Errno -5] No address associated with hostname'))
[2026-05-06T20:41:47.291+0000] {subprocess.py:93} INFO - 
[2026-05-06T20:41:47.292+0000] {subprocess.py:93} INFO - During handling of the above exception, another exception occurred:
[2026-05-06T20:41:47.293+0000] {subprocess.py:93} INFO - 
[2026-05-06T20:41:47.321+0000] {subprocess.py:93} INFO - Traceback (most recent call last):
[2026-05-06T20:41:47.324+0000] {subprocess.py:93} INFO -   File "/home/***/.local/lib/python3.8/site-packages/webdriver_manager/core/http.py", line 32, in get
[2026-05-06T20:41:47.352+0000] {subprocess.py:93} INFO -     resp = requests.get(
[2026-05-06T20:41:47.353+0000] {subprocess.py:93} INFO -   File "/home/***/.local/lib/python3.8/site-packages/requests/api.py", line 73, in get
[2026-05-06T20:41:47.355+0000] {subprocess.py:93} INFO -     return request("get", url, params=params, **kwargs)
[2026-05-06T20:41:47.383+0000] {subprocess.py:93} INFO -   File "/home/***/.local/lib/python3.8/site-packages/requests/api.py", line 59, in request
[2026-05-06T20:41:47.385+0000] {subprocess.py:93} INFO -     return session.request(method=method, url=url, **kwargs)
[2026-05-06T20:41:47.436+0000] {subprocess.py:93} INFO -   File "/home/***/.local/lib/python3.8/site-packages/requests/sessions.py", line 589, in request
[2026-05-06T20:41:47.466+0000] {subprocess.py:93} INFO -     resp = self.send(prep, **send_kwargs)
[2026-05-06T20:41:47.480+0000] {subprocess.py:93} INFO -   File "/home/***/.local/lib/python3.8/site-packages/requests/sessions.py", line 703, in send
[2026-05-06T20:41:47.482+0000] {subprocess.py:93} INFO -     r = adapter.send(request, **kwargs)
[2026-05-06T20:41:47.483+0000] {subprocess.py:93} INFO -   File "/home/***/.local/lib/python3.8/site-packages/requests/adapters.py", line 519, in send
[2026-05-06T20:41:47.512+0000] {subprocess.py:93} INFO -     raise ConnectionError(e, request=request)
[2026-05-06T20:41:47.513+0000] {subprocess.py:93} INFO - requests.exceptions.ConnectionError: HTTPSConnectionPool(host='chromedriver.storage.googleapis.com', port=443): Max retries exceeded with url: /LATEST_RELEASE (Caused by NewConnectionError('<urllib3.connection.HTTPSConnection object at 0x7bbf44c93fa0>: Failed to establish a new connection: [Errno -5] No address associated with hostname'))
[2026-05-06T20:41:47.515+0000] {subprocess.py:93} INFO - 
[2026-05-06T20:41:47.516+0000] {subprocess.py:93} INFO - During handling of the above exception, another exception occurred:
[2026-05-06T20:41:47.547+0000] {subprocess.py:93} INFO - 
[2026-05-06T20:41:47.564+0000] {subprocess.py:93} INFO - Traceback (most recent call last):
[2026-05-06T20:41:47.591+0000] {subprocess.py:93} INFO -   File "scrapers/spiders/avito_ma.py", line 93, in <module>
[2026-05-06T20:41:47.594+0000] {subprocess.py:93} INFO -     scrape_avito()
[2026-05-06T20:41:47.595+0000] {subprocess.py:93} INFO -   File "scrapers/spiders/avito_ma.py", line 25, in scrape_avito
[2026-05-06T20:41:47.597+0000] {subprocess.py:93} INFO -     driver = webdriver.Chrome(service=Service(ChromeDriverManager().install()), options=options)
[2026-05-06T20:41:47.608+0000] {subprocess.py:93} INFO -   File "/home/***/.local/lib/python3.8/site-packages/webdriver_manager/chrome.py", line 40, in install
[2026-05-06T20:41:47.609+0000] {subprocess.py:93} INFO -     driver_path = self._get_driver_binary_path(self.driver)
[2026-05-06T20:41:47.611+0000] {subprocess.py:93} INFO -   File "/home/***/.local/lib/python3.8/site-packages/webdriver_manager/core/manager.py", line 40, in _get_driver_binary_path
[2026-05-06T20:41:47.612+0000] {subprocess.py:93} INFO -     file = self._download_manager.download_file(driver.get_driver_download_url(os_type))
[2026-05-06T20:41:47.626+0000] {subprocess.py:93} INFO -   File "/home/***/.local/lib/python3.8/site-packages/webdriver_manager/drivers/chrome.py", line 32, in get_driver_download_url
[2026-05-06T20:41:47.628+0000] {subprocess.py:93} INFO -     driver_version_to_download = self.get_driver_version_to_download()
[2026-05-06T20:41:47.629+0000] {subprocess.py:93} INFO -   File "/home/***/.local/lib/python3.8/site-packages/webdriver_manager/core/driver.py", line 48, in get_driver_version_to_download
[2026-05-06T20:41:47.639+0000] {subprocess.py:93} INFO -     return self.get_latest_release_version()
[2026-05-06T20:41:47.642+0000] {subprocess.py:93} INFO -   File "/home/***/.local/lib/python3.8/site-packages/webdriver_manager/drivers/chrome.py", line 70, in get_latest_release_version
[2026-05-06T20:41:47.643+0000] {subprocess.py:93} INFO -     resp = self._http_client.get(url=latest_release_url)
[2026-05-06T20:41:47.655+0000] {subprocess.py:93} INFO -   File "/home/***/.local/lib/python3.8/site-packages/webdriver_manager/core/http.py", line 35, in get
[2026-05-06T20:41:47.657+0000] {subprocess.py:93} INFO -     raise exceptions.ConnectionError(f"Could not reach host. Are you offline?")
[2026-05-06T20:41:47.659+0000] {subprocess.py:93} INFO - requests.exceptions.ConnectionError: Could not reach host. Are you offline?
[2026-05-06T20:41:47.689+0000] {subprocess.py:93} INFO - Avito done with warnings
[2026-05-06T20:41:47.706+0000] {subprocess.py:97} INFO - Command exited with return code 0
[2026-05-06T20:41:48.424+0000] {taskinstance.py:1138} INFO - Marking task as SUCCESS. dag_id=price_intelligence_pipeline, task_id=scrape_avito, execution_date=20260506T170000, start_date=20260506T204124, end_date=20260506T204148
[2026-05-06T20:41:48.714+0000] {local_task_job_runner.py:234} INFO - Task exited with return code 0
[2026-05-06T20:41:48.952+0000] {taskinstance.py:3280} INFO - 1 downstream tasks scheduled from follow-on schedule check
