[2026-05-24T00:01:05.690+0000] {taskinstance.py:1956} INFO - Dependencies all met for dep_context=non-requeueable deps ti=<TaskInstance: price_intelligence_pipeline.load_bigquery scheduled__2026-05-23T18:00:00+00:00 [queued]>
[2026-05-24T00:01:05.704+0000] {taskinstance.py:1956} INFO - Dependencies all met for dep_context=requeueable deps ti=<TaskInstance: price_intelligence_pipeline.load_bigquery scheduled__2026-05-23T18:00:00+00:00 [queued]>
[2026-05-24T00:01:05.705+0000] {taskinstance.py:2170} INFO - Starting attempt 1 of 2
[2026-05-24T00:01:05.727+0000] {taskinstance.py:2191} INFO - Executing <Task(BashOperator): load_bigquery> on 2026-05-23 18:00:00+00:00
[2026-05-24T00:01:05.733+0000] {standard_task_runner.py:60} INFO - Started process 9648 to run task
[2026-05-24T00:01:05.739+0000] {standard_task_runner.py:87} INFO - Running: ['***', 'tasks', 'run', 'price_intelligence_pipeline', 'load_bigquery', 'scheduled__2026-05-23T18:00:00+00:00', '--job-id', '1876', '--raw', '--subdir', 'DAGS_FOLDER/price_intelligence_dag.py', '--cfg-path', '/tmp/tmph0fs74ve']
[2026-05-24T00:01:05.743+0000] {standard_task_runner.py:88} INFO - Job 1876: Subtask load_bigquery
[2026-05-24T00:01:05.844+0000] {task_command.py:423} INFO - Running <TaskInstance: price_intelligence_pipeline.load_bigquery scheduled__2026-05-23T18:00:00+00:00 [running]> on host 91e0d3a0a233
[2026-05-24T00:01:05.982+0000] {taskinstance.py:2480} INFO - Exporting env vars: AIRFLOW_CTX_DAG_OWNER='***' AIRFLOW_CTX_DAG_ID='price_intelligence_pipeline' AIRFLOW_CTX_TASK_ID='load_bigquery' AIRFLOW_CTX_EXECUTION_DATE='2026-05-23T18:00:00+00:00' AIRFLOW_CTX_TRY_NUMBER='1' AIRFLOW_CTX_DAG_RUN_ID='scheduled__2026-05-23T18:00:00+00:00'
[2026-05-24T00:01:05.984+0000] {subprocess.py:63} INFO - Tmp dir root location: /tmp
[2026-05-24T00:01:05.986+0000] {subprocess.py:75} INFO - Running command: ['/usr/bin/bash', '-c', '\n            set -e\n            cd /opt/***\n            export GOOGLE_APPLICATION_CREDENTIALS=/opt/***/gcp-credentials-new.json\n            python3 bigquery_load.py\n            echo BigQuery done\n        ']
[2026-05-24T00:01:06.001+0000] {subprocess.py:86} INFO - Output:
[2026-05-24T00:01:50.215+0000] {subprocess.py:93} INFO - /home/***/.local/lib/python3.8/site-packages/google/auth/_default.py:76: UserWarning: Your application has authenticated using end user credentials from Google Cloud SDK without a quota project. You might receive a "quota exceeded" or "API not enabled" error. See the following page for troubleshooting: https://cloud.google.com/docs/authentication/adc-troubleshooting/user-creds.
[2026-05-24T00:01:50.221+0000] {subprocess.py:93} INFO -   warnings.warn(_CLOUD_SDK_CREDENTIALS_WARNING)
[2026-05-24T00:01:50.222+0000] {subprocess.py:93} INFO - [OK] /opt/***/data/raw/jumia_ma.json: 7004 rows
[2026-05-24T00:01:50.222+0000] {subprocess.py:93} INFO - [ERR] /opt/***/data/raw/avito_ma.json: Extra data: line 24013 column 2 (char 834809)
[2026-05-24T00:01:50.223+0000] {subprocess.py:93} INFO - [OK] /opt/***/data/raw/amazon_ma.json: 0 rows
[2026-05-24T00:01:50.224+0000] {subprocess.py:93} INFO - [OK] /opt/***/data/raw/electroplanet_ma.json: 0 rows
[2026-05-24T00:01:50.224+0000] {subprocess.py:93} INFO - 
[2026-05-24T00:01:50.225+0000] {subprocess.py:93} INFO - TOTAL: 7004 rows a charger
[2026-05-24T00:01:50.225+0000] {subprocess.py:93} INFO - Table supprimee, recreation...
[2026-05-24T00:01:50.226+0000] {subprocess.py:93} INFO - 
[2026-05-24T00:01:50.226+0000] {subprocess.py:93} INFO - ✅ 7004 lignes chargees dans project-32a82952-90fa-4dd7-b9c.price_intelligence_dbt.prices_raw
[2026-05-24T00:01:50.227+0000] {subprocess.py:93} INFO - 
[2026-05-24T00:01:50.227+0000] {subprocess.py:93} INFO - === BigQuery par source ===
[2026-05-24T00:01:50.228+0000] {subprocess.py:93} INFO -   jumia.ma: 7004
[2026-05-24T00:01:50.228+0000] {subprocess.py:93} INFO -   TOTAL: 7004
[2026-05-24T00:01:50.367+0000] {subprocess.py:93} INFO - BigQuery done
[2026-05-24T00:01:50.368+0000] {subprocess.py:97} INFO - Command exited with return code 0
[2026-05-24T00:01:50.410+0000] {taskinstance.py:1138} INFO - Marking task as SUCCESS. dag_id=price_intelligence_pipeline, task_id=load_bigquery, execution_date=20260523T180000, start_date=20260524T000105, end_date=20260524T000150
[2026-05-24T00:01:50.438+0000] {local_task_job_runner.py:234} INFO - Task exited with return code 0
[2026-05-24T00:01:50.475+0000] {taskinstance.py:3280} INFO - 1 downstream tasks scheduled from follow-on schedule check
