[2026-05-07T22:09:14.084+0000] {taskinstance.py:1956} INFO - Dependencies all met for dep_context=non-requeueable deps ti=<TaskInstance: price_intelligence_pipeline.dbt_run manual__2026-05-07T22:01:50.369350+00:00 [queued]>
[2026-05-07T22:09:14.096+0000] {taskinstance.py:1956} INFO - Dependencies all met for dep_context=requeueable deps ti=<TaskInstance: price_intelligence_pipeline.dbt_run manual__2026-05-07T22:01:50.369350+00:00 [queued]>
[2026-05-07T22:09:14.097+0000] {taskinstance.py:2170} INFO - Starting attempt 2 of 2
[2026-05-07T22:09:14.110+0000] {taskinstance.py:2191} INFO - Executing <Task(BashOperator): dbt_run> on 2026-05-07 22:01:50.369350+00:00
[2026-05-07T22:09:14.115+0000] {standard_task_runner.py:60} INFO - Started process 1574 to run task
[2026-05-07T22:09:14.120+0000] {standard_task_runner.py:87} INFO - Running: ['***', 'tasks', 'run', 'price_intelligence_pipeline', 'dbt_run', 'manual__2026-05-07T22:01:50.369350+00:00', '--job-id', '717', '--raw', '--subdir', 'DAGS_FOLDER/price_intelligence_dag.py', '--cfg-path', '/tmp/tmpy_2bzdhc']
[2026-05-07T22:09:14.123+0000] {standard_task_runner.py:88} INFO - Job 717: Subtask dbt_run
[2026-05-07T22:09:14.219+0000] {task_command.py:423} INFO - Running <TaskInstance: price_intelligence_pipeline.dbt_run manual__2026-05-07T22:01:50.369350+00:00 [running]> on host 25ef6dfa8bdc
[2026-05-07T22:09:14.334+0000] {taskinstance.py:2480} INFO - Exporting env vars: AIRFLOW_CTX_DAG_OWNER='***' AIRFLOW_CTX_DAG_ID='price_intelligence_pipeline' AIRFLOW_CTX_TASK_ID='dbt_run' AIRFLOW_CTX_EXECUTION_DATE='2026-05-07T22:01:50.369350+00:00' AIRFLOW_CTX_TRY_NUMBER='2' AIRFLOW_CTX_DAG_RUN_ID='manual__2026-05-07T22:01:50.369350+00:00'
[2026-05-07T22:09:14.335+0000] {subprocess.py:63} INFO - Tmp dir root location: /tmp
[2026-05-07T22:09:14.337+0000] {subprocess.py:75} INFO - Running command: ['/usr/bin/bash', '-c', '\n            set -e\n            cd /opt/***/dbt\n            export GOOGLE_APPLICATION_CREDENTIALS=/opt/***/gcp-credentials-new.json\n            /home/***/.local/bin/dbt run --select stg_prices --profiles-dir . --project-dir .\n            /home/***/.local/bin/dbt run --select prices_cleaned --profiles-dir . --project-dir .\n            /home/***/.local/bin/dbt run --select prices_aggregated --profiles-dir . --project-dir .\n            echo dbt done\n        ']
[2026-05-07T22:09:14.348+0000] {subprocess.py:86} INFO - Output:
[2026-05-07T22:09:17.217+0000] {subprocess.py:93} INFO - [0m22:09:17  Running with dbt=1.8.7
[2026-05-07T22:09:18.886+0000] {subprocess.py:93} INFO - [0m22:09:18  Registered adapter: bigquery=1.8.3
[2026-05-07T22:09:19.960+0000] {subprocess.py:93} INFO - [0m22:09:19  Found 3 models, 1 seed, 7 data tests, 1 source, 479 macros
[2026-05-07T22:09:19.963+0000] {subprocess.py:93} INFO - [0m22:09:19
[2026-05-07T22:09:22.252+0000] {subprocess.py:93} INFO - [0m22:09:22  Concurrency: 4 threads (target='dev')
[2026-05-07T22:09:22.253+0000] {subprocess.py:93} INFO - [0m22:09:22
[2026-05-07T22:09:22.267+0000] {subprocess.py:93} INFO - [0m22:09:22  1 of 1 START sql view model price_intelligence_dbt.stg_prices .................. [RUN]
[2026-05-07T22:09:23.864+0000] {subprocess.py:93} INFO - [0m22:09:23  1 of 1 OK created sql view model price_intelligence_dbt.stg_prices ............. [[32mCREATE VIEW (0 processed)[0m in 1.59s]
[2026-05-07T22:09:23.871+0000] {subprocess.py:93} INFO - [0m22:09:23
[2026-05-07T22:09:23.872+0000] {subprocess.py:93} INFO - [0m22:09:23  Finished running 1 view model in 0 hours 0 minutes and 3.91 seconds (3.91s).
[2026-05-07T22:09:23.949+0000] {subprocess.py:93} INFO - [0m22:09:23
[2026-05-07T22:09:23.951+0000] {subprocess.py:93} INFO - [0m22:09:23  [32mCompleted successfully[0m
[2026-05-07T22:09:23.952+0000] {subprocess.py:93} INFO - [0m22:09:23
[2026-05-07T22:09:23.953+0000] {subprocess.py:93} INFO - [0m22:09:23  Done. PASS=1 WARN=0 ERROR=0 SKIP=0 TOTAL=1
[2026-05-07T22:09:34.579+0000] {subprocess.py:93} INFO - [0m22:09:34  Running with dbt=1.8.7
[2026-05-07T22:09:37.028+0000] {subprocess.py:93} INFO - [0m22:09:37  Registered adapter: bigquery=1.8.3
[2026-05-07T22:09:37.990+0000] {subprocess.py:93} INFO - [0m22:09:37  Found 3 models, 1 seed, 7 data tests, 1 source, 479 macros
[2026-05-07T22:09:37.995+0000] {subprocess.py:93} INFO - [0m22:09:37
[2026-05-07T22:09:40.543+0000] {subprocess.py:93} INFO - [0m22:09:40  Concurrency: 4 threads (target='dev')
[2026-05-07T22:09:40.544+0000] {subprocess.py:93} INFO - [0m22:09:40
[2026-05-07T22:09:40.568+0000] {subprocess.py:93} INFO - [0m22:09:40  1 of 1 START sql table model price_intelligence_dbt.prices_cleaned ............. [RUN]
[2026-05-07T22:09:44.422+0000] {subprocess.py:93} INFO - [0m22:09:44  1 of 1 OK created sql table model price_intelligence_dbt.prices_cleaned ........ [[32mCREATE TABLE (5.0k rows, 973.1 KiB processed)[0m in 3.84s]
[2026-05-07T22:09:44.435+0000] {subprocess.py:93} INFO - [0m22:09:44
[2026-05-07T22:09:44.445+0000] {subprocess.py:93} INFO - [0m22:09:44  Finished running 1 table model in 0 hours 0 minutes and 6.44 seconds (6.44s).
[2026-05-07T22:09:44.579+0000] {subprocess.py:93} INFO - [0m22:09:44
[2026-05-07T22:09:44.580+0000] {subprocess.py:93} INFO - [0m22:09:44  [32mCompleted successfully[0m
[2026-05-07T22:09:44.582+0000] {subprocess.py:93} INFO - [0m22:09:44
[2026-05-07T22:09:44.583+0000] {subprocess.py:93} INFO - [0m22:09:44  Done. PASS=1 WARN=0 ERROR=0 SKIP=0 TOTAL=1
[2026-05-07T22:09:49.125+0000] {subprocess.py:93} INFO - [0m22:09:49  Running with dbt=1.8.7
[2026-05-07T22:09:50.942+0000] {subprocess.py:93} INFO - [0m22:09:50  Registered adapter: bigquery=1.8.3
[2026-05-07T22:09:51.658+0000] {subprocess.py:93} INFO - [0m22:09:51  Found 3 models, 1 seed, 7 data tests, 1 source, 479 macros
[2026-05-07T22:09:51.660+0000] {subprocess.py:93} INFO - [0m22:09:51
[2026-05-07T22:09:53.683+0000] {subprocess.py:93} INFO - [0m22:09:53  Concurrency: 4 threads (target='dev')
[2026-05-07T22:09:53.684+0000] {subprocess.py:93} INFO - [0m22:09:53
[2026-05-07T22:09:53.699+0000] {subprocess.py:93} INFO - [0m22:09:53  1 of 1 START sql table model price_intelligence_dbt.prices_aggregated .......... [RUN]
[2026-05-07T22:09:58.655+0000] {subprocess.py:93} INFO - [0m22:09:58  1 of 1 OK created sql table model price_intelligence_dbt.prices_aggregated ..... [[32mCREATE TABLE (11.0 rows, 231.8 KiB processed)[0m in 4.95s]
[2026-05-07T22:09:58.665+0000] {subprocess.py:93} INFO - [0m22:09:58
[2026-05-07T22:09:58.669+0000] {subprocess.py:93} INFO - [0m22:09:58  Finished running 1 table model in 0 hours 0 minutes and 7.00 seconds (7.00s).
[2026-05-07T22:09:58.758+0000] {subprocess.py:93} INFO - [0m22:09:58
[2026-05-07T22:09:58.760+0000] {subprocess.py:93} INFO - [0m22:09:58  [32mCompleted successfully[0m
[2026-05-07T22:09:58.762+0000] {subprocess.py:93} INFO - [0m22:09:58
[2026-05-07T22:09:58.765+0000] {subprocess.py:93} INFO - [0m22:09:58  Done. PASS=1 WARN=0 ERROR=0 SKIP=0 TOTAL=1
[2026-05-07T22:10:00.585+0000] {subprocess.py:93} INFO - dbt done
[2026-05-07T22:10:00.598+0000] {subprocess.py:97} INFO - Command exited with return code 0
[2026-05-07T22:10:00.669+0000] {taskinstance.py:1138} INFO - Marking task as SUCCESS. dag_id=price_intelligence_pipeline, task_id=dbt_run, execution_date=20260507T220150, start_date=20260507T220914, end_date=20260507T221000
[2026-05-07T22:10:00.715+0000] {local_task_job_runner.py:234} INFO - Task exited with return code 0
[2026-05-07T22:10:00.777+0000] {taskinstance.py:3280} INFO - 1 downstream tasks scheduled from follow-on schedule check
