[2026-05-07T22:06:51.977+0000] {taskinstance.py:1956} INFO - Dependencies all met for dep_context=non-requeueable deps ti=<TaskInstance: price_intelligence_pipeline.dbt_run manual__2026-05-07T22:01:50.369350+00:00 [queued]>
[2026-05-07T22:06:51.992+0000] {taskinstance.py:1956} INFO - Dependencies all met for dep_context=requeueable deps ti=<TaskInstance: price_intelligence_pipeline.dbt_run manual__2026-05-07T22:01:50.369350+00:00 [queued]>
[2026-05-07T22:06:51.993+0000] {taskinstance.py:2170} INFO - Starting attempt 1 of 2
[2026-05-07T22:06:52.014+0000] {taskinstance.py:2191} INFO - Executing <Task(BashOperator): dbt_run> on 2026-05-07 22:01:50.369350+00:00
[2026-05-07T22:06:52.024+0000] {standard_task_runner.py:60} INFO - Started process 1501 to run task
[2026-05-07T22:06:52.029+0000] {standard_task_runner.py:87} INFO - Running: ['***', 'tasks', 'run', 'price_intelligence_pipeline', 'dbt_run', 'manual__2026-05-07T22:01:50.369350+00:00', '--job-id', '716', '--raw', '--subdir', 'DAGS_FOLDER/price_intelligence_dag.py', '--cfg-path', '/tmp/tmprbww8zik']
[2026-05-07T22:06:52.036+0000] {standard_task_runner.py:88} INFO - Job 716: Subtask dbt_run
[2026-05-07T22:06:52.136+0000] {task_command.py:423} INFO - Running <TaskInstance: price_intelligence_pipeline.dbt_run manual__2026-05-07T22:01:50.369350+00:00 [running]> on host 25ef6dfa8bdc
[2026-05-07T22:06:52.426+0000] {taskinstance.py:2480} INFO - Exporting env vars: AIRFLOW_CTX_DAG_OWNER='***' AIRFLOW_CTX_DAG_ID='price_intelligence_pipeline' AIRFLOW_CTX_TASK_ID='dbt_run' AIRFLOW_CTX_EXECUTION_DATE='2026-05-07T22:01:50.369350+00:00' AIRFLOW_CTX_TRY_NUMBER='1' AIRFLOW_CTX_DAG_RUN_ID='manual__2026-05-07T22:01:50.369350+00:00'
[2026-05-07T22:06:52.428+0000] {subprocess.py:63} INFO - Tmp dir root location: /tmp
[2026-05-07T22:06:52.431+0000] {subprocess.py:75} INFO - Running command: ['/usr/bin/bash', '-c', '\n            set -e\n            cd /opt/***/dbt\n            export GOOGLE_APPLICATION_CREDENTIALS=/opt/***/gcp-credentials-new.json\n            /home/***/.local/bin/dbt run --select stg_prices --profiles-dir . --project-dir .\n            /home/***/.local/bin/dbt run --select prices_cleaned --profiles-dir . --project-dir .\n            /home/***/.local/bin/dbt run --select prices_aggregated --profiles-dir . --project-dir .\n            echo dbt done\n        ']
[2026-05-07T22:06:52.476+0000] {subprocess.py:86} INFO - Output:
[2026-05-07T22:06:56.340+0000] {subprocess.py:93} INFO - [0m22:06:56  Running with dbt=1.8.7
[2026-05-07T22:06:57.712+0000] {subprocess.py:93} INFO - [0m22:06:57  Registered adapter: bigquery=1.8.3
[2026-05-07T22:06:58.320+0000] {subprocess.py:93} INFO - [0m22:06:58  Found 3 models, 1 seed, 7 data tests, 1 source, 479 macros
[2026-05-07T22:06:58.322+0000] {subprocess.py:93} INFO - [0m22:06:58
[2026-05-07T22:07:04.688+0000] {subprocess.py:93} INFO - [0m22:07:04  Concurrency: 4 threads (target='dev')
[2026-05-07T22:07:04.689+0000] {subprocess.py:93} INFO - [0m22:07:04
[2026-05-07T22:07:04.699+0000] {subprocess.py:93} INFO - [0m22:07:04  1 of 1 START sql view model price_intelligence_dbt.stg_prices .................. [RUN]
[2026-05-07T22:07:08.251+0000] {subprocess.py:93} INFO - [0m22:07:08  BigQuery adapter: https://console.cloud.google.com/bigquery?project=project-32a82952-90fa-4dd7-b9c&j=bq:US:8bca24cd-f7b1-448c-be40-3905c0ab6339&page=queryresults
[2026-05-07T22:07:08.262+0000] {subprocess.py:93} INFO - [0m22:07:08  1 of 1 ERROR creating sql view model price_intelligence_dbt.stg_prices ......... [[31mERROR[0m in 3.56s]
[2026-05-07T22:07:08.268+0000] {subprocess.py:93} INFO - [0m22:07:08
[2026-05-07T22:07:08.269+0000] {subprocess.py:93} INFO - [0m22:07:08  Finished running 1 view model in 0 hours 0 minutes and 9.94 seconds (9.94s).
[2026-05-07T22:07:08.368+0000] {subprocess.py:93} INFO - [0m22:07:08
[2026-05-07T22:07:08.369+0000] {subprocess.py:93} INFO - [0m22:07:08  [31mCompleted with 1 error and 0 warnings:[0m
[2026-05-07T22:07:08.369+0000] {subprocess.py:93} INFO - [0m22:07:08
[2026-05-07T22:07:08.370+0000] {subprocess.py:93} INFO - [0m22:07:08    Database Error in model stg_prices (models/staging/stg_prices.sql)
[2026-05-07T22:07:08.370+0000] {subprocess.py:93} INFO -   Unrecognized name: old_price at [11:10]
[2026-05-07T22:07:08.371+0000] {subprocess.py:93} INFO -   compiled code at target/run/price_intelligence/models/staging/stg_prices.sql
[2026-05-07T22:07:08.371+0000] {subprocess.py:93} INFO - [0m22:07:08
[2026-05-07T22:07:08.372+0000] {subprocess.py:93} INFO - [0m22:07:08  Done. PASS=0 WARN=0 ERROR=1 SKIP=0 TOTAL=1
[2026-05-07T22:07:12.834+0000] {subprocess.py:97} INFO - Command exited with return code 1
[2026-05-07T22:07:12.860+0000] {taskinstance.py:2698} ERROR - Task failed with exception
Traceback (most recent call last):
  File "/home/airflow/.local/lib/python3.8/site-packages/airflow/models/taskinstance.py", line 428, in _execute_task
    result = execute_callable(context=context, **execute_callable_kwargs)
  File "/home/airflow/.local/lib/python3.8/site-packages/airflow/operators/bash.py", line 212, in execute
    raise AirflowException(
airflow.exceptions.AirflowException: Bash command failed. The command returned a non-zero exit code 1.
[2026-05-07T22:07:12.866+0000] {taskinstance.py:1138} INFO - Marking task as UP_FOR_RETRY. dag_id=price_intelligence_pipeline, task_id=dbt_run, execution_date=20260507T220150, start_date=20260507T220651, end_date=20260507T220712
[2026-05-07T22:07:12.887+0000] {standard_task_runner.py:107} ERROR - Failed to execute job 716 for task dbt_run (Bash command failed. The command returned a non-zero exit code 1.; 1501)
[2026-05-07T22:07:12.926+0000] {local_task_job_runner.py:234} INFO - Task exited with return code 1
[2026-05-07T22:07:12.961+0000] {taskinstance.py:3280} INFO - 0 downstream tasks scheduled from follow-on schedule check
