[2026-05-22T23:02:13.083+0000] {taskinstance.py:1956} INFO - Dependencies all met for dep_context=non-requeueable deps ti=<TaskInstance: price_intelligence_pipeline.dbt_run scheduled__2026-05-22T22:00:00+00:00 [queued]>
[2026-05-22T23:02:13.113+0000] {taskinstance.py:1956} INFO - Dependencies all met for dep_context=requeueable deps ti=<TaskInstance: price_intelligence_pipeline.dbt_run scheduled__2026-05-22T22:00:00+00:00 [queued]>
[2026-05-22T23:02:13.116+0000] {taskinstance.py:2170} INFO - Starting attempt 1 of 2
[2026-05-22T23:02:13.182+0000] {taskinstance.py:2191} INFO - Executing <Task(BashOperator): dbt_run> on 2026-05-22 22:00:00+00:00
[2026-05-22T23:02:13.213+0000] {standard_task_runner.py:87} INFO - Running: ['***', 'tasks', 'run', 'price_intelligence_pipeline', 'dbt_run', 'scheduled__2026-05-22T22:00:00+00:00', '--job-id', '1805', '--raw', '--subdir', 'DAGS_FOLDER/price_intelligence_dag.py', '--cfg-path', '/tmp/tmppsq3_lvw']
[2026-05-22T23:02:13.198+0000] {standard_task_runner.py:60} INFO - Started process 88535 to run task
[2026-05-22T23:02:13.222+0000] {standard_task_runner.py:88} INFO - Job 1805: Subtask dbt_run
[2026-05-22T23:02:13.481+0000] {task_command.py:423} INFO - Running <TaskInstance: price_intelligence_pipeline.dbt_run scheduled__2026-05-22T22:00:00+00:00 [running]> on host 91e0d3a0a233
[2026-05-22T23:02:13.837+0000] {taskinstance.py:2480} INFO - Exporting env vars: AIRFLOW_CTX_DAG_OWNER='***' AIRFLOW_CTX_DAG_ID='price_intelligence_pipeline' AIRFLOW_CTX_TASK_ID='dbt_run' AIRFLOW_CTX_EXECUTION_DATE='2026-05-22T22:00:00+00:00' AIRFLOW_CTX_TRY_NUMBER='1' AIRFLOW_CTX_DAG_RUN_ID='scheduled__2026-05-22T22:00:00+00:00'
[2026-05-22T23:02:13.840+0000] {subprocess.py:63} INFO - Tmp dir root location: /tmp
[2026-05-22T23:02:13.843+0000] {subprocess.py:75} INFO - Running command: ['/usr/bin/bash', '-c', '\n            set -e\n            cd /opt/***/dbt\n            export GOOGLE_APPLICATION_CREDENTIALS=/opt/***/gcp-credentials-new.json\n            /home/***/.local/bin/dbt run --full-refresh --profiles-dir . --project-dir .\n            echo dbt done\n        ']
[2026-05-22T23:02:13.863+0000] {subprocess.py:86} INFO - Output:
[2026-05-22T23:02:21.206+0000] {subprocess.py:93} INFO - [0m23:02:21  Running with dbt=1.8.7
[2026-05-22T23:02:23.603+0000] {subprocess.py:93} INFO - [0m23:02:23  Registered adapter: bigquery=1.8.3
[2026-05-22T23:02:25.299+0000] {subprocess.py:93} INFO - [0m23:02:25  Found 3 models, 1 seed, 7 data tests, 1 source, 479 macros
[2026-05-22T23:02:25.304+0000] {subprocess.py:93} INFO - [0m23:02:25
[2026-05-22T23:02:28.540+0000] {subprocess.py:93} INFO - [0m23:02:28  Concurrency: 4 threads (target='dev')
[2026-05-22T23:02:28.542+0000] {subprocess.py:93} INFO - [0m23:02:28
[2026-05-22T23:02:28.569+0000] {subprocess.py:93} INFO - [0m23:02:28  1 of 3 START sql view model price_intelligence_dbt.stg_prices .................. [RUN]
[2026-05-22T23:02:30.764+0000] {subprocess.py:93} INFO - [0m23:02:30  1 of 3 OK created sql view model price_intelligence_dbt.stg_prices ............. [[32mCREATE VIEW (0 processed)[0m in 2.17s]
[2026-05-22T23:02:30.793+0000] {subprocess.py:93} INFO - [0m23:02:30  2 of 3 START sql table model price_intelligence_dbt.prices_cleaned ............. [RUN]
[2026-05-22T23:02:35.053+0000] {subprocess.py:93} INFO - [0m23:02:35  2 of 3 OK created sql table model price_intelligence_dbt.prices_cleaned ........ [[32mCREATE TABLE (5.0k rows, 2.6 MiB processed)[0m in 4.25s]
[2026-05-22T23:02:35.069+0000] {subprocess.py:93} INFO - [0m23:02:35  3 of 3 START sql table model price_intelligence_dbt.prices_aggregated .......... [RUN]
[2026-05-22T23:02:38.703+0000] {subprocess.py:93} INFO - [0m23:02:38  3 of 3 OK created sql table model price_intelligence_dbt.prices_aggregated ..... [[32mCREATE TABLE (11.0 rows, 231.8 KiB processed)[0m in 3.63s]
[2026-05-22T23:02:38.721+0000] {subprocess.py:93} INFO - [0m23:02:38
[2026-05-22T23:02:38.723+0000] {subprocess.py:93} INFO - [0m23:02:38  Finished running 1 view model, 2 table models in 0 hours 0 minutes and 13.42 seconds (13.42s).
[2026-05-22T23:02:38.862+0000] {subprocess.py:93} INFO - [0m23:02:38
[2026-05-22T23:02:38.864+0000] {subprocess.py:93} INFO - [0m23:02:38  [32mCompleted successfully[0m
[2026-05-22T23:02:38.867+0000] {subprocess.py:93} INFO - [0m23:02:38
[2026-05-22T23:02:38.869+0000] {subprocess.py:93} INFO - [0m23:02:38  Done. PASS=3 WARN=0 ERROR=0 SKIP=0 TOTAL=3
[2026-05-22T23:02:43.397+0000] {subprocess.py:93} INFO - dbt done
[2026-05-22T23:02:43.407+0000] {subprocess.py:97} INFO - Command exited with return code 0
[2026-05-22T23:02:43.467+0000] {taskinstance.py:1138} INFO - Marking task as SUCCESS. dag_id=price_intelligence_pipeline, task_id=dbt_run, execution_date=20260522T220000, start_date=20260522T230213, end_date=20260522T230243
[2026-05-22T23:02:43.517+0000] {local_task_job_runner.py:234} INFO - Task exited with return code 0
[2026-05-22T23:02:43.571+0000] {taskinstance.py:3280} INFO - 1 downstream tasks scheduled from follow-on schedule check
