[2026-05-05T22:17:49.125+0000] {taskinstance.py:1956} INFO - Dependencies all met for dep_context=non-requeueable deps ti=<TaskInstance: price_intelligence_pipeline.scrape_amazon manual__2026-05-05T22:08:19.235661+00:00 [queued]>
[2026-05-05T22:17:49.187+0000] {taskinstance.py:1956} INFO - Dependencies all met for dep_context=requeueable deps ti=<TaskInstance: price_intelligence_pipeline.scrape_amazon manual__2026-05-05T22:08:19.235661+00:00 [queued]>
[2026-05-05T22:17:49.200+0000] {taskinstance.py:2170} INFO - Starting attempt 1 of 2
[2026-05-05T22:17:49.291+0000] {taskinstance.py:2191} INFO - Executing <Task(BashOperator): scrape_amazon> on 2026-05-05 22:08:19.235661+00:00
[2026-05-05T22:17:49.316+0000] {standard_task_runner.py:60} INFO - Started process 9714 to run task
[2026-05-05T22:17:49.330+0000] {standard_task_runner.py:87} INFO - Running: ['***', 'tasks', 'run', 'price_intelligence_pipeline', 'scrape_amazon', 'manual__2026-05-05T22:08:19.235661+00:00', '--job-id', '470', '--raw', '--subdir', 'DAGS_FOLDER/price_intelligence_dag.py', '--cfg-path', '/tmp/tmp90my8fsk']
[2026-05-05T22:17:49.345+0000] {standard_task_runner.py:88} INFO - Job 470: Subtask scrape_amazon
[2026-05-05T22:17:49.652+0000] {task_command.py:423} INFO - Running <TaskInstance: price_intelligence_pipeline.scrape_amazon manual__2026-05-05T22:08:19.235661+00:00 [running]> on host 25ef6dfa8bdc
[2026-05-05T22:17:50.010+0000] {taskinstance.py:2480} INFO - Exporting env vars: AIRFLOW_CTX_DAG_OWNER='***' AIRFLOW_CTX_DAG_ID='price_intelligence_pipeline' AIRFLOW_CTX_TASK_ID='scrape_amazon' AIRFLOW_CTX_EXECUTION_DATE='2026-05-05T22:08:19.235661+00:00' AIRFLOW_CTX_TRY_NUMBER='1' AIRFLOW_CTX_DAG_RUN_ID='manual__2026-05-05T22:08:19.235661+00:00'
[2026-05-05T22:17:50.015+0000] {subprocess.py:63} INFO - Tmp dir root location: /tmp
[2026-05-05T22:17:50.021+0000] {subprocess.py:75} INFO - Running command: ['/usr/bin/bash', '-c', '\n            cd /opt/***\n            mkdir -p data/raw\n            export DISPLAY=:99\n            python3 scrapers/spiders/amazon_ma.py || echo "Amazon done with warnings"\n        ']
[2026-05-05T22:17:50.060+0000] {subprocess.py:86} INFO - Output:
[2026-05-05T22:18:04.999+0000] {subprocess.py:93} INFO - Traceback (most recent call last):
[2026-05-05T22:18:05.000+0000] {subprocess.py:93} INFO -   File "scrapers/spiders/amazon_ma.py", line 147, in <module>
[2026-05-05T22:18:05.005+0000] {subprocess.py:93} INFO -     scrape_amazon()
[2026-05-05T22:18:05.006+0000] {subprocess.py:93} INFO -   File "scrapers/spiders/amazon_ma.py", line 55, in scrape_amazon
[2026-05-05T22:18:05.008+0000] {subprocess.py:93} INFO -     driver = get_driver()
[2026-05-05T22:18:05.009+0000] {subprocess.py:93} INFO -   File "scrapers/spiders/amazon_ma.py", line 47, in get_driver
[2026-05-05T22:18:05.010+0000] {subprocess.py:93} INFO -     driver = webdriver.Chrome(service=Service(ChromeDriverManager().install()), options=opts)
[2026-05-05T22:18:05.011+0000] {subprocess.py:93} INFO -   File "/home/***/.local/lib/python3.8/site-packages/selenium/webdriver/chrome/webdriver.py", line 45, in __init__
[2026-05-05T22:18:05.012+0000] {subprocess.py:93} INFO -     super().__init__(
[2026-05-05T22:18:05.013+0000] {subprocess.py:93} INFO -   File "/home/***/.local/lib/python3.8/site-packages/selenium/webdriver/chromium/webdriver.py", line 66, in __init__
[2026-05-05T22:18:05.014+0000] {subprocess.py:93} INFO -     super().__init__(command_executor=executor, options=options)
[2026-05-05T22:18:05.015+0000] {subprocess.py:93} INFO -   File "/home/***/.local/lib/python3.8/site-packages/selenium/webdriver/remote/webdriver.py", line 241, in __init__
[2026-05-05T22:18:05.016+0000] {subprocess.py:93} INFO -     self.start_session(capabilities)
[2026-05-05T22:18:05.016+0000] {subprocess.py:93} INFO -   File "/home/***/.local/lib/python3.8/site-packages/selenium/webdriver/remote/webdriver.py", line 329, in start_session
[2026-05-05T22:18:05.017+0000] {subprocess.py:93} INFO -     response = self.execute(Command.NEW_SESSION, caps)["value"]
[2026-05-05T22:18:05.020+0000] {subprocess.py:93} INFO -   File "/home/***/.local/lib/python3.8/site-packages/selenium/webdriver/remote/webdriver.py", line 384, in execute
[2026-05-05T22:18:05.022+0000] {subprocess.py:93} INFO -     self.error_handler.check_response(response)
[2026-05-05T22:18:05.025+0000] {subprocess.py:93} INFO -   File "/home/***/.local/lib/python3.8/site-packages/selenium/webdriver/remote/errorhandler.py", line 232, in check_response
[2026-05-05T22:18:05.026+0000] {subprocess.py:93} INFO -     raise exception_class(message, screen, stacktrace)
[2026-05-05T22:18:05.027+0000] {subprocess.py:93} INFO - selenium.common.exceptions.WebDriverException: Message: unknown error: Chrome failed to start: exited abnormally.
[2026-05-05T22:18:05.028+0000] {subprocess.py:93} INFO -   (unknown error: DevToolsActivePort file doesn't exist)
[2026-05-05T22:18:05.029+0000] {subprocess.py:93} INFO -   (The process started from chrome location /usr/bin/chromium is no longer running, so ChromeDriver is assuming that Chrome has crashed.)
[2026-05-05T22:18:05.030+0000] {subprocess.py:93} INFO - Stacktrace:
[2026-05-05T22:18:05.031+0000] {subprocess.py:93} INFO - #0 0x5e3fb4c274e3 <unknown>
[2026-05-05T22:18:05.032+0000] {subprocess.py:93} INFO - #1 0x5e3fb4956c76 <unknown>
[2026-05-05T22:18:05.032+0000] {subprocess.py:93} INFO - #2 0x5e3fb497fd78 <unknown>
[2026-05-05T22:18:05.033+0000] {subprocess.py:93} INFO - #3 0x5e3fb497c029 <unknown>
[2026-05-05T22:18:05.034+0000] {subprocess.py:93} INFO - #4 0x5e3fb49baccc <unknown>
[2026-05-05T22:18:05.035+0000] {subprocess.py:93} INFO - #5 0x5e3fb49ba47f <unknown>
[2026-05-05T22:18:05.035+0000] {subprocess.py:93} INFO - #6 0x5e3fb49b1de3 <unknown>
[2026-05-05T22:18:05.037+0000] {subprocess.py:93} INFO - #7 0x5e3fb49872dd <unknown>
[2026-05-05T22:18:05.038+0000] {subprocess.py:93} INFO - #8 0x5e3fb498834e <unknown>
[2026-05-05T22:18:05.039+0000] {subprocess.py:93} INFO - #9 0x5e3fb4be73e4 <unknown>
[2026-05-05T22:18:05.041+0000] {subprocess.py:93} INFO - #10 0x5e3fb4beb3d7 <unknown>
[2026-05-05T22:18:05.042+0000] {subprocess.py:93} INFO - #11 0x5e3fb4bf5b20 <unknown>
[2026-05-05T22:18:05.043+0000] {subprocess.py:93} INFO - #12 0x5e3fb4bec023 <unknown>
[2026-05-05T22:18:05.044+0000] {subprocess.py:93} INFO - #13 0x5e3fb4bba1aa <unknown>
[2026-05-05T22:18:05.045+0000] {subprocess.py:93} INFO - #14 0x5e3fb4c106b8 <unknown>
[2026-05-05T22:18:05.046+0000] {subprocess.py:93} INFO - #15 0x5e3fb4c10847 <unknown>
[2026-05-05T22:18:05.047+0000] {subprocess.py:93} INFO - #16 0x5e3fb4c20243 <unknown>
[2026-05-05T22:18:05.048+0000] {subprocess.py:93} INFO - #17 0x7b533ebca134 <unknown>
[2026-05-05T22:18:05.049+0000] {subprocess.py:93} INFO - 
[2026-05-05T22:18:05.076+0000] {subprocess.py:93} INFO - Amazon done with warnings
[2026-05-05T22:18:05.078+0000] {subprocess.py:97} INFO - Command exited with return code 0
[2026-05-05T22:18:05.139+0000] {taskinstance.py:1138} INFO - Marking task as SUCCESS. dag_id=price_intelligence_pipeline, task_id=scrape_amazon, execution_date=20260505T220819, start_date=20260505T221749, end_date=20260505T221805
[2026-05-05T22:18:05.211+0000] {local_task_job_runner.py:234} INFO - Task exited with return code 0
[2026-05-05T22:18:05.297+0000] {taskinstance.py:3280} INFO - 0 downstream tasks scheduled from follow-on schedule check
