[2026-05-08T17:41:01.008+0000] {taskinstance.py:1956} INFO - Dependencies all met for dep_context=non-requeueable deps ti=<TaskInstance: price_intelligence_pipeline.dbt_run manual__2026-05-08T17:40:43+00:00 [queued]>
[2026-05-08T17:41:01.031+0000] {taskinstance.py:1956} INFO - Dependencies all met for dep_context=requeueable deps ti=<TaskInstance: price_intelligence_pipeline.dbt_run manual__2026-05-08T17:40:43+00:00 [queued]>
[2026-05-08T17:41:01.032+0000] {taskinstance.py:2170} INFO - Starting attempt 1 of 2
[2026-05-08T17:41:01.070+0000] {taskinstance.py:2191} INFO - Executing <Task(BashOperator): dbt_run> on 2026-05-08 17:40:43+00:00
[2026-05-08T17:41:01.080+0000] {standard_task_runner.py:60} INFO - Started process 1359 to run task
[2026-05-08T17:41:01.088+0000] {standard_task_runner.py:87} INFO - Running: ['***', 'tasks', 'run', 'price_intelligence_pipeline', 'dbt_run', 'manual__2026-05-08T17:40:43+00:00', '--job-id', '830', '--raw', '--subdir', 'DAGS_FOLDER/price_intelligence_dag.py', '--cfg-path', '/tmp/tmpsqok_7cu']
[2026-05-08T17:41:01.094+0000] {standard_task_runner.py:88} INFO - Job 830: Subtask dbt_run
[2026-05-08T17:41:01.303+0000] {task_command.py:423} INFO - Running <TaskInstance: price_intelligence_pipeline.dbt_run manual__2026-05-08T17:40:43+00:00 [running]> on host 91e0d3a0a233
[2026-05-08T17:41:01.519+0000] {taskinstance.py:2480} INFO - Exporting env vars: AIRFLOW_CTX_DAG_OWNER='***' AIRFLOW_CTX_DAG_ID='price_intelligence_pipeline' AIRFLOW_CTX_TASK_ID='dbt_run' AIRFLOW_CTX_EXECUTION_DATE='2026-05-08T17:40:43+00:00' AIRFLOW_CTX_TRY_NUMBER='1' AIRFLOW_CTX_DAG_RUN_ID='manual__2026-05-08T17:40:43+00:00'
[2026-05-08T17:41:01.522+0000] {subprocess.py:63} INFO - Tmp dir root location: /tmp
[2026-05-08T17:41:01.523+0000] {subprocess.py:75} INFO - Running command: ['/usr/bin/bash', '-c', '\n            set -e\n            cd /opt/***/dbt\n            export GOOGLE_APPLICATION_CREDENTIALS=/opt/***/gcp-credentials-new.json\n            /home/***/.local/bin/dbt run --full-refresh --profiles-dir . --project-dir .\n            echo dbt done\n        ']
[2026-05-08T17:41:01.539+0000] {subprocess.py:86} INFO - Output:
[2026-05-08T17:41:04.232+0000] {subprocess.py:93} INFO - [0m17:41:04  Running with dbt=1.8.7
[2026-05-08T17:41:06.607+0000] {subprocess.py:93} INFO - [0m17:41:06  Registered adapter: bigquery=1.8.3
[2026-05-08T17:41:08.586+0000] {subprocess.py:93} INFO - [0m17:41:08  Found 3 models, 1 seed, 7 data tests, 1 source, 479 macros
[2026-05-08T17:41:08.591+0000] {subprocess.py:93} INFO - [0m17:41:08
[2026-05-08T17:41:10.112+0000] {subprocess.py:93} INFO - [0m17:41:10  Concurrency: 4 threads (target='dev')
[2026-05-08T17:41:10.113+0000] {subprocess.py:93} INFO - [0m17:41:10
[2026-05-08T17:41:10.129+0000] {subprocess.py:93} INFO - [0m17:41:10  1 of 3 START sql view model price_intelligence_dbt.stg_prices .................. [RUN]
[2026-05-08T17:41:11.601+0000] {subprocess.py:93} INFO - [0m17:41:11  1 of 3 OK created sql view model price_intelligence_dbt.stg_prices ............. [[32mCREATE VIEW (0 processed)[0m in 1.47s]
[2026-05-08T17:41:11.606+0000] {subprocess.py:93} INFO - [0m17:41:11  2 of 3 START sql table model price_intelligence_dbt.prices_cleaned ............. [RUN]
[2026-05-08T17:41:15.302+0000] {subprocess.py:93} INFO - [0m17:41:15  2 of 3 OK created sql table model price_intelligence_dbt.prices_cleaned ........ [[32mCREATE TABLE (5.0k rows, 2.6 MiB processed)[0m in 3.69s]
[2026-05-08T17:41:15.310+0000] {subprocess.py:93} INFO - [0m17:41:15  3 of 3 START sql table model price_intelligence_dbt.prices_aggregated .......... [RUN]
[2026-05-08T17:41:18.536+0000] {subprocess.py:93} INFO - [0m17:41:18  3 of 3 OK created sql table model price_intelligence_dbt.prices_aggregated ..... [[32mCREATE TABLE (11.0 rows, 231.8 KiB processed)[0m in 3.22s]
[2026-05-08T17:41:18.557+0000] {subprocess.py:93} INFO - [0m17:41:18
[2026-05-08T17:41:18.559+0000] {subprocess.py:93} INFO - [0m17:41:18  Finished running 1 view model, 2 table models in 0 hours 0 minutes and 9.96 seconds (9.96s).
[2026-05-08T17:41:18.674+0000] {subprocess.py:93} INFO - [0m17:41:18
[2026-05-08T17:41:18.675+0000] {subprocess.py:93} INFO - [0m17:41:18  [32mCompleted successfully[0m
[2026-05-08T17:41:18.676+0000] {subprocess.py:93} INFO - [0m17:41:18
[2026-05-08T17:41:18.677+0000] {subprocess.py:93} INFO - [0m17:41:18  Done. PASS=3 WARN=0 ERROR=0 SKIP=0 TOTAL=3
[2026-05-08T17:41:19.678+0000] {subprocess.py:93} INFO - dbt done
[2026-05-08T17:41:19.684+0000] {subprocess.py:97} INFO - Command exited with return code 0
[2026-05-08T17:41:19.729+0000] {taskinstance.py:1138} INFO - Marking task as SUCCESS. dag_id=price_intelligence_pipeline, task_id=dbt_run, execution_date=20260508T174043, start_date=20260508T174101, end_date=20260508T174119
[2026-05-08T17:41:19.766+0000] {local_task_job_runner.py:234} INFO - Task exited with return code 0
[2026-05-08T17:41:19.803+0000] {taskinstance.py:3280} INFO - 1 downstream tasks scheduled from follow-on schedule check
