[2026-05-06T15:00:53.731+0000] {taskinstance.py:1956} INFO - Dependencies all met for dep_context=non-requeueable deps ti=<TaskInstance: price_intelligence_pipeline.dbt_run scheduled__2026-05-06T14:00:00+00:00 [queued]>
[2026-05-06T15:00:53.743+0000] {taskinstance.py:1956} INFO - Dependencies all met for dep_context=requeueable deps ti=<TaskInstance: price_intelligence_pipeline.dbt_run scheduled__2026-05-06T14:00:00+00:00 [queued]>
[2026-05-06T15:00:53.743+0000] {taskinstance.py:2170} INFO - Starting attempt 1 of 2
[2026-05-06T15:00:53.761+0000] {taskinstance.py:2191} INFO - Executing <Task(BashOperator): dbt_run> on 2026-05-06 14:00:00+00:00
[2026-05-06T15:00:53.769+0000] {standard_task_runner.py:60} INFO - Started process 18362 to run task
[2026-05-06T15:00:53.773+0000] {standard_task_runner.py:87} INFO - Running: ['***', 'tasks', 'run', 'price_intelligence_pipeline', 'dbt_run', 'scheduled__2026-05-06T14:00:00+00:00', '--job-id', '572', '--raw', '--subdir', 'DAGS_FOLDER/price_intelligence_dag.py', '--cfg-path', '/tmp/tmpq_ds2dg_']
[2026-05-06T15:00:53.776+0000] {standard_task_runner.py:88} INFO - Job 572: Subtask dbt_run
[2026-05-06T15:00:53.873+0000] {task_command.py:423} INFO - Running <TaskInstance: price_intelligence_pipeline.dbt_run scheduled__2026-05-06T14:00:00+00:00 [running]> on host 25ef6dfa8bdc
[2026-05-06T15:00:53.998+0000] {taskinstance.py:2480} INFO - Exporting env vars: AIRFLOW_CTX_DAG_OWNER='***' AIRFLOW_CTX_DAG_ID='price_intelligence_pipeline' AIRFLOW_CTX_TASK_ID='dbt_run' AIRFLOW_CTX_EXECUTION_DATE='2026-05-06T14:00:00+00:00' AIRFLOW_CTX_TRY_NUMBER='1' AIRFLOW_CTX_DAG_RUN_ID='scheduled__2026-05-06T14:00:00+00:00'
[2026-05-06T15:00:54.000+0000] {subprocess.py:63} INFO - Tmp dir root location: /tmp
[2026-05-06T15:00:54.001+0000] {subprocess.py:75} INFO - Running command: ['/usr/bin/bash', '-c', '\n            set -e\n            cd /opt/***/dbt\n            export GOOGLE_APPLICATION_CREDENTIALS=/opt/***/gcp-credentials-new.json\n            /home/***/.local/bin/dbt run --select stg_prices --profiles-dir . --project-dir .\n            /home/***/.local/bin/dbt run --select prices_cleaned --profiles-dir . --project-dir .\n            /home/***/.local/bin/dbt run --select prices_aggregated --profiles-dir . --project-dir .\n            echo dbt done\n        ']
[2026-05-06T15:00:54.014+0000] {subprocess.py:86} INFO - Output:
[2026-05-06T15:00:57.896+0000] {subprocess.py:93} INFO - [0m15:00:57  Running with dbt=1.8.7
[2026-05-06T15:00:59.770+0000] {subprocess.py:93} INFO - [0m15:00:59  Registered adapter: bigquery=1.8.3
[2026-05-06T15:01:00.355+0000] {subprocess.py:93} INFO - [0m15:01:00  Unable to do partial parsing because of a version mismatch
[2026-05-06T15:01:02.746+0000] {subprocess.py:93} INFO - [0m15:01:02  [[33mWARNING[0m]: Deprecated functionality
[2026-05-06T15:01:02.747+0000] {subprocess.py:93} INFO - The `tests` config has been renamed to `data_tests`. Please see
[2026-05-06T15:01:02.747+0000] {subprocess.py:93} INFO - https://docs.getdbt.com/docs/build/data-tests#new-data_tests-syntax for more
[2026-05-06T15:01:02.748+0000] {subprocess.py:93} INFO - information.
[2026-05-06T15:01:03.582+0000] {subprocess.py:93} INFO - [0m15:01:03  Found 3 models, 1 seed, 7 data tests, 1 source, 479 macros
[2026-05-06T15:01:03.585+0000] {subprocess.py:93} INFO - [0m15:01:03
[2026-05-06T15:01:05.803+0000] {subprocess.py:93} INFO - [0m15:01:05  Concurrency: 4 threads (target='dev')
[2026-05-06T15:01:05.804+0000] {subprocess.py:93} INFO - [0m15:01:05
[2026-05-06T15:01:05.826+0000] {subprocess.py:93} INFO - [0m15:01:05  1 of 1 START sql view model price_intelligence_dbt.stg_prices .................. [RUN]
[2026-05-06T15:01:07.755+0000] {subprocess.py:93} INFO - [0m15:01:07  1 of 1 OK created sql view model price_intelligence_dbt.stg_prices ............. [[32mCREATE VIEW (0 processed)[0m in 1.92s]
[2026-05-06T15:01:07.766+0000] {subprocess.py:93} INFO - [0m15:01:07
[2026-05-06T15:01:07.768+0000] {subprocess.py:93} INFO - [0m15:01:07  Finished running 1 view model in 0 hours 0 minutes and 4.18 seconds (4.18s).
[2026-05-06T15:01:07.906+0000] {subprocess.py:93} INFO - [0m15:01:07
[2026-05-06T15:01:07.908+0000] {subprocess.py:93} INFO - [0m15:01:07  [32mCompleted successfully[0m
[2026-05-06T15:01:07.909+0000] {subprocess.py:93} INFO - [0m15:01:07
[2026-05-06T15:01:07.910+0000] {subprocess.py:93} INFO - [0m15:01:07  Done. PASS=1 WARN=0 ERROR=0 SKIP=0 TOTAL=1
[2026-05-06T15:01:13.860+0000] {subprocess.py:93} INFO - [0m15:01:13  Running with dbt=1.8.7
[2026-05-06T15:01:16.220+0000] {subprocess.py:93} INFO - [0m15:01:16  Registered adapter: bigquery=1.8.3
[2026-05-06T15:01:18.372+0000] {subprocess.py:93} INFO - [0m15:01:18  Found 3 models, 1 seed, 7 data tests, 1 source, 479 macros
[2026-05-06T15:01:18.375+0000] {subprocess.py:93} INFO - [0m15:01:18
[2026-05-06T15:01:20.466+0000] {subprocess.py:93} INFO - [0m15:01:20  Concurrency: 4 threads (target='dev')
[2026-05-06T15:01:20.469+0000] {subprocess.py:93} INFO - [0m15:01:20
[2026-05-06T15:01:20.498+0000] {subprocess.py:93} INFO - [0m15:01:20  1 of 1 START sql table model price_intelligence_dbt.prices_cleaned ............. [RUN]
[2026-05-06T15:01:25.025+0000] {subprocess.py:93} INFO - [0m15:01:25  1 of 1 OK created sql table model price_intelligence_dbt.prices_cleaned ........ [[32mCREATE TABLE (5.0k rows, 729.3 KiB processed)[0m in 4.52s]
[2026-05-06T15:01:25.037+0000] {subprocess.py:93} INFO - [0m15:01:25
[2026-05-06T15:01:25.038+0000] {subprocess.py:93} INFO - [0m15:01:25  Finished running 1 table model in 0 hours 0 minutes and 6.66 seconds (6.66s).
[2026-05-06T15:01:25.146+0000] {subprocess.py:93} INFO - [0m15:01:25
[2026-05-06T15:01:25.147+0000] {subprocess.py:93} INFO - [0m15:01:25  [32mCompleted successfully[0m
[2026-05-06T15:01:25.148+0000] {subprocess.py:93} INFO - [0m15:01:25
[2026-05-06T15:01:25.149+0000] {subprocess.py:93} INFO - [0m15:01:25  Done. PASS=1 WARN=0 ERROR=0 SKIP=0 TOTAL=1
[2026-05-06T15:01:30.056+0000] {subprocess.py:93} INFO - [0m15:01:30  Running with dbt=1.8.7
[2026-05-06T15:01:32.181+0000] {subprocess.py:93} INFO - [0m15:01:32  Registered adapter: bigquery=1.8.3
[2026-05-06T15:01:33.275+0000] {subprocess.py:93} INFO - [0m15:01:33  Found 3 models, 1 seed, 7 data tests, 1 source, 479 macros
[2026-05-06T15:01:33.278+0000] {subprocess.py:93} INFO - [0m15:01:33
[2026-05-06T15:01:34.924+0000] {subprocess.py:93} INFO - [0m15:01:34  Concurrency: 4 threads (target='dev')
[2026-05-06T15:01:34.925+0000] {subprocess.py:93} INFO - [0m15:01:34
[2026-05-06T15:01:34.938+0000] {subprocess.py:93} INFO - [0m15:01:34  1 of 1 START sql table model price_intelligence_dbt.prices_aggregated .......... [RUN]
[2026-05-06T15:01:38.870+0000] {subprocess.py:93} INFO - [0m15:01:38  1 of 1 OK created sql table model price_intelligence_dbt.prices_aggregated ..... [[32mCREATE TABLE (4.0 rows, 122.9 KiB processed)[0m in 3.93s]
[2026-05-06T15:01:38.879+0000] {subprocess.py:93} INFO - [0m15:01:38
[2026-05-06T15:01:38.881+0000] {subprocess.py:93} INFO - [0m15:01:38  Finished running 1 table model in 0 hours 0 minutes and 5.60 seconds (5.60s).
[2026-05-06T15:01:38.951+0000] {subprocess.py:93} INFO - [0m15:01:38
[2026-05-06T15:01:38.952+0000] {subprocess.py:93} INFO - [0m15:01:38  [32mCompleted successfully[0m
[2026-05-06T15:01:38.953+0000] {subprocess.py:93} INFO - [0m15:01:38
[2026-05-06T15:01:38.956+0000] {subprocess.py:93} INFO - [0m15:01:38  Done. PASS=1 WARN=0 ERROR=0 SKIP=0 TOTAL=1
[2026-05-06T15:01:43.511+0000] {subprocess.py:93} INFO - dbt done
[2026-05-06T15:01:43.517+0000] {subprocess.py:97} INFO - Command exited with return code 0
[2026-05-06T15:01:43.565+0000] {taskinstance.py:1138} INFO - Marking task as SUCCESS. dag_id=price_intelligence_pipeline, task_id=dbt_run, execution_date=20260506T140000, start_date=20260506T150053, end_date=20260506T150143
[2026-05-06T15:01:43.600+0000] {local_task_job_runner.py:234} INFO - Task exited with return code 0
[2026-05-06T15:01:43.673+0000] {taskinstance.py:3280} INFO - 1 downstream tasks scheduled from follow-on schedule check
