[2026-05-05T20:55:59.322+0000] {taskinstance.py:1956} INFO - Dependencies all met for dep_context=non-requeueable deps ti=<TaskInstance: price_intelligence_pipeline.scrape_avito manual__2026-05-05T20:29:45.551967+00:00 [queued]>
[2026-05-05T20:55:59.345+0000] {taskinstance.py:1956} INFO - Dependencies all met for dep_context=requeueable deps ti=<TaskInstance: price_intelligence_pipeline.scrape_avito manual__2026-05-05T20:29:45.551967+00:00 [queued]>
[2026-05-05T20:55:59.346+0000] {taskinstance.py:2170} INFO - Starting attempt 2 of 3
[2026-05-05T20:55:59.396+0000] {taskinstance.py:2191} INFO - Executing <Task(BashOperator): scrape_avito> on 2026-05-05 20:29:45.551967+00:00
[2026-05-05T20:55:59.410+0000] {standard_task_runner.py:60} INFO - Started process 705 to run task
[2026-05-05T20:55:59.419+0000] {standard_task_runner.py:87} INFO - Running: ['***', 'tasks', 'run', 'price_intelligence_pipeline', 'scrape_avito', 'manual__2026-05-05T20:29:45.551967+00:00', '--job-id', '332', '--raw', '--subdir', 'DAGS_FOLDER/price_intelligence_dag.py', '--cfg-path', '/tmp/tmpn6b2pmv2']
[2026-05-05T20:55:59.426+0000] {standard_task_runner.py:88} INFO - Job 332: Subtask scrape_avito
[2026-05-05T20:55:59.650+0000] {task_command.py:423} INFO - Running <TaskInstance: price_intelligence_pipeline.scrape_avito manual__2026-05-05T20:29:45.551967+00:00 [running]> on host 25ef6dfa8bdc
[2026-05-05T20:56:00.078+0000] {taskinstance.py:2480} INFO - Exporting env vars: AIRFLOW_CTX_DAG_OWNER='***' AIRFLOW_CTX_DAG_ID='price_intelligence_pipeline' AIRFLOW_CTX_TASK_ID='scrape_avito' AIRFLOW_CTX_EXECUTION_DATE='2026-05-05T20:29:45.551967+00:00' AIRFLOW_CTX_TRY_NUMBER='2' AIRFLOW_CTX_DAG_RUN_ID='manual__2026-05-05T20:29:45.551967+00:00'
[2026-05-05T20:56:00.086+0000] {subprocess.py:63} INFO - Tmp dir root location: /tmp
[2026-05-05T20:56:00.090+0000] {subprocess.py:75} INFO - Running command: ['/usr/bin/bash', '-c', '\n            set -e\n            cd /opt/***\n            mkdir -p data/raw\n            scrapy crawl avito_ma -o data/raw/avito_ma.json --overwrite-output -s LOG_LEVEL=WARNING -s ROBOTSTXT_OBEY=False -s DOWNLOAD_DELAY=2\n            echo Avito done\n        ']
[2026-05-05T20:56:00.149+0000] {subprocess.py:86} INFO - Output:
[2026-05-05T20:56:02.121+0000] {subprocess.py:93} INFO - Traceback (most recent call last):
[2026-05-05T20:56:02.122+0000] {subprocess.py:93} INFO -   File "/home/***/.local/bin/scrapy", line 8, in <module>
[2026-05-05T20:56:02.123+0000] {subprocess.py:93} INFO -     sys.exit(execute())
[2026-05-05T20:56:02.124+0000] {subprocess.py:93} INFO -   File "/home/***/.local/lib/python3.8/site-packages/scrapy/cmdline.py", line 128, in execute
[2026-05-05T20:56:02.125+0000] {subprocess.py:93} INFO -     settings = get_project_settings()
[2026-05-05T20:56:02.126+0000] {subprocess.py:93} INFO -   File "/home/***/.local/lib/python3.8/site-packages/scrapy/utils/project.py", line 71, in get_project_settings
[2026-05-05T20:56:02.127+0000] {subprocess.py:93} INFO -     settings.setmodule(settings_module_path, priority="project")
[2026-05-05T20:56:02.128+0000] {subprocess.py:93} INFO -   File "/home/***/.local/lib/python3.8/site-packages/scrapy/settings/__init__.py", line 385, in setmodule
[2026-05-05T20:56:02.129+0000] {subprocess.py:93} INFO -     module = import_module(module)
[2026-05-05T20:56:02.131+0000] {subprocess.py:93} INFO -   File "/usr/local/lib/python3.8/importlib/__init__.py", line 127, in import_module
[2026-05-05T20:56:02.133+0000] {subprocess.py:93} INFO -     return _bootstrap._gcd_import(name[level:], package, level)
[2026-05-05T20:56:02.134+0000] {subprocess.py:93} INFO -   File "<frozen importlib._bootstrap>", line 1014, in _gcd_import
[2026-05-05T20:56:02.139+0000] {subprocess.py:93} INFO -   File "<frozen importlib._bootstrap>", line 991, in _find_and_load
[2026-05-05T20:56:02.140+0000] {subprocess.py:93} INFO -   File "<frozen importlib._bootstrap>", line 961, in _find_and_load_unlocked
[2026-05-05T20:56:02.141+0000] {subprocess.py:93} INFO -   File "<frozen importlib._bootstrap>", line 219, in _call_with_frames_removed
[2026-05-05T20:56:02.143+0000] {subprocess.py:93} INFO -   File "<frozen importlib._bootstrap>", line 1014, in _gcd_import
[2026-05-05T20:56:02.144+0000] {subprocess.py:93} INFO -   File "<frozen importlib._bootstrap>", line 991, in _find_and_load
[2026-05-05T20:56:02.145+0000] {subprocess.py:93} INFO -   File "<frozen importlib._bootstrap>", line 973, in _find_and_load_unlocked
[2026-05-05T20:56:02.146+0000] {subprocess.py:93} INFO - ModuleNotFoundError: No module named 'scrapers'
[2026-05-05T20:56:02.302+0000] {subprocess.py:97} INFO - Command exited with return code 1
[2026-05-05T20:56:02.347+0000] {taskinstance.py:2698} ERROR - Task failed with exception
Traceback (most recent call last):
  File "/home/airflow/.local/lib/python3.8/site-packages/airflow/models/taskinstance.py", line 428, in _execute_task
    result = execute_callable(context=context, **execute_callable_kwargs)
  File "/home/airflow/.local/lib/python3.8/site-packages/airflow/operators/bash.py", line 212, in execute
    raise AirflowException(
airflow.exceptions.AirflowException: Bash command failed. The command returned a non-zero exit code 1.
[2026-05-05T20:56:02.357+0000] {taskinstance.py:1138} INFO - Marking task as UP_FOR_RETRY. dag_id=price_intelligence_pipeline, task_id=scrape_avito, execution_date=20260505T202945, start_date=20260505T205559, end_date=20260505T205602
[2026-05-05T20:56:02.395+0000] {standard_task_runner.py:107} ERROR - Failed to execute job 332 for task scrape_avito (Bash command failed. The command returned a non-zero exit code 1.; 705)
[2026-05-05T20:56:02.437+0000] {local_task_job_runner.py:234} INFO - Task exited with return code 1
[2026-05-05T20:56:02.545+0000] {taskinstance.py:3280} INFO - 0 downstream tasks scheduled from follow-on schedule check
