[2026-05-08T17:01:41.507+0000] {taskinstance.py:1956} INFO - Dependencies all met for dep_context=non-requeueable deps ti=<TaskInstance: price_intelligence_pipeline.scrape_amazon manual__2026-05-08T16:52:18.551451+00:00 [queued]>
[2026-05-08T17:01:41.530+0000] {taskinstance.py:1956} INFO - Dependencies all met for dep_context=requeueable deps ti=<TaskInstance: price_intelligence_pipeline.scrape_amazon manual__2026-05-08T16:52:18.551451+00:00 [queued]>
[2026-05-08T17:01:41.531+0000] {taskinstance.py:2170} INFO - Starting attempt 1 of 2
[2026-05-08T17:01:41.565+0000] {taskinstance.py:2191} INFO - Executing <Task(BashOperator): scrape_amazon> on 2026-05-08 16:52:18.551451+00:00
[2026-05-08T17:01:41.576+0000] {standard_task_runner.py:60} INFO - Started process 5864 to run task
[2026-05-08T17:01:41.583+0000] {standard_task_runner.py:87} INFO - Running: ['***', 'tasks', 'run', 'price_intelligence_pipeline', 'scrape_amazon', 'manual__2026-05-08T16:52:18.551451+00:00', '--job-id', '793', '--raw', '--subdir', 'DAGS_FOLDER/price_intelligence_dag.py', '--cfg-path', '/tmp/tmp0dazphw5']
[2026-05-08T17:01:41.588+0000] {standard_task_runner.py:88} INFO - Job 793: Subtask scrape_amazon
[2026-05-08T17:01:41.785+0000] {task_command.py:423} INFO - Running <TaskInstance: price_intelligence_pipeline.scrape_amazon manual__2026-05-08T16:52:18.551451+00:00 [running]> on host 25ef6dfa8bdc
[2026-05-08T17:01:42.160+0000] {taskinstance.py:2480} INFO - Exporting env vars: AIRFLOW_CTX_DAG_OWNER='***' AIRFLOW_CTX_DAG_ID='price_intelligence_pipeline' AIRFLOW_CTX_TASK_ID='scrape_amazon' AIRFLOW_CTX_EXECUTION_DATE='2026-05-08T16:52:18.551451+00:00' AIRFLOW_CTX_TRY_NUMBER='1' AIRFLOW_CTX_DAG_RUN_ID='manual__2026-05-08T16:52:18.551451+00:00'
[2026-05-08T17:01:42.171+0000] {subprocess.py:63} INFO - Tmp dir root location: /tmp
[2026-05-08T17:01:42.175+0000] {subprocess.py:75} INFO - Running command: ['/usr/bin/bash', '-c', '\n            cd /opt/***\n            mkdir -p data/raw\n            export DISPLAY=:99\n            python3 scrapers/spiders/amazon_ma.py || echo "Amazon done with warnings"\n        ']
[2026-05-08T17:01:42.232+0000] {subprocess.py:86} INFO - Output:
[2026-05-08T17:01:54.348+0000] {subprocess.py:93} INFO - Traceback (most recent call last):
[2026-05-08T17:01:54.349+0000] {subprocess.py:93} INFO -   File "scrapers/spiders/amazon_ma.py", line 147, in <module>
[2026-05-08T17:01:54.350+0000] {subprocess.py:93} INFO -     scrape_amazon()
[2026-05-08T17:01:54.352+0000] {subprocess.py:93} INFO -   File "scrapers/spiders/amazon_ma.py", line 55, in scrape_amazon
[2026-05-08T17:01:54.354+0000] {subprocess.py:93} INFO -     driver = get_driver()
[2026-05-08T17:01:54.355+0000] {subprocess.py:93} INFO -   File "scrapers/spiders/amazon_ma.py", line 47, in get_driver
[2026-05-08T17:01:54.356+0000] {subprocess.py:93} INFO -     driver = webdriver.Chrome(service=Service(ChromeDriverManager().install()), options=opts)
[2026-05-08T17:01:54.357+0000] {subprocess.py:93} INFO -   File "/home/***/.local/lib/python3.8/site-packages/selenium/webdriver/chrome/webdriver.py", line 45, in __init__
[2026-05-08T17:01:54.358+0000] {subprocess.py:93} INFO -     super().__init__(
[2026-05-08T17:01:54.359+0000] {subprocess.py:93} INFO -   File "/home/***/.local/lib/python3.8/site-packages/selenium/webdriver/chromium/webdriver.py", line 66, in __init__
[2026-05-08T17:01:54.359+0000] {subprocess.py:93} INFO -     super().__init__(command_executor=executor, options=options)
[2026-05-08T17:01:54.360+0000] {subprocess.py:93} INFO -   File "/home/***/.local/lib/python3.8/site-packages/selenium/webdriver/remote/webdriver.py", line 241, in __init__
[2026-05-08T17:01:54.361+0000] {subprocess.py:93} INFO -     self.start_session(capabilities)
[2026-05-08T17:01:54.362+0000] {subprocess.py:93} INFO -   File "/home/***/.local/lib/python3.8/site-packages/selenium/webdriver/remote/webdriver.py", line 329, in start_session
[2026-05-08T17:01:54.363+0000] {subprocess.py:93} INFO -     response = self.execute(Command.NEW_SESSION, caps)["value"]
[2026-05-08T17:01:54.363+0000] {subprocess.py:93} INFO -   File "/home/***/.local/lib/python3.8/site-packages/selenium/webdriver/remote/webdriver.py", line 384, in execute
[2026-05-08T17:01:54.365+0000] {subprocess.py:93} INFO -     self.error_handler.check_response(response)
[2026-05-08T17:01:54.365+0000] {subprocess.py:93} INFO -   File "/home/***/.local/lib/python3.8/site-packages/selenium/webdriver/remote/errorhandler.py", line 232, in check_response
[2026-05-08T17:01:54.366+0000] {subprocess.py:93} INFO -     raise exception_class(message, screen, stacktrace)
[2026-05-08T17:01:54.367+0000] {subprocess.py:93} INFO - selenium.common.exceptions.WebDriverException: Message: unknown error: Chrome failed to start: exited abnormally.
[2026-05-08T17:01:54.368+0000] {subprocess.py:93} INFO -   (unknown error: DevToolsActivePort file doesn't exist)
[2026-05-08T17:01:54.370+0000] {subprocess.py:93} INFO -   (The process started from chrome location /usr/bin/chromium is no longer running, so ChromeDriver is assuming that Chrome has crashed.)
[2026-05-08T17:01:54.371+0000] {subprocess.py:93} INFO - Stacktrace:
[2026-05-08T17:01:54.372+0000] {subprocess.py:93} INFO - #0 0x5b49a37834e3 <unknown>
[2026-05-08T17:01:54.373+0000] {subprocess.py:93} INFO - #1 0x5b49a34b2c76 <unknown>
[2026-05-08T17:01:54.373+0000] {subprocess.py:93} INFO - #2 0x5b49a34dbd78 <unknown>
[2026-05-08T17:01:54.374+0000] {subprocess.py:93} INFO - #3 0x5b49a34d8029 <unknown>
[2026-05-08T17:01:54.375+0000] {subprocess.py:93} INFO - #4 0x5b49a3516ccc <unknown>
[2026-05-08T17:01:54.375+0000] {subprocess.py:93} INFO - #5 0x5b49a351647f <unknown>
[2026-05-08T17:01:54.376+0000] {subprocess.py:93} INFO - #6 0x5b49a350dde3 <unknown>
[2026-05-08T17:01:54.376+0000] {subprocess.py:93} INFO - #7 0x5b49a34e32dd <unknown>
[2026-05-08T17:01:54.377+0000] {subprocess.py:93} INFO - #8 0x5b49a34e434e <unknown>
[2026-05-08T17:01:54.378+0000] {subprocess.py:93} INFO - #9 0x5b49a37433e4 <unknown>
[2026-05-08T17:01:54.379+0000] {subprocess.py:93} INFO - #10 0x5b49a37473d7 <unknown>
[2026-05-08T17:01:54.379+0000] {subprocess.py:93} INFO - #11 0x5b49a3751b20 <unknown>
[2026-05-08T17:01:54.380+0000] {subprocess.py:93} INFO - #12 0x5b49a3748023 <unknown>
[2026-05-08T17:01:54.381+0000] {subprocess.py:93} INFO - #13 0x5b49a37161aa <unknown>
[2026-05-08T17:01:54.382+0000] {subprocess.py:93} INFO - #14 0x5b49a376c6b8 <unknown>
[2026-05-08T17:01:54.383+0000] {subprocess.py:93} INFO - #15 0x5b49a376c847 <unknown>
[2026-05-08T17:01:54.388+0000] {subprocess.py:93} INFO - #16 0x5b49a377c243 <unknown>
[2026-05-08T17:01:54.389+0000] {subprocess.py:93} INFO - #17 0x7cabac306134 <unknown>
[2026-05-08T17:01:54.390+0000] {subprocess.py:93} INFO - 
[2026-05-08T17:01:54.405+0000] {subprocess.py:93} INFO - Amazon done with warnings
[2026-05-08T17:01:54.407+0000] {subprocess.py:97} INFO - Command exited with return code 0
[2026-05-08T17:01:54.467+0000] {taskinstance.py:1138} INFO - Marking task as SUCCESS. dag_id=price_intelligence_pipeline, task_id=scrape_amazon, execution_date=20260508T165218, start_date=20260508T170141, end_date=20260508T170154
[2026-05-08T17:01:54.538+0000] {local_task_job_runner.py:234} INFO - Task exited with return code 0
[2026-05-08T17:01:54.623+0000] {taskinstance.py:3280} INFO - 0 downstream tasks scheduled from follow-on schedule check
