[2026-05-05T21:46:51.521+0000] {taskinstance.py:1956} INFO - Dependencies all met for dep_context=non-requeueable deps ti=<TaskInstance: price_intelligence_pipeline.scrape_avito manual__2026-05-05T21:21:16+00:00 [queued]>
[2026-05-05T21:46:51.553+0000] {taskinstance.py:1956} INFO - Dependencies all met for dep_context=requeueable deps ti=<TaskInstance: price_intelligence_pipeline.scrape_avito manual__2026-05-05T21:21:16+00:00 [queued]>
[2026-05-05T21:46:51.556+0000] {taskinstance.py:2170} INFO - Starting attempt 1 of 2
[2026-05-05T21:46:51.622+0000] {taskinstance.py:2191} INFO - Executing <Task(BashOperator): scrape_avito> on 2026-05-05 21:21:16+00:00
[2026-05-05T21:46:51.642+0000] {standard_task_runner.py:60} INFO - Started process 7085 to run task
[2026-05-05T21:46:51.657+0000] {standard_task_runner.py:87} INFO - Running: ['***', 'tasks', 'run', 'price_intelligence_pipeline', 'scrape_avito', 'manual__2026-05-05T21:21:16+00:00', '--job-id', '400', '--raw', '--subdir', 'DAGS_FOLDER/price_intelligence_dag.py', '--cfg-path', '/tmp/tmpf4tdsoqo']
[2026-05-05T21:46:51.667+0000] {standard_task_runner.py:88} INFO - Job 400: Subtask scrape_avito
[2026-05-05T21:46:51.903+0000] {task_command.py:423} INFO - Running <TaskInstance: price_intelligence_pipeline.scrape_avito manual__2026-05-05T21:21:16+00:00 [running]> on host 25ef6dfa8bdc
[2026-05-05T21:46:52.144+0000] {taskinstance.py:2480} INFO - Exporting env vars: AIRFLOW_CTX_DAG_OWNER='***' AIRFLOW_CTX_DAG_ID='price_intelligence_pipeline' AIRFLOW_CTX_TASK_ID='scrape_avito' AIRFLOW_CTX_EXECUTION_DATE='2026-05-05T21:21:16+00:00' AIRFLOW_CTX_TRY_NUMBER='1' AIRFLOW_CTX_DAG_RUN_ID='manual__2026-05-05T21:21:16+00:00'
[2026-05-05T21:46:52.147+0000] {subprocess.py:63} INFO - Tmp dir root location: /tmp
[2026-05-05T21:46:52.149+0000] {subprocess.py:75} INFO - Running command: ['/usr/bin/bash', '-c', '\n            cd /opt/***\n            mkdir -p data/raw\n            export DISPLAY=:99\n            python3 scrapers/spiders/avito_ma.py || echo "Avito done with warnings"\n        ']
[2026-05-05T21:46:52.175+0000] {subprocess.py:86} INFO - Output:
[2026-05-05T21:46:57.405+0000] {subprocess.py:93} INFO - Traceback (most recent call last):
[2026-05-05T21:46:57.415+0000] {subprocess.py:93} INFO -   File "/home/***/.local/lib/python3.8/site-packages/urllib3/connection.py", line 174, in _new_conn
[2026-05-05T21:46:57.417+0000] {subprocess.py:93} INFO -     conn = connection.create_connection(
[2026-05-05T21:46:57.419+0000] {subprocess.py:93} INFO -   File "/home/***/.local/lib/python3.8/site-packages/urllib3/util/connection.py", line 72, in create_connection
[2026-05-05T21:46:57.420+0000] {subprocess.py:93} INFO -     for res in socket.getaddrinfo(host, port, family, socket.SOCK_STREAM):
[2026-05-05T21:46:57.421+0000] {subprocess.py:93} INFO -   File "/usr/local/lib/python3.8/socket.py", line 918, in getaddrinfo
[2026-05-05T21:46:57.423+0000] {subprocess.py:93} INFO -     for res in _socket.getaddrinfo(host, port, family, type, proto, flags):
[2026-05-05T21:46:57.424+0000] {subprocess.py:93} INFO - socket.gaierror: [Errno -5] No address associated with hostname
[2026-05-05T21:46:57.426+0000] {subprocess.py:93} INFO - 
[2026-05-05T21:46:57.427+0000] {subprocess.py:93} INFO - During handling of the above exception, another exception occurred:
[2026-05-05T21:46:57.429+0000] {subprocess.py:93} INFO - 
[2026-05-05T21:46:57.431+0000] {subprocess.py:93} INFO - Traceback (most recent call last):
[2026-05-05T21:46:57.436+0000] {subprocess.py:93} INFO -   File "/home/***/.local/lib/python3.8/site-packages/urllib3/connectionpool.py", line 715, in urlopen
[2026-05-05T21:46:57.437+0000] {subprocess.py:93} INFO -     httplib_response = self._make_request(
[2026-05-05T21:46:57.439+0000] {subprocess.py:93} INFO -   File "/home/***/.local/lib/python3.8/site-packages/urllib3/connectionpool.py", line 404, in _make_request
[2026-05-05T21:46:57.441+0000] {subprocess.py:93} INFO -     self._validate_conn(conn)
[2026-05-05T21:46:57.446+0000] {subprocess.py:93} INFO -   File "/home/***/.local/lib/python3.8/site-packages/urllib3/connectionpool.py", line 1058, in _validate_conn
[2026-05-05T21:46:57.448+0000] {subprocess.py:93} INFO -     conn.connect()
[2026-05-05T21:46:57.450+0000] {subprocess.py:93} INFO -   File "/home/***/.local/lib/python3.8/site-packages/urllib3/connection.py", line 363, in connect
[2026-05-05T21:46:57.452+0000] {subprocess.py:93} INFO -     self.sock = conn = self._new_conn()
[2026-05-05T21:46:57.453+0000] {subprocess.py:93} INFO -   File "/home/***/.local/lib/python3.8/site-packages/urllib3/connection.py", line 186, in _new_conn
[2026-05-05T21:46:57.456+0000] {subprocess.py:93} INFO -     raise NewConnectionError(
[2026-05-05T21:46:57.458+0000] {subprocess.py:93} INFO - urllib3.exceptions.NewConnectionError: <urllib3.connection.HTTPSConnection object at 0x7daa103adfa0>: Failed to establish a new connection: [Errno -5] No address associated with hostname
[2026-05-05T21:46:57.460+0000] {subprocess.py:93} INFO - 
[2026-05-05T21:46:57.461+0000] {subprocess.py:93} INFO - During handling of the above exception, another exception occurred:
[2026-05-05T21:46:57.463+0000] {subprocess.py:93} INFO - 
[2026-05-05T21:46:57.464+0000] {subprocess.py:93} INFO - Traceback (most recent call last):
[2026-05-05T21:46:57.465+0000] {subprocess.py:93} INFO -   File "/home/***/.local/lib/python3.8/site-packages/requests/adapters.py", line 486, in send
[2026-05-05T21:46:57.466+0000] {subprocess.py:93} INFO -     resp = conn.urlopen(
[2026-05-05T21:46:57.468+0000] {subprocess.py:93} INFO -   File "/home/***/.local/lib/python3.8/site-packages/urllib3/connectionpool.py", line 799, in urlopen
[2026-05-05T21:46:57.470+0000] {subprocess.py:93} INFO -     retries = retries.increment(
[2026-05-05T21:46:57.473+0000] {subprocess.py:93} INFO -   File "/home/***/.local/lib/python3.8/site-packages/urllib3/util/retry.py", line 592, in increment
[2026-05-05T21:46:57.476+0000] {subprocess.py:93} INFO -     raise MaxRetryError(_pool, url, error or ResponseError(cause))
[2026-05-05T21:46:57.477+0000] {subprocess.py:93} INFO - urllib3.exceptions.MaxRetryError: HTTPSConnectionPool(host='chromedriver.storage.googleapis.com', port=443): Max retries exceeded with url: /LATEST_RELEASE (Caused by NewConnectionError('<urllib3.connection.HTTPSConnection object at 0x7daa103adfa0>: Failed to establish a new connection: [Errno -5] No address associated with hostname'))
[2026-05-05T21:46:57.479+0000] {subprocess.py:93} INFO - 
[2026-05-05T21:46:57.481+0000] {subprocess.py:93} INFO - During handling of the above exception, another exception occurred:
[2026-05-05T21:46:57.487+0000] {subprocess.py:93} INFO - 
[2026-05-05T21:46:57.488+0000] {subprocess.py:93} INFO - Traceback (most recent call last):
[2026-05-05T21:46:57.489+0000] {subprocess.py:93} INFO -   File "/home/***/.local/lib/python3.8/site-packages/webdriver_manager/core/http.py", line 32, in get
[2026-05-05T21:46:57.491+0000] {subprocess.py:93} INFO -     resp = requests.get(
[2026-05-05T21:46:57.492+0000] {subprocess.py:93} INFO -   File "/home/***/.local/lib/python3.8/site-packages/requests/api.py", line 73, in get
[2026-05-05T21:46:57.493+0000] {subprocess.py:93} INFO -     return request("get", url, params=params, **kwargs)
[2026-05-05T21:46:57.495+0000] {subprocess.py:93} INFO -   File "/home/***/.local/lib/python3.8/site-packages/requests/api.py", line 59, in request
[2026-05-05T21:46:57.498+0000] {subprocess.py:93} INFO -     return session.request(method=method, url=url, **kwargs)
[2026-05-05T21:46:57.500+0000] {subprocess.py:93} INFO -   File "/home/***/.local/lib/python3.8/site-packages/requests/sessions.py", line 589, in request
[2026-05-05T21:46:57.506+0000] {subprocess.py:93} INFO -     resp = self.send(prep, **send_kwargs)
[2026-05-05T21:46:57.507+0000] {subprocess.py:93} INFO -   File "/home/***/.local/lib/python3.8/site-packages/requests/sessions.py", line 703, in send
[2026-05-05T21:46:57.509+0000] {subprocess.py:93} INFO -     r = adapter.send(request, **kwargs)
[2026-05-05T21:46:57.514+0000] {subprocess.py:93} INFO -   File "/home/***/.local/lib/python3.8/site-packages/requests/adapters.py", line 519, in send
[2026-05-05T21:46:57.524+0000] {subprocess.py:93} INFO -     raise ConnectionError(e, request=request)
[2026-05-05T21:46:57.538+0000] {subprocess.py:93} INFO - requests.exceptions.ConnectionError: HTTPSConnectionPool(host='chromedriver.storage.googleapis.com', port=443): Max retries exceeded with url: /LATEST_RELEASE (Caused by NewConnectionError('<urllib3.connection.HTTPSConnection object at 0x7daa103adfa0>: Failed to establish a new connection: [Errno -5] No address associated with hostname'))
[2026-05-05T21:46:57.540+0000] {subprocess.py:93} INFO - 
[2026-05-05T21:46:57.541+0000] {subprocess.py:93} INFO - During handling of the above exception, another exception occurred:
[2026-05-05T21:46:57.543+0000] {subprocess.py:93} INFO - 
[2026-05-05T21:46:57.544+0000] {subprocess.py:93} INFO - Traceback (most recent call last):
[2026-05-05T21:46:57.547+0000] {subprocess.py:93} INFO -   File "scrapers/spiders/avito_ma.py", line 93, in <module>
[2026-05-05T21:46:57.553+0000] {subprocess.py:93} INFO -     scrape_avito()
[2026-05-05T21:46:57.555+0000] {subprocess.py:93} INFO -   File "scrapers/spiders/avito_ma.py", line 25, in scrape_avito
[2026-05-05T21:46:57.556+0000] {subprocess.py:93} INFO -     driver = webdriver.Chrome(service=Service(ChromeDriverManager().install()), options=options)
[2026-05-05T21:46:57.557+0000] {subprocess.py:93} INFO -   File "/home/***/.local/lib/python3.8/site-packages/webdriver_manager/chrome.py", line 40, in install
[2026-05-05T21:46:57.558+0000] {subprocess.py:93} INFO -     driver_path = self._get_driver_binary_path(self.driver)
[2026-05-05T21:46:57.559+0000] {subprocess.py:93} INFO -   File "/home/***/.local/lib/python3.8/site-packages/webdriver_manager/core/manager.py", line 40, in _get_driver_binary_path
[2026-05-05T21:46:57.560+0000] {subprocess.py:93} INFO -     file = self._download_manager.download_file(driver.get_driver_download_url(os_type))
[2026-05-05T21:46:57.562+0000] {subprocess.py:93} INFO -   File "/home/***/.local/lib/python3.8/site-packages/webdriver_manager/drivers/chrome.py", line 32, in get_driver_download_url
[2026-05-05T21:46:57.563+0000] {subprocess.py:93} INFO -     driver_version_to_download = self.get_driver_version_to_download()
[2026-05-05T21:46:57.566+0000] {subprocess.py:93} INFO -   File "/home/***/.local/lib/python3.8/site-packages/webdriver_manager/core/driver.py", line 48, in get_driver_version_to_download
[2026-05-05T21:46:57.568+0000] {subprocess.py:93} INFO -     return self.get_latest_release_version()
[2026-05-05T21:46:57.569+0000] {subprocess.py:93} INFO -   File "/home/***/.local/lib/python3.8/site-packages/webdriver_manager/drivers/chrome.py", line 70, in get_latest_release_version
[2026-05-05T21:46:57.570+0000] {subprocess.py:93} INFO -     resp = self._http_client.get(url=latest_release_url)
[2026-05-05T21:46:57.571+0000] {subprocess.py:93} INFO -   File "/home/***/.local/lib/python3.8/site-packages/webdriver_manager/core/http.py", line 35, in get
[2026-05-05T21:46:57.572+0000] {subprocess.py:93} INFO -     raise exceptions.ConnectionError(f"Could not reach host. Are you offline?")
[2026-05-05T21:46:57.573+0000] {subprocess.py:93} INFO - requests.exceptions.ConnectionError: Could not reach host. Are you offline?
[2026-05-05T21:46:57.579+0000] {subprocess.py:93} INFO - Avito done with warnings
[2026-05-05T21:46:57.581+0000] {subprocess.py:97} INFO - Command exited with return code 0
[2026-05-05T21:46:57.676+0000] {taskinstance.py:1138} INFO - Marking task as SUCCESS. dag_id=price_intelligence_pipeline, task_id=scrape_avito, execution_date=20260505T212116, start_date=20260505T214651, end_date=20260505T214657
[2026-05-05T21:46:57.777+0000] {local_task_job_runner.py:234} INFO - Task exited with return code 0
[2026-05-05T21:46:57.885+0000] {taskinstance.py:3280} INFO - 0 downstream tasks scheduled from follow-on schedule check
