[2026-05-21T15:02:21.039+0000] {taskinstance.py:1956} INFO - Dependencies all met for dep_context=non-requeueable deps ti=<TaskInstance: price_intelligence_pipeline.dbt_run scheduled__2026-05-21T14:00:00+00:00 [queued]>
[2026-05-21T15:02:21.061+0000] {taskinstance.py:1956} INFO - Dependencies all met for dep_context=requeueable deps ti=<TaskInstance: price_intelligence_pipeline.dbt_run scheduled__2026-05-21T14:00:00+00:00 [queued]>
[2026-05-21T15:02:21.063+0000] {taskinstance.py:2170} INFO - Starting attempt 1 of 2
[2026-05-21T15:02:21.096+0000] {taskinstance.py:2191} INFO - Executing <Task(BashOperator): dbt_run> on 2026-05-21 14:00:00+00:00
[2026-05-21T15:02:21.110+0000] {standard_task_runner.py:60} INFO - Started process 71611 to run task
[2026-05-21T15:02:21.117+0000] {standard_task_runner.py:87} INFO - Running: ['***', 'tasks', 'run', 'price_intelligence_pipeline', 'dbt_run', 'scheduled__2026-05-21T14:00:00+00:00', '--job-id', '1643', '--raw', '--subdir', 'DAGS_FOLDER/price_intelligence_dag.py', '--cfg-path', '/tmp/tmpq1wm1x8f']
[2026-05-21T15:02:21.122+0000] {standard_task_runner.py:88} INFO - Job 1643: Subtask dbt_run
[2026-05-21T15:02:21.283+0000] {task_command.py:423} INFO - Running <TaskInstance: price_intelligence_pipeline.dbt_run scheduled__2026-05-21T14:00:00+00:00 [running]> on host 91e0d3a0a233
[2026-05-21T15:02:21.496+0000] {taskinstance.py:2480} INFO - Exporting env vars: AIRFLOW_CTX_DAG_OWNER='***' AIRFLOW_CTX_DAG_ID='price_intelligence_pipeline' AIRFLOW_CTX_TASK_ID='dbt_run' AIRFLOW_CTX_EXECUTION_DATE='2026-05-21T14:00:00+00:00' AIRFLOW_CTX_TRY_NUMBER='1' AIRFLOW_CTX_DAG_RUN_ID='scheduled__2026-05-21T14:00:00+00:00'
[2026-05-21T15:02:21.499+0000] {subprocess.py:63} INFO - Tmp dir root location: /tmp
[2026-05-21T15:02:21.501+0000] {subprocess.py:75} INFO - Running command: ['/usr/bin/bash', '-c', '\n            set -e\n            cd /opt/***/dbt\n            export GOOGLE_APPLICATION_CREDENTIALS=/opt/***/gcp-credentials-new.json\n            /home/***/.local/bin/dbt run --full-refresh --profiles-dir . --project-dir .\n            echo dbt done\n        ']
[2026-05-21T15:02:21.522+0000] {subprocess.py:86} INFO - Output:
[2026-05-21T15:02:25.807+0000] {subprocess.py:93} INFO - [0m15:02:25  Running with dbt=1.8.7
[2026-05-21T15:02:29.042+0000] {subprocess.py:93} INFO - [0m15:02:29  Registered adapter: bigquery=1.8.3
[2026-05-21T15:02:31.261+0000] {subprocess.py:93} INFO - [0m15:02:31  Found 3 models, 1 seed, 7 data tests, 1 source, 479 macros
[2026-05-21T15:02:31.266+0000] {subprocess.py:93} INFO - [0m15:02:31
[2026-05-21T15:02:33.310+0000] {subprocess.py:93} INFO - [0m15:02:33  Concurrency: 4 threads (target='dev')
[2026-05-21T15:02:33.311+0000] {subprocess.py:93} INFO - [0m15:02:33
[2026-05-21T15:02:33.334+0000] {subprocess.py:93} INFO - [0m15:02:33  1 of 3 START sql view model price_intelligence_dbt.stg_prices .................. [RUN]
[2026-05-21T15:02:35.871+0000] {subprocess.py:93} INFO - [0m15:02:35  1 of 3 OK created sql view model price_intelligence_dbt.stg_prices ............. [[32mCREATE VIEW (0 processed)[0m in 2.53s]
[2026-05-21T15:02:35.884+0000] {subprocess.py:93} INFO - [0m15:02:35  2 of 3 START sql table model price_intelligence_dbt.prices_cleaned ............. [RUN]
[2026-05-21T15:02:40.877+0000] {subprocess.py:93} INFO - [0m15:02:40  2 of 3 OK created sql table model price_intelligence_dbt.prices_cleaned ........ [[32mCREATE TABLE (5.0k rows, 2.6 MiB processed)[0m in 4.99s]
[2026-05-21T15:02:40.881+0000] {subprocess.py:93} INFO - [0m15:02:40  3 of 3 START sql table model price_intelligence_dbt.prices_aggregated .......... [RUN]
[2026-05-21T15:02:44.686+0000] {subprocess.py:93} INFO - [0m15:02:44  3 of 3 OK created sql table model price_intelligence_dbt.prices_aggregated ..... [[32mCREATE TABLE (11.0 rows, 231.8 KiB processed)[0m in 3.80s]
[2026-05-21T15:02:44.701+0000] {subprocess.py:93} INFO - [0m15:02:44
[2026-05-21T15:02:44.702+0000] {subprocess.py:93} INFO - [0m15:02:44  Finished running 1 view model, 2 table models in 0 hours 0 minutes and 13.43 seconds (13.43s).
[2026-05-21T15:02:44.951+0000] {subprocess.py:93} INFO - [0m15:02:44
[2026-05-21T15:02:44.954+0000] {subprocess.py:93} INFO - [0m15:02:44  [32mCompleted successfully[0m
[2026-05-21T15:02:44.955+0000] {subprocess.py:93} INFO - [0m15:02:44
[2026-05-21T15:02:44.958+0000] {subprocess.py:93} INFO - [0m15:02:44  Done. PASS=3 WARN=0 ERROR=0 SKIP=0 TOTAL=3
[2026-05-21T15:02:49.821+0000] {subprocess.py:93} INFO - dbt done
[2026-05-21T15:02:49.844+0000] {subprocess.py:97} INFO - Command exited with return code 0
[2026-05-21T15:02:49.934+0000] {taskinstance.py:1138} INFO - Marking task as SUCCESS. dag_id=price_intelligence_pipeline, task_id=dbt_run, execution_date=20260521T140000, start_date=20260521T150221, end_date=20260521T150249
[2026-05-21T15:02:49.997+0000] {local_task_job_runner.py:234} INFO - Task exited with return code 0
[2026-05-21T15:02:50.076+0000] {taskinstance.py:3280} INFO - 1 downstream tasks scheduled from follow-on schedule check
