[2026-05-07T22:45:33.439+0000] {taskinstance.py:1956} INFO - Dependencies all met for dep_context=non-requeueable deps ti=<TaskInstance: price_intelligence_pipeline.dbt_run manual__2026-05-07T22:42:03.666246+00:00 [queued]>
[2026-05-07T22:45:33.465+0000] {taskinstance.py:1956} INFO - Dependencies all met for dep_context=requeueable deps ti=<TaskInstance: price_intelligence_pipeline.dbt_run manual__2026-05-07T22:42:03.666246+00:00 [queued]>
[2026-05-07T22:45:33.470+0000] {taskinstance.py:2170} INFO - Starting attempt 2 of 2
[2026-05-07T22:45:33.522+0000] {taskinstance.py:2191} INFO - Executing <Task(BashOperator): dbt_run> on 2026-05-07 22:42:03.666246+00:00
[2026-05-07T22:45:33.537+0000] {standard_task_runner.py:60} INFO - Started process 3015 to run task
[2026-05-07T22:45:33.548+0000] {standard_task_runner.py:87} INFO - Running: ['***', 'tasks', 'run', 'price_intelligence_pipeline', 'dbt_run', 'manual__2026-05-07T22:42:03.666246+00:00', '--job-id', '743', '--raw', '--subdir', 'DAGS_FOLDER/price_intelligence_dag.py', '--cfg-path', '/tmp/tmpnkwmog_r']
[2026-05-07T22:45:33.554+0000] {standard_task_runner.py:88} INFO - Job 743: Subtask dbt_run
[2026-05-07T22:45:33.715+0000] {task_command.py:423} INFO - Running <TaskInstance: price_intelligence_pipeline.dbt_run manual__2026-05-07T22:42:03.666246+00:00 [running]> on host 25ef6dfa8bdc
[2026-05-07T22:45:33.924+0000] {taskinstance.py:2480} INFO - Exporting env vars: AIRFLOW_CTX_DAG_OWNER='***' AIRFLOW_CTX_DAG_ID='price_intelligence_pipeline' AIRFLOW_CTX_TASK_ID='dbt_run' AIRFLOW_CTX_EXECUTION_DATE='2026-05-07T22:42:03.666246+00:00' AIRFLOW_CTX_TRY_NUMBER='2' AIRFLOW_CTX_DAG_RUN_ID='manual__2026-05-07T22:42:03.666246+00:00'
[2026-05-07T22:45:33.930+0000] {subprocess.py:63} INFO - Tmp dir root location: /tmp
[2026-05-07T22:45:33.934+0000] {subprocess.py:75} INFO - Running command: ['/usr/bin/bash', '-c', '\n            set -e\n            cd /opt/***/dbt\n            export GOOGLE_APPLICATION_CREDENTIALS=/opt/***/gcp-credentials-new.json\n            /home/***/.local/bin/dbt run --full-refresh --profiles-dir . --project-dir .\n            echo dbt done\n        ']
[2026-05-07T22:45:33.957+0000] {subprocess.py:86} INFO - Output:
[2026-05-07T22:45:39.080+0000] {subprocess.py:93} INFO - [0m22:45:39  Running with dbt=1.8.7
[2026-05-07T22:45:42.104+0000] {subprocess.py:93} INFO - [0m22:45:42  Registered adapter: bigquery=1.8.3
[2026-05-07T22:45:43.550+0000] {subprocess.py:93} INFO - [0m22:45:43  Found 3 models, 1 seed, 7 data tests, 1 source, 479 macros
[2026-05-07T22:45:43.557+0000] {subprocess.py:93} INFO - [0m22:45:43
[2026-05-07T22:45:47.393+0000] {subprocess.py:93} INFO - [0m22:45:47  Concurrency: 4 threads (target='dev')
[2026-05-07T22:45:47.395+0000] {subprocess.py:93} INFO - [0m22:45:47
[2026-05-07T22:45:47.417+0000] {subprocess.py:93} INFO - [0m22:45:47  1 of 3 START sql view model price_intelligence_dbt.stg_prices .................. [RUN]
[2026-05-07T22:45:53.952+0000] {subprocess.py:93} INFO - [0m22:45:53  BigQuery adapter: https://console.cloud.google.com/bigquery?project=project-32a82952-90fa-4dd7-b9c&j=bq:US:6571e6ac-0a08-4678-8d65-58be509e59d7&page=queryresults
[2026-05-07T22:45:53.972+0000] {subprocess.py:93} INFO - [0m22:45:53  1 of 3 ERROR creating sql view model price_intelligence_dbt.stg_prices ......... [[31mERROR[0m in 6.55s]
[2026-05-07T22:45:53.980+0000] {subprocess.py:93} INFO - [0m22:45:53  2 of 3 SKIP relation price_intelligence_dbt.prices_cleaned ..................... [[33mSKIP[0m]
[2026-05-07T22:45:53.990+0000] {subprocess.py:93} INFO - [0m22:45:53  3 of 3 SKIP relation price_intelligence_dbt.prices_aggregated .................. [[33mSKIP[0m]
[2026-05-07T22:45:54.006+0000] {subprocess.py:93} INFO - [0m22:45:54
[2026-05-07T22:45:54.007+0000] {subprocess.py:93} INFO - [0m22:45:54  Finished running 1 view model, 2 table models in 0 hours 0 minutes and 10.44 seconds (10.44s).
[2026-05-07T22:45:54.146+0000] {subprocess.py:93} INFO - [0m22:45:54
[2026-05-07T22:45:54.148+0000] {subprocess.py:93} INFO - [0m22:45:54  [31mCompleted with 1 error and 0 warnings:[0m
[2026-05-07T22:45:54.152+0000] {subprocess.py:93} INFO - [0m22:45:54
[2026-05-07T22:45:54.154+0000] {subprocess.py:93} INFO - [0m22:45:54    Database Error in model stg_prices (models/staging/stg_prices.sql)
[2026-05-07T22:45:54.155+0000] {subprocess.py:93} INFO -   Unrecognized name: old_price at [11:10]
[2026-05-07T22:45:54.162+0000] {subprocess.py:93} INFO -   compiled code at target/run/price_intelligence/models/staging/stg_prices.sql
[2026-05-07T22:45:54.164+0000] {subprocess.py:93} INFO - [0m22:45:54
[2026-05-07T22:45:54.165+0000] {subprocess.py:93} INFO - [0m22:45:54  Done. PASS=0 WARN=0 ERROR=1 SKIP=2 TOTAL=3
[2026-05-07T22:45:59.377+0000] {subprocess.py:97} INFO - Command exited with return code 1
[2026-05-07T22:45:59.408+0000] {taskinstance.py:2698} ERROR - Task failed with exception
Traceback (most recent call last):
  File "/home/airflow/.local/lib/python3.8/site-packages/airflow/models/taskinstance.py", line 428, in _execute_task
    result = execute_callable(context=context, **execute_callable_kwargs)
  File "/home/airflow/.local/lib/python3.8/site-packages/airflow/operators/bash.py", line 212, in execute
    raise AirflowException(
airflow.exceptions.AirflowException: Bash command failed. The command returned a non-zero exit code 1.
[2026-05-07T22:45:59.415+0000] {taskinstance.py:1138} INFO - Marking task as FAILED. dag_id=price_intelligence_pipeline, task_id=dbt_run, execution_date=20260507T224203, start_date=20260507T224533, end_date=20260507T224559
[2026-05-07T22:45:59.441+0000] {standard_task_runner.py:107} ERROR - Failed to execute job 743 for task dbt_run (Bash command failed. The command returned a non-zero exit code 1.; 3015)
[2026-05-07T22:45:59.483+0000] {local_task_job_runner.py:234} INFO - Task exited with return code 1
[2026-05-07T22:45:59.533+0000] {taskinstance.py:3280} INFO - 0 downstream tasks scheduled from follow-on schedule check
