[2026-05-07T22:43:11.191+0000] {taskinstance.py:1956} INFO - Dependencies all met for dep_context=non-requeueable deps ti=<TaskInstance: price_intelligence_pipeline.dbt_run manual__2026-05-07T22:42:03.666246+00:00 [queued]>
[2026-05-07T22:43:11.211+0000] {taskinstance.py:1956} INFO - Dependencies all met for dep_context=requeueable deps ti=<TaskInstance: price_intelligence_pipeline.dbt_run manual__2026-05-07T22:42:03.666246+00:00 [queued]>
[2026-05-07T22:43:11.212+0000] {taskinstance.py:2170} INFO - Starting attempt 1 of 2
[2026-05-07T22:43:11.238+0000] {taskinstance.py:2191} INFO - Executing <Task(BashOperator): dbt_run> on 2026-05-07 22:42:03.666246+00:00
[2026-05-07T22:43:11.247+0000] {standard_task_runner.py:60} INFO - Started process 2934 to run task
[2026-05-07T22:43:11.255+0000] {standard_task_runner.py:87} INFO - Running: ['***', 'tasks', 'run', 'price_intelligence_pipeline', 'dbt_run', 'manual__2026-05-07T22:42:03.666246+00:00', '--job-id', '742', '--raw', '--subdir', 'DAGS_FOLDER/price_intelligence_dag.py', '--cfg-path', '/tmp/tmpv7as5z_c']
[2026-05-07T22:43:11.261+0000] {standard_task_runner.py:88} INFO - Job 742: Subtask dbt_run
[2026-05-07T22:43:11.421+0000] {task_command.py:423} INFO - Running <TaskInstance: price_intelligence_pipeline.dbt_run manual__2026-05-07T22:42:03.666246+00:00 [running]> on host 25ef6dfa8bdc
[2026-05-07T22:43:11.647+0000] {taskinstance.py:2480} INFO - Exporting env vars: AIRFLOW_CTX_DAG_OWNER='***' AIRFLOW_CTX_DAG_ID='price_intelligence_pipeline' AIRFLOW_CTX_TASK_ID='dbt_run' AIRFLOW_CTX_EXECUTION_DATE='2026-05-07T22:42:03.666246+00:00' AIRFLOW_CTX_TRY_NUMBER='1' AIRFLOW_CTX_DAG_RUN_ID='manual__2026-05-07T22:42:03.666246+00:00'
[2026-05-07T22:43:11.650+0000] {subprocess.py:63} INFO - Tmp dir root location: /tmp
[2026-05-07T22:43:11.652+0000] {subprocess.py:75} INFO - Running command: ['/usr/bin/bash', '-c', '\n            set -e\n            cd /opt/***/dbt\n            export GOOGLE_APPLICATION_CREDENTIALS=/opt/***/gcp-credentials-new.json\n            /home/***/.local/bin/dbt run --full-refresh --profiles-dir . --project-dir .\n            echo dbt done\n        ']
[2026-05-07T22:43:11.671+0000] {subprocess.py:86} INFO - Output:
[2026-05-07T22:43:17.792+0000] {subprocess.py:93} INFO - [0m22:43:17  Running with dbt=1.8.7
[2026-05-07T22:43:20.788+0000] {subprocess.py:93} INFO - [0m22:43:20  Registered adapter: bigquery=1.8.3
[2026-05-07T22:43:22.430+0000] {subprocess.py:93} INFO - [0m22:43:22  Found 3 models, 1 seed, 7 data tests, 1 source, 479 macros
[2026-05-07T22:43:22.438+0000] {subprocess.py:93} INFO - [0m22:43:22
[2026-05-07T22:43:23.917+0000] {subprocess.py:93} INFO - [0m22:43:23  Concurrency: 4 threads (target='dev')
[2026-05-07T22:43:23.918+0000] {subprocess.py:93} INFO - [0m22:43:23
[2026-05-07T22:43:23.928+0000] {subprocess.py:93} INFO - [0m22:43:23  1 of 3 START sql view model price_intelligence_dbt.stg_prices .................. [RUN]
[2026-05-07T22:43:27.134+0000] {subprocess.py:93} INFO - [0m22:43:27  BigQuery adapter: https://console.cloud.google.com/bigquery?project=project-32a82952-90fa-4dd7-b9c&j=bq:US:45a25204-0f58-47a5-b85c-45f4493c4788&page=queryresults
[2026-05-07T22:43:27.155+0000] {subprocess.py:93} INFO - [0m22:43:27  1 of 3 ERROR creating sql view model price_intelligence_dbt.stg_prices ......... [[31mERROR[0m in 3.22s]
[2026-05-07T22:43:27.161+0000] {subprocess.py:93} INFO - [0m22:43:27  2 of 3 SKIP relation price_intelligence_dbt.prices_cleaned ..................... [[33mSKIP[0m]
[2026-05-07T22:43:27.166+0000] {subprocess.py:93} INFO - [0m22:43:27  3 of 3 SKIP relation price_intelligence_dbt.prices_aggregated .................. [[33mSKIP[0m]
[2026-05-07T22:43:27.173+0000] {subprocess.py:93} INFO - [0m22:43:27
[2026-05-07T22:43:27.174+0000] {subprocess.py:93} INFO - [0m22:43:27  Finished running 1 view model, 2 table models in 0 hours 0 minutes and 4.73 seconds (4.73s).
[2026-05-07T22:43:27.256+0000] {subprocess.py:93} INFO - [0m22:43:27
[2026-05-07T22:43:27.257+0000] {subprocess.py:93} INFO - [0m22:43:27  [31mCompleted with 1 error and 0 warnings:[0m
[2026-05-07T22:43:27.258+0000] {subprocess.py:93} INFO - [0m22:43:27
[2026-05-07T22:43:27.259+0000] {subprocess.py:93} INFO - [0m22:43:27    Database Error in model stg_prices (models/staging/stg_prices.sql)
[2026-05-07T22:43:27.260+0000] {subprocess.py:93} INFO -   Unrecognized name: old_price at [11:10]
[2026-05-07T22:43:27.260+0000] {subprocess.py:93} INFO -   compiled code at target/run/price_intelligence/models/staging/stg_prices.sql
[2026-05-07T22:43:27.261+0000] {subprocess.py:93} INFO - [0m22:43:27
[2026-05-07T22:43:27.262+0000] {subprocess.py:93} INFO - [0m22:43:27  Done. PASS=0 WARN=0 ERROR=1 SKIP=2 TOTAL=3
[2026-05-07T22:43:31.623+0000] {subprocess.py:97} INFO - Command exited with return code 1
[2026-05-07T22:43:31.641+0000] {taskinstance.py:2698} ERROR - Task failed with exception
Traceback (most recent call last):
  File "/home/airflow/.local/lib/python3.8/site-packages/airflow/models/taskinstance.py", line 428, in _execute_task
    result = execute_callable(context=context, **execute_callable_kwargs)
  File "/home/airflow/.local/lib/python3.8/site-packages/airflow/operators/bash.py", line 212, in execute
    raise AirflowException(
airflow.exceptions.AirflowException: Bash command failed. The command returned a non-zero exit code 1.
[2026-05-07T22:43:31.645+0000] {taskinstance.py:1138} INFO - Marking task as UP_FOR_RETRY. dag_id=price_intelligence_pipeline, task_id=dbt_run, execution_date=20260507T224203, start_date=20260507T224311, end_date=20260507T224331
[2026-05-07T22:43:31.661+0000] {standard_task_runner.py:107} ERROR - Failed to execute job 742 for task dbt_run (Bash command failed. The command returned a non-zero exit code 1.; 2934)
[2026-05-07T22:43:31.706+0000] {local_task_job_runner.py:234} INFO - Task exited with return code 1
[2026-05-07T22:43:31.738+0000] {taskinstance.py:3280} INFO - 0 downstream tasks scheduled from follow-on schedule check
