[2026-05-15T14:10:37.624+0000] {taskinstance.py:1956} INFO - Dependencies all met for dep_context=non-requeueable deps ti=<TaskInstance: price_intelligence_pipeline.dbt_run scheduled__2026-05-15T13:00:00+00:00 [queued]>
[2026-05-15T14:10:37.666+0000] {taskinstance.py:1956} INFO - Dependencies all met for dep_context=requeueable deps ti=<TaskInstance: price_intelligence_pipeline.dbt_run scheduled__2026-05-15T13:00:00+00:00 [queued]>
[2026-05-15T14:10:37.669+0000] {taskinstance.py:2170} INFO - Starting attempt 1 of 2
[2026-05-15T14:10:37.743+0000] {taskinstance.py:2191} INFO - Executing <Task(BashOperator): dbt_run> on 2026-05-15 13:00:00+00:00
[2026-05-15T14:10:37.772+0000] {standard_task_runner.py:60} INFO - Started process 28100 to run task
[2026-05-15T14:10:37.802+0000] {standard_task_runner.py:87} INFO - Running: ['***', 'tasks', 'run', 'price_intelligence_pipeline', 'dbt_run', 'scheduled__2026-05-15T13:00:00+00:00', '--job-id', '1209', '--raw', '--subdir', 'DAGS_FOLDER/price_intelligence_dag.py', '--cfg-path', '/tmp/tmpqniyq7l2']
[2026-05-15T14:10:37.827+0000] {standard_task_runner.py:88} INFO - Job 1209: Subtask dbt_run
[2026-05-15T14:10:38.140+0000] {task_command.py:423} INFO - Running <TaskInstance: price_intelligence_pipeline.dbt_run scheduled__2026-05-15T13:00:00+00:00 [running]> on host 91e0d3a0a233
[2026-05-15T14:10:38.388+0000] {taskinstance.py:2480} INFO - Exporting env vars: AIRFLOW_CTX_DAG_OWNER='***' AIRFLOW_CTX_DAG_ID='price_intelligence_pipeline' AIRFLOW_CTX_TASK_ID='dbt_run' AIRFLOW_CTX_EXECUTION_DATE='2026-05-15T13:00:00+00:00' AIRFLOW_CTX_TRY_NUMBER='1' AIRFLOW_CTX_DAG_RUN_ID='scheduled__2026-05-15T13:00:00+00:00'
[2026-05-15T14:10:38.391+0000] {subprocess.py:63} INFO - Tmp dir root location: /tmp
[2026-05-15T14:10:38.394+0000] {subprocess.py:75} INFO - Running command: ['/usr/bin/bash', '-c', '\n            set -e\n            cd /opt/***/dbt\n            export GOOGLE_APPLICATION_CREDENTIALS=/opt/***/gcp-credentials-new.json\n            /home/***/.local/bin/dbt run --full-refresh --profiles-dir . --project-dir .\n            echo dbt done\n        ']
[2026-05-15T14:10:38.416+0000] {subprocess.py:86} INFO - Output:
[2026-05-15T14:10:46.100+0000] {subprocess.py:93} INFO - [0m14:10:46  Running with dbt=1.8.7
[2026-05-15T14:10:49.682+0000] {subprocess.py:93} INFO - [0m14:10:49  Registered adapter: bigquery=1.8.3
[2026-05-15T14:10:52.430+0000] {subprocess.py:93} INFO - [0m14:10:52  Found 3 models, 1 seed, 7 data tests, 1 source, 479 macros
[2026-05-15T14:10:52.464+0000] {subprocess.py:93} INFO - [0m14:10:52
[2026-05-15T14:10:55.211+0000] {subprocess.py:93} INFO - [0m14:10:55  Concurrency: 4 threads (target='dev')
[2026-05-15T14:10:55.217+0000] {subprocess.py:93} INFO - [0m14:10:55
[2026-05-15T14:10:55.281+0000] {subprocess.py:93} INFO - [0m14:10:55  1 of 3 START sql view model price_intelligence_dbt.stg_prices .................. [RUN]
[2026-05-15T14:10:59.431+0000] {subprocess.py:93} INFO - [0m14:10:59  1 of 3 OK created sql view model price_intelligence_dbt.stg_prices ............. [[32mCREATE VIEW (0 processed)[0m in 4.13s]
[2026-05-15T14:10:59.456+0000] {subprocess.py:93} INFO - [0m14:10:59  2 of 3 START sql table model price_intelligence_dbt.prices_cleaned ............. [RUN]
[2026-05-15T14:11:05.081+0000] {subprocess.py:93} INFO - [0m14:11:05  2 of 3 OK created sql table model price_intelligence_dbt.prices_cleaned ........ [[32mCREATE TABLE (5.0k rows, 2.6 MiB processed)[0m in 5.62s]
[2026-05-15T14:11:05.096+0000] {subprocess.py:93} INFO - [0m14:11:05  3 of 3 START sql table model price_intelligence_dbt.prices_aggregated .......... [RUN]
[2026-05-15T14:11:10.065+0000] {subprocess.py:93} INFO - [0m14:11:10  3 of 3 OK created sql table model price_intelligence_dbt.prices_aggregated ..... [[32mCREATE TABLE (11.0 rows, 231.8 KiB processed)[0m in 4.96s]
[2026-05-15T14:11:10.086+0000] {subprocess.py:93} INFO - [0m14:11:10
[2026-05-15T14:11:10.089+0000] {subprocess.py:93} INFO - [0m14:11:10  Finished running 1 view model, 2 table models in 0 hours 0 minutes and 17.62 seconds (17.62s).
[2026-05-15T14:11:10.316+0000] {subprocess.py:93} INFO - [0m14:11:10
[2026-05-15T14:11:10.319+0000] {subprocess.py:93} INFO - [0m14:11:10  [32mCompleted successfully[0m
[2026-05-15T14:11:10.321+0000] {subprocess.py:93} INFO - [0m14:11:10
[2026-05-15T14:11:10.325+0000] {subprocess.py:93} INFO - [0m14:11:10  Done. PASS=3 WARN=0 ERROR=0 SKIP=0 TOTAL=3
[2026-05-15T14:11:15.452+0000] {subprocess.py:93} INFO - dbt done
[2026-05-15T14:11:15.477+0000] {subprocess.py:97} INFO - Command exited with return code 0
[2026-05-15T14:11:15.587+0000] {taskinstance.py:1138} INFO - Marking task as SUCCESS. dag_id=price_intelligence_pipeline, task_id=dbt_run, execution_date=20260515T130000, start_date=20260515T141037, end_date=20260515T141115
[2026-05-15T14:11:15.679+0000] {local_task_job_runner.py:234} INFO - Task exited with return code 0
[2026-05-15T14:11:15.762+0000] {taskinstance.py:3280} INFO - 1 downstream tasks scheduled from follow-on schedule check
