[2026-06-10T22:13:28.725+0000] {taskinstance.py:1956} INFO - Dependencies all met for dep_context=non-requeueable deps ti=<TaskInstance: price_intelligence_pipeline.dbt_run scheduled__2026-06-10T12:00:00+00:00 [queued]>
[2026-06-10T22:13:28.809+0000] {taskinstance.py:1956} INFO - Dependencies all met for dep_context=requeueable deps ti=<TaskInstance: price_intelligence_pipeline.dbt_run scheduled__2026-06-10T12:00:00+00:00 [queued]>
[2026-06-10T22:13:28.816+0000] {taskinstance.py:2170} INFO - Starting attempt 1 of 2
[2026-06-10T22:13:28.949+0000] {taskinstance.py:2191} INFO - Executing <Task(BashOperator): dbt_run> on 2026-06-10 12:00:00+00:00
[2026-06-10T22:13:28.980+0000] {standard_task_runner.py:60} INFO - Started process 6545 to run task
[2026-06-10T22:13:29.029+0000] {standard_task_runner.py:87} INFO - Running: ['***', 'tasks', 'run', 'price_intelligence_pipeline', 'dbt_run', 'scheduled__2026-06-10T12:00:00+00:00', '--job-id', '1966', '--raw', '--subdir', 'DAGS_FOLDER/price_intelligence_dag.py', '--cfg-path', '/tmp/tmp4onsn0wp']
[2026-06-10T22:13:29.050+0000] {standard_task_runner.py:88} INFO - Job 1966: Subtask dbt_run
[2026-06-10T22:13:29.476+0000] {task_command.py:423} INFO - Running <TaskInstance: price_intelligence_pipeline.dbt_run scheduled__2026-06-10T12:00:00+00:00 [running]> on host 91e0d3a0a233
[2026-06-10T22:13:30.029+0000] {taskinstance.py:2480} INFO - Exporting env vars: AIRFLOW_CTX_DAG_OWNER='***' AIRFLOW_CTX_DAG_ID='price_intelligence_pipeline' AIRFLOW_CTX_TASK_ID='dbt_run' AIRFLOW_CTX_EXECUTION_DATE='2026-06-10T12:00:00+00:00' AIRFLOW_CTX_TRY_NUMBER='1' AIRFLOW_CTX_DAG_RUN_ID='scheduled__2026-06-10T12:00:00+00:00'
[2026-06-10T22:13:30.071+0000] {subprocess.py:63} INFO - Tmp dir root location: /tmp
[2026-06-10T22:13:30.086+0000] {subprocess.py:75} INFO - Running command: ['/usr/bin/bash', '-c', '\n            set -e\n            cd /opt/***/dbt\n            export GOOGLE_APPLICATION_CREDENTIALS=/opt/***/gcp-credentials-new.json\n            /home/***/.local/bin/dbt run --full-refresh --profiles-dir . --project-dir .\n            echo dbt done\n        ']
[2026-06-10T22:13:30.140+0000] {subprocess.py:86} INFO - Output:
[2026-06-10T22:13:41.789+0000] {subprocess.py:93} INFO - [0m22:13:41  Running with dbt=1.8.7
[2026-06-10T22:13:47.010+0000] {subprocess.py:93} INFO - [0m22:13:47  Registered adapter: bigquery=1.8.3
[2026-06-10T22:13:58.738+0000] {subprocess.py:93} INFO - [0m22:13:58  Found 3 models, 1 seed, 7 data tests, 1 source, 479 macros
[2026-06-10T22:13:58.759+0000] {subprocess.py:93} INFO - [0m22:13:58
[2026-06-10T22:14:02.596+0000] {subprocess.py:93} INFO - [0m22:14:02  Concurrency: 4 threads (target='dev')
[2026-06-10T22:14:02.599+0000] {subprocess.py:93} INFO - [0m22:14:02
[2026-06-10T22:14:02.784+0000] {subprocess.py:93} INFO - [0m22:14:02  1 of 3 START sql view model price_intelligence_dbt.stg_prices .................. [RUN]
[2026-06-10T22:14:06.588+0000] {subprocess.py:93} INFO - [0m22:14:06  1 of 3 OK created sql view model price_intelligence_dbt.stg_prices ............. [[32mCREATE VIEW (0 processed)[0m in 3.75s]
[2026-06-10T22:14:06.663+0000] {subprocess.py:93} INFO - [0m22:14:06  2 of 3 START sql table model price_intelligence_dbt.prices_cleaned ............. [RUN]
[2026-06-10T22:14:12.209+0000] {subprocess.py:93} INFO - [0m22:14:12  2 of 3 OK created sql table model price_intelligence_dbt.prices_cleaned ........ [[32mCREATE TABLE (10.5k rows, 4.2 MiB processed)[0m in 5.54s]
[2026-06-10T22:14:12.223+0000] {subprocess.py:93} INFO - [0m22:14:12  3 of 3 START sql table model price_intelligence_dbt.prices_aggregated .......... [RUN]
[2026-06-10T22:14:16.236+0000] {subprocess.py:93} INFO - [0m22:14:16  3 of 3 OK created sql table model price_intelligence_dbt.prices_aggregated ..... [[32mCREATE TABLE (10.0 rows, 475.3 KiB processed)[0m in 4.00s]
[2026-06-10T22:14:16.260+0000] {subprocess.py:93} INFO - [0m22:14:16
[2026-06-10T22:14:16.268+0000] {subprocess.py:93} INFO - [0m22:14:16  Finished running 1 view model, 2 table models in 0 hours 0 minutes and 17.50 seconds (17.50s).
[2026-06-10T22:14:16.598+0000] {subprocess.py:93} INFO - [0m22:14:16
[2026-06-10T22:14:16.605+0000] {subprocess.py:93} INFO - [0m22:14:16  [32mCompleted successfully[0m
[2026-06-10T22:14:16.609+0000] {subprocess.py:93} INFO - [0m22:14:16
[2026-06-10T22:14:16.616+0000] {subprocess.py:93} INFO - [0m22:14:16  Done. PASS=3 WARN=0 ERROR=0 SKIP=0 TOTAL=3
[2026-06-10T22:14:21.279+0000] {subprocess.py:93} INFO - dbt done
[2026-06-10T22:14:21.294+0000] {subprocess.py:97} INFO - Command exited with return code 0
[2026-06-10T22:14:21.381+0000] {taskinstance.py:1138} INFO - Marking task as SUCCESS. dag_id=price_intelligence_pipeline, task_id=dbt_run, execution_date=20260610T120000, start_date=20260610T221328, end_date=20260610T221421
[2026-06-10T22:14:21.436+0000] {local_task_job_runner.py:234} INFO - Task exited with return code 0
[2026-06-10T22:14:21.504+0000] {taskinstance.py:3280} INFO - 1 downstream tasks scheduled from follow-on schedule check
