[2026-06-11T11:47:40.958+0000] {taskinstance.py:1956} INFO - Dependencies all met for dep_context=non-requeueable deps ti=<TaskInstance: price_intelligence_pipeline.dbt_run scheduled__2026-06-11T00:00:00+00:00 [queued]>
[2026-06-11T11:47:40.979+0000] {taskinstance.py:1956} INFO - Dependencies all met for dep_context=requeueable deps ti=<TaskInstance: price_intelligence_pipeline.dbt_run scheduled__2026-06-11T00:00:00+00:00 [queued]>
[2026-06-11T11:47:40.980+0000] {taskinstance.py:2170} INFO - Starting attempt 1 of 2
[2026-06-11T11:47:41.008+0000] {taskinstance.py:2191} INFO - Executing <Task(BashOperator): dbt_run> on 2026-06-11 00:00:00+00:00
[2026-06-11T11:47:41.016+0000] {standard_task_runner.py:60} INFO - Started process 7175 to run task
[2026-06-11T11:47:41.025+0000] {standard_task_runner.py:87} INFO - Running: ['***', 'tasks', 'run', 'price_intelligence_pipeline', 'dbt_run', 'scheduled__2026-06-11T00:00:00+00:00', '--job-id', '1984', '--raw', '--subdir', 'DAGS_FOLDER/price_intelligence_dag.py', '--cfg-path', '/tmp/tmpw8ng_vx0']
[2026-06-11T11:47:41.031+0000] {standard_task_runner.py:88} INFO - Job 1984: Subtask dbt_run
[2026-06-11T11:47:41.175+0000] {task_command.py:423} INFO - Running <TaskInstance: price_intelligence_pipeline.dbt_run scheduled__2026-06-11T00:00:00+00:00 [running]> on host 91e0d3a0a233
[2026-06-11T11:47:41.377+0000] {taskinstance.py:2480} INFO - Exporting env vars: AIRFLOW_CTX_DAG_OWNER='***' AIRFLOW_CTX_DAG_ID='price_intelligence_pipeline' AIRFLOW_CTX_TASK_ID='dbt_run' AIRFLOW_CTX_EXECUTION_DATE='2026-06-11T00:00:00+00:00' AIRFLOW_CTX_TRY_NUMBER='1' AIRFLOW_CTX_DAG_RUN_ID='scheduled__2026-06-11T00:00:00+00:00'
[2026-06-11T11:47:41.380+0000] {subprocess.py:63} INFO - Tmp dir root location: /tmp
[2026-06-11T11:47:41.385+0000] {subprocess.py:75} INFO - Running command: ['/usr/bin/bash', '-c', '\n            set -e\n            cd /opt/***/dbt\n            export GOOGLE_APPLICATION_CREDENTIALS=/opt/***/gcp-credentials-new.json\n            /home/***/.local/bin/dbt run --full-refresh --profiles-dir . --project-dir .\n            echo dbt done\n        ']
[2026-06-11T11:47:41.404+0000] {subprocess.py:86} INFO - Output:
[2026-06-11T11:47:45.684+0000] {subprocess.py:93} INFO - [0m11:47:45  Running with dbt=1.8.7
[2026-06-11T11:47:48.538+0000] {subprocess.py:93} INFO - [0m11:47:48  Registered adapter: bigquery=1.8.3
[2026-06-11T11:47:50.800+0000] {subprocess.py:93} INFO - [0m11:47:50  Found 3 models, 1 seed, 7 data tests, 1 source, 479 macros
[2026-06-11T11:47:50.808+0000] {subprocess.py:93} INFO - [0m11:47:50
[2026-06-11T11:48:01.698+0000] {subprocess.py:93} INFO - [0m11:48:01  Concurrency: 4 threads (target='dev')
[2026-06-11T11:48:01.700+0000] {subprocess.py:93} INFO - [0m11:48:01
[2026-06-11T11:48:01.718+0000] {subprocess.py:93} INFO - [0m11:48:01  1 of 3 START sql view model price_intelligence_dbt.stg_prices .................. [RUN]
[2026-06-11T11:48:04.810+0000] {subprocess.py:93} INFO - [0m11:48:04  1 of 3 OK created sql view model price_intelligence_dbt.stg_prices ............. [[32mCREATE VIEW (0 processed)[0m in 3.09s]
[2026-06-11T11:48:04.816+0000] {subprocess.py:93} INFO - [0m11:48:04  2 of 3 START sql table model price_intelligence_dbt.prices_cleaned ............. [RUN]
[2026-06-11T11:48:10.139+0000] {subprocess.py:93} INFO - [0m11:48:10  2 of 3 OK created sql table model price_intelligence_dbt.prices_cleaned ........ [[32mCREATE TABLE (10.5k rows, 4.2 MiB processed)[0m in 5.32s]
[2026-06-11T11:48:10.148+0000] {subprocess.py:93} INFO - [0m11:48:10  3 of 3 START sql table model price_intelligence_dbt.prices_aggregated .......... [RUN]
[2026-06-11T11:48:15.022+0000] {subprocess.py:93} INFO - [0m11:48:15  3 of 3 OK created sql table model price_intelligence_dbt.prices_aggregated ..... [[32mCREATE TABLE (10.0 rows, 475.3 KiB processed)[0m in 4.87s]
[2026-06-11T11:48:15.034+0000] {subprocess.py:93} INFO - [0m11:48:15
[2026-06-11T11:48:15.036+0000] {subprocess.py:93} INFO - [0m11:48:15  Finished running 1 view model, 2 table models in 0 hours 0 minutes and 24.22 seconds (24.22s).
[2026-06-11T11:48:15.161+0000] {subprocess.py:93} INFO - [0m11:48:15
[2026-06-11T11:48:15.162+0000] {subprocess.py:93} INFO - [0m11:48:15  [32mCompleted successfully[0m
[2026-06-11T11:48:15.164+0000] {subprocess.py:93} INFO - [0m11:48:15
[2026-06-11T11:48:15.165+0000] {subprocess.py:93} INFO - [0m11:48:15  Done. PASS=3 WARN=0 ERROR=0 SKIP=0 TOTAL=3
[2026-06-11T11:48:19.798+0000] {subprocess.py:93} INFO - dbt done
[2026-06-11T11:48:19.807+0000] {subprocess.py:97} INFO - Command exited with return code 0
[2026-06-11T11:48:19.881+0000] {taskinstance.py:1138} INFO - Marking task as SUCCESS. dag_id=price_intelligence_pipeline, task_id=dbt_run, execution_date=20260611T000000, start_date=20260611T114740, end_date=20260611T114819
[2026-06-11T11:48:19.937+0000] {local_task_job_runner.py:234} INFO - Task exited with return code 0
[2026-06-11T11:48:19.999+0000] {taskinstance.py:3280} INFO - 1 downstream tasks scheduled from follow-on schedule check
