[2026-06-11T12:04:37.319+0000] {taskinstance.py:1956} INFO - Dependencies all met for dep_context=non-requeueable deps ti=<TaskInstance: price_intelligence_pipeline.dbt_run scheduled__2026-06-11T06:00:00+00:00 [queued]>
[2026-06-11T12:04:37.387+0000] {taskinstance.py:1956} INFO - Dependencies all met for dep_context=requeueable deps ti=<TaskInstance: price_intelligence_pipeline.dbt_run scheduled__2026-06-11T06:00:00+00:00 [queued]>
[2026-06-11T12:04:37.391+0000] {taskinstance.py:2170} INFO - Starting attempt 1 of 2
[2026-06-11T12:04:37.443+0000] {taskinstance.py:2191} INFO - Executing <Task(BashOperator): dbt_run> on 2026-06-11 06:00:00+00:00
[2026-06-11T12:04:37.460+0000] {standard_task_runner.py:60} INFO - Started process 7634 to run task
[2026-06-11T12:04:37.468+0000] {standard_task_runner.py:87} INFO - Running: ['***', 'tasks', 'run', 'price_intelligence_pipeline', 'dbt_run', 'scheduled__2026-06-11T06:00:00+00:00', '--job-id', '1993', '--raw', '--subdir', 'DAGS_FOLDER/price_intelligence_dag.py', '--cfg-path', '/tmp/tmpjtdaaqre']
[2026-06-11T12:04:37.473+0000] {standard_task_runner.py:88} INFO - Job 1993: Subtask dbt_run
[2026-06-11T12:04:37.702+0000] {task_command.py:423} INFO - Running <TaskInstance: price_intelligence_pipeline.dbt_run scheduled__2026-06-11T06:00:00+00:00 [running]> on host 91e0d3a0a233
[2026-06-11T12:04:38.053+0000] {taskinstance.py:2480} INFO - Exporting env vars: AIRFLOW_CTX_DAG_OWNER='***' AIRFLOW_CTX_DAG_ID='price_intelligence_pipeline' AIRFLOW_CTX_TASK_ID='dbt_run' AIRFLOW_CTX_EXECUTION_DATE='2026-06-11T06:00:00+00:00' AIRFLOW_CTX_TRY_NUMBER='1' AIRFLOW_CTX_DAG_RUN_ID='scheduled__2026-06-11T06:00:00+00:00'
[2026-06-11T12:04:38.060+0000] {subprocess.py:63} INFO - Tmp dir root location: /tmp
[2026-06-11T12:04:38.065+0000] {subprocess.py:75} INFO - Running command: ['/usr/bin/bash', '-c', '\n            set -e\n            cd /opt/***/dbt\n            export GOOGLE_APPLICATION_CREDENTIALS=/opt/***/gcp-credentials-new.json\n            /home/***/.local/bin/dbt run --full-refresh --profiles-dir . --project-dir .\n            echo dbt done\n        ']
[2026-06-11T12:04:38.090+0000] {subprocess.py:86} INFO - Output:
[2026-06-11T12:04:42.314+0000] {subprocess.py:93} INFO - [0m12:04:42  Running with dbt=1.8.7
[2026-06-11T12:04:47.268+0000] {subprocess.py:93} INFO - [0m12:04:47  Registered adapter: bigquery=1.8.3
[2026-06-11T12:04:50.213+0000] {subprocess.py:93} INFO - [0m12:04:50  Found 3 models, 1 seed, 7 data tests, 1 source, 479 macros
[2026-06-11T12:04:50.219+0000] {subprocess.py:93} INFO - [0m12:04:50
[2026-06-11T12:04:53.305+0000] {subprocess.py:93} INFO - [0m12:04:53  Concurrency: 4 threads (target='dev')
[2026-06-11T12:04:53.307+0000] {subprocess.py:93} INFO - [0m12:04:53
[2026-06-11T12:04:53.335+0000] {subprocess.py:93} INFO - [0m12:04:53  1 of 3 START sql view model price_intelligence_dbt.stg_prices .................. [RUN]
[2026-06-11T12:04:56.365+0000] {subprocess.py:93} INFO - [0m12:04:56  1 of 3 OK created sql view model price_intelligence_dbt.stg_prices ............. [[32mCREATE VIEW (0 processed)[0m in 3.02s]
[2026-06-11T12:04:56.371+0000] {subprocess.py:93} INFO - [0m12:04:56  2 of 3 START sql table model price_intelligence_dbt.prices_cleaned ............. [RUN]
[2026-06-11T12:05:00.767+0000] {subprocess.py:93} INFO - [0m12:05:00  2 of 3 OK created sql table model price_intelligence_dbt.prices_cleaned ........ [[32mCREATE TABLE (10.5k rows, 4.2 MiB processed)[0m in 4.39s]
[2026-06-11T12:05:00.788+0000] {subprocess.py:93} INFO - [0m12:05:00  3 of 3 START sql table model price_intelligence_dbt.prices_aggregated .......... [RUN]
[2026-06-11T12:05:05.875+0000] {subprocess.py:93} INFO - [0m12:05:05  3 of 3 OK created sql table model price_intelligence_dbt.prices_aggregated ..... [[32mCREATE TABLE (10.0 rows, 475.3 KiB processed)[0m in 5.08s]
[2026-06-11T12:05:05.909+0000] {subprocess.py:93} INFO - [0m12:05:05
[2026-06-11T12:05:05.913+0000] {subprocess.py:93} INFO - [0m12:05:05  Finished running 1 view model, 2 table models in 0 hours 0 minutes and 15.69 seconds (15.69s).
[2026-06-11T12:05:06.256+0000] {subprocess.py:93} INFO - [0m12:05:06
[2026-06-11T12:05:06.260+0000] {subprocess.py:93} INFO - [0m12:05:06  [32mCompleted successfully[0m
[2026-06-11T12:05:06.265+0000] {subprocess.py:93} INFO - [0m12:05:06
[2026-06-11T12:05:06.269+0000] {subprocess.py:93} INFO - [0m12:05:06  Done. PASS=3 WARN=0 ERROR=0 SKIP=0 TOTAL=3
[2026-06-11T12:05:10.954+0000] {subprocess.py:93} INFO - dbt done
[2026-06-11T12:05:10.966+0000] {subprocess.py:97} INFO - Command exited with return code 0
[2026-06-11T12:05:11.048+0000] {taskinstance.py:1138} INFO - Marking task as SUCCESS. dag_id=price_intelligence_pipeline, task_id=dbt_run, execution_date=20260611T060000, start_date=20260611T120437, end_date=20260611T120511
[2026-06-11T12:05:11.091+0000] {local_task_job_runner.py:234} INFO - Task exited with return code 0
[2026-06-11T12:05:11.153+0000] {taskinstance.py:3280} INFO - 1 downstream tasks scheduled from follow-on schedule check
