[2026-05-05T21:49:58.292+0000] {taskinstance.py:1956} INFO - Dependencies all met for dep_context=non-requeueable deps ti=<TaskInstance: price_intelligence_pipeline.scrape_electroplanet manual__2026-05-05T21:21:43.597100+00:00 [queued]>
[2026-05-05T21:49:58.335+0000] {taskinstance.py:1956} INFO - Dependencies all met for dep_context=requeueable deps ti=<TaskInstance: price_intelligence_pipeline.scrape_electroplanet manual__2026-05-05T21:21:43.597100+00:00 [queued]>
[2026-05-05T21:49:58.337+0000] {taskinstance.py:2170} INFO - Starting attempt 1 of 2
[2026-05-05T21:49:58.420+0000] {taskinstance.py:2191} INFO - Executing <Task(BashOperator): scrape_electroplanet> on 2026-05-05 21:21:43.597100+00:00
[2026-05-05T21:49:58.447+0000] {standard_task_runner.py:60} INFO - Started process 7294 to run task
[2026-05-05T21:49:58.462+0000] {standard_task_runner.py:87} INFO - Running: ['***', 'tasks', 'run', 'price_intelligence_pipeline', 'scrape_electroplanet', 'manual__2026-05-05T21:21:43.597100+00:00', '--job-id', '408', '--raw', '--subdir', 'DAGS_FOLDER/price_intelligence_dag.py', '--cfg-path', '/tmp/tmp03fyt5q_']
[2026-05-05T21:49:58.487+0000] {standard_task_runner.py:88} INFO - Job 408: Subtask scrape_electroplanet
[2026-05-05T21:49:58.778+0000] {task_command.py:423} INFO - Running <TaskInstance: price_intelligence_pipeline.scrape_electroplanet manual__2026-05-05T21:21:43.597100+00:00 [running]> on host 25ef6dfa8bdc
[2026-05-05T21:49:59.152+0000] {taskinstance.py:2480} INFO - Exporting env vars: AIRFLOW_CTX_DAG_OWNER='***' AIRFLOW_CTX_DAG_ID='price_intelligence_pipeline' AIRFLOW_CTX_TASK_ID='scrape_electroplanet' AIRFLOW_CTX_EXECUTION_DATE='2026-05-05T21:21:43.597100+00:00' AIRFLOW_CTX_TRY_NUMBER='1' AIRFLOW_CTX_DAG_RUN_ID='manual__2026-05-05T21:21:43.597100+00:00'
[2026-05-05T21:49:59.156+0000] {subprocess.py:63} INFO - Tmp dir root location: /tmp
[2026-05-05T21:49:59.159+0000] {subprocess.py:75} INFO - Running command: ['/usr/bin/bash', '-c', '\n            cd /opt/***\n            mkdir -p data/raw\n            export DISPLAY=:99\n            python3 scrapers/spiders/electroplanet_ma.py || echo "Electroplanet done with warnings"\n        ']
[2026-05-05T21:49:59.214+0000] {subprocess.py:86} INFO - Output:
[2026-05-05T21:50:26.585+0000] {subprocess.py:93} INFO - 
[2026-05-05T21:50:26.588+0000] {subprocess.py:93} INFO - [Electroplanet] Scraping : smartphones
[2026-05-05T21:50:26.594+0000] {subprocess.py:93} INFO - Traceback (most recent call last):
[2026-05-05T21:50:26.596+0000] {subprocess.py:93} INFO -   File "scrapers/spiders/electroplanet_ma.py", line 162, in <module>
[2026-05-05T21:50:26.597+0000] {subprocess.py:93} INFO -     scrape_electroplanet()
[2026-05-05T21:50:26.598+0000] {subprocess.py:93} INFO -   File "scrapers/spiders/electroplanet_ma.py", line 73, in scrape_electroplanet
[2026-05-05T21:50:26.602+0000] {subprocess.py:93} INFO -     driver = get_driver()
[2026-05-05T21:50:26.604+0000] {subprocess.py:93} INFO -   File "scrapers/spiders/electroplanet_ma.py", line 63, in get_driver
[2026-05-05T21:50:26.605+0000] {subprocess.py:93} INFO -     return webdriver.Chrome(service=Service(ChromeDriverManager().install()), options=opts)
[2026-05-05T21:50:26.608+0000] {subprocess.py:93} INFO -   File "/home/***/.local/lib/python3.8/site-packages/selenium/webdriver/chrome/webdriver.py", line 45, in __init__
[2026-05-05T21:50:26.610+0000] {subprocess.py:93} INFO -     super().__init__(
[2026-05-05T21:50:26.611+0000] {subprocess.py:93} INFO -   File "/home/***/.local/lib/python3.8/site-packages/selenium/webdriver/chromium/webdriver.py", line 66, in __init__
[2026-05-05T21:50:26.613+0000] {subprocess.py:93} INFO -     super().__init__(command_executor=executor, options=options)
[2026-05-05T21:50:26.614+0000] {subprocess.py:93} INFO -   File "/home/***/.local/lib/python3.8/site-packages/selenium/webdriver/remote/webdriver.py", line 241, in __init__
[2026-05-05T21:50:26.617+0000] {subprocess.py:93} INFO -     self.start_session(capabilities)
[2026-05-05T21:50:26.620+0000] {subprocess.py:93} INFO -   File "/home/***/.local/lib/python3.8/site-packages/selenium/webdriver/remote/webdriver.py", line 329, in start_session
[2026-05-05T21:50:26.630+0000] {subprocess.py:93} INFO -     response = self.execute(Command.NEW_SESSION, caps)["value"]
[2026-05-05T21:50:26.631+0000] {subprocess.py:93} INFO -   File "/home/***/.local/lib/python3.8/site-packages/selenium/webdriver/remote/webdriver.py", line 384, in execute
[2026-05-05T21:50:26.634+0000] {subprocess.py:93} INFO -     self.error_handler.check_response(response)
[2026-05-05T21:50:26.641+0000] {subprocess.py:93} INFO -   File "/home/***/.local/lib/python3.8/site-packages/selenium/webdriver/remote/errorhandler.py", line 232, in check_response
[2026-05-05T21:50:26.643+0000] {subprocess.py:93} INFO -     raise exception_class(message, screen, stacktrace)
[2026-05-05T21:50:26.668+0000] {subprocess.py:93} INFO - selenium.common.exceptions.SessionNotCreatedException: Message: session not created: This version of ChromeDriver only supports Chrome version 114
[2026-05-05T21:50:26.671+0000] {subprocess.py:93} INFO - Current browser version is 147.0.7727.137 with binary path /usr/bin/chromium
[2026-05-05T21:50:26.674+0000] {subprocess.py:93} INFO - Stacktrace:
[2026-05-05T21:50:26.684+0000] {subprocess.py:93} INFO - #0 0x5bf0afa3a4e3 <unknown>
[2026-05-05T21:50:26.690+0000] {subprocess.py:93} INFO - #1 0x5bf0af769c76 <unknown>
[2026-05-05T21:50:26.694+0000] {subprocess.py:93} INFO - #2 0x5bf0af79704a <unknown>
[2026-05-05T21:50:26.695+0000] {subprocess.py:93} INFO - #3 0x5bf0af7924a1 <unknown>
[2026-05-05T21:50:26.697+0000] {subprocess.py:93} INFO - #4 0x5bf0af78f029 <unknown>
[2026-05-05T21:50:26.703+0000] {subprocess.py:93} INFO - #5 0x5bf0af7cdccc <unknown>
[2026-05-05T21:50:26.705+0000] {subprocess.py:93} INFO - #6 0x5bf0af7cd47f <unknown>
[2026-05-05T21:50:26.706+0000] {subprocess.py:93} INFO - #7 0x5bf0af7c4de3 <unknown>
[2026-05-05T21:50:26.707+0000] {subprocess.py:93} INFO - #8 0x5bf0af79a2dd <unknown>
[2026-05-05T21:50:26.709+0000] {subprocess.py:93} INFO - #9 0x5bf0af79b34e <unknown>
[2026-05-05T21:50:26.712+0000] {subprocess.py:93} INFO - #10 0x5bf0af9fa3e4 <unknown>
[2026-05-05T21:50:26.713+0000] {subprocess.py:93} INFO - #11 0x5bf0af9fe3d7 <unknown>
[2026-05-05T21:50:26.715+0000] {subprocess.py:93} INFO - #12 0x5bf0afa08b20 <unknown>
[2026-05-05T21:50:26.718+0000] {subprocess.py:93} INFO - #13 0x5bf0af9ff023 <unknown>
[2026-05-05T21:50:26.722+0000] {subprocess.py:93} INFO - #14 0x5bf0af9cd1aa <unknown>
[2026-05-05T21:50:26.726+0000] {subprocess.py:93} INFO - #15 0x5bf0afa236b8 <unknown>
[2026-05-05T21:50:26.727+0000] {subprocess.py:93} INFO - #16 0x5bf0afa23847 <unknown>
[2026-05-05T21:50:26.731+0000] {subprocess.py:93} INFO - #17 0x5bf0afa33243 <unknown>
[2026-05-05T21:50:26.733+0000] {subprocess.py:93} INFO - #18 0x7dcccfacc134 <unknown>
[2026-05-05T21:50:26.736+0000] {subprocess.py:93} INFO - 
[2026-05-05T21:50:26.770+0000] {subprocess.py:93} INFO - Electroplanet done with warnings
[2026-05-05T21:50:26.774+0000] {subprocess.py:97} INFO - Command exited with return code 0
[2026-05-05T21:50:26.919+0000] {taskinstance.py:1138} INFO - Marking task as SUCCESS. dag_id=price_intelligence_pipeline, task_id=scrape_electroplanet, execution_date=20260505T212143, start_date=20260505T214958, end_date=20260505T215026
[2026-05-05T21:50:27.126+0000] {local_task_job_runner.py:234} INFO - Task exited with return code 0
[2026-05-05T21:50:27.355+0000] {taskinstance.py:3280} INFO - 0 downstream tasks scheduled from follow-on schedule check
