[2026-05-22T14:01:41.894+0000] {taskinstance.py:1956} INFO - Dependencies all met for dep_context=non-requeueable deps ti=<TaskInstance: price_intelligence_pipeline.dbt_run scheduled__2026-05-22T13:00:00+00:00 [queued]>
[2026-05-22T14:01:41.912+0000] {taskinstance.py:1956} INFO - Dependencies all met for dep_context=requeueable deps ti=<TaskInstance: price_intelligence_pipeline.dbt_run scheduled__2026-05-22T13:00:00+00:00 [queued]>
[2026-05-22T14:01:41.914+0000] {taskinstance.py:2170} INFO - Starting attempt 1 of 2
[2026-05-22T14:01:41.939+0000] {taskinstance.py:2191} INFO - Executing <Task(BashOperator): dbt_run> on 2026-05-22 13:00:00+00:00
[2026-05-22T14:01:41.949+0000] {standard_task_runner.py:60} INFO - Started process 78601 to run task
[2026-05-22T14:01:41.956+0000] {standard_task_runner.py:87} INFO - Running: ['***', 'tasks', 'run', 'price_intelligence_pipeline', 'dbt_run', 'scheduled__2026-05-22T13:00:00+00:00', '--job-id', '1733', '--raw', '--subdir', 'DAGS_FOLDER/price_intelligence_dag.py', '--cfg-path', '/tmp/tmpr41osouj']
[2026-05-22T14:01:41.960+0000] {standard_task_runner.py:88} INFO - Job 1733: Subtask dbt_run
[2026-05-22T14:01:42.112+0000] {task_command.py:423} INFO - Running <TaskInstance: price_intelligence_pipeline.dbt_run scheduled__2026-05-22T13:00:00+00:00 [running]> on host 91e0d3a0a233
[2026-05-22T14:01:42.431+0000] {taskinstance.py:2480} INFO - Exporting env vars: AIRFLOW_CTX_DAG_OWNER='***' AIRFLOW_CTX_DAG_ID='price_intelligence_pipeline' AIRFLOW_CTX_TASK_ID='dbt_run' AIRFLOW_CTX_EXECUTION_DATE='2026-05-22T13:00:00+00:00' AIRFLOW_CTX_TRY_NUMBER='1' AIRFLOW_CTX_DAG_RUN_ID='scheduled__2026-05-22T13:00:00+00:00'
[2026-05-22T14:01:42.438+0000] {subprocess.py:63} INFO - Tmp dir root location: /tmp
[2026-05-22T14:01:42.442+0000] {subprocess.py:75} INFO - Running command: ['/usr/bin/bash', '-c', '\n            set -e\n            cd /opt/***/dbt\n            export GOOGLE_APPLICATION_CREDENTIALS=/opt/***/gcp-credentials-new.json\n            /home/***/.local/bin/dbt run --full-refresh --profiles-dir . --project-dir .\n            echo dbt done\n        ']
[2026-05-22T14:01:42.467+0000] {subprocess.py:86} INFO - Output:
[2026-05-22T14:01:47.127+0000] {subprocess.py:93} INFO - [0m14:01:47  Running with dbt=1.8.7
[2026-05-22T14:01:50.084+0000] {subprocess.py:93} INFO - [0m14:01:50  Registered adapter: bigquery=1.8.3
[2026-05-22T14:01:51.712+0000] {subprocess.py:93} INFO - [0m14:01:51  Found 3 models, 1 seed, 7 data tests, 1 source, 479 macros
[2026-05-22T14:01:51.717+0000] {subprocess.py:93} INFO - [0m14:01:51
[2026-05-22T14:01:54.299+0000] {subprocess.py:93} INFO - [0m14:01:54  Concurrency: 4 threads (target='dev')
[2026-05-22T14:01:54.301+0000] {subprocess.py:93} INFO - [0m14:01:54
[2026-05-22T14:01:54.327+0000] {subprocess.py:93} INFO - [0m14:01:54  1 of 3 START sql view model price_intelligence_dbt.stg_prices .................. [RUN]
[2026-05-22T14:01:56.306+0000] {subprocess.py:93} INFO - [0m14:01:56  1 of 3 OK created sql view model price_intelligence_dbt.stg_prices ............. [[32mCREATE VIEW (0 processed)[0m in 1.97s]
[2026-05-22T14:01:56.313+0000] {subprocess.py:93} INFO - [0m14:01:56  2 of 3 START sql table model price_intelligence_dbt.prices_cleaned ............. [RUN]
[2026-05-22T14:02:00.464+0000] {subprocess.py:93} INFO - [0m14:02:00  2 of 3 OK created sql table model price_intelligence_dbt.prices_cleaned ........ [[32mCREATE TABLE (5.0k rows, 2.6 MiB processed)[0m in 4.15s]
[2026-05-22T14:02:00.471+0000] {subprocess.py:93} INFO - [0m14:02:00  3 of 3 START sql table model price_intelligence_dbt.prices_aggregated .......... [RUN]
[2026-05-22T14:02:04.588+0000] {subprocess.py:93} INFO - [0m14:02:04  3 of 3 OK created sql table model price_intelligence_dbt.prices_aggregated ..... [[32mCREATE TABLE (11.0 rows, 231.8 KiB processed)[0m in 4.11s]
[2026-05-22T14:02:04.596+0000] {subprocess.py:93} INFO - [0m14:02:04
[2026-05-22T14:02:04.597+0000] {subprocess.py:93} INFO - [0m14:02:04  Finished running 1 view model, 2 table models in 0 hours 0 minutes and 12.88 seconds (12.88s).
[2026-05-22T14:02:04.698+0000] {subprocess.py:93} INFO - [0m14:02:04
[2026-05-22T14:02:04.700+0000] {subprocess.py:93} INFO - [0m14:02:04  [32mCompleted successfully[0m
[2026-05-22T14:02:04.701+0000] {subprocess.py:93} INFO - [0m14:02:04
[2026-05-22T14:02:04.702+0000] {subprocess.py:93} INFO - [0m14:02:04  Done. PASS=3 WARN=0 ERROR=0 SKIP=0 TOTAL=3
[2026-05-22T14:02:09.473+0000] {subprocess.py:93} INFO - dbt done
[2026-05-22T14:02:09.482+0000] {subprocess.py:97} INFO - Command exited with return code 0
[2026-05-22T14:02:09.549+0000] {taskinstance.py:1138} INFO - Marking task as SUCCESS. dag_id=price_intelligence_pipeline, task_id=dbt_run, execution_date=20260522T130000, start_date=20260522T140141, end_date=20260522T140209
[2026-05-22T14:02:09.589+0000] {local_task_job_runner.py:234} INFO - Task exited with return code 0
[2026-05-22T14:02:09.654+0000] {taskinstance.py:3280} INFO - 1 downstream tasks scheduled from follow-on schedule check
